#
# There is insufficient memory for the Java Runtime Environment to continue.
# Native memory allocation (mmap) failed to map 65536 bytes for Failed to commit metaspace.
# Possible reasons:
#   The system is out of physical RAM or swap space
#   The process is running with CompressedOops enabled, and the Java Heap may be blocking the growth of the native heap
# Possible solutions:
#   Reduce memory load on the system
#   Increase physical memory or swap space
#   Check if swap backing store is full
#   Decrease Java heap size (-Xmx/-Xms)
#   Decrease number of Java threads
#   Decrease Java thread stack sizes (-Xss)
#   Set larger code cache with -XX:ReservedCodeCacheSize=
#   JVM is running with Unscaled Compressed Oops mode in which the Java heap is
#     placed in the first 4GB address space. The Java Heap base address is the
#     maximum limit for the native heap growth. Please use -XX:HeapBaseMinAddress
#     to set the Java Heap base and to place the Java Heap above 4GB virtual address.
# This output file may be truncated or incomplete.
#
#  Out of Memory Error (virtualSpaceNode.cpp:110), pid=11896, tid=9000
#
# JRE version: OpenJDK Runtime Environment Temurin-17.0.7+7 (17.0.7+7) (build 17.0.7+7)
# Java VM: OpenJDK 64-Bit Server VM Temurin-17.0.7+7 (17.0.7+7, mixed mode, tiered, compressed oops, compressed class ptrs, parallel gc, windows-amd64)
# No core dump will be written. Minidumps are not enabled by default on client versions of Windows
#

---------------  S U M M A R Y ------------

Command Line: --add-modules=ALL-SYSTEM --add-opens=java.base/java.util=ALL-UNNAMED --add-opens=java.base/java.lang=ALL-UNNAMED --add-opens=java.base/sun.nio.fs=ALL-UNNAMED -Declipse.application=org.eclipse.jdt.ls.core.id1 -Dosgi.bundles.defaultStartLevel=4 -Declipse.product=org.eclipse.jdt.ls.core.product -Djava.import.generatesMetadataFilesAtProjectRoot=false -Dfile.encoding=utf8 -XX:+UseParallelGC -XX:GCTimeRatio=4 -XX:AdaptiveSizePolicyWeight=90 -Dsun.zip.disableMemoryMapping=true -Xmx1G -Xms100m -Xlog:disable -javaagent:c:\Users\songe\.vscode\extensions\redhat.java-1.20.0-win32-x64\lombok\lombok-1.18.28.jar c:\Users\songe\.vscode\extensions\redhat.java-1.20.0-win32-x64\server\plugins\org.eclipse.equinox.launcher_1.6.500.v20230622-2056.jar -configuration c:\Users\songe\AppData\Roaming\Code\User\globalStorage\redhat.java\1.20.0\config_ss_win -data c:\Users\songe\AppData\Roaming\Code\User\workspaceStorage\9f40217e6cf427738d6bf507528233cf\redhat.java\ss_ws

Host: Intel(R) Core(TM) i7-7500U CPU @ 2.70GHz, 4 cores, 7G,  Windows 10 , 64 bit Build 19041 (10.0.19041.3155)
Time: Tue Jul 18 20:50:11 2023 South Africa Standard Time elapsed time: 2.548600 seconds (0d 0h 0m 2s)

---------------  T H R E A D  ---------------

Current thread (0x000001ed90c36b80):  JavaThread "main" [_thread_in_vm, id=9000, stack(0x0000000df6500000,0x0000000df6600000)]

Stack: [0x0000000df6500000,0x0000000df6600000]
Native frames: (J=compiled Java code, j=interpreted, Vv=VM code, C=native code)
V  [jvm.dll+0x67754a]
V  [jvm.dll+0x834304]
V  [jvm.dll+0x835aae]
V  [jvm.dll+0x836113]
V  [jvm.dll+0x24696f]
V  [jvm.dll+0x83039b]
V  [jvm.dll+0x61c006]
V  [jvm.dll+0x1c169e]
V  [jvm.dll+0x61e961]
V  [jvm.dll+0x61c9a6]
V  [jvm.dll+0x23c350]
V  [jvm.dll+0x1ebe5d]
V  [jvm.dll+0x1e1891]
V  [jvm.dll+0x53ea50]
V  [jvm.dll+0x7afc28]
V  [jvm.dll+0x7afd14]
V  [jvm.dll+0x40de05]
V  [jvm.dll+0x413f58]
C  [java.dll+0x17ec]

Java frames: (J=compiled Java code, j=interpreted, Vv=VM code)
J 1037  java.lang.ClassLoader.defineClass1(Ljava/lang/ClassLoader;Ljava/lang/String;[BIILjava/security/ProtectionDomain;Ljava/lang/String;)Ljava/lang/Class; java.base@17.0.7 (0 bytes) @ 0x000001ed9b3f57db [0x000001ed9b3f5720+0x00000000000000bb]
J 1041 c1 java.lang.ClassLoader.defineClass(Ljava/lang/String;[BIILjava/security/ProtectionDomain;)Ljava/lang/Class; java.base@17.0.7 (43 bytes) @ 0x000001ed93a8c0c4 [0x000001ed93a8bd80+0x0000000000000344]
j  java.security.SecureClassLoader.defineClass(Ljava/lang/String;[BIILjava/security/CodeSource;)Ljava/lang/Class;+12 java.base@17.0.7
j  java.net.URLClassLoader.defineClass(Ljava/lang/String;Ljdk/internal/loader/Resource;)Ljava/lang/Class;+221 java.base@17.0.7
j  java.net.URLClassLoader$1.run()Ljava/lang/Class;+43 java.base@17.0.7
j  java.net.URLClassLoader$1.run()Ljava/lang/Object;+1 java.base@17.0.7
j  java.security.AccessController.executePrivileged(Ljava/security/PrivilegedExceptionAction;Ljava/security/AccessControlContext;Ljava/lang/Class;)Ljava/lang/Object;+29 java.base@17.0.7
j  java.security.AccessController.doPrivileged(Ljava/security/PrivilegedExceptionAction;Ljava/security/AccessControlContext;)Ljava/lang/Object;+13 java.base@17.0.7
j  java.net.URLClassLoader.findClass(Ljava/lang/String;)Ljava/lang/Class;+13 java.base@17.0.7
J 877 c1 java.lang.ClassLoader.loadClass(Ljava/lang/String;Z)Ljava/lang/Class; java.base@17.0.7 (121 bytes) @ 0x000001ed93a398dc [0x000001ed93a39340+0x000000000000059c]
J 784 c1 java.lang.ClassLoader.loadClass(Ljava/lang/String;)Ljava/lang/Class; java.base@17.0.7 (7 bytes) @ 0x000001ed93a07d3c [0x000001ed93a07c40+0x00000000000000fc]
v  ~StubRoutines::call_stub
j  org.eclipse.osgi.internal.container.Capabilities.addCapabilities(Lorg/eclipse/osgi/container/ModuleRevision;)Ljava/util/Collection;+51
j  org.eclipse.osgi.container.ModuleDatabase.addCapabilities(Lorg/eclipse/osgi/container/ModuleRevision;)V+9
j  org.eclipse.osgi.container.ModuleDatabase.load(Ljava/lang/String;Lorg/eclipse/osgi/container/ModuleRevisionBuilder;Ljava/lang/Object;JLjava/util/EnumSet;I)Lorg/eclipse/osgi/container/Module;+190
j  org.eclipse.osgi.container.ModuleDatabase$Persistence.readModule(Lorg/eclipse/osgi/container/ModuleRevisionBuilder;Lorg/eclipse/osgi/container/ModuleDatabase;Ljava/io/DataInputStream;Ljava/util/List;I)V+224
j  org.eclipse.osgi.container.ModuleDatabase$Persistence.load(Lorg/eclipse/osgi/container/ModuleDatabase;Ljava/io/DataInputStream;)V+211
j  org.eclipse.osgi.container.ModuleDatabase.load(Ljava/io/DataInputStream;)V+32
j  org.eclipse.osgi.storage.Storage.<init>(Lorg/eclipse/osgi/internal/framework/EquinoxContainer;[Ljava/lang/String;)V+719
j  org.eclipse.osgi.storage.Storage.createStorage(Lorg/eclipse/osgi/internal/framework/EquinoxContainer;)Lorg/eclipse/osgi/storage/Storage;+11
j  org.eclipse.osgi.internal.framework.EquinoxContainer.<init>(Ljava/util/Map;Lorg/osgi/framework/connect/ModuleConnector;)V+145
j  org.eclipse.osgi.launch.Equinox.<init>(Ljava/util/Map;Lorg/osgi/framework/connect/ModuleConnector;)V+10
j  org.eclipse.osgi.launch.Equinox.<init>(Ljava/util/Map;)V+3
j  org.eclipse.core.runtime.adaptor.EclipseStarter.startup([Ljava/lang/String;Ljava/lang/Runnable;)Lorg/osgi/framework/BundleContext;+28
j  org.eclipse.core.runtime.adaptor.EclipseStarter.run([Ljava/lang/String;Ljava/lang/Runnable;)Ljava/lang/Object;+21
v  ~StubRoutines::call_stub
j  jdk.internal.reflect.NativeMethodAccessorImpl.invoke0(Ljava/lang/reflect/Method;Ljava/lang/Object;[Ljava/lang/Object;)Ljava/lang/Object;+0 java.base@17.0.7
j  jdk.internal.reflect.NativeMethodAccessorImpl.invoke(Ljava/lang/Object;[Ljava/lang/Object;)Ljava/lang/Object;+133 java.base@17.0.7
j  jdk.internal.reflect.DelegatingMethodAccessorImpl.invoke(Ljava/lang/Object;[Ljava/lang/Object;)Ljava/lang/Object;+6 java.base@17.0.7
j  java.lang.reflect.Method.invoke(Ljava/lang/Object;[Ljava/lang/Object;)Ljava/lang/Object;+59 java.base@17.0.7
j  org.eclipse.equinox.launcher.Main.invokeFramework([Ljava/lang/String;[Ljava/net/URL;)V+201
j  org.eclipse.equinox.launcher.Main.basicRun([Ljava/lang/String;)V+159
j  org.eclipse.equinox.launcher.Main.run([Ljava/lang/String;)I+4
j  org.eclipse.equinox.launcher.Main.main([Ljava/lang/String;)V+10
v  ~StubRoutines::call_stub

---------------  P R O C E S S  ---------------

Threads class SMR info:
_java_thread_list=0x000001edaa7405e0, length=13, elements={
0x000001ed90c36b80, 0x000001eda4a54740, 0x000001eda4a66330, 0x000001eda4a8d270,
0x000001eda4a8e0e0, 0x000001eda4a8ef50, 0x000001eda4a90b10, 0x000001eda4a93800,
0x000001eda4abe9b0, 0x000001eda9d04bf0, 0x000001eda49412f0, 0x000001eda9fcb3e0,
0x000001edaa359b10
}

Java Threads: ( => current thread )
=>0x000001ed90c36b80 JavaThread "main" [_thread_in_vm, id=9000, stack(0x0000000df6500000,0x0000000df6600000)]
  0x000001eda4a54740 JavaThread "Reference Handler" daemon [_thread_blocked, id=13552, stack(0x0000000df6800000,0x0000000df6900000)]
  0x000001eda4a66330 JavaThread "Finalizer" daemon [_thread_blocked, id=13548, stack(0x0000000df6900000,0x0000000df6a00000)]
  0x000001eda4a8d270 JavaThread "Signal Dispatcher" daemon [_thread_blocked, id=17396, stack(0x0000000df6a00000,0x0000000df6b00000)]
  0x000001eda4a8e0e0 JavaThread "Attach Listener" daemon [_thread_blocked, id=17072, stack(0x0000000df6b00000,0x0000000df6c00000)]
  0x000001eda4a8ef50 JavaThread "Service Thread" daemon [_thread_blocked, id=15012, stack(0x0000000df6c00000,0x0000000df6d00000)]
  0x000001eda4a90b10 JavaThread "Monitor Deflation Thread" daemon [_thread_blocked, id=17736, stack(0x0000000df6d00000,0x0000000df6e00000)]
  0x000001eda4a93800 JavaThread "C2 CompilerThread0" daemon [_thread_blocked, id=11496, stack(0x0000000df6e00000,0x0000000df6f00000)]
  0x000001eda4abe9b0 JavaThread "C1 CompilerThread0" daemon [_thread_blocked, id=17808, stack(0x0000000df6f00000,0x0000000df7000000)]
  0x000001eda9d04bf0 JavaThread "Sweeper thread" daemon [_thread_blocked, id=6308, stack(0x0000000df7000000,0x0000000df7100000)]
  0x000001eda49412f0 JavaThread "Common-Cleaner" daemon [_thread_blocked, id=7040, stack(0x0000000df7100000,0x0000000df7200000)]
  0x000001eda9fcb3e0 JavaThread "Notification Thread" daemon [_thread_blocked, id=12316, stack(0x0000000df7200000,0x0000000df7300000)]
  0x000001edaa359b10 JavaThread "C2 CompilerThread1" daemon [_thread_blocked, id=13052, stack(0x0000000df7700000,0x0000000df7800000)]

Other Threads:
  0x000001eda4a3f000 VMThread "VM Thread" [stack: 0x0000000df6700000,0x0000000df6800000] [id=17624]
  0x000001eda9fbc050 WatcherThread [stack: 0x0000000df7300000,0x0000000df7400000] [id=4888]
  0x000001ed90c4c5f0 GCTaskThread "GC Thread#0" [stack: 0x0000000df6600000,0x0000000df6700000] [id=10672]
  0x000001edaa456c00 GCTaskThread "GC Thread#1" [stack: 0x0000000df7400000,0x0000000df7500000] [id=16376]
  0x000001edaa4570c0 GCTaskThread "GC Thread#2" [stack: 0x0000000df7500000,0x0000000df7600000] [id=1672]
  0x000001edaa376580 GCTaskThread "GC Thread#3" [stack: 0x0000000df7600000,0x0000000df7700000] [id=5552]

Threads with active compile tasks:

VM state: not at safepoint (normal execution)

VM Mutex/Monitor currently owned by a thread:  ([mutex/lock_event])
[0x000001ed8eb3d7a0] Metaspace_lock - owner thread: 0x000001ed90c36b80

Heap address: 0x00000000c0000000, size: 1024 MB, Compressed Oops mode: 32-bit

CDS archive(s) not mapped
Compressed class space mapped at: 0x0000000100000000-0x0000000140000000, reserved size: 1073741824
Narrow klass base: 0x0000000000000000, Narrow klass shift: 3, Narrow klass range: 0x140000000

GC Precious Log:
 CPUs: 4 total, 4 available
 Memory: 8089M
 Large Page Support: Disabled
 NUMA Support: Disabled
 Compressed Oops: Enabled (32-bit)
 Alignments: Space 512K, Generation 512K, Heap 2M
 Heap Min Capacity: 100M
 Heap Initial Capacity: 100M
 Heap Max Capacity: 1G
 Pre-touch: Disabled
 Parallel Workers: 4

Heap:
 PSYoungGen      total 29696K, used 10529K [0x00000000eab00000, 0x00000000ecc00000, 0x0000000100000000)
  eden space 25600K, 28% used [0x00000000eab00000,0x00000000eb22e0d8,0x00000000ec400000)
  from space 4096K, 77% used [0x00000000ec400000,0x00000000ec71a3a8,0x00000000ec800000)
  to   space 4096K, 0% used [0x00000000ec800000,0x00000000ec800000,0x00000000ecc00000)
 ParOldGen       total 68608K, used 8K [0x00000000c0000000, 0x00000000c4300000, 0x00000000eab00000)
  object space 68608K, 0% used [0x00000000c0000000,0x00000000c0002000,0x00000000c4300000)
 Metaspace       used 12299K, committed 12416K, reserved 1114112K
  class space    used 1210K, committed 1280K, reserved 1048576K

Card table byte_map: [0x000001ed905e0000,0x000001ed907f0000] _byte_map_base: 0x000001ed8ffe0000

Marking Bits: (ParMarkBitMap*) 0x00007ffe63f852c0
 Begin Bits: [0x000001eda28c0000, 0x000001eda38c0000)
 End Bits:   [0x000001eda38c0000, 0x000001eda48c0000)

Polling page: 0x000001ed8edb0000

Metaspace:

Usage:
  Non-class:     10.83 MB used.
      Class:      1.18 MB used.
       Both:     12.01 MB used.

Virtual space:
  Non-class space:       64.00 MB reserved,      10.88 MB ( 17%) committed,  1 nodes.
      Class space:        1.00 GB reserved,       1.25 MB ( <1%) committed,  1 nodes.
             Both:        1.06 GB reserved,      12.12 MB (  1%) committed. 

Chunk freelists:
   Non-Class:  4.23 MB
       Class:  14.59 MB
        Both:  18.83 MB

MaxMetaspaceSize: unlimited
CompressedClassSpaceSize: 1.00 GB
Initial GC threshold: 21.00 MB
Current GC threshold: 21.00 MB
CDS: off
MetaspaceReclaimPolicy: balanced
 - commit_granule_bytes: 65536.
 - commit_granule_words: 8192.
 - virtual_space_node_default_size: 8388608.
 - enlarge_chunks_in_place: 1.
 - new_chunks_are_fully_committed: 0.
 - uncommit_free_chunks: 1.
 - use_allocation_guard: 0.
 - handle_deallocations: 1.


Internal statistics:

num_allocs_failed_limit: 0.
num_arena_births: 30.
num_arena_deaths: 0.
num_vsnodes_births: 2.
num_vsnodes_deaths: 0.
num_space_committed: 194.
num_space_uncommitted: 0.
num_chunks_returned_to_freelist: 0.
num_chunks_taken_from_freelist: 143.
num_chunk_merges: 0.
num_chunk_splits: 101.
num_chunks_enlarged: 81.
num_inconsistent_stats: 0.

CodeHeap 'non-profiled nmethods': size=120000Kb used=429Kb max_used=429Kb free=119571Kb
 bounds [0x000001ed9b390000, 0x000001ed9b600000, 0x000001eda28c0000]
CodeHeap 'profiled nmethods': size=120000Kb used=2011Kb max_used=2011Kb free=117988Kb
 bounds [0x000001ed938c0000, 0x000001ed93b30000, 0x000001ed9adf0000]
CodeHeap 'non-nmethods': size=5760Kb used=1145Kb max_used=1170Kb free=4614Kb
 bounds [0x000001ed9adf0000, 0x000001ed9b060000, 0x000001ed9b390000]
 total_blobs=1550 nmethods=1112 adapters=353
 compilation: enabled
              stopped_count=0, restarted_count=0
 full_count=0

Compilation events (20 events):
Event: 2.534 Thread 0x000001eda4abe9b0 1102       3       jdk.internal.ref.CleanerImpl$PhantomCleanableRef::performCleanup (10 bytes)
Event: 2.534 Thread 0x000001eda4abe9b0 nmethod 1102 0x000001ed93ab0e90 code [0x000001ed93ab1040, 0x000001ed93ab1208]
Event: 2.540 Thread 0x000001eda4abe9b0 1103   !   3       java.util.zip.ZipFile::getInputStream (276 bytes)
Event: 2.541 Thread 0x000001eda4abe9b0 nmethod 1103 0x000001ed93ab1310 code [0x000001ed93ab1600, 0x000001ed93ab2788]
Event: 2.542 Thread 0x000001edaa359b10 nmethod 1095 0x000001ed9b3f8610 code [0x000001ed9b3f88a0, 0x000001ed9b3f9db0]
Event: 2.542 Thread 0x000001eda4a93800 1104       4       java.util.ArrayList::iterator (9 bytes)
Event: 2.543 Thread 0x000001eda4abe9b0 1105       3       org.eclipse.osgi.container.ModuleRevision$1::apply (9 bytes)
Event: 2.543 Thread 0x000001eda4a93800 nmethod 1104 0x000001ed9b3fb090 code [0x000001ed9b3fb220, 0x000001ed9b3fb318]
Event: 2.543 Thread 0x000001eda4abe9b0 nmethod 1105 0x000001ed93ab3290 code [0x000001ed93ab3440, 0x000001ed93ab3668]
Event: 2.543 Thread 0x000001eda4abe9b0 1106       3       org.eclipse.osgi.container.ModuleRevision$1::apply (62 bytes)
Event: 2.543 Thread 0x000001eda4abe9b0 nmethod 1106 0x000001ed93ab3710 code [0x000001ed93ab38e0, 0x000001ed93ab3c88]
Event: 2.543 Thread 0x000001eda4abe9b0 1107       3       org.eclipse.osgi.container.ModuleCapability::<init> (51 bytes)
Event: 2.544 Thread 0x000001eda4abe9b0 nmethod 1107 0x000001ed93ab3e10 code [0x000001ed93ab4000, 0x000001ed93ab4378]
Event: 2.544 Thread 0x000001eda4abe9b0 1109  s    3       java.util.jar.JarFile::getInputStream (72 bytes)
Event: 2.544 Thread 0x000001eda4abe9b0 nmethod 1109 0x000001ed93ab4510 code [0x000001ed93ab4740, 0x000001ed93ab4cb8]
Event: 2.544 Thread 0x000001eda4abe9b0 1108  s    3       java.lang.Throwable::fillInStackTrace (29 bytes)
Event: 2.544 Thread 0x000001eda4abe9b0 nmethod 1108 0x000001ed93ab4e90 code [0x000001ed93ab5040, 0x000001ed93ab52e8]
Event: 2.546 Thread 0x000001eda4abe9b0 1110       3       sun.security.jca.GetInstance::getInstance (28 bytes)
Event: 2.546 Thread 0x000001eda4abe9b0 nmethod 1110 0x000001ed93ab5390 code [0x000001ed93ab5560, 0x000001ed93ab5878]
Event: 2.546 Thread 0x000001eda4abe9b0 1111       3       sun.security.jca.GetInstance::checkSuperClass (68 bytes)

GC Heap History (2 events):
Event: 2.262 GC heap before
{Heap before GC invocations=1 (full 0):
 PSYoungGen      total 29696K, used 25600K [0x00000000eab00000, 0x00000000ecc00000, 0x0000000100000000)
  eden space 25600K, 100% used [0x00000000eab00000,0x00000000ec400000,0x00000000ec400000)
  from space 4096K, 0% used [0x00000000ec800000,0x00000000ec800000,0x00000000ecc00000)
  to   space 4096K, 0% used [0x00000000ec400000,0x00000000ec400000,0x00000000ec800000)
 ParOldGen       total 68608K, used 0K [0x00000000c0000000, 0x00000000c4300000, 0x00000000eab00000)
  object space 68608K, 0% used [0x00000000c0000000,0x00000000c0000000,0x00000000c4300000)
 Metaspace       used 11246K, committed 11392K, reserved 1114112K
  class space    used 1126K, committed 1216K, reserved 1048576K
}
Event: 2.271 GC heap after
{Heap after GC invocations=1 (full 0):
 PSYoungGen      total 29696K, used 3176K [0x00000000eab00000, 0x00000000ecc00000, 0x0000000100000000)
  eden space 25600K, 0% used [0x00000000eab00000,0x00000000eab00000,0x00000000ec400000)
  from space 4096K, 77% used [0x00000000ec400000,0x00000000ec71a3a8,0x00000000ec800000)
  to   space 4096K, 0% used [0x00000000ec800000,0x00000000ec800000,0x00000000ecc00000)
 ParOldGen       total 68608K, used 8K [0x00000000c0000000, 0x00000000c4300000, 0x00000000eab00000)
  object space 68608K, 0% used [0x00000000c0000000,0x00000000c0002000,0x00000000c4300000)
 Metaspace       used 11246K, committed 11392K, reserved 1114112K
  class space    used 1126K, committed 1216K, reserved 1048576K
}

Dll operation events (8 events):
Event: 0.096 Loaded shared library c:\Users\songe\.vscode\extensions\redhat.java-1.20.0-win32-x64\jre\17.0.7-win32-x86_64\bin\java.dll
Event: 0.426 Loaded shared library c:\Users\songe\.vscode\extensions\redhat.java-1.20.0-win32-x64\jre\17.0.7-win32-x86_64\bin\zip.dll
Event: 0.432 Loaded shared library C:\Users\songe\.vscode\extensions\redhat.java-1.20.0-win32-x64\jre\17.0.7-win32-x86_64\bin\instrument.dll
Event: 0.516 Loaded shared library C:\Users\songe\.vscode\extensions\redhat.java-1.20.0-win32-x64\jre\17.0.7-win32-x86_64\bin\net.dll
Event: 0.574 Loaded shared library C:\Users\songe\.vscode\extensions\redhat.java-1.20.0-win32-x64\jre\17.0.7-win32-x86_64\bin\nio.dll
Event: 0.584 Loaded shared library C:\Users\songe\.vscode\extensions\redhat.java-1.20.0-win32-x64\jre\17.0.7-win32-x86_64\bin\zip.dll
Event: 0.611 Loaded shared library C:\Users\songe\.vscode\extensions\redhat.java-1.20.0-win32-x64\jre\17.0.7-win32-x86_64\bin\jimage.dll
Event: 0.774 Loaded shared library c:\Users\songe\.vscode\extensions\redhat.java-1.20.0-win32-x64\jre\17.0.7-win32-x86_64\bin\verify.dll

Deoptimization events (20 events):
Event: 2.017 Thread 0x000001ed90c36b80 Uncommon trap: trap_request=0xffffff45 fr.pc=0x000001ed9b3d7cfc relative=0x000000000000025c
Event: 2.017 Thread 0x000001ed90c36b80 Uncommon trap: reason=unstable_if action=reinterpret pc=0x000001ed9b3d7cfc method=java.util.HashMap.hash(Ljava/lang/Object;)I @ 1 c2
Event: 2.017 Thread 0x000001ed90c36b80 DEOPT PACKING pc=0x000001ed9b3d7cfc sp=0x0000000df65fe3c0
Event: 2.017 Thread 0x000001ed90c36b80 DEOPT UNPACKING pc=0x000001ed9ae466a3 sp=0x0000000df65fe258 mode 2
Event: 2.018 Thread 0x000001ed90c36b80 Uncommon trap: trap_request=0xffffff45 fr.pc=0x000001ed9b3d90ec relative=0x000000000000024c
Event: 2.018 Thread 0x000001ed90c36b80 Uncommon trap: reason=unstable_if action=reinterpret pc=0x000001ed9b3d90ec method=java.util.HashMap.hash(Ljava/lang/Object;)I @ 1 c2
Event: 2.018 Thread 0x000001ed90c36b80 DEOPT PACKING pc=0x000001ed9b3d90ec sp=0x0000000df65fe460
Event: 2.018 Thread 0x000001ed90c36b80 DEOPT UNPACKING pc=0x000001ed9ae466a3 sp=0x0000000df65fe368 mode 2
Event: 2.018 Thread 0x000001ed90c36b80 Uncommon trap: trap_request=0xffffffde fr.pc=0x000001ed9b3c815c relative=0x000000000000057c
Event: 2.018 Thread 0x000001ed90c36b80 Uncommon trap: reason=class_check action=maybe_recompile pc=0x000001ed9b3c815c method=java.util.Collections$UnmodifiableCollection$1.<init>(Ljava/util/Collections$UnmodifiableCollection;)V @ 17 c2
Event: 2.018 Thread 0x000001ed90c36b80 DEOPT PACKING pc=0x000001ed9b3c815c sp=0x0000000df65fe410
Event: 2.018 Thread 0x000001ed90c36b80 DEOPT UNPACKING pc=0x000001ed9ae466a3 sp=0x0000000df65fe358 mode 2
Event: 2.018 Thread 0x000001ed90c36b80 Uncommon trap: trap_request=0xffffff45 fr.pc=0x000001ed9b3d0798 relative=0x0000000000000098
Event: 2.018 Thread 0x000001ed90c36b80 Uncommon trap: reason=unstable_if action=reinterpret pc=0x000001ed9b3d0798 method=java.util.HashMap.hash(Ljava/lang/Object;)I @ 1 c2
Event: 2.018 Thread 0x000001ed90c36b80 DEOPT PACKING pc=0x000001ed9b3d0798 sp=0x0000000df65fe2c0
Event: 2.018 Thread 0x000001ed90c36b80 DEOPT UNPACKING pc=0x000001ed9ae466a3 sp=0x0000000df65fe258 mode 2
Event: 2.368 Thread 0x000001ed90c36b80 Uncommon trap: trap_request=0xffffff45 fr.pc=0x000001ed9b3c5770 relative=0x0000000000000cd0
Event: 2.368 Thread 0x000001ed90c36b80 Uncommon trap: reason=unstable_if action=reinterpret pc=0x000001ed9b3c5770 method=lombok.patcher.PatchScript.classMatches(Ljava/lang/String;Ljava/util/Collection;)Z @ 25 c2
Event: 2.368 Thread 0x000001ed90c36b80 DEOPT PACKING pc=0x000001ed9b3c5770 sp=0x0000000df65f8580
Event: 2.368 Thread 0x000001ed90c36b80 DEOPT UNPACKING pc=0x000001ed9ae466a3 sp=0x0000000df65f84e8 mode 2

Classes unloaded (0 events):
No events

Classes redefined (0 events):
No events

Internal exceptions (20 events):
Event: 1.312 Thread 0x000001ed90c36b80 Exception <a 'java/io/FileNotFoundException'{0x00000000eb7a9100}> (0x00000000eb7a9100) 
thrown [s\src\hotspot\share\prims\jni.cpp, line 516]
Event: 1.313 Thread 0x000001ed90c36b80 Exception <a 'java/io/FileNotFoundException'{0x00000000eb7aa060}> (0x00000000eb7aa060) 
thrown [s\src\hotspot\share\prims\jni.cpp, line 516]
Event: 1.313 Thread 0x000001ed90c36b80 Exception <a 'java/io/FileNotFoundException'{0x00000000eb7aad50}> (0x00000000eb7aad50) 
thrown [s\src\hotspot\share\prims\jni.cpp, line 516]
Event: 1.313 Thread 0x000001ed90c36b80 Exception <a 'java/io/FileNotFoundException'{0x00000000eb7aba10}> (0x00000000eb7aba10) 
thrown [s\src\hotspot\share\prims\jni.cpp, line 516]
Event: 1.336 Thread 0x000001ed90c36b80 Implicit null exception at 0x000001ed9b3b1bf2 to 0x000001ed9b3b2140
Event: 1.361 Thread 0x000001ed90c36b80 Exception <a 'java/io/FileNotFoundException'{0x00000000eb7e4878}> (0x00000000eb7e4878) 
thrown [s\src\hotspot\share\prims\jni.cpp, line 516]
Event: 1.917 Thread 0x000001ed90c36b80 Exception <a 'java/lang/ClassNotFoundException'{0x00000000ebfe81f8}: sun/net/www/protocol/c/Handler> (0x00000000ebfe81f8) 
thrown [s\src\hotspot\share\classfile\systemDictionary.cpp, line 256]
Event: 1.917 Thread 0x000001ed90c36b80 Exception <a 'java/lang/ClassNotFoundException'{0x00000000ebfe9598}: sun/net/www/protocol/c/Handler> (0x00000000ebfe9598) 
thrown [s\src\hotspot\share\classfile\systemDictionary.cpp, line 256]
Event: 1.918 Thread 0x000001ed90c36b80 Exception <a 'java/lang/ClassNotFoundException'{0x00000000ebfea7b0}: sun/net/www/protocol/c/Handler> (0x00000000ebfea7b0) 
thrown [s\src\hotspot\share\classfile\systemDictionary.cpp, line 256]
Event: 1.930 Thread 0x000001ed90c36b80 Exception <a 'java/io/FileNotFoundException'{0x00000000ec009400}> (0x00000000ec009400) 
thrown [s\src\hotspot\share\prims\jni.cpp, line 516]
Event: 2.017 Thread 0x000001ed90c36b80 Implicit null exception at 0x000001ed9b3d7aec to 0x000001ed9b3d7ce4
Event: 2.018 Thread 0x000001ed90c36b80 Implicit null exception at 0x000001ed9b3d8eec to 0x000001ed9b3d90d4
Event: 2.018 Thread 0x000001ed90c36b80 Implicit null exception at 0x000001ed9b3d070f to 0x000001ed9b3d0789
Event: 2.135 Thread 0x000001ed90c36b80 Exception <a 'java/lang/NoSuchMethodError'{0x00000000ec2d4408}: 'int java.lang.invoke.DirectMethodHandle$Holder.invokeStaticInit(java.lang.Object, java.lang.Object, java.lang.Object, java.lang.Object)'> (0x00000000ec2d4408) 
thrown [s\src\hotspot\share\interpreter\linkResolver.cpp, line 759]
Event: 2.139 Thread 0x000001ed90c36b80 Exception <a 'java/lang/NoSuchMethodError'{0x00000000ec2dea78}: 'java.lang.Object java.lang.invoke.DirectMethodHandle$Holder.invokeInterface(java.lang.Object, java.lang.Object)'> (0x00000000ec2dea78) 
thrown [s\src\hotspot\share\interpreter\linkResolver.cpp, line 759]
Event: 2.139 Thread 0x000001ed90c36b80 Exception <a 'java/lang/IncompatibleClassChangeError'{0x00000000ec2e2270}: Found class java.lang.Object, but interface was expected> (0x00000000ec2e2270) 
thrown [s\src\hotspot\share\interpreter\linkResolver.cpp, line 826]
Event: 2.140 Thread 0x000001ed90c36b80 Exception <a 'java/lang/NoSuchMethodError'{0x00000000ec2e6768}: 'void java.lang.invoke.DirectMethodHandle$Holder.invokeStatic(java.lang.Object, java.lang.Object)'> (0x00000000ec2e6768) 
thrown [s\src\hotspot\share\interpreter\linkResolver.cpp, line 759]
Event: 2.142 Thread 0x000001ed90c36b80 Exception <a 'java/lang/NoSuchMethodError'{0x00000000ec2e9f68}: 'void java.lang.invoke.DirectMethodHandle$Holder.invokeStaticInit(java.lang.Object, java.lang.Object)'> (0x00000000ec2e9f68) 
thrown [s\src\hotspot\share\interpreter\linkResolver.cpp, line 759]
Event: 2.146 Thread 0x000001ed90c36b80 Exception <a 'java/lang/NoSuchMethodError'{0x00000000ec2f13c0}: 'int java.lang.invoke.DirectMethodHandle$Holder.invokeStaticInit(java.lang.Object, java.lang.Object)'> (0x00000000ec2f13c0) 
thrown [s\src\hotspot\share\interpreter\linkResolver.cpp, line 759]
Event: 2.274 Thread 0x000001ed90c36b80 Exception <a 'java/lang/NoSuchMethodError'{0x00000000eab16d78}: 'void java.lang.invoke.DirectMethodHandle$Holder.invokeSpecial(java.lang.Object, java.lang.Object, java.lang.Object)'> (0x00000000eab16d78) 
thrown [s\src\hotspot\share\interpreter\linkResolver.cpp, line 759]

VM Operations (12 events):
Event: 0.400 Executing VM operation: HandshakeAllThreads
Event: 0.400 Executing VM operation: HandshakeAllThreads done
Event: 0.643 Executing VM operation: HandshakeAllThreads
Event: 0.643 Executing VM operation: HandshakeAllThreads done
Event: 1.257 Executing VM operation: HandshakeAllThreads
Event: 1.257 Executing VM operation: HandshakeAllThreads done
Event: 1.257 Executing VM operation: Cleanup
Event: 1.257 Executing VM operation: Cleanup done
Event: 1.286 Executing VM operation: HandshakeAllThreads
Event: 1.286 Executing VM operation: HandshakeAllThreads done
Event: 2.262 Executing VM operation: ParallelGCFailedAllocation
Event: 2.271 Executing VM operation: ParallelGCFailedAllocation done

Events (20 events):
Event: 2.309 loading class java/util/concurrent/LinkedBlockingQueue$Node done
Event: 2.324 loading class java/util/concurrent/Semaphore$NonfairSync
Event: 2.324 loading class java/util/concurrent/Semaphore$Sync
Event: 2.324 loading class java/util/concurrent/Semaphore$Sync done
Event: 2.324 loading class java/util/concurrent/Semaphore$NonfairSync done
Event: 2.342 Thread 0x000001edaa359b10 Thread added: 0x000001edaa359b10
Event: 2.380 loading class java/lang/TypeNotPresentException
Event: 2.380 loading class java/lang/TypeNotPresentException done
Event: 2.480 loading class java/security/InvalidKeyException
Event: 2.480 loading class java/security/KeyException
Event: 2.480 loading class java/security/KeyException done
Event: 2.480 loading class java/security/InvalidKeyException done
Event: 2.480 loading class java/security/SignatureException
Event: 2.481 loading class java/security/SignatureException done
Event: 2.481 loading class java/security/cert/CertificateException
Event: 2.481 loading class java/security/cert/CertificateException done
Event: 2.481 loading class java/security/NoSuchAlgorithmException
Event: 2.486 loading class java/security/NoSuchAlgorithmException done
Event: 2.486 loading class java/security/NoSuchProviderException
Event: 2.487 loading class java/security/NoSuchProviderException done


Dynamic libraries:
0x00007ff70d0a0000 - 0x00007ff70d0ae000 	c:\Users\songe\.vscode\extensions\redhat.java-1.20.0-win32-x64\jre\17.0.7-win32-x86_64\bin\java.exe
0x00007ffead7d0000 - 0x00007ffead9c8000 	C:\WINDOWS\SYSTEM32\ntdll.dll
0x00007ffead6a0000 - 0x00007ffead75f000 	C:\WINDOWS\System32\KERNEL32.DLL
0x00007ffeaaeb0000 - 0x00007ffeab1a6000 	C:\WINDOWS\System32\KERNELBASE.dll
0x00007ffeab470000 - 0x00007ffeab570000 	C:\WINDOWS\System32\ucrtbase.dll
0x00007ffe93200000 - 0x00007ffe93217000 	c:\Users\songe\.vscode\extensions\redhat.java-1.20.0-win32-x64\jre\17.0.7-win32-x86_64\bin\jli.dll
0x00007ffeabf80000 - 0x00007ffeac11d000 	C:\WINDOWS\System32\USER32.dll
0x00007ffeab340000 - 0x00007ffeab362000 	C:\WINDOWS\System32\win32u.dll
0x00007ffead760000 - 0x00007ffead78c000 	C:\WINDOWS\System32\GDI32.dll
0x00007ffeab220000 - 0x00007ffeab335000 	C:\WINDOWS\System32\gdi32full.dll
0x00007ffeab630000 - 0x00007ffeab6cd000 	C:\WINDOWS\System32\msvcp_win.dll
0x00007ffe96540000 - 0x00007ffe967da000 	C:\WINDOWS\WinSxS\amd64_microsoft.windows.common-controls_6595b64144ccf1df_6.0.19041.1110_none_60b5254171f9507e\COMCTL32.dll
0x00007ffead1f0000 - 0x00007ffead28e000 	C:\WINDOWS\System32\msvcrt.dll
0x00007ffe92920000 - 0x00007ffe92939000 	c:\Users\songe\.vscode\extensions\redhat.java-1.20.0-win32-x64\jre\17.0.7-win32-x86_64\bin\VCRUNTIME140.dll
0x00007ffeac500000 - 0x00007ffeac530000 	C:\WINDOWS\System32\IMM32.DLL
0x00007ffea5610000 - 0x00007ffea561c000 	c:\Users\songe\.vscode\extensions\redhat.java-1.20.0-win32-x64\jre\17.0.7-win32-x86_64\bin\vcruntime140_1.dll
0x00007ffe795a0000 - 0x00007ffe79631000 	c:\Users\songe\.vscode\extensions\redhat.java-1.20.0-win32-x64\jre\17.0.7-win32-x86_64\bin\msvcp140.dll
0x00007ffe63400000 - 0x00007ffe64048000 	c:\Users\songe\.vscode\extensions\redhat.java-1.20.0-win32-x64\jre\17.0.7-win32-x86_64\bin\server\jvm.dll
0x00007ffead580000 - 0x00007ffead62f000 	C:\WINDOWS\System32\ADVAPI32.dll
0x00007ffeacb50000 - 0x00007ffeacbec000 	C:\WINDOWS\System32\sechost.dll
0x00007ffeacc60000 - 0x00007ffeacd86000 	C:\WINDOWS\System32\RPCRT4.dll
0x00007ffe93040000 - 0x00007ffe93049000 	C:\WINDOWS\SYSTEM32\WSOCK32.dll
0x00007ffeacd90000 - 0x00007ffeacdfb000 	C:\WINDOWS\System32\WS2_32.dll
0x00007ffe97690000 - 0x00007ffe976b7000 	C:\WINDOWS\SYSTEM32\WINMM.dll
0x00007ffea75d0000 - 0x00007ffea75da000 	C:\WINDOWS\SYSTEM32\VERSION.dll
0x00007ffea9720000 - 0x00007ffea9732000 	C:\WINDOWS\SYSTEM32\kernel.appcore.dll
0x00007ffea55e0000 - 0x00007ffea55ea000 	c:\Users\songe\.vscode\extensions\redhat.java-1.20.0-win32-x64\jre\17.0.7-win32-x86_64\bin\jimage.dll
0x00007ffea8c30000 - 0x00007ffea8e14000 	C:\WINDOWS\SYSTEM32\DBGHELP.DLL
0x00007ffe8f220000 - 0x00007ffe8f254000 	C:\WINDOWS\SYSTEM32\dbgcore.DLL
0x00007ffeab5a0000 - 0x00007ffeab622000 	C:\WINDOWS\System32\bcryptPrimitives.dll
0x00007ffea1f10000 - 0x00007ffea1f1e000 	c:\Users\songe\.vscode\extensions\redhat.java-1.20.0-win32-x64\jre\17.0.7-win32-x86_64\bin\instrument.dll
0x00007ffe7f290000 - 0x00007ffe7f2b5000 	c:\Users\songe\.vscode\extensions\redhat.java-1.20.0-win32-x64\jre\17.0.7-win32-x86_64\bin\java.dll
0x00007ffe85ac0000 - 0x00007ffe85ad8000 	c:\Users\songe\.vscode\extensions\redhat.java-1.20.0-win32-x64\jre\17.0.7-win32-x86_64\bin\zip.dll
0x00007ffeab830000 - 0x00007ffeabf74000 	C:\WINDOWS\System32\SHELL32.dll
0x00007ffea8e40000 - 0x00007ffea95d4000 	C:\WINDOWS\SYSTEM32\windows.storage.dll
0x00007ffeac1a0000 - 0x00007ffeac4f4000 	C:\WINDOWS\System32\combase.dll
0x00007ffeaa8f0000 - 0x00007ffeaa91e000 	C:\WINDOWS\SYSTEM32\Wldp.dll
0x00007ffead0b0000 - 0x00007ffead15d000 	C:\WINDOWS\System32\SHCORE.dll
0x00007ffead290000 - 0x00007ffead2e5000 	C:\WINDOWS\System32\shlwapi.dll
0x00007ffeaade0000 - 0x00007ffeaae05000 	C:\WINDOWS\SYSTEM32\profapi.dll
0x00007ffe84d30000 - 0x00007ffe84d49000 	C:\Users\songe\.vscode\extensions\redhat.java-1.20.0-win32-x64\jre\17.0.7-win32-x86_64\bin\net.dll
0x00007ffe9b630000 - 0x00007ffe9b73a000 	C:\WINDOWS\SYSTEM32\WINHTTP.dll
0x00007ffeaa650000 - 0x00007ffeaa6ba000 	C:\WINDOWS\system32\mswsock.dll
0x00007ffe80510000 - 0x00007ffe80525000 	C:\Users\songe\.vscode\extensions\redhat.java-1.20.0-win32-x64\jre\17.0.7-win32-x86_64\bin\nio.dll
0x00007ffe99b60000 - 0x00007ffe99b70000 	c:\Users\songe\.vscode\extensions\redhat.java-1.20.0-win32-x64\jre\17.0.7-win32-x86_64\bin\verify.dll

dbghelp: loaded successfully - version: 4.0.5 - missing functions: none
symbol engine: initialized successfully - sym options: 0x614 - pdb path: .;c:\Users\songe\.vscode\extensions\redhat.java-1.20.0-win32-x64\jre\17.0.7-win32-x86_64\bin;C:\WINDOWS\SYSTEM32;C:\WINDOWS\WinSxS\amd64_microsoft.windows.common-controls_6595b64144ccf1df_6.0.19041.1110_none_60b5254171f9507e;c:\Users\songe\.vscode\extensions\redhat.java-1.20.0-win32-x64\jre\17.0.7-win32-x86_64\bin\server

VM Arguments:
jvm_args: --add-modules=ALL-SYSTEM --add-opens=java.base/java.util=ALL-UNNAMED --add-opens=java.base/java.lang=ALL-UNNAMED --add-opens=java.base/sun.nio.fs=ALL-UNNAMED -Declipse.application=org.eclipse.jdt.ls.core.id1 -Dosgi.bundles.defaultStartLevel=4 -Declipse.product=org.eclipse.jdt.ls.core.product -Djava.import.generatesMetadataFilesAtProjectRoot=false -Dfile.encoding=utf8 -XX:+UseParallelGC -XX:GCTimeRatio=4 -XX:AdaptiveSizePolicyWeight=90 -Dsun.zip.disableMemoryMapping=true -Xmx1G -Xms100m -Xlog:disable -javaagent:c:\Users\songe\.vscode\extensions\redhat.java-1.20.0-win32-x64\lombok\lombok-1.18.28.jar 
java_command: c:\Users\songe\.vscode\extensions\redhat.java-1.20.0-win32-x64\server\plugins\org.eclipse.equinox.launcher_1.6.500.v20230622-2056.jar -configuration c:\Users\songe\AppData\Roaming\Code\User\globalStorage\redhat.java\1.20.0\config_ss_win -data c:\Users\songe\AppData\Roaming\Code\User\workspaceStorage\9f40217e6cf427738d6bf507528233cf\redhat.java\ss_ws
java_class_path (initial): c:\Users\songe\.vscode\extensions\redhat.java-1.20.0-win32-x64\server\plugins\org.eclipse.equinox.launcher_1.6.500.v20230622-2056.jar
Launcher Type: SUN_STANDARD

[Global flags]
    uintx AdaptiveSizePolicyWeight                 = 90                                        {product} {command line}
     intx CICompilerCount                          = 3                                         {product} {ergonomic}
    uintx GCTimeRatio                              = 4                                         {product} {command line}
   size_t InitialHeapSize                          = 104857600                                 {product} {command line}
   size_t MaxHeapSize                              = 1073741824                                {product} {command line}
   size_t MaxNewSize                               = 357564416                                 {product} {ergonomic}
   size_t MinHeapDeltaBytes                        = 524288                                    {product} {ergonomic}
   size_t MinHeapSize                              = 104857600                                 {product} {command line}
   size_t NewSize                                  = 34603008                                  {product} {ergonomic}
    uintx NonNMethodCodeHeapSize                   = 5832780                                {pd product} {ergonomic}
    uintx NonProfiledCodeHeapSize                  = 122912730                              {pd product} {ergonomic}
   size_t OldSize                                  = 70254592                                  {product} {ergonomic}
    uintx ProfiledCodeHeapSize                     = 122912730                              {pd product} {ergonomic}
    uintx ReservedCodeCacheSize                    = 251658240                              {pd product} {ergonomic}
     bool SegmentedCodeCache                       = true                                      {product} {ergonomic}
   size_t SoftMaxHeapSize                          = 1073741824                             {manageable} {ergonomic}
     bool UseCompressedClassPointers               = true                           {product lp64_product} {ergonomic}
     bool UseCompressedOops                        = true                           {product lp64_product} {ergonomic}
     bool UseLargePagesIndividualAllocation        = false                                  {pd product} {ergonomic}
     bool UseParallelGC                            = true                                      {product} {command line}

Logging:
Log output configuration:
 #0: stdout all=off uptime,level,tags
 #1: stderr all=off uptime,level,tags

Environment Variables:
JAVA_HOME=C:\Program Files\Eclipse Adoptium\jdk-17.0.6.10-hotspot
PATH=C:\Users\songe\bin;C:\Program Files\Git\mingw64\bin;C:\Program Files\Git\usr\local\bin;C:\Program Files\Git\usr\bin;C:\Program Files\Git\usr\bin;C:\Program Files\Git\mingw64\bin;C:\Program Files\Git\usr\bin;C:\Users\songe\bin;C:\Program Files\Eclipse Adoptium\jdk-17.0.6.10-hotspot\bin;C:\Program Files (x86)\Intel\Intel(R) Management Engine Components\iCLS;C:\Program Files\Intel\Intel(R) Management Engine Components\iCLS;C:\Windows\system32;C:\Windows;C:\Windows\System32\Wbem;C:\Windows\System32\WindowsPowerShell\v1.0;C:\Program Files (x86)\NVIDIA Corporation\PhysX\Common;C:\Program Files (x86)\Intel\Intel(R) Management Engine Components\DAL;C:\Program Files\Intel\Intel(R) Management Engine Components\DAL;C:\Program Files (x86)\Intel\Intel(R) Management Engine Components\IPT;C:\Program Files\Intel\Intel(R) Management Engine Components\IPT;C:\Program Files\Intel\WiFi\bin;C:\Program Files\Common Files\Intel\WirelessCommon;C:\WINDOWS\system32;C:\WINDOWS;C:\WINDOWS\System32\Wbem;C:\WINDOWS\System32\WindowsPowerShell\v1.0;C:\WINDOWS\System32\OpenSSH;C:\Program Files\Microsoft SQL Server\150\Tools\Binn;C:\Program Files\Microsoft SQL Server\Client SDK\ODBC\170\Tools\Binn;C:\Program Files\dotnet;C:\ProgramData\chocolatey\bin;C:\Program Files\nodejs;C:\Program Files\NVIDIA Corporation\NVIDIA NvDLISR;C:\Users\songe\AppData\Local\Android\Sdk\tools;C:\Users\songe\AppData\Local\Android\Sdk\tools;C:\Users\songe\AppData\Local\Microsoft\WindowsApps;C:\Users\songe\AppData\Local\Programs\Microsoft VS Code\bin;C:\Users\songe\.dotnet\tools;C:\Users\songe\AppData\Local\GitHubDesktop\bin;C:\Users\songe\AppData\Roaming\npm;C:\Users\songe\AppData\Local\Android\Sdk\platform-tools;C:\Users\songe\AppData\Local\Android\Sdk\platform-tools;C:\Program Files\Git\usr\bin\vendor_perl;C:\Program Files\Git\usr\bin\core_perl
USERNAME=songe
SHELL=C:\Program Files\Git\usr\bin\bash.exe
DISPLAY=needs-to-be-defined
LANG=en_US.UTF-8
TERM=xterm-256color
TMPDIR=C:\Users\songe\AppData\Local\Temp
OS=Windows_NT
PROCESSOR_IDENTIFIER=Intel64 Family 6 Model 142 Stepping 9, GenuineIntel
TMP=C:\Users\songe\AppData\Local\Temp
TEMP=C:\Users\songe\AppData\Local\Temp



---------------  S Y S T E M  ---------------

OS:
 Windows 10 , 64 bit Build 19041 (10.0.19041.3155)
OS uptime: 0 days 0:18 hours

CPU: total 4 (initial active 4) (2 cores per cpu, 2 threads per core) family 6 model 142 stepping 9 microcode 0xf0, cx8, cmov, fxsr, ht, mmx, 3dnowpref, sse, sse2, sse3, ssse3, sse4.1, sse4.2, popcnt, lzcnt, tsc, tscinvbit, avx, avx2, aes, erms, clmul, bmi1, bmi2, adx, fma, vzeroupper, clflush, clflushopt

Memory: 4k page, system-wide physical 8089M (868M free)
TotalPageFile size 11089M (AvailPageFile size 215M)
current process WorkingSet (physical memory assigned to process): 78M, peak: 79M
current process commit charge ("private bytes"): 188M, peak: 189M

vm_info: OpenJDK 64-Bit Server VM (17.0.7+7) for windows-amd64 JRE (17.0.7+7), built on Apr 18 2023 22:10:42 by "temurin" with MS VC++ 16.7 (VS2019)

END.
