#
# There is insufficient memory for the Java Runtime Environment to continue.
# Native memory allocation (mmap) failed to map 130023424 bytes for G1 virtual space
# Possible reasons:
#   The system is out of physical RAM or swap space
#   The process is running with CompressedOops enabled, and the Java Heap may be blocking the growth of the native heap
# Possible solutions:
#   Reduce memory load on the system
#   Increase physical memory or swap space
#   Check if swap backing store is full
#   Decrease Java heap size (-Xmx/-Xms)
#   Decrease number of Java threads
#   Decrease Java thread stack sizes (-Xss)
#   Set larger code cache with -XX:ReservedCodeCacheSize=
#   JVM is running with Unscaled Compressed Oops mode in which the Java heap is
#     placed in the first 4GB address space. The Java Heap base address is the
#     maximum limit for the native heap growth. Please use -XX:HeapBaseMinAddress
#     to set the Java Heap base and to place the Java Heap above 4GB virtual address.
# This output file may be truncated or incomplete.
#
#  Out of Memory Error (os_windows.cpp:3557), pid=11364, tid=12712
#
# JRE version: OpenJDK Runtime Environment Temurin-17.0.6+10 (17.0.6+10) (build 17.0.6+10)
# Java VM: OpenJDK 64-Bit Server VM Temurin-17.0.6+10 (17.0.6+10, mixed mode, sharing, tiered, compressed oops, compressed class ptrs, g1 gc, windows-amd64)
# No core dump will be written. Minidumps are not enabled by default on client versions of Windows
#

---------------  S U M M A R Y ------------

Command Line: -XX:MaxMetaspaceSize=512m --add-opens=java.base/java.util=ALL-UNNAMED --add-opens=java.base/java.lang=ALL-UNNAMED --add-opens=java.base/java.lang.invoke=ALL-UNNAMED --add-opens=java.prefs/java.util.prefs=ALL-UNNAMED --add-opens=java.base/java.nio.charset=ALL-UNNAMED --add-opens=java.base/java.net=ALL-UNNAMED --add-opens=java.base/java.util.concurrent.atomic=ALL-UNNAMED -Xmx2048m -Dfile.encoding=utf8 -Duser.country=ZA -Duser.language=en -Duser.variant org.gradle.launcher.daemon.bootstrap.GradleDaemon 8.0.1

Host: Intel(R) Core(TM) i7-7500U CPU @ 2.70GHz, 4 cores, 7G,  Windows 10 , 64 bit Build 19041 (10.0.19041.3155)
Time: Wed Aug 30 17:10:29 2023 South Africa Standard Time elapsed time: 35.932573 seconds (0d 0h 0m 35s)

---------------  T H R E A D  ---------------

Current thread (0x0000023d1efca980):  VMThread "VM Thread" [stack: 0x0000008cf2400000,0x0000008cf2500000] [id=12712]

Stack: [0x0000008cf2400000,0x0000008cf2500000]
Native frames: (J=compiled Java code, j=interpreted, Vv=VM code, C=native code)
V  [jvm.dll+0x67741a]
V  [jvm.dll+0x834434]
V  [jvm.dll+0x835bde]
V  [jvm.dll+0x836243]
V  [jvm.dll+0x2457b5]
V  [jvm.dll+0x674329]
V  [jvm.dll+0x6689da]
V  [jvm.dll+0x30489b]
V  [jvm.dll+0x30bd96]
V  [jvm.dll+0x35b57e]
V  [jvm.dll+0x35b7af]
V  [jvm.dll+0x2db778]
V  [jvm.dll+0x2d9a2c]
V  [jvm.dll+0x2d8ffc]
V  [jvm.dll+0x31d0f1]
V  [jvm.dll+0x83a6eb]
V  [jvm.dll+0x83b424]
V  [jvm.dll+0x83b93c]
V  [jvm.dll+0x83bd14]
V  [jvm.dll+0x83bde0]
V  [jvm.dll+0x7e483a]
V  [jvm.dll+0x6762c5]
C  [ucrtbase.dll+0x21bb2]
C  [KERNEL32.DLL+0x17614]
C  [ntdll.dll+0x526b1]

VM_Operation (0x0000008cf3bf2940): G1TryInitiateConcMark, mode: safepoint, requested by thread 0x0000023d215141e0


---------------  P R O C E S S  ---------------

Threads class SMR info:
_java_thread_list=0x0000023d2725cfa0, length=88, elements={
0x0000023d7f86e930, 0x0000023d1efcf490, 0x0000023d1efd0210, 0x0000023d1efeb540,
0x0000023d1efec000, 0x0000023d1eff1f30, 0x0000023d1eff27f0, 0x0000023d1eff3a00,
0x0000023d1eff4300, 0x0000023d1eff53e0, 0x0000023d1fcedd00, 0x0000023d1fcf4600,
0x0000023d215176d0, 0x0000023d21517ba0, 0x0000023d215146b0, 0x0000023d21514b80,
0x0000023d215141e0, 0x0000023d21516d30, 0x0000023d21515520, 0x0000023d22810550,
0x0000023d2280fbb0, 0x0000023d22810080, 0x0000023d228130a0, 0x0000023d22811890,
0x0000023d2280e870, 0x0000023d2280ed40, 0x0000023d22815250, 0x0000023d22815720,
0x0000023d21515050, 0x0000023d21516390, 0x0000023d215159f0, 0x0000023d21515ec0,
0x0000023d21516860, 0x0000023d2280f6e0, 0x0000023d2280f210, 0x0000023d228148b0,
0x0000023d22812700, 0x0000023d22813a40, 0x0000023d22813570, 0x0000023d1fe0ebb0,
0x0000023d1fe120a0, 0x0000023d1fe0fef0, 0x0000023d1fe0fa20, 0x0000023d1fe0f080,
0x0000023d1fe10d60, 0x0000023d1fe10890, 0x0000023d1fe11700, 0x0000023d1fe12570,
0x0000023d1fe0d3a0, 0x0000023d1fe133e0, 0x0000023d1fe0d870, 0x0000023d1fe138b0,
0x0000023d1fe103c0, 0x0000023d1fe11bd0, 0x0000023d1fe11230, 0x0000023d1fe12a40,
0x0000023d1fe0ca00, 0x0000023d1fe0f550, 0x0000023d1fe12f10, 0x0000023d1fe0e210,
0x0000023d1fe0c060, 0x0000023d1fe0c530, 0x0000023d1fe0ced0, 0x0000023d1fe0dd40,
0x0000023d1fe0e6e0, 0x0000023d20849510, 0x0000023d2084a850, 0x0000023d23546370,
0x0000023d20849eb0, 0x0000023d2084ced0, 0x0000023d2084d3a0, 0x0000023d2084ad20,
0x0000023d2084c060, 0x0000023d2084c530, 0x0000023d2084b1f0, 0x0000023d2084ca00,
0x0000023d2084ebb0, 0x0000023d2084d870, 0x0000023d2084b6c0, 0x0000023d208503c0,
0x0000023d2084bb90, 0x0000023d2084dd40, 0x0000023d2084e210, 0x0000023d2084e6e0,
0x0000023d20850890, 0x0000023d20850d60, 0x0000023d2084f080, 0x0000023d20e32540
}

Java Threads: ( => current thread )
  0x0000023d7f86e930 JavaThread "main" [_thread_blocked, id=6596, stack(0x0000008cf1e00000,0x0000008cf1f00000)]
  0x0000023d1efcf490 JavaThread "Reference Handler" daemon [_thread_blocked, id=1768, stack(0x0000008cf2500000,0x0000008cf2600000)]
  0x0000023d1efd0210 JavaThread "Finalizer" daemon [_thread_blocked, id=14784, stack(0x0000008cf2600000,0x0000008cf2700000)]
  0x0000023d1efeb540 JavaThread "Signal Dispatcher" daemon [_thread_blocked, id=15168, stack(0x0000008cf2700000,0x0000008cf2800000)]
  0x0000023d1efec000 JavaThread "Attach Listener" daemon [_thread_blocked, id=8364, stack(0x0000008cf2800000,0x0000008cf2900000)]
  0x0000023d1eff1f30 JavaThread "Service Thread" daemon [_thread_blocked, id=15988, stack(0x0000008cf2900000,0x0000008cf2a00000)]
  0x0000023d1eff27f0 JavaThread "Monitor Deflation Thread" daemon [_thread_blocked, id=17056, stack(0x0000008cf2a00000,0x0000008cf2b00000)]
  0x0000023d1eff3a00 JavaThread "C2 CompilerThread0" daemon [_thread_in_native, id=14752, stack(0x0000008cf2b00000,0x0000008cf2c00000)]
  0x0000023d1eff4300 JavaThread "C1 CompilerThread0" daemon [_thread_blocked, id=12616, stack(0x0000008cf2c00000,0x0000008cf2d00000)]
  0x0000023d1eff53e0 JavaThread "Sweeper thread" daemon [_thread_blocked, id=12736, stack(0x0000008cf2d00000,0x0000008cf2e00000)]
  0x0000023d1fcedd00 JavaThread "Common-Cleaner" daemon [_thread_blocked, id=2764, stack(0x0000008cf2e00000,0x0000008cf2f00000)]
  0x0000023d1fcf4600 JavaThread "Notification Thread" daemon [_thread_blocked, id=3940, stack(0x0000008cf2f00000,0x0000008cf3000000)]
  0x0000023d215176d0 JavaThread "Daemon health stats" [_thread_blocked, id=8052, stack(0x0000008cf3500000,0x0000008cf3600000)]
  0x0000023d21517ba0 JavaThread "Incoming local TCP Connector on port 53038" [_thread_in_native, id=17280, stack(0x0000008cf3600000,0x0000008cf3700000)]
  0x0000023d215146b0 JavaThread "Daemon periodic checks" [_thread_blocked, id=10880, stack(0x0000008cf3700000,0x0000008cf3800000)]
  0x0000023d21514b80 JavaThread "Daemon" [_thread_blocked, id=17260, stack(0x0000008cf3800000,0x0000008cf3900000)]
  0x0000023d215141e0 JavaThread "Daemon worker" [_thread_blocked, id=17352, stack(0x0000008cf3b00000,0x0000008cf3c00000)]
  0x0000023d21516d30 JavaThread "Cache worker for journal cache (C:\Users\songe\.gradle\caches\journal-1)" [_thread_blocked, id=12532, stack(0x0000008cf3f00000,0x0000008cf4000000)]
  0x0000023d21515520 JavaThread "File lock request listener" [_thread_in_native, id=8816, stack(0x0000008cf4000000,0x0000008cf4100000)]
  0x0000023d22810550 JavaThread "Cache worker for file hash cache (C:\Users\songe\.gradle\caches\8.0.1\fileHashes)" [_thread_blocked, id=12564, stack(0x0000008cf4100000,0x0000008cf4200000)]
  0x0000023d2280fbb0 JavaThread "File watcher server" daemon [_thread_in_native, id=7972, stack(0x0000008cf4200000,0x0000008cf4300000)]
  0x0000023d22810080 JavaThread "File watcher consumer" daemon [_thread_blocked, id=3404, stack(0x0000008cf4300000,0x0000008cf4400000)]
  0x0000023d228130a0 JavaThread "jar transforms" [_thread_blocked, id=12988, stack(0x0000008cf4400000,0x0000008cf4500000)]
  0x0000023d22811890 JavaThread "jar transforms Thread 2" [_thread_blocked, id=3520, stack(0x0000008cf4500000,0x0000008cf4600000)]
  0x0000023d2280e870 JavaThread "Cache worker for file content cache (C:\Users\songe\.gradle\caches\8.0.1\fileContent)" [_thread_blocked, id=1044, stack(0x0000008cf4800000,0x0000008cf4900000)]
  0x0000023d2280ed40 JavaThread "Cache worker for execution history cache (C:\Users\songe\.gradle\caches\8.0.1\executionHistory)" [_thread_blocked, id=5508, stack(0x0000008cf4b00000,0x0000008cf4c00000)]
  0x0000023d22815250 JavaThread "jar transforms Thread 3" [_thread_blocked, id=9336, stack(0x0000008cf4c00000,0x0000008cf4d00000)]
  0x0000023d22815720 JavaThread "jar transforms Thread 4" [_thread_blocked, id=5972, stack(0x0000008cf4d00000,0x0000008cf4e00000)]
  0x0000023d21515050 JavaThread "Handler for socket connection from /127.0.0.1:53038 to /127.0.0.1:53042" [_thread_in_native, id=6704, stack(0x0000008cf3100000,0x0000008cf3200000)]
  0x0000023d21516390 JavaThread "Cancel handler" [_thread_blocked, id=10064, stack(0x0000008cf3900000,0x0000008cf3a00000)]
  0x0000023d215159f0 JavaThread "Asynchronous log dispatcher for DefaultDaemonConnection: socket connection from /127.0.0.1:53038 to /127.0.0.1:53042" [_thread_blocked, id=7776, stack(0x0000008cf3a00000,0x0000008cf3b00000)]
  0x0000023d21515ec0 JavaThread "Stdin handler" [_thread_blocked, id=14820, stack(0x0000008cf3c00000,0x0000008cf3d00000)]
  0x0000023d21516860 JavaThread "Daemon client event forwarder" [_thread_blocked, id=11432, stack(0x0000008cf3d00000,0x0000008cf3e00000)]
  0x0000023d2280f6e0 JavaThread "Cache worker for checksums cache (C:\Users\songe\source\repos\InventoTrack\android\.gradle\8.0.1\checksums)" [_thread_blocked, id=1824, stack(0x0000008cf3e00000,0x0000008cf3f00000)]
  0x0000023d2280f210 JavaThread "Cache worker for cache directory md-rule (C:\Users\songe\.gradle\caches\8.0.1\md-rule)" [_thread_blocked, id=14584, stack(0x0000008cf4600000,0x0000008cf4700000)]
  0x0000023d228148b0 JavaThread "Cache worker for file hash cache (C:\Users\songe\source\repos\InventoTrack\android\.gradle\8.0.1\fileHashes)" [_thread_blocked, id=8024, stack(0x0000008cf4700000,0x0000008cf4800000)]
  0x0000023d22812700 JavaThread "Cache worker for cache directory md-supplier (C:\Users\songe\.gradle\caches\8.0.1\md-supplier)" [_thread_blocked, id=1564, stack(0x0000008cf4900000,0x0000008cf4a00000)]
  0x0000023d22813a40 JavaThread "Cache worker for kotlin-dsl (C:\Users\songe\.gradle\caches\8.0.1\kotlin-dsl)" [_thread_blocked, id=7920, stack(0x0000008cf4e00000,0x0000008cf4f00000)]
  0x0000023d22813570 JavaThread "Cache worker for dependencies-accessors (C:\Users\songe\source\repos\InventoTrack\android\.gradle\8.0.1\dependencies-accessors)" [_thread_blocked, id=14136, stack(0x0000008cf4f00000,0x0000008cf5000000)]
  0x0000023d1fe0ebb0 JavaThread "Cache worker for Build Output Cleanup Cache (C:\Users\songe\source\repos\InventoTrack\node_modules\@react-native\gradle-plugin\.gradle\buildOutputCleanup)" [_thread_blocked, id=2096, stack(0x0000008cf5000000,0x0000008cf5100000)]
  0x0000023d1fe120a0 JavaThread "Unconstrained build operations" [_thread_blocked, id=6696, stack(0x0000008cf5100000,0x0000008cf5200000)]
  0x0000023d1fe0fef0 JavaThread "Unconstrained build operations Thread 2" [_thread_blocked, id=9068, stack(0x0000008cf5200000,0x0000008cf5300000)]
  0x0000023d1fe0fa20 JavaThread "Unconstrained build operations Thread 3" [_thread_blocked, id=13864, stack(0x0000008cf5300000,0x0000008cf5400000)]
  0x0000023d1fe0f080 JavaThread "Unconstrained build operations Thread 4" [_thread_blocked, id=3468, stack(0x0000008cf5400000,0x0000008cf5500000)]
  0x0000023d1fe10d60 JavaThread "Unconstrained build operations Thread 5" [_thread_blocked, id=12304, stack(0x0000008cf5500000,0x0000008cf5600000)]
  0x0000023d1fe10890 JavaThread "Unconstrained build operations Thread 6" [_thread_blocked, id=8740, stack(0x0000008cf5600000,0x0000008cf5700000)]
  0x0000023d1fe11700 JavaThread "Unconstrained build operations Thread 7" [_thread_blocked, id=12760, stack(0x0000008cf5700000,0x0000008cf5800000)]
  0x0000023d1fe12570 JavaThread "Unconstrained build operations Thread 8" [_thread_blocked, id=4328, stack(0x0000008cf5800000,0x0000008cf5900000)]
  0x0000023d1fe0d3a0 JavaThread "Unconstrained build operations Thread 9" [_thread_blocked, id=1196, stack(0x0000008cf5900000,0x0000008cf5a00000)]
  0x0000023d1fe133e0 JavaThread "Unconstrained build operations Thread 10" [_thread_blocked, id=5788, stack(0x0000008cf5a00000,0x0000008cf5b00000)]
  0x0000023d1fe0d870 JavaThread "Unconstrained build operations Thread 11" [_thread_blocked, id=7892, stack(0x0000008cf5b00000,0x0000008cf5c00000)]
  0x0000023d1fe138b0 JavaThread "Unconstrained build operations Thread 12" [_thread_blocked, id=9564, stack(0x0000008cf5c00000,0x0000008cf5d00000)]
  0x0000023d1fe103c0 JavaThread "Unconstrained build operations Thread 13" [_thread_blocked, id=4948, stack(0x0000008cf5d00000,0x0000008cf5e00000)]
  0x0000023d1fe11bd0 JavaThread "Unconstrained build operations Thread 14" [_thread_blocked, id=16380, stack(0x0000008cf5e00000,0x0000008cf5f00000)]
  0x0000023d1fe11230 JavaThread "Unconstrained build operations Thread 15" [_thread_blocked, id=8540, stack(0x0000008cf5f00000,0x0000008cf6000000)]
  0x0000023d1fe12a40 JavaThread "Unconstrained build operations Thread 16" [_thread_blocked, id=8240, stack(0x0000008cf6000000,0x0000008cf6100000)]
  0x0000023d1fe0ca00 JavaThread "Unconstrained build operations Thread 17" [_thread_blocked, id=17100, stack(0x0000008cf6100000,0x0000008cf6200000)]
  0x0000023d1fe0f550 JavaThread "Unconstrained build operations Thread 18" [_thread_blocked, id=15908, stack(0x0000008cf6200000,0x0000008cf6300000)]
  0x0000023d1fe12f10 JavaThread "Unconstrained build operations Thread 19" [_thread_blocked, id=14524, stack(0x0000008cf6300000,0x0000008cf6400000)]
  0x0000023d1fe0e210 JavaThread "Unconstrained build operations Thread 20" [_thread_blocked, id=17284, stack(0x0000008cf6400000,0x0000008cf6500000)]
  0x0000023d1fe0c060 JavaThread "Unconstrained build operations Thread 21" [_thread_blocked, id=16484, stack(0x0000008cf6500000,0x0000008cf6600000)]
  0x0000023d1fe0c530 JavaThread "Unconstrained build operations Thread 22" [_thread_blocked, id=13384, stack(0x0000008cf6600000,0x0000008cf6700000)]
  0x0000023d1fe0ced0 JavaThread "Unconstrained build operations Thread 23" [_thread_blocked, id=4524, stack(0x0000008cf6700000,0x0000008cf6800000)]
  0x0000023d1fe0dd40 JavaThread "Unconstrained build operations Thread 24" [_thread_blocked, id=17024, stack(0x0000008cf6800000,0x0000008cf6900000)]
  0x0000023d1fe0e6e0 JavaThread "Unconstrained build operations Thread 25" [_thread_blocked, id=4220, stack(0x0000008cf6900000,0x0000008cf6a00000)]
  0x0000023d20849510 JavaThread "Unconstrained build operations Thread 26" [_thread_blocked, id=7476, stack(0x0000008cf6a00000,0x0000008cf6b00000)]
  0x0000023d2084a850 JavaThread "Memory manager" [_thread_blocked, id=2728, stack(0x0000008cf6b00000,0x0000008cf6c00000)]
  0x0000023d23546370 JavaThread "C2 CompilerThread1" daemon [_thread_blocked, id=4068, stack(0x0000008cf1b00000,0x0000008cf1c00000)]
  0x0000023d20849eb0 JavaThread "Cache worker for Build Output Cleanup Cache (C:\Users\songe\source\repos\InventoTrack\android\.gradle\buildOutputCleanup)" [_thread_blocked, id=12684, stack(0x0000008cf6d00000,0x0000008cf6e00000)]
  0x0000023d2084ced0 JavaThread "included builds" [_thread_blocked, id=5584, stack(0x0000008cf6e00000,0x0000008cf6f00000)]
  0x0000023d2084d3a0 JavaThread "Execution worker" [_thread_blocked, id=12856, stack(0x0000008cf6f00000,0x0000008cf7000000)]
  0x0000023d2084ad20 JavaThread "Execution worker Thread 2" [_thread_blocked, id=7056, stack(0x0000008cf7000000,0x0000008cf7100000)]
  0x0000023d2084c060 JavaThread "Execution worker Thread 3" [_thread_blocked, id=8900, stack(0x0000008cf7100000,0x0000008cf7200000)]
  0x0000023d2084c530 JavaThread "Cache worker for execution history cache (C:\Users\songe\source\repos\InventoTrack\node_modules\@react-native\gradle-plugin\.gradle\8.0.1\executionHistory)" [_thread_blocked, id=15224, stack(0x0000008cf7200000,0x0000008cf7300000)]
  0x0000023d2084b1f0 JavaThread "Unconstrained build operations Thread 27" [_thread_blocked, id=10188, stack(0x0000008cf7300000,0x0000008cf7400000)]
  0x0000023d2084ca00 JavaThread "Unconstrained build operations Thread 28" [_thread_blocked, id=16376, stack(0x0000008cf7400000,0x0000008cf7500000)]
  0x0000023d2084ebb0 JavaThread "Unconstrained build operations Thread 29" [_thread_blocked, id=13236, stack(0x0000008cf7500000,0x0000008cf7600000)]
  0x0000023d2084d870 JavaThread "Unconstrained build operations Thread 30" [_thread_blocked, id=17208, stack(0x0000008cf7600000,0x0000008cf7700000)]
  0x0000023d2084b6c0 JavaThread "Unconstrained build operations Thread 31" [_thread_blocked, id=16720, stack(0x0000008cf7700000,0x0000008cf7800000)]
  0x0000023d208503c0 JavaThread "Unconstrained build operations Thread 32" [_thread_blocked, id=11040, stack(0x0000008cf7800000,0x0000008cf7900000)]
  0x0000023d2084bb90 JavaThread "Unconstrained build operations Thread 33" [_thread_blocked, id=9152, stack(0x0000008cf7900000,0x0000008cf7a00000)]
  0x0000023d2084dd40 JavaThread "Unconstrained build operations Thread 34" [_thread_blocked, id=7708, stack(0x0000008cf7a00000,0x0000008cf7b00000)]
  0x0000023d2084e210 JavaThread "Unconstrained build operations Thread 35" [_thread_blocked, id=11232, stack(0x0000008cf7b00000,0x0000008cf7c00000)]
  0x0000023d2084e6e0 JavaThread "Unconstrained build operations Thread 36" [_thread_blocked, id=16308, stack(0x0000008cf7c00000,0x0000008cf7d00000)]
  0x0000023d20850890 JavaThread "Unconstrained build operations Thread 37" [_thread_blocked, id=10624, stack(0x0000008cf7d00000,0x0000008cf7e00000)]
  0x0000023d20850d60 JavaThread "Unconstrained build operations Thread 38" [_thread_blocked, id=10384, stack(0x0000008cf7e00000,0x0000008cf7f00000)]
  0x0000023d2084f080 JavaThread "Unconstrained build operations Thread 39" [_thread_blocked, id=13356, stack(0x0000008cf7f00000,0x0000008cf8000000)]
  0x0000023d20e32540 JavaThread "Unconstrained build operations Thread 40" [_thread_blocked, id=7868, stack(0x0000008cf8000000,0x0000008cf8100000)]

Other Threads:
=>0x0000023d1efca980 VMThread "VM Thread" [stack: 0x0000008cf2400000,0x0000008cf2500000] [id=12712]
  0x0000023d1fcf4ad0 WatcherThread [stack: 0x0000008cf3000000,0x0000008cf3100000] [id=15016]
  0x0000023d7f8cacb0 GCTaskThread "GC Thread#0" [stack: 0x0000008cf1f00000,0x0000008cf2000000] [id=12596]
  0x0000023d20483330 GCTaskThread "GC Thread#1" [stack: 0x0000008cf3200000,0x0000008cf3300000] [id=17308]
  0x0000023d20046030 GCTaskThread "GC Thread#2" [stack: 0x0000008cf3300000,0x0000008cf3400000] [id=15628]
  0x0000023d209cefc0 GCTaskThread "GC Thread#3" [stack: 0x0000008cf3400000,0x0000008cf3500000] [id=2620]
  0x0000023d7f8dbb00 ConcurrentGCThread "G1 Main Marker" [stack: 0x0000008cf2000000,0x0000008cf2100000] [id=8872]
  0x0000023d7f8ddbd0 ConcurrentGCThread "G1 Conc#0" [stack: 0x0000008cf2100000,0x0000008cf2200000] [id=15000]
  0x0000023d7f934840 ConcurrentGCThread "G1 Refine#0" [stack: 0x0000008cf2200000,0x0000008cf2300000] [id=5220]
  0x0000023d1ee90300 ConcurrentGCThread "G1 Service" [stack: 0x0000008cf2300000,0x0000008cf2400000] [id=13644]

Threads with active compile tasks:
C2 CompilerThread0    35973 9810   !   4       com.google.common.reflect.TypeVisitor::visit (244 bytes)
C2 CompilerThread1    35973 9827       4       org.gradle.internal.service.DefaultServiceRegistry$ClassInspector::getDetailsForClass (50 bytes)

VM state: at safepoint (normal execution)

VM Mutex/Monitor currently owned by a thread:  ([mutex/lock_event])
[0x0000023d7f8693c0] Threads_lock - owner thread: 0x0000023d1efca980
[0x0000023d7f869d50] Heap_lock - owner thread: 0x0000023d215141e0

Heap address: 0x0000000080000000, size: 2048 MB, Compressed Oops mode: 32-bit

CDS archive(s) mapped at: [0x0000000800000000-0x0000000800bc0000-0x0000000800bc0000), size 12320768, SharedBaseAddress: 0x0000000800000000, ArchiveRelocationMode: 0.
Compressed class space mapped at: 0x0000000800c00000-0x000000081a800000, reserved size: 432013312
Narrow klass base: 0x0000000800000000, Narrow klass shift: 0, Narrow klass range: 0x100000000

GC Precious Log:
 CPUs: 4 total, 4 available
 Memory: 8089M
 Large Page Support: Disabled
 NUMA Support: Disabled
 Compressed Oops: Enabled (32-bit)
 Heap Region Size: 1M
 Heap Min Capacity: 8M
 Heap Initial Capacity: 128M
 Heap Max Capacity: 2G
 Pre-touch: Disabled
 Parallel Workers: 4
 Concurrent Workers: 1
 Concurrent Refinement Workers: 4
 Periodic GC: Disabled

Heap:
 garbage-first heap   total 131072K, used 83758K [0x0000000080000000, 0x0000000100000000)
  region size 1024K, 3 young (3072K), 3 survivors (3072K)
 Metaspace       used 72663K, committed 73536K, reserved 487424K
  class space    used 9980K, committed 10368K, reserved 421888K

Heap Regions: E=young(eden), S=young(survivor), O=old, HS=humongous(starts), HC=humongous(continues), CS=collection set, F=free, OA=open archive, CA=closed archive, TAMS=top-at-mark-start (previous, next)
|   0|0x0000000080000000, 0x0000000080100000, 0x0000000080100000|100%| O|  |TAMS 0x0000000080100000, 0x0000000080100000| Untracked 
|   1|0x0000000080100000, 0x0000000080200000, 0x0000000080200000|100%| O|  |TAMS 0x0000000080200000, 0x0000000080200000| Untracked 
|   2|0x0000000080200000, 0x0000000080300000, 0x0000000080300000|100%|HS|  |TAMS 0x0000000080300000, 0x0000000080300000| Complete 
|   3|0x0000000080300000, 0x0000000080400000, 0x0000000080400000|100%|HC|  |TAMS 0x0000000080400000, 0x0000000080400000| Complete 
|   4|0x0000000080400000, 0x0000000080500000, 0x0000000080500000|100%|HC|  |TAMS 0x0000000080500000, 0x0000000080500000| Complete 
|   5|0x0000000080500000, 0x0000000080600000, 0x0000000080600000|100%|HC|  |TAMS 0x0000000080600000, 0x0000000080600000| Complete 
|   6|0x0000000080600000, 0x0000000080700000, 0x0000000080700000|100%| O|  |TAMS 0x0000000080700000, 0x0000000080700000| Untracked 
|   7|0x0000000080700000, 0x0000000080800000, 0x0000000080800000|100%| O|  |TAMS 0x0000000080800000, 0x0000000080800000| Untracked 
|   8|0x0000000080800000, 0x0000000080900000, 0x0000000080900000|100%| O|  |TAMS 0x0000000080900000, 0x0000000080900000| Untracked 
|   9|0x0000000080900000, 0x0000000080a00000, 0x0000000080a00000|100%| O|  |TAMS 0x0000000080a00000, 0x0000000080a00000| Untracked 
|  10|0x0000000080a00000, 0x0000000080b00000, 0x0000000080b00000|100%| O|  |TAMS 0x0000000080b00000, 0x0000000080b00000| Untracked 
|  11|0x0000000080b00000, 0x0000000080c00000, 0x0000000080c00000|100%| O|  |TAMS 0x0000000080c00000, 0x0000000080c00000| Untracked 
|  12|0x0000000080c00000, 0x0000000080d00000, 0x0000000080d00000|100%| O|  |TAMS 0x0000000080d00000, 0x0000000080d00000| Untracked 
|  13|0x0000000080d00000, 0x0000000080e00000, 0x0000000080e00000|100%| O|  |TAMS 0x0000000080e00000, 0x0000000080e00000| Untracked 
|  14|0x0000000080e00000, 0x0000000080f00000, 0x0000000080f00000|100%| O|  |TAMS 0x0000000080f00000, 0x0000000080f00000| Untracked 
|  15|0x0000000080f00000, 0x0000000081000000, 0x0000000081000000|100%| O|  |TAMS 0x0000000081000000, 0x0000000081000000| Untracked 
|  16|0x0000000081000000, 0x0000000081100000, 0x0000000081100000|100%| O|  |TAMS 0x0000000081100000, 0x0000000081100000| Untracked 
|  17|0x0000000081100000, 0x0000000081200000, 0x0000000081200000|100%| O|  |TAMS 0x0000000081200000, 0x0000000081200000| Untracked 
|  18|0x0000000081200000, 0x0000000081300000, 0x0000000081300000|100%| O|  |TAMS 0x0000000081300000, 0x0000000081300000| Untracked 
|  19|0x0000000081300000, 0x0000000081400000, 0x0000000081400000|100%| O|  |TAMS 0x0000000081400000, 0x0000000081400000| Untracked 
|  20|0x0000000081400000, 0x0000000081500000, 0x0000000081500000|100%| O|  |TAMS 0x0000000081500000, 0x0000000081500000| Untracked 
|  21|0x0000000081500000, 0x0000000081600000, 0x0000000081600000|100%| O|  |TAMS 0x0000000081600000, 0x0000000081600000| Untracked 
|  22|0x0000000081600000, 0x0000000081700000, 0x0000000081700000|100%| O|  |TAMS 0x0000000081700000, 0x0000000081700000| Untracked 
|  23|0x0000000081700000, 0x0000000081800000, 0x0000000081800000|100%| O|  |TAMS 0x0000000081800000, 0x0000000081800000| Untracked 
|  24|0x0000000081800000, 0x0000000081900000, 0x0000000081900000|100%| O|  |TAMS 0x0000000081900000, 0x0000000081900000| Untracked 
|  25|0x0000000081900000, 0x0000000081a00000, 0x0000000081a00000|100%| O|  |TAMS 0x0000000081a00000, 0x0000000081a00000| Untracked 
|  26|0x0000000081a00000, 0x0000000081b00000, 0x0000000081b00000|100%| O|  |TAMS 0x0000000081b00000, 0x0000000081b00000| Untracked 
|  27|0x0000000081b00000, 0x0000000081c00000, 0x0000000081c00000|100%| O|  |TAMS 0x0000000081c00000, 0x0000000081c00000| Untracked 
|  28|0x0000000081c00000, 0x0000000081d00000, 0x0000000081d00000|100%| O|  |TAMS 0x0000000081d00000, 0x0000000081d00000| Untracked 
|  29|0x0000000081d00000, 0x0000000081e00000, 0x0000000081e00000|100%| O|  |TAMS 0x0000000081e00000, 0x0000000081e00000| Untracked 
|  30|0x0000000081e00000, 0x0000000081f00000, 0x0000000081f00000|100%| O|  |TAMS 0x0000000081e00000, 0x0000000081f00000| Untracked 
|  31|0x0000000081f00000, 0x0000000082000000, 0x0000000082000000|100%| O|  |TAMS 0x0000000082000000, 0x0000000082000000| Untracked 
|  32|0x0000000082000000, 0x0000000082100000, 0x0000000082100000|100%| O|  |TAMS 0x0000000082100000, 0x0000000082100000| Untracked 
|  33|0x0000000082100000, 0x0000000082200000, 0x0000000082200000|100%| O|  |TAMS 0x0000000082200000, 0x0000000082200000| Untracked 
|  34|0x0000000082200000, 0x0000000082300000, 0x0000000082300000|100%| O|  |TAMS 0x0000000082300000, 0x0000000082300000| Untracked 
|  35|0x0000000082300000, 0x0000000082400000, 0x0000000082400000|100%| O|  |TAMS 0x0000000082400000, 0x0000000082400000| Untracked 
|  36|0x0000000082400000, 0x0000000082500000, 0x0000000082500000|100%|HS|  |TAMS 0x0000000082400000, 0x0000000082500000| Complete 
|  37|0x0000000082500000, 0x0000000082600000, 0x0000000082600000|100%| O|  |TAMS 0x0000000082600000, 0x0000000082600000| Untracked 
|  38|0x0000000082600000, 0x0000000082700000, 0x0000000082700000|100%|HS|  |TAMS 0x0000000082600000, 0x0000000082700000| Complete 
|  39|0x0000000082700000, 0x0000000082800000, 0x0000000082800000|100%| O|  |TAMS 0x0000000082800000, 0x0000000082800000| Untracked 
|  40|0x0000000082800000, 0x0000000082900000, 0x0000000082900000|100%| O|  |TAMS 0x0000000082900000, 0x0000000082900000| Untracked 
|  41|0x0000000082900000, 0x0000000082a00000, 0x0000000082a00000|100%|HS|  |TAMS 0x0000000082a00000, 0x0000000082a00000| Complete 
|  42|0x0000000082a00000, 0x0000000082b00000, 0x0000000082b00000|100%|HC|  |TAMS 0x0000000082b00000, 0x0000000082b00000| Complete 
|  43|0x0000000082b00000, 0x0000000082c00000, 0x0000000082c00000|100%| O|  |TAMS 0x0000000082c00000, 0x0000000082c00000| Untracked 
|  44|0x0000000082c00000, 0x0000000082d00000, 0x0000000082d00000|100%| O|  |TAMS 0x0000000082d00000, 0x0000000082d00000| Untracked 
|  45|0x0000000082d00000, 0x0000000082e00000, 0x0000000082e00000|100%|HS|  |TAMS 0x0000000082e00000, 0x0000000082e00000| Complete 
|  46|0x0000000082e00000, 0x0000000082f00000, 0x0000000082f00000|100%|HC|  |TAMS 0x0000000082f00000, 0x0000000082f00000| Complete 
|  47|0x0000000082f00000, 0x0000000083000000, 0x0000000083000000|100%|HC|  |TAMS 0x0000000083000000, 0x0000000083000000| Complete 
|  48|0x0000000083000000, 0x0000000083100000, 0x0000000083100000|100%|HC|  |TAMS 0x0000000083100000, 0x0000000083100000| Complete 
|  49|0x0000000083100000, 0x0000000083200000, 0x0000000083200000|100%| O|  |TAMS 0x0000000083200000, 0x0000000083200000| Untracked 
|  50|0x0000000083200000, 0x0000000083300000, 0x0000000083300000|100%| O|  |TAMS 0x0000000083300000, 0x0000000083300000| Untracked 
|  51|0x0000000083300000, 0x0000000083400000, 0x0000000083400000|100%| O|  |TAMS 0x0000000083400000, 0x0000000083400000| Untracked 
|  52|0x0000000083400000, 0x0000000083500000, 0x0000000083500000|100%| O|  |TAMS 0x0000000083500000, 0x0000000083500000| Untracked 
|  53|0x0000000083500000, 0x0000000083600000, 0x0000000083600000|100%| O|  |TAMS 0x0000000083600000, 0x0000000083600000| Untracked 
|  54|0x0000000083600000, 0x0000000083700000, 0x0000000083700000|100%| O|  |TAMS 0x0000000083700000, 0x0000000083700000| Untracked 
|  55|0x0000000083700000, 0x0000000083800000, 0x0000000083800000|100%| O|  |TAMS 0x0000000083800000, 0x0000000083800000| Untracked 
|  56|0x0000000083800000, 0x0000000083900000, 0x0000000083900000|100%| O|  |TAMS 0x0000000083900000, 0x0000000083900000| Untracked 
|  57|0x0000000083900000, 0x0000000083a00000, 0x0000000083a00000|100%| O|  |TAMS 0x0000000083a00000, 0x0000000083a00000| Untracked 
|  58|0x0000000083a00000, 0x0000000083b00000, 0x0000000083b00000|100%| O|  |TAMS 0x0000000083b00000, 0x0000000083b00000| Untracked 
|  59|0x0000000083b00000, 0x0000000083c00000, 0x0000000083c00000|100%| O|  |TAMS 0x0000000083c00000, 0x0000000083c00000| Untracked 
|  60|0x0000000083c00000, 0x0000000083d00000, 0x0000000083d00000|100%| O|  |TAMS 0x0000000083d00000, 0x0000000083d00000| Untracked 
|  61|0x0000000083d00000, 0x0000000083e00000, 0x0000000083e00000|100%| O|  |TAMS 0x0000000083e00000, 0x0000000083e00000| Untracked 
|  62|0x0000000083e00000, 0x0000000083f00000, 0x0000000083f00000|100%| O|  |TAMS 0x0000000083f00000, 0x0000000083f00000| Untracked 
|  63|0x0000000083f00000, 0x0000000084000000, 0x0000000084000000|100%| O|  |TAMS 0x0000000083fba000, 0x0000000084000000| Untracked 
|  64|0x0000000084000000, 0x0000000084100000, 0x0000000084100000|100%| O|  |TAMS 0x0000000084000000, 0x0000000084100000| Untracked 
|  65|0x0000000084100000, 0x0000000084200000, 0x0000000084200000|100%| O|  |TAMS 0x0000000084100000, 0x0000000084200000| Untracked 
|  66|0x0000000084200000, 0x0000000084300000, 0x0000000084300000|100%| O|  |TAMS 0x0000000084200000, 0x0000000084300000| Untracked 
|  67|0x0000000084300000, 0x0000000084400000, 0x0000000084400000|100%| O|  |TAMS 0x0000000084300000, 0x0000000084400000| Untracked 
|  68|0x0000000084400000, 0x0000000084500000, 0x0000000084500000|100%| O|  |TAMS 0x0000000084400000, 0x0000000084500000| Untracked 
|  69|0x0000000084500000, 0x0000000084600000, 0x0000000084600000|100%| O|  |TAMS 0x0000000084500000, 0x0000000084600000| Untracked 
|  70|0x0000000084600000, 0x0000000084700000, 0x0000000084700000|100%| O|  |TAMS 0x0000000084600000, 0x0000000084700000| Untracked 
|  71|0x0000000084700000, 0x0000000084800000, 0x0000000084800000|100%| O|  |TAMS 0x0000000084700000, 0x0000000084800000| Untracked 
|  72|0x0000000084800000, 0x0000000084900000, 0x0000000084900000|100%| O|  |TAMS 0x0000000084800000, 0x0000000084900000| Untracked 
|  73|0x0000000084900000, 0x0000000084a00000, 0x0000000084a00000|100%| O|  |TAMS 0x0000000084900000, 0x0000000084a00000| Untracked 
|  74|0x0000000084a00000, 0x0000000084b00000, 0x0000000084b00000|100%| O|  |TAMS 0x0000000084a00000, 0x0000000084b00000| Untracked 
|  75|0x0000000084b00000, 0x0000000084c00000, 0x0000000084c00000|100%| O|  |TAMS 0x0000000084b00000, 0x0000000084c00000| Untracked 
|  76|0x0000000084c00000, 0x0000000084d00000, 0x0000000084d00000|100%| O|  |TAMS 0x0000000084c00000, 0x0000000084d00000| Untracked 
|  77|0x0000000084d00000, 0x0000000084e00000, 0x0000000084e00000|100%| O|  |TAMS 0x0000000084d00000, 0x0000000084e00000| Untracked 
|  78|0x0000000084e00000, 0x0000000084f00000, 0x0000000084f00000|100%| O|  |TAMS 0x0000000084e00000, 0x0000000084f00000| Untracked 
|  79|0x0000000084f00000, 0x0000000084fb7e00, 0x0000000085000000| 71%| O|  |TAMS 0x0000000084f00000, 0x0000000084fb7e00| Untracked 
|  80|0x0000000085000000, 0x0000000085000000, 0x0000000085100000|  0%| F|  |TAMS 0x0000000085000000, 0x0000000085000000| Untracked 
|  81|0x0000000085100000, 0x0000000085100000, 0x0000000085200000|  0%| F|  |TAMS 0x0000000085100000, 0x0000000085100000| Untracked 
|  82|0x0000000085200000, 0x0000000085200000, 0x0000000085300000|  0%| F|  |TAMS 0x0000000085200000, 0x0000000085200000| Untracked 
|  83|0x0000000085300000, 0x0000000085300000, 0x0000000085400000|  0%| F|  |TAMS 0x0000000085300000, 0x0000000085300000| Untracked 
|  84|0x0000000085400000, 0x0000000085400000, 0x0000000085500000|  0%| F|  |TAMS 0x0000000085400000, 0x0000000085400000| Untracked 
|  85|0x0000000085500000, 0x0000000085500000, 0x0000000085600000|  0%| F|  |TAMS 0x0000000085500000, 0x0000000085500000| Untracked 
|  86|0x0000000085600000, 0x0000000085600000, 0x0000000085700000|  0%| F|  |TAMS 0x0000000085600000, 0x0000000085600000| Untracked 
|  87|0x0000000085700000, 0x0000000085700000, 0x0000000085800000|  0%| F|  |TAMS 0x0000000085700000, 0x0000000085700000| Untracked 
|  88|0x0000000085800000, 0x0000000085800000, 0x0000000085900000|  0%| F|  |TAMS 0x0000000085800000, 0x0000000085800000| Untracked 
|  89|0x0000000085900000, 0x0000000085900000, 0x0000000085a00000|  0%| F|  |TAMS 0x0000000085900000, 0x0000000085900000| Untracked 
|  90|0x0000000085a00000, 0x0000000085a00000, 0x0000000085b00000|  0%| F|  |TAMS 0x0000000085a00000, 0x0000000085a00000| Untracked 
|  91|0x0000000085b00000, 0x0000000085b00000, 0x0000000085c00000|  0%| F|  |TAMS 0x0000000085b00000, 0x0000000085b00000| Untracked 
|  92|0x0000000085c00000, 0x0000000085c00000, 0x0000000085d00000|  0%| F|  |TAMS 0x0000000085c00000, 0x0000000085c00000| Untracked 
|  93|0x0000000085d00000, 0x0000000085d00000, 0x0000000085e00000|  0%| F|  |TAMS 0x0000000085d00000, 0x0000000085d00000| Untracked 
|  94|0x0000000085e00000, 0x0000000085e00000, 0x0000000085f00000|  0%| F|  |TAMS 0x0000000085e00000, 0x0000000085e00000| Untracked 
|  95|0x0000000085f00000, 0x0000000085f00000, 0x0000000086000000|  0%| F|  |TAMS 0x0000000085f00000, 0x0000000085f00000| Untracked 
|  96|0x0000000086000000, 0x0000000086000000, 0x0000000086100000|  0%| F|  |TAMS 0x0000000086000000, 0x0000000086000000| Untracked 
|  97|0x0000000086100000, 0x0000000086100000, 0x0000000086200000|  0%| F|  |TAMS 0x0000000086100000, 0x0000000086100000| Untracked 
|  98|0x0000000086200000, 0x0000000086200000, 0x0000000086300000|  0%| F|  |TAMS 0x0000000086200000, 0x0000000086200000| Untracked 
|  99|0x0000000086300000, 0x0000000086300000, 0x0000000086400000|  0%| F|  |TAMS 0x0000000086300000, 0x0000000086300000| Untracked 
| 100|0x0000000086400000, 0x0000000086400000, 0x0000000086500000|  0%| F|  |TAMS 0x0000000086400000, 0x0000000086400000| Untracked 
| 101|0x0000000086500000, 0x0000000086500000, 0x0000000086600000|  0%| F|  |TAMS 0x0000000086500000, 0x0000000086500000| Untracked 
| 102|0x0000000086600000, 0x0000000086600000, 0x0000000086700000|  0%| F|  |TAMS 0x0000000086600000, 0x0000000086600000| Untracked 
| 103|0x0000000086700000, 0x0000000086700000, 0x0000000086800000|  0%| F|  |TAMS 0x0000000086700000, 0x0000000086700000| Untracked 
| 104|0x0000000086800000, 0x0000000086800000, 0x0000000086900000|  0%| F|  |TAMS 0x0000000086800000, 0x0000000086800000| Untracked 
| 105|0x0000000086900000, 0x0000000086900000, 0x0000000086a00000|  0%| F|  |TAMS 0x0000000086900000, 0x0000000086900000| Untracked 
| 106|0x0000000086a00000, 0x0000000086a00000, 0x0000000086b00000|  0%| F|  |TAMS 0x0000000086a00000, 0x0000000086a00000| Untracked 
| 107|0x0000000086b00000, 0x0000000086b00000, 0x0000000086c00000|  0%| F|  |TAMS 0x0000000086b00000, 0x0000000086b00000| Untracked 
| 108|0x0000000086c00000, 0x0000000086c00000, 0x0000000086d00000|  0%| F|  |TAMS 0x0000000086c00000, 0x0000000086c00000| Untracked 
| 109|0x0000000086d00000, 0x0000000086d00000, 0x0000000086e00000|  0%| F|  |TAMS 0x0000000086d00000, 0x0000000086d00000| Untracked 
| 110|0x0000000086e00000, 0x0000000086e00000, 0x0000000086f00000|  0%| F|  |TAMS 0x0000000086e00000, 0x0000000086e00000| Untracked 
| 111|0x0000000086f00000, 0x0000000086f00000, 0x0000000087000000|  0%| F|  |TAMS 0x0000000086f00000, 0x0000000086f00000| Untracked 
| 112|0x0000000087000000, 0x0000000087000000, 0x0000000087100000|  0%| F|  |TAMS 0x0000000087000000, 0x0000000087000000| Untracked 
| 113|0x0000000087100000, 0x0000000087100000, 0x0000000087200000|  0%| F|  |TAMS 0x0000000087100000, 0x0000000087100000| Untracked 
| 114|0x0000000087200000, 0x0000000087200000, 0x0000000087300000|  0%| F|  |TAMS 0x0000000087200000, 0x0000000087200000| Untracked 
| 115|0x0000000087300000, 0x0000000087300000, 0x0000000087400000|  0%| F|  |TAMS 0x0000000087300000, 0x0000000087300000| Untracked 
| 116|0x0000000087400000, 0x0000000087400000, 0x0000000087500000|  0%| F|  |TAMS 0x0000000087400000, 0x0000000087400000| Untracked 
| 117|0x0000000087500000, 0x0000000087500000, 0x0000000087600000|  0%| F|  |TAMS 0x0000000087500000, 0x0000000087500000| Untracked 
| 118|0x0000000087600000, 0x0000000087600000, 0x0000000087700000|  0%| F|  |TAMS 0x0000000087600000, 0x0000000087600000| Untracked 
| 119|0x0000000087700000, 0x0000000087700000, 0x0000000087800000|  0%| F|  |TAMS 0x0000000087700000, 0x0000000087700000| Untracked 
| 120|0x0000000087800000, 0x0000000087800000, 0x0000000087900000|  0%| F|  |TAMS 0x0000000087800000, 0x0000000087800000| Untracked 
| 121|0x0000000087900000, 0x0000000087900000, 0x0000000087a00000|  0%| F|  |TAMS 0x0000000087900000, 0x0000000087900000| Untracked 
| 122|0x0000000087a00000, 0x0000000087a13c38, 0x0000000087b00000|  7%| S|CS|TAMS 0x0000000087a00000, 0x0000000087a00000| Complete 
| 123|0x0000000087b00000, 0x0000000087c00000, 0x0000000087c00000|100%| S|CS|TAMS 0x0000000087b00000, 0x0000000087b00000| Complete 
| 124|0x0000000087c00000, 0x0000000087d00000, 0x0000000087d00000|100%| S|CS|TAMS 0x0000000087c00000, 0x0000000087c00000| Complete 
| 125|0x0000000087d00000, 0x0000000087d00000, 0x0000000087e00000|  0%| F|  |TAMS 0x0000000087d00000, 0x0000000087d00000| Untracked 
| 126|0x0000000087e00000, 0x0000000087e00000, 0x0000000087f00000|  0%| F|  |TAMS 0x0000000087e00000, 0x0000000087e00000| Untracked 
| 127|0x0000000087f00000, 0x0000000087f00000, 0x0000000088000000|  0%| F|  |TAMS 0x0000000087f00000, 0x0000000087f00000| Untracked 

Card table byte_map: [0x0000023d18230000,0x0000023d18630000] _byte_map_base: 0x0000023d17e30000

Marking Bits (Prev, Next): (CMBitMap*) 0x0000023d7f8cb1d0, (CMBitMap*) 0x0000023d7f8cb210
 Prev Bits: [0x0000023d18a30000, 0x0000023d1aa30000)
 Next Bits: [0x0000023d1aa30000, 0x0000023d1ca30000)

Polling page: 0x0000023d7f940000

Metaspace:

Usage:
  Non-class:     61.21 MB used.
      Class:      9.75 MB used.
       Both:     70.96 MB used.

Virtual space:
  Non-class space:       64.00 MB reserved,      61.69 MB ( 96%) committed,  8 nodes.
      Class space:      412.00 MB reserved,      10.12 MB (  2%) committed,  1 nodes.
             Both:      476.00 MB reserved,      71.81 MB ( 15%) committed. 

Chunk freelists:
   Non-Class:  2.22 MB
       Class:  1.76 MB
        Both:  3.98 MB

MaxMetaspaceSize: 512.00 MB
CompressedClassSpaceSize: 412.00 MB
Initial GC threshold: 21.00 MB
Current GC threshold: 107.62 MB
CDS: on
MetaspaceReclaimPolicy: balanced
 - commit_granule_bytes: 65536.
 - commit_granule_words: 8192.
 - virtual_space_node_default_size: 1048576.
 - enlarge_chunks_in_place: 1.
 - new_chunks_are_fully_committed: 0.
 - uncommit_free_chunks: 1.
 - use_allocation_guard: 0.
 - handle_deallocations: 1.


Internal statistics:

num_allocs_failed_limit: 6.
num_arena_births: 1138.
num_arena_deaths: 0.
num_vsnodes_births: 9.
num_vsnodes_deaths: 0.
num_space_committed: 1149.
num_space_uncommitted: 0.
num_chunks_returned_to_freelist: 6.
num_chunks_taken_from_freelist: 4180.
num_chunk_merges: 3.
num_chunk_splits: 2719.
num_chunks_enlarged: 1735.
num_purges: 0.
num_inconsistent_stats: 0.

CodeHeap 'non-profiled nmethods': size=120000Kb used=4577Kb max_used=4855Kb free=115422Kb
 bounds [0x0000023d10900000, 0x0000023d10dd0000, 0x0000023d17e30000]
CodeHeap 'profiled nmethods': size=120000Kb used=16832Kb max_used=16846Kb free=103167Kb
 bounds [0x0000023d08e30000, 0x0000023d09ed0000, 0x0000023d10360000]
CodeHeap 'non-nmethods': size=5760Kb used=2387Kb max_used=2463Kb free=3372Kb
 bounds [0x0000023d10360000, 0x0000023d105e0000, 0x0000023d10900000]
 total_blobs=9573 nmethods=8655 adapters=830
 compilation: enabled
              stopped_count=0, restarted_count=0
 full_count=0

Compilation events (20 events):
Event: 35.900 Thread 0x0000023d1eff4300 10022       3       java.math.MutableBigInteger::rightShift (79 bytes)
Event: 35.900 Thread 0x0000023d1eff4300 nmethod 10022 0x0000023d09d25010 code [0x0000023d09d25200, 0x0000023d09d255a8]
Event: 35.900 Thread 0x0000023d1eff4300 10023       3       java.math.MutableBigInteger::primitiveLeftShift (89 bytes)
Event: 35.901 Thread 0x0000023d1eff4300 nmethod 10023 0x0000023d09d24a90 code [0x0000023d09d24c40, 0x0000023d09d24eb8]
Event: 35.901 Thread 0x0000023d1eff4300 10024       3       java.math.MutableBigInteger::getLowestSetBit (74 bytes)
Event: 35.901 Thread 0x0000023d1eff4300 nmethod 10024 0x0000023d09d24410 code [0x0000023d09d245e0, 0x0000023d09d24948]
Event: 35.905 Thread 0x0000023d1eff4300 10026       3       java.math.BigInteger::multiplyToLenCheck (28 bytes)
Event: 35.905 Thread 0x0000023d1eff4300 nmethod 10026 0x0000023d09d23c90 code [0x0000023d09d23e60, 0x0000023d09d24238]
Event: 35.915 Thread 0x0000023d1eff4300 10027       3       jdk.internal.icu.impl.NormalizerImpl::decompose (257 bytes)
Event: 35.917 Thread 0x0000023d1eff4300 nmethod 10027 0x0000023d09d21f90 code [0x0000023d09d22260, 0x0000023d09d23608]
Event: 35.917 Thread 0x0000023d1eff4300 10028       3       java.lang.StringBuilder::charAt (6 bytes)
Event: 35.917 Thread 0x0000023d1eff4300 nmethod 10028 0x0000023d09d21c10 code [0x0000023d09d21da0, 0x0000023d09d21ee8]
Event: 35.917 Thread 0x0000023d1eff4300 10029       3       java.lang.AbstractStringBuilder::charAt (36 bytes)
Event: 35.917 Thread 0x0000023d1eff4300 nmethod 10029 0x0000023d09d21410 code [0x0000023d09d21600, 0x0000023d09d21a38]
Event: 35.919 Thread 0x0000023d1eff4300 10030  s    2       java.util.Hashtable::put (104 bytes)
Event: 35.919 Thread 0x0000023d1eff4300 nmethod 10030 0x0000023d09d20910 code [0x0000023d09d20b00, 0x0000023d09d20fd8]
Event: 35.920 Thread 0x0000023d1eff4300 10031   !   3       java.security.Provider::getService (128 bytes)
Event: 35.920 Thread 0x0000023d1eff4300 nmethod 10031 0x0000023d09996e90 code [0x0000023d09997100, 0x0000023d09997de8]
Event: 35.920 Thread 0x0000023d1eff4300 10032       3       java.security.Provider$ServiceKey::matches (22 bytes)
Event: 35.921 Thread 0x0000023d1eff4300 nmethod 10032 0x0000023d09996a90 code [0x0000023d09996c20, 0x0000023d09996dd8]

GC Heap History (20 events):
Event: 31.280 GC heap after
{Heap after GC invocations=26 (full 0):
 garbage-first heap   total 94208K, used 56189K [0x0000000080000000, 0x0000000100000000)
  region size 1024K, 3 young (3072K), 3 survivors (3072K)
 Metaspace       used 55803K, committed 56576K, reserved 471040K
  class space    used 7800K, committed 8192K, reserved 421888K
}
Event: 31.604 GC heap before
{Heap before GC invocations=27 (full 0):
 garbage-first heap   total 107520K, used 75645K [0x0000000080000000, 0x0000000100000000)
  region size 1024K, 22 young (22528K), 3 survivors (3072K)
 Metaspace       used 57518K, committed 58240K, reserved 479232K
  class space    used 8016K, committed 8384K, reserved 421888K
}
Event: 31.612 GC heap after
{Heap after GC invocations=28 (full 0):
 garbage-first heap   total 107520K, used 59153K [0x0000000080000000, 0x0000000100000000)
  region size 1024K, 3 young (3072K), 3 survivors (3072K)
 Metaspace       used 57518K, committed 58240K, reserved 479232K
  class space    used 8016K, committed 8384K, reserved 421888K
}
Event: 32.041 GC heap before
{Heap before GC invocations=28 (full 0):
 garbage-first heap   total 107520K, used 84753K [0x0000000080000000, 0x0000000100000000)
  region size 1024K, 29 young (29696K), 3 survivors (3072K)
 Metaspace       used 59413K, committed 60288K, reserved 479232K
  class space    used 8293K, committed 8704K, reserved 421888K
}
Event: 32.048 GC heap after
{Heap after GC invocations=29 (full 0):
 garbage-first heap   total 129024K, used 61107K [0x0000000080000000, 0x0000000100000000)
  region size 1024K, 3 young (3072K), 3 survivors (3072K)
 Metaspace       used 59413K, committed 60288K, reserved 479232K
  class space    used 8293K, committed 8704K, reserved 421888K
}
Event: 32.919 GC heap before
{Heap before GC invocations=30 (full 0):
 garbage-first heap   total 129024K, used 98995K [0x0000000080000000, 0x0000000100000000)
  region size 1024K, 40 young (40960K), 3 survivors (3072K)
 Metaspace       used 61749K, committed 62528K, reserved 479232K
  class space    used 8634K, committed 9024K, reserved 421888K
}
Event: 32.926 GC heap after
{Heap after GC invocations=31 (full 0):
 garbage-first heap   total 129024K, used 64720K [0x0000000080000000, 0x0000000100000000)
  region size 1024K, 4 young (4096K), 4 survivors (4096K)
 Metaspace       used 61749K, committed 62528K, reserved 479232K
  class space    used 8634K, committed 9024K, reserved 421888K
}
Event: 32.962 GC heap before
{Heap before GC invocations=31 (full 0):
 garbage-first heap   total 129024K, used 66768K [0x0000000080000000, 0x0000000100000000)
  region size 1024K, 6 young (6144K), 4 survivors (4096K)
 Metaspace       used 61864K, committed 62656K, reserved 479232K
  class space    used 8647K, committed 9024K, reserved 421888K
}
Event: 32.968 GC heap after
{Heap after GC invocations=32 (full 0):
 garbage-first heap   total 129024K, used 64851K [0x0000000080000000, 0x0000000100000000)
  region size 1024K, 1 young (1024K), 1 survivors (1024K)
 Metaspace       used 61864K, committed 62656K, reserved 479232K
  class space    used 8647K, committed 9024K, reserved 421888K
}
Event: 33.683 GC heap before
{Heap before GC invocations=32 (full 0):
 garbage-first heap   total 129024K, used 100691K [0x0000000080000000, 0x0000000100000000)
  region size 1024K, 36 young (36864K), 1 survivors (1024K)
 Metaspace       used 64808K, committed 65664K, reserved 479232K
  class space    used 9066K, committed 9472K, reserved 421888K
}
Event: 33.691 GC heap after
{Heap after GC invocations=33 (full 0):
 garbage-first heap   total 129024K, used 68518K [0x0000000080000000, 0x0000000100000000)
  region size 1024K, 5 young (5120K), 5 survivors (5120K)
 Metaspace       used 64808K, committed 65664K, reserved 479232K
  class space    used 9066K, committed 9472K, reserved 421888K
}
Event: 34.575 GC heap before
{Heap before GC invocations=34 (full 0):
 garbage-first heap   total 129024K, used 101286K [0x0000000080000000, 0x0000000100000000)
  region size 1024K, 38 young (38912K), 5 survivors (5120K)
 Metaspace       used 66794K, committed 67648K, reserved 487424K
  class space    used 9320K, committed 9728K, reserved 421888K
}
Event: 34.583 GC heap after
{Heap after GC invocations=35 (full 0):
 garbage-first heap   total 129024K, used 72356K [0x0000000080000000, 0x0000000100000000)
  region size 1024K, 4 young (4096K), 4 survivors (4096K)
 Metaspace       used 66794K, committed 67648K, reserved 487424K
  class space    used 9320K, committed 9728K, reserved 421888K
}
Event: 34.614 GC heap before
{Heap before GC invocations=35 (full 0):
 garbage-first heap   total 129024K, used 73380K [0x0000000080000000, 0x0000000100000000)
  region size 1024K, 6 young (6144K), 4 survivors (4096K)
 Metaspace       used 66795K, committed 67648K, reserved 487424K
  class space    used 9320K, committed 9728K, reserved 421888K
}
Event: 34.622 GC heap after
{Heap after GC invocations=36 (full 0):
 garbage-first heap   total 129024K, used 72171K [0x0000000080000000, 0x0000000100000000)
  region size 1024K, 1 young (1024K), 1 survivors (1024K)
 Metaspace       used 66795K, committed 67648K, reserved 487424K
  class space    used 9320K, committed 9728K, reserved 421888K
}
Event: 35.324 GC heap before
{Heap before GC invocations=36 (full 0):
 garbage-first heap   total 129024K, used 105963K [0x0000000080000000, 0x0000000100000000)
  region size 1024K, 32 young (32768K), 1 survivors (1024K)
 Metaspace       used 69360K, committed 70272K, reserved 487424K
  class space    used 9630K, committed 10048K, reserved 421888K
}
Event: 35.331 GC heap after
{Heap after GC invocations=37 (full 0):
 garbage-first heap   total 129024K, used 81307K [0x0000000080000000, 0x0000000100000000)
  region size 1024K, 4 young (4096K), 4 survivors (4096K)
 Metaspace       used 69360K, committed 70272K, reserved 487424K
  class space    used 9630K, committed 10048K, reserved 421888K
}
Event: 35.887 GC heap before
{Heap before GC invocations=37 (full 0):
 garbage-first heap   total 129024K, used 103835K [0x0000000080000000, 0x0000000100000000)
  region size 1024K, 27 young (27648K), 4 survivors (4096K)
 Metaspace       used 72645K, committed 73536K, reserved 487424K
  class space    used 9977K, committed 10368K, reserved 421888K
}
Event: 35.895 GC heap after
{Heap after GC invocations=38 (full 0):
 garbage-first heap   total 129024K, used 83750K [0x0000000080000000, 0x0000000100000000)
  region size 1024K, 3 young (3072K), 3 survivors (3072K)
 Metaspace       used 72645K, committed 73536K, reserved 487424K
  class space    used 9977K, committed 10368K, reserved 421888K
}
Event: 35.926 GC heap before
{Heap before GC invocations=38 (full 0):
 garbage-first heap   total 129024K, used 83750K [0x0000000080000000, 0x0000000100000000)
  region size 1024K, 4 young (4096K), 3 survivors (3072K)
 Metaspace       used 72663K, committed 73536K, reserved 487424K
  class space    used 9980K, committed 10368K, reserved 421888K
}

Dll operation events (12 events):
Event: 0.007 Loaded shared library C:\Program Files\Eclipse Adoptium\jdk-17.0.6.10-hotspot\bin\java.dll
Event: 0.016 Loaded shared library C:\Program Files\Eclipse Adoptium\jdk-17.0.6.10-hotspot\bin\jsvml.dll
Event: 0.056 Loaded shared library C:\Program Files\Eclipse Adoptium\jdk-17.0.6.10-hotspot\bin\net.dll
Event: 0.057 Loaded shared library C:\Program Files\Eclipse Adoptium\jdk-17.0.6.10-hotspot\bin\nio.dll
Event: 0.061 Loaded shared library C:\Program Files\Eclipse Adoptium\jdk-17.0.6.10-hotspot\bin\zip.dll
Event: 0.216 Loaded shared library C:\Program Files\Eclipse Adoptium\jdk-17.0.6.10-hotspot\bin\jimage.dll
Event: 0.290 Loaded shared library C:\Program Files\Eclipse Adoptium\jdk-17.0.6.10-hotspot\bin\verify.dll
Event: 0.481 Loaded shared library C:\Users\songe\.gradle\native\68d5fa5c4cc2d200863cafc0d521ce42e7d3e7ee720ec0a83991735586a16f82\windows-amd64\native-platform.dll
Event: 0.495 Loaded shared library C:\Users\songe\.gradle\native\e376f236ea51e6404a007f0833ffe2c6e607c4080706a723a18a27aeea778392\windows-amd64\native-platform-file-events.dll
Event: 1.365 Loaded shared library C:\Program Files\Eclipse Adoptium\jdk-17.0.6.10-hotspot\bin\management.dll
Event: 1.368 Loaded shared library C:\Program Files\Eclipse Adoptium\jdk-17.0.6.10-hotspot\bin\management_ext.dll
Event: 1.912 Loaded shared library C:\Program Files\Eclipse Adoptium\jdk-17.0.6.10-hotspot\bin\sunmscapi.dll

Deoptimization events (20 events):
Event: 35.869 Thread 0x0000023d215141e0 Uncommon trap: trap_request=0xffffff45 fr.pc=0x0000023d10ae7554 relative=0x0000000000000154
Event: 35.869 Thread 0x0000023d215141e0 Uncommon trap: reason=unstable_if action=reinterpret pc=0x0000023d10ae7554 method=java.util.Arrays.hashCode([B)I @ 1 c2
Event: 35.869 Thread 0x0000023d215141e0 DEOPT PACKING pc=0x0000023d10ae7554 sp=0x0000008cf3bf28e0
Event: 35.869 Thread 0x0000023d215141e0 DEOPT UNPACKING pc=0x0000023d103b69a3 sp=0x0000008cf3bf2858 mode 2
Event: 35.886 Thread 0x0000023d215141e0 DEOPT PACKING pc=0x0000023d09370700 sp=0x0000008cf3bf2bd0
Event: 35.886 Thread 0x0000023d215141e0 DEOPT UNPACKING pc=0x0000023d103b7143 sp=0x0000008cf3bf2060 mode 0
Event: 35.887 Thread 0x0000023d215141e0 DEOPT PACKING pc=0x0000023d09370700 sp=0x0000008cf3bf2bd0
Event: 35.887 Thread 0x0000023d215141e0 DEOPT UNPACKING pc=0x0000023d103b7143 sp=0x0000008cf3bf2060 mode 0
Event: 35.887 Thread 0x0000023d215141e0 DEOPT PACKING pc=0x0000023d09370700 sp=0x0000008cf3bf2bd0
Event: 35.887 Thread 0x0000023d215141e0 DEOPT UNPACKING pc=0x0000023d103b7143 sp=0x0000008cf3bf2060 mode 0
Event: 35.887 Thread 0x0000023d215141e0 DEOPT PACKING pc=0x0000023d09370700 sp=0x0000008cf3bf2bd0
Event: 35.887 Thread 0x0000023d215141e0 DEOPT UNPACKING pc=0x0000023d103b7143 sp=0x0000008cf3bf2060 mode 0
Event: 35.887 Thread 0x0000023d215141e0 DEOPT PACKING pc=0x0000023d09370700 sp=0x0000008cf3bf2a30
Event: 35.887 Thread 0x0000023d215141e0 DEOPT UNPACKING pc=0x0000023d103b7143 sp=0x0000008cf3bf1ec0 mode 0
Event: 35.897 Thread 0x0000023d215141e0 Uncommon trap: trap_request=0xffffffde fr.pc=0x0000023d10a82fc4 relative=0x0000000000000304
Event: 35.897 Thread 0x0000023d215141e0 Uncommon trap: reason=class_check action=maybe_recompile pc=0x0000023d10a82fc4 method=java.util.Hashtable.addEntry(ILjava/lang/Object;Ljava/lang/Object;I)V @ 28 c2
Event: 35.897 Thread 0x0000023d215141e0 DEOPT PACKING pc=0x0000023d10a82fc4 sp=0x0000008cf3bf2550
Event: 35.897 Thread 0x0000023d215141e0 DEOPT UNPACKING pc=0x0000023d103b69a3 sp=0x0000008cf3bf2530 mode 2
Event: 35.897 Thread 0x0000023d215141e0 DEOPT PACKING pc=0x0000023d09399006 sp=0x0000008cf3bf2270
Event: 35.897 Thread 0x0000023d215141e0 DEOPT UNPACKING pc=0x0000023d103b7143 sp=0x0000008cf3bf16f0 mode 0

Classes unloaded (0 events):
No events

Classes redefined (0 events):
No events

Internal exceptions (20 events):
Event: 33.949 Thread 0x0000023d2084ced0 Exception <a 'java/lang/NoSuchMethodError'{0x0000000087501040}: 'void java.lang.invoke.DirectMethodHandle$Holder.invokeVirtual(java.lang.Object, java.lang.Object)'> (0x0000000087501040) 
thrown [s\src\hotspot\share\interpreter\linkResolver.cpp, line 759]
Event: 34.015 Thread 0x0000023d21516860 Exception <a 'java/lang/NoSuchMethodError'{0x00000000873c8a98}: static [Ljava/lang/Object;.<clinit>()V> (0x00000000873c8a98) 
thrown [s\src\hotspot\share\prims\jni.cpp, line 1107]
Event: 34.441 Thread 0x0000023d22815720 Exception <a 'sun/nio/fs/WindowsException'{0x0000000086502aa0}> (0x0000000086502aa0) 
thrown [s\src\hotspot\share\prims\jni.cpp, line 516]
Event: 34.543 Thread 0x0000023d22815720 Exception <a 'sun/nio/fs/WindowsException'{0x0000000085fddbd0}> (0x0000000085fddbd0) 
thrown [s\src\hotspot\share\prims\jni.cpp, line 516]
Event: 34.544 Thread 0x0000023d22815720 Exception <a 'sun/nio/fs/WindowsException'{0x0000000085fdde28}> (0x0000000085fdde28) 
thrown [s\src\hotspot\share\prims\jni.cpp, line 516]
Event: 34.651 Thread 0x0000023d215141e0 Exception <a 'java/lang/ClassNotFoundException'{0x0000000087cf6e50}: build_1gd5hwe6k76l7gh93g3ct2ypvBeanInfo> (0x0000000087cf6e50) 
thrown [s\src\hotspot\share\classfile\systemDictionary.cpp, line 256]
Event: 34.651 Thread 0x0000023d215141e0 Exception <a 'java/lang/ClassNotFoundException'{0x0000000087cfd948}: build_1gd5hwe6k76l7gh93g3ct2ypvCustomizer> (0x0000000087cfd948) 
thrown [s\src\hotspot\share\classfile\systemDictionary.cpp, line 256]
Event: 34.850 Thread 0x0000023d215141e0 Exception <a 'java/lang/ClassNotFoundException'{0x00000000873e3f38}: org/gradle/api/internal/artifacts/repositories/DefaultMavenArtifactRepository_DecoratedBeanInfo> (0x00000000873e3f38) 
thrown [s\src\hotspot\share\classfile\systemDictionary.cpp, line 256]
Event: 34.851 Thread 0x0000023d215141e0 Exception <a 'java/lang/ClassNotFoundException'{0x0000000087204a58}: org/gradle/api/internal/artifacts/repositories/DefaultMavenArtifactRepositoryBeanInfo> (0x0000000087204a58) 
thrown [s\src\hotspot\share\classfile\systemDictionary.cpp, line 256]
Event: 34.851 Thread 0x0000023d215141e0 Exception <a 'java/lang/ClassNotFoundException'{0x0000000087225410}: org/gradle/api/internal/artifacts/repositories/AbstractAuthenticationSupportedRepositoryBeanInfo> (0x0000000087225410) 
thrown [s\src\hotspot\share\classfile\systemDictionary.cpp, line 256]
Event: 34.852 Thread 0x0000023d215141e0 Exception <a 'java/lang/ClassNotFoundException'{0x0000000087246030}: org/gradle/api/internal/artifacts/repositories/AbstractResolutionAwareArtifactRepositoryBeanInfo> (0x0000000087246030) 
thrown [s\src\hotspot\share\classfile\systemDictionary.cpp, line 256]
Event: 34.853 Thread 0x0000023d215141e0 Exception <a 'java/lang/ClassNotFoundException'{0x0000000087266340}: org/gradle/api/internal/artifacts/repositories/AbstractArtifactRepositoryBeanInfo> (0x0000000087266340) 
thrown [s\src\hotspot\share\classfile\systemDictionary.cpp, line 256]
Event: 34.853 Thread 0x0000023d215141e0 Exception <a 'java/lang/ClassNotFoundException'{0x00000000872868c0}: org/gradle/api/internal/artifacts/repositories/AbstractArtifactRepositoryCustomizer> (0x00000000872868c0) 
thrown [s\src\hotspot\share\classfile\systemDictionary.cpp, line 256]
Event: 34.854 Thread 0x0000023d215141e0 Exception <a 'java/lang/ClassNotFoundException'{0x00000000872c3d10}: org/gradle/api/internal/artifacts/repositories/AbstractResolutionAwareArtifactRepositoryCustomizer> (0x00000000872c3d10) 
thrown [s\src\hotspot\share\classfile\systemDictionary.cpp, line 256]
Event: 34.856 Thread 0x0000023d215141e0 Exception <a 'java/lang/ClassNotFoundException'{0x00000000872ed1f8}: org/gradle/api/internal/artifacts/repositories/AbstractAuthenticationSupportedRepositoryCustomizer> (0x00000000872ed1f8) 
thrown [s\src\hotspot\share\classfile\systemDictionary.cpp, line 256]
Event: 34.857 Thread 0x0000023d215141e0 Exception <a 'java/lang/ClassNotFoundException'{0x000000008711fa58}: org/gradle/api/internal/artifacts/repositories/DefaultMavenArtifactRepositoryCustomizer> (0x000000008711fa58) 
thrown [s\src\hotspot\share\classfile\systemDictionary.cpp, line 256]
Event: 34.859 Thread 0x0000023d215141e0 Exception <a 'java/lang/ClassNotFoundException'{0x0000000087158560}: org/gradle/api/internal/artifacts/repositories/DefaultMavenArtifactRepository_DecoratedCustomizer> (0x0000000087158560) 
thrown [s\src\hotspot\share\classfile\systemDictionary.cpp, line 256]
Event: 34.912 Thread 0x0000023d215141e0 Exception <a 'java/lang/ClassNotFoundException'{0x0000000086f676f0}: build_dsvqtx974ajhc8xsx1epgew56BeanInfo> (0x0000000086f676f0) 
thrown [s\src\hotspot\share\classfile\systemDictionary.cpp, line 256]
Event: 34.912 Thread 0x0000023d215141e0 Exception <a 'java/lang/ClassNotFoundException'{0x0000000086f6e248}: build_dsvqtx974ajhc8xsx1epgew56Customizer> (0x0000000086f6e248) 
thrown [s\src\hotspot\share\classfile\systemDictionary.cpp, line 256]
Event: 35.869 Thread 0x0000023d215141e0 Implicit null exception at 0x0000023d10ae740c to 0x0000023d10ae7546

VM Operations (20 events):
Event: 34.430 Executing VM operation: HandshakeAllThreads done
Event: 34.432 Executing VM operation: HandshakeAllThreads
Event: 34.432 Executing VM operation: HandshakeAllThreads done
Event: 34.444 Executing VM operation: HandshakeAllThreads
Event: 34.444 Executing VM operation: HandshakeAllThreads done
Event: 34.575 Executing VM operation: G1CollectForAllocation
Event: 34.583 Executing VM operation: G1CollectForAllocation done
Event: 34.614 Executing VM operation: G1CollectForAllocation
Event: 34.622 Executing VM operation: G1CollectForAllocation done
Event: 34.662 Executing VM operation: HandshakeAllThreads
Event: 34.662 Executing VM operation: HandshakeAllThreads done
Event: 35.285 Executing VM operation: ICBufferFull
Event: 35.286 Executing VM operation: ICBufferFull done
Event: 35.324 Executing VM operation: G1CollectForAllocation
Event: 35.331 Executing VM operation: G1CollectForAllocation done
Event: 35.876 Executing VM operation: HandshakeAllThreads
Event: 35.877 Executing VM operation: HandshakeAllThreads done
Event: 35.887 Executing VM operation: G1CollectForAllocation
Event: 35.895 Executing VM operation: G1CollectForAllocation done
Event: 35.926 Executing VM operation: G1TryInitiateConcMark

Events (20 events):
Event: 35.872 loading class sun/security/provider/DSA done
Event: 35.872 loading class sun/security/provider/DSA$SHA1withDSA done
Event: 35.872 loading class java/security/interfaces/DSAParams
Event: 35.873 loading class java/security/interfaces/DSAParams done
Event: 35.873 loading class java/security/spec/DSAParameterSpec
Event: 35.873 loading class java/security/spec/DSAParameterSpec done
Event: 35.875 loading class java/math/SignedMutableBigInteger
Event: 35.875 loading class java/math/SignedMutableBigInteger done
Event: 35.884 loading class java/security/cert/CertPathValidatorException
Event: 35.884 loading class java/security/cert/CertPathValidatorException done
Event: 35.884 loading class java/time/Instant$1
Event: 35.884 loading class java/time/Instant$1 done
Event: 35.884 loading class java/security/cert/CertPathValidatorException$BasicReason
Event: 35.884 loading class java/security/cert/CertPathValidatorException$Reason
Event: 35.884 loading class java/security/cert/CertPathValidatorException$Reason done
Event: 35.884 loading class java/security/cert/CertPathValidatorException$BasicReason done
Event: 35.884 loading class java/security/SignatureException
Event: 35.885 loading class java/security/SignatureException done
Event: 35.899 loading class sun/security/provider/DSA$SHA256withDSA
Event: 35.899 loading class sun/security/provider/DSA$SHA256withDSA done


Dynamic libraries:
0x00007ff676560000 - 0x00007ff67656e000 	C:\Program Files\Eclipse Adoptium\jdk-17.0.6.10-hotspot\bin\java.exe
0x00007ffe554f0000 - 0x00007ffe556e8000 	C:\WINDOWS\SYSTEM32\ntdll.dll
0x00007ffe54a80000 - 0x00007ffe54b3f000 	C:\WINDOWS\System32\KERNEL32.DLL
0x00007ffe52d90000 - 0x00007ffe53086000 	C:\WINDOWS\System32\KERNELBASE.dll
0x00007ffe530c0000 - 0x00007ffe531c0000 	C:\WINDOWS\System32\ucrtbase.dll
0x00007ffe19310000 - 0x00007ffe19329000 	C:\Program Files\Eclipse Adoptium\jdk-17.0.6.10-hotspot\bin\VCRUNTIME140.dll
0x00007ffe2a040000 - 0x00007ffe2a057000 	C:\Program Files\Eclipse Adoptium\jdk-17.0.6.10-hotspot\bin\jli.dll
0x00007ffe54fb0000 - 0x00007ffe5514d000 	C:\WINDOWS\System32\USER32.dll
0x00007ffe53090000 - 0x00007ffe530b2000 	C:\WINDOWS\System32\win32u.dll
0x00007ffe3e510000 - 0x00007ffe3e7aa000 	C:\WINDOWS\WinSxS\amd64_microsoft.windows.common-controls_6595b64144ccf1df_6.0.19041.1110_none_60b5254171f9507e\COMCTL32.dll
0x00007ffe54eb0000 - 0x00007ffe54edc000 	C:\WINDOWS\System32\GDI32.dll
0x00007ffe53ee0000 - 0x00007ffe53f7e000 	C:\WINDOWS\System32\msvcrt.dll
0x00007ffe53430000 - 0x00007ffe53545000 	C:\WINDOWS\System32\gdi32full.dll
0x00007ffe531c0000 - 0x00007ffe5325d000 	C:\WINDOWS\System32\msvcp_win.dll
0x00007ffe54d50000 - 0x00007ffe54d80000 	C:\WINDOWS\System32\IMM32.DLL
0x00007ffe2a030000 - 0x00007ffe2a03c000 	C:\Program Files\Eclipse Adoptium\jdk-17.0.6.10-hotspot\bin\vcruntime140_1.dll
0x00007ffe0e3b0000 - 0x00007ffe0e441000 	C:\Program Files\Eclipse Adoptium\jdk-17.0.6.10-hotspot\bin\msvcp140.dll
0x00007ffdd3ec0000 - 0x00007ffdd4b07000 	C:\Program Files\Eclipse Adoptium\jdk-17.0.6.10-hotspot\bin\server\jvm.dll
0x00007ffe546d0000 - 0x00007ffe5477f000 	C:\WINDOWS\System32\ADVAPI32.dll
0x00007ffe537c0000 - 0x00007ffe5385c000 	C:\WINDOWS\System32\sechost.dll
0x00007ffe548a0000 - 0x00007ffe549c6000 	C:\WINDOWS\System32\RPCRT4.dll
0x00007ffe3acf0000 - 0x00007ffe3acf9000 	C:\WINDOWS\SYSTEM32\WSOCK32.dll
0x00007ffe3fc10000 - 0x00007ffe3fc37000 	C:\WINDOWS\SYSTEM32\WINMM.dll
0x00007ffe4f2e0000 - 0x00007ffe4f2ea000 	C:\WINDOWS\SYSTEM32\VERSION.dll
0x00007ffe54ee0000 - 0x00007ffe54f4b000 	C:\WINDOWS\System32\WS2_32.dll
0x00007ffe50c30000 - 0x00007ffe50c42000 	C:\WINDOWS\SYSTEM32\kernel.appcore.dll
0x00007ffe1fda0000 - 0x00007ffe1fdaa000 	C:\Program Files\Eclipse Adoptium\jdk-17.0.6.10-hotspot\bin\jimage.dll
0x00007ffe507b0000 - 0x00007ffe50994000 	C:\WINDOWS\SYSTEM32\DBGHELP.DLL
0x00007ffe39670000 - 0x00007ffe396a4000 	C:\WINDOWS\SYSTEM32\dbgcore.DLL
0x00007ffe52bd0000 - 0x00007ffe52c52000 	C:\WINDOWS\System32\bcryptPrimitives.dll
0x00007ffe192e0000 - 0x00007ffe19305000 	C:\Program Files\Eclipse Adoptium\jdk-17.0.6.10-hotspot\bin\java.dll
0x00007ffe0e2d0000 - 0x00007ffe0e3a6000 	C:\Program Files\Eclipse Adoptium\jdk-17.0.6.10-hotspot\bin\jsvml.dll
0x00007ffe53f80000 - 0x00007ffe546c4000 	C:\WINDOWS\System32\SHELL32.dll
0x00007ffe50c50000 - 0x00007ffe513e3000 	C:\WINDOWS\SYSTEM32\windows.storage.dll
0x00007ffe55150000 - 0x00007ffe554a4000 	C:\WINDOWS\System32\combase.dll
0x00007ffe52610000 - 0x00007ffe5263e000 	C:\WINDOWS\SYSTEM32\Wldp.dll
0x00007ffe53560000 - 0x00007ffe5360d000 	C:\WINDOWS\System32\SHCORE.dll
0x00007ffe54840000 - 0x00007ffe54895000 	C:\WINDOWS\System32\shlwapi.dll
0x00007ffe52b00000 - 0x00007ffe52b25000 	C:\WINDOWS\SYSTEM32\profapi.dll
0x00007ffe12470000 - 0x00007ffe12489000 	C:\Program Files\Eclipse Adoptium\jdk-17.0.6.10-hotspot\bin\net.dll
0x00007ffe46270000 - 0x00007ffe4637a000 	C:\WINDOWS\SYSTEM32\WINHTTP.dll
0x00007ffe52370000 - 0x00007ffe523da000 	C:\WINDOWS\system32\mswsock.dll
0x00007ffe0e2b0000 - 0x00007ffe0e2c5000 	C:\Program Files\Eclipse Adoptium\jdk-17.0.6.10-hotspot\bin\nio.dll
0x00007ffe0e290000 - 0x00007ffe0e2a8000 	C:\Program Files\Eclipse Adoptium\jdk-17.0.6.10-hotspot\bin\zip.dll
0x00007ffe1f9e0000 - 0x00007ffe1f9f0000 	C:\Program Files\Eclipse Adoptium\jdk-17.0.6.10-hotspot\bin\verify.dll
0x00007ffe0e260000 - 0x00007ffe0e287000 	C:\Users\songe\.gradle\native\68d5fa5c4cc2d200863cafc0d521ce42e7d3e7ee720ec0a83991735586a16f82\windows-amd64\native-platform.dll
0x00007ffe0e0c0000 - 0x00007ffe0e204000 	C:\Users\songe\.gradle\native\e376f236ea51e6404a007f0833ffe2c6e607c4080706a723a18a27aeea778392\windows-amd64\native-platform-file-events.dll
0x00007ffe26550000 - 0x00007ffe26559000 	C:\Program Files\Eclipse Adoptium\jdk-17.0.6.10-hotspot\bin\management.dll
0x00007ffe184d0000 - 0x00007ffe184db000 	C:\Program Files\Eclipse Adoptium\jdk-17.0.6.10-hotspot\bin\management_ext.dll
0x00007ffe53550000 - 0x00007ffe53558000 	C:\WINDOWS\System32\PSAPI.DLL
0x00007ffe52570000 - 0x00007ffe52588000 	C:\WINDOWS\SYSTEM32\CRYPTSP.dll
0x00007ffe51c10000 - 0x00007ffe51c44000 	C:\WINDOWS\system32\rsaenh.dll
0x00007ffe52cb0000 - 0x00007ffe52cd7000 	C:\WINDOWS\System32\bcrypt.dll
0x00007ffe52a80000 - 0x00007ffe52aae000 	C:\WINDOWS\SYSTEM32\USERENV.dll
0x00007ffe52560000 - 0x00007ffe5256c000 	C:\WINDOWS\SYSTEM32\CRYPTBASE.dll
0x00007ffe52010000 - 0x00007ffe5204b000 	C:\WINDOWS\SYSTEM32\IPHLPAPI.DLL
0x00007ffe54830000 - 0x00007ffe54838000 	C:\WINDOWS\System32\NSI.dll
0x00007ffe47750000 - 0x00007ffe47767000 	C:\WINDOWS\SYSTEM32\dhcpcsvc6.DLL
0x00007ffe48400000 - 0x00007ffe4841d000 	C:\WINDOWS\SYSTEM32\dhcpcsvc.DLL
0x00007ffe52060000 - 0x00007ffe5212a000 	C:\WINDOWS\SYSTEM32\DNSAPI.dll
0x00007ffe28830000 - 0x00007ffe2883e000 	C:\Program Files\Eclipse Adoptium\jdk-17.0.6.10-hotspot\bin\sunmscapi.dll
0x00007ffe532d0000 - 0x00007ffe5342e000 	C:\WINDOWS\System32\CRYPT32.dll
0x00007ffe52680000 - 0x00007ffe526a8000 	C:\WINDOWS\SYSTEM32\ncrypt.dll
0x00007ffe52640000 - 0x00007ffe5267b000 	C:\WINDOWS\SYSTEM32\NTASN1.dll
0x00007ffe24400000 - 0x00007ffe24407000 	C:\WINDOWS\system32\wshunix.dll

dbghelp: loaded successfully - version: 4.0.5 - missing functions: none
symbol engine: initialized successfully - sym options: 0x614 - pdb path: .;C:\Program Files\Eclipse Adoptium\jdk-17.0.6.10-hotspot\bin;C:\WINDOWS\SYSTEM32;C:\WINDOWS\WinSxS\amd64_microsoft.windows.common-controls_6595b64144ccf1df_6.0.19041.1110_none_60b5254171f9507e;C:\Program Files\Eclipse Adoptium\jdk-17.0.6.10-hotspot\bin\server;C:\Users\songe\.gradle\native\68d5fa5c4cc2d200863cafc0d521ce42e7d3e7ee720ec0a83991735586a16f82\windows-amd64;C:\Users\songe\.gradle\native\e376f236ea51e6404a007f0833ffe2c6e607c4080706a723a18a27aeea778392\windows-amd64

VM Arguments:
jvm_args: -XX:MaxMetaspaceSize=512m --add-opens=java.base/java.util=ALL-UNNAMED --add-opens=java.base/java.lang=ALL-UNNAMED --add-opens=java.base/java.lang.invoke=ALL-UNNAMED --add-opens=java.prefs/java.util.prefs=ALL-UNNAMED --add-opens=java.base/java.nio.charset=ALL-UNNAMED --add-opens=java.base/java.net=ALL-UNNAMED --add-opens=java.base/java.util.concurrent.atomic=ALL-UNNAMED -Xmx2048m -Dfile.encoding=utf8 -Duser.country=ZA -Duser.language=en -Duser.variant 
java_command: org.gradle.launcher.daemon.bootstrap.GradleDaemon 8.0.1
java_class_path (initial): C:\Users\songe\.gradle\wrapper\dists\gradle-8.0.1-all\aro4hu1c3oeioove7l0i4i14o\gradle-8.0.1\lib\gradle-launcher-8.0.1.jar
Launcher Type: SUN_STANDARD

[Global flags]
     intx CICompilerCount                          = 3                                         {product} {ergonomic}
   size_t CompressedClassSpaceSize                 = 432013312                                 {product} {ergonomic}
     uint ConcGCThreads                            = 1                                         {product} {ergonomic}
     uint G1ConcRefinementThreads                  = 4                                         {product} {ergonomic}
   size_t G1HeapRegionSize                         = 1048576                                   {product} {ergonomic}
    uintx GCDrainStackTargetSize                   = 64                                        {product} {ergonomic}
   size_t InitialHeapSize                          = 134217728                                 {product} {ergonomic}
   size_t MarkStackSize                            = 4194304                                   {product} {ergonomic}
   size_t MaxHeapSize                              = 2147483648                                {product} {command line}
   size_t MaxMetaspaceSize                         = 536870912                                 {product} {command line}
   size_t MaxNewSize                               = 1287651328                                {product} {ergonomic}
   size_t MinHeapDeltaBytes                        = 1048576                                   {product} {ergonomic}
   size_t MinHeapSize                              = 8388608                                   {product} {ergonomic}
    uintx NonNMethodCodeHeapSize                   = 5832780                                {pd product} {ergonomic}
    uintx NonProfiledCodeHeapSize                  = 122912730                              {pd product} {ergonomic}
    uintx ProfiledCodeHeapSize                     = 122912730                              {pd product} {ergonomic}
    uintx ReservedCodeCacheSize                    = 251658240                              {pd product} {ergonomic}
     bool SegmentedCodeCache                       = true                                      {product} {ergonomic}
   size_t SoftMaxHeapSize                          = 2147483648                             {manageable} {ergonomic}
     bool UseCompressedClassPointers               = true                           {product lp64_product} {ergonomic}
     bool UseCompressedOops                        = true                           {product lp64_product} {ergonomic}
     bool UseG1GC                                  = true                                      {product} {ergonomic}
     bool UseLargePagesIndividualAllocation        = false                                  {pd product} {ergonomic}

Logging:
Log output configuration:
 #0: stdout all=warning uptime,level,tags
 #1: stderr all=off uptime,level,tags

Environment Variables:
JAVA_HOME=C:\Program Files\Eclipse Adoptium\jdk-17.0.6.10-hotspot
PATH=C:\Program Files\Eclipse Adoptium\jdk-17.0.6.10-hotspot\bin;C:\Program Files (x86)\Intel\Intel(R) Management Engine Components\iCLS\;C:\Program Files\Intel\Intel(R) Management Engine Components\iCLS\;C:\Windows\system32;C:\Windows;C:\Windows\System32\Wbem;C:\Windows\System32\WindowsPowerShell\v1.0\;C:\Program Files (x86)\NVIDIA Corporation\PhysX\Common;C:\Program Files (x86)\Intel\Intel(R) Management Engine Components\DAL;C:\Program Files\Intel\Intel(R) Management Engine Components\DAL;C:\Program Files (x86)\Intel\Intel(R) Management Engine Components\IPT;C:\Program Files\Intel\Intel(R) Management Engine Components\IPT;C:\Program Files\Intel\WiFi\bin\;C:\Program Files\Common Files\Intel\WirelessCommon\;C:\WINDOWS\system32;C:\WINDOWS;C:\WINDOWS\System32\Wbem;C:\WINDOWS\System32\WindowsPowerShell\v1.0\;C:\WINDOWS\System32\OpenSSH\;C:\Program Files\Microsoft SQL Server\150\Tools\Binn\;C:\Program Files\Microsoft SQL Server\Client SDK\ODBC\170\Tools\Binn\;C:\Program Files\dotnet\;C:\ProgramData\chocolatey\bin;C:\Program Files\nodejs\;C:\Program Files\NVIDIA Corporation\NVIDIA NvDLISR;C:\Users\songe\AppData\Local\Android\Sdk\tools;C:\Users\songe\AppData\Local\Android\Sdk\tools;C:\Users\songe\AppData\Local\Microsoft\WindowsApps;C:\Users\songe\AppData\Local\Programs\Microsoft VS Code\bin;C:\Users\songe\.dotnet\tools;C:\Users\songe\AppData\Local\GitHubDesktop\bin;C:\Users\songe\AppData\Roaming\npm;C:\Users\songe\AppData\Local\Android\Sdk\platform-tools;C:\Users\songe\AppData\Local\Android\Sdk\platform-tools;
USERNAME=songe
OS=Windows_NT
PROCESSOR_IDENTIFIER=Intel64 Family 6 Model 142 Stepping 9, GenuineIntel
TMP=C:\Users\songe\AppData\Local\Temp
TEMP=C:\Users\songe\AppData\Local\Temp



---------------  S Y S T E M  ---------------

OS:
 Windows 10 , 64 bit Build 19041 (10.0.19041.3155)
OS uptime: 0 days 1:04 hours

CPU: total 4 (initial active 4) (2 cores per cpu, 2 threads per core) family 6 model 142 stepping 9 microcode 0xf0, cx8, cmov, fxsr, ht, mmx, 3dnowpref, sse, sse2, sse3, ssse3, sse4.1, sse4.2, popcnt, lzcnt, tsc, tscinvbit, avx, avx2, aes, erms, clmul, bmi1, bmi2, adx, fma, vzeroupper, clflush, clflushopt

Memory: 4k page, system-wide physical 8089M (1113M free)
TotalPageFile size 11089M (AvailPageFile size 122M)
current process WorkingSet (physical memory assigned to process): 348M, peak: 351M
current process commit charge ("private bytes"): 384M, peak: 504M

vm_info: OpenJDK 64-Bit Server VM (17.0.6+10) for windows-amd64 JRE (17.0.6+10), built on Jan 18 2023 10:08:59 by "temurin" with MS VC++ 16.7 (VS2019)

END.
