#
# There is insufficient memory for the Java Runtime Environment to continue.
# Native memory allocation (malloc) failed to allocate 513232 bytes for Chunk::new
# Possible reasons:
#   The system is out of physical RAM or swap space
#   The process is running with CompressedOops enabled, and the Java Heap may be blocking the growth of the native heap
# Possible solutions:
#   Reduce memory load on the system
#   Increase physical memory or swap space
#   Check if swap backing store is full
#   Decrease Java heap size (-Xmx/-Xms)
#   Decrease number of Java threads
#   Decrease Java thread stack sizes (-Xss)
#   Set larger code cache with -XX:ReservedCodeCacheSize=
#   JVM is running with Unscaled Compressed Oops mode in which the Java heap is
#     placed in the first 4GB address space. The Java Heap base address is the
#     maximum limit for the native heap growth. Please use -XX:HeapBaseMinAddress
#     to set the Java Heap base and to place the Java Heap above 4GB virtual address.
# This output file may be truncated or incomplete.
#
#  Out of Memory Error (arena.cpp:189), pid=17372, tid=9188
#
# JRE version: OpenJDK Runtime Environment Temurin-17.0.7+7 (17.0.7+7) (build 17.0.7+7)
# Java VM: OpenJDK 64-Bit Server VM Temurin-17.0.7+7 (17.0.7+7, mixed mode, tiered, compressed oops, compressed class ptrs, parallel gc, windows-amd64)
# No core dump will be written. Minidumps are not enabled by default on client versions of Windows
#

---------------  S U M M A R Y ------------

Command Line: --add-modules=ALL-SYSTEM --add-opens=java.base/java.util=ALL-UNNAMED --add-opens=java.base/java.lang=ALL-UNNAMED --add-opens=java.base/sun.nio.fs=ALL-UNNAMED -Declipse.application=org.eclipse.jdt.ls.core.id1 -Dosgi.bundles.defaultStartLevel=4 -Declipse.product=org.eclipse.jdt.ls.core.product -Djava.import.generatesMetadataFilesAtProjectRoot=false -Dfile.encoding=utf8 -XX:+UseParallelGC -XX:GCTimeRatio=4 -XX:AdaptiveSizePolicyWeight=90 -Dsun.zip.disableMemoryMapping=true -Xmx1G -Xms100m -Xlog:disable -javaagent:c:\Users\songe\.vscode\extensions\redhat.java-1.20.0-win32-x64\lombok\lombok-1.18.28.jar -XX:+HeapDumpOnOutOfMemoryError -XX:HeapDumpPath=c:\Users\songe\AppData\Roaming\Code\User\workspaceStorage\9f40217e6cf427738d6bf507528233cf\redhat.java -Daether.dependencyCollector.impl=bf c:\Users\songe\.vscode\extensions\redhat.java-1.20.0-win32-x64\server\plugins\org.eclipse.equinox.launcher_1.6.500.v20230622-2056.jar -configuration c:\Users\songe\AppData\Roaming\Code\User\globalStorage\redhat.java\1.20.0\config_win -data c:\Users\songe\AppData\Roaming\Code\User\workspaceStorage\9f40217e6cf427738d6bf507528233cf\redhat.java\jdt_ws

Host: Intel(R) Core(TM) i7-7500U CPU @ 2.70GHz, 4 cores, 7G,  Windows 10 , 64 bit Build 19041 (10.0.19041.3155)
Time: Tue Jul 18 20:50:12 2023 South Africa Standard Time elapsed time: 1.226220 seconds (0d 0h 0m 1s)

---------------  T H R E A D  ---------------

Current thread (0x00000248760cba50):  JavaThread "C2 CompilerThread1" daemon [_thread_in_native, id=9188, stack(0x000000a963b00000,0x000000a963c00000)]


Current CompileTask:
C2:   1226  652   !   4       java.util.jar.Attributes::read (498 bytes)

Stack: [0x000000a963b00000,0x000000a963c00000]
Native frames: (J=compiled Java code, j=interpreted, Vv=VM code, C=native code)
V  [jvm.dll+0x67754a]
V  [jvm.dll+0x834304]
V  [jvm.dll+0x835aae]
V  [jvm.dll+0x836113]
V  [jvm.dll+0x24696f]
V  [jvm.dll+0xac0ac]
V  [jvm.dll+0xac67c]
V  [jvm.dll+0x364e37]
V  [jvm.dll+0x32f6b1]
V  [jvm.dll+0x32eb5a]
V  [jvm.dll+0x219641]
V  [jvm.dll+0x218a61]
V  [jvm.dll+0x1a4d8d]
V  [jvm.dll+0x2284da]
V  [jvm.dll+0x226615]
V  [jvm.dll+0x7ea90b]
V  [jvm.dll+0x7e4e7a]
V  [jvm.dll+0x676395]
C  [ucrtbase.dll+0x21bb2]
C  [KERNEL32.DLL+0x17614]
C  [ntdll.dll+0x526b1]


---------------  P R O C E S S  ---------------

Threads class SMR info:
_java_thread_list=0x0000024875e3ce40, length=13, elements={
0x000002485cb412c0, 0x0000024870964740, 0x0000024870965fd0, 0x000002487098f150,
0x000002487098ffc0, 0x0000024870990e30, 0x0000024870994c00, 0x00000248709978f0,
0x00000248709cea90, 0x0000024875bde3b0, 0x000002485cbfec00, 0x0000024875e16f60,
0x00000248760cba50
}

Java Threads: ( => current thread )
  0x000002485cb412c0 JavaThread "main" [_thread_in_Java, id=12584, stack(0x000000a962c00000,0x000000a962d00000)]
  0x0000024870964740 JavaThread "Reference Handler" daemon [_thread_blocked, id=15844, stack(0x000000a962f00000,0x000000a963000000)]
  0x0000024870965fd0 JavaThread "Finalizer" daemon [_thread_blocked, id=17400, stack(0x000000a963000000,0x000000a963100000)]
  0x000002487098f150 JavaThread "Signal Dispatcher" daemon [_thread_blocked, id=12824, stack(0x000000a963100000,0x000000a963200000)]
  0x000002487098ffc0 JavaThread "Attach Listener" daemon [_thread_blocked, id=5180, stack(0x000000a963200000,0x000000a963300000)]
  0x0000024870990e30 JavaThread "Service Thread" daemon [_thread_blocked, id=16232, stack(0x000000a963300000,0x000000a963400000)]
  0x0000024870994c00 JavaThread "Monitor Deflation Thread" daemon [_thread_blocked, id=17748, stack(0x000000a963400000,0x000000a963500000)]
  0x00000248709978f0 JavaThread "C2 CompilerThread0" daemon [_thread_in_native, id=14164, stack(0x000000a963500000,0x000000a963600000)]
  0x00000248709cea90 JavaThread "C1 CompilerThread0" daemon [_thread_blocked, id=16940, stack(0x000000a963600000,0x000000a963700000)]
  0x0000024875bde3b0 JavaThread "Sweeper thread" daemon [_thread_blocked, id=13588, stack(0x000000a963700000,0x000000a963800000)]
  0x000002485cbfec00 JavaThread "Common-Cleaner" daemon [_thread_blocked, id=16800, stack(0x000000a963800000,0x000000a963900000)]
  0x0000024875e16f60 JavaThread "Notification Thread" daemon [_thread_blocked, id=12012, stack(0x000000a963900000,0x000000a963a00000)]
=>0x00000248760cba50 JavaThread "C2 CompilerThread1" daemon [_thread_in_native, id=9188, stack(0x000000a963b00000,0x000000a963c00000)]

Other Threads:
  0x000002487094ef20 VMThread "VM Thread" [stack: 0x000000a962e00000,0x000000a962f00000] [id=6868]
  0x0000024875e470f0 WatcherThread [stack: 0x000000a963a00000,0x000000a963b00000] [id=8136]
  0x000002485cb55e40 GCTaskThread "GC Thread#0" [stack: 0x000000a962d00000,0x000000a962e00000] [id=4584]

Threads with active compile tasks:
C2 CompilerThread0     1249  680       4       sun.security.provider.SHA5::implCompress0 (346 bytes)
C2 CompilerThread1     1249  652   !   4       java.util.jar.Attributes::read (498 bytes)

VM state: not at safepoint (normal execution)

VM Mutex/Monitor currently owned by a thread: None

Heap address: 0x00000000c0000000, size: 1024 MB, Compressed Oops mode: 32-bit

CDS archive(s) not mapped
Compressed class space mapped at: 0x0000000100000000-0x0000000140000000, reserved size: 1073741824
Narrow klass base: 0x0000000000000000, Narrow klass shift: 3, Narrow klass range: 0x140000000

GC Precious Log:
 CPUs: 4 total, 4 available
 Memory: 8089M
 Large Page Support: Disabled
 NUMA Support: Disabled
 Compressed Oops: Enabled (32-bit)
 Alignments: Space 512K, Generation 512K, Heap 2M
 Heap Min Capacity: 100M
 Heap Initial Capacity: 100M
 Heap Max Capacity: 1G
 Pre-touch: Disabled
 Parallel Workers: 4

Heap:
 PSYoungGen      total 29696K, used 16017K [0x00000000eab00000, 0x00000000ecc00000, 0x0000000100000000)
  eden space 25600K, 62% used [0x00000000eab00000,0x00000000ebaa4488,0x00000000ec400000)
  from space 4096K, 0% used [0x00000000ec800000,0x00000000ec800000,0x00000000ecc00000)
  to   space 4096K, 0% used [0x00000000ec400000,0x00000000ec400000,0x00000000ec800000)
 ParOldGen       total 68608K, used 0K [0x00000000c0000000, 0x00000000c4300000, 0x00000000eab00000)
  object space 68608K, 0% used [0x00000000c0000000,0x00000000c0000000,0x00000000c4300000)
 Metaspace       used 9209K, committed 9344K, reserved 1114112K
  class space    used 910K, committed 960K, reserved 1048576K

Card table byte_map: [0x000002485c4f0000,0x000002485c700000] _byte_map_base: 0x000002485bef0000

Marking Bits: (ParMarkBitMap*) 0x00007ffe63f852c0
 Begin Bits: [0x000002486e7d0000, 0x000002486f7d0000)
 End Bits:   [0x000002486f7d0000, 0x00000248707d0000)

Polling page: 0x000002485aab0000

Metaspace:

Usage:
  Non-class:      8.10 MB used.
      Class:    910.66 KB used.
       Both:      8.99 MB used.

Virtual space:
  Non-class space:       64.00 MB reserved,       8.19 MB ( 13%) committed,  1 nodes.
      Class space:        1.00 GB reserved,     960.00 KB ( <1%) committed,  1 nodes.
             Both:        1.06 GB reserved,       9.12 MB ( <1%) committed. 

Chunk freelists:
   Non-Class:  6.91 MB
       Class:  15.09 MB
        Both:  22.00 MB

MaxMetaspaceSize: unlimited
CompressedClassSpaceSize: 1.00 GB
Initial GC threshold: 21.00 MB
Current GC threshold: 21.00 MB
CDS: off
MetaspaceReclaimPolicy: balanced
 - commit_granule_bytes: 65536.
 - commit_granule_words: 8192.
 - virtual_space_node_default_size: 8388608.
 - enlarge_chunks_in_place: 1.
 - new_chunks_are_fully_committed: 0.
 - uncommit_free_chunks: 1.
 - use_allocation_guard: 0.
 - handle_deallocations: 1.


Internal statistics:

num_allocs_failed_limit: 0.
num_arena_births: 10.
num_arena_deaths: 0.
num_vsnodes_births: 2.
num_vsnodes_deaths: 0.
num_space_committed: 146.
num_space_uncommitted: 0.
num_chunks_returned_to_freelist: 0.
num_chunks_taken_from_freelist: 45.
num_chunk_merges: 0.
num_chunk_splits: 25.
num_chunks_enlarged: 20.
num_inconsistent_stats: 0.

CodeHeap 'non-profiled nmethods': size=120000Kb used=268Kb max_used=268Kb free=119731Kb
 bounds [0x00000248672a0000, 0x0000024867510000, 0x000002486e7d0000]
CodeHeap 'profiled nmethods': size=120000Kb used=1097Kb max_used=1097Kb free=118903Kb
 bounds [0x000002485f7d0000, 0x000002485fa40000, 0x0000024866d00000]
CodeHeap 'non-nmethods': size=5760Kb used=1134Kb max_used=1155Kb free=4625Kb
 bounds [0x0000024866d00000, 0x0000024866f70000, 0x00000248672a0000]
 total_blobs=1101 nmethods=678 adapters=338
 compilation: enabled
              stopped_count=0, restarted_count=0
 full_count=0

Compilation events (20 events):
Event: 1.211 Thread 0x00000248709cea90 nmethod 666 0x000002485f8d6f90 code [0x000002485f8d7180, 0x000002485f8d7698]
Event: 1.211 Thread 0x00000248709978f0  667       4       sun.security.provider.SHA5::lf_ch (13 bytes)
Event: 1.212 Thread 0x00000248709978f0 nmethod 667 0x00000248672e0f90 code [0x00000248672e1100, 0x00000248672e1178]
Event: 1.212 Thread 0x00000248709978f0  668       4       sun.security.provider.SHA5::lf_maj (14 bytes)
Event: 1.212 Thread 0x00000248709978f0 nmethod 668 0x00000248672e1290 code [0x00000248672e1400, 0x00000248672e1478]
Event: 1.212 Thread 0x00000248709cea90  669       3       java.lang.Long::reverseBytes (46 bytes)
Event: 1.212 Thread 0x00000248709cea90 nmethod 669 0x000002485f8d7890 code [0x000002485f8d7a20, 0x000002485f8d7b78]
Event: 1.214 Thread 0x00000248709978f0  670       4       sun.security.provider.SHA5::lf_sigma1 (21 bytes)
Event: 1.214 Thread 0x00000248709978f0 nmethod 670 0x00000248672e1590 code [0x00000248672e1700, 0x00000248672e1778]
Event: 1.214 Thread 0x00000248709978f0  671       4       sun.security.provider.SHA5::lf_sigma0 (21 bytes)
Event: 1.215 Thread 0x00000248709978f0 nmethod 671 0x00000248672e1890 code [0x00000248672e1a00, 0x00000248672e1a78]
Event: 1.215 Thread 0x00000248709978f0  672       4       java.lang.Long::reverseBytes (46 bytes)
Event: 1.215 Thread 0x00000248709978f0 nmethod 672 0x00000248672e1b90 code [0x00000248672e1d00, 0x00000248672e1db8]
Event: 1.216 Thread 0x00000248709978f0  673       4       sun.security.provider.SHA5::lf_delta1 (21 bytes)
Event: 1.216 Thread 0x00000248709978f0 nmethod 673 0x00000248672e1e90 code [0x00000248672e2000, 0x00000248672e2078]
Event: 1.216 Thread 0x00000248709978f0  674       4       sun.security.provider.SHA5::lf_delta0 (20 bytes)
Event: 1.216 Thread 0x00000248709978f0 nmethod 674 0x00000248672e2190 code [0x00000248672e2300, 0x00000248672e2378]
Event: 1.217 Thread 0x00000248709cea90  675       3       sun.security.provider.SHA5::implCompress0 (346 bytes)
Event: 1.217 Thread 0x00000248709cea90 nmethod 675 0x000002485f8d7c10 code [0x000002485f8d7e60, 0x000002485f8d8888]
Event: 1.219 Thread 0x00000248709cea90  676       3       sun.security.provider.ByteArrayAccess::b2lBig128 (232 bytes)

GC Heap History (0 events):
No events

Dll operation events (8 events):
Event: 0.029 Loaded shared library c:\Users\songe\.vscode\extensions\redhat.java-1.20.0-win32-x64\jre\17.0.7-win32-x86_64\bin\java.dll
Event: 0.291 Loaded shared library c:\Users\songe\.vscode\extensions\redhat.java-1.20.0-win32-x64\jre\17.0.7-win32-x86_64\bin\zip.dll
Event: 0.299 Loaded shared library C:\Users\songe\.vscode\extensions\redhat.java-1.20.0-win32-x64\jre\17.0.7-win32-x86_64\bin\instrument.dll
Event: 0.317 Loaded shared library C:\Users\songe\.vscode\extensions\redhat.java-1.20.0-win32-x64\jre\17.0.7-win32-x86_64\bin\net.dll
Event: 0.322 Loaded shared library C:\Users\songe\.vscode\extensions\redhat.java-1.20.0-win32-x64\jre\17.0.7-win32-x86_64\bin\nio.dll
Event: 0.331 Loaded shared library C:\Users\songe\.vscode\extensions\redhat.java-1.20.0-win32-x64\jre\17.0.7-win32-x86_64\bin\zip.dll
Event: 0.358 Loaded shared library C:\Users\songe\.vscode\extensions\redhat.java-1.20.0-win32-x64\jre\17.0.7-win32-x86_64\bin\jimage.dll
Event: 0.451 Loaded shared library c:\Users\songe\.vscode\extensions\redhat.java-1.20.0-win32-x64\jre\17.0.7-win32-x86_64\bin\verify.dll

Deoptimization events (20 events):
Event: 0.780 Thread 0x000002485cb412c0 Uncommon trap: trap_request=0xffffff45 fr.pc=0x00000248672c39d8 relative=0x0000000000000678
Event: 0.780 Thread 0x000002485cb412c0 Uncommon trap: reason=unstable_if action=reinterpret pc=0x00000248672c39d8 method=java.lang.String.replace(Ljava/lang/CharSequence;Ljava/lang/CharSequence;)Ljava/lang/String; @ 48 c2
Event: 0.780 Thread 0x000002485cb412c0 DEOPT PACKING pc=0x00000248672c39d8 sp=0x000000a962cfc640
Event: 0.780 Thread 0x000002485cb412c0 DEOPT UNPACKING pc=0x0000024866d566a3 sp=0x000000a962cfc5c0 mode 2
Event: 0.916 Thread 0x000002485cb412c0 DEOPT PACKING pc=0x000002485f8163ad sp=0x000000a962cfa500
Event: 0.916 Thread 0x000002485cb412c0 DEOPT UNPACKING pc=0x0000024866d56e43 sp=0x000000a962cf9998 mode 0
Event: 1.064 Thread 0x000002485cb412c0 Uncommon trap: trap_request=0xffffff45 fr.pc=0x00000248672d31f4 relative=0x0000000000000074
Event: 1.064 Thread 0x000002485cb412c0 Uncommon trap: reason=unstable_if action=reinterpret pc=0x00000248672d31f4 method=jdk.internal.misc.Unsafe.convEndian(ZI)I @ 4 c2
Event: 1.064 Thread 0x000002485cb412c0 DEOPT PACKING pc=0x00000248672d31f4 sp=0x000000a962cfd720
Event: 1.064 Thread 0x000002485cb412c0 DEOPT UNPACKING pc=0x0000024866d566a3 sp=0x000000a962cfd650 mode 2
Event: 1.072 Thread 0x000002485cb412c0 Uncommon trap: trap_request=0xffffff45 fr.pc=0x00000248672c4958 relative=0x0000000000000598
Event: 1.072 Thread 0x000002485cb412c0 Uncommon trap: reason=unstable_if action=reinterpret pc=0x00000248672c4958 method=java.lang.AbstractStringBuilder.append(Ljava/lang/String;)Ljava/lang/AbstractStringBuilder; @ 1 c2
Event: 1.072 Thread 0x000002485cb412c0 DEOPT PACKING pc=0x00000248672c4958 sp=0x000000a962cfdaa0
Event: 1.072 Thread 0x000002485cb412c0 DEOPT UNPACKING pc=0x0000024866d566a3 sp=0x000000a962cfda20 mode 2
Event: 1.085 Thread 0x000002485cb412c0 DEOPT PACKING pc=0x000002485f8938da sp=0x000000a962cfde00
Event: 1.085 Thread 0x000002485cb412c0 DEOPT UNPACKING pc=0x0000024866d56e43 sp=0x000000a962cfd258 mode 0
Event: 1.191 Thread 0x000002485cb412c0 Uncommon trap: trap_request=0xffffffc6 fr.pc=0x00000248672dea7c relative=0x00000000000002bc
Event: 1.191 Thread 0x000002485cb412c0 Uncommon trap: reason=bimorphic_or_optimized_type_check action=maybe_recompile pc=0x00000248672dea7c method=java.util.HashMap.getNode(Ljava/lang/Object;)Ljava/util/HashMap$Node; @ 128 c2
Event: 1.191 Thread 0x000002485cb412c0 DEOPT PACKING pc=0x00000248672dea7c sp=0x000000a962cfdf80
Event: 1.191 Thread 0x000002485cb412c0 DEOPT UNPACKING pc=0x0000024866d566a3 sp=0x000000a962cfdf08 mode 2

Classes unloaded (0 events):
No events

Classes redefined (0 events):
No events

Internal exceptions (9 events):
Event: 0.233 Thread 0x000002485cb412c0 Exception <a 'java/lang/NoSuchMethodError'{0x00000000eacb2a48}: 'void java.lang.invoke.DirectMethodHandle$Holder.invokeStatic(java.lang.Object, java.lang.Object, java.lang.Object)'> (0x00000000eacb2a48) 
thrown [s\src\hotspot\share\interpreter\linkResolver.cpp, line 759]
Event: 0.481 Thread 0x000002485cb412c0 Exception <a 'java/lang/reflect/InvocationTargetException'{0x00000000eaf79190}> (0x00000000eaf79190) 
thrown [s\src\hotspot\share\runtime\reflection.cpp, line 1121]
Event: 1.056 Thread 0x000002485cb412c0 Exception <a 'java/lang/ClassNotFoundException'{0x00000000eb786f10}: sun/net/www/protocol/c/Handler> (0x00000000eb786f10) 
thrown [s\src\hotspot\share\classfile\systemDictionary.cpp, line 256]
Event: 1.061 Thread 0x000002485cb412c0 Exception <a 'java/io/FileNotFoundException'{0x00000000eb7a1cc0}> (0x00000000eb7a1cc0) 
thrown [s\src\hotspot\share\prims\jni.cpp, line 516]
Event: 1.062 Thread 0x000002485cb412c0 Exception <a 'java/io/FileNotFoundException'{0x00000000eb7a29d0}> (0x00000000eb7a29d0) 
thrown [s\src\hotspot\share\prims\jni.cpp, line 516]
Event: 1.062 Thread 0x000002485cb412c0 Exception <a 'java/io/FileNotFoundException'{0x00000000eb7a36c0}> (0x00000000eb7a36c0) 
thrown [s\src\hotspot\share\prims\jni.cpp, line 516]
Event: 1.062 Thread 0x000002485cb412c0 Exception <a 'java/io/FileNotFoundException'{0x00000000eb7a4380}> (0x00000000eb7a4380) 
thrown [s\src\hotspot\share\prims\jni.cpp, line 516]
Event: 1.072 Thread 0x000002485cb412c0 Implicit null exception at 0x00000248672c43f2 to 0x00000248672c4940
Event: 1.076 Thread 0x000002485cb412c0 Exception <a 'java/io/FileNotFoundException'{0x00000000eb7dd438}> (0x00000000eb7dd438) 
thrown [s\src\hotspot\share\prims\jni.cpp, line 516]

VM Operations (8 events):
Event: 0.241 Executing VM operation: HandshakeAllThreads
Event: 0.241 Executing VM operation: HandshakeAllThreads done
Event: 0.394 Executing VM operation: HandshakeAllThreads
Event: 0.394 Executing VM operation: HandshakeAllThreads done
Event: 0.987 Executing VM operation: HandshakeAllThreads
Event: 0.987 Executing VM operation: HandshakeAllThreads done
Event: 1.049 Executing VM operation: HandshakeAllThreads
Event: 1.049 Executing VM operation: HandshakeAllThreads done

Events (20 events):
Event: 1.124 loading class sun/nio/fs/WindowsFileSystemProvider$1
Event: 1.124 loading class sun/nio/fs/WindowsFileSystemProvider$1 done
Event: 1.124 loading class sun/nio/fs/WindowsLinkSupport
Event: 1.124 loading class sun/nio/fs/WindowsLinkSupport done
Event: 1.124 loading class sun/nio/fs/WindowsAclFileAttributeView
Event: 1.125 loading class sun/nio/fs/AbstractAclFileAttributeView
Event: 1.125 loading class java/nio/file/attribute/AclFileAttributeView
Event: 1.125 loading class java/nio/file/attribute/FileOwnerAttributeView
Event: 1.125 loading class java/nio/file/attribute/FileOwnerAttributeView done
Event: 1.125 loading class java/nio/file/attribute/AclFileAttributeView done
Event: 1.125 loading class sun/nio/fs/AbstractAclFileAttributeView done
Event: 1.125 loading class sun/nio/fs/WindowsAclFileAttributeView done
Event: 1.125 loading class sun/nio/fs/WindowsSecurity
Event: 1.125 loading class sun/nio/fs/WindowsSecurity done
Event: 1.126 loading class sun/nio/fs/WindowsFileStore
Event: 1.126 loading class java/nio/file/FileStore
Event: 1.126 loading class java/nio/file/FileStore done
Event: 1.126 loading class sun/nio/fs/WindowsFileStore done
Event: 1.130 loading class java/net/URLClassLoader$1
Event: 1.130 loading class java/net/URLClassLoader$1 done


Dynamic libraries:
0x00007ff70d0a0000 - 0x00007ff70d0ae000 	c:\Users\songe\.vscode\extensions\redhat.java-1.20.0-win32-x64\jre\17.0.7-win32-x86_64\bin\java.exe
0x00007ffead7d0000 - 0x00007ffead9c8000 	C:\WINDOWS\SYSTEM32\ntdll.dll
0x00007ffead6a0000 - 0x00007ffead75f000 	C:\WINDOWS\System32\KERNEL32.DLL
0x00007ffeaaeb0000 - 0x00007ffeab1a6000 	C:\WINDOWS\System32\KERNELBASE.dll
0x00007ffeab470000 - 0x00007ffeab570000 	C:\WINDOWS\System32\ucrtbase.dll
0x00007ffe93200000 - 0x00007ffe93217000 	c:\Users\songe\.vscode\extensions\redhat.java-1.20.0-win32-x64\jre\17.0.7-win32-x86_64\bin\jli.dll
0x00007ffeabf80000 - 0x00007ffeac11d000 	C:\WINDOWS\System32\USER32.dll
0x00007ffeab340000 - 0x00007ffeab362000 	C:\WINDOWS\System32\win32u.dll
0x00007ffead760000 - 0x00007ffead78c000 	C:\WINDOWS\System32\GDI32.dll
0x00007ffeab220000 - 0x00007ffeab335000 	C:\WINDOWS\System32\gdi32full.dll
0x00007ffeab630000 - 0x00007ffeab6cd000 	C:\WINDOWS\System32\msvcp_win.dll
0x00007ffe92920000 - 0x00007ffe92939000 	c:\Users\songe\.vscode\extensions\redhat.java-1.20.0-win32-x64\jre\17.0.7-win32-x86_64\bin\VCRUNTIME140.dll
0x00007ffe96540000 - 0x00007ffe967da000 	C:\WINDOWS\WinSxS\amd64_microsoft.windows.common-controls_6595b64144ccf1df_6.0.19041.1110_none_60b5254171f9507e\COMCTL32.dll
0x00007ffead1f0000 - 0x00007ffead28e000 	C:\WINDOWS\System32\msvcrt.dll
0x00007ffeac500000 - 0x00007ffeac530000 	C:\WINDOWS\System32\IMM32.DLL
0x00007ffea5610000 - 0x00007ffea561c000 	c:\Users\songe\.vscode\extensions\redhat.java-1.20.0-win32-x64\jre\17.0.7-win32-x86_64\bin\vcruntime140_1.dll
0x00007ffe795a0000 - 0x00007ffe79631000 	c:\Users\songe\.vscode\extensions\redhat.java-1.20.0-win32-x64\jre\17.0.7-win32-x86_64\bin\msvcp140.dll
0x00007ffe63400000 - 0x00007ffe64048000 	c:\Users\songe\.vscode\extensions\redhat.java-1.20.0-win32-x64\jre\17.0.7-win32-x86_64\bin\server\jvm.dll
0x00007ffead580000 - 0x00007ffead62f000 	C:\WINDOWS\System32\ADVAPI32.dll
0x00007ffeacb50000 - 0x00007ffeacbec000 	C:\WINDOWS\System32\sechost.dll
0x00007ffeacc60000 - 0x00007ffeacd86000 	C:\WINDOWS\System32\RPCRT4.dll
0x00007ffe93040000 - 0x00007ffe93049000 	C:\WINDOWS\SYSTEM32\WSOCK32.dll
0x00007ffeacd90000 - 0x00007ffeacdfb000 	C:\WINDOWS\System32\WS2_32.dll
0x00007ffe97690000 - 0x00007ffe976b7000 	C:\WINDOWS\SYSTEM32\WINMM.dll
0x00007ffea75d0000 - 0x00007ffea75da000 	C:\WINDOWS\SYSTEM32\VERSION.dll
0x00007ffea9720000 - 0x00007ffea9732000 	C:\WINDOWS\SYSTEM32\kernel.appcore.dll
0x00007ffea55e0000 - 0x00007ffea55ea000 	c:\Users\songe\.vscode\extensions\redhat.java-1.20.0-win32-x64\jre\17.0.7-win32-x86_64\bin\jimage.dll
0x00007ffea8c30000 - 0x00007ffea8e14000 	C:\WINDOWS\SYSTEM32\DBGHELP.DLL
0x00007ffe8f220000 - 0x00007ffe8f254000 	C:\WINDOWS\SYSTEM32\dbgcore.DLL
0x00007ffeab5a0000 - 0x00007ffeab622000 	C:\WINDOWS\System32\bcryptPrimitives.dll
0x00007ffea1f10000 - 0x00007ffea1f1e000 	c:\Users\songe\.vscode\extensions\redhat.java-1.20.0-win32-x64\jre\17.0.7-win32-x86_64\bin\instrument.dll
0x00007ffe7f290000 - 0x00007ffe7f2b5000 	c:\Users\songe\.vscode\extensions\redhat.java-1.20.0-win32-x64\jre\17.0.7-win32-x86_64\bin\java.dll
0x00007ffe85ac0000 - 0x00007ffe85ad8000 	c:\Users\songe\.vscode\extensions\redhat.java-1.20.0-win32-x64\jre\17.0.7-win32-x86_64\bin\zip.dll
0x00007ffeab830000 - 0x00007ffeabf74000 	C:\WINDOWS\System32\SHELL32.dll
0x00007ffea8e40000 - 0x00007ffea95d4000 	C:\WINDOWS\SYSTEM32\windows.storage.dll
0x00007ffeac1a0000 - 0x00007ffeac4f4000 	C:\WINDOWS\System32\combase.dll
0x00007ffeaa8f0000 - 0x00007ffeaa91e000 	C:\WINDOWS\SYSTEM32\Wldp.dll
0x00007ffead0b0000 - 0x00007ffead15d000 	C:\WINDOWS\System32\SHCORE.dll
0x00007ffead290000 - 0x00007ffead2e5000 	C:\WINDOWS\System32\shlwapi.dll
0x00007ffeaade0000 - 0x00007ffeaae05000 	C:\WINDOWS\SYSTEM32\profapi.dll
0x00007ffe84d30000 - 0x00007ffe84d49000 	C:\Users\songe\.vscode\extensions\redhat.java-1.20.0-win32-x64\jre\17.0.7-win32-x86_64\bin\net.dll
0x00007ffe9b630000 - 0x00007ffe9b73a000 	C:\WINDOWS\SYSTEM32\WINHTTP.dll
0x00007ffeaa650000 - 0x00007ffeaa6ba000 	C:\WINDOWS\system32\mswsock.dll
0x00007ffe80510000 - 0x00007ffe80525000 	C:\Users\songe\.vscode\extensions\redhat.java-1.20.0-win32-x64\jre\17.0.7-win32-x86_64\bin\nio.dll
0x00007ffe99b60000 - 0x00007ffe99b70000 	c:\Users\songe\.vscode\extensions\redhat.java-1.20.0-win32-x64\jre\17.0.7-win32-x86_64\bin\verify.dll

dbghelp: loaded successfully - version: 4.0.5 - missing functions: none
symbol engine: initialized successfully - sym options: 0x614 - pdb path: .;c:\Users\songe\.vscode\extensions\redhat.java-1.20.0-win32-x64\jre\17.0.7-win32-x86_64\bin;C:\WINDOWS\SYSTEM32;C:\WINDOWS\WinSxS\amd64_microsoft.windows.common-controls_6595b64144ccf1df_6.0.19041.1110_none_60b5254171f9507e;c:\Users\songe\.vscode\extensions\redhat.java-1.20.0-win32-x64\jre\17.0.7-win32-x86_64\bin\server

VM Arguments:
jvm_args: --add-modules=ALL-SYSTEM --add-opens=java.base/java.util=ALL-UNNAMED --add-opens=java.base/java.lang=ALL-UNNAMED --add-opens=java.base/sun.nio.fs=ALL-UNNAMED -Declipse.application=org.eclipse.jdt.ls.core.id1 -Dosgi.bundles.defaultStartLevel=4 -Declipse.product=org.eclipse.jdt.ls.core.product -Djava.import.generatesMetadataFilesAtProjectRoot=false -Dfile.encoding=utf8 -XX:+UseParallelGC -XX:GCTimeRatio=4 -XX:AdaptiveSizePolicyWeight=90 -Dsun.zip.disableMemoryMapping=true -Xmx1G -Xms100m -Xlog:disable -javaagent:c:\Users\songe\.vscode\extensions\redhat.java-1.20.0-win32-x64\lombok\lombok-1.18.28.jar -XX:+HeapDumpOnOutOfMemoryError -XX:HeapDumpPath=c:\Users\songe\AppData\Roaming\Code\User\workspaceStorage\9f40217e6cf427738d6bf507528233cf\redhat.java -Daether.dependencyCollector.impl=bf 
java_command: c:\Users\songe\.vscode\extensions\redhat.java-1.20.0-win32-x64\server\plugins\org.eclipse.equinox.launcher_1.6.500.v20230622-2056.jar -configuration c:\Users\songe\AppData\Roaming\Code\User\globalStorage\redhat.java\1.20.0\config_win -data c:\Users\songe\AppData\Roaming\Code\User\workspaceStorage\9f40217e6cf427738d6bf507528233cf\redhat.java\jdt_ws
java_class_path (initial): c:\Users\songe\.vscode\extensions\redhat.java-1.20.0-win32-x64\server\plugins\org.eclipse.equinox.launcher_1.6.500.v20230622-2056.jar
Launcher Type: SUN_STANDARD

[Global flags]
    uintx AdaptiveSizePolicyWeight                 = 90                                        {product} {command line}
     intx CICompilerCount                          = 3                                         {product} {ergonomic}
    uintx GCTimeRatio                              = 4                                         {product} {command line}
     bool HeapDumpOnOutOfMemoryError               = true                                   {manageable} {command line}
    ccstr HeapDumpPath                             = c:\Users\songe\AppData\Roaming\Code\User\workspaceStorage\9f40217e6cf427738d6bf507528233cf\redhat.java         {manageable} {command line}
   size_t InitialHeapSize                          = 104857600                                 {product} {command line}
   size_t MaxHeapSize                              = 1073741824                                {product} {command line}
   size_t MaxNewSize                               = 357564416                                 {product} {ergonomic}
   size_t MinHeapDeltaBytes                        = 524288                                    {product} {ergonomic}
   size_t MinHeapSize                              = 104857600                                 {product} {command line}
   size_t NewSize                                  = 34603008                                  {product} {ergonomic}
    uintx NonNMethodCodeHeapSize                   = 5832780                                {pd product} {ergonomic}
    uintx NonProfiledCodeHeapSize                  = 122912730                              {pd product} {ergonomic}
   size_t OldSize                                  = 70254592                                  {product} {ergonomic}
    uintx ProfiledCodeHeapSize                     = 122912730                              {pd product} {ergonomic}
    uintx ReservedCodeCacheSize                    = 251658240                              {pd product} {ergonomic}
     bool SegmentedCodeCache                       = true                                      {product} {ergonomic}
   size_t SoftMaxHeapSize                          = 1073741824                             {manageable} {ergonomic}
     bool UseCompressedClassPointers               = true                           {product lp64_product} {ergonomic}
     bool UseCompressedOops                        = true                           {product lp64_product} {ergonomic}
     bool UseLargePagesIndividualAllocation        = false                                  {pd product} {ergonomic}
     bool UseParallelGC                            = true                                      {product} {command line}

Logging:
Log output configuration:
 #0: stdout all=off uptime,level,tags
 #1: stderr all=off uptime,level,tags

Environment Variables:
JAVA_HOME=C:\Program Files\Eclipse Adoptium\jdk-17.0.6.10-hotspot
PATH=C:\Users\songe\bin;C:\Program Files\Git\mingw64\bin;C:\Program Files\Git\usr\local\bin;C:\Program Files\Git\usr\bin;C:\Program Files\Git\usr\bin;C:\Program Files\Git\mingw64\bin;C:\Program Files\Git\usr\bin;C:\Users\songe\bin;C:\Program Files\Eclipse Adoptium\jdk-17.0.6.10-hotspot\bin;C:\Program Files (x86)\Intel\Intel(R) Management Engine Components\iCLS;C:\Program Files\Intel\Intel(R) Management Engine Components\iCLS;C:\Windows\system32;C:\Windows;C:\Windows\System32\Wbem;C:\Windows\System32\WindowsPowerShell\v1.0;C:\Program Files (x86)\NVIDIA Corporation\PhysX\Common;C:\Program Files (x86)\Intel\Intel(R) Management Engine Components\DAL;C:\Program Files\Intel\Intel(R) Management Engine Components\DAL;C:\Program Files (x86)\Intel\Intel(R) Management Engine Components\IPT;C:\Program Files\Intel\Intel(R) Management Engine Components\IPT;C:\Program Files\Intel\WiFi\bin;C:\Program Files\Common Files\Intel\WirelessCommon;C:\WINDOWS\system32;C:\WINDOWS;C:\WINDOWS\System32\Wbem;C:\WINDOWS\System32\WindowsPowerShell\v1.0;C:\WINDOWS\System32\OpenSSH;C:\Program Files\Microsoft SQL Server\150\Tools\Binn;C:\Program Files\Microsoft SQL Server\Client SDK\ODBC\170\Tools\Binn;C:\Program Files\dotnet;C:\ProgramData\chocolatey\bin;C:\Program Files\nodejs;C:\Program Files\NVIDIA Corporation\NVIDIA NvDLISR;C:\Users\songe\AppData\Local\Android\Sdk\tools;C:\Users\songe\AppData\Local\Android\Sdk\tools;C:\Users\songe\AppData\Local\Microsoft\WindowsApps;C:\Users\songe\AppData\Local\Programs\Microsoft VS Code\bin;C:\Users\songe\.dotnet\tools;C:\Users\songe\AppData\Local\GitHubDesktop\bin;C:\Users\songe\AppData\Roaming\npm;C:\Users\songe\AppData\Local\Android\Sdk\platform-tools;C:\Users\songe\AppData\Local\Android\Sdk\platform-tools;C:\Program Files\Git\usr\bin\vendor_perl;C:\Program Files\Git\usr\bin\core_perl
USERNAME=songe
SHELL=C:\Program Files\Git\usr\bin\bash.exe
DISPLAY=needs-to-be-defined
LANG=en_US.UTF-8
TERM=xterm-256color
TMPDIR=C:\Users\songe\AppData\Local\Temp
OS=Windows_NT
PROCESSOR_IDENTIFIER=Intel64 Family 6 Model 142 Stepping 9, GenuineIntel
TMP=C:\Users\songe\AppData\Local\Temp
TEMP=C:\Users\songe\AppData\Local\Temp



---------------  S Y S T E M  ---------------

OS:
 Windows 10 , 64 bit Build 19041 (10.0.19041.3155)
OS uptime: 0 days 0:18 hours

CPU: total 4 (initial active 4) (2 cores per cpu, 2 threads per core) family 6 model 142 stepping 9 microcode 0xf0, cx8, cmov, fxsr, ht, mmx, 3dnowpref, sse, sse2, sse3, ssse3, sse4.1, sse4.2, popcnt, lzcnt, tsc, tscinvbit, avx, avx2, aes, erms, clmul, bmi1, bmi2, adx, fma, vzeroupper, clflush, clflushopt

Memory: 4k page, system-wide physical 8089M (816M free)
TotalPageFile size 11089M (AvailPageFile size 3M)
current process WorkingSet (physical memory assigned to process): 58M, peak: 58M
current process commit charge ("private bytes"): 183M, peak: 184M

vm_info: OpenJDK 64-Bit Server VM (17.0.7+7) for windows-amd64 JRE (17.0.7+7), built on Apr 18 2023 22:10:42 by "temurin" with MS VC++ 16.7 (VS2019)

END.
