#
# There is insufficient memory for the Java Runtime Environment to continue.
# Native memory allocation (mmap) failed to map 59768832 bytes for G1 virtual space
# Possible reasons:
#   The system is out of physical RAM or swap space
#   The process is running with CompressedOops enabled, and the Java Heap may be blocking the growth of the native heap
# Possible solutions:
#   Reduce memory load on the system
#   Increase physical memory or swap space
#   Check if swap backing store is full
#   Decrease Java heap size (-Xmx/-Xms)
#   Decrease number of Java threads
#   Decrease Java thread stack sizes (-Xss)
#   Set larger code cache with -XX:ReservedCodeCacheSize=
#   JVM is running with Unscaled Compressed Oops mode in which the Java heap is
#     placed in the first 4GB address space. The Java Heap base address is the
#     maximum limit for the native heap growth. Please use -XX:HeapBaseMinAddress
#     to set the Java Heap base and to place the Java Heap above 4GB virtual address.
# This output file may be truncated or incomplete.
#
#  Out of Memory Error (os_windows.cpp:3557), pid=17068, tid=3760
#
# JRE version: OpenJDK Runtime Environment Temurin-17.0.6+10 (17.0.6+10) (build 17.0.6+10)
# Java VM: OpenJDK 64-Bit Server VM Temurin-17.0.6+10 (17.0.6+10, mixed mode, sharing, tiered, compressed oops, compressed class ptrs, g1 gc, windows-amd64)
# No core dump will be written. Minidumps are not enabled by default on client versions of Windows
#

---------------  S U M M A R Y ------------

Command Line: org.jetbrains.kotlin.cli.jvm.K2JVMCompiler @C:\Users\songe\Development\react-native\proficient\node_modules\react-native-gesture-handler\android\build\20230707_3720712524229394149.compiler.options

Host: Intel(R) Core(TM) i7-7500U CPU @ 2.70GHz, 4 cores, 7G,  Windows 10 , 64 bit Build 19041 (10.0.19041.3155)
Time: Fri Jul  7 21:04:45 2023 South Africa Standard Time elapsed time: 16.073046 seconds (0d 0h 0m 16s)

---------------  T H R E A D  ---------------

Current thread (0x0000018353761d80):  VMThread "VM Thread" [stack: 0x0000000d70c00000,0x0000000d70d00000] [id=3760]

Stack: [0x0000000d70c00000,0x0000000d70d00000]
Native frames: (J=compiled Java code, j=interpreted, Vv=VM code, C=native code)
V  [jvm.dll+0x67741a]
V  [jvm.dll+0x834434]
V  [jvm.dll+0x835bde]
V  [jvm.dll+0x836243]
V  [jvm.dll+0x2457b5]
V  [jvm.dll+0x674329]
V  [jvm.dll+0x6689da]
V  [jvm.dll+0x30489b]
V  [jvm.dll+0x30bd96]
V  [jvm.dll+0x35b57e]
V  [jvm.dll+0x35b7af]
V  [jvm.dll+0x2db778]
V  [jvm.dll+0x2d9a2c]
V  [jvm.dll+0x2d8ffc]
V  [jvm.dll+0x31cdcb]
V  [jvm.dll+0x83a6eb]
V  [jvm.dll+0x83b424]
V  [jvm.dll+0x83b93c]
V  [jvm.dll+0x83bd14]
V  [jvm.dll+0x83bde0]
V  [jvm.dll+0x7e483a]
V  [jvm.dll+0x6762c5]
C  [ucrtbase.dll+0x21bb2]
C  [KERNEL32.DLL+0x17614]
C  [ntdll.dll+0x526b1]

VM_Operation (0x0000000d706fa850): G1CollectForAllocation, mode: safepoint, requested by thread 0x0000018335ca64c0


---------------  P R O C E S S  ---------------

Threads class SMR info:
_java_thread_list=0x00000183558ca670, length=13, elements={
0x0000018335ca64c0, 0x00000183537689f0, 0x0000018353769470, 0x0000018353781b60,
0x0000018353782320, 0x0000018353785590, 0x0000018353789b60, 0x000001835378aca0,
0x000001835378f790, 0x00000183537a1d80, 0x00000183541b96f0, 0x00000183541c0280,
0x000001835625dbe0
}

Java Threads: ( => current thread )
  0x0000018335ca64c0 JavaThread "main" [_thread_blocked, id=14156, stack(0x0000000d70600000,0x0000000d70700000)]
  0x00000183537689f0 JavaThread "Reference Handler" daemon [_thread_blocked, id=15696, stack(0x0000000d70d00000,0x0000000d70e00000)]
  0x0000018353769470 JavaThread "Finalizer" daemon [_thread_blocked, id=5096, stack(0x0000000d70e00000,0x0000000d70f00000)]
  0x0000018353781b60 JavaThread "Signal Dispatcher" daemon [_thread_blocked, id=12076, stack(0x0000000d70f00000,0x0000000d71000000)]
  0x0000018353782320 JavaThread "Attach Listener" daemon [_thread_blocked, id=16132, stack(0x0000000d71000000,0x0000000d71100000)]
  0x0000018353785590 JavaThread "Service Thread" daemon [_thread_blocked, id=11900, stack(0x0000000d71100000,0x0000000d71200000)]
  0x0000018353789b60 JavaThread "Monitor Deflation Thread" daemon [_thread_blocked, id=10204, stack(0x0000000d71200000,0x0000000d71300000)]
  0x000001835378aca0 JavaThread "C2 CompilerThread0" daemon [_thread_blocked, id=12508, stack(0x0000000d71300000,0x0000000d71400000)]
  0x000001835378f790 JavaThread "C1 CompilerThread0" daemon [_thread_blocked, id=8480, stack(0x0000000d71400000,0x0000000d71500000)]
  0x00000183537a1d80 JavaThread "Sweeper thread" daemon [_thread_blocked, id=10692, stack(0x0000000d71500000,0x0000000d71600000)]
  0x00000183541b96f0 JavaThread "Notification Thread" daemon [_thread_blocked, id=7280, stack(0x0000000d71600000,0x0000000d71700000)]
  0x00000183541c0280 JavaThread "Common-Cleaner" daemon [_thread_blocked, id=14668, stack(0x0000000d71800000,0x0000000d71900000)]
  0x000001835625dbe0 JavaThread "C2 CompilerThread1" daemon [_thread_blocked, id=18376, stack(0x0000000d71900000,0x0000000d71a00000)]

Other Threads:
=>0x0000018353761d80 VMThread "VM Thread" [stack: 0x0000000d70c00000,0x0000000d70d00000] [id=3760]
  0x00000183541bfbe0 WatcherThread [stack: 0x0000000d71700000,0x0000000d71800000] [id=11912]
  0x0000018335d01cc0 GCTaskThread "GC Thread#0" [stack: 0x0000000d70700000,0x0000000d70800000] [id=10320]
  0x00000183544fdf50 GCTaskThread "GC Thread#1" [stack: 0x0000000d71a00000,0x0000000d71b00000] [id=11380]
  0x00000183544fe200 GCTaskThread "GC Thread#2" [stack: 0x0000000d71b00000,0x0000000d71c00000] [id=3024]
  0x00000183544e95b0 GCTaskThread "GC Thread#3" [stack: 0x0000000d71c00000,0x0000000d71d00000] [id=2204]
  0x0000018335d12900 ConcurrentGCThread "G1 Main Marker" [stack: 0x0000000d70800000,0x0000000d70900000] [id=2476]
  0x0000018335d13ab0 ConcurrentGCThread "G1 Conc#0" [stack: 0x0000000d70900000,0x0000000d70a00000] [id=2892]
  0x0000018335d6e8d0 ConcurrentGCThread "G1 Refine#0" [stack: 0x0000000d70a00000,0x0000000d70b00000] [id=9476]
  0x000001835750c060 ConcurrentGCThread "G1 Refine#1" [stack: 0x0000000d71d00000,0x0000000d71e00000] [id=16328]
  0x00000183536200a0 ConcurrentGCThread "G1 Service" [stack: 0x0000000d70b00000,0x0000000d70c00000] [id=1344]

Threads with active compile tasks:
C2 CompilerThread0    16096 11903       4       java.util.HashMap::putMapEntries (167 bytes)

VM state: at safepoint (normal execution)

VM Mutex/Monitor currently owned by a thread:  ([mutex/lock_event])
[0x0000018335ca1030] Threads_lock - owner thread: 0x0000018353761d80
[0x0000018335ca2080] Heap_lock - owner thread: 0x0000018335ca64c0

Heap address: 0x0000000081800000, size: 2024 MB, Compressed Oops mode: 32-bit

CDS archive(s) mapped at: [0x0000000800000000-0x0000000800bc0000-0x0000000800bc0000), size 12320768, SharedBaseAddress: 0x0000000800000000, ArchiveRelocationMode: 0.
Compressed class space mapped at: 0x0000000800c00000-0x0000000840c00000, reserved size: 1073741824
Narrow klass base: 0x0000000800000000, Narrow klass shift: 0, Narrow klass range: 0x100000000

GC Precious Log:
 CPUs: 4 total, 4 available
 Memory: 8089M
 Large Page Support: Disabled
 NUMA Support: Disabled
 Compressed Oops: Enabled (32-bit)
 Heap Region Size: 1M
 Heap Min Capacity: 8M
 Heap Initial Capacity: 128M
 Heap Max Capacity: 2024M
 Pre-touch: Disabled
 Parallel Workers: 4
 Concurrent Workers: 1
 Concurrent Refinement Workers: 4
 Periodic GC: Disabled

Heap:
 garbage-first heap   total 131072K, used 67607K [0x0000000081800000, 0x0000000100000000)
  region size 1024K, 1 young (1024K), 1 survivors (1024K)
 Metaspace       used 59094K, committed 59392K, reserved 1105920K
  class space    used 6842K, committed 6976K, reserved 1048576K

Heap Regions: E=young(eden), S=young(survivor), O=old, HS=humongous(starts), HC=humongous(continues), CS=collection set, F=free, OA=open archive, CA=closed archive, TAMS=top-at-mark-start (previous, next)
|   0|0x0000000081800000, 0x0000000081900000, 0x0000000081900000|100%|HS|  |TAMS 0x0000000081900000, 0x0000000081800000| Complete 
|   1|0x0000000081900000, 0x0000000081a00000, 0x0000000081a00000|100%|HC|  |TAMS 0x0000000081a00000, 0x0000000081900000| Complete 
|   2|0x0000000081a00000, 0x0000000081b00000, 0x0000000081b00000|100%|HC|  |TAMS 0x0000000081b00000, 0x0000000081a00000| Complete 
|   3|0x0000000081b00000, 0x0000000081c00000, 0x0000000081c00000|100%| O|  |TAMS 0x0000000081c00000, 0x0000000081b00000| Untracked 
|   4|0x0000000081c00000, 0x0000000081d00000, 0x0000000081d00000|100%| O|  |TAMS 0x0000000081d00000, 0x0000000081c00000| Untracked 
|   5|0x0000000081d00000, 0x0000000081e00000, 0x0000000081e00000|100%| O|  |TAMS 0x0000000081e00000, 0x0000000081d00000| Untracked 
|   6|0x0000000081e00000, 0x0000000081f00000, 0x0000000081f00000|100%|HS|  |TAMS 0x0000000081f00000, 0x0000000081e00000| Complete 
|   7|0x0000000081f00000, 0x0000000082000000, 0x0000000082000000|100%|HC|  |TAMS 0x0000000082000000, 0x0000000081f00000| Complete 
|   8|0x0000000082000000, 0x0000000082100000, 0x0000000082100000|100%|HC|  |TAMS 0x0000000082100000, 0x0000000082000000| Complete 
|   9|0x0000000082100000, 0x0000000082200000, 0x0000000082200000|100%| O|  |TAMS 0x0000000082200000, 0x0000000082100000| Untracked 
|  10|0x0000000082200000, 0x0000000082300000, 0x0000000082300000|100%| O|  |TAMS 0x0000000082300000, 0x0000000082200000| Untracked 
|  11|0x0000000082300000, 0x0000000082400000, 0x0000000082400000|100%| O|  |TAMS 0x0000000082400000, 0x0000000082300000| Untracked 
|  12|0x0000000082400000, 0x0000000082500000, 0x0000000082500000|100%| O|  |TAMS 0x0000000082500000, 0x0000000082400000| Untracked 
|  13|0x0000000082500000, 0x0000000082600000, 0x0000000082600000|100%| O|  |TAMS 0x0000000082600000, 0x0000000082500000| Untracked 
|  14|0x0000000082600000, 0x0000000082700000, 0x0000000082700000|100%| O|  |TAMS 0x0000000082700000, 0x0000000082600000| Untracked 
|  15|0x0000000082700000, 0x0000000082800000, 0x0000000082800000|100%| O|  |TAMS 0x0000000082800000, 0x0000000082700000| Untracked 
|  16|0x0000000082800000, 0x0000000082900000, 0x0000000082900000|100%| O|  |TAMS 0x0000000082900000, 0x0000000082800000| Untracked 
|  17|0x0000000082900000, 0x0000000082a00000, 0x0000000082a00000|100%| O|  |TAMS 0x0000000082a00000, 0x0000000082900000| Untracked 
|  18|0x0000000082a00000, 0x0000000082b00000, 0x0000000082b00000|100%|HS|  |TAMS 0x0000000082b00000, 0x0000000082a00000| Complete 
|  19|0x0000000082b00000, 0x0000000082c00000, 0x0000000082c00000|100%|HC|  |TAMS 0x0000000082c00000, 0x0000000082b00000| Complete 
|  20|0x0000000082c00000, 0x0000000082d00000, 0x0000000082d00000|100%| O|  |TAMS 0x0000000082d00000, 0x0000000082c00000| Untracked 
|  21|0x0000000082d00000, 0x0000000082e00000, 0x0000000082e00000|100%| O|  |TAMS 0x0000000082e00000, 0x0000000082d00000| Untracked 
|  22|0x0000000082e00000, 0x0000000082f00000, 0x0000000082f00000|100%| O|  |TAMS 0x0000000082f00000, 0x0000000082e00000| Untracked 
|  23|0x0000000082f00000, 0x0000000083000000, 0x0000000083000000|100%| O|  |TAMS 0x0000000083000000, 0x0000000082f00000| Untracked 
|  24|0x0000000083000000, 0x0000000083100000, 0x0000000083100000|100%| O|  |TAMS 0x0000000083100000, 0x0000000083000000| Untracked 
|  25|0x0000000083100000, 0x0000000083200000, 0x0000000083200000|100%| O|  |TAMS 0x0000000083200000, 0x0000000083100000| Untracked 
|  26|0x0000000083200000, 0x0000000083300000, 0x0000000083300000|100%| O|  |TAMS 0x0000000083200000, 0x0000000083200000| Untracked 
|  27|0x0000000083300000, 0x0000000083400000, 0x0000000083400000|100%| O|  |TAMS 0x0000000083400000, 0x0000000083300000| Untracked 
|  28|0x0000000083400000, 0x0000000083500000, 0x0000000083500000|100%| O|  |TAMS 0x0000000083500000, 0x0000000083400000| Untracked 
|  29|0x0000000083500000, 0x0000000083600000, 0x0000000083600000|100%| O|  |TAMS 0x0000000083600000, 0x0000000083500000| Untracked 
|  30|0x0000000083600000, 0x0000000083700000, 0x0000000083700000|100%| O|  |TAMS 0x0000000083700000, 0x0000000083600000| Untracked 
|  31|0x0000000083700000, 0x0000000083800000, 0x0000000083800000|100%| O|  |TAMS 0x0000000083800000, 0x0000000083700000| Untracked 
|  32|0x0000000083800000, 0x0000000083900000, 0x0000000083900000|100%| O|  |TAMS 0x0000000083900000, 0x0000000083800000| Untracked 
|  33|0x0000000083900000, 0x0000000083a00000, 0x0000000083a00000|100%| O|  |TAMS 0x0000000083a00000, 0x0000000083900000| Untracked 
|  34|0x0000000083a00000, 0x0000000083b00000, 0x0000000083b00000|100%| O|  |TAMS 0x0000000083b00000, 0x0000000083a00000| Untracked 
|  35|0x0000000083b00000, 0x0000000083c00000, 0x0000000083c00000|100%| O|  |TAMS 0x0000000083c00000, 0x0000000083b00000| Untracked 
|  36|0x0000000083c00000, 0x0000000083d00000, 0x0000000083d00000|100%| O|  |TAMS 0x0000000083d00000, 0x0000000083c00000| Untracked 
|  37|0x0000000083d00000, 0x0000000083e00000, 0x0000000083e00000|100%| O|  |TAMS 0x0000000083e00000, 0x0000000083d00000| Untracked 
|  38|0x0000000083e00000, 0x0000000083f00000, 0x0000000083f00000|100%| O|  |TAMS 0x0000000083f00000, 0x0000000083e00000| Untracked 
|  39|0x0000000083f00000, 0x0000000084000000, 0x0000000084000000|100%| O|  |TAMS 0x0000000084000000, 0x0000000083f00000| Untracked 
|  40|0x0000000084000000, 0x0000000084100000, 0x0000000084100000|100%| O|  |TAMS 0x0000000084100000, 0x0000000084000000| Untracked 
|  41|0x0000000084100000, 0x0000000084200000, 0x0000000084200000|100%| O|  |TAMS 0x0000000084200000, 0x0000000084100000| Untracked 
|  42|0x0000000084200000, 0x0000000084300000, 0x0000000084300000|100%| O|  |TAMS 0x0000000084300000, 0x0000000084200000| Untracked 
|  43|0x0000000084300000, 0x0000000084400000, 0x0000000084400000|100%| O|  |TAMS 0x0000000084400000, 0x0000000084300000| Untracked 
|  44|0x0000000084400000, 0x0000000084500000, 0x0000000084500000|100%| O|  |TAMS 0x0000000084500000, 0x0000000084400000| Untracked 
|  45|0x0000000084500000, 0x0000000084600000, 0x0000000084600000|100%| O|  |TAMS 0x0000000084600000, 0x0000000084500000| Untracked 
|  46|0x0000000084600000, 0x0000000084700000, 0x0000000084700000|100%| O|  |TAMS 0x0000000084700000, 0x0000000084600000| Untracked 
|  47|0x0000000084700000, 0x0000000084800000, 0x0000000084800000|100%| O|  |TAMS 0x0000000084800000, 0x0000000084700000| Untracked 
|  48|0x0000000084800000, 0x0000000084900000, 0x0000000084900000|100%| O|  |TAMS 0x0000000084900000, 0x0000000084800000| Untracked 
|  49|0x0000000084900000, 0x0000000084a00000, 0x0000000084a00000|100%| O|  |TAMS 0x0000000084a00000, 0x0000000084900000| Untracked 
|  50|0x0000000084a00000, 0x0000000084b00000, 0x0000000084b00000|100%| O|  |TAMS 0x0000000084b00000, 0x0000000084a00000| Untracked 
|  51|0x0000000084b00000, 0x0000000084c00000, 0x0000000084c00000|100%| O|  |TAMS 0x0000000084c00000, 0x0000000084b00000| Untracked 
|  52|0x0000000084c00000, 0x0000000084d00000, 0x0000000084d00000|100%| O|  |TAMS 0x0000000084d00000, 0x0000000084c00000| Untracked 
|  53|0x0000000084d00000, 0x0000000084e00000, 0x0000000084e00000|100%| O|  |TAMS 0x0000000084e00000, 0x0000000084d00000| Untracked 
|  54|0x0000000084e00000, 0x0000000084e00000, 0x0000000084f00000|  0%| F|  |TAMS 0x0000000084e00000, 0x0000000084e00000| Untracked 
|  55|0x0000000084f00000, 0x0000000085000000, 0x0000000085000000|100%| O|  |TAMS 0x0000000085000000, 0x0000000084f00000| Untracked 
|  56|0x0000000085000000, 0x0000000085100000, 0x0000000085100000|100%| O|  |TAMS 0x0000000085100000, 0x0000000085000000| Untracked 
|  57|0x0000000085100000, 0x0000000085200000, 0x0000000085200000|100%| O|  |TAMS 0x0000000085200000, 0x0000000085100000| Untracked 
|  58|0x0000000085200000, 0x0000000085300000, 0x0000000085300000|100%| O|  |TAMS 0x0000000085300000, 0x0000000085200000| Untracked 
|  59|0x0000000085300000, 0x0000000085400000, 0x0000000085400000|100%| O|  |TAMS 0x0000000085341200, 0x0000000085300000| Untracked 
|  60|0x0000000085400000, 0x0000000085500000, 0x0000000085500000|100%|HS|  |TAMS 0x0000000085400000, 0x0000000085400000| Complete 
|  61|0x0000000085500000, 0x0000000085600000, 0x0000000085600000|100%|HC|  |TAMS 0x0000000085500000, 0x0000000085500000| Complete 
|  62|0x0000000085600000, 0x0000000085700000, 0x0000000085700000|100%| O|  |TAMS 0x0000000085600000, 0x0000000085600000| Untracked 
|  63|0x0000000085700000, 0x0000000085800000, 0x0000000085800000|100%| O|  |TAMS 0x0000000085700000, 0x0000000085700000| Untracked 
|  64|0x0000000085800000, 0x0000000085900000, 0x0000000085900000|100%| O|  |TAMS 0x0000000085800000, 0x0000000085800000| Untracked 
|  65|0x0000000085900000, 0x0000000085a00000, 0x0000000085a00000|100%| O|  |TAMS 0x0000000085900000, 0x0000000085900000| Untracked 
|  66|0x0000000085a00000, 0x0000000085a91600, 0x0000000085b00000| 56%| O|  |TAMS 0x0000000085a00000, 0x0000000085a00000| Untracked 
|  67|0x0000000085b00000, 0x0000000085b00000, 0x0000000085c00000|  0%| F|  |TAMS 0x0000000085b00000, 0x0000000085b00000| Untracked 
|  68|0x0000000085c00000, 0x0000000085c00000, 0x0000000085d00000|  0%| F|  |TAMS 0x0000000085c00000, 0x0000000085c00000| Untracked 
|  69|0x0000000085d00000, 0x0000000085d00000, 0x0000000085e00000|  0%| F|  |TAMS 0x0000000085d00000, 0x0000000085d00000| Untracked 
|  70|0x0000000085e00000, 0x0000000085e00000, 0x0000000085f00000|  0%| F|  |TAMS 0x0000000085e00000, 0x0000000085e00000| Untracked 
|  71|0x0000000085f00000, 0x0000000085f00000, 0x0000000086000000|  0%| F|  |TAMS 0x0000000085f00000, 0x0000000085f00000| Untracked 
|  72|0x0000000086000000, 0x0000000086000000, 0x0000000086100000|  0%| F|  |TAMS 0x0000000086000000, 0x0000000086000000| Untracked 
|  73|0x0000000086100000, 0x0000000086100000, 0x0000000086200000|  0%| F|  |TAMS 0x0000000086100000, 0x0000000086100000| Untracked 
|  74|0x0000000086200000, 0x0000000086200000, 0x0000000086300000|  0%| F|  |TAMS 0x0000000086200000, 0x0000000086200000| Untracked 
|  75|0x0000000086300000, 0x0000000086300000, 0x0000000086400000|  0%| F|  |TAMS 0x0000000086300000, 0x0000000086300000| Untracked 
|  76|0x0000000086400000, 0x0000000086400000, 0x0000000086500000|  0%| F|  |TAMS 0x0000000086400000, 0x0000000086400000| Untracked 
|  77|0x0000000086500000, 0x0000000086500000, 0x0000000086600000|  0%| F|  |TAMS 0x0000000086500000, 0x0000000086500000| Untracked 
|  78|0x0000000086600000, 0x0000000086600000, 0x0000000086700000|  0%| F|  |TAMS 0x0000000086600000, 0x0000000086600000| Untracked 
|  79|0x0000000086700000, 0x0000000086700000, 0x0000000086800000|  0%| F|  |TAMS 0x0000000086700000, 0x0000000086700000| Untracked 
|  80|0x0000000086800000, 0x0000000086800000, 0x0000000086900000|  0%| F|  |TAMS 0x0000000086800000, 0x0000000086800000| Untracked 
|  81|0x0000000086900000, 0x0000000086900000, 0x0000000086a00000|  0%| F|  |TAMS 0x0000000086900000, 0x0000000086900000| Untracked 
|  82|0x0000000086a00000, 0x0000000086a00000, 0x0000000086b00000|  0%| F|  |TAMS 0x0000000086a00000, 0x0000000086a00000| Untracked 
|  83|0x0000000086b00000, 0x0000000086b00000, 0x0000000086c00000|  0%| F|  |TAMS 0x0000000086b00000, 0x0000000086b00000| Untracked 
|  84|0x0000000086c00000, 0x0000000086c00000, 0x0000000086d00000|  0%| F|  |TAMS 0x0000000086c00000, 0x0000000086c00000| Untracked 
|  85|0x0000000086d00000, 0x0000000086d00000, 0x0000000086e00000|  0%| F|  |TAMS 0x0000000086d00000, 0x0000000086d00000| Untracked 
|  86|0x0000000086e00000, 0x0000000086e00000, 0x0000000086f00000|  0%| F|  |TAMS 0x0000000086e00000, 0x0000000086e00000| Untracked 
|  87|0x0000000086f00000, 0x0000000086f00000, 0x0000000087000000|  0%| F|  |TAMS 0x0000000086f00000, 0x0000000086f00000| Untracked 
|  88|0x0000000087000000, 0x0000000087000000, 0x0000000087100000|  0%| F|  |TAMS 0x0000000087000000, 0x0000000087000000| Untracked 
|  89|0x0000000087100000, 0x0000000087100000, 0x0000000087200000|  0%| F|  |TAMS 0x0000000087100000, 0x0000000087100000| Untracked 
|  90|0x0000000087200000, 0x0000000087200000, 0x0000000087300000|  0%| F|  |TAMS 0x0000000087200000, 0x0000000087200000| Untracked 
|  91|0x0000000087300000, 0x0000000087300000, 0x0000000087400000|  0%| F|  |TAMS 0x0000000087300000, 0x0000000087300000| Untracked 
|  92|0x0000000087400000, 0x0000000087400000, 0x0000000087500000|  0%| F|  |TAMS 0x0000000087400000, 0x0000000087400000| Untracked 
|  93|0x0000000087500000, 0x0000000087500000, 0x0000000087600000|  0%| F|  |TAMS 0x0000000087500000, 0x0000000087500000| Untracked 
|  94|0x0000000087600000, 0x0000000087600000, 0x0000000087700000|  0%| F|  |TAMS 0x0000000087600000, 0x0000000087600000| Untracked 
|  95|0x0000000087700000, 0x0000000087700000, 0x0000000087800000|  0%| F|  |TAMS 0x0000000087700000, 0x0000000087700000| Untracked 
|  96|0x0000000087800000, 0x0000000087800000, 0x0000000087900000|  0%| F|  |TAMS 0x0000000087800000, 0x0000000087800000| Untracked 
|  97|0x0000000087900000, 0x0000000087900000, 0x0000000087a00000|  0%| F|  |TAMS 0x0000000087900000, 0x0000000087900000| Untracked 
|  98|0x0000000087a00000, 0x0000000087a00000, 0x0000000087b00000|  0%| F|  |TAMS 0x0000000087a00000, 0x0000000087a00000| Untracked 
|  99|0x0000000087b00000, 0x0000000087b00000, 0x0000000087c00000|  0%| F|  |TAMS 0x0000000087b00000, 0x0000000087b00000| Untracked 
| 100|0x0000000087c00000, 0x0000000087c00000, 0x0000000087d00000|  0%| F|  |TAMS 0x0000000087c00000, 0x0000000087c00000| Untracked 
| 101|0x0000000087d00000, 0x0000000087d00000, 0x0000000087e00000|  0%| F|  |TAMS 0x0000000087d00000, 0x0000000087d00000| Untracked 
| 102|0x0000000087e00000, 0x0000000087e00000, 0x0000000087f00000|  0%| F|  |TAMS 0x0000000087e00000, 0x0000000087e00000| Untracked 
| 103|0x0000000087f00000, 0x0000000087f00000, 0x0000000088000000|  0%| F|  |TAMS 0x0000000087f00000, 0x0000000087f00000| Untracked 
| 104|0x0000000088000000, 0x0000000088000000, 0x0000000088100000|  0%| F|  |TAMS 0x0000000088000000, 0x0000000088000000| Untracked 
| 105|0x0000000088100000, 0x0000000088100000, 0x0000000088200000|  0%| F|  |TAMS 0x0000000088100000, 0x0000000088100000| Untracked 
| 106|0x0000000088200000, 0x0000000088274610, 0x0000000088300000| 45%| S|CS|TAMS 0x0000000088200000, 0x0000000088200000| Complete 
| 107|0x0000000088300000, 0x0000000088300000, 0x0000000088400000|  0%| F|  |TAMS 0x0000000088300000, 0x0000000088300000| Untracked 
| 108|0x0000000088400000, 0x0000000088400000, 0x0000000088500000|  0%| F|  |TAMS 0x0000000088400000, 0x0000000088400000| Untracked 
| 109|0x0000000088500000, 0x0000000088500000, 0x0000000088600000|  0%| F|  |TAMS 0x0000000088500000, 0x0000000088500000| Untracked 
| 110|0x0000000088600000, 0x0000000088600000, 0x0000000088700000|  0%| F|  |TAMS 0x0000000088600000, 0x0000000088600000| Untracked 
| 111|0x0000000088700000, 0x0000000088700000, 0x0000000088800000|  0%| F|  |TAMS 0x0000000088700000, 0x0000000088700000| Untracked 
| 112|0x0000000088800000, 0x0000000088800000, 0x0000000088900000|  0%| F|  |TAMS 0x0000000088800000, 0x0000000088800000| Untracked 
| 113|0x0000000088900000, 0x0000000088900000, 0x0000000088a00000|  0%| F|  |TAMS 0x0000000088900000, 0x0000000088900000| Untracked 
| 114|0x0000000088a00000, 0x0000000088a00000, 0x0000000088b00000|  0%| F|  |TAMS 0x0000000088a00000, 0x0000000088a00000| Untracked 
| 115|0x0000000088b00000, 0x0000000088b00000, 0x0000000088c00000|  0%| F|  |TAMS 0x0000000088b00000, 0x0000000088b00000| Untracked 
| 116|0x0000000088c00000, 0x0000000088c00000, 0x0000000088d00000|  0%| F|  |TAMS 0x0000000088c00000, 0x0000000088c00000| Untracked 
| 117|0x0000000088d00000, 0x0000000088d00000, 0x0000000088e00000|  0%| F|  |TAMS 0x0000000088d00000, 0x0000000088d00000| Untracked 
| 118|0x0000000088e00000, 0x0000000088e00000, 0x0000000088f00000|  0%| F|  |TAMS 0x0000000088e00000, 0x0000000088e00000| Untracked 
| 119|0x0000000088f00000, 0x0000000088f00000, 0x0000000089000000|  0%| F|  |TAMS 0x0000000088f00000, 0x0000000088f00000| Untracked 
| 120|0x0000000089000000, 0x0000000089000000, 0x0000000089100000|  0%| F|  |TAMS 0x0000000089000000, 0x0000000089000000| Untracked 
| 121|0x0000000089100000, 0x0000000089100000, 0x0000000089200000|  0%| F|  |TAMS 0x0000000089100000, 0x0000000089100000| Untracked 
| 122|0x0000000089200000, 0x0000000089200000, 0x0000000089300000|  0%| F|  |TAMS 0x0000000089200000, 0x0000000089200000| Untracked 
| 123|0x0000000089300000, 0x0000000089300000, 0x0000000089400000|  0%| F|  |TAMS 0x0000000089300000, 0x0000000089300000| Untracked 
| 124|0x0000000089400000, 0x0000000089400000, 0x0000000089500000|  0%| F|  |TAMS 0x0000000089400000, 0x0000000089400000| Untracked 
| 125|0x0000000089500000, 0x0000000089500000, 0x0000000089600000|  0%| F|  |TAMS 0x0000000089500000, 0x0000000089500000| Untracked 
| 126|0x0000000089600000, 0x0000000089600000, 0x0000000089700000|  0%| F|  |TAMS 0x0000000089600000, 0x0000000089600000| Untracked 
| 127|0x0000000089700000, 0x0000000089700000, 0x0000000089800000|  0%| F|  |TAMS 0x0000000089700000, 0x0000000089700000| Untracked 

Card table byte_map: [0x000001834cb90000,0x000001834cf90000] _byte_map_base: 0x000001834c784000

Marking Bits (Prev, Next): (CMBitMap*) 0x0000018335d022d0, (CMBitMap*) 0x0000018335d02310
 Prev Bits: [0x000001834d390000, 0x000001834f330000)
 Next Bits: [0x000001834f330000, 0x00000183512d0000)

Polling page: 0x0000018333af0000

Metaspace:

Usage:
  Non-class:     51.03 MB used.
      Class:      6.68 MB used.
       Both:     57.71 MB used.

Virtual space:
  Non-class space:       56.00 MB reserved,      51.19 MB ( 91%) committed,  7 nodes.
      Class space:        1.00 GB reserved,       6.81 MB ( <1%) committed,  1 nodes.
             Both:        1.05 GB reserved,      58.00 MB (  5%) committed. 

Chunk freelists:
   Non-Class:  737.00 KB
       Class:  1.14 MB
        Both:  1.86 MB

MaxMetaspaceSize: unlimited
CompressedClassSpaceSize: 1.00 GB
Initial GC threshold: 21.00 MB
Current GC threshold: 95.56 MB
CDS: on
MetaspaceReclaimPolicy: balanced
 - commit_granule_bytes: 65536.
 - commit_granule_words: 8192.
 - virtual_space_node_default_size: 1048576.
 - enlarge_chunks_in_place: 1.
 - new_chunks_are_fully_committed: 0.
 - uncommit_free_chunks: 1.
 - use_allocation_guard: 0.
 - handle_deallocations: 1.


Internal statistics:

num_allocs_failed_limit: 9.
num_arena_births: 364.
num_arena_deaths: 0.
num_vsnodes_births: 8.
num_vsnodes_deaths: 0.
num_space_committed: 926.
num_space_uncommitted: 0.
num_chunks_returned_to_freelist: 9.
num_chunks_taken_from_freelist: 2534.
num_chunk_merges: 9.
num_chunk_splits: 1965.
num_chunks_enlarged: 1678.
num_purges: 0.
num_inconsistent_stats: 0.

CodeHeap 'non-profiled nmethods': size=120000Kb used=5284Kb max_used=5284Kb free=114715Kb
 bounds [0x0000018345260000, 0x0000018345790000, 0x000001834c790000]
CodeHeap 'profiled nmethods': size=120000Kb used=28358Kb max_used=28358Kb free=91641Kb
 bounds [0x000001833d790000, 0x000001833f350000, 0x0000018344cc0000]
CodeHeap 'non-nmethods': size=5760Kb used=1312Kb max_used=1468Kb free=4447Kb
 bounds [0x0000018344cc0000, 0x0000018344f30000, 0x0000018345260000]
 total_blobs=10641 nmethods=10015 adapters=536
 compilation: enabled
              stopped_count=0, restarted_count=0
 full_count=0

Compilation events (20 events):
Event: 16.053 Thread 0x000001835625dbe0 11898       4       org.jetbrains.kotlin.com.google.common.collect.Hashing::smear (19 bytes)
Event: 16.053 Thread 0x000001835625dbe0 nmethod 11898 0x0000018345788e10 code [0x0000018345788f80, 0x0000018345788ff8]
Event: 16.053 Thread 0x000001835378f790 nmethod 11897 0x000001833f336f10 code [0x000001833f337260, 0x000001833f338518]
Event: 16.053 Thread 0x000001835378f790 11894       3       org.jetbrains.kotlin.resolve.calls.tower.TowerLevelsKt::getClassifierFromMeAndSuperclasses (40 bytes)
Event: 16.054 Thread 0x000001835378f790 nmethod 11894 0x000001833f338b10 code [0x000001833f338ce0, 0x000001833f3390c8]
Event: 16.054 Thread 0x000001835378f790 11893       3       org.jetbrains.kotlin.resolve.calls.tower.TowerLevelsKt::getInnerConstructors (149 bytes)
Event: 16.055 Thread 0x000001835378f790 nmethod 11893 0x000001833f339290 code [0x000001833f3395c0, 0x000001833f33aef8]
Event: 16.055 Thread 0x000001835378f790 11901       3       org.jetbrains.kotlin.descriptors.DescriptorVisibilityUtils::findInvisibleMember (32 bytes)
Event: 16.056 Thread 0x000001835378f790 nmethod 11901 0x000001833f33b590 code [0x000001833f33b8a0, 0x000001833f33c818]
Event: 16.056 Thread 0x000001835378f790 11902       3       org.jetbrains.kotlin.resolve.calls.tower.NewCallArgumentsKt::getPsiCallArgument (72 bytes)
Event: 16.056 Thread 0x000001835378f790 nmethod 11902 0x000001833f33cd90 code [0x000001833f33cfa0, 0x000001833f33d738]
Event: 16.056 Thread 0x000001835378f790 11899       3       org.jetbrains.kotlin.resolve.calls.tower.InvokeTowerProcessor::<init> (55 bytes)
Event: 16.057 Thread 0x000001835378f790 nmethod 11899 0x000001833f33d990 code [0x000001833f33dcc0, 0x000001833f33edc8]
Event: 16.057 Thread 0x000001835378f790 11900       3       org.jetbrains.kotlin.resolve.calls.tower.ScopeTowerProcessorsKt::createProcessorWithReceiverValueOrEmpty (74 bytes)
Event: 16.058 Thread 0x000001835378f790 nmethod 11900 0x000001833f33f410 code [0x000001833f33f6c0, 0x000001833f340748]
Event: 16.058 Thread 0x000001835378f790 11892       3       org.jetbrains.kotlin.resolve.calls.tower.TowerLevelsKt::getContributedFunctionsAndIntercept (26 bytes)
Event: 16.058 Thread 0x000001835378f790 nmethod 11892 0x000001833f340b90 code [0x000001833f340d40, 0x000001833f340fb8]
Event: 16.058 Thread 0x000001835378f790 11895       3       org.jetbrains.kotlin.resolve.calls.tower.TowerLevelsKt::getClassWithConstructors (26 bytes)
Event: 16.059 Thread 0x000001835378f790 nmethod 11895 0x000001833f341110 code [0x000001833f341320, 0x000001833f341c18]
Event: 16.059 Thread 0x000001835378aca0 11903       4       java.util.HashMap::putMapEntries (167 bytes)

GC Heap History (20 events):
Event: 6.641 GC heap after
{Heap after GC invocations=13 (full 0):
 garbage-first heap   total 89088K, used 36678K [0x0000000081800000, 0x0000000100000000)
  region size 1024K, 4 young (4096K), 4 survivors (4096K)
 Metaspace       used 45042K, committed 45248K, reserved 1089536K
  class space    used 5449K, committed 5568K, reserved 1048576K
}
Event: 7.777 GC heap before
{Heap before GC invocations=13 (full 0):
 garbage-first heap   total 89088K, used 66374K [0x0000000081800000, 0x0000000100000000)
  region size 1024K, 33 young (33792K), 4 survivors (4096K)
 Metaspace       used 49517K, committed 49792K, reserved 1097728K
  class space    used 6112K, committed 6272K, reserved 1048576K
}
Event: 7.794 GC heap after
{Heap after GC invocations=14 (full 0):
 garbage-first heap   total 89088K, used 40636K [0x0000000081800000, 0x0000000100000000)
  region size 1024K, 4 young (4096K), 4 survivors (4096K)
 Metaspace       used 49517K, committed 49792K, reserved 1097728K
  class space    used 6112K, committed 6272K, reserved 1048576K
}
Event: 9.077 GC heap before
{Heap before GC invocations=14 (full 0):
 garbage-first heap   total 89088K, used 68284K [0x0000000081800000, 0x0000000100000000)
  region size 1024K, 31 young (31744K), 4 survivors (4096K)
 Metaspace       used 52192K, committed 52480K, reserved 1097728K
  class space    used 6334K, committed 6464K, reserved 1048576K
}
Event: 9.097 GC heap after
{Heap after GC invocations=15 (full 0):
 garbage-first heap   total 89088K, used 45790K [0x0000000081800000, 0x0000000100000000)
  region size 1024K, 4 young (4096K), 4 survivors (4096K)
 Metaspace       used 52192K, committed 52480K, reserved 1097728K
  class space    used 6334K, committed 6464K, reserved 1048576K
}
Event: 9.939 GC heap before
{Heap before GC invocations=15 (full 0):
 garbage-first heap   total 89088K, used 68318K [0x0000000081800000, 0x0000000100000000)
  region size 1024K, 26 young (26624K), 4 survivors (4096K)
 Metaspace       used 52553K, committed 52800K, reserved 1097728K
  class space    used 6336K, committed 6464K, reserved 1048576K
}
Event: 9.960 GC heap after
{Heap after GC invocations=16 (full 0):
 garbage-first heap   total 107520K, used 50176K [0x0000000081800000, 0x0000000100000000)
  region size 1024K, 4 young (4096K), 4 survivors (4096K)
 Metaspace       used 52553K, committed 52800K, reserved 1097728K
  class space    used 6336K, committed 6464K, reserved 1048576K
}
Event: 10.713 GC heap before
{Heap before GC invocations=17 (full 0):
 garbage-first heap   total 107520K, used 81920K [0x0000000081800000, 0x0000000100000000)
  region size 1024K, 35 young (35840K), 4 survivors (4096K)
 Metaspace       used 53285K, committed 53568K, reserved 1097728K
  class space    used 6409K, committed 6528K, reserved 1048576K
}
Event: 10.735 GC heap after
{Heap after GC invocations=18 (full 0):
 garbage-first heap   total 107520K, used 55296K [0x0000000081800000, 0x0000000100000000)
  region size 1024K, 5 young (5120K), 5 survivors (5120K)
 Metaspace       used 53285K, committed 53568K, reserved 1097728K
  class space    used 6409K, committed 6528K, reserved 1048576K
}
Event: 11.736 GC heap before
{Heap before GC invocations=18 (full 0):
 garbage-first heap   total 107520K, used 83968K [0x0000000081800000, 0x0000000100000000)
  region size 1024K, 33 young (33792K), 5 survivors (5120K)
 Metaspace       used 54577K, committed 54848K, reserved 1097728K
  class space    used 6491K, committed 6592K, reserved 1048576K
}
Event: 11.755 GC heap after
{Heap after GC invocations=19 (full 0):
 garbage-first heap   total 107520K, used 57793K [0x0000000081800000, 0x0000000100000000)
  region size 1024K, 3 young (3072K), 3 survivors (3072K)
 Metaspace       used 54577K, committed 54848K, reserved 1097728K
  class space    used 6491K, committed 6592K, reserved 1048576K
}
Event: 13.274 GC heap before
{Heap before GC invocations=20 (full 0):
 garbage-first heap   total 107520K, used 84417K [0x0000000081800000, 0x0000000100000000)
  region size 1024K, 29 young (29696K), 3 survivors (3072K)
 Metaspace       used 57062K, committed 57344K, reserved 1105920K
  class space    used 6676K, committed 6784K, reserved 1048576K
}
Event: 13.288 GC heap after
{Heap after GC invocations=21 (full 0):
 garbage-first heap   total 107520K, used 60290K [0x0000000081800000, 0x0000000100000000)
  region size 1024K, 4 young (4096K), 4 survivors (4096K)
 Metaspace       used 57062K, committed 57344K, reserved 1105920K
  class space    used 6676K, committed 6784K, reserved 1048576K
}
Event: 13.340 GC heap before
{Heap before GC invocations=21 (full 0):
 garbage-first heap   total 107520K, used 61314K [0x0000000081800000, 0x0000000100000000)
  region size 1024K, 5 young (5120K), 4 survivors (4096K)
 Metaspace       used 57136K, committed 57408K, reserved 1105920K
  class space    used 6676K, committed 6784K, reserved 1048576K
}
Event: 13.352 GC heap after
{Heap after GC invocations=22 (full 0):
 garbage-first heap   total 107520K, used 60398K [0x0000000081800000, 0x0000000100000000)
  region size 1024K, 1 young (1024K), 1 survivors (1024K)
 Metaspace       used 57136K, committed 57408K, reserved 1105920K
  class space    used 6676K, committed 6784K, reserved 1048576K
}
Event: 14.927 GC heap before
{Heap before GC invocations=22 (full 0):
 garbage-first heap   total 107520K, used 84974K [0x0000000081800000, 0x0000000100000000)
  region size 1024K, 26 young (26624K), 1 survivors (1024K)
 Metaspace       used 58302K, committed 58624K, reserved 1105920K
  class space    used 6765K, committed 6912K, reserved 1048576K
}
Event: 14.939 GC heap after
{Heap after GC invocations=23 (full 0):
 garbage-first heap   total 107520K, used 63371K [0x0000000081800000, 0x0000000100000000)
  region size 1024K, 4 young (4096K), 4 survivors (4096K)
 Metaspace       used 58302K, committed 58624K, reserved 1105920K
  class space    used 6765K, committed 6912K, reserved 1048576K
}
Event: 15.930 GC heap before
{Heap before GC invocations=24 (full 0):
 garbage-first heap   total 111616K, used 88971K [0x0000000081800000, 0x0000000100000000)
  region size 1024K, 26 young (26624K), 4 survivors (4096K)
 Metaspace       used 59054K, committed 59328K, reserved 1105920K
  class space    used 6841K, committed 6976K, reserved 1048576K
}
Event: 15.946 GC heap after
{Heap after GC invocations=25 (full 0):
 garbage-first heap   total 111616K, used 67653K [0x0000000081800000, 0x0000000100000000)
  region size 1024K, 3 young (3072K), 3 survivors (3072K)
 Metaspace       used 59054K, committed 59328K, reserved 1105920K
  class space    used 6841K, committed 6976K, reserved 1048576K
}
Event: 16.064 GC heap before
{Heap before GC invocations=25 (full 0):
 garbage-first heap   total 111616K, used 69701K [0x0000000081800000, 0x0000000100000000)
  region size 1024K, 5 young (5120K), 3 survivors (3072K)
 Metaspace       used 59094K, committed 59392K, reserved 1105920K
  class space    used 6842K, committed 6976K, reserved 1048576K
}

Dll operation events (7 events):
Event: 0.010 Loaded shared library C:\Program Files\Eclipse Adoptium\jdk-17.0.6.10-hotspot\bin\java.dll
Event: 0.025 Loaded shared library C:\Program Files\Eclipse Adoptium\jdk-17.0.6.10-hotspot\bin\jsvml.dll
Event: 0.122 Loaded shared library C:\Program Files\Eclipse Adoptium\jdk-17.0.6.10-hotspot\bin\net.dll
Event: 0.123 Loaded shared library C:\Program Files\Eclipse Adoptium\jdk-17.0.6.10-hotspot\bin\nio.dll
Event: 0.152 Loaded shared library C:\Program Files\Eclipse Adoptium\jdk-17.0.6.10-hotspot\bin\zip.dll
Event: 0.466 Loaded shared library C:\Program Files\Eclipse Adoptium\jdk-17.0.6.10-hotspot\bin\jimage.dll
Event: 1.345 Loaded shared library C:\Program Files\Eclipse Adoptium\jdk-17.0.6.10-hotspot\bin\verify.dll

Deoptimization events (20 events):
Event: 15.922 Thread 0x0000018335ca64c0 Uncommon trap: trap_request=0xffffffcc fr.pc=0x000001834576a538 relative=0x0000000000006ad8
Event: 15.922 Thread 0x0000018335ca64c0 Uncommon trap: reason=intrinsic_or_type_checked_inlining action=make_not_entrant pc=0x000001834576a538 method=java.util.ArrayList$SubList.toArray([Ljava/lang/Object;)[Ljava/lang/Object; @ 58 c2
Event: 15.922 Thread 0x0000018335ca64c0 DEOPT PACKING pc=0x000001834576a538 sp=0x0000000d706f9570
Event: 15.922 Thread 0x0000018335ca64c0 DEOPT UNPACKING pc=0x0000018344d169a3 sp=0x0000000d706f92f8 mode 2
Event: 15.948 Thread 0x0000018335ca64c0 Uncommon trap: trap_request=0xffffffc6 fr.pc=0x0000018345773b70 relative=0x0000000000000530
Event: 15.948 Thread 0x0000018335ca64c0 Uncommon trap: reason=bimorphic_or_optimized_type_check action=maybe_recompile pc=0x0000018345773b70 method=java.util.AbstractList$Itr.hasNext()Z @ 8 c2
Event: 15.948 Thread 0x0000018335ca64c0 DEOPT PACKING pc=0x0000018345773b70 sp=0x0000000d706fb760
Event: 15.948 Thread 0x0000018335ca64c0 DEOPT UNPACKING pc=0x0000018344d169a3 sp=0x0000000d706fb670 mode 2
Event: 15.948 Thread 0x0000018335ca64c0 Uncommon trap: trap_request=0xffffffc6 fr.pc=0x0000018345773b70 relative=0x0000000000000530
Event: 15.948 Thread 0x0000018335ca64c0 Uncommon trap: reason=bimorphic_or_optimized_type_check action=maybe_recompile pc=0x0000018345773b70 method=java.util.AbstractList$Itr.hasNext()Z @ 8 c2
Event: 15.948 Thread 0x0000018335ca64c0 DEOPT PACKING pc=0x0000018345773b70 sp=0x0000000d706fb760
Event: 15.948 Thread 0x0000018335ca64c0 DEOPT UNPACKING pc=0x0000018344d169a3 sp=0x0000000d706fb670 mode 2
Event: 15.948 Thread 0x0000018335ca64c0 Uncommon trap: trap_request=0xffffffc6 fr.pc=0x0000018345773b70 relative=0x0000000000000530
Event: 15.948 Thread 0x0000018335ca64c0 Uncommon trap: reason=bimorphic_or_optimized_type_check action=maybe_recompile pc=0x0000018345773b70 method=java.util.AbstractList$Itr.hasNext()Z @ 8 c2
Event: 15.948 Thread 0x0000018335ca64c0 DEOPT PACKING pc=0x0000018345773b70 sp=0x0000000d706fb760
Event: 15.948 Thread 0x0000018335ca64c0 DEOPT UNPACKING pc=0x0000018344d169a3 sp=0x0000000d706fb670 mode 2
Event: 15.949 Thread 0x0000018335ca64c0 Uncommon trap: trap_request=0xffffffc6 fr.pc=0x0000018345773b70 relative=0x0000000000000530
Event: 15.949 Thread 0x0000018335ca64c0 Uncommon trap: reason=bimorphic_or_optimized_type_check action=maybe_recompile pc=0x0000018345773b70 method=java.util.AbstractList$Itr.hasNext()Z @ 8 c2
Event: 15.949 Thread 0x0000018335ca64c0 DEOPT PACKING pc=0x0000018345773b70 sp=0x0000000d706fb760
Event: 15.949 Thread 0x0000018335ca64c0 DEOPT UNPACKING pc=0x0000018344d169a3 sp=0x0000000d706fb670 mode 2

Classes unloaded (0 events):
No events

Classes redefined (0 events):
No events

Internal exceptions (20 events):
Event: 7.111 Thread 0x0000018335ca64c0 Exception <a 'java/lang/NoSuchMethodError'{0x000000008658aa58}: 'java.lang.Object java.lang.invoke.Invokers$Holder.linkToTargetMethod(java.lang.Object, java.lang.Object, java.lang.Object, int, java.lang.Object)'> (0x000000008658aa58) 
thrown [s\src\hotspot\share\interpreter\linkResolver.cpp, line 759]
Event: 7.159 Thread 0x0000018335ca64c0 Exception <a 'java/lang/NoSuchMethodError'{0x00000000864cdc78}: 'void java.lang.invoke.DirectMethodHandle$Holder.invokeInterface(java.lang.Object, java.lang.Object)'> (0x00000000864cdc78) 
thrown [s\src\hotspot\share\interpreter\linkResolver.cpp, line 759]
Event: 7.475 Thread 0x0000018335ca64c0 Exception <a 'java/lang/NoSuchMethodError'{0x000000008567f228}: 'java.lang.Object java.lang.invoke.DirectMethodHandle$Holder.invokeStaticInit(java.lang.Object, java.lang.Object, java.lang.Object)'> (0x000000008567f228) 
thrown [s\src\hotspot\share\interpreter\linkResolver.cpp, line 759]
Event: 7.505 Thread 0x0000018335ca64c0 Exception <a 'java/lang/NoSuchMethodError'{0x000000008555db68}: 'int java.lang.invoke.DirectMethodHandle$Holder.invokeSpecialIFC(java.lang.Object, java.lang.Object, java.lang.Object, java.lang.Object, java.lang.Object)'> (0x000000008555db68) 
thrown [s\src\hotspot\share\interpreter\linkResolver.cpp, line 759]
Event: 7.507 Thread 0x0000018335ca64c0 Exception <a 'java/lang/NoSuchMethodError'{0x00000000855684e8}: 'java.lang.Object java.lang.invoke.DirectMethodHandle$Holder.invokeStatic(java.lang.Object, java.lang.Object, int)'> (0x00000000855684e8) 
thrown [s\src\hotspot\share\interpreter\linkResolver.cpp, line 759]
Event: 7.511 Thread 0x0000018335ca64c0 Exception <a 'java/lang/NoSuchMethodError'{0x0000000085583fb8}: 'void java.lang.invoke.DirectMethodHandle$Holder.invokeInterface(java.lang.Object, java.lang.Object, java.lang.Object)'> (0x0000000085583fb8) 
thrown [s\src\hotspot\share\interpreter\linkResolver.cpp, line 759]
Event: 7.803 Thread 0x0000018335ca64c0 Implicit null exception at 0x00000183454f2284 to 0x00000183454f288c
Event: 7.809 Thread 0x0000018335ca64c0 Implicit null exception at 0x00000183454f020f to 0x00000183454f024c
Event: 8.381 Thread 0x0000018335ca64c0 Exception <a 'java/lang/NoSuchMethodError'{0x00000000865bb958}: 'int java.lang.invoke.DirectMethodHandle$Holder.invokeStaticInit(java.lang.Object, int)'> (0x00000000865bb958) 
thrown [s\src\hotspot\share\interpreter\linkResolver.cpp, line 759]
Event: 8.824 Thread 0x0000018335ca64c0 Exception <a 'java/lang/NoSuchMethodError'{0x0000000085bb9a88}: 'int java.lang.invoke.DirectMethodHandle$Holder.invokeInterface(java.lang.Object, java.lang.Object)'> (0x0000000085bb9a88) 
thrown [s\src\hotspot\share\interpreter\linkResolver.cpp, line 759]
Event: 8.951 Thread 0x0000018335ca64c0 Exception <a 'java/lang/NoSuchMethodError'{0x000000008579c738}: 'java.lang.Object java.lang.invoke.DirectMethodHandle$Holder.newInvokeSpecial(java.lang.Object, int, java.lang.Object)'> (0x000000008579c738) 
thrown [s\src\hotspot\share\interpreter\linkResolver.cpp, line 759]
Event: 10.604 Thread 0x0000018335ca64c0 Exception <a 'java/lang/NoSuchMethodError'{0x0000000086518a18}: 'java.lang.Object java.lang.invoke.DirectMethodHandle$Holder.invokeInterface(java.lang.Object, java.lang.Object, java.lang.Object)'> (0x0000000086518a18) 
thrown [s\src\hotspot\share\interpreter\linkResolver.cpp, line 759]
Event: 10.605 Thread 0x0000018335ca64c0 Exception <a 'java/lang/IncompatibleClassChangeError'{0x000000008651c388}: Found class java.lang.Object, but interface was expected> (0x000000008651c388) 
thrown [s\src\hotspot\share\interpreter\linkResolver.cpp, line 826]
Event: 10.814 Thread 0x0000018335ca64c0 Exception <a 'java/lang/NoSuchMethodError'{0x0000000087ac9120}: 'java.lang.Object java.lang.invoke.DirectMethodHandle$Holder.newInvokeSpecial(java.lang.Object, java.lang.Object, java.lang.Object, java.lang.Object, java.lang.Object, java.lang.Object, java.lang.Object)'> (0x0000000087ac9120) 
thrown [s\src\hotspot\share\interpreter\linkResolver.cpp, line 759]
Event: 10.814 Thread 0x0000018335ca64c0 Exception <a 'java/lang/NoSuchMethodError'{0x0000000087acdcd8}: 'java.lang.Object java.lang.invoke.Invokers$Holder.linkToTargetMethod(java.lang.Object, java.lang.Object, java.lang.Object, java.lang.Object, java.lang.Object, java.lang.Object, java.lang.Object)'> (0x0000000087acdcd8) 
thrown [s\src\hotspot\share\interpreter\linkResolver.cpp, line 759]
Event: 11.076 Thread 0x0000018335ca64c0 Implicit null exception at 0x0000018345535120 to 0x0000018345536084
Event: 11.257 Thread 0x0000018335ca64c0 Implicit null exception at 0x00000183455a95c3 to 0x00000183455a9895
Event: 14.282 Thread 0x0000018335ca64c0 Implicit null exception at 0x000001834558f1e0 to 0x000001834558f4a4
Event: 14.373 Thread 0x0000018335ca64c0 Implicit null exception at 0x00000183456a5e72 to 0x00000183456a65ac
Event: 15.289 Thread 0x0000018335ca64c0 Exception <a 'java/lang/NoSuchMethodError'{0x0000000087ba1820}: 'void java.lang.invoke.DirectMethodHandle$Holder.invokeStatic(java.lang.Object, java.lang.Object, java.lang.Object)'> (0x0000000087ba1820) 
thrown [s\src\hotspot\share\interpreter\linkResolver.cpp, line 759]

VM Operations (20 events):
Event: 14.491 Executing VM operation: ICBufferFull done
Event: 14.539 Executing VM operation: HandshakeAllThreads
Event: 14.540 Executing VM operation: HandshakeAllThreads done
Event: 14.644 Executing VM operation: ICBufferFull
Event: 14.645 Executing VM operation: ICBufferFull done
Event: 14.900 Executing VM operation: ICBufferFull
Event: 14.900 Executing VM operation: ICBufferFull done
Event: 14.927 Executing VM operation: G1CollectForAllocation
Event: 14.940 Executing VM operation: G1CollectForAllocation done
Event: 15.097 Executing VM operation: G1Concurrent
Event: 15.112 Executing VM operation: G1Concurrent done
Event: 15.187 Executing VM operation: G1Concurrent
Event: 15.187 Executing VM operation: G1Concurrent done
Event: 15.418 Executing VM operation: HandshakeAllThreads
Event: 15.418 Executing VM operation: HandshakeAllThreads done
Event: 15.477 Executing VM operation: ICBufferFull
Event: 15.477 Executing VM operation: ICBufferFull done
Event: 15.930 Executing VM operation: G1CollectForAllocation
Event: 15.946 Executing VM operation: G1CollectForAllocation done
Event: 16.064 Executing VM operation: G1CollectForAllocation

Events (20 events):
Event: 12.108 Thread 0x00000183537a1d80 flushing nmethod 0x000001833eaf9410
Event: 12.108 Thread 0x00000183537a1d80 flushing nmethod 0x000001833eb1b210
Event: 12.108 Thread 0x00000183537a1d80 flushing nmethod 0x000001833eb64b10
Event: 12.109 Thread 0x00000183537a1d80 flushing nmethod 0x000001833eba9b10
Event: 12.109 Thread 0x00000183537a1d80 flushing nmethod 0x000001833ebb8590
Event: 12.109 Thread 0x00000183537a1d80 flushing nmethod 0x000001833ebb9110
Event: 12.109 Thread 0x00000183537a1d80 flushing nmethod 0x000001833ebd5190
Event: 12.707 loading class jdk/internal/math/FloatingDecimal$ASCIIToBinaryBuffer
Event: 12.707 loading class jdk/internal/math/FloatingDecimal$ASCIIToBinaryBuffer done
Event: 13.258 loading class java/util/concurrent/locks/AbstractQueuedSynchronizer$Node
Event: 13.258 loading class java/util/concurrent/locks/AbstractQueuedSynchronizer$Node done
Event: 14.542 Thread 0x00000183537a1d80 flushing nmethod 0x0000018345607e10
Event: 14.542 Thread 0x00000183537a1d80 flushing nmethod 0x0000018345609810
Event: 14.546 Thread 0x00000183537a1d80 flushing nmethod 0x000001833db49710
Event: 14.546 Thread 0x00000183537a1d80 flushing nmethod 0x000001833db95990
Event: 14.551 Thread 0x00000183537a1d80 flushing nmethod 0x000001833e16fa90
Event: 14.551 Thread 0x00000183537a1d80 flushing nmethod 0x000001833e1b4e90
Event: 14.551 Thread 0x00000183537a1d80 flushing nmethod 0x000001833e1bef10
Event: 14.556 Thread 0x00000183537a1d80 flushing nmethod 0x000001833e84d410
Event: 14.559 Thread 0x00000183537a1d80 flushing nmethod 0x000001833eba7590


Dynamic libraries:
0x00007ff673990000 - 0x00007ff67399e000 	C:\Program Files\Eclipse Adoptium\jdk-17.0.6.10-hotspot\bin\java.exe
0x00007ffc021f0000 - 0x00007ffc023e8000 	C:\WINDOWS\SYSTEM32\ntdll.dll
0x00007ffc01b20000 - 0x00007ffc01bdf000 	C:\WINDOWS\System32\KERNEL32.DLL
0x00007ffbff970000 - 0x00007ffbffc66000 	C:\WINDOWS\System32\KERNELBASE.dll
0x00007ffbffc70000 - 0x00007ffbffd70000 	C:\WINDOWS\System32\ucrtbase.dll
0x00007ffbeefe0000 - 0x00007ffbeeff9000 	C:\Program Files\Eclipse Adoptium\jdk-17.0.6.10-hotspot\bin\VCRUNTIME140.dll
0x00007ffbf9350000 - 0x00007ffbf9367000 	C:\Program Files\Eclipse Adoptium\jdk-17.0.6.10-hotspot\bin\jli.dll
0x00007ffc00540000 - 0x00007ffc006dd000 	C:\WINDOWS\System32\USER32.dll
0x00007ffbfffe0000 - 0x00007ffc00002000 	C:\WINDOWS\System32\win32u.dll
0x00007ffc004b0000 - 0x00007ffc004dc000 	C:\WINDOWS\System32\GDI32.dll
0x00007ffbec3b0000 - 0x00007ffbec64a000 	C:\WINDOWS\WinSxS\amd64_microsoft.windows.common-controls_6595b64144ccf1df_6.0.19041.1110_none_60b5254171f9507e\COMCTL32.dll
0x00007ffc00130000 - 0x00007ffc00245000 	C:\WINDOWS\System32\gdi32full.dll
0x00007ffc019c0000 - 0x00007ffc01a5e000 	C:\WINDOWS\System32\msvcrt.dll
0x00007ffbff8d0000 - 0x00007ffbff96d000 	C:\WINDOWS\System32\msvcp_win.dll
0x00007ffc006e0000 - 0x00007ffc00710000 	C:\WINDOWS\System32\IMM32.DLL
0x00007ffbf9340000 - 0x00007ffbf934c000 	C:\Program Files\Eclipse Adoptium\jdk-17.0.6.10-hotspot\bin\vcruntime140_1.dll
0x00007ffbc79b0000 - 0x00007ffbc7a41000 	C:\Program Files\Eclipse Adoptium\jdk-17.0.6.10-hotspot\bin\msvcp140.dll
0x00007ffb776e0000 - 0x00007ffb78327000 	C:\Program Files\Eclipse Adoptium\jdk-17.0.6.10-hotspot\bin\server\jvm.dll
0x00007ffc007c0000 - 0x00007ffc0086f000 	C:\WINDOWS\System32\ADVAPI32.dll
0x00007ffc01be0000 - 0x00007ffc01c7c000 	C:\WINDOWS\System32\sechost.dll
0x00007ffc02080000 - 0x00007ffc021a6000 	C:\WINDOWS\System32\RPCRT4.dll
0x00007ffbed810000 - 0x00007ffbed837000 	C:\WINDOWS\SYSTEM32\WINMM.dll
0x00007ffbe8480000 - 0x00007ffbe8489000 	C:\WINDOWS\SYSTEM32\WSOCK32.dll
0x00007ffbf8a60000 - 0x00007ffbf8a6a000 	C:\WINDOWS\SYSTEM32\VERSION.dll
0x00007ffc00950000 - 0x00007ffc009bb000 	C:\WINDOWS\System32\WS2_32.dll
0x00007ffbfe130000 - 0x00007ffbfe142000 	C:\WINDOWS\SYSTEM32\kernel.appcore.dll
0x00007ffbf7fd0000 - 0x00007ffbf7fda000 	C:\Program Files\Eclipse Adoptium\jdk-17.0.6.10-hotspot\bin\jimage.dll
0x00007ffbfd640000 - 0x00007ffbfd824000 	C:\WINDOWS\SYSTEM32\DBGHELP.DLL
0x00007ffbe8490000 - 0x00007ffbe84c4000 	C:\WINDOWS\SYSTEM32\dbgcore.DLL
0x00007ffbffd70000 - 0x00007ffbffdf2000 	C:\WINDOWS\System32\bcryptPrimitives.dll
0x00007ffbe0260000 - 0x00007ffbe0285000 	C:\Program Files\Eclipse Adoptium\jdk-17.0.6.10-hotspot\bin\java.dll
0x00007ffbc6000000 - 0x00007ffbc60d6000 	C:\Program Files\Eclipse Adoptium\jdk-17.0.6.10-hotspot\bin\jsvml.dll
0x00007ffc00d00000 - 0x00007ffc01444000 	C:\WINDOWS\System32\SHELL32.dll
0x00007ffbfd830000 - 0x00007ffbfdfc4000 	C:\WINDOWS\SYSTEM32\windows.storage.dll
0x00007ffc01c80000 - 0x00007ffc01fd4000 	C:\WINDOWS\System32\combase.dll
0x00007ffbff300000 - 0x00007ffbff32e000 	C:\WINDOWS\SYSTEM32\Wldp.dll
0x00007ffc00710000 - 0x00007ffc007bd000 	C:\WINDOWS\System32\SHCORE.dll
0x00007ffc01ac0000 - 0x00007ffc01b15000 	C:\WINDOWS\System32\shlwapi.dll
0x00007ffbff800000 - 0x00007ffbff825000 	C:\WINDOWS\SYSTEM32\profapi.dll
0x00007ffbeb490000 - 0x00007ffbeb4a9000 	C:\Program Files\Eclipse Adoptium\jdk-17.0.6.10-hotspot\bin\net.dll
0x00007ffbf7000000 - 0x00007ffbf710a000 	C:\WINDOWS\SYSTEM32\WINHTTP.dll
0x00007ffbff060000 - 0x00007ffbff0ca000 	C:\WINDOWS\system32\mswsock.dll
0x00007ffbeb400000 - 0x00007ffbeb415000 	C:\Program Files\Eclipse Adoptium\jdk-17.0.6.10-hotspot\bin\nio.dll
0x00007ffbeb070000 - 0x00007ffbeb088000 	C:\Program Files\Eclipse Adoptium\jdk-17.0.6.10-hotspot\bin\zip.dll
0x00007ffbeb7b0000 - 0x00007ffbeb7c0000 	C:\Program Files\Eclipse Adoptium\jdk-17.0.6.10-hotspot\bin\verify.dll

dbghelp: loaded successfully - version: 4.0.5 - missing functions: none
symbol engine: initialized successfully - sym options: 0x614 - pdb path: .;C:\Program Files\Eclipse Adoptium\jdk-17.0.6.10-hotspot\bin;C:\WINDOWS\SYSTEM32;C:\WINDOWS\WinSxS\amd64_microsoft.windows.common-controls_6595b64144ccf1df_6.0.19041.1110_none_60b5254171f9507e;C:\Program Files\Eclipse Adoptium\jdk-17.0.6.10-hotspot\bin\server

VM Arguments:
java_command: org.jetbrains.kotlin.cli.jvm.K2JVMCompiler @C:\Users\songe\Development\react-native\proficient\node_modules\react-native-gesture-handler\android\build\20230707_3720712524229394149.compiler.options
java_class_path (initial): C:\Users\songe\.gradle\caches\modules-2\files-2.1\org.jetbrains.kotlin\kotlin-compiler-embeddable\1.6.21\97bdd5a752ce73b58ef16c17bc7f0ea2faff7a2e\kotlin-compiler-embeddable-1.6.21.jar;C:\Users\songe\.gradle\caches\modules-2\files-2.1\org.jetbrains.kotlin\kotlin-reflect\1.6.21\5dc3574d9b7bebfcb4ec6b10ada4aaa9e140bd0b\kotlin-reflect-1.6.21.jar;C:\Users\songe\.gradle\caches\modules-2\files-2.1\org.jetbrains.kotlin\kotlin-stdlib\1.6.21\11ef67f1900634fd951bad28c53ec957fabbe5b8\kotlin-stdlib-1.6.21.jar;C:\Users\songe\.gradle\caches\modules-2\files-2.1\org.jetbrains.kotlin\kotlin-script-runtime\1.6.21\99c6675100da5d6d5b1c5a1032f27f28008d101b\kotlin-script-runtime-1.6.21.jar;C:\Users\songe\.gradle\caches\modules-2\files-2.1\org.jetbrains.kotlin\kotlin-daemon-embeddable\1.6.21\46b78cf392e1c4f10854c3cadba44abb7b82250f\kotlin-daemon-embeddable-1.6.21.jar;C:\Users\songe\.gradle\caches\modules-2\files-2.1\org.jetbrains.intellij.deps\trove4j\1.0.20200330\3afb14d5f9ceb459d724e907a21145e8ff394f02\trove4j-1.0.20200330.jar;C:\Users\songe\.gradle\caches\modules-2\files-2.1\net.java.dev.jna\jna\5.6.0\330f2244e9030119ab3030fc3fededc86713d9cc\jna-5.6.0.jar;C:\Users\songe\.gradle\caches\modules-2\files-2.1\org.jetbrains.kotlin\kotlin-stdlib-common\1.6.21\5e5b55c26dbc80372a920aef60eb774b714559b8\kotlin-stdlib-common-1.6.21.jar;C:\Users\songe\.gradle\caches\modules-2\files-2.1\org.jetbrains\annotations\13.0\919f0dfe192fb4e063e7dacadee7f8bb9a2672a9\annotations-13.0.jar
Launcher Type: SUN_STANDARD

[Global flags]
     intx CICompilerCount                          = 3                                         {product} {ergonomic}
     uint ConcGCThreads                            = 1                                         {product} {ergonomic}
     uint G1ConcRefinementThreads                  = 4                                         {product} {ergonomic}
   size_t G1HeapRegionSize                         = 1048576                                   {product} {ergonomic}
    uintx GCDrainStackTargetSize                   = 64                                        {product} {ergonomic}
   size_t InitialHeapSize                          = 134217728                                 {product} {ergonomic}
   size_t MarkStackSize                            = 4194304                                   {product} {ergonomic}
   size_t MaxHeapSize                              = 2122317824                                {product} {ergonomic}
   size_t MaxNewSize                               = 1272971264                                {product} {ergonomic}
   size_t MinHeapDeltaBytes                        = 1048576                                   {product} {ergonomic}
   size_t MinHeapSize                              = 8388608                                   {product} {ergonomic}
    uintx NonNMethodCodeHeapSize                   = 5832780                                {pd product} {ergonomic}
    uintx NonProfiledCodeHeapSize                  = 122912730                              {pd product} {ergonomic}
    uintx ProfiledCodeHeapSize                     = 122912730                              {pd product} {ergonomic}
    uintx ReservedCodeCacheSize                    = 251658240                              {pd product} {ergonomic}
     bool SegmentedCodeCache                       = true                                      {product} {ergonomic}
   size_t SoftMaxHeapSize                          = 2122317824                             {manageable} {ergonomic}
     bool UseCompressedClassPointers               = true                           {product lp64_product} {ergonomic}
     bool UseCompressedOops                        = true                           {product lp64_product} {ergonomic}
     bool UseG1GC                                  = true                                      {product} {ergonomic}
     bool UseLargePagesIndividualAllocation        = false                                  {pd product} {ergonomic}

Logging:
Log output configuration:
 #0: stdout all=warning uptime,level,tags
 #1: stderr all=off uptime,level,tags

Environment Variables:
JAVA_HOME=C:\Program Files\Eclipse Adoptium\jdk-17.0.6.10-hotspot
CLASSPATH=C:\Users\songe\Development\react-native\proficient\android\\gradle\wrapper\gradle-wrapper.jar
PATH=C:\Users\songe\Development\react-native\proficient\node_modules\.bin;C:\Users\songe\Development\react-native\proficient\node_modules\.bin;C:\Users\songe\Development\react-native\node_modules\.bin;C:\Users\songe\Development\node_modules\.bin;C:\Users\songe\node_modules\.bin;C:\Users\node_modules\.bin;C:\node_modules\.bin;C:\Program Files\nodejs\node_modules\npm\node_modules\@npmcli\run-script\lib\node-gyp-bin;C:\Users\songe\Development\react-native\proficient\node_modules\.bin;C:\Users\songe\Development\react-native\node_modules\.bin;C:\Users\songe\Development\node_modules\.bin;C:\Users\songe\node_modules\.bin;C:\Users\node_modules\.bin;C:\node_modules\.bin;C:\Program Files\nodejs\node_modules\npm\node_modules\@npmcli\run-script\lib\node-gyp-bin;C:\Users\songe\Development\react-native\proficient\node_modules\.bin;C:\Users\songe\Development\react-native\node_modules\.bin;C:\Users\songe\Development\node_modules\.bin;C:\Users\songe\node_modules\.bin;C:\Users\node_modules\.bin;C:\node_modules\.bin;C:\Program Files\nodejs\node_modules\npm\node_modules\@npmcli\run-script\lib\node-gyp-bin;C:\Users\songe\bin;C:\Program Files\Git\mingw64\bin;C:\Program Files\Git\usr\local\bin;C:\Program Files\Git\usr\bin;C:\Program Files\Git\usr\bin;C:\Program Files\Git\mingw64\bin;C:\Program Files\Git\usr\bin;C:\Users\songe\bin;C:\Program Files\Eclipse Adoptium\jdk-17.0.6.10-hotspot\bin;C:\Program Files (x86)\Intel\Intel(R) Management Engine Components\iCLS;C:\Program Files\Intel\Intel(R) Management Engine Components\iCLS;C:\Windows\system32;C:\Windows;C:\Windows\System32\Wbem;C:\Windows\System32\WindowsPowerShell\v1.0;C:\Program Files (x86)\NVIDIA Corporation\PhysX\Common;C:\Program Files (x86)\Intel\Intel(R) Management Engine Components\DAL;C:\Program Files\Intel\Intel(R) Management Engine Components\DAL;C:\Program Files (x86)\Intel\Intel(R) Management Engine Components\IPT;C:\Program Files\Intel\Intel(R) Management Engine Components\IPT;C:\Program Files\Intel\WiFi\bin;C:\Program Files\C
USERNAME=songe
SHELL=C:\Program Files\Git\usr\bin\bash.exe
DISPLAY=needs-to-be-defined
LANG=en_US.UTF-8
TERM=xterm-256color
TMPDIR=C:\Users\songe\AppData\Local\Temp
OS=Windows_NT
PROCESSOR_IDENTIFIER=Intel64 Family 6 Model 142 Stepping 9, GenuineIntel
TMP=C:\Users\songe\AppData\Local\Temp
TEMP=C:\Users\songe\AppData\Local\Temp



---------------  S Y S T E M  ---------------

OS:
 Windows 10 , 64 bit Build 19041 (10.0.19041.3155)
OS uptime: 0 days 2:52 hours

CPU: total 4 (initial active 4) (2 cores per cpu, 2 threads per core) family 6 model 142 stepping 9 microcode 0xf0, cx8, cmov, fxsr, ht, mmx, 3dnowpref, sse, sse2, sse3, ssse3, sse4.1, sse4.2, popcnt, lzcnt, tsc, tscinvbit, avx, avx2, aes, erms, clmul, bmi1, bmi2, adx, fma, vzeroupper, clflush, clflushopt

Memory: 4k page, system-wide physical 8089M (512M free)
TotalPageFile size 11089M (AvailPageFile size 26M)
current process WorkingSet (physical memory assigned to process): 298M, peak: 317M
current process commit charge ("private bytes"): 349M, peak: 406M

vm_info: OpenJDK 64-Bit Server VM (17.0.6+10) for windows-amd64 JRE (17.0.6+10), built on Jan 18 2023 10:08:59 by "temurin" with MS VC++ 16.7 (VS2019)

END.
