#
# A fatal error has been detected by the Java Runtime Environment:
#
#  EXCEPTION_ACCESS_VIOLATION (0xc0000005) at pc=0x00007ffee4651be1, pid=16204, tid=16832
#
# JRE version:  (17.0.6+10) (build )
# Java VM: OpenJDK 64-Bit Server VM (17.0.6+10, mixed mode, sharing, tiered, unknown gc, windows-amd64)
# Problematic frame:
# C  [jimage.dll+0x1be1]
#
# No core dump will be written. Minidumps are not enabled by default on client versions of Windows
#
#

---------------  S U M M A R Y ------------

Command Line: 

Host: Intel(R) Core(TM) i7-7500U CPU @ 2.70GHz, 4 cores, 7G,  Windows 10 , 64 bit Build 19041 (10.0.19041.3155)
Time: Fri Aug 18 19:10:42 2023 South Africa Standard Time elapsed time: 0.013647 seconds (0d 0h 0m 0s)

---------------  T H R E A D  ---------------

Current thread is native thread

Stack: [0x000000493bc00000,0x000000493bd00000],  sp=0x000000493bcfd690,  free space=1013k
Native frames: (J=compiled Java code, j=interpreted, Vv=VM code, C=native code)
C  [jimage.dll+0x1be1]
C  [jimage.dll+0x1d6f]
C  [jimage.dll+0x264d]
V  [jvm.dll+0x1f176a]
V  [jvm.dll+0xb00ce]
V  [jvm.dll+0x7e516c]
V  [jvm.dll+0x3eb35f]
V  [jvm.dll+0x3ecea1]
C  [jli.dll+0x5267]
C  [ucrtbase.dll+0x21bb2]
C  [KERNEL32.DLL+0x17614]
C  [ntdll.dll+0x526b1]


siginfo: EXCEPTION_ACCESS_VIOLATION (0xc0000005), reading address 0x0000000000015864


Registers:
RAX=0x0000000000005612, RBX=0x000000493bcfd781, RCX=0x00007ffee4656000, RDX=0x0000000000005612
RSP=0x000000493bcfd690, RBP=0x000000493bcfd780, RSI=0x0000000000007301, RDI=0x000000493bcfd780
R8 =0x00007ffee4654288, R9 =0x000000000000001c, R10=0x00007ffe78726900, R11=0x00007ffee4656000
R12=0x0000000000000001, R13=0x000001ef55f84000, R14=0x000000493bcfe7f0, R15=0x00007ffe787269a8
RIP=0x00007ffee4651be1, EFLAGS=0x0000000000010246

Top of Stack: (sp=0x000000493bcfd690)
0x000000493bcfd690:   0000000000000199 00000000000003ff
0x000000493bcfd6a0:   000001ef56046e20 000000493bcfd800
0x000000493bcfd6b0:   000001ef5606c1b0 00007ffee4651d6f
0x000000493bcfd6c0:   000000000000000b 000001ef5606c1b0
0x000000493bcfd6d0:   000000493bcfd721 0000000000000101
0x000000493bcfd6e0:   00000000000006f5 000001ef55f70150
0x000000493bcfd6f0:   00000000000006f5 00000000000006f5
0x000000493bcfd700:   00000000000006f5 000001ef55f70000
0x000000493bcfd710:   000001ef580d0000 00007ffef342e2a9
0x000000493bcfd720:   00004b76a1e7b15d 00000000a00003a3
0x000000493bcfd730:   00007ffe787054a0 0000000000000017
0x000000493bcfd740:   000001ef5606c1b0 000000493bcfe7f0
0x000000493bcfd750:   000000000000000b 00007ffee465264d
0x000000493bcfd760:   0000000000000751 0000000000000751
0x000000493bcfd770:   0000000000000751 000001ef55f70000
0x000000493bcfd780:   61622e6176616a2f 692f6b646a2f6573 

Instructions: (pc=0x00007ffee4651be1)
0x00007ffee4651ae1:   48 85 c9 74 1d 80 3d 23 45 00 00 00 74 06 48 8b
0x00007ffee4651af1:   53 18 eb 04 48 8b 53 40 e8 ae 0e 00 00 48 83 63
0x00007ffee4651b01:   48 00 8b 4b 0c 83 f9 ff 74 09 e8 e4 0c 00 00 83
0x00007ffee4651b11:   4b 0c ff 48 8b 4b 70 48 85 c9 74 0f ba 10 00 00
0x00007ffee4651b21:   00 e8 fd 0e 00 00 48 83 63 70 00 48 83 c4 20 5b
0x00007ffee4651b31:   c3 cc cc 40 53 48 83 ec 20 48 8b d9 48 8d 0d dc
0x00007ffee4651b41:   46 00 00 e8 b3 0c 00 00 83 6b 08 01 75 24 48 8b
0x00007ffee4651b51:   d3 48 8d 0d bf 44 00 00 e8 22 08 00 00 48 8b cb
0x00007ffee4651b61:   e8 de fe ff ff ba 78 00 00 00 48 8b cb e8 b1 0e
0x00007ffee4651b71:   00 00 48 8d 0d a6 46 00 00 48 83 c4 20 5b e9 80
0x00007ffee4651b81:   0c 00 00 48 89 5c 24 08 48 89 74 24 10 57 48 83
0x00007ffee4651b91:   ec 20 41 8b f1 4d 8b c8 48 8b fa 4c 8b d9 4d 85
0x00007ffee4651ba1:   c0 74 78 85 f6 74 74 44 8a 12 48 8d 5a 01 48 8b
0x00007ffee4651bb1:   d3 b8 93 01 00 01 eb 12 69 c0 93 01 00 01 41 0f
0x00007ffee4651bc1:   b6 ca 44 8a 12 33 c1 48 ff c2 45 84 d2 75 e9 4d
0x00007ffee4651bd1:   8b 03 0f ba f0 1f 33 d2 49 8b cb f7 f6 48 63 c2
0x00007ffee4651be1:   41 8b 14 81 41 ff 50 08 85 c0 7e 24 8a 0f eb 10
0x00007ffee4651bf1:   69 c0 93 01 00 01 0f b6 c9 33 c1 8a 0b 48 ff c3
0x00007ffee4651c01:   84 c9 75 ec 0f ba f0 1f 33 d2 f7 f6 8b c2 eb 0e
0x00007ffee4651c11:   79 09 83 c9 ff 2b c8 8b c1 eb 03 83 c8 ff 48 8b
0x00007ffee4651c21:   5c 24 30 48 8b 74 24 38 48 83 c4 20 5f c3 cc 48
0x00007ffee4651c31:   89 5c 24 08 48 89 74 24 10 57 48 83 ec 20 48 8b
0x00007ffee4651c41:   f1 48 8d 0d d7 45 00 00 e8 ae 0b 00 00 33 ff 39
0x00007ffee4651c51:   3d c2 43 00 00 76 24 48 8b 05 c1 43 00 00 48 8b
0x00007ffee4651c61:   d6 48 8b 1c f8 48 8b 0b e8 72 1e 00 00 85 c0 74
0x00007ffee4651c71:   2b ff c7 3b 3d 9e 43 00 00 72 dc 33 db 48 8d 0d
0x00007ffee4651c81:   9b 45 00 00 e8 7a 0b 00 00 48 8b 74 24 38 48 8b
0x00007ffee4651c91:   c3 48 8b 5c 24 30 48 83 c4 20 5f c3 ff 43 08 eb
0x00007ffee4651ca1:   dc cc cc 48 89 5c 24 08 48 89 74 24 10 57 48 83
0x00007ffee4651cb1:   ec 20 48 8b d9 48 8b f2 48 8b 49 10 49 8b f8 8b
0x00007ffee4651cc1:   53 30 48 8b 01 ff 50 20 4c 8b 43 50 48 8b d6 48
0x00007ffee4651cd1:   8b 4b 10 44 8b c8 e8 a8 fe ff ff 83 f8 ff 74 38 



---------------  P R O C E S S  ---------------

VM state: not at safepoint (not fully initialized)

VM Mutex/Monitor currently owned by a thread: None

GC Precious Log:
<Not initialized>


Dynamic libraries:
0x00007ff7a3b90000 - 0x00007ff7a3b9e000 	C:\Program Files\Eclipse Adoptium\jdk-17.0.6.10-hotspot\bin\java.exe
0x00007ffef3410000 - 0x00007ffef3608000 	C:\WINDOWS\SYSTEM32\ntdll.dll
0x00007ffef2640000 - 0x00007ffef26ff000 	C:\WINDOWS\System32\KERNEL32.DLL
0x00007ffef1040000 - 0x00007ffef1336000 	C:\WINDOWS\System32\KERNELBASE.dll
0x00007ffef0dc0000 - 0x00007ffef0ec0000 	C:\WINDOWS\System32\ucrtbase.dll
0x00007ffec7e10000 - 0x00007ffec7e29000 	C:\Program Files\Eclipse Adoptium\jdk-17.0.6.10-hotspot\bin\VCRUNTIME140.dll
0x00007ffec7df0000 - 0x00007ffec7e07000 	C:\Program Files\Eclipse Adoptium\jdk-17.0.6.10-hotspot\bin\jli.dll
0x00007ffef2880000 - 0x00007ffef2a1d000 	C:\WINDOWS\System32\USER32.dll
0x00007ffef0f60000 - 0x00007ffef0f82000 	C:\WINDOWS\System32\win32u.dll
0x00007ffedcc80000 - 0x00007ffedcf1a000 	C:\WINDOWS\WinSxS\amd64_microsoft.windows.common-controls_6595b64144ccf1df_6.0.19041.1110_none_60b5254171f9507e\COMCTL32.dll
0x00007ffef2020000 - 0x00007ffef20be000 	C:\WINDOWS\System32\msvcrt.dll
0x00007ffef1ff0000 - 0x00007ffef201c000 	C:\WINDOWS\System32\GDI32.dll
0x00007ffef0ca0000 - 0x00007ffef0db5000 	C:\WINDOWS\System32\gdi32full.dll
0x00007ffef1340000 - 0x00007ffef13dd000 	C:\WINDOWS\System32\msvcp_win.dll
0x00007ffef3060000 - 0x00007ffef3090000 	C:\WINDOWS\System32\IMM32.DLL
0x00007ffee4560000 - 0x00007ffee456c000 	C:\Program Files\Eclipse Adoptium\jdk-17.0.6.10-hotspot\bin\vcruntime140_1.dll
0x00007ffeb6e60000 - 0x00007ffeb6ef1000 	C:\Program Files\Eclipse Adoptium\jdk-17.0.6.10-hotspot\bin\msvcp140.dll
0x00007ffe77df0000 - 0x00007ffe78a37000 	C:\Program Files\Eclipse Adoptium\jdk-17.0.6.10-hotspot\bin\server\jvm.dll
0x00007ffef3320000 - 0x00007ffef33cf000 	C:\WINDOWS\System32\ADVAPI32.dll
0x00007ffef2e90000 - 0x00007ffef2f2c000 	C:\WINDOWS\System32\sechost.dll
0x00007ffef24f0000 - 0x00007ffef2616000 	C:\WINDOWS\System32\RPCRT4.dll
0x00007ffede5c0000 - 0x00007ffede5e7000 	C:\WINDOWS\SYSTEM32\WINMM.dll
0x00007ffed85a0000 - 0x00007ffed85a9000 	C:\WINDOWS\SYSTEM32\WSOCK32.dll
0x00007ffeed1f0000 - 0x00007ffeed1fa000 	C:\WINDOWS\SYSTEM32\VERSION.dll
0x00007ffef2420000 - 0x00007ffef248b000 	C:\WINDOWS\System32\WS2_32.dll
0x00007ffeeeb50000 - 0x00007ffeeeb62000 	C:\WINDOWS\SYSTEM32\kernel.appcore.dll
0x00007ffee4650000 - 0x00007ffee465a000 	C:\Program Files\Eclipse Adoptium\jdk-17.0.6.10-hotspot\bin\jimage.dll
0x00007ffeee6d0000 - 0x00007ffeee8b4000 	C:\WINDOWS\SYSTEM32\DBGHELP.DLL
0x00007ffed5440000 - 0x00007ffed5474000 	C:\WINDOWS\SYSTEM32\dbgcore.DLL
0x00007ffef13e0000 - 0x00007ffef1462000 	C:\WINDOWS\System32\bcryptPrimitives.dll

dbghelp: loaded successfully - version: 4.0.5 - missing functions: none
symbol engine: initialized successfully - sym options: 0x614 - pdb path: .;C:\Program Files\Eclipse Adoptium\jdk-17.0.6.10-hotspot\bin;C:\WINDOWS\SYSTEM32;C:\WINDOWS\WinSxS\amd64_microsoft.windows.common-controls_6595b64144ccf1df_6.0.19041.1110_none_60b5254171f9507e;C:\Program Files\Eclipse Adoptium\jdk-17.0.6.10-hotspot\bin\server

VM Arguments:
java_command: <unknown>
java_class_path (initial): <not set>
Launcher Type: SUN_STANDARD

[Global flags]
     bool UseLargePagesIndividualAllocation        = false                                  {pd product} {ergonomic}

Logging:
Log output configuration:
 #0: stdout all=warning uptime,level,tags
 #1: stderr all=off uptime,level,tags

Environment Variables:
JAVA_HOME=C:\Program Files\Eclipse Adoptium\jdk-17.0.6.10-hotspot
CLASSPATH=C:\Users\songe\OneDrive\Documents\Development\InventoTrack\android\\gradle\wrapper\gradle-wrapper.jar
PATH=C:\Users\songe\OneDrive\Documents\Development\InventoTrack\node_modules\.bin;C:\Users\songe\OneDrive\Documents\Development\InventoTrack\node_modules\.bin;C:\Users\songe\OneDrive\Documents\Development\node_modules\.bin;C:\Users\songe\OneDrive\Documents\node_modules\.bin;C:\Users\songe\OneDrive\node_modules\.bin;C:\Users\songe\node_modules\.bin;C:\Users\node_modules\.bin;C:\node_modules\.bin;C:\Program Files\nodejs\node_modules\npm\node_modules\@npmcli\run-script\lib\node-gyp-bin;C:\Users\songe\OneDrive\Documents\Development\InventoTrack\node_modules\.bin;C:\Users\songe\OneDrive\Documents\Development\node_modules\.bin;C:\Users\songe\OneDrive\Documents\node_modules\.bin;C:\Users\songe\OneDrive\node_modules\.bin;C:\Users\songe\node_modules\.bin;C:\Users\node_modules\.bin;C:\node_modules\.bin;C:\Program Files\nodejs\node_modules\npm\node_modules\@npmcli\run-script\lib\node-gyp-bin;C:\Users\songe\OneDrive\Documents\Development\InventoTrack\node_modules\.bin;C:\Users\songe\OneDrive\Documents\Development\node_modules\.bin;C:\Users\songe\OneDrive\Documents\node_modules\.bin;C:\Users\songe\OneDrive\node_modules\.bin;C:\Users\songe\node_modules\.bin;C:\Users\node_modules\.bin;C:\node_modules\.bin;C:\Program Files\nodejs\node_modules\npm\node_modules\@npmcli\run-script\lib\node-gyp-bin;C:\Program Files\Eclipse Adoptium\jdk-17.0.6.10-hotspot\bin;C:\Program Files (x86)\Intel\Intel(R) Management Engine Components\iCLS\;C:\Program Files\Intel\Intel(R) Management Engine Components\iCLS\;C:\Windows\system32;C:\Windows;C:\Windows\System32\Wbem;C:\Windows\System32\WindowsPowerShell\v1.0\;C:\Program Files (x86)\NVIDIA Corporation\PhysX\Common;C:\Program Files (x86)\Intel\Intel(R) Management Engine Components\DAL;C:\Program Files\Intel\Intel(R) Management Engine Components\DAL;C:\Program Files (x86)\Intel\Intel(R) Management Engine Components\IPT;C:\Program Files\Intel\Intel(R) Management Engine Components\IPT;C:\Program Files\Intel\WiFi\bin\;C:\Program Files\Common Files\Intel\Wireles
USERNAME=songe
LANG=en_US.UTF-8
OS=Windows_NT
PROCESSOR_IDENTIFIER=Intel64 Family 6 Model 142 Stepping 9, GenuineIntel
TMP=C:\Users\songe\AppData\Local\Temp
TEMP=C:\Users\songe\AppData\Local\Temp



---------------  S Y S T E M  ---------------

OS:
 Windows 10 , 64 bit Build 19041 (10.0.19041.3155)
OS uptime: 0 days 0:19 hours

CPU: total 4 (initial active 0) 

Memory: 4k page, system-wide physical 8089M (506M free)
TotalPageFile size 11089M (AvailPageFile size 152M)
current process WorkingSet (physical memory assigned to process): 7M, peak: 7M
current process commit charge ("private bytes"): 3M, peak: 3M

vm_info: OpenJDK 64-Bit Server VM (17.0.6+10) for windows-amd64 JRE (17.0.6+10), built on Jan 18 2023 10:08:59 by "temurin" with MS VC++ 16.7 (VS2019)

END.
