#
# There is insufficient memory for the Java Runtime Environment to continue.
# Native memory allocation (mmap) failed to map 65536 bytes for Failed to commit metaspace.
# Possible reasons:
#   The system is out of physical RAM or swap space
#   The process is running with CompressedOops enabled, and the Java Heap may be blocking the growth of the native heap
# Possible solutions:
#   Reduce memory load on the system
#   Increase physical memory or swap space
#   Check if swap backing store is full
#   Decrease Java heap size (-Xmx/-Xms)
#   Decrease number of Java threads
#   Decrease Java thread stack sizes (-Xss)
#   Set larger code cache with -XX:ReservedCodeCacheSize=
#   JVM is running with Unscaled Compressed Oops mode in which the Java heap is
#     placed in the first 4GB address space. The Java Heap base address is the
#     maximum limit for the native heap growth. Please use -XX:HeapBaseMinAddress
#     to set the Java Heap base and to place the Java Heap above 4GB virtual address.
# This output file may be truncated or incomplete.
#
#  Out of Memory Error (virtualSpaceNode.cpp:110), pid=21164, tid=21268
#
# JRE version: OpenJDK Runtime Environment Temurin-17.0.6+10 (17.0.6+10) (build 17.0.6+10)
# Java VM: OpenJDK 64-Bit Server VM Temurin-17.0.6+10 (17.0.6+10, mixed mode, sharing, tiered, compressed oops, compressed class ptrs, g1 gc, windows-amd64)
# No core dump will be written. Minidumps are not enabled by default on client versions of Windows
#

---------------  S U M M A R Y ------------

Command Line: -Xmx64m -Xms64m -Dorg.gradle.appname=gradlew org.gradle.wrapper.GradleWrapperMain tasks

Host: Intel(R) Core(TM) i7-7500U CPU @ 2.70GHz, 4 cores, 7G,  Windows 10 , 64 bit Build 19041 (10.0.19041.3155)
Time: Wed Jul 12 02:28:14 2023 South Africa Standard Time elapsed time: 7.268595 seconds (0d 0h 0m 7s)

---------------  T H R E A D  ---------------

Current thread (0x0000014380034380):  JavaThread "main" [_thread_in_vm, id=21268, stack(0x00000026a4400000,0x00000026a4500000)]

Stack: [0x00000026a4400000,0x00000026a4500000]
Native frames: (J=compiled Java code, j=interpreted, Vv=VM code, C=native code)
V  [jvm.dll+0x67741a]
V  [jvm.dll+0x834434]
V  [jvm.dll+0x835bde]
V  [jvm.dll+0x836243]
V  [jvm.dll+0x2457b5]
V  [jvm.dll+0x8304cb]
V  [jvm.dll+0x61bca6]
V  [jvm.dll+0x61bd0a]
V  [jvm.dll+0x61e52a]
V  [jvm.dll+0x61c646]
V  [jvm.dll+0x239e4f]
V  [jvm.dll+0x626445]
V  [jvm.dll+0x1ea42b]
V  [jvm.dll+0x1ea965]
V  [jvm.dll+0x1eb39f]
V  [jvm.dll+0x1e0841]
V  [jvm.dll+0x53c6d0]
V  [jvm.dll+0x1f1017]
V  [jvm.dll+0x7aea1b]
V  [jvm.dll+0x7afdc2]
V  [jvm.dll+0x7b00f8]
V  [jvm.dll+0x23dbbe]
V  [jvm.dll+0x23de0f]
V  [jvm.dll+0x559c43]
V  [jvm.dll+0x55c0c4]
V  [jvm.dll+0x38288b]
V  [jvm.dll+0x382342]
C  0x000001438f0689bf

Java frames: (J=compiled Java code, j=interpreted, Vv=VM code)
j  sun.nio.ch.DatagramChannelImpl.<init>(Ljava/nio/channels/spi/SelectorProvider;Z)V+8 java.base@17.0.6
j  sun.nio.ch.SelectorProviderImpl.openUninterruptibleDatagramChannel()Ljava/nio/channels/DatagramChannel;+6 java.base@17.0.6
j  java.net.DatagramSocket.createDelegate(Ljava/net/SocketAddress;Ljava/lang/Class;)Ljava/net/DatagramSocket;+115 java.base@17.0.6
j  java.net.DatagramSocket.<init>(Ljava/net/SocketAddress;)V+4 java.base@17.0.6
j  java.net.DatagramSocket.<init>(ILjava/net/InetAddress;)V+10 java.base@17.0.6
j  org.gradle.cache.internal.locklistener.FileLockCommunicator.<init>(Lorg/gradle/internal/remote/internal/inet/InetAddressFactory;)V+19
j  org.gradle.cache.internal.locklistener.DefaultFileLockContentionHandler.getCommunicator()Lorg/gradle/cache/internal/locklistener/FileLockCommunicator;+29
j  org.gradle.cache.internal.locklistener.DefaultFileLockContentionHandler.reservePort()I+1
j  org.gradle.cache.internal.DefaultFileLockManager.lock(Ljava/io/File;Lorg/gradle/cache/LockOptions;Ljava/lang/String;Ljava/lang/String;Lorg/gradle/api/Action;)Lorg/gradle/cache/FileLock;+78
j  org.gradle.cache.internal.DefaultFileLockManager.lock(Ljava/io/File;Lorg/gradle/cache/LockOptions;Ljava/lang/String;Ljava/lang/String;)Lorg/gradle/cache/FileLock;+7
j  org.gradle.cache.internal.DefaultFileLockManager.lock(Ljava/io/File;Lorg/gradle/cache/LockOptions;Ljava/lang/String;)Lorg/gradle/cache/FileLock;+6
j  org.gradle.cache.internal.OnDemandFileAccess.readFile(Lorg/gradle/internal/Factory;)Ljava/lang/Object;+18
j  org.gradle.cache.internal.SimpleStateCache.get()Ljava/lang/Object;+12
j  org.gradle.cache.internal.FileIntegrityViolationSuppressingPersistentStateCacheDecorator.get()Ljava/lang/Object;+4
j  org.gradle.launcher.daemon.registry.PersistentDaemonRegistry.getAll()Ljava/util/List;+13
j  org.gradle.launcher.daemon.client.DefaultDaemonConnector.connect(Lorg/gradle/api/internal/specs/ExplainingSpec;)Lorg/gradle/launcher/daemon/client/DaemonClientConnection;+5
j  org.gradle.launcher.daemon.client.DaemonClient.execute(Lorg/gradle/internal/invocation/BuildAction;Lorg/gradle/launcher/exec/BuildActionParameters;Lorg/gradle/initialization/BuildRequestContext;)Lorg/gradle/launcher/exec/BuildActionResult;+62
j  org.gradle.launcher.daemon.client.DaemonClient.execute(Lorg/gradle/internal/invocation/BuildAction;Ljava/lang/Object;Ljava/lang/Object;)Lorg/gradle/launcher/exec/BuildActionResult;+10
j  org.gradle.launcher.cli.RunBuildAction.run()V+74
j  org.gradle.internal.Actions$RunnableActionAdapter.execute(Ljava/lang/Object;)V+4
j  org.gradle.launcher.cli.DefaultCommandLineActionFactory$ParseAndBuildAction.execute(Lorg/gradle/launcher/bootstrap/ExecutionListener;)V+60
j  org.gradle.launcher.cli.DefaultCommandLineActionFactory$ParseAndBuildAction.execute(Ljava/lang/Object;)V+5
j  org.gradle.launcher.cli.DebugLoggerWarningAction.execute(Lorg/gradle/launcher/bootstrap/ExecutionListener;)V+9
j  org.gradle.launcher.cli.DebugLoggerWarningAction.execute(Ljava/lang/Object;)V+5
j  org.gradle.launcher.cli.WelcomeMessageAction.execute(Lorg/gradle/launcher/bootstrap/ExecutionListener;)V+218
j  org.gradle.launcher.cli.WelcomeMessageAction.execute(Ljava/lang/Object;)V+5
j  org.gradle.launcher.cli.NativeServicesInitializingAction.execute(Lorg/gradle/launcher/bootstrap/ExecutionListener;)V+35
j  org.gradle.launcher.cli.NativeServicesInitializingAction.execute(Ljava/lang/Object;)V+5
j  org.gradle.launcher.cli.ExceptionReportingAction.execute(Lorg/gradle/launcher/bootstrap/ExecutionListener;)V+5
j  org.gradle.launcher.cli.ExceptionReportingAction.execute(Ljava/lang/Object;)V+5
j  org.gradle.launcher.cli.DefaultCommandLineActionFactory$WithLogging.execute(Lorg/gradle/launcher/bootstrap/ExecutionListener;)V+299
j  org.gradle.launcher.Main.doAction([Ljava/lang/String;Lorg/gradle/launcher/bootstrap/ExecutionListener;)V+14
j  org.gradle.launcher.bootstrap.EntryPoint.run([Ljava/lang/String;)V+12
v  ~StubRoutines::call_stub
j  jdk.internal.reflect.NativeMethodAccessorImpl.invoke0(Ljava/lang/reflect/Method;Ljava/lang/Object;[Ljava/lang/Object;)Ljava/lang/Object;+0 java.base@17.0.6
j  jdk.internal.reflect.NativeMethodAccessorImpl.invoke(Ljava/lang/Object;[Ljava/lang/Object;)Ljava/lang/Object;+133 java.base@17.0.6
j  jdk.internal.reflect.DelegatingMethodAccessorImpl.invoke(Ljava/lang/Object;[Ljava/lang/Object;)Ljava/lang/Object;+6 java.base@17.0.6
j  java.lang.reflect.Method.invoke(Ljava/lang/Object;[Ljava/lang/Object;)Ljava/lang/Object;+59 java.base@17.0.6
j  org.gradle.launcher.bootstrap.ProcessBootstrap.runNoExit(Ljava/lang/String;[Ljava/lang/String;)V+159
j  org.gradle.launcher.bootstrap.ProcessBootstrap.run(Ljava/lang/String;[Ljava/lang/String;)V+2
v  ~StubRoutines::call_stub
j  jdk.internal.reflect.NativeMethodAccessorImpl.invoke0(Ljava/lang/reflect/Method;Ljava/lang/Object;[Ljava/lang/Object;)Ljava/lang/Object;+0 java.base@17.0.6
j  jdk.internal.reflect.NativeMethodAccessorImpl.invoke(Ljava/lang/Object;[Ljava/lang/Object;)Ljava/lang/Object;+133 java.base@17.0.6
j  jdk.internal.reflect.DelegatingMethodAccessorImpl.invoke(Ljava/lang/Object;[Ljava/lang/Object;)Ljava/lang/Object;+6 java.base@17.0.6
j  java.lang.reflect.Method.invoke(Ljava/lang/Object;[Ljava/lang/Object;)Ljava/lang/Object;+59 java.base@17.0.6
j  org.gradle.launcher.GradleMain.main([Ljava/lang/String;)V+100
v  ~StubRoutines::call_stub
j  jdk.internal.reflect.NativeMethodAccessorImpl.invoke0(Ljava/lang/reflect/Method;Ljava/lang/Object;[Ljava/lang/Object;)Ljava/lang/Object;+0 java.base@17.0.6
j  jdk.internal.reflect.NativeMethodAccessorImpl.invoke(Ljava/lang/Object;[Ljava/lang/Object;)Ljava/lang/Object;+133 java.base@17.0.6
j  jdk.internal.reflect.DelegatingMethodAccessorImpl.invoke(Ljava/lang/Object;[Ljava/lang/Object;)Ljava/lang/Object;+6 java.base@17.0.6
j  java.lang.reflect.Method.invoke(Ljava/lang/Object;[Ljava/lang/Object;)Ljava/lang/Object;+59 java.base@17.0.6
j  org.gradle.wrapper.BootstrapMainStarter.start([Ljava/lang/String;Ljava/io/File;)V+105
j  org.gradle.wrapper.WrapperExecutor.execute([Ljava/lang/String;Lorg/gradle/wrapper/Install;Lorg/gradle/wrapper/BootstrapMainStarter;)V+14
j  org.gradle.wrapper.GradleWrapperMain.main([Ljava/lang/String;)V+206
v  ~StubRoutines::call_stub

---------------  P R O C E S S  ---------------

Threads class SMR info:
_java_thread_list=0x000001439a4e70d0, length=13, elements={
0x0000014380034380, 0x0000014399047420, 0x0000014399048290, 0x000001439905fc60,
0x0000014399060720, 0x00000143990631e0, 0x0000014399063b90, 0x0000014399065880,
0x0000014399068740, 0x00000143990cf800, 0x000001439912c010, 0x000001439912e360,
0x000001439a535370
}

Java Threads: ( => current thread )
=>0x0000014380034380 JavaThread "main" [_thread_in_vm, id=21268, stack(0x00000026a4400000,0x00000026a4500000)]
  0x0000014399047420 JavaThread "Reference Handler" daemon [_thread_blocked, id=21372, stack(0x00000026a4c00000,0x00000026a4d00000)]
  0x0000014399048290 JavaThread "Finalizer" daemon [_thread_blocked, id=21376, stack(0x00000026a4d00000,0x00000026a4e00000)]
  0x000001439905fc60 JavaThread "Signal Dispatcher" daemon [_thread_blocked, id=21404, stack(0x00000026a4e00000,0x00000026a4f00000)]
  0x0000014399060720 JavaThread "Attach Listener" daemon [_thread_blocked, id=21408, stack(0x00000026a4f00000,0x00000026a5000000)]
  0x00000143990631e0 JavaThread "Service Thread" daemon [_thread_blocked, id=21412, stack(0x00000026a5000000,0x00000026a5100000)]
  0x0000014399063b90 JavaThread "Monitor Deflation Thread" daemon [_thread_blocked, id=21416, stack(0x00000026a5100000,0x00000026a5200000)]
  0x0000014399065880 JavaThread "C2 CompilerThread0" daemon [_thread_blocked, id=21420, stack(0x00000026a5200000,0x00000026a5300000)]
  0x0000014399068740 JavaThread "C1 CompilerThread0" daemon [_thread_blocked, id=21444, stack(0x00000026a5300000,0x00000026a5400000)]
  0x00000143990cf800 JavaThread "Sweeper thread" daemon [_thread_blocked, id=21452, stack(0x00000026a5400000,0x00000026a5500000)]
  0x000001439912c010 JavaThread "Notification Thread" daemon [_thread_blocked, id=21456, stack(0x00000026a5500000,0x00000026a5600000)]
  0x000001439912e360 JavaThread "Common-Cleaner" daemon [_thread_blocked, id=21472, stack(0x00000026a5700000,0x00000026a5800000)]
  0x000001439a535370 JavaThread "pool-1-thread-1" [_thread_blocked, id=16624, stack(0x00000026a5b00000,0x00000026a5c00000)]

Other Threads:
  0x0000014399041010 VMThread "VM Thread" [stack: 0x00000026a4b00000,0x00000026a4c00000] [id=21368]
  0x000001439912c4e0 WatcherThread [stack: 0x00000026a5600000,0x00000026a5700000] [id=21460]
  0x0000014380053a00 GCTaskThread "GC Thread#0" [stack: 0x00000026a4600000,0x00000026a4700000] [id=21348]
  0x0000014399f39580 GCTaskThread "GC Thread#1" [stack: 0x00000026a5800000,0x00000026a5900000] [id=19656]
  0x0000014399f39830 GCTaskThread "GC Thread#2" [stack: 0x00000026a5900000,0x00000026a5a00000] [id=19716]
  0x0000014399f8cce0 GCTaskThread "GC Thread#3" [stack: 0x00000026a5a00000,0x00000026a5b00000] [id=19488]
  0x0000014380055140 ConcurrentGCThread "G1 Main Marker" [stack: 0x00000026a4700000,0x00000026a4800000] [id=21352]
  0x0000014380055b50 ConcurrentGCThread "G1 Conc#0" [stack: 0x00000026a4800000,0x00000026a4900000] [id=21356]
  0x00000143800a3150 ConcurrentGCThread "G1 Refine#0" [stack: 0x00000026a4900000,0x00000026a4a00000] [id=21360]
  0x00000143800a3b70 ConcurrentGCThread "G1 Service" [stack: 0x00000026a4a00000,0x00000026a4b00000] [id=21364]

Threads with active compile tasks:

VM state: not at safepoint (normal execution)

VM Mutex/Monitor currently owned by a thread:  ([mutex/lock_event])
[0x00000143fdee9a70] Metaspace_lock - owner thread: 0x0000014380034380

Heap address: 0x00000000fc000000, size: 64 MB, Compressed Oops mode: 32-bit

CDS archive(s) mapped at: [0x0000000800000000-0x0000000800bc0000-0x0000000800bc0000), size 12320768, SharedBaseAddress: 0x0000000800000000, ArchiveRelocationMode: 0.
Compressed class space mapped at: 0x0000000800c00000-0x0000000840c00000, reserved size: 1073741824
Narrow klass base: 0x0000000800000000, Narrow klass shift: 0, Narrow klass range: 0x100000000

GC Precious Log:
 CPUs: 4 total, 4 available
 Memory: 8089M
 Large Page Support: Disabled
 NUMA Support: Disabled
 Compressed Oops: Enabled (32-bit)
 Heap Region Size: 1M
 Heap Min Capacity: 64M
 Heap Initial Capacity: 64M
 Heap Max Capacity: 64M
 Pre-touch: Disabled
 Parallel Workers: 4
 Concurrent Workers: 1
 Concurrent Refinement Workers: 4
 Periodic GC: Disabled

Heap:
 garbage-first heap   total 65536K, used 14989K [0x00000000fc000000, 0x0000000100000000)
  region size 1024K, 8 young (8192K), 3 survivors (3072K)
 Metaspace       used 6730K, committed 6912K, reserved 1056768K
  class space    used 928K, committed 1024K, reserved 1048576K

Heap Regions: E=young(eden), S=young(survivor), O=old, HS=humongous(starts), HC=humongous(continues), CS=collection set, F=free, OA=open archive, CA=closed archive, TAMS=top-at-mark-start (previous, next)
|   0|0x00000000fc000000, 0x00000000fc100000, 0x00000000fc100000|100%| O|  |TAMS 0x00000000fc000000, 0x00000000fc000000| Untracked 
|   1|0x00000000fc100000, 0x00000000fc200000, 0x00000000fc200000|100%| O|  |TAMS 0x00000000fc100000, 0x00000000fc100000| Untracked 
|   2|0x00000000fc200000, 0x00000000fc300000, 0x00000000fc300000|100%|HS|  |TAMS 0x00000000fc200000, 0x00000000fc200000| Complete 
|   3|0x00000000fc300000, 0x00000000fc400000, 0x00000000fc400000|100%|HC|  |TAMS 0x00000000fc300000, 0x00000000fc300000| Complete 
|   4|0x00000000fc400000, 0x00000000fc500000, 0x00000000fc500000|100%|HC|  |TAMS 0x00000000fc400000, 0x00000000fc400000| Complete 
|   5|0x00000000fc500000, 0x00000000fc600000, 0x00000000fc600000|100%|HC|  |TAMS 0x00000000fc500000, 0x00000000fc500000| Complete 
|   6|0x00000000fc600000, 0x00000000fc700000, 0x00000000fc700000|100%| O|  |TAMS 0x00000000fc600000, 0x00000000fc600000| Untracked 
|   7|0x00000000fc700000, 0x00000000fc7a3400, 0x00000000fc800000| 63%| O|  |TAMS 0x00000000fc700000, 0x00000000fc700000| Untracked 
|   8|0x00000000fc800000, 0x00000000fc800000, 0x00000000fc900000|  0%| F|  |TAMS 0x00000000fc800000, 0x00000000fc800000| Untracked 
|   9|0x00000000fc900000, 0x00000000fc900000, 0x00000000fca00000|  0%| F|  |TAMS 0x00000000fc900000, 0x00000000fc900000| Untracked 
|  10|0x00000000fca00000, 0x00000000fca00000, 0x00000000fcb00000|  0%| F|  |TAMS 0x00000000fca00000, 0x00000000fca00000| Untracked 
|  11|0x00000000fcb00000, 0x00000000fcb00000, 0x00000000fcc00000|  0%| F|  |TAMS 0x00000000fcb00000, 0x00000000fcb00000| Untracked 
|  12|0x00000000fcc00000, 0x00000000fcc00000, 0x00000000fcd00000|  0%| F|  |TAMS 0x00000000fcc00000, 0x00000000fcc00000| Untracked 
|  13|0x00000000fcd00000, 0x00000000fcd00000, 0x00000000fce00000|  0%| F|  |TAMS 0x00000000fcd00000, 0x00000000fcd00000| Untracked 
|  14|0x00000000fce00000, 0x00000000fce00000, 0x00000000fcf00000|  0%| F|  |TAMS 0x00000000fce00000, 0x00000000fce00000| Untracked 
|  15|0x00000000fcf00000, 0x00000000fcf00000, 0x00000000fd000000|  0%| F|  |TAMS 0x00000000fcf00000, 0x00000000fcf00000| Untracked 
|  16|0x00000000fd000000, 0x00000000fd000000, 0x00000000fd100000|  0%| F|  |TAMS 0x00000000fd000000, 0x00000000fd000000| Untracked 
|  17|0x00000000fd100000, 0x00000000fd100000, 0x00000000fd200000|  0%| F|  |TAMS 0x00000000fd100000, 0x00000000fd100000| Untracked 
|  18|0x00000000fd200000, 0x00000000fd200000, 0x00000000fd300000|  0%| F|  |TAMS 0x00000000fd200000, 0x00000000fd200000| Untracked 
|  19|0x00000000fd300000, 0x00000000fd300000, 0x00000000fd400000|  0%| F|  |TAMS 0x00000000fd300000, 0x00000000fd300000| Untracked 
|  20|0x00000000fd400000, 0x00000000fd400000, 0x00000000fd500000|  0%| F|  |TAMS 0x00000000fd400000, 0x00000000fd400000| Untracked 
|  21|0x00000000fd500000, 0x00000000fd500000, 0x00000000fd600000|  0%| F|  |TAMS 0x00000000fd500000, 0x00000000fd500000| Untracked 
|  22|0x00000000fd600000, 0x00000000fd600000, 0x00000000fd700000|  0%| F|  |TAMS 0x00000000fd600000, 0x00000000fd600000| Untracked 
|  23|0x00000000fd700000, 0x00000000fd700000, 0x00000000fd800000|  0%| F|  |TAMS 0x00000000fd700000, 0x00000000fd700000| Untracked 
|  24|0x00000000fd800000, 0x00000000fd800000, 0x00000000fd900000|  0%| F|  |TAMS 0x00000000fd800000, 0x00000000fd800000| Untracked 
|  25|0x00000000fd900000, 0x00000000fd900000, 0x00000000fda00000|  0%| F|  |TAMS 0x00000000fd900000, 0x00000000fd900000| Untracked 
|  26|0x00000000fda00000, 0x00000000fda00000, 0x00000000fdb00000|  0%| F|  |TAMS 0x00000000fda00000, 0x00000000fda00000| Untracked 
|  27|0x00000000fdb00000, 0x00000000fdb00000, 0x00000000fdc00000|  0%| F|  |TAMS 0x00000000fdb00000, 0x00000000fdb00000| Untracked 
|  28|0x00000000fdc00000, 0x00000000fdc00000, 0x00000000fdd00000|  0%| F|  |TAMS 0x00000000fdc00000, 0x00000000fdc00000| Untracked 
|  29|0x00000000fdd00000, 0x00000000fdd00000, 0x00000000fde00000|  0%| F|  |TAMS 0x00000000fdd00000, 0x00000000fdd00000| Untracked 
|  30|0x00000000fde00000, 0x00000000fde00000, 0x00000000fdf00000|  0%| F|  |TAMS 0x00000000fde00000, 0x00000000fde00000| Untracked 
|  31|0x00000000fdf00000, 0x00000000fdf00000, 0x00000000fe000000|  0%| F|  |TAMS 0x00000000fdf00000, 0x00000000fdf00000| Untracked 
|  32|0x00000000fe000000, 0x00000000fe000000, 0x00000000fe100000|  0%| F|  |TAMS 0x00000000fe000000, 0x00000000fe000000| Untracked 
|  33|0x00000000fe100000, 0x00000000fe100000, 0x00000000fe200000|  0%| F|  |TAMS 0x00000000fe100000, 0x00000000fe100000| Untracked 
|  34|0x00000000fe200000, 0x00000000fe200000, 0x00000000fe300000|  0%| F|  |TAMS 0x00000000fe200000, 0x00000000fe200000| Untracked 
|  35|0x00000000fe300000, 0x00000000fe300000, 0x00000000fe400000|  0%| F|  |TAMS 0x00000000fe300000, 0x00000000fe300000| Untracked 
|  36|0x00000000fe400000, 0x00000000fe400000, 0x00000000fe500000|  0%| F|  |TAMS 0x00000000fe400000, 0x00000000fe400000| Untracked 
|  37|0x00000000fe500000, 0x00000000fe500000, 0x00000000fe600000|  0%| F|  |TAMS 0x00000000fe500000, 0x00000000fe500000| Untracked 
|  38|0x00000000fe600000, 0x00000000fe600000, 0x00000000fe700000|  0%| F|  |TAMS 0x00000000fe600000, 0x00000000fe600000| Untracked 
|  39|0x00000000fe700000, 0x00000000fe700000, 0x00000000fe800000|  0%| F|  |TAMS 0x00000000fe700000, 0x00000000fe700000| Untracked 
|  40|0x00000000fe800000, 0x00000000fe800000, 0x00000000fe900000|  0%| F|  |TAMS 0x00000000fe800000, 0x00000000fe800000| Untracked 
|  41|0x00000000fe900000, 0x00000000fe900000, 0x00000000fea00000|  0%| F|  |TAMS 0x00000000fe900000, 0x00000000fe900000| Untracked 
|  42|0x00000000fea00000, 0x00000000fea00000, 0x00000000feb00000|  0%| F|  |TAMS 0x00000000fea00000, 0x00000000fea00000| Untracked 
|  43|0x00000000feb00000, 0x00000000feb00000, 0x00000000fec00000|  0%| F|  |TAMS 0x00000000feb00000, 0x00000000feb00000| Untracked 
|  44|0x00000000fec00000, 0x00000000fed00000, 0x00000000fed00000|100%| S|CS|TAMS 0x00000000fec00000, 0x00000000fec00000| Complete 
|  45|0x00000000fed00000, 0x00000000fee00000, 0x00000000fee00000|100%| S|CS|TAMS 0x00000000fed00000, 0x00000000fed00000| Complete 
|  46|0x00000000fee00000, 0x00000000fef00000, 0x00000000fef00000|100%| S|CS|TAMS 0x00000000fee00000, 0x00000000fee00000| Complete 
|  47|0x00000000fef00000, 0x00000000fef00000, 0x00000000ff000000|  0%| F|  |TAMS 0x00000000fef00000, 0x00000000fef00000| Untracked 
|  48|0x00000000ff000000, 0x00000000ff000000, 0x00000000ff100000|  0%| F|  |TAMS 0x00000000ff000000, 0x00000000ff000000| Untracked 
|  49|0x00000000ff100000, 0x00000000ff100000, 0x00000000ff200000|  0%| F|  |TAMS 0x00000000ff100000, 0x00000000ff100000| Untracked 
|  50|0x00000000ff200000, 0x00000000ff200000, 0x00000000ff300000|  0%| F|  |TAMS 0x00000000ff200000, 0x00000000ff200000| Untracked 
|  51|0x00000000ff300000, 0x00000000ff300000, 0x00000000ff400000|  0%| F|  |TAMS 0x00000000ff300000, 0x00000000ff300000| Untracked 
|  52|0x00000000ff400000, 0x00000000ff400000, 0x00000000ff500000|  0%| F|  |TAMS 0x00000000ff400000, 0x00000000ff400000| Untracked 
|  53|0x00000000ff500000, 0x00000000ff500000, 0x00000000ff600000|  0%| F|  |TAMS 0x00000000ff500000, 0x00000000ff500000| Untracked 
|  54|0x00000000ff600000, 0x00000000ff600000, 0x00000000ff700000|  0%| F|  |TAMS 0x00000000ff600000, 0x00000000ff600000| Untracked 
|  55|0x00000000ff700000, 0x00000000ff700000, 0x00000000ff800000|  0%| F|  |TAMS 0x00000000ff700000, 0x00000000ff700000| Untracked 
|  56|0x00000000ff800000, 0x00000000ff800000, 0x00000000ff900000|  0%| F|  |TAMS 0x00000000ff800000, 0x00000000ff800000| Untracked 
|  57|0x00000000ff900000, 0x00000000ff900000, 0x00000000ffa00000|  0%| F|  |TAMS 0x00000000ff900000, 0x00000000ff900000| Untracked 
|  58|0x00000000ffa00000, 0x00000000ffa00000, 0x00000000ffb00000|  0%| F|  |TAMS 0x00000000ffa00000, 0x00000000ffa00000| Untracked 
|  59|0x00000000ffb00000, 0x00000000ffbf2c30, 0x00000000ffc00000| 94%| E|  |TAMS 0x00000000ffb00000, 0x00000000ffb00000| Complete 
|  60|0x00000000ffc00000, 0x00000000ffd00000, 0x00000000ffd00000|100%| E|CS|TAMS 0x00000000ffc00000, 0x00000000ffc00000| Complete 
|  61|0x00000000ffd00000, 0x00000000ffe00000, 0x00000000ffe00000|100%| E|CS|TAMS 0x00000000ffd00000, 0x00000000ffd00000| Complete 
|  62|0x00000000ffe00000, 0x00000000fff00000, 0x00000000fff00000|100%| E|CS|TAMS 0x00000000ffe00000, 0x00000000ffe00000| Complete 
|  63|0x00000000fff00000, 0x0000000100000000, 0x0000000100000000|100%| E|CS|TAMS 0x00000000fff00000, 0x00000000fff00000| Complete 

Card table byte_map: [0x00000143fdf80000,0x00000143fdfa0000] _byte_map_base: 0x00000143fd7a0000

Marking Bits (Prev, Next): (CMBitMap*) 0x0000014380054010, (CMBitMap*) 0x0000014380054050
 Prev Bits: [0x00000143ffe00000, 0x00000143fff00000)
 Next Bits: [0x00000143fff00000, 0x0000014400000000)

Polling page: 0x00000143fde20000

Metaspace:

Usage:
  Non-class:      5.67 MB used.
      Class:    928.50 KB used.
       Both:      6.57 MB used.

Virtual space:
  Non-class space:        8.00 MB reserved,       5.75 MB ( 72%) committed,  1 nodes.
      Class space:        1.00 GB reserved,       1.00 MB ( <1%) committed,  1 nodes.
             Both:        1.01 GB reserved,       6.75 MB ( <1%) committed. 

Chunk freelists:
   Non-Class:  1.04 MB
       Class:  3.04 MB
        Both:  4.08 MB

MaxMetaspaceSize: unlimited
CompressedClassSpaceSize: 1.00 GB
Initial GC threshold: 21.00 MB
Current GC threshold: 21.00 MB
CDS: on
MetaspaceReclaimPolicy: balanced
 - commit_granule_bytes: 65536.
 - commit_granule_words: 8192.
 - virtual_space_node_default_size: 1048576.
 - enlarge_chunks_in_place: 1.
 - new_chunks_are_fully_committed: 0.
 - uncommit_free_chunks: 1.
 - use_allocation_guard: 0.
 - handle_deallocations: 1.


Internal statistics:

num_allocs_failed_limit: 0.
num_arena_births: 70.
num_arena_deaths: 0.
num_vsnodes_births: 2.
num_vsnodes_deaths: 0.
num_space_committed: 108.
num_space_uncommitted: 0.
num_chunks_returned_to_freelist: 0.
num_chunks_taken_from_freelist: 241.
num_chunk_merges: 0.
num_chunk_splits: 161.
num_chunks_enlarged: 140.
num_purges: 0.
num_inconsistent_stats: 0.

CodeHeap 'non-profiled nmethods': size=120000Kb used=436Kb max_used=436Kb free=119563Kb
 bounds [0x000001438f5f0000, 0x000001438f860000, 0x0000014396b20000]
CodeHeap 'profiled nmethods': size=120000Kb used=2111Kb max_used=2111Kb free=117888Kb
 bounds [0x0000014387b20000, 0x0000014387d90000, 0x000001438f050000]
CodeHeap 'non-nmethods': size=5760Kb used=1146Kb max_used=1164Kb free=4613Kb
 bounds [0x000001438f050000, 0x000001438f2c0000, 0x000001438f5f0000]
 total_blobs=1559 nmethods=1120 adapters=352
 compilation: enabled
              stopped_count=0, restarted_count=0
 full_count=0

Compilation events (20 events):
Event: 6.173 Thread 0x0000014399068740 nmethod 1110 0x0000014387d2e710 code [0x0000014387d2e900, 0x0000014387d2ec58]
Event: 6.173 Thread 0x0000014399068740 1111       1       java.util.concurrent.atomic.AtomicLong::get (5 bytes)
Event: 6.173 Thread 0x0000014399068740 nmethod 1111 0x000001438f65af90 code [0x000001438f65b120, 0x000001438f65b1f8]
Event: 6.173 Thread 0x0000014399068740 1105       3       sun.security.provider.SHA::implCompress (13 bytes)
Event: 6.173 Thread 0x0000014399068740 nmethod 1105 0x0000014387d2ed90 code [0x0000014387d2ef80, 0x0000014387d2f3e8]
Event: 6.173 Thread 0x0000014399068740 1106       3       sun.security.provider.SHA::implCompressCheck (27 bytes)
Event: 6.174 Thread 0x0000014399068740 nmethod 1106 0x0000014387d2f610 code [0x0000014387d2f7e0, 0x0000014387d2fb98]
Event: 6.177 Thread 0x0000014399065880 nmethod 1112 0x000001438f65b290 code [0x000001438f65b440, 0x000001438f65b7f8]
Event: 6.382 Thread 0x0000014399068740 1114       1       java.util.concurrent.atomic.AtomicReference::get (5 bytes)
Event: 6.382 Thread 0x0000014399068740 nmethod 1114 0x000001438f65bb90 code [0x000001438f65bd20, 0x000001438f65bdf8]
Event: 6.533 Thread 0x0000014399068740 1115       1       java.util.concurrent.locks.AbstractOwnableSynchronizer::setExclusiveOwnerThread (6 bytes)
Event: 6.533 Thread 0x0000014399068740 nmethod 1115 0x000001438f65be90 code [0x000001438f65c020, 0x000001438f65c138]
Event: 6.796 Thread 0x0000014399068740 1116       1       java.util.concurrent.locks.AbstractOwnableSynchronizer::getExclusiveOwnerThread (5 bytes)
Event: 6.796 Thread 0x0000014399068740 nmethod 1116 0x000001438f65c190 code [0x000001438f65c320, 0x000001438f65c3f8]
Event: 6.912 Thread 0x0000014399068740 1117       1       java.util.concurrent.locks.AbstractQueuedSynchronizer::getState (5 bytes)
Event: 6.912 Thread 0x0000014399068740 nmethod 1117 0x000001438f65c490 code [0x000001438f65c620, 0x000001438f65c6f8]
Event: 7.085 Thread 0x0000014399068740 1118       1       java.util.concurrent.atomic.AtomicInteger::get (5 bytes)
Event: 7.085 Thread 0x0000014399068740 nmethod 1118 0x000001438f65c790 code [0x000001438f65c920, 0x000001438f65c9f8]
Event: 7.225 Thread 0x0000014399065880 1119       4       java.lang.String::startsWith (7 bytes)
Event: 7.230 Thread 0x0000014399065880 nmethod 1119 0x000001438f65ca90 code [0x000001438f65cc20, 0x000001438f65ce98]

GC Heap History (4 events):
Event: 2.867 GC heap before
{Heap before GC invocations=0 (full 0):
 garbage-first heap   total 65536K, used 12288K [0x00000000fc000000, 0x0000000100000000)
  region size 1024K, 13 young (13312K), 0 survivors (0K)
 Metaspace       used 1760K, committed 1920K, reserved 1056768K
  class space    used 159K, committed 192K, reserved 1048576K
}
Event: 3.007 GC heap after
{Heap after GC invocations=1 (full 0):
 garbage-first heap   total 65536K, used 3640K [0x00000000fc000000, 0x0000000100000000)
  region size 1024K, 2 young (2048K), 2 survivors (2048K)
 Metaspace       used 1760K, committed 1920K, reserved 1056768K
  class space    used 159K, committed 192K, reserved 1048576K
}
Event: 5.360 GC heap before
{Heap before GC invocations=1 (full 0):
 garbage-first heap   total 65536K, used 23096K [0x00000000fc000000, 0x0000000100000000)
  region size 1024K, 17 young (17408K), 2 survivors (2048K)
 Metaspace       used 5413K, committed 5632K, reserved 1056768K
  class space    used 736K, committed 832K, reserved 1048576K
}
Event: 5.364 GC heap after
{Heap after GC invocations=2 (full 0):
 garbage-first heap   total 65536K, used 10893K [0x00000000fc000000, 0x0000000100000000)
  region size 1024K, 3 young (3072K), 3 survivors (3072K)
 Metaspace       used 5413K, committed 5632K, reserved 1056768K
  class space    used 736K, committed 832K, reserved 1048576K
}

Dll operation events (10 events):
Event: 0.047 Loaded shared library C:\Program Files\Eclipse Adoptium\jdk-17.0.6.10-hotspot\bin\java.dll
Event: 0.073 Loaded shared library C:\Program Files\Eclipse Adoptium\jdk-17.0.6.10-hotspot\bin\jsvml.dll
Event: 0.418 Loaded shared library C:\Program Files\Eclipse Adoptium\jdk-17.0.6.10-hotspot\bin\net.dll
Event: 0.438 Loaded shared library C:\Program Files\Eclipse Adoptium\jdk-17.0.6.10-hotspot\bin\nio.dll
Event: 0.443 Loaded shared library C:\Program Files\Eclipse Adoptium\jdk-17.0.6.10-hotspot\bin\zip.dll
Event: 1.547 Loaded shared library C:\Program Files\Eclipse Adoptium\jdk-17.0.6.10-hotspot\bin\jimage.dll
Event: 3.289 Loaded shared library C:\Program Files\Eclipse Adoptium\jdk-17.0.6.10-hotspot\bin\verify.dll
Event: 4.995 Loaded shared library C:\Users\songe\.gradle\native\68d5fa5c4cc2d200863cafc0d521ce42e7d3e7ee720ec0a83991735586a16f82\windows-amd64\native-platform.dll
Event: 5.325 Loaded shared library C:\Program Files\Eclipse Adoptium\jdk-17.0.6.10-hotspot\bin\management.dll
Event: 5.341 Loaded shared library C:\Program Files\Eclipse Adoptium\jdk-17.0.6.10-hotspot\bin\management_ext.dll

Deoptimization events (20 events):
Event: 5.322 Thread 0x0000014380034380 Uncommon trap: trap_request=0xffffffde fr.pc=0x000001438f64f2c8 relative=0x0000000000000128
Event: 5.322 Thread 0x0000014380034380 Uncommon trap: reason=class_check action=maybe_recompile pc=0x000001438f64f2c8 method=jdk.internal.misc.Unsafe.allocateUninitializedArray(Ljava/lang/Class;I)Ljava/lang/Object; @ 51 c2
Event: 5.322 Thread 0x0000014380034380 DEOPT PACKING pc=0x000001438f64f2c8 sp=0x00000026a44fb0e0
Event: 5.322 Thread 0x0000014380034380 DEOPT UNPACKING pc=0x000001438f0a69a3 sp=0x00000026a44fb068 mode 2
Event: 5.352 Thread 0x0000014380034380 Uncommon trap: trap_request=0xffffff45 fr.pc=0x000001438f625b70 relative=0x0000000000001050
Event: 5.352 Thread 0x0000014380034380 Uncommon trap: reason=unstable_if action=reinterpret pc=0x000001438f625b70 method=java.util.HashMap.putVal(ILjava/lang/Object;Ljava/lang/Object;ZZ)Ljava/lang/Object; @ 236 c2
Event: 5.352 Thread 0x0000014380034380 DEOPT PACKING pc=0x000001438f625b70 sp=0x00000026a44fbef0
Event: 5.352 Thread 0x0000014380034380 DEOPT UNPACKING pc=0x000001438f0a69a3 sp=0x00000026a44fbec8 mode 2
Event: 5.372 Thread 0x0000014380034380 DEOPT PACKING pc=0x0000014387bbfa65 sp=0x00000026a44fb6a0
Event: 5.372 Thread 0x0000014380034380 DEOPT UNPACKING pc=0x000001438f0a7143 sp=0x00000026a44faaf0 mode 0
Event: 5.558 Thread 0x0000014380034380 DEOPT PACKING pc=0x0000014387c0d638 sp=0x00000026a44f94a0
Event: 5.559 Thread 0x0000014380034380 DEOPT UNPACKING pc=0x000001438f0a7143 sp=0x00000026a44f89b8 mode 0
Event: 5.834 Thread 0x0000014380034380 Uncommon trap: trap_request=0xffffffc6 fr.pc=0x000001438f64e804 relative=0x00000000000005a4
Event: 5.834 Thread 0x0000014380034380 Uncommon trap: reason=bimorphic_or_optimized_type_check action=maybe_recompile pc=0x000001438f64e804 method=java.util.concurrent.ConcurrentHashMap.get(Ljava/lang/Object;)Ljava/lang/Object; @ 149 c2
Event: 5.834 Thread 0x0000014380034380 DEOPT PACKING pc=0x000001438f64e804 sp=0x00000026a44fb9d0
Event: 5.834 Thread 0x0000014380034380 DEOPT UNPACKING pc=0x000001438f0a69a3 sp=0x00000026a44fb970 mode 2
Event: 6.139 Thread 0x0000014380034380 Uncommon trap: trap_request=0xffffff45 fr.pc=0x000001438f645154 relative=0x0000000000001c94
Event: 6.139 Thread 0x0000014380034380 Uncommon trap: reason=unstable_if action=reinterpret pc=0x000001438f645154 method=java.io.WinNTFileSystem.normalize(Ljava/lang/String;)Ljava/lang/String; @ 128 c2
Event: 6.139 Thread 0x0000014380034380 DEOPT PACKING pc=0x000001438f645154 sp=0x00000026a44fb9e0
Event: 6.139 Thread 0x0000014380034380 DEOPT UNPACKING pc=0x000001438f0a69a3 sp=0x00000026a44fb9c8 mode 2

Classes unloaded (0 events):
No events

Classes redefined (0 events):
No events

Internal exceptions (15 events):
Event: 0.745 Thread 0x0000014380034380 Exception <a 'java/lang/NoSuchMethodError'{0x00000000ffde3530}: 'int java.lang.invoke.DirectMethodHandle$Holder.invokeStaticInit(java.lang.Object, java.lang.Object)'> (0x00000000ffde3530) 
thrown [s\src\hotspot\share\interpreter\linkResolver.cpp, line 759]
Event: 4.850 Thread 0x0000014380034380 Exception <a 'java/lang/NoSuchMethodError'{0x00000000ff8b50e0}: 'void java.lang.invoke.DirectMethodHandle$Holder.invokeStatic(java.lang.Object, java.lang.Object)'> (0x00000000ff8b50e0) 
thrown [s\src\hotspot\share\interpreter\linkResolver.cpp, line 759]
Event: 4.911 Thread 0x0000014380034380 Exception <a 'java/lang/NoClassDefFoundError'{0x00000000ff73a708}: org/slf4j/impl/StaticMarkerBinder> (0x00000000ff73a708) 
thrown [s\src\hotspot\share\classfile\systemDictionary.cpp, line 245]
Event: 4.967 Thread 0x0000014380034380 Exception <a 'java/lang/NoSuchMethodError'{0x00000000ff7d6388}: 'java.lang.Object java.lang.invoke.DirectMethodHandle$Holder.invokeVirtual(java.lang.Object, java.lang.Object, java.lang.Object, java.lang.Object, java.lang.Object, java.lang.Object, java.lang.Object)'> (0x00000000ff7d6388) 
thrown [s\src\hotspot\share\interpreter\linkResolver.cpp, line 759]
Event: 4.970 Thread 0x0000014380034380 Exception <a 'java/lang/NoSuchMethodError'{0x00000000ff7e8c38}: 'java.lang.Object java.lang.invoke.Invokers$Holder.invoker(java.lang.Object, java.lang.Object, java.lang.Object)'> (0x00000000ff7e8c38) 
thrown [s\src\hotspot\share\interpreter\linkResolver.cpp, line 759]
Event: 4.972 Thread 0x0000014380034380 Exception <a 'java/lang/NoSuchMethodError'{0x00000000ff7f1d08}: 'java.lang.Object java.lang.invoke.DirectMethodHandle$Holder.invokeStatic(java.lang.Object, java.lang.Object, int)'> (0x00000000ff7f1d08) 
thrown [s\src\hotspot\share\interpreter\linkResolver.cpp, line 759]
Event: 4.974 Thread 0x0000014380034380 Exception <a 'java/lang/NoSuchMethodError'{0x00000000ff7fd9f8}: 'void java.lang.invoke.DelegatingMethodHandle$Holder.delegate(java.lang.Object, java.lang.Object, int, java.lang.Object)'> (0x00000000ff7fd9f8) 
thrown [s\src\hotspot\share\interpreter\linkResolver.cpp, line 759]
Event: 4.975 Thread 0x0000014380034380 Exception <a 'java/lang/NoSuchMethodError'{0x00000000ff602098}: 'int java.lang.invoke.DirectMethodHandle$Holder.invokeSpecial(java.lang.Object, java.lang.Object, java.lang.Object)'> (0x00000000ff602098) 
thrown [s\src\hotspot\share\interpreter\linkResolver.cpp, line 759]
Event: 4.978 Thread 0x0000014380034380 Exception <a 'java/lang/NoSuchMethodError'{0x00000000ff6151e0}: 'java.lang.Object java.lang.invoke.Invokers$Holder.invokeExact_MT(java.lang.Object, java.lang.Object, java.lang.Object, java.lang.Object)'> (0x00000000ff6151e0) 
thrown [s\src\hotspot\share\interpreter\linkResolver.cpp, line 759]
Event: 5.225 Thread 0x0000014380034380 Exception <a 'java/lang/NoSuchMethodError'{0x00000000ff02edc0}: 'void java.lang.invoke.DirectMethodHandle$Holder.invokeSpecial(java.lang.Object, java.lang.Object, java.lang.Object)'> (0x00000000ff02edc0) 
thrown [s\src\hotspot\share\interpreter\linkResolver.cpp, line 759]
Event: 5.246 Thread 0x0000014380034380 Implicit null exception at 0x000001438f63700f to 0x000001438f637584
Event: 5.246 Thread 0x0000014380034380 Implicit null exception at 0x000001438f62cb0f to 0x000001438f62d08c
Event: 5.305 Thread 0x0000014380034380 Exception <a 'java/lang/NoSuchMethodError'{0x00000000fefcc658}: 'java.lang.Object java.lang.invoke.DirectMethodHandle$Holder.invokeStaticInit(java.lang.Object)'> (0x00000000fefcc658) 
thrown [s\src\hotspot\share\interpreter\linkResolver.cpp, line 759]
Event: 5.754 Thread 0x0000014380034380 Exception <a 'java/lang/NoSuchMethodError'{0x00000000ffb25828}: 'java.lang.Object java.lang.invoke.DirectMethodHandle$Holder.invokeStaticInit(java.lang.Object, int, int, int, int)'> (0x00000000ffb25828) 
thrown [s\src\hotspot\share\interpreter\linkResolver.cpp, line 759]
Event: 6.171 Thread 0x0000014380034380 Exception <a 'java/lang/NoSuchMethodError'{0x00000000ffbc31d0}: 'java.lang.Object java.lang.invoke.DirectMethodHandle$Holder.invokeStaticInit(java.lang.Object, java.lang.Object, int, int, int, int)'> (0x00000000ffbc31d0) 
thrown [s\src\hotspot\share\interpreter\linkResolver.cpp, line 759]

VM Operations (20 events):
Event: 2.123 Executing VM operation: Cleanup
Event: 2.123 Executing VM operation: Cleanup done
Event: 2.867 Executing VM operation: G1CollectForAllocation
Event: 3.007 Executing VM operation: G1CollectForAllocation done
Event: 4.021 Executing VM operation: Cleanup
Event: 4.021 Executing VM operation: Cleanup done
Event: 4.618 Executing VM operation: HandshakeAllThreads
Event: 4.618 Executing VM operation: HandshakeAllThreads done
Event: 4.907 Executing VM operation: HandshakeAllThreads
Event: 4.907 Executing VM operation: HandshakeAllThreads done
Event: 4.971 Executing VM operation: HandshakeAllThreads
Event: 4.971 Executing VM operation: HandshakeAllThreads done
Event: 5.360 Executing VM operation: G1CollectForAllocation
Event: 5.364 Executing VM operation: G1CollectForAllocation done
Event: 5.545 Executing VM operation: HandshakeAllThreads
Event: 5.545 Executing VM operation: HandshakeAllThreads done
Event: 6.140 Executing VM operation: HandshakeAllThreads
Event: 6.140 Executing VM operation: HandshakeAllThreads done
Event: 7.145 Executing VM operation: Cleanup
Event: 7.145 Executing VM operation: Cleanup done

Events (20 events):
Event: 7.231 loading class java/net/ProtocolFamily
Event: 7.262 loading class java/net/ProtocolFamily done
Event: 7.262 loading class sun/nio/ch/Net$1 done
Event: 7.262 loading class sun/net/ext/ExtendedSocketOptions
Event: 7.262 loading class sun/net/ext/ExtendedSocketOptions done
Event: 7.263 loading class jdk/net/ExtendedSocketOptions
Event: 7.263 loading class jdk/net/ExtendedSocketOptions done
Event: 7.263 loading class jdk/net/ExtendedSocketOptions$ExtSocketOption
Event: 7.263 loading class java/net/SocketOption
Event: 7.263 loading class java/net/SocketOption done
Event: 7.263 loading class jdk/net/ExtendedSocketOptions$ExtSocketOption done
Event: 7.263 loading class jdk/net/UnixDomainPrincipal
Event: 7.263 loading class jdk/net/UnixDomainPrincipal done
Event: 7.263 loading class jdk/net/ExtendedSocketOptions$PlatformSocketOptions
Event: 7.263 loading class jdk/net/ExtendedSocketOptions$PlatformSocketOptions done
Event: 7.263 loading class jdk/net/ExtendedSocketOptions$PlatformSocketOptions$1
Event: 7.263 loading class jdk/net/ExtendedSocketOptions$PlatformSocketOptions$1 done
Event: 7.263 loading class jdk/net/ExtendedSocketOptions$1
Event: 7.263 loading class jdk/net/ExtendedSocketOptions$1 done
Event: 7.264 loading class java/net/StandardProtocolFamily


Dynamic libraries:
0x00007ff645cc0000 - 0x00007ff645cce000 	C:\Program Files\Eclipse Adoptium\jdk-17.0.6.10-hotspot\bin\java.exe
0x00007ffb40750000 - 0x00007ffb40948000 	C:\WINDOWS\SYSTEM32\ntdll.dll
0x00007ffb3eca0000 - 0x00007ffb3ed5f000 	C:\WINDOWS\System32\KERNEL32.DLL
0x00007ffb3e070000 - 0x00007ffb3e366000 	C:\WINDOWS\System32\KERNELBASE.dll
0x00007ffb3e630000 - 0x00007ffb3e730000 	C:\WINDOWS\System32\ucrtbase.dll
0x00007ffb37100000 - 0x00007ffb37117000 	C:\Program Files\Eclipse Adoptium\jdk-17.0.6.10-hotspot\bin\jli.dll
0x00007ffb3f730000 - 0x00007ffb3f8cd000 	C:\WINDOWS\System32\USER32.dll
0x00007ffb3e400000 - 0x00007ffb3e422000 	C:\WINDOWS\System32\win32u.dll
0x00007ffb3f350000 - 0x00007ffb3f37c000 	C:\WINDOWS\System32\GDI32.dll
0x00007ffb3dea0000 - 0x00007ffb3dfb5000 	C:\WINDOWS\System32\gdi32full.dll
0x00007ffb3e430000 - 0x00007ffb3e4cd000 	C:\WINDOWS\System32\msvcp_win.dll
0x00007ffb37120000 - 0x00007ffb37139000 	C:\Program Files\Eclipse Adoptium\jdk-17.0.6.10-hotspot\bin\VCRUNTIME140.dll
0x00007ffb2a340000 - 0x00007ffb2a5da000 	C:\WINDOWS\WinSxS\amd64_microsoft.windows.common-controls_6595b64144ccf1df_6.0.19041.1110_none_60b5254171f9507e\COMCTL32.dll
0x00007ffb3edc0000 - 0x00007ffb3ee5e000 	C:\WINDOWS\System32\msvcrt.dll
0x00007ffb3f700000 - 0x00007ffb3f730000 	C:\WINDOWS\System32\IMM32.DLL
0x00007ffb370f0000 - 0x00007ffb370fc000 	C:\Program Files\Eclipse Adoptium\jdk-17.0.6.10-hotspot\bin\vcruntime140_1.dll
0x00007ffb36eb0000 - 0x00007ffb36f41000 	C:\Program Files\Eclipse Adoptium\jdk-17.0.6.10-hotspot\bin\msvcp140.dll
0x00007ffaf2440000 - 0x00007ffaf3087000 	C:\Program Files\Eclipse Adoptium\jdk-17.0.6.10-hotspot\bin\server\jvm.dll
0x00007ffb40660000 - 0x00007ffb4070f000 	C:\WINDOWS\System32\ADVAPI32.dll
0x00007ffb3fe70000 - 0x00007ffb3ff0c000 	C:\WINDOWS\System32\sechost.dll
0x00007ffb3f380000 - 0x00007ffb3f4a6000 	C:\WINDOWS\System32\RPCRT4.dll
0x00007ffb26230000 - 0x00007ffb26239000 	C:\WINDOWS\SYSTEM32\WSOCK32.dll
0x00007ffb3fb60000 - 0x00007ffb3fbcb000 	C:\WINDOWS\System32\WS2_32.dll
0x00007ffb2b640000 - 0x00007ffb2b667000 	C:\WINDOWS\SYSTEM32\WINMM.dll
0x00007ffb332d0000 - 0x00007ffb332da000 	C:\WINDOWS\SYSTEM32\VERSION.dll
0x00007ffb3c640000 - 0x00007ffb3c652000 	C:\WINDOWS\SYSTEM32\kernel.appcore.dll
0x00007ffb370e0000 - 0x00007ffb370ea000 	C:\Program Files\Eclipse Adoptium\jdk-17.0.6.10-hotspot\bin\jimage.dll
0x00007ffb3c350000 - 0x00007ffb3c534000 	C:\WINDOWS\SYSTEM32\DBGHELP.DLL
0x00007ffb21070000 - 0x00007ffb210a4000 	C:\WINDOWS\SYSTEM32\dbgcore.DLL
0x00007ffb3e370000 - 0x00007ffb3e3f2000 	C:\WINDOWS\System32\bcryptPrimitives.dll
0x00007ffb37050000 - 0x00007ffb37075000 	C:\Program Files\Eclipse Adoptium\jdk-17.0.6.10-hotspot\bin\java.dll
0x00007ffb35af0000 - 0x00007ffb35bc6000 	C:\Program Files\Eclipse Adoptium\jdk-17.0.6.10-hotspot\bin\jsvml.dll
0x00007ffb3ff10000 - 0x00007ffb40654000 	C:\WINDOWS\System32\SHELL32.dll
0x00007ffb3bba0000 - 0x00007ffb3c334000 	C:\WINDOWS\SYSTEM32\windows.storage.dll
0x00007ffb3e7b0000 - 0x00007ffb3eb04000 	C:\WINDOWS\System32\combase.dll
0x00007ffb3d860000 - 0x00007ffb3d88e000 	C:\WINDOWS\SYSTEM32\Wldp.dll
0x00007ffb3f4b0000 - 0x00007ffb3f55d000 	C:\WINDOWS\System32\SHCORE.dll
0x00007ffb3eb10000 - 0x00007ffb3eb65000 	C:\WINDOWS\System32\shlwapi.dll
0x00007ffb3dd60000 - 0x00007ffb3dd85000 	C:\WINDOWS\SYSTEM32\profapi.dll
0x00007ffb36e90000 - 0x00007ffb36ea9000 	C:\Program Files\Eclipse Adoptium\jdk-17.0.6.10-hotspot\bin\net.dll
0x00007ffb32d40000 - 0x00007ffb32e4a000 	C:\WINDOWS\SYSTEM32\WINHTTP.dll
0x00007ffb3d5c0000 - 0x00007ffb3d62a000 	C:\WINDOWS\system32\mswsock.dll
0x00007ffb36e70000 - 0x00007ffb36e85000 	C:\Program Files\Eclipse Adoptium\jdk-17.0.6.10-hotspot\bin\nio.dll
0x00007ffb36e50000 - 0x00007ffb36e68000 	C:\Program Files\Eclipse Adoptium\jdk-17.0.6.10-hotspot\bin\zip.dll
0x00007ffb37040000 - 0x00007ffb37050000 	C:\Program Files\Eclipse Adoptium\jdk-17.0.6.10-hotspot\bin\verify.dll
0x00007ffb35ac0000 - 0x00007ffb35ae7000 	C:\Users\songe\.gradle\native\68d5fa5c4cc2d200863cafc0d521ce42e7d3e7ee720ec0a83991735586a16f82\windows-amd64\native-platform.dll
0x00007ffb36e40000 - 0x00007ffb36e49000 	C:\Program Files\Eclipse Adoptium\jdk-17.0.6.10-hotspot\bin\management.dll
0x00007ffb36ce0000 - 0x00007ffb36ceb000 	C:\Program Files\Eclipse Adoptium\jdk-17.0.6.10-hotspot\bin\management_ext.dll
0x00007ffb3fe60000 - 0x00007ffb3fe68000 	C:\WINDOWS\System32\PSAPI.DLL
0x00007ffb3d7b0000 - 0x00007ffb3d7c8000 	C:\WINDOWS\SYSTEM32\CRYPTSP.dll
0x00007ffb3ce70000 - 0x00007ffb3cea4000 	C:\WINDOWS\system32\rsaenh.dll
0x00007ffb3e780000 - 0x00007ffb3e7a7000 	C:\WINDOWS\System32\bcrypt.dll
0x00007ffb3dd20000 - 0x00007ffb3dd4e000 	C:\WINDOWS\SYSTEM32\USERENV.dll
0x00007ffb3d7d0000 - 0x00007ffb3d7dc000 	C:\WINDOWS\SYSTEM32\CRYPTBASE.dll
0x00007ffb3d260000 - 0x00007ffb3d29c000 	C:\WINDOWS\SYSTEM32\IPHLPAPI.DLL
0x00007ffb3f340000 - 0x00007ffb3f348000 	C:\WINDOWS\System32\NSI.dll
0x00007ffb31e80000 - 0x00007ffb31e97000 	C:\WINDOWS\SYSTEM32\dhcpcsvc6.DLL
0x00007ffb33390000 - 0x00007ffb333ad000 	C:\WINDOWS\SYSTEM32\dhcpcsvc.DLL
0x00007ffb3d2b0000 - 0x00007ffb3d37a000 	C:\WINDOWS\SYSTEM32\DNSAPI.dll

dbghelp: loaded successfully - version: 4.0.5 - missing functions: none
symbol engine: initialized successfully - sym options: 0x614 - pdb path: .;C:\Program Files\Eclipse Adoptium\jdk-17.0.6.10-hotspot\bin;C:\WINDOWS\SYSTEM32;C:\WINDOWS\WinSxS\amd64_microsoft.windows.common-controls_6595b64144ccf1df_6.0.19041.1110_none_60b5254171f9507e;C:\Program Files\Eclipse Adoptium\jdk-17.0.6.10-hotspot\bin\server;C:\Users\songe\.gradle\native\68d5fa5c4cc2d200863cafc0d521ce42e7d3e7ee720ec0a83991735586a16f82\windows-amd64

VM Arguments:
jvm_args: -Xmx64m -Xms64m -Dorg.gradle.appname=gradlew 
java_command: org.gradle.wrapper.GradleWrapperMain tasks
java_class_path (initial): C:\Users\songe\Development\react-native\proficient\android\\gradle\wrapper\gradle-wrapper.jar
Launcher Type: SUN_STANDARD

[Global flags]
     intx CICompilerCount                          = 3                                         {product} {ergonomic}
     uint ConcGCThreads                            = 1                                         {product} {ergonomic}
     uint G1ConcRefinementThreads                  = 4                                         {product} {ergonomic}
   size_t G1HeapRegionSize                         = 1048576                                   {product} {ergonomic}
    uintx GCDrainStackTargetSize                   = 64                                        {product} {ergonomic}
   size_t InitialHeapSize                          = 67108864                                  {product} {command line}
   size_t MarkStackSize                            = 4194304                                   {product} {ergonomic}
   size_t MaxHeapSize                              = 67108864                                  {product} {command line}
   size_t MaxNewSize                               = 39845888                                  {product} {ergonomic}
   size_t MinHeapDeltaBytes                        = 1048576                                   {product} {ergonomic}
   size_t MinHeapSize                              = 67108864                                  {product} {command line}
    uintx NonNMethodCodeHeapSize                   = 5832780                                {pd product} {ergonomic}
    uintx NonProfiledCodeHeapSize                  = 122912730                              {pd product} {ergonomic}
    uintx ProfiledCodeHeapSize                     = 122912730                              {pd product} {ergonomic}
    uintx ReservedCodeCacheSize                    = 251658240                              {pd product} {ergonomic}
     bool SegmentedCodeCache                       = true                                      {product} {ergonomic}
   size_t SoftMaxHeapSize                          = 67108864                               {manageable} {ergonomic}
     bool UseCompressedClassPointers               = true                           {product lp64_product} {ergonomic}
     bool UseCompressedOops                        = true                           {product lp64_product} {ergonomic}
     bool UseG1GC                                  = true                                      {product} {ergonomic}
     bool UseLargePagesIndividualAllocation        = false                                  {pd product} {ergonomic}

Logging:
Log output configuration:
 #0: stdout all=warning uptime,level,tags
 #1: stderr all=off uptime,level,tags

Environment Variables:
JAVA_HOME=C:\Program Files\Eclipse Adoptium\jdk-17.0.6.10-hotspot
CLASSPATH=C:\Users\songe\Development\react-native\proficient\android\\gradle\wrapper\gradle-wrapper.jar
PATH=C:\Users\songe\Development\react-native\proficient\node_modules\.bin;C:\Users\songe\Development\react-native\proficient\node_modules\.bin;C:\Users\songe\Development\react-native\node_modules\.bin;C:\Users\songe\Development\node_modules\.bin;C:\Users\songe\node_modules\.bin;C:\Users\node_modules\.bin;C:\node_modules\.bin;C:\Program Files\nodejs\node_modules\npm\node_modules\@npmcli\run-script\lib\node-gyp-bin;C:\Users\songe\Development\react-native\proficient\node_modules\.bin;C:\Users\songe\Development\react-native\node_modules\.bin;C:\Users\songe\Development\node_modules\.bin;C:\Users\songe\node_modules\.bin;C:\Users\node_modules\.bin;C:\node_modules\.bin;C:\Program Files\nodejs\node_modules\npm\node_modules\@npmcli\run-script\lib\node-gyp-bin;C:\Users\songe\Development\react-native\proficient\node_modules\.bin;C:\Users\songe\Development\react-native\node_modules\.bin;C:\Users\songe\Development\node_modules\.bin;C:\Users\songe\node_modules\.bin;C:\Users\node_modules\.bin;C:\node_modules\.bin;C:\Program Files\nodejs\node_modules\npm\node_modules\@npmcli\run-script\lib\node-gyp-bin;C:\Users\songe\bin;C:\Program Files\Git\mingw64\bin;C:\Program Files\Git\usr\local\bin;C:\Program Files\Git\usr\bin;C:\Program Files\Git\usr\bin;C:\Program Files\Git\mingw64\bin;C:\Program Files\Git\usr\bin;C:\Users\songe\bin;C:\Program Files\Eclipse Adoptium\jdk-17.0.6.10-hotspot\bin;C:\Program Files (x86)\Intel\Intel(R) Management Engine Components\iCLS;C:\Program Files\Intel\Intel(R) Management Engine Components\iCLS;C:\Windows\system32;C:\Windows;C:\Windows\System32\Wbem;C:\Windows\System32\WindowsPowerShell\v1.0;C:\Program Files (x86)\NVIDIA Corporation\PhysX\Common;C:\Program Files (x86)\Intel\Intel(R) Management Engine Components\DAL;C:\Program Files\Intel\Intel(R) Management Engine Components\DAL;C:\Program Files (x86)\Intel\Intel(R) Management Engine Components\IPT;C:\Program Files\Intel\Intel(R) Management Engine Components\IPT;C:\Program Files\Intel\WiFi\bin;C:\Program Files\C
USERNAME=songe
SHELL=C:\Program Files\Git\usr\bin\bash.exe
DISPLAY=needs-to-be-defined
LANG=en_US.UTF-8
TERM=xterm-256color
TMPDIR=C:\Users\songe\AppData\Local\Temp
OS=Windows_NT
PROCESSOR_IDENTIFIER=Intel64 Family 6 Model 142 Stepping 9, GenuineIntel
TMP=C:\Users\songe\AppData\Local\Temp
TEMP=C:\Users\songe\AppData\Local\Temp



---------------  S Y S T E M  ---------------

OS:
 Windows 10 , 64 bit Build 19041 (10.0.19041.3155)
OS uptime: 0 days 0:18 hours

CPU: total 4 (initial active 4) (2 cores per cpu, 2 threads per core) family 6 model 142 stepping 9 microcode 0xf0, cx8, cmov, fxsr, ht, mmx, 3dnowpref, sse, sse2, sse3, ssse3, sse4.1, sse4.2, popcnt, lzcnt, tsc, tscinvbit, avx, avx2, aes, erms, clmul, bmi1, bmi2, adx, fma, vzeroupper, clflush, clflushopt

Memory: 4k page, system-wide physical 8089M (244M free)
TotalPageFile size 11089M (AvailPageFile size 5M)
current process WorkingSet (physical memory assigned to process): 77M, peak: 77M
current process commit charge ("private bytes"): 153M, peak: 153M

vm_info: OpenJDK 64-Bit Server VM (17.0.6+10) for windows-amd64 JRE (17.0.6+10), built on Jan 18 2023 10:08:59 by "temurin" with MS VC++ 16.7 (VS2019)

END.
