#
# There is insufficient memory for the Java Runtime Environment to continue.
# Native memory allocation (malloc) failed to allocate 32744 bytes for ChunkPool::allocate
# Possible reasons:
#   The system is out of physical RAM or swap space
#   The process is running with CompressedOops enabled, and the Java Heap may be blocking the growth of the native heap
# Possible solutions:
#   Reduce memory load on the system
#   Increase physical memory or swap space
#   Check if swap backing store is full
#   Decrease Java heap size (-Xmx/-Xms)
#   Decrease number of Java threads
#   Decrease Java thread stack sizes (-Xss)
#   Set larger code cache with -XX:ReservedCodeCacheSize=
#   JVM is running with Unscaled Compressed Oops mode in which the Java heap is
#     placed in the first 4GB address space. The Java Heap base address is the
#     maximum limit for the native heap growth. Please use -XX:HeapBaseMinAddress
#     to set the Java Heap base and to place the Java Heap above 4GB virtual address.
# This output file may be truncated or incomplete.
#
#  Out of Memory Error (arena.cpp:78), pid=3912, tid=15344
#
# JRE version: OpenJDK Runtime Environment Temurin-17.0.6+10 (17.0.6+10) (build 17.0.6+10)
# Java VM: OpenJDK 64-Bit Server VM Temurin-17.0.6+10 (17.0.6+10, mixed mode, sharing, tiered, compressed oops, compressed class ptrs, g1 gc, windows-amd64)
# No core dump will be written. Minidumps are not enabled by default on client versions of Windows
#

---------------  S U M M A R Y ------------

Command Line: -Xmx64m -Xms64m -Dorg.gradle.appname=gradlew org.gradle.wrapper.GradleWrapperMain app:installDebug -PreactNativeDevServerPort=8081

Host: Intel(R) Core(TM) i7-7500U CPU @ 2.70GHz, 4 cores, 7G,  Windows 10 , 64 bit Build 19041 (10.0.19041.3155)
Time: Wed Jul 26 00:36:52 2023 South Africa Standard Time elapsed time: 131.701270 seconds (0d 0h 2m 11s)

---------------  T H R E A D  ---------------

Current thread (0x00000199749016f0):  JavaThread "C2 CompilerThread0" daemon [_thread_in_native, id=15344, stack(0x000000169b600000,0x000000169b700000)]


Current CompileTask:
C2: 131701 1628 % !   4       java.io.BufferedReader::readLine @ 139 (327 bytes)

Stack: [0x000000169b600000,0x000000169b700000]
Native frames: (J=compiled Java code, j=interpreted, Vv=VM code, C=native code)
V  [jvm.dll+0x67741a]
V  [jvm.dll+0x834434]
V  [jvm.dll+0x835bde]
V  [jvm.dll+0x836243]
V  [jvm.dll+0x2457b5]
V  [jvm.dll+0xabd1c]
V  [jvm.dll+0xac0cc]
V  [jvm.dll+0xabc0b]
V  [jvm.dll+0x69c3e8]
V  [jvm.dll+0x1a8393]
V  [jvm.dll+0x69e3e7]
V  [jvm.dll+0x69c901]
V  [jvm.dll+0x6922b5]
V  [jvm.dll+0x6920fb]
V  [jvm.dll+0x68d5eb]
V  [jvm.dll+0x6877eb]
V  [jvm.dll+0x686e27]
V  [jvm.dll+0x684d22]
V  [jvm.dll+0x1a6f5c]
V  [jvm.dll+0x2175d8]
V  [jvm.dll+0x1a3d0d]
V  [jvm.dll+0x22742a]
V  [jvm.dll+0x225565]
V  [jvm.dll+0x7ea2cb]
V  [jvm.dll+0x7e483a]
V  [jvm.dll+0x6762c5]
C  [ucrtbase.dll+0x21bb2]
C  [KERNEL32.DLL+0x17614]
C  [ntdll.dll+0x526b1]


---------------  P R O C E S S  ---------------

Threads class SMR info:
_java_thread_list=0x00000199754c6200, length=13, elements={
0x0000019968806e90, 0x00000199748d83d0, 0x00000199748d8b90, 0x00000199748ef910,
0x00000199748effe0, 0x00000199748f29c0, 0x00000199748f53f0, 0x00000199749016f0,
0x0000019974909d00, 0x0000019974912f10, 0x00000199748f70d0, 0x00000199748f7a70,
0x00000199748f8db0
}

Java Threads: ( => current thread )
  0x0000019968806e90 JavaThread "main" [_thread_blocked, id=17612, stack(0x000000169a900000,0x000000169aa00000)]
  0x00000199748d83d0 JavaThread "Reference Handler" daemon [_thread_blocked, id=14232, stack(0x000000169b000000,0x000000169b100000)]
  0x00000199748d8b90 JavaThread "Finalizer" daemon [_thread_blocked, id=16596, stack(0x000000169b100000,0x000000169b200000)]
  0x00000199748ef910 JavaThread "Signal Dispatcher" daemon [_thread_blocked, id=15216, stack(0x000000169b200000,0x000000169b300000)]
  0x00000199748effe0 JavaThread "Attach Listener" daemon [_thread_blocked, id=5876, stack(0x000000169b300000,0x000000169b400000)]
  0x00000199748f29c0 JavaThread "Service Thread" daemon [_thread_blocked, id=1984, stack(0x000000169b400000,0x000000169b500000)]
  0x00000199748f53f0 JavaThread "Monitor Deflation Thread" daemon [_thread_blocked, id=18324, stack(0x000000169b500000,0x000000169b600000)]
=>0x00000199749016f0 JavaThread "C2 CompilerThread0" daemon [_thread_in_native, id=15344, stack(0x000000169b600000,0x000000169b700000)]
  0x0000019974909d00 JavaThread "C1 CompilerThread0" daemon [_thread_blocked, id=4408, stack(0x000000169b700000,0x000000169b800000)]
  0x0000019974912f10 JavaThread "Sweeper thread" daemon [_thread_blocked, id=17952, stack(0x000000169b800000,0x000000169b900000)]
  0x00000199748f70d0 JavaThread "Notification Thread" daemon [_thread_blocked, id=12604, stack(0x000000169b900000,0x000000169ba00000)]
  0x00000199748f7a70 JavaThread "Common-Cleaner" daemon [_thread_blocked, id=10636, stack(0x000000169bb00000,0x000000169bc00000)]
  0x00000199748f8db0 JavaThread "DisconnectableInputStream source reader" daemon [_thread_in_native, id=5220, stack(0x000000169c200000,0x000000169c300000)]

Other Threads:
  0x00000199748d5540 VMThread "VM Thread" [stack: 0x000000169af00000,0x000000169b000000] [id=3268]
  0x000001996887a060 WatcherThread [stack: 0x000000169ba00000,0x000000169bb00000] [id=16020]
  0x0000019968827db0 GCTaskThread "GC Thread#0" [stack: 0x000000169aa00000,0x000000169ab00000] [id=11856]
  0x0000019975881310 GCTaskThread "GC Thread#1" [stack: 0x000000169bd00000,0x000000169be00000] [id=15452]
  0x00000199757feb00 GCTaskThread "GC Thread#2" [stack: 0x000000169be00000,0x000000169bf00000] [id=15820]
  0x00000199758ba650 GCTaskThread "GC Thread#3" [stack: 0x000000169bf00000,0x000000169c000000] [id=14172]
  0x0000019968829d00 ConcurrentGCThread "G1 Main Marker" [stack: 0x000000169ab00000,0x000000169ac00000] [id=18040]
  0x000001996882a710 ConcurrentGCThread "G1 Conc#0" [stack: 0x000000169ac00000,0x000000169ad00000] [id=14272]
  0x00000199688b7390 ConcurrentGCThread "G1 Refine#0" [stack: 0x000000169ad00000,0x000000169ae00000] [id=10088]
  0x00000199688ba880 ConcurrentGCThread "G1 Service" [stack: 0x000000169ae00000,0x000000169af00000] [id=1992]

Threads with active compile tasks:
C2 CompilerThread0   131742 1628 % !   4       java.io.BufferedReader::readLine @ 139 (327 bytes)

VM state: not at safepoint (normal execution)

VM Mutex/Monitor currently owned by a thread: None

Heap address: 0x00000000fc000000, size: 64 MB, Compressed Oops mode: 32-bit

CDS archive(s) mapped at: [0x0000000800000000-0x0000000800bc0000-0x0000000800bc0000), size 12320768, SharedBaseAddress: 0x0000000800000000, ArchiveRelocationMode: 0.
Compressed class space mapped at: 0x0000000800c00000-0x0000000840c00000, reserved size: 1073741824
Narrow klass base: 0x0000000800000000, Narrow klass shift: 0, Narrow klass range: 0x100000000

GC Precious Log:
 CPUs: 4 total, 4 available
 Memory: 8089M
 Large Page Support: Disabled
 NUMA Support: Disabled
 Compressed Oops: Enabled (32-bit)
 Heap Region Size: 1M
 Heap Min Capacity: 64M
 Heap Initial Capacity: 64M
 Heap Max Capacity: 64M
 Pre-touch: Disabled
 Parallel Workers: 4
 Concurrent Workers: 1
 Concurrent Refinement Workers: 4
 Periodic GC: Disabled

Heap:
 garbage-first heap   total 65536K, used 20992K [0x00000000fc000000, 0x0000000100000000)
  region size 1024K, 14 young (14336K), 3 survivors (3072K)
 Metaspace       used 8659K, committed 8896K, reserved 1056768K
  class space    used 1143K, committed 1280K, reserved 1048576K

Heap Regions: E=young(eden), S=young(survivor), O=old, HS=humongous(starts), HC=humongous(continues), CS=collection set, F=free, OA=open archive, CA=closed archive, TAMS=top-at-mark-start (previous, next)
|   0|0x00000000fc000000, 0x00000000fc100000, 0x00000000fc100000|100%| O|  |TAMS 0x00000000fc000000, 0x00000000fc000000| Untracked 
|   1|0x00000000fc100000, 0x00000000fc200000, 0x00000000fc200000|100%| O|  |TAMS 0x00000000fc100000, 0x00000000fc100000| Untracked 
|   2|0x00000000fc200000, 0x00000000fc300000, 0x00000000fc300000|100%|HS|  |TAMS 0x00000000fc200000, 0x00000000fc200000| Complete 
|   3|0x00000000fc300000, 0x00000000fc400000, 0x00000000fc400000|100%|HC|  |TAMS 0x00000000fc300000, 0x00000000fc300000| Complete 
|   4|0x00000000fc400000, 0x00000000fc500000, 0x00000000fc500000|100%|HC|  |TAMS 0x00000000fc400000, 0x00000000fc400000| Complete 
|   5|0x00000000fc500000, 0x00000000fc600000, 0x00000000fc600000|100%|HC|  |TAMS 0x00000000fc500000, 0x00000000fc500000| Complete 
|   6|0x00000000fc600000, 0x00000000fc700000, 0x00000000fc700000|100%| O|  |TAMS 0x00000000fc600000, 0x00000000fc600000| Untracked 
|   7|0x00000000fc700000, 0x00000000fc780200, 0x00000000fc800000| 50%| O|  |TAMS 0x00000000fc700000, 0x00000000fc700000| Untracked 
|   8|0x00000000fc800000, 0x00000000fc800000, 0x00000000fc900000|  0%| F|  |TAMS 0x00000000fc800000, 0x00000000fc800000| Untracked 
|   9|0x00000000fc900000, 0x00000000fc900000, 0x00000000fca00000|  0%| F|  |TAMS 0x00000000fc900000, 0x00000000fc900000| Untracked 
|  10|0x00000000fca00000, 0x00000000fca00000, 0x00000000fcb00000|  0%| F|  |TAMS 0x00000000fca00000, 0x00000000fca00000| Untracked 
|  11|0x00000000fcb00000, 0x00000000fcb00000, 0x00000000fcc00000|  0%| F|  |TAMS 0x00000000fcb00000, 0x00000000fcb00000| Untracked 
|  12|0x00000000fcc00000, 0x00000000fcc00000, 0x00000000fcd00000|  0%| F|  |TAMS 0x00000000fcc00000, 0x00000000fcc00000| Untracked 
|  13|0x00000000fcd00000, 0x00000000fcd00000, 0x00000000fce00000|  0%| F|  |TAMS 0x00000000fcd00000, 0x00000000fcd00000| Untracked 
|  14|0x00000000fce00000, 0x00000000fce00000, 0x00000000fcf00000|  0%| F|  |TAMS 0x00000000fce00000, 0x00000000fce00000| Untracked 
|  15|0x00000000fcf00000, 0x00000000fcf00000, 0x00000000fd000000|  0%| F|  |TAMS 0x00000000fcf00000, 0x00000000fcf00000| Untracked 
|  16|0x00000000fd000000, 0x00000000fd000000, 0x00000000fd100000|  0%| F|  |TAMS 0x00000000fd000000, 0x00000000fd000000| Untracked 
|  17|0x00000000fd100000, 0x00000000fd100000, 0x00000000fd200000|  0%| F|  |TAMS 0x00000000fd100000, 0x00000000fd100000| Untracked 
|  18|0x00000000fd200000, 0x00000000fd200000, 0x00000000fd300000|  0%| F|  |TAMS 0x00000000fd200000, 0x00000000fd200000| Untracked 
|  19|0x00000000fd300000, 0x00000000fd300000, 0x00000000fd400000|  0%| F|  |TAMS 0x00000000fd300000, 0x00000000fd300000| Untracked 
|  20|0x00000000fd400000, 0x00000000fd400000, 0x00000000fd500000|  0%| F|  |TAMS 0x00000000fd400000, 0x00000000fd400000| Untracked 
|  21|0x00000000fd500000, 0x00000000fd500000, 0x00000000fd600000|  0%| F|  |TAMS 0x00000000fd500000, 0x00000000fd500000| Untracked 
|  22|0x00000000fd600000, 0x00000000fd600000, 0x00000000fd700000|  0%| F|  |TAMS 0x00000000fd600000, 0x00000000fd600000| Untracked 
|  23|0x00000000fd700000, 0x00000000fd700000, 0x00000000fd800000|  0%| F|  |TAMS 0x00000000fd700000, 0x00000000fd700000| Untracked 
|  24|0x00000000fd800000, 0x00000000fd800000, 0x00000000fd900000|  0%| F|  |TAMS 0x00000000fd800000, 0x00000000fd800000| Untracked 
|  25|0x00000000fd900000, 0x00000000fd900000, 0x00000000fda00000|  0%| F|  |TAMS 0x00000000fd900000, 0x00000000fd900000| Untracked 
|  26|0x00000000fda00000, 0x00000000fda00000, 0x00000000fdb00000|  0%| F|  |TAMS 0x00000000fda00000, 0x00000000fda00000| Untracked 
|  27|0x00000000fdb00000, 0x00000000fdb00000, 0x00000000fdc00000|  0%| F|  |TAMS 0x00000000fdb00000, 0x00000000fdb00000| Untracked 
|  28|0x00000000fdc00000, 0x00000000fdc00000, 0x00000000fdd00000|  0%| F|  |TAMS 0x00000000fdc00000, 0x00000000fdc00000| Untracked 
|  29|0x00000000fdd00000, 0x00000000fdd00000, 0x00000000fde00000|  0%| F|  |TAMS 0x00000000fdd00000, 0x00000000fdd00000| Untracked 
|  30|0x00000000fde00000, 0x00000000fde00000, 0x00000000fdf00000|  0%| F|  |TAMS 0x00000000fde00000, 0x00000000fde00000| Untracked 
|  31|0x00000000fdf00000, 0x00000000fdf00000, 0x00000000fe000000|  0%| F|  |TAMS 0x00000000fdf00000, 0x00000000fdf00000| Untracked 
|  32|0x00000000fe000000, 0x00000000fe000000, 0x00000000fe100000|  0%| F|  |TAMS 0x00000000fe000000, 0x00000000fe000000| Untracked 
|  33|0x00000000fe100000, 0x00000000fe100000, 0x00000000fe200000|  0%| F|  |TAMS 0x00000000fe100000, 0x00000000fe100000| Untracked 
|  34|0x00000000fe200000, 0x00000000fe200000, 0x00000000fe300000|  0%| F|  |TAMS 0x00000000fe200000, 0x00000000fe200000| Untracked 
|  35|0x00000000fe300000, 0x00000000fe300000, 0x00000000fe400000|  0%| F|  |TAMS 0x00000000fe300000, 0x00000000fe300000| Untracked 
|  36|0x00000000fe400000, 0x00000000fe400000, 0x00000000fe500000|  0%| F|  |TAMS 0x00000000fe400000, 0x00000000fe400000| Untracked 
|  37|0x00000000fe500000, 0x00000000fe500000, 0x00000000fe600000|  0%| F|  |TAMS 0x00000000fe500000, 0x00000000fe500000| Untracked 
|  38|0x00000000fe600000, 0x00000000fe600000, 0x00000000fe700000|  0%| F|  |TAMS 0x00000000fe600000, 0x00000000fe600000| Untracked 
|  39|0x00000000fe700000, 0x00000000fe700000, 0x00000000fe800000|  0%| F|  |TAMS 0x00000000fe700000, 0x00000000fe700000| Untracked 
|  40|0x00000000fe800000, 0x00000000fe800000, 0x00000000fe900000|  0%| F|  |TAMS 0x00000000fe800000, 0x00000000fe800000| Untracked 
|  41|0x00000000fe900000, 0x00000000fe900000, 0x00000000fea00000|  0%| F|  |TAMS 0x00000000fe900000, 0x00000000fe900000| Untracked 
|  42|0x00000000fea00000, 0x00000000fea00000, 0x00000000feb00000|  0%| F|  |TAMS 0x00000000fea00000, 0x00000000fea00000| Untracked 
|  43|0x00000000feb00000, 0x00000000feb00000, 0x00000000fec00000|  0%| F|  |TAMS 0x00000000feb00000, 0x00000000feb00000| Untracked 
|  44|0x00000000fec00000, 0x00000000fed00000, 0x00000000fed00000|100%| S|CS|TAMS 0x00000000fec00000, 0x00000000fec00000| Complete 
|  45|0x00000000fed00000, 0x00000000fee00000, 0x00000000fee00000|100%| S|CS|TAMS 0x00000000fed00000, 0x00000000fed00000| Complete 
|  46|0x00000000fee00000, 0x00000000fef00000, 0x00000000fef00000|100%| S|CS|TAMS 0x00000000fee00000, 0x00000000fee00000| Complete 
|  47|0x00000000fef00000, 0x00000000fef00000, 0x00000000ff000000|  0%| F|  |TAMS 0x00000000fef00000, 0x00000000fef00000| Untracked 
|  48|0x00000000ff000000, 0x00000000ff000000, 0x00000000ff100000|  0%| F|  |TAMS 0x00000000ff000000, 0x00000000ff000000| Untracked 
|  49|0x00000000ff100000, 0x00000000ff100000, 0x00000000ff200000|  0%| F|  |TAMS 0x00000000ff100000, 0x00000000ff100000| Untracked 
|  50|0x00000000ff200000, 0x00000000ff200000, 0x00000000ff300000|  0%| F|  |TAMS 0x00000000ff200000, 0x00000000ff200000| Untracked 
|  51|0x00000000ff300000, 0x00000000ff300000, 0x00000000ff400000|  0%| F|  |TAMS 0x00000000ff300000, 0x00000000ff300000| Untracked 
|  52|0x00000000ff400000, 0x00000000ff400000, 0x00000000ff500000|  0%| F|  |TAMS 0x00000000ff400000, 0x00000000ff400000| Untracked 
|  53|0x00000000ff500000, 0x00000000ff600000, 0x00000000ff600000|100%| E|  |TAMS 0x00000000ff500000, 0x00000000ff500000| Complete 
|  54|0x00000000ff600000, 0x00000000ff700000, 0x00000000ff700000|100%| E|CS|TAMS 0x00000000ff600000, 0x00000000ff600000| Complete 
|  55|0x00000000ff700000, 0x00000000ff800000, 0x00000000ff800000|100%| E|CS|TAMS 0x00000000ff700000, 0x00000000ff700000| Complete 
|  56|0x00000000ff800000, 0x00000000ff900000, 0x00000000ff900000|100%| E|CS|TAMS 0x00000000ff800000, 0x00000000ff800000| Complete 
|  57|0x00000000ff900000, 0x00000000ffa00000, 0x00000000ffa00000|100%| E|CS|TAMS 0x00000000ff900000, 0x00000000ff900000| Complete 
|  58|0x00000000ffa00000, 0x00000000ffb00000, 0x00000000ffb00000|100%| E|CS|TAMS 0x00000000ffa00000, 0x00000000ffa00000| Complete 
|  59|0x00000000ffb00000, 0x00000000ffc00000, 0x00000000ffc00000|100%| E|CS|TAMS 0x00000000ffb00000, 0x00000000ffb00000| Complete 
|  60|0x00000000ffc00000, 0x00000000ffd00000, 0x00000000ffd00000|100%| E|CS|TAMS 0x00000000ffc00000, 0x00000000ffc00000| Complete 
|  61|0x00000000ffd00000, 0x00000000ffe00000, 0x00000000ffe00000|100%| E|CS|TAMS 0x00000000ffd00000, 0x00000000ffd00000| Complete 
|  62|0x00000000ffe00000, 0x00000000fff00000, 0x00000000fff00000|100%| E|CS|TAMS 0x00000000ffe00000, 0x00000000ffe00000| Complete 
|  63|0x00000000fff00000, 0x0000000100000000, 0x0000000100000000|100%| E|CS|TAMS 0x00000000fff00000, 0x00000000fff00000| Complete 

Card table byte_map: [0x0000019972130000,0x0000019972150000] _byte_map_base: 0x0000019971950000

Marking Bits (Prev, Next): (CMBitMap*) 0x00000199688283c0, (CMBitMap*) 0x0000019968828400
 Prev Bits: [0x0000019972170000, 0x0000019972270000)
 Next Bits: [0x0000019972270000, 0x0000019972370000)

Polling page: 0x00000199688d0000

Metaspace:

Usage:
  Non-class:      7.34 MB used.
      Class:      1.12 MB used.
       Both:      8.46 MB used.

Virtual space:
  Non-class space:        8.00 MB reserved,       7.44 MB ( 93%) committed,  1 nodes.
      Class space:        1.00 GB reserved,       1.25 MB ( <1%) committed,  1 nodes.
             Both:        1.01 GB reserved,       8.69 MB ( <1%) committed. 

Chunk freelists:
   Non-Class:  352.00 KB
       Class:  2.67 MB
        Both:  3.02 MB

MaxMetaspaceSize: unlimited
CompressedClassSpaceSize: 1.00 GB
Initial GC threshold: 21.00 MB
Current GC threshold: 21.00 MB
CDS: on
MetaspaceReclaimPolicy: balanced
 - commit_granule_bytes: 65536.
 - commit_granule_words: 8192.
 - virtual_space_node_default_size: 1048576.
 - enlarge_chunks_in_place: 1.
 - new_chunks_are_fully_committed: 0.
 - uncommit_free_chunks: 1.
 - use_allocation_guard: 0.
 - handle_deallocations: 1.


Internal statistics:

num_allocs_failed_limit: 0.
num_arena_births: 80.
num_arena_deaths: 0.
num_vsnodes_births: 2.
num_vsnodes_deaths: 0.
num_space_committed: 139.
num_space_uncommitted: 0.
num_chunks_returned_to_freelist: 0.
num_chunks_taken_from_freelist: 307.
num_chunk_merges: 0.
num_chunk_splits: 204.
num_chunks_enlarged: 167.
num_purges: 0.
num_inconsistent_stats: 0.

CodeHeap 'non-profiled nmethods': size=120000Kb used=643Kb max_used=643Kb free=119356Kb
 bounds [0x0000019907ad0000, 0x0000019907d40000, 0x000001990f000000]
CodeHeap 'profiled nmethods': size=120000Kb used=3123Kb max_used=3123Kb free=116877Kb
 bounds [0x0000019900000000, 0x0000019900310000, 0x0000019907530000]
CodeHeap 'non-nmethods': size=5760Kb used=1163Kb max_used=1217Kb free=4596Kb
 bounds [0x0000019907530000, 0x00000199077a0000, 0x0000019907ad0000]
 total_blobs=2103 nmethods=1645 adapters=371
 compilation: enabled
              stopped_count=0, restarted_count=0
 full_count=0

Compilation events (20 events):
Event: 124.681 Thread 0x0000019974909d00 1619       3       java.lang.System::checkKey (34 bytes)
Event: 124.681 Thread 0x0000019974909d00 nmethod 1619 0x0000019900303610 code [0x00000199003037e0, 0x0000019900303b98]
Event: 124.687 Thread 0x0000019974909d00 1620       3       java.lang.System::getProperty (25 bytes)
Event: 124.688 Thread 0x0000019974909d00 nmethod 1620 0x0000019900303d10 code [0x0000019900303f20, 0x0000019900304638]
Event: 126.027 Thread 0x00000199749016f0 1621       4       java.util.concurrent.locks.ReentrantLock$Sync::tryRelease (51 bytes)
Event: 126.028 Thread 0x00000199749016f0 nmethod 1621 0x0000019907b6f710 code [0x0000019907b6f880, 0x0000019907b6f9b8]
Event: 128.715 Thread 0x00000199749016f0 1622       4       java.util.concurrent.ThreadPoolExecutor::beforeExecute (1 bytes)
Event: 128.715 Thread 0x00000199749016f0 nmethod 1622 0x0000019907b6fa90 code [0x0000019907b6fc00, 0x0000019907b6fc78]
Event: 131.412 Thread 0x00000199749016f0 1623       4       java.util.concurrent.atomic.AtomicLong::compareAndSet (13 bytes)
Event: 131.412 Thread 0x00000199749016f0 nmethod 1623 0x0000019907b6fd90 code [0x0000019907b6ff00, 0x0000019907b6ff98]
Event: 131.696 Thread 0x0000019974909d00 1624       1       java.util.LinkedList::size (5 bytes)
Event: 131.696 Thread 0x0000019974909d00 nmethod 1624 0x0000019907b70090 code [0x0000019907b70220, 0x0000019907b702f8]
Event: 131.697 Thread 0x0000019974909d00 1625       3       java.util.LinkedList::checkPositionIndex (22 bytes)
Event: 131.697 Thread 0x00000199749016f0 1628 % !   4       java.io.BufferedReader::readLine @ 139 (327 bytes)
Event: 131.697 Thread 0x0000019974909d00 nmethod 1625 0x0000019900304890 code [0x0000019900304ae0, 0x0000019900305248]
Event: 131.697 Thread 0x0000019974909d00 1626       3       java.util.LinkedList::isPositionIndex (18 bytes)
Event: 131.697 Thread 0x0000019974909d00 nmethod 1626 0x0000019900305590 code [0x0000019900305720, 0x00000199003058b8]
Event: 131.697 Thread 0x0000019974909d00 1627       3       java.util.LinkedList::node (65 bytes)
Event: 131.697 Thread 0x0000019974909d00 nmethod 1627 0x0000019900305990 code [0x0000019900305b40, 0x0000019900305e18]
Event: 131.698 Thread 0x0000019974909d00 1629       3       org.gradle.util.internal.LimitedDescription::append (33 bytes)

GC Heap History (4 events):
Event: 0.379 GC heap before
{Heap before GC invocations=0 (full 0):
 garbage-first heap   total 65536K, used 12288K [0x00000000fc000000, 0x0000000100000000)
  region size 1024K, 13 young (13312K), 0 survivors (0K)
 Metaspace       used 1777K, committed 1920K, reserved 1056768K
  class space    used 161K, committed 192K, reserved 1048576K
}
Event: 0.383 GC heap after
{Heap after GC invocations=1 (full 0):
 garbage-first heap   total 65536K, used 3535K [0x00000000fc000000, 0x0000000100000000)
  region size 1024K, 2 young (2048K), 2 survivors (2048K)
 Metaspace       used 1777K, committed 1920K, reserved 1056768K
  class space    used 161K, committed 192K, reserved 1048576K
}
Event: 0.949 GC heap before
{Heap before GC invocations=1 (full 0):
 garbage-first heap   total 65536K, used 21967K [0x00000000fc000000, 0x0000000100000000)
  region size 1024K, 17 young (17408K), 2 survivors (2048K)
 Metaspace       used 5430K, committed 5632K, reserved 1056768K
  class space    used 737K, committed 832K, reserved 1048576K
}
Event: 0.952 GC heap after
{Heap after GC invocations=2 (full 0):
 garbage-first heap   total 65536K, used 10752K [0x00000000fc000000, 0x0000000100000000)
  region size 1024K, 3 young (3072K), 3 survivors (3072K)
 Metaspace       used 5430K, committed 5632K, reserved 1056768K
  class space    used 737K, committed 832K, reserved 1048576K
}

Dll operation events (11 events):
Event: 0.007 Loaded shared library C:\Program Files\Eclipse Adoptium\jdk-17.0.6.10-hotspot\bin\java.dll
Event: 0.014 Loaded shared library C:\Program Files\Eclipse Adoptium\jdk-17.0.6.10-hotspot\bin\jsvml.dll
Event: 0.047 Loaded shared library C:\Program Files\Eclipse Adoptium\jdk-17.0.6.10-hotspot\bin\net.dll
Event: 0.048 Loaded shared library C:\Program Files\Eclipse Adoptium\jdk-17.0.6.10-hotspot\bin\nio.dll
Event: 0.051 Loaded shared library C:\Program Files\Eclipse Adoptium\jdk-17.0.6.10-hotspot\bin\zip.dll
Event: 0.295 Loaded shared library C:\Program Files\Eclipse Adoptium\jdk-17.0.6.10-hotspot\bin\jimage.dll
Event: 0.418 Loaded shared library C:\Program Files\Eclipse Adoptium\jdk-17.0.6.10-hotspot\bin\verify.dll
Event: 0.770 Loaded shared library C:\Users\songe\.gradle\native\68d5fa5c4cc2d200863cafc0d521ce42e7d3e7ee720ec0a83991735586a16f82\windows-amd64\native-platform.dll
Event: 0.938 Loaded shared library C:\Program Files\Eclipse Adoptium\jdk-17.0.6.10-hotspot\bin\management.dll
Event: 0.940 Loaded shared library C:\Program Files\Eclipse Adoptium\jdk-17.0.6.10-hotspot\bin\management_ext.dll
Event: 1.255 Loaded shared library C:\Program Files\Eclipse Adoptium\jdk-17.0.6.10-hotspot\bin\sunmscapi.dll

Deoptimization events (20 events):
Event: 1.032 Thread 0x0000019968806e90 DEOPT PACKING pc=0x0000019907b2fba0 sp=0x000000169a9fb3f0
Event: 1.032 Thread 0x0000019968806e90 DEOPT UNPACKING pc=0x00000199075869a3 sp=0x000000169a9fb390 mode 2
Event: 1.073 Thread 0x0000019968806e90 Uncommon trap: trap_request=0xffffff45 fr.pc=0x0000019907b22fa8 relative=0x0000000000001c68
Event: 1.073 Thread 0x0000019968806e90 Uncommon trap: reason=unstable_if action=reinterpret pc=0x0000019907b22fa8 method=java.io.WinNTFileSystem.normalize(Ljava/lang/String;)Ljava/lang/String; @ 128 c2
Event: 1.073 Thread 0x0000019968806e90 DEOPT PACKING pc=0x0000019907b22fa8 sp=0x000000169a9fb400
Event: 1.073 Thread 0x0000019968806e90 DEOPT UNPACKING pc=0x00000199075869a3 sp=0x000000169a9fb3e8 mode 2
Event: 1.214 Thread 0x0000019968806e90 Uncommon trap: trap_request=0xffffff45 fr.pc=0x0000019907b05ca4 relative=0x0000000000000664
Event: 1.214 Thread 0x0000019968806e90 Uncommon trap: reason=unstable_if action=reinterpret pc=0x0000019907b05ca4 method=java.lang.AbstractStringBuilder.append(Ljava/lang/String;)Ljava/lang/AbstractStringBuilder; @ 1 c2
Event: 1.214 Thread 0x0000019968806e90 DEOPT PACKING pc=0x0000019907b05ca4 sp=0x000000169a9fc180
Event: 1.214 Thread 0x0000019968806e90 DEOPT UNPACKING pc=0x00000199075869a3 sp=0x000000169a9fc100 mode 2
Event: 1.214 Thread 0x0000019968806e90 Uncommon trap: trap_request=0xffffff45 fr.pc=0x0000019907b122a4 relative=0x0000000000000664
Event: 1.214 Thread 0x0000019968806e90 Uncommon trap: reason=unstable_if action=reinterpret pc=0x0000019907b122a4 method=java.lang.AbstractStringBuilder.append(Ljava/lang/String;)Ljava/lang/AbstractStringBuilder; @ 1 c2
Event: 1.214 Thread 0x0000019968806e90 DEOPT PACKING pc=0x0000019907b122a4 sp=0x000000169a9fc120
Event: 1.214 Thread 0x0000019968806e90 DEOPT UNPACKING pc=0x00000199075869a3 sp=0x000000169a9fc108 mode 2
Event: 31.528 Thread 0x0000019968806e90 DEOPT PACKING pc=0x000001990026a6cd sp=0x000000169a9fbe40
Event: 31.528 Thread 0x0000019968806e90 DEOPT UNPACKING pc=0x0000019907587143 sp=0x000000169a9fb2d8 mode 0
Event: 131.693 Thread 0x0000019968806e90 Uncommon trap: trap_request=0xffffff45 fr.pc=0x0000019907b62e68 relative=0x00000000000004e8
Event: 131.693 Thread 0x0000019968806e90 Uncommon trap: reason=unstable_if action=reinterpret pc=0x0000019907b62e68 method=com.esotericsoftware.kryo.io.Input.require(I)I @ 180 c2
Event: 131.693 Thread 0x0000019968806e90 DEOPT PACKING pc=0x0000019907b62e68 sp=0x000000169a9fc250
Event: 131.694 Thread 0x0000019968806e90 DEOPT UNPACKING pc=0x00000199075869a3 sp=0x000000169a9fc0b8 mode 2

Classes unloaded (0 events):
No events

Classes redefined (0 events):
No events

Internal exceptions (19 events):
Event: 0.133 Thread 0x0000019968806e90 Exception <a 'java/lang/NoSuchMethodError'{0x00000000ffc59738}: 'int java.lang.invoke.DirectMethodHandle$Holder.invokeStaticInit(java.lang.Object, java.lang.Object)'> (0x00000000ffc59738) 
thrown [s\src\hotspot\share\interpreter\linkResolver.cpp, line 759]
Event: 0.701 Thread 0x0000019968806e90 Exception <a 'java/lang/NoSuchMethodError'{0x00000000ff8ab0b0}: 'void java.lang.invoke.DirectMethodHandle$Holder.invokeStatic(java.lang.Object, java.lang.Object)'> (0x00000000ff8ab0b0) 
thrown [s\src\hotspot\share\interpreter\linkResolver.cpp, line 759]
Event: 0.727 Thread 0x0000019968806e90 Exception <a 'java/lang/NoClassDefFoundError'{0x00000000ff730248}: org/slf4j/impl/StaticMarkerBinder> (0x00000000ff730248) 
thrown [s\src\hotspot\share\classfile\systemDictionary.cpp, line 245]
Event: 0.745 Thread 0x0000019968806e90 Exception <a 'java/lang/NoSuchMethodError'{0x00000000ff7cbba0}: 'java.lang.Object java.lang.invoke.DirectMethodHandle$Holder.invokeVirtual(java.lang.Object, java.lang.Object, java.lang.Object, java.lang.Object, java.lang.Object, java.lang.Object, java.lang.Object)'> (0x00000000ff7cbba0) 
thrown [s\src\hotspot\share\interpreter\linkResolver.cpp, line 759]
Event: 0.748 Thread 0x0000019968806e90 Exception <a 'java/lang/NoSuchMethodError'{0x00000000ff7dd740}: 'java.lang.Object java.lang.invoke.Invokers$Holder.invoker(java.lang.Object, java.lang.Object, java.lang.Object)'> (0x00000000ff7dd740) 
thrown [s\src\hotspot\share\interpreter\linkResolver.cpp, line 759]
Event: 0.749 Thread 0x0000019968806e90 Exception <a 'java/lang/NoSuchMethodError'{0x00000000ff7e6a60}: 'java.lang.Object java.lang.invoke.DirectMethodHandle$Holder.invokeStatic(java.lang.Object, java.lang.Object, int)'> (0x00000000ff7e6a60) 
thrown [s\src\hotspot\share\interpreter\linkResolver.cpp, line 759]
Event: 0.751 Thread 0x0000019968806e90 Exception <a 'java/lang/NoSuchMethodError'{0x00000000ff7f2750}: 'void java.lang.invoke.DelegatingMethodHandle$Holder.delegate(java.lang.Object, java.lang.Object, int, java.lang.Object)'> (0x00000000ff7f2750) 
thrown [s\src\hotspot\share\interpreter\linkResolver.cpp, line 759]
Event: 0.752 Thread 0x0000019968806e90 Exception <a 'java/lang/NoSuchMethodError'{0x00000000ff7f6898}: 'int java.lang.invoke.DirectMethodHandle$Holder.invokeSpecial(java.lang.Object, java.lang.Object, java.lang.Object)'> (0x00000000ff7f6898) 
thrown [s\src\hotspot\share\interpreter\linkResolver.cpp, line 759]
Event: 0.755 Thread 0x0000019968806e90 Exception <a 'java/lang/NoSuchMethodError'{0x00000000ff609e88}: 'java.lang.Object java.lang.invoke.Invokers$Holder.invokeExact_MT(java.lang.Object, java.lang.Object, java.lang.Object, java.lang.Object)'> (0x00000000ff609e88) 
thrown [s\src\hotspot\share\interpreter\linkResolver.cpp, line 759]
Event: 0.898 Thread 0x0000019968806e90 Exception <a 'java/lang/NoSuchMethodError'{0x00000000ff02a7a8}: 'void java.lang.invoke.DirectMethodHandle$Holder.invokeSpecial(java.lang.Object, java.lang.Object, java.lang.Object)'> (0x00000000ff02a7a8) 
thrown [s\src\hotspot\share\interpreter\linkResolver.cpp, line 759]
Event: 0.915 Thread 0x0000019968806e90 Implicit null exception at 0x0000019907b1888f to 0x0000019907b18dfc
Event: 0.915 Thread 0x0000019968806e90 Implicit null exception at 0x0000019907b0bb0f to 0x0000019907b0c078
Event: 0.936 Thread 0x0000019968806e90 Exception <a 'java/lang/NoSuchMethodError'{0x00000000fefcf188}: 'java.lang.Object java.lang.invoke.DirectMethodHandle$Holder.invokeStaticInit(java.lang.Object)'> (0x00000000fefcf188) 
thrown [s\src\hotspot\share\interpreter\linkResolver.cpp, line 759]
Event: 1.028 Thread 0x0000019968806e90 Exception <a 'java/lang/NoSuchMethodError'{0x00000000ffb19998}: 'java.lang.Object java.lang.invoke.DirectMethodHandle$Holder.invokeStaticInit(java.lang.Object, int, int, int, int)'> (0x00000000ffb19998) 
thrown [s\src\hotspot\share\interpreter\linkResolver.cpp, line 759]
Event: 1.083 Thread 0x0000019968806e90 Exception <a 'java/lang/NoSuchMethodError'{0x00000000ffbb0f28}: 'java.lang.Object java.lang.invoke.DirectMethodHandle$Holder.invokeStaticInit(java.lang.Object, java.lang.Object, int, int, int, int)'> (0x00000000ffbb0f28) 
thrown [s\src\hotspot\share\interpreter\linkResolver.cpp, line 759]
Event: 1.190 Thread 0x0000019968806e90 Exception <a 'java/lang/NoSuchMethodError'{0x00000000ffbddc30}: 'void java.lang.invoke.DirectMethodHandle$Holder.invokeStatic(java.lang.Object, java.lang.Object, java.lang.Object)'> (0x00000000ffbddc30) 
thrown [s\src\hotspot\share\interpreter\linkResolver.cpp, line 759]
Event: 1.214 Thread 0x0000019968806e90 Implicit null exception at 0x0000019907b05672 to 0x0000019907b05c8c
Event: 1.214 Thread 0x0000019968806e90 Implicit null exception at 0x0000019907b11c72 to 0x0000019907b1228c
Event: 131.693 Thread 0x0000019968806e90 Exception <a 'sun/net/ConnectionResetException'{0x00000000ff697fd8}: Connection reset> (0x00000000ff697fd8) 
thrown [s\src\hotspot\share\prims\jni.cpp, line 535]

VM Operations (20 events):
Event: 35.340 Executing VM operation: Cleanup
Event: 35.340 Executing VM operation: Cleanup done
Event: 39.376 Executing VM operation: Cleanup
Event: 39.376 Executing VM operation: Cleanup done
Event: 59.522 Executing VM operation: Cleanup
Event: 59.522 Executing VM operation: Cleanup done
Event: 63.558 Executing VM operation: Cleanup
Event: 63.558 Executing VM operation: Cleanup done
Event: 65.586 Executing VM operation: Cleanup
Event: 65.586 Executing VM operation: Cleanup done
Event: 67.600 Executing VM operation: Cleanup
Event: 67.600 Executing VM operation: Cleanup done
Event: 95.816 Executing VM operation: Cleanup
Event: 95.816 Executing VM operation: Cleanup done
Event: 120.015 Executing VM operation: Cleanup
Event: 120.015 Executing VM operation: Cleanup done
Event: 127.048 Executing VM operation: Cleanup
Event: 127.048 Executing VM operation: Cleanup done
Event: 128.062 Executing VM operation: Cleanup
Event: 128.062 Executing VM operation: Cleanup done

Events (20 events):
Event: 22.371 loading class jdk/internal/logger/LazyLoggers$LazyLoggerFactories
Event: 22.371 loading class jdk/internal/logger/LazyLoggers$LazyLoggerFactories done
Event: 22.372 loading class jdk/internal/logger/LoggerFinderLoader
Event: 22.372 loading class jdk/internal/logger/LoggerFinderLoader done
Event: 22.373 loading class sun/util/logging/internal/LoggingProviderImpl$JULWrapper
Event: 22.373 loading class sun/util/logging/PlatformLogger$ConfigurableBridge$LoggerConfiguration
Event: 22.373 loading class sun/util/logging/PlatformLogger$ConfigurableBridge$LoggerConfiguration done
Event: 22.373 loading class sun/util/logging/internal/LoggingProviderImpl$JULWrapper done
Event: 22.374 loading class java/io/ObjectInputFilter
Event: 22.374 loading class java/io/ObjectInputFilter done
Event: 22.375 loading class java/io/ObjectInputFilter$Config$BuiltinFilterFactory
Event: 22.375 loading class java/io/ObjectInputFilter$Config$BuiltinFilterFactory done
Event: 22.375 loading class jdk/internal/access/JavaObjectInputFilterAccess
Event: 22.375 loading class jdk/internal/access/JavaObjectInputFilterAccess done
Event: 22.375 loading class java/lang/System$Logger$Level
Event: 22.375 loading class java/lang/System$Logger$Level done
Event: 22.376 loading class java/io/Bits
Event: 22.376 loading class java/io/Bits done
Event: 131.693 loading class sun/net/ConnectionResetException
Event: 131.693 loading class sun/net/ConnectionResetException done


Dynamic libraries:
0x00007ff667b00000 - 0x00007ff667b0e000 	C:\Program Files\Eclipse Adoptium\jdk-17.0.6.10-hotspot\bin\java.exe
0x00007fff0a270000 - 0x00007fff0a468000 	C:\WINDOWS\SYSTEM32\ntdll.dll
0x00007fff0a170000 - 0x00007fff0a22f000 	C:\WINDOWS\System32\KERNEL32.DLL
0x00007fff07fd0000 - 0x00007fff082c6000 	C:\WINDOWS\System32\KERNELBASE.dll
0x00007fff07b20000 - 0x00007fff07c20000 	C:\WINDOWS\System32\ucrtbase.dll
0x00007ffed5750000 - 0x00007ffed5769000 	C:\Program Files\Eclipse Adoptium\jdk-17.0.6.10-hotspot\bin\VCRUNTIME140.dll
0x00007ffed5770000 - 0x00007ffed5787000 	C:\Program Files\Eclipse Adoptium\jdk-17.0.6.10-hotspot\bin\jli.dll
0x00007fff088a0000 - 0x00007fff08a3d000 	C:\WINDOWS\System32\USER32.dll
0x00007fff079e0000 - 0x00007fff07a02000 	C:\WINDOWS\System32\win32u.dll
0x00007ffef3c60000 - 0x00007ffef3efa000 	C:\WINDOWS\WinSxS\amd64_microsoft.windows.common-controls_6595b64144ccf1df_6.0.19041.1110_none_60b5254171f9507e\COMCTL32.dll
0x00007fff08a40000 - 0x00007fff08a6c000 	C:\WINDOWS\System32\GDI32.dll
0x00007fff097c0000 - 0x00007fff0985e000 	C:\WINDOWS\System32\msvcrt.dll
0x00007fff07c70000 - 0x00007fff07d85000 	C:\WINDOWS\System32\gdi32full.dll
0x00007fff07a10000 - 0x00007fff07aad000 	C:\WINDOWS\System32\msvcp_win.dll
0x00007fff09b10000 - 0x00007fff09b40000 	C:\WINDOWS\System32\IMM32.DLL
0x00007ffed9080000 - 0x00007ffed908c000 	C:\Program Files\Eclipse Adoptium\jdk-17.0.6.10-hotspot\bin\vcruntime140_1.dll
0x00007ffec5e10000 - 0x00007ffec5ea1000 	C:\Program Files\Eclipse Adoptium\jdk-17.0.6.10-hotspot\bin\msvcp140.dll
0x00007ffe80b00000 - 0x00007ffe81747000 	C:\Program Files\Eclipse Adoptium\jdk-17.0.6.10-hotspot\bin\server\jvm.dll
0x00007fff08380000 - 0x00007fff0842f000 	C:\WINDOWS\System32\ADVAPI32.dll
0x00007fff096b0000 - 0x00007fff0974c000 	C:\WINDOWS\System32\sechost.dll
0x00007fff09930000 - 0x00007fff09a56000 	C:\WINDOWS\System32\RPCRT4.dll
0x00007ffeef8c0000 - 0x00007ffeef8c9000 	C:\WINDOWS\SYSTEM32\WSOCK32.dll
0x00007ffef46b0000 - 0x00007ffef46d7000 	C:\WINDOWS\SYSTEM32\WINMM.dll
0x00007fff09750000 - 0x00007fff097bb000 	C:\WINDOWS\System32\WS2_32.dll
0x00007ffefe1c0000 - 0x00007ffefe1ca000 	C:\WINDOWS\SYSTEM32\VERSION.dll
0x00007fff059c0000 - 0x00007fff059d2000 	C:\WINDOWS\SYSTEM32\kernel.appcore.dll
0x00007ffed5f80000 - 0x00007ffed5f8a000 	C:\Program Files\Eclipse Adoptium\jdk-17.0.6.10-hotspot\bin\jimage.dll
0x00007fff05580000 - 0x00007fff05764000 	C:\WINDOWS\SYSTEM32\DBGHELP.DLL
0x00007ffeeca40000 - 0x00007ffeeca74000 	C:\WINDOWS\SYSTEM32\dbgcore.DLL
0x00007fff07950000 - 0x00007fff079d2000 	C:\WINDOWS\System32\bcryptPrimitives.dll
0x00007ffed5720000 - 0x00007ffed5745000 	C:\Program Files\Eclipse Adoptium\jdk-17.0.6.10-hotspot\bin\java.dll
0x00007ffeaf580000 - 0x00007ffeaf656000 	C:\Program Files\Eclipse Adoptium\jdk-17.0.6.10-hotspot\bin\jsvml.dll
0x00007fff08c90000 - 0x00007fff093d4000 	C:\WINDOWS\System32\SHELL32.dll
0x00007fff059e0000 - 0x00007fff06174000 	C:\WINDOWS\SYSTEM32\windows.storage.dll
0x00007fff09b50000 - 0x00007fff09ea4000 	C:\WINDOWS\System32\combase.dll
0x00007fff07390000 - 0x00007fff073be000 	C:\WINDOWS\SYSTEM32\Wldp.dll
0x00007fff082d0000 - 0x00007fff0837d000 	C:\WINDOWS\System32\SHCORE.dll
0x00007fff08bd0000 - 0x00007fff08c25000 	C:\WINDOWS\System32\shlwapi.dll
0x00007fff07880000 - 0x00007fff078a5000 	C:\WINDOWS\SYSTEM32\profapi.dll
0x00007ffed5630000 - 0x00007ffed5649000 	C:\Program Files\Eclipse Adoptium\jdk-17.0.6.10-hotspot\bin\net.dll
0x00007ffef8710000 - 0x00007ffef881a000 	C:\WINDOWS\SYSTEM32\WINHTTP.dll
0x00007fff070f0000 - 0x00007fff0715a000 	C:\WINDOWS\system32\mswsock.dll
0x00007ffed5610000 - 0x00007ffed5625000 	C:\Program Files\Eclipse Adoptium\jdk-17.0.6.10-hotspot\bin\nio.dll
0x00007ffed55f0000 - 0x00007ffed5608000 	C:\Program Files\Eclipse Adoptium\jdk-17.0.6.10-hotspot\bin\zip.dll
0x00007ffed5fe0000 - 0x00007ffed5ff0000 	C:\Program Files\Eclipse Adoptium\jdk-17.0.6.10-hotspot\bin\verify.dll
0x00007fff00570000 - 0x00007fff00597000 	C:\Users\songe\.gradle\native\68d5fa5c4cc2d200863cafc0d521ce42e7d3e7ee720ec0a83991735586a16f82\windows-amd64\native-platform.dll
0x00007ffecc810000 - 0x00007ffecc819000 	C:\Program Files\Eclipse Adoptium\jdk-17.0.6.10-hotspot\bin\management.dll
0x00007ffecc800000 - 0x00007ffecc80b000 	C:\Program Files\Eclipse Adoptium\jdk-17.0.6.10-hotspot\bin\management_ext.dll
0x00007fff09a80000 - 0x00007fff09a88000 	C:\WINDOWS\System32\PSAPI.DLL
0x00007fff072e0000 - 0x00007fff072f8000 	C:\WINDOWS\SYSTEM32\CRYPTSP.dll
0x00007fff069a0000 - 0x00007fff069d4000 	C:\WINDOWS\system32\rsaenh.dll
0x00007fff07d90000 - 0x00007fff07db7000 	C:\WINDOWS\System32\bcrypt.dll
0x00007fff07840000 - 0x00007fff0786e000 	C:\WINDOWS\SYSTEM32\USERENV.dll
0x00007fff07300000 - 0x00007fff0730c000 	C:\WINDOWS\SYSTEM32\CRYPTBASE.dll
0x00007fff06d90000 - 0x00007fff06dcc000 	C:\WINDOWS\SYSTEM32\IPHLPAPI.DLL
0x00007fff09860000 - 0x00007fff09868000 	C:\WINDOWS\System32\NSI.dll
0x00007ffefbb50000 - 0x00007ffefbb67000 	C:\WINDOWS\SYSTEM32\dhcpcsvc6.DLL
0x00007ffefbcb0000 - 0x00007ffefbccd000 	C:\WINDOWS\SYSTEM32\dhcpcsvc.DLL
0x00007fff06dd0000 - 0x00007fff06e9a000 	C:\WINDOWS\SYSTEM32\DNSAPI.dll
0x00007fff01500000 - 0x00007fff0150e000 	C:\Program Files\Eclipse Adoptium\jdk-17.0.6.10-hotspot\bin\sunmscapi.dll
0x00007fff07dc0000 - 0x00007fff07f1e000 	C:\WINDOWS\System32\CRYPT32.dll
0x00007fff07400000 - 0x00007fff07428000 	C:\WINDOWS\SYSTEM32\ncrypt.dll
0x00007fff073c0000 - 0x00007fff073fb000 	C:\WINDOWS\SYSTEM32\NTASN1.dll
0x00007ffecc7e0000 - 0x00007ffecc7e7000 	C:\WINDOWS\system32\wshunix.dll

dbghelp: loaded successfully - version: 4.0.5 - missing functions: none
symbol engine: initialized successfully - sym options: 0x614 - pdb path: .;C:\Program Files\Eclipse Adoptium\jdk-17.0.6.10-hotspot\bin;C:\WINDOWS\SYSTEM32;C:\WINDOWS\WinSxS\amd64_microsoft.windows.common-controls_6595b64144ccf1df_6.0.19041.1110_none_60b5254171f9507e;C:\Program Files\Eclipse Adoptium\jdk-17.0.6.10-hotspot\bin\server;C:\Users\songe\.gradle\native\68d5fa5c4cc2d200863cafc0d521ce42e7d3e7ee720ec0a83991735586a16f82\windows-amd64

VM Arguments:
jvm_args: -Xmx64m -Xms64m -Dorg.gradle.appname=gradlew 
java_command: org.gradle.wrapper.GradleWrapperMain app:installDebug -PreactNativeDevServerPort=8081
java_class_path (initial): C:\Users\songe\source\repos\proficient-master\proficient-master\android\\gradle\wrapper\gradle-wrapper.jar
Launcher Type: SUN_STANDARD

[Global flags]
     intx CICompilerCount                          = 3                                         {product} {ergonomic}
     uint ConcGCThreads                            = 1                                         {product} {ergonomic}
     uint G1ConcRefinementThreads                  = 4                                         {product} {ergonomic}
   size_t G1HeapRegionSize                         = 1048576                                   {product} {ergonomic}
    uintx GCDrainStackTargetSize                   = 64                                        {product} {ergonomic}
   size_t InitialHeapSize                          = 67108864                                  {product} {command line}
   size_t MarkStackSize                            = 4194304                                   {product} {ergonomic}
   size_t MaxHeapSize                              = 67108864                                  {product} {command line}
   size_t MaxNewSize                               = 39845888                                  {product} {ergonomic}
   size_t MinHeapDeltaBytes                        = 1048576                                   {product} {ergonomic}
   size_t MinHeapSize                              = 67108864                                  {product} {command line}
    uintx NonNMethodCodeHeapSize                   = 5832780                                {pd product} {ergonomic}
    uintx NonProfiledCodeHeapSize                  = 122912730                              {pd product} {ergonomic}
    uintx ProfiledCodeHeapSize                     = 122912730                              {pd product} {ergonomic}
    uintx ReservedCodeCacheSize                    = 251658240                              {pd product} {ergonomic}
     bool SegmentedCodeCache                       = true                                      {product} {ergonomic}
   size_t SoftMaxHeapSize                          = 67108864                               {manageable} {ergonomic}
     bool UseCompressedClassPointers               = true                           {product lp64_product} {ergonomic}
     bool UseCompressedOops                        = true                           {product lp64_product} {ergonomic}
     bool UseG1GC                                  = true                                      {product} {ergonomic}
     bool UseLargePagesIndividualAllocation        = false                                  {pd product} {ergonomic}

Logging:
Log output configuration:
 #0: stdout all=warning uptime,level,tags
 #1: stderr all=off uptime,level,tags

Environment Variables:
JAVA_HOME=C:\Program Files\Eclipse Adoptium\jdk-17.0.6.10-hotspot
CLASSPATH=C:\Users\songe\source\repos\proficient-master\proficient-master\android\\gradle\wrapper\gradle-wrapper.jar
PATH=C:\Users\songe\source\repos\proficient-master\proficient-master\node_modules\.bin;C:\Users\songe\source\repos\proficient-master\proficient-master\node_modules\.bin;C:\Users\songe\source\repos\proficient-master\node_modules\.bin;C:\Users\songe\source\repos\node_modules\.bin;C:\Users\songe\source\node_modules\.bin;C:\Users\songe\node_modules\.bin;C:\Users\node_modules\.bin;C:\node_modules\.bin;C:\Program Files\nodejs\node_modules\npm\node_modules\@npmcli\run-script\lib\node-gyp-bin;C:\Users\songe\source\repos\proficient-master\proficient-master\node_modules\.bin;C:\Users\songe\source\repos\proficient-master\node_modules\.bin;C:\Users\songe\source\repos\node_modules\.bin;C:\Users\songe\source\node_modules\.bin;C:\Users\songe\node_modules\.bin;C:\Users\node_modules\.bin;C:\node_modules\.bin;C:\Program Files\nodejs\node_modules\npm\node_modules\@npmcli\run-script\lib\node-gyp-bin;C:\Users\songe\source\repos\proficient-master\proficient-master\node_modules\.bin;C:\Users\songe\source\repos\proficient-master\node_modules\.bin;C:\Users\songe\source\repos\node_modules\.bin;C:\Users\songe\source\node_modules\.bin;C:\Users\songe\node_modules\.bin;C:\Users\node_modules\.bin;C:\node_modules\.bin;C:\Program Files\nodejs\node_modules\npm\node_modules\@npmcli\run-script\lib\node-gyp-bin;C:\Users\songe\bin;C:\Program Files\Git\mingw64\bin;C:\Program Files\Git\usr\local\bin;C:\Program Files\Git\usr\bin;C:\Program Files\Git\usr\bin;C:\Program Files\Git\mingw64\bin;C:\Program Files\Git\usr\bin;C:\Users\songe\bin;C:\Program Files\Eclipse Adoptium\jdk-17.0.6.10-hotspot\bin;C:\Program Files (x86)\Intel\Intel(R) Management Engine Components\iCLS;C:\Program Files\Intel\Intel(R) Management Engine Components\iCLS;C:\Windows\system32;C:\Windows;C:\Windows\System32\Wbem;C:\Windows\System32\WindowsPowerShell\v1.0;C:\Program Files (x86)\NVIDIA Corporation\PhysX\Common;C:\Program Files (x86)\Intel\Intel(R) Management Engine Components\DAL;C:\Program Files\Intel\Intel(R) Management Engine Componen
USERNAME=songe
SHELL=C:\Program Files\Git\usr\bin\bash.exe
DISPLAY=needs-to-be-defined
LANG=en_US.UTF-8
TERM=xterm-256color
TMPDIR=C:\Users\songe\AppData\Local\Temp
OS=Windows_NT
PROCESSOR_IDENTIFIER=Intel64 Family 6 Model 142 Stepping 9, GenuineIntel
TMP=C:\Users\songe\AppData\Local\Temp
TEMP=C:\Users\songe\AppData\Local\Temp



---------------  S Y S T E M  ---------------

OS:
 Windows 10 , 64 bit Build 19041 (10.0.19041.3155)
OS uptime: 0 days 0:53 hours

CPU: total 4 (initial active 4) (2 cores per cpu, 2 threads per core) family 6 model 142 stepping 9 microcode 0xf0, cx8, cmov, fxsr, ht, mmx, 3dnowpref, sse, sse2, sse3, ssse3, sse4.1, sse4.2, popcnt, lzcnt, tsc, tscinvbit, avx, avx2, aes, erms, clmul, bmi1, bmi2, adx, fma, vzeroupper, clflush, clflushopt

Memory: 4k page, system-wide physical 8089M (430M free)
TotalPageFile size 11089M (AvailPageFile size 49M)
current process WorkingSet (physical memory assigned to process): 80M, peak: 92M
current process commit charge ("private bytes"): 155M, peak: 166M

vm_info: OpenJDK 64-Bit Server VM (17.0.6+10) for windows-amd64 JRE (17.0.6+10), built on Jan 18 2023 10:08:59 by "temurin" with MS VC++ 16.7 (VS2019)

END.
