#
# There is insufficient memory for the Java Runtime Environment to continue.
# Native memory allocation (malloc) failed to allocate 1916480 bytes for Chunk::new
# Possible reasons:
#   The system is out of physical RAM or swap space
#   The process is running with CompressedOops enabled, and the Java Heap may be blocking the growth of the native heap
# Possible solutions:
#   Reduce memory load on the system
#   Increase physical memory or swap space
#   Check if swap backing store is full
#   Decrease Java heap size (-Xmx/-Xms)
#   Decrease number of Java threads
#   Decrease Java thread stack sizes (-Xss)
#   Set larger code cache with -XX:ReservedCodeCacheSize=
#   JVM is running with Unscaled Compressed Oops mode in which the Java heap is
#     placed in the first 4GB address space. The Java Heap base address is the
#     maximum limit for the native heap growth. Please use -XX:HeapBaseMinAddress
#     to set the Java Heap base and to place the Java Heap above 4GB virtual address.
# This output file may be truncated or incomplete.
#
#  Out of Memory Error (arena.cpp:189), pid=21400, tid=16636
#
# JRE version: OpenJDK Runtime Environment Temurin-17.0.6+10 (17.0.6+10) (build 17.0.6+10)
# Java VM: OpenJDK 64-Bit Server VM Temurin-17.0.6+10 (17.0.6+10, mixed mode, sharing, tiered, compressed oops, compressed class ptrs, g1 gc, windows-amd64)
# No core dump will be written. Minidumps are not enabled by default on client versions of Windows
#

---------------  S U M M A R Y ------------

Command Line: -XX:MaxMetaspaceSize=512m --add-opens=java.base/java.util=ALL-UNNAMED --add-opens=java.base/java.lang=ALL-UNNAMED --add-opens=java.base/java.lang.invoke=ALL-UNNAMED --add-opens=java.prefs/java.util.prefs=ALL-UNNAMED --add-opens=java.base/java.nio.charset=ALL-UNNAMED --add-opens=java.base/java.net=ALL-UNNAMED --add-opens=java.base/java.util.concurrent.atomic=ALL-UNNAMED -Xmx2048m -Dfile.encoding=windows-1252 -Duser.country=ZA -Duser.language=en -Duser.variant org.gradle.launcher.daemon.bootstrap.GradleDaemon 8.0.1

Host: Intel(R) Core(TM) i7-7500U CPU @ 2.70GHz, 4 cores, 7G,  Windows 10 , 64 bit Build 19041 (10.0.19041.3155)
Time: Wed Jul 12 02:28:36 2023 South Africa Standard Time elapsed time: 10.838147 seconds (0d 0h 0m 10s)

---------------  T H R E A D  ---------------

Current thread (0x0000028273d38370):  JavaThread "C2 CompilerThread0" daemon [_thread_in_native, id=16636, stack(0x000000d150700000,0x000000d150800000)]


Current CompileTask:
C2:  10838 2739   !   4       java.net.URLClassLoader$1::run (81 bytes)

Stack: [0x000000d150700000,0x000000d150800000]
Native frames: (J=compiled Java code, j=interpreted, Vv=VM code, C=native code)
V  [jvm.dll+0x67741a]
V  [jvm.dll+0x834434]
V  [jvm.dll+0x835bde]
V  [jvm.dll+0x836243]
V  [jvm.dll+0x2457b5]
V  [jvm.dll+0xabafc]
V  [jvm.dll+0xac0cc]
V  [jvm.dll+0x3634e7]
V  [jvm.dll+0x32dda1]
V  [jvm.dll+0x32d24a]
V  [jvm.dll+0x2185f1]
V  [jvm.dll+0x217a11]
V  [jvm.dll+0x1a3d0d]
V  [jvm.dll+0x22742a]
V  [jvm.dll+0x225565]
V  [jvm.dll+0x7ea2cb]
V  [jvm.dll+0x7e483a]
V  [jvm.dll+0x6762c5]
C  [ucrtbase.dll+0x21bb2]
C  [KERNEL32.DLL+0x17614]
C  [ntdll.dll+0x526b1]


---------------  P R O C E S S  ---------------

Threads class SMR info:
_java_thread_list=0x00000282768ccde0, length=33, elements={
0x0000028256194070, 0x0000028273d19c00, 0x0000028273d1a980, 0x0000028273d32c20,
0x0000028273d345f0, 0x0000028273d36ec0, 0x0000028273d37780, 0x0000028273d38370,
0x0000028273da2c10, 0x0000028273da78e0, 0x00000282748c1ad0, 0x00000282748cbfc0,
0x000002827676bd10, 0x00000282760c9a80, 0x0000028275597180, 0x00000282762bdd80,
0x0000028276559900, 0x000002827646d2f0, 0x00000282767dd4a0, 0x00000282767c3a40,
0x00000282767c48b0, 0x00000282767c5250, 0x00000282767c5bf0, 0x00000282767c3f10,
0x00000282767c5720, 0x00000282767c6590, 0x00000282767c4d80, 0x00000282767c60c0,
0x00000282767c43e0, 0x00000282767c3570, 0x00000282767c6a60, 0x00000282767c30a0,
0x0000028275162c70
}

Java Threads: ( => current thread )
  0x0000028256194070 JavaThread "main" [_thread_blocked, id=1332, stack(0x000000d14fa00000,0x000000d14fb00000)]
  0x0000028273d19c00 JavaThread "Reference Handler" daemon [_thread_blocked, id=4524, stack(0x000000d150100000,0x000000d150200000)]
  0x0000028273d1a980 JavaThread "Finalizer" daemon [_thread_blocked, id=7304, stack(0x000000d150200000,0x000000d150300000)]
  0x0000028273d32c20 JavaThread "Signal Dispatcher" daemon [_thread_blocked, id=17036, stack(0x000000d150300000,0x000000d150400000)]
  0x0000028273d345f0 JavaThread "Attach Listener" daemon [_thread_blocked, id=18512, stack(0x000000d150400000,0x000000d150500000)]
  0x0000028273d36ec0 JavaThread "Service Thread" daemon [_thread_blocked, id=6016, stack(0x000000d150500000,0x000000d150600000)]
  0x0000028273d37780 JavaThread "Monitor Deflation Thread" daemon [_thread_blocked, id=19536, stack(0x000000d150600000,0x000000d150700000)]
=>0x0000028273d38370 JavaThread "C2 CompilerThread0" daemon [_thread_in_native, id=16636, stack(0x000000d150700000,0x000000d150800000)]
  0x0000028273da2c10 JavaThread "C1 CompilerThread0" daemon [_thread_blocked, id=7296, stack(0x000000d150800000,0x000000d150900000)]
  0x0000028273da78e0 JavaThread "Sweeper thread" daemon [_thread_blocked, id=10188, stack(0x000000d150900000,0x000000d150a00000)]
  0x00000282748c1ad0 JavaThread "Common-Cleaner" daemon [_thread_blocked, id=19632, stack(0x000000d150a00000,0x000000d150b00000)]
  0x00000282748cbfc0 JavaThread "Notification Thread" daemon [_thread_blocked, id=19564, stack(0x000000d150b00000,0x000000d150c00000)]
  0x000002827676bd10 JavaThread "Daemon health stats" [_thread_blocked, id=1648, stack(0x000000d151100000,0x000000d151200000)]
  0x00000282760c9a80 JavaThread "Incoming local TCP Connector on port 50289" [_thread_in_native, id=9448, stack(0x000000d151000000,0x000000d151100000)]
  0x0000028275597180 JavaThread "Daemon periodic checks" [_thread_blocked, id=17924, stack(0x000000d151200000,0x000000d151300000)]
  0x00000282762bdd80 JavaThread "Daemon" [_thread_blocked, id=11036, stack(0x000000d151300000,0x000000d151400000)]
  0x0000028276559900 JavaThread "Handler for socket connection from /127.0.0.1:50289 to /127.0.0.1:50290" [_thread_in_native, id=17100, stack(0x000000d151400000,0x000000d151500000)]
  0x000002827646d2f0 JavaThread "Cancel handler" [_thread_blocked, id=19428, stack(0x000000d151500000,0x000000d151600000)]
  0x00000282767dd4a0 JavaThread "Daemon worker" [_thread_in_vm, id=19960, stack(0x000000d151600000,0x000000d151700000)]
  0x00000282767c3a40 JavaThread "Asynchronous log dispatcher for DefaultDaemonConnection: socket connection from /127.0.0.1:50289 to /127.0.0.1:50290" [_thread_blocked, id=19984, stack(0x000000d151700000,0x000000d151800000)]
  0x00000282767c48b0 JavaThread "Stdin handler" [_thread_blocked, id=9368, stack(0x000000d151800000,0x000000d151900000)]
  0x00000282767c5250 JavaThread "Daemon client event forwarder" [_thread_blocked, id=3720, stack(0x000000d151900000,0x000000d151a00000)]
  0x00000282767c5bf0 JavaThread "Cache worker for journal cache (C:\Users\songe\.gradle\caches\journal-1)" [_thread_blocked, id=7188, stack(0x000000d151a00000,0x000000d151b00000)]
  0x00000282767c3f10 JavaThread "File lock request listener" [_thread_in_native, id=16620, stack(0x000000d151b00000,0x000000d151c00000)]
  0x00000282767c5720 JavaThread "Cache worker for file hash cache (C:\Users\songe\.gradle\caches\8.0.1\fileHashes)" [_thread_blocked, id=18852, stack(0x000000d151c00000,0x000000d151d00000)]
  0x00000282767c6590 JavaThread "File watcher server" daemon [_thread_in_native, id=12540, stack(0x000000d151d00000,0x000000d151e00000)]
  0x00000282767c4d80 JavaThread "File watcher consumer" daemon [_thread_blocked, id=20304, stack(0x000000d151e00000,0x000000d151f00000)]
  0x00000282767c60c0 JavaThread "Cache worker for checksums cache (C:\Users\songe\Development\react-native\proficient\android\.gradle\8.0.1\checksums)" [_thread_blocked, id=7252, stack(0x000000d151f00000,0x000000d152000000)]
  0x00000282767c43e0 JavaThread "Cache worker for cache directory md-rule (C:\Users\songe\.gradle\caches\8.0.1\md-rule)" [_thread_blocked, id=1892, stack(0x000000d152000000,0x000000d152100000)]
  0x00000282767c3570 JavaThread "Cache worker for file content cache (C:\Users\songe\.gradle\caches\8.0.1\fileContent)" [_thread_blocked, id=2400, stack(0x000000d152100000,0x000000d152200000)]
  0x00000282767c6a60 JavaThread "Cache worker for file hash cache (C:\Users\songe\Development\react-native\proficient\android\.gradle\8.0.1\fileHashes)" [_thread_blocked, id=17316, stack(0x000000d152200000,0x000000d152300000)]
  0x00000282767c30a0 JavaThread "File lock release action executor" [_thread_blocked, id=21324, stack(0x000000d152400000,0x000000d152500000)]
  0x0000028275162c70 JavaThread "Cache worker for cache directory md-supplier (C:\Users\songe\.gradle\caches\8.0.1\md-supplier)" [_thread_blocked, id=13692, stack(0x000000d152500000,0x000000d152600000)]

Other Threads:
  0x0000028273d14080 VMThread "VM Thread" [stack: 0x000000d150000000,0x000000d150100000] [id=19872]
  0x00000282748cc490 WatcherThread [stack: 0x000000d150c00000,0x000000d150d00000] [id=18856]
  0x00000282561f12d0 GCTaskThread "GC Thread#0" [stack: 0x000000d14fb00000,0x000000d14fc00000] [id=18132]
  0x0000028274f26030 GCTaskThread "GC Thread#1" [stack: 0x000000d150d00000,0x000000d150e00000] [id=19768]
  0x0000028274b415b0 GCTaskThread "GC Thread#2" [stack: 0x000000d150e00000,0x000000d150f00000] [id=4928]
  0x0000028275eddc90 GCTaskThread "GC Thread#3" [stack: 0x000000d150f00000,0x000000d151000000] [id=19468]
  0x0000028256203130 ConcurrentGCThread "G1 Main Marker" [stack: 0x000000d14fc00000,0x000000d14fd00000] [id=19968]
  0x0000028256203a50 ConcurrentGCThread "G1 Conc#0" [stack: 0x000000d14fd00000,0x000000d14fe00000] [id=16840]
  0x0000028256258630 ConcurrentGCThread "G1 Refine#0" [stack: 0x000000d14fe00000,0x000000d14ff00000] [id=21260]
  0x000002827673a030 ConcurrentGCThread "G1 Refine#1" [stack: 0x000000d152300000,0x000000d152400000] [id=6360]
  0x0000028273bd00a0 ConcurrentGCThread "G1 Service" [stack: 0x000000d14ff00000,0x000000d150000000] [id=4204]

Threads with active compile tasks:
C2 CompilerThread0    10871 2739   !   4       java.net.URLClassLoader$1::run (81 bytes)

VM state: not at safepoint (normal execution)

VM Mutex/Monitor currently owned by a thread: None

Heap address: 0x0000000080000000, size: 2048 MB, Compressed Oops mode: 32-bit

CDS archive(s) mapped at: [0x0000000800000000-0x0000000800bc0000-0x0000000800bc0000), size 12320768, SharedBaseAddress: 0x0000000800000000, ArchiveRelocationMode: 0.
Compressed class space mapped at: 0x0000000800c00000-0x000000081a800000, reserved size: 432013312
Narrow klass base: 0x0000000800000000, Narrow klass shift: 0, Narrow klass range: 0x100000000

GC Precious Log:
 CPUs: 4 total, 4 available
 Memory: 8089M
 Large Page Support: Disabled
 NUMA Support: Disabled
 Compressed Oops: Enabled (32-bit)
 Heap Region Size: 1M
 Heap Min Capacity: 8M
 Heap Initial Capacity: 128M
 Heap Max Capacity: 2G
 Pre-touch: Disabled
 Parallel Workers: 4
 Concurrent Workers: 1
 Concurrent Refinement Workers: 4
 Periodic GC: Disabled

Heap:
 garbage-first heap   total 86016K, used 26696K [0x0000000080000000, 0x0000000100000000)
  region size 1024K, 8 young (8192K), 2 survivors (2048K)
 Metaspace       used 21596K, committed 21952K, reserved 446464K
  class space    used 3208K, committed 3392K, reserved 421888K

Heap Regions: E=young(eden), S=young(survivor), O=old, HS=humongous(starts), HC=humongous(continues), CS=collection set, F=free, OA=open archive, CA=closed archive, TAMS=top-at-mark-start (previous, next)
|   0|0x0000000080000000, 0x0000000080100000, 0x0000000080100000|100%| O|  |TAMS 0x0000000080100000, 0x0000000080000000| Untracked 
|   1|0x0000000080100000, 0x0000000080200000, 0x0000000080200000|100%| O|  |TAMS 0x0000000080200000, 0x0000000080100000| Untracked 
|   2|0x0000000080200000, 0x0000000080300000, 0x0000000080300000|100%|HS|  |TAMS 0x0000000080300000, 0x0000000080200000| Complete 
|   3|0x0000000080300000, 0x0000000080400000, 0x0000000080400000|100%|HC|  |TAMS 0x0000000080400000, 0x0000000080300000| Complete 
|   4|0x0000000080400000, 0x0000000080500000, 0x0000000080500000|100%|HC|  |TAMS 0x0000000080500000, 0x0000000080400000| Complete 
|   5|0x0000000080500000, 0x0000000080600000, 0x0000000080600000|100%|HC|  |TAMS 0x0000000080600000, 0x0000000080500000| Complete 
|   6|0x0000000080600000, 0x0000000080700000, 0x0000000080700000|100%| O|  |TAMS 0x0000000080700000, 0x0000000080600000| Untracked 
|   7|0x0000000080700000, 0x0000000080800000, 0x0000000080800000|100%| O|  |TAMS 0x0000000080800000, 0x0000000080700000| Untracked 
|   8|0x0000000080800000, 0x0000000080900000, 0x0000000080900000|100%| O|  |TAMS 0x0000000080800000, 0x0000000080800000| Untracked 
|   9|0x0000000080900000, 0x0000000080a00000, 0x0000000080a00000|100%| O|  |TAMS 0x0000000080a00000, 0x0000000080900000| Untracked 
|  10|0x0000000080a00000, 0x0000000080b00000, 0x0000000080b00000|100%| O|  |TAMS 0x0000000080b00000, 0x0000000080a00000| Untracked 
|  11|0x0000000080b00000, 0x0000000080c00000, 0x0000000080c00000|100%| O|  |TAMS 0x0000000080b7f800, 0x0000000080b00000| Untracked 
|  12|0x0000000080c00000, 0x0000000080d00000, 0x0000000080d00000|100%| O|  |TAMS 0x0000000080c00000, 0x0000000080c00000| Untracked 
|  13|0x0000000080d00000, 0x0000000080e00000, 0x0000000080e00000|100%| O|  |TAMS 0x0000000080d00000, 0x0000000080d00000| Untracked 
|  14|0x0000000080e00000, 0x0000000080f00000, 0x0000000080f00000|100%| O|  |TAMS 0x0000000080e00000, 0x0000000080e00000| Untracked 
|  15|0x0000000080f00000, 0x0000000081000000, 0x0000000081000000|100%| O|  |TAMS 0x0000000080f00000, 0x0000000080f00000| Untracked 
|  16|0x0000000081000000, 0x0000000081100000, 0x0000000081100000|100%| O|  |TAMS 0x0000000081000000, 0x0000000081000000| Untracked 
|  17|0x0000000081100000, 0x0000000081200000, 0x0000000081200000|100%| O|  |TAMS 0x0000000081100000, 0x0000000081100000| Untracked 
|  18|0x0000000081200000, 0x0000000081300000, 0x0000000081300000|100%| O|  |TAMS 0x0000000081200000, 0x0000000081200000| Untracked 
|  19|0x0000000081300000, 0x0000000081400000, 0x0000000081400000|100%| O|  |TAMS 0x0000000081300000, 0x0000000081300000| Untracked 
|  20|0x0000000081400000, 0x000000008143f000, 0x0000000081500000| 24%| O|  |TAMS 0x0000000081400000, 0x0000000081400000| Untracked 
|  21|0x0000000081500000, 0x0000000081500000, 0x0000000081600000|  0%| F|  |TAMS 0x0000000081500000, 0x0000000081500000| Untracked 
|  22|0x0000000081600000, 0x0000000081600000, 0x0000000081700000|  0%| F|  |TAMS 0x0000000081600000, 0x0000000081600000| Untracked 
|  23|0x0000000081700000, 0x0000000081700000, 0x0000000081800000|  0%| F|  |TAMS 0x0000000081700000, 0x0000000081700000| Untracked 
|  24|0x0000000081800000, 0x0000000081800000, 0x0000000081900000|  0%| F|  |TAMS 0x0000000081800000, 0x0000000081800000| Untracked 
|  25|0x0000000081900000, 0x0000000081900000, 0x0000000081a00000|  0%| F|  |TAMS 0x0000000081900000, 0x0000000081900000| Untracked 
|  26|0x0000000081a00000, 0x0000000081a00000, 0x0000000081b00000|  0%| F|  |TAMS 0x0000000081a00000, 0x0000000081a00000| Untracked 
|  27|0x0000000081b00000, 0x0000000081b00000, 0x0000000081c00000|  0%| F|  |TAMS 0x0000000081b00000, 0x0000000081b00000| Untracked 
|  28|0x0000000081c00000, 0x0000000081c00000, 0x0000000081d00000|  0%| F|  |TAMS 0x0000000081c00000, 0x0000000081c00000| Untracked 
|  29|0x0000000081d00000, 0x0000000081d00000, 0x0000000081e00000|  0%| F|  |TAMS 0x0000000081d00000, 0x0000000081d00000| Untracked 
|  30|0x0000000081e00000, 0x0000000081e00000, 0x0000000081f00000|  0%| F|  |TAMS 0x0000000081e00000, 0x0000000081e00000| Untracked 
|  31|0x0000000081f00000, 0x0000000081f00000, 0x0000000082000000|  0%| F|  |TAMS 0x0000000081f00000, 0x0000000081f00000| Untracked 
|  32|0x0000000082000000, 0x0000000082000000, 0x0000000082100000|  0%| F|  |TAMS 0x0000000082000000, 0x0000000082000000| Untracked 
|  33|0x0000000082100000, 0x0000000082100000, 0x0000000082200000|  0%| F|  |TAMS 0x0000000082100000, 0x0000000082100000| Untracked 
|  34|0x0000000082200000, 0x0000000082200000, 0x0000000082300000|  0%| F|  |TAMS 0x0000000082200000, 0x0000000082200000| Untracked 
|  35|0x0000000082300000, 0x0000000082300000, 0x0000000082400000|  0%| F|  |TAMS 0x0000000082300000, 0x0000000082300000| Untracked 
|  36|0x0000000082400000, 0x0000000082400000, 0x0000000082500000|  0%| F|  |TAMS 0x0000000082400000, 0x0000000082400000| Untracked 
|  37|0x0000000082500000, 0x0000000082500000, 0x0000000082600000|  0%| F|  |TAMS 0x0000000082500000, 0x0000000082500000| Untracked 
|  38|0x0000000082600000, 0x0000000082600000, 0x0000000082700000|  0%| F|  |TAMS 0x0000000082600000, 0x0000000082600000| Untracked 
|  39|0x0000000082700000, 0x0000000082700000, 0x0000000082800000|  0%| F|  |TAMS 0x0000000082700000, 0x0000000082700000| Untracked 
|  40|0x0000000082800000, 0x0000000082800000, 0x0000000082900000|  0%| F|  |TAMS 0x0000000082800000, 0x0000000082800000| Untracked 
|  41|0x0000000082900000, 0x0000000082900000, 0x0000000082a00000|  0%| F|  |TAMS 0x0000000082900000, 0x0000000082900000| Untracked 
|  42|0x0000000082a00000, 0x0000000082a00000, 0x0000000082b00000|  0%| F|  |TAMS 0x0000000082a00000, 0x0000000082a00000| Untracked 
|  43|0x0000000082b00000, 0x0000000082b00000, 0x0000000082c00000|  0%| F|  |TAMS 0x0000000082b00000, 0x0000000082b00000| Untracked 
|  44|0x0000000082c00000, 0x0000000082c00000, 0x0000000082d00000|  0%| F|  |TAMS 0x0000000082c00000, 0x0000000082c00000| Untracked 
|  45|0x0000000082d00000, 0x0000000082d00000, 0x0000000082e00000|  0%| F|  |TAMS 0x0000000082d00000, 0x0000000082d00000| Untracked 
|  46|0x0000000082e00000, 0x0000000082e00000, 0x0000000082f00000|  0%| F|  |TAMS 0x0000000082e00000, 0x0000000082e00000| Untracked 
|  47|0x0000000082f00000, 0x0000000082f00000, 0x0000000083000000|  0%| F|  |TAMS 0x0000000082f00000, 0x0000000082f00000| Untracked 
|  48|0x0000000083000000, 0x0000000083000000, 0x0000000083100000|  0%| F|  |TAMS 0x0000000083000000, 0x0000000083000000| Untracked 
|  49|0x0000000083100000, 0x0000000083100000, 0x0000000083200000|  0%| F|  |TAMS 0x0000000083100000, 0x0000000083100000| Untracked 
|  50|0x0000000083200000, 0x0000000083200000, 0x0000000083300000|  0%| F|  |TAMS 0x0000000083200000, 0x0000000083200000| Untracked 
|  51|0x0000000083300000, 0x0000000083300000, 0x0000000083400000|  0%| F|  |TAMS 0x0000000083300000, 0x0000000083300000| Untracked 
|  52|0x0000000083400000, 0x0000000083400000, 0x0000000083500000|  0%| F|  |TAMS 0x0000000083400000, 0x0000000083400000| Untracked 
|  53|0x0000000083500000, 0x0000000083500000, 0x0000000083600000|  0%| F|  |TAMS 0x0000000083500000, 0x0000000083500000| Untracked 
|  54|0x0000000083600000, 0x0000000083600000, 0x0000000083700000|  0%| F|  |TAMS 0x0000000083600000, 0x0000000083600000| Untracked 
|  55|0x0000000083700000, 0x0000000083700000, 0x0000000083800000|  0%| F|  |TAMS 0x0000000083700000, 0x0000000083700000| Untracked 
|  56|0x0000000083800000, 0x0000000083800000, 0x0000000083900000|  0%| F|  |TAMS 0x0000000083800000, 0x0000000083800000| Untracked 
|  57|0x0000000083900000, 0x0000000083900000, 0x0000000083a00000|  0%| F|  |TAMS 0x0000000083900000, 0x0000000083900000| Untracked 
|  58|0x0000000083a00000, 0x0000000083a00000, 0x0000000083b00000|  0%| F|  |TAMS 0x0000000083a00000, 0x0000000083a00000| Untracked 
|  59|0x0000000083b00000, 0x0000000083b00000, 0x0000000083c00000|  0%| F|  |TAMS 0x0000000083b00000, 0x0000000083b00000| Untracked 
|  60|0x0000000083c00000, 0x0000000083c00000, 0x0000000083d00000|  0%| F|  |TAMS 0x0000000083c00000, 0x0000000083c00000| Untracked 
|  61|0x0000000083d00000, 0x0000000083d00000, 0x0000000083e00000|  0%| F|  |TAMS 0x0000000083d00000, 0x0000000083d00000| Untracked 
|  62|0x0000000083e00000, 0x0000000083e00000, 0x0000000083f00000|  0%| F|  |TAMS 0x0000000083e00000, 0x0000000083e00000| Untracked 
|  63|0x0000000083f00000, 0x0000000083f00000, 0x0000000084000000|  0%| F|  |TAMS 0x0000000083f00000, 0x0000000083f00000| Untracked 
|  64|0x0000000084000000, 0x0000000084000000, 0x0000000084100000|  0%| F|  |TAMS 0x0000000084000000, 0x0000000084000000| Untracked 
|  65|0x0000000084100000, 0x0000000084100000, 0x0000000084200000|  0%| F|  |TAMS 0x0000000084100000, 0x0000000084100000| Untracked 
|  66|0x0000000084200000, 0x0000000084200000, 0x0000000084300000|  0%| F|  |TAMS 0x0000000084200000, 0x0000000084200000| Untracked 
|  67|0x0000000084300000, 0x0000000084300000, 0x0000000084400000|  0%| F|  |TAMS 0x0000000084300000, 0x0000000084300000| Untracked 
|  68|0x0000000084400000, 0x0000000084400000, 0x0000000084500000|  0%| F|  |TAMS 0x0000000084400000, 0x0000000084400000| Untracked 
|  69|0x0000000084500000, 0x0000000084500000, 0x0000000084600000|  0%| F|  |TAMS 0x0000000084500000, 0x0000000084500000| Untracked 
|  70|0x0000000084600000, 0x0000000084600000, 0x0000000084700000|  0%| F|  |TAMS 0x0000000084600000, 0x0000000084600000| Untracked 
|  71|0x0000000084700000, 0x0000000084700000, 0x0000000084800000|  0%| F|  |TAMS 0x0000000084700000, 0x0000000084700000| Untracked 
|  72|0x0000000084800000, 0x0000000084800000, 0x0000000084900000|  0%| F|  |TAMS 0x0000000084800000, 0x0000000084800000| Untracked 
|  73|0x0000000084900000, 0x0000000084900000, 0x0000000084a00000|  0%| F|  |TAMS 0x0000000084900000, 0x0000000084900000| Untracked 
|  74|0x0000000084a00000, 0x0000000084a00000, 0x0000000084b00000|  0%| F|  |TAMS 0x0000000084a00000, 0x0000000084a00000| Untracked 
|  75|0x0000000084b00000, 0x0000000084b00000, 0x0000000084c00000|  0%| F|  |TAMS 0x0000000084b00000, 0x0000000084b00000| Untracked 
|  76|0x0000000084c00000, 0x0000000084d00000, 0x0000000084d00000|100%| E|  |TAMS 0x0000000084c00000, 0x0000000084c00000| Complete 
|  77|0x0000000084d00000, 0x0000000084e00000, 0x0000000084e00000|100%| E|CS|TAMS 0x0000000084d00000, 0x0000000084d00000| Complete 
|  78|0x0000000084e00000, 0x0000000084f00000, 0x0000000084f00000|100%| E|CS|TAMS 0x0000000084e00000, 0x0000000084e00000| Complete 
|  79|0x0000000084f00000, 0x0000000085000000, 0x0000000085000000|100%| E|CS|TAMS 0x0000000084f00000, 0x0000000084f00000| Complete 
|  99|0x0000000086300000, 0x00000000863d3020, 0x0000000086400000| 82%| S|CS|TAMS 0x0000000086300000, 0x0000000086300000| Complete 
| 100|0x0000000086400000, 0x0000000086500000, 0x0000000086500000|100%| S|CS|TAMS 0x0000000086400000, 0x0000000086400000| Complete 
| 126|0x0000000087e00000, 0x0000000087f00000, 0x0000000087f00000|100%| E|CS|TAMS 0x0000000087e00000, 0x0000000087e00000| Complete 
| 127|0x0000000087f00000, 0x0000000088000000, 0x0000000088000000|100%| E|  |TAMS 0x0000000087f00000, 0x0000000087f00000| Complete 

Card table byte_map: [0x000002826d080000,0x000002826d480000] _byte_map_base: 0x000002826cc80000

Marking Bits (Prev, Next): (CMBitMap*) 0x00000282561f2840, (CMBitMap*) 0x00000282561f2800
 Prev Bits: [0x000002826f880000, 0x0000028271880000)
 Next Bits: [0x000002826d880000, 0x000002826f880000)

Polling page: 0x0000028254170000

Metaspace:

Usage:
  Non-class:     17.96 MB used.
      Class:      3.13 MB used.
       Both:     21.09 MB used.

Virtual space:
  Non-class space:       24.00 MB reserved,      18.12 MB ( 76%) committed,  3 nodes.
      Class space:      412.00 MB reserved,       3.31 MB ( <1%) committed,  1 nodes.
             Both:      436.00 MB reserved,      21.44 MB (  5%) committed. 

Chunk freelists:
   Non-Class:  1.44 MB
       Class:  736.00 KB
        Both:  2.16 MB

MaxMetaspaceSize: 512.00 MB
CompressedClassSpaceSize: 412.00 MB
Initial GC threshold: 21.00 MB
Current GC threshold: 35.12 MB
CDS: on
MetaspaceReclaimPolicy: balanced
 - commit_granule_bytes: 65536.
 - commit_granule_words: 8192.
 - virtual_space_node_default_size: 1048576.
 - enlarge_chunks_in_place: 1.
 - new_chunks_are_fully_committed: 0.
 - uncommit_free_chunks: 1.
 - use_allocation_guard: 0.
 - handle_deallocations: 1.


Internal statistics:

num_allocs_failed_limit: 3.
num_arena_births: 248.
num_arena_deaths: 0.
num_vsnodes_births: 4.
num_vsnodes_deaths: 0.
num_space_committed: 343.
num_space_uncommitted: 0.
num_chunks_returned_to_freelist: 3.
num_chunks_taken_from_freelist: 1016.
num_chunk_merges: 3.
num_chunk_splits: 683.
num_chunks_enlarged: 505.
num_purges: 0.
num_inconsistent_stats: 0.

CodeHeap 'non-profiled nmethods': size=120000Kb used=1498Kb max_used=1498Kb free=118501Kb
 bounds [0x0000028265750000, 0x00000282659c0000, 0x000002826cc80000]
CodeHeap 'profiled nmethods': size=120000Kb used=5893Kb max_used=5893Kb free=114106Kb
 bounds [0x000002825dc80000, 0x000002825e250000, 0x00000282651b0000]
CodeHeap 'non-nmethods': size=5760Kb used=1223Kb max_used=1299Kb free=4536Kb
 bounds [0x00000282651b0000, 0x0000028265420000, 0x0000028265750000]
 total_blobs=3332 nmethods=2797 adapters=447
 compilation: enabled
              stopped_count=0, restarted_count=0
 full_count=0

Compilation events (20 events):
Event: 10.817 Thread 0x0000028273da2c10 2793       3       org.gradle.model.internal.asm.MethodVisitorScope::_GETFIELD (11 bytes)
Event: 10.817 Thread 0x0000028273da2c10 nmethod 2793 0x000002825e23d010 code [0x000002825e23d1c0, 0x000002825e23d458]
Event: 10.817 Thread 0x0000028273da2c10 2794       3       org.objectweb.asm.MethodWriter::visitFieldInsn (258 bytes)
Event: 10.819 Thread 0x0000028273da2c10 nmethod 2794 0x000002825e23d590 code [0x000002825e23d7e0, 0x000002825e23e3c8]
Event: 10.819 Thread 0x0000028273da2c10 2795       3       org.objectweb.asm.SymbolTable::addConstantFieldref (10 bytes)
Event: 10.819 Thread 0x0000028273da2c10 nmethod 2795 0x000002825e23e790 code [0x000002825e23e920, 0x000002825e23ea68]
Event: 10.819 Thread 0x0000028273da2c10 2796       1       java.lang.reflect.Constructor::getSignature (5 bytes)
Event: 10.819 Thread 0x0000028273da2c10 nmethod 2796 0x00000282658c6790 code [0x00000282658c6920, 0x00000282658c69f8]
Event: 10.820 Thread 0x0000028273da2c10 2797       3       org.gradle.internal.instantiation.generator.AbstractClassGenerator$ClassMetadata::getProperty (14 bytes)
Event: 10.820 Thread 0x0000028273da2c10 nmethod 2797 0x000002825e23eb10 code [0x000002825e23ecc0, 0x000002825e23ef88]
Event: 10.820 Thread 0x0000028273da2c10 2798       3       java.util.regex.Pattern$LastNode::match (45 bytes)
Event: 10.820 Thread 0x0000028273da2c10 nmethod 2798 0x000002825e23f090 code [0x000002825e23f240, 0x000002825e23f458]
Event: 10.820 Thread 0x0000028273da2c10 2799       3       org.gradle.model.internal.asm.ClassVisitorScope::publicMethod (11 bytes)
Event: 10.821 Thread 0x0000028273da2c10 nmethod 2799 0x000002825e23f590 code [0x000002825e23f720, 0x000002825e23f888]
Event: 10.821 Thread 0x0000028273da2c10 2800       3       org.objectweb.asm.Frame::setInputFrameFromDescriptor (175 bytes)
Event: 10.822 Thread 0x0000028273da2c10 nmethod 2800 0x000002825e23f990 code [0x000002825e23fba0, 0x000002825e240398]
Event: 10.824 Thread 0x0000028273da2c10 2801       3       org.gradle.model.internal.asm.MethodVisitorScope::_IRETURN_OF (12 bytes)
Event: 10.824 Thread 0x0000028273da2c10 nmethod 2801 0x000002825e240790 code [0x000002825e240940, 0x000002825e240bf8]
Event: 10.824 Thread 0x0000028273da2c10 2802       3       org.objectweb.asm.SymbolTable$Entry::<init> (18 bytes)
Event: 10.824 Thread 0x0000028273da2c10 nmethod 2802 0x000002825e240d10 code [0x000002825e240ec0, 0x000002825e241048]

GC Heap History (10 events):
Event: 1.181 GC heap before
{Heap before GC invocations=0 (full 0):
 garbage-first heap   total 131072K, used 13312K [0x0000000080000000, 0x0000000100000000)
  region size 1024K, 13 young (13312K), 0 survivors (0K)
 Metaspace       used 964K, committed 1088K, reserved 430080K
  class space    used 74K, committed 128K, reserved 421888K
}
Event: 1.193 GC heap after
{Heap after GC invocations=1 (full 0):
 garbage-first heap   total 131072K, used 3811K [0x0000000080000000, 0x0000000100000000)
  region size 1024K, 2 young (2048K), 2 survivors (2048K)
 Metaspace       used 964K, committed 1088K, reserved 430080K
  class space    used 74K, committed 128K, reserved 421888K
}
Event: 2.477 GC heap before
{Heap before GC invocations=1 (full 0):
 garbage-first heap   total 131072K, used 22243K [0x0000000080000000, 0x0000000100000000)
  region size 1024K, 17 young (17408K), 2 survivors (2048K)
 Metaspace       used 3831K, committed 4032K, reserved 430080K
  class space    used 474K, committed 576K, reserved 421888K
}
Event: 2.481 GC heap after
{Heap after GC invocations=2 (full 0):
 garbage-first heap   total 131072K, used 10572K [0x0000000080000000, 0x0000000100000000)
  region size 1024K, 3 young (3072K), 3 survivors (3072K)
 Metaspace       used 3831K, committed 4032K, reserved 430080K
  class space    used 474K, committed 576K, reserved 421888K
}
Event: 3.460 GC heap before
{Heap before GC invocations=2 (full 0):
 garbage-first heap   total 131072K, used 32076K [0x0000000080000000, 0x0000000100000000)
  region size 1024K, 24 young (24576K), 3 survivors (3072K)
 Metaspace       used 3918K, committed 4096K, reserved 430080K
  class space    used 475K, committed 576K, reserved 421888K
}
Event: 3.464 GC heap after
{Heap after GC invocations=3 (full 0):
 garbage-first heap   total 131072K, used 12688K [0x0000000080000000, 0x0000000100000000)
  region size 1024K, 2 young (2048K), 2 survivors (2048K)
 Metaspace       used 3918K, committed 4096K, reserved 430080K
  class space    used 475K, committed 576K, reserved 421888K
}
Event: 8.981 GC heap before
{Heap before GC invocations=3 (full 0):
 garbage-first heap   total 131072K, used 88464K [0x0000000080000000, 0x0000000100000000)
  region size 1024K, 76 young (77824K), 2 survivors (2048K)
 Metaspace       used 17258K, committed 17536K, reserved 438272K
  class space    used 2511K, committed 2624K, reserved 421888K
}
Event: 8.992 GC heap after
{Heap after GC invocations=4 (full 0):
 garbage-first heap   total 131072K, used 20869K [0x0000000080000000, 0x0000000100000000)
  region size 1024K, 10 young (10240K), 10 survivors (10240K)
 Metaspace       used 17258K, committed 17536K, reserved 438272K
  class space    used 2511K, committed 2624K, reserved 421888K
}
Event: 10.589 GC heap before
{Heap before GC invocations=4 (full 0):
 garbage-first heap   total 131072K, used 47493K [0x0000000080000000, 0x0000000100000000)
  region size 1024K, 37 young (37888K), 10 survivors (10240K)
 Metaspace       used 21124K, committed 21504K, reserved 446464K
  class space    used 3118K, committed 3328K, reserved 421888K
}
Event: 10.599 GC heap after
{Heap after GC invocations=5 (full 0):
 garbage-first heap   total 131072K, used 22600K [0x0000000080000000, 0x0000000100000000)
  region size 1024K, 2 young (2048K), 2 survivors (2048K)
 Metaspace       used 21124K, committed 21504K, reserved 446464K
  class space    used 3118K, committed 3328K, reserved 421888K
}

Dll operation events (12 events):
Event: 0.025 Loaded shared library C:\Program Files\Eclipse Adoptium\jdk-17.0.6.10-hotspot\bin\java.dll
Event: 0.062 Loaded shared library C:\Program Files\Eclipse Adoptium\jdk-17.0.6.10-hotspot\bin\jsvml.dll
Event: 0.267 Loaded shared library C:\Program Files\Eclipse Adoptium\jdk-17.0.6.10-hotspot\bin\net.dll
Event: 0.270 Loaded shared library C:\Program Files\Eclipse Adoptium\jdk-17.0.6.10-hotspot\bin\nio.dll
Event: 0.276 Loaded shared library C:\Program Files\Eclipse Adoptium\jdk-17.0.6.10-hotspot\bin\zip.dll
Event: 0.674 Loaded shared library C:\Program Files\Eclipse Adoptium\jdk-17.0.6.10-hotspot\bin\jimage.dll
Event: 1.018 Loaded shared library C:\Program Files\Eclipse Adoptium\jdk-17.0.6.10-hotspot\bin\verify.dll
Event: 1.748 Loaded shared library C:\Users\songe\.gradle\native\68d5fa5c4cc2d200863cafc0d521ce42e7d3e7ee720ec0a83991735586a16f82\windows-amd64\native-platform.dll
Event: 1.760 Loaded shared library C:\Users\songe\.gradle\native\e376f236ea51e6404a007f0833ffe2c6e607c4080706a723a18a27aeea778392\windows-amd64\native-platform-file-events.dll
Event: 4.388 Loaded shared library C:\Program Files\Eclipse Adoptium\jdk-17.0.6.10-hotspot\bin\management.dll
Event: 4.390 Loaded shared library C:\Program Files\Eclipse Adoptium\jdk-17.0.6.10-hotspot\bin\management_ext.dll
Event: 6.134 Loaded shared library C:\Program Files\Eclipse Adoptium\jdk-17.0.6.10-hotspot\bin\sunmscapi.dll

Deoptimization events (20 events):
Event: 8.038 Thread 0x00000282767dd4a0 DEOPT PACKING pc=0x0000028265835cf4 sp=0x000000d1516fa5d0
Event: 8.038 Thread 0x00000282767dd4a0 DEOPT UNPACKING pc=0x00000282652069a3 sp=0x000000d1516fa4d8 mode 2
Event: 8.880 Thread 0x00000282767dd4a0 Uncommon trap: trap_request=0xffffff45 fr.pc=0x0000028265780e04 relative=0x00000000000000e4
Event: 8.880 Thread 0x00000282767dd4a0 Uncommon trap: reason=unstable_if action=reinterpret pc=0x0000028265780e04 method=java.util.HashMap.hash(Ljava/lang/Object;)I @ 1 c2
Event: 8.880 Thread 0x00000282767dd4a0 DEOPT PACKING pc=0x0000028265780e04 sp=0x000000d1516f9970
Event: 8.880 Thread 0x00000282767dd4a0 DEOPT UNPACKING pc=0x00000282652069a3 sp=0x000000d1516f98b0 mode 2
Event: 8.993 Thread 0x00000282767dd4a0 DEOPT PACKING pc=0x000002825e16af4b sp=0x000000d1516f8660
Event: 8.993 Thread 0x00000282767dd4a0 DEOPT UNPACKING pc=0x0000028265207143 sp=0x000000d1516f7b10 mode 0
Event: 9.260 Thread 0x00000282767dd4a0 Uncommon trap: trap_request=0xffffff76 fr.pc=0x00000282658a3a24 relative=0x0000000000000184
Event: 9.260 Thread 0x00000282767dd4a0 Uncommon trap: reason=predicate action=maybe_recompile pc=0x00000282658a3a24 method=com.google.common.base.CharMatcher.indexIn(Ljava/lang/CharSequence;I)I @ 19 c2
Event: 9.260 Thread 0x00000282767dd4a0 DEOPT PACKING pc=0x00000282658a3a24 sp=0x000000d1516fb2d0
Event: 9.260 Thread 0x00000282767dd4a0 DEOPT UNPACKING pc=0x00000282652069a3 sp=0x000000d1516fb260 mode 2
Event: 9.451 Thread 0x00000282767dd4a0 Uncommon trap: trap_request=0xffffffc6 fr.pc=0x0000028265838ce8 relative=0x0000000000000dc8
Event: 9.451 Thread 0x00000282767dd4a0 Uncommon trap: reason=bimorphic_or_optimized_type_check action=maybe_recompile pc=0x0000028265838ce8 method=java.util.Properties$LineReader.readLine()I @ 479 c2
Event: 9.451 Thread 0x00000282767dd4a0 DEOPT PACKING pc=0x0000028265838ce8 sp=0x000000d1516fb030
Event: 9.451 Thread 0x00000282767dd4a0 DEOPT UNPACKING pc=0x00000282652069a3 sp=0x000000d1516fafd0 mode 2
Event: 10.218 Thread 0x00000282767dd4a0 Uncommon trap: trap_request=0xffffff45 fr.pc=0x00000282657aca1c relative=0x00000000000005dc
Event: 10.218 Thread 0x00000282767dd4a0 Uncommon trap: reason=unstable_if action=reinterpret pc=0x00000282657aca1c method=java.util.HashMap.hash(Ljava/lang/Object;)I @ 1 c2
Event: 10.218 Thread 0x00000282767dd4a0 DEOPT PACKING pc=0x00000282657aca1c sp=0x000000d1516f7330
Event: 10.218 Thread 0x00000282767dd4a0 DEOPT UNPACKING pc=0x00000282652069a3 sp=0x000000d1516f71d8 mode 2

Classes unloaded (0 events):
No events

Classes redefined (0 events):
No events

Internal exceptions (20 events):
Event: 8.559 Thread 0x00000282767dd4a0 Exception <a 'java/lang/NoSuchMethodError'{0x0000000083d1e078}: 'java.lang.Object java.lang.invoke.DirectMethodHandle$Holder.invokeVirtual(java.lang.Object, java.lang.Object, java.lang.Object, java.lang.Object)'> (0x0000000083d1e078) 
thrown [s\src\hotspot\share\interpreter\linkResolver.cpp, line 759]
Event: 8.688 Thread 0x00000282767dd4a0 Exception <a 'java/lang/NoSuchMethodError'{0x0000000083cc89a8}: 'java.lang.Object java.lang.invoke.DirectMethodHandle$Holder.newInvokeSpecial(java.lang.Object, java.lang.Object, java.lang.Object, java.lang.Object, java.lang.Object, java.lang.Object, java.lang.Object)'> (0x0000000083cc89a8) 
thrown [s\src\hotspot\share\interpreter\linkResolver.cpp, line 759]
Event: 8.688 Thread 0x00000282767dd4a0 Exception <a 'java/lang/NoSuchMethodError'{0x0000000083ccd678}: 'java.lang.Object java.lang.invoke.Invokers$Holder.linkToTargetMethod(java.lang.Object, java.lang.Object, java.lang.Object, java.lang.Object, java.lang.Object, java.lang.Object, java.lang.Object)'> (0x0000000083ccd678) 
thrown [s\src\hotspot\share\interpreter\linkResolver.cpp, line 759]
Event: 8.749 Thread 0x00000282767dd4a0 Exception <a 'java/lang/NoSuchMethodError'{0x0000000083a2bd10}: 'java.lang.Object java.lang.invoke.DirectMethodHandle$Holder.invokeVirtual(java.lang.Object, java.lang.Object, java.lang.Object, java.lang.Object, java.lang.Object, java.lang.Object, java.lang.Object, java.lang.Object, java.lang.Object, java.lang.Object, java.lang.Object, java.lang.Object, java.lang.Object, java.lang.Object, java.lang.Object, java.lang.Object, java.lang.Object, java.lang.Object, java.lang.Object, java.lang.Object, java.lang.Ob
Event: 8.880 Thread 0x00000282767dd4a0 Implicit null exception at 0x0000028265780d60 to 0x0000028265780dfa
Event: 9.037 Thread 0x00000282767dd4a0 Exception <a 'java/lang/NoSuchMethodError'{0x0000000087ed0980}: 'void java.lang.invoke.DirectMethodHandle$Holder.invokeStaticInit(java.lang.Object, java.lang.Object)'> (0x0000000087ed0980) 
thrown [s\src\hotspot\share\interpreter\linkResolver.cpp, line 759]
Event: 9.093 Thread 0x00000282767dd4a0 Exception <a 'java/lang/NoSuchMethodError'{0x0000000087df23c8}: 'java.lang.Object java.lang.invoke.DirectMethodHandle$Holder.invokeStaticInit(java.lang.Object, java.lang.Object, java.lang.Object)'> (0x0000000087df23c8) 
thrown [s\src\hotspot\share\interpreter\linkResolver.cpp, line 759]
Event: 9.095 Thread 0x00000282767dd4a0 Exception <a 'java/lang/NoSuchMethodError'{0x0000000087dfc4b8}: 'void java.lang.invoke.DirectMethodHandle$Holder.invokeStatic(java.lang.Object, java.lang.Object, java.lang.Object, java.lang.Object, java.lang.Object, java.lang.Object)'> (0x0000000087dfc4b8) 
thrown [s\src\hotspot\share\interpreter\linkResolver.cpp, line 759]
Event: 9.330 Thread 0x00000282767dd4a0 Exception <a 'java/lang/NoSuchMethodError'{0x00000000879bb6d8}: 'void java.lang.invoke.DirectMethodHandle$Holder.invokeStatic(java.lang.Object, java.lang.Object, java.lang.Object, java.lang.Object)'> (0x00000000879bb6d8) 
thrown [s\src\hotspot\share\interpreter\linkResolver.cpp, line 759]
Event: 9.333 Thread 0x00000282767dd4a0 Exception <a 'java/lang/NoSuchMethodError'{0x00000000879ceb68}: 'int java.lang.invoke.DirectMethodHandle$Holder.invokeVirtual(java.lang.Object, java.lang.Object)'> (0x00000000879ceb68) 
thrown [s\src\hotspot\share\interpreter\linkResolver.cpp, line 759]
Event: 9.346 Thread 0x00000282767dd4a0 Exception <a 'java/lang/NoSuchMethodError'{0x0000000087803eb0}: 'int java.lang.invoke.DirectMethodHandle$Holder.invokeVirtual(java.lang.Object, java.lang.Object, java.lang.Object)'> (0x0000000087803eb0) 
thrown [s\src\hotspot\share\interpreter\linkResolver.cpp, line 759]
Event: 9.942 Thread 0x00000282767dd4a0 Exception <a 'java/lang/NoSuchMethodError'{0x0000000086e1dd70}: 'java.lang.Object java.lang.invoke.DirectMethodHandle$Holder.invokeSpecialIFC(java.lang.Object, java.lang.Object, java.lang.Object, java.lang.Object)'> (0x0000000086e1dd70) 
thrown [s\src\hotspot\share\interpreter\linkResolver.cpp, line 759]
Event: 10.218 Thread 0x00000282767dd4a0 Implicit null exception at 0x00000282657ac48f to 0x00000282657ac9fc
Event: 10.399 Thread 0x00000282767dd4a0 Exception <a 'java/lang/NoSuchMethodError'{0x0000000086783738}: 'java.lang.Object java.lang.invoke.DirectMethodHandle$Holder.invokeSpecial(java.lang.Object, java.lang.Object, java.lang.Object, java.lang.Object, java.lang.Object, java.lang.Object, java.lang.Object, java.lang.Object, java.lang.Object, java.lang.Object, java.lang.Object, java.lang.Object, java.lang.Object)'> (0x0000000086783738) 
thrown [s\src\hotspot\share\interpreter\linkResolver.cpp, line 759]
Event: 10.400 Thread 0x00000282767dd4a0 Exception <a 'java/lang/NoSuchMethodError'{0x0000000086794d60}: 'java.lang.Object java.lang.invoke.DirectMethodHandle$Holder.newInvokeSpecial(java.lang.Object, java.lang.Object, java.lang.Object, java.lang.Object, java.lang.Object, java.lang.Object, java.lang.Object, java.lang.Object, java.lang.Object, java.lang.Object, java.lang.Object)'> (0x0000000086794d60) 
thrown [s\src\hotspot\share\interpreter\linkResolver.cpp, line 759]
Event: 10.401 Thread 0x00000282767dd4a0 Exception <a 'java/lang/NoSuchMethodError'{0x0000000086799df8}: 'java.lang.Object java.lang.invoke.Invokers$Holder.linkToTargetMethod(java.lang.Object, java.lang.Object, java.lang.Object, java.lang.Object, java.lang.Object, java.lang.Object, java.lang.Object, java.lang.Object, java.lang.Object, java.lang.Object, java.lang.Object)'> (0x0000000086799df8) 
thrown [s\src\hotspot\share\interpreter\linkResolver.cpp, line 759]
Event: 10.407 Thread 0x00000282767dd4a0 Exception <a 'java/lang/NoSuchMethodError'{0x00000000867dfb40}: 'java.lang.Object java.lang.invoke.DirectMethodHandle$Holder.invokeSpecial(java.lang.Object, java.lang.Object, java.lang.Object, java.lang.Object, java.lang.Object, java.lang.Object, java.lang.Object, java.lang.Object, java.lang.Object, java.lang.Object, java.lang.Object, java.lang.Object, java.lang.Object, java.lang.Object)'> (0x00000000867dfb40) 
thrown [s\src\hotspot\share\interpreter\linkResolver.cpp, line 759]
Event: 10.519 Thread 0x00000282767dd4a0 Exception <a 'java/lang/NoSuchMethodError'{0x00000000867f2168}: 'java.lang.Object java.lang.invoke.DirectMethodHandle$Holder.newInvokeSpecial(java.lang.Object, java.lang.Object, java.lang.Object, java.lang.Object, java.lang.Object, java.lang.Object, java.lang.Object, java.lang.Object, java.lang.Object, java.lang.Object, java.lang.Object, java.lang.Object)'> (0x00000000867f2168) 
thrown [s\src\hotspot\share\interpreter\linkResolver.cpp, line 759]
Event: 10.519 Thread 0x00000282767dd4a0 Exception <a 'java/lang/NoSuchMethodError'{0x00000000867f7b00}: 'java.lang.Object java.lang.invoke.Invokers$Holder.linkToTargetMethod(java.lang.Object, java.lang.Object, java.lang.Object, java.lang.Object, java.lang.Object, java.lang.Object, java.lang.Object, java.lang.Object, java.lang.Object, java.lang.Object, java.lang.Object, java.lang.Object)'> (0x00000000867f7b00) 
thrown [s\src\hotspot\share\interpreter\linkResolver.cpp, line 759]
Event: 10.543 Thread 0x00000282767dd4a0 Exception <a 'java/lang/NoSuchMethodError'{0x0000000086692c60}: 'java.lang.Object java.lang.invoke.DirectMethodHandle$Holder.invokeStaticInit(java.lang.Object, java.lang.Object, java.lang.Object, java.lang.Object)'> (0x0000000086692c60) 
thrown [s\src\hotspot\share\interpreter\linkResolver.cpp, line 759]

VM Operations (20 events):
Event: 7.841 Executing VM operation: HandshakeAllThreads
Event: 7.841 Executing VM operation: HandshakeAllThreads done
Event: 7.892 Executing VM operation: HandshakeAllThreads
Event: 7.892 Executing VM operation: HandshakeAllThreads done
Event: 7.892 Executing VM operation: HandshakeAllThreads
Event: 7.892 Executing VM operation: HandshakeAllThreads done
Event: 8.904 Executing VM operation: Cleanup
Event: 8.904 Executing VM operation: Cleanup done
Event: 8.981 Executing VM operation: G1CollectForAllocation
Event: 8.992 Executing VM operation: G1CollectForAllocation done
Event: 10.005 Executing VM operation: Cleanup
Event: 10.020 Executing VM operation: Cleanup done
Event: 10.251 Executing VM operation: HandshakeAllThreads
Event: 10.251 Executing VM operation: HandshakeAllThreads done
Event: 10.557 Executing VM operation: CollectForMetadataAllocation
Event: 10.600 Executing VM operation: CollectForMetadataAllocation done
Event: 10.616 Executing VM operation: G1Concurrent
Event: 10.638 Executing VM operation: G1Concurrent done
Event: 10.651 Executing VM operation: G1Concurrent
Event: 10.666 Executing VM operation: G1Concurrent done

Events (20 events):
Event: 9.326 loading class java/io/InterruptedIOException done
Event: 9.331 Thread 0x00000282767c4d80 Thread added: 0x00000282767c4d80
Event: 9.344 loading class java/util/ArrayDeque$DeqSpliterator
Event: 9.344 loading class java/util/ArrayDeque$DeqSpliterator done
Event: 9.863 Thread 0x00000282767c60c0 Thread added: 0x00000282767c60c0
Event: 10.021 Thread 0x00000282767c43e0 Thread added: 0x00000282767c43e0
Event: 10.050 Thread 0x00000282767c3570 Thread added: 0x00000282767c3570
Event: 10.217 loading class sun/reflect/misc/ReflectUtil
Event: 10.218 loading class sun/reflect/misc/ReflectUtil done
Event: 10.256 loading class java/lang/Class$EnclosingMethodInfo
Event: 10.256 loading class java/lang/Class$EnclosingMethodInfo done
Event: 10.288 loading class sun/reflect/generics/tree/IntSignature
Event: 10.288 loading class sun/reflect/generics/tree/IntSignature done
Event: 10.288 loading class sun/reflect/generics/tree/ArrayTypeSignature
Event: 10.289 loading class sun/reflect/generics/tree/ArrayTypeSignature done
Event: 10.302 loading class java/lang/SafeVarargs
Event: 10.302 loading class java/lang/SafeVarargs done
Event: 10.530 Thread 0x00000282767c6a60 Thread added: 0x00000282767c6a60
Event: 10.605 Thread 0x00000282767c30a0 Thread added: 0x00000282767c30a0
Event: 10.608 Thread 0x0000028275162c70 Thread added: 0x0000028275162c70


Dynamic libraries:
0x00007ff645cc0000 - 0x00007ff645cce000 	C:\Program Files\Eclipse Adoptium\jdk-17.0.6.10-hotspot\bin\java.exe
0x00007ffb40750000 - 0x00007ffb40948000 	C:\WINDOWS\SYSTEM32\ntdll.dll
0x00007ffb3eca0000 - 0x00007ffb3ed5f000 	C:\WINDOWS\System32\KERNEL32.DLL
0x00007ffb3e070000 - 0x00007ffb3e366000 	C:\WINDOWS\System32\KERNELBASE.dll
0x00007ffb3e630000 - 0x00007ffb3e730000 	C:\WINDOWS\System32\ucrtbase.dll
0x00007ffb37100000 - 0x00007ffb37117000 	C:\Program Files\Eclipse Adoptium\jdk-17.0.6.10-hotspot\bin\jli.dll
0x00007ffb3f730000 - 0x00007ffb3f8cd000 	C:\WINDOWS\System32\USER32.dll
0x00007ffb3e400000 - 0x00007ffb3e422000 	C:\WINDOWS\System32\win32u.dll
0x00007ffb3f350000 - 0x00007ffb3f37c000 	C:\WINDOWS\System32\GDI32.dll
0x00007ffb3dea0000 - 0x00007ffb3dfb5000 	C:\WINDOWS\System32\gdi32full.dll
0x00007ffb3e430000 - 0x00007ffb3e4cd000 	C:\WINDOWS\System32\msvcp_win.dll
0x00007ffb37120000 - 0x00007ffb37139000 	C:\Program Files\Eclipse Adoptium\jdk-17.0.6.10-hotspot\bin\VCRUNTIME140.dll
0x00007ffb2a340000 - 0x00007ffb2a5da000 	C:\WINDOWS\WinSxS\amd64_microsoft.windows.common-controls_6595b64144ccf1df_6.0.19041.1110_none_60b5254171f9507e\COMCTL32.dll
0x00007ffb3edc0000 - 0x00007ffb3ee5e000 	C:\WINDOWS\System32\msvcrt.dll
0x00007ffb3f700000 - 0x00007ffb3f730000 	C:\WINDOWS\System32\IMM32.DLL
0x00007ffb370f0000 - 0x00007ffb370fc000 	C:\Program Files\Eclipse Adoptium\jdk-17.0.6.10-hotspot\bin\vcruntime140_1.dll
0x00007ffb36eb0000 - 0x00007ffb36f41000 	C:\Program Files\Eclipse Adoptium\jdk-17.0.6.10-hotspot\bin\msvcp140.dll
0x00007ffaf2440000 - 0x00007ffaf3087000 	C:\Program Files\Eclipse Adoptium\jdk-17.0.6.10-hotspot\bin\server\jvm.dll
0x00007ffb40660000 - 0x00007ffb4070f000 	C:\WINDOWS\System32\ADVAPI32.dll
0x00007ffb3fe70000 - 0x00007ffb3ff0c000 	C:\WINDOWS\System32\sechost.dll
0x00007ffb3f380000 - 0x00007ffb3f4a6000 	C:\WINDOWS\System32\RPCRT4.dll
0x00007ffb26230000 - 0x00007ffb26239000 	C:\WINDOWS\SYSTEM32\WSOCK32.dll
0x00007ffb3fb60000 - 0x00007ffb3fbcb000 	C:\WINDOWS\System32\WS2_32.dll
0x00007ffb2b640000 - 0x00007ffb2b667000 	C:\WINDOWS\SYSTEM32\WINMM.dll
0x00007ffb332d0000 - 0x00007ffb332da000 	C:\WINDOWS\SYSTEM32\VERSION.dll
0x00007ffb3c640000 - 0x00007ffb3c652000 	C:\WINDOWS\SYSTEM32\kernel.appcore.dll
0x00007ffb370e0000 - 0x00007ffb370ea000 	C:\Program Files\Eclipse Adoptium\jdk-17.0.6.10-hotspot\bin\jimage.dll
0x00007ffb3c350000 - 0x00007ffb3c534000 	C:\WINDOWS\SYSTEM32\DBGHELP.DLL
0x00007ffb21070000 - 0x00007ffb210a4000 	C:\WINDOWS\SYSTEM32\dbgcore.DLL
0x00007ffb3e370000 - 0x00007ffb3e3f2000 	C:\WINDOWS\System32\bcryptPrimitives.dll
0x00007ffb37050000 - 0x00007ffb37075000 	C:\Program Files\Eclipse Adoptium\jdk-17.0.6.10-hotspot\bin\java.dll
0x00007ffb35af0000 - 0x00007ffb35bc6000 	C:\Program Files\Eclipse Adoptium\jdk-17.0.6.10-hotspot\bin\jsvml.dll
0x00007ffb3ff10000 - 0x00007ffb40654000 	C:\WINDOWS\System32\SHELL32.dll
0x00007ffb3bba0000 - 0x00007ffb3c334000 	C:\WINDOWS\SYSTEM32\windows.storage.dll
0x00007ffb3e7b0000 - 0x00007ffb3eb04000 	C:\WINDOWS\System32\combase.dll
0x00007ffb3d860000 - 0x00007ffb3d88e000 	C:\WINDOWS\SYSTEM32\Wldp.dll
0x00007ffb3f4b0000 - 0x00007ffb3f55d000 	C:\WINDOWS\System32\SHCORE.dll
0x00007ffb3eb10000 - 0x00007ffb3eb65000 	C:\WINDOWS\System32\shlwapi.dll
0x00007ffb3dd60000 - 0x00007ffb3dd85000 	C:\WINDOWS\SYSTEM32\profapi.dll
0x00007ffb36e90000 - 0x00007ffb36ea9000 	C:\Program Files\Eclipse Adoptium\jdk-17.0.6.10-hotspot\bin\net.dll
0x00007ffb32d40000 - 0x00007ffb32e4a000 	C:\WINDOWS\SYSTEM32\WINHTTP.dll
0x00007ffb3d5c0000 - 0x00007ffb3d62a000 	C:\WINDOWS\system32\mswsock.dll
0x00007ffb36e70000 - 0x00007ffb36e85000 	C:\Program Files\Eclipse Adoptium\jdk-17.0.6.10-hotspot\bin\nio.dll
0x00007ffb36e50000 - 0x00007ffb36e68000 	C:\Program Files\Eclipse Adoptium\jdk-17.0.6.10-hotspot\bin\zip.dll
0x00007ffb37040000 - 0x00007ffb37050000 	C:\Program Files\Eclipse Adoptium\jdk-17.0.6.10-hotspot\bin\verify.dll
0x00007ffb35ac0000 - 0x00007ffb35ae7000 	C:\Users\songe\.gradle\native\68d5fa5c4cc2d200863cafc0d521ce42e7d3e7ee720ec0a83991735586a16f82\windows-amd64\native-platform.dll
0x00007ffb16240000 - 0x00007ffb16384000 	C:\Users\songe\.gradle\native\e376f236ea51e6404a007f0833ffe2c6e607c4080706a723a18a27aeea778392\windows-amd64\native-platform-file-events.dll
0x00007ffb36e40000 - 0x00007ffb36e49000 	C:\Program Files\Eclipse Adoptium\jdk-17.0.6.10-hotspot\bin\management.dll
0x00007ffb36ce0000 - 0x00007ffb36ceb000 	C:\Program Files\Eclipse Adoptium\jdk-17.0.6.10-hotspot\bin\management_ext.dll
0x00007ffb3fe60000 - 0x00007ffb3fe68000 	C:\WINDOWS\System32\PSAPI.DLL
0x00007ffb3d7b0000 - 0x00007ffb3d7c8000 	C:\WINDOWS\SYSTEM32\CRYPTSP.dll
0x00007ffb3ce70000 - 0x00007ffb3cea4000 	C:\WINDOWS\system32\rsaenh.dll
0x00007ffb3e780000 - 0x00007ffb3e7a7000 	C:\WINDOWS\System32\bcrypt.dll
0x00007ffb3dd20000 - 0x00007ffb3dd4e000 	C:\WINDOWS\SYSTEM32\USERENV.dll
0x00007ffb3d7d0000 - 0x00007ffb3d7dc000 	C:\WINDOWS\SYSTEM32\CRYPTBASE.dll
0x00007ffb3d260000 - 0x00007ffb3d29c000 	C:\WINDOWS\SYSTEM32\IPHLPAPI.DLL
0x00007ffb3f340000 - 0x00007ffb3f348000 	C:\WINDOWS\System32\NSI.dll
0x00007ffb31e80000 - 0x00007ffb31e97000 	C:\WINDOWS\SYSTEM32\dhcpcsvc6.DLL
0x00007ffb33390000 - 0x00007ffb333ad000 	C:\WINDOWS\SYSTEM32\dhcpcsvc.DLL
0x00007ffb3d2b0000 - 0x00007ffb3d37a000 	C:\WINDOWS\SYSTEM32\DNSAPI.dll
0x00007ffb35ab0000 - 0x00007ffb35abe000 	C:\Program Files\Eclipse Adoptium\jdk-17.0.6.10-hotspot\bin\sunmscapi.dll
0x00007ffb3e4d0000 - 0x00007ffb3e62e000 	C:\WINDOWS\System32\CRYPT32.dll
0x00007ffb3d8d0000 - 0x00007ffb3d8f8000 	C:\WINDOWS\SYSTEM32\ncrypt.dll
0x00007ffb3d890000 - 0x00007ffb3d8cb000 	C:\WINDOWS\SYSTEM32\NTASN1.dll
0x00007ffb37140000 - 0x00007ffb37147000 	C:\WINDOWS\system32\wshunix.dll

dbghelp: loaded successfully - version: 4.0.5 - missing functions: none
symbol engine: initialized successfully - sym options: 0x614 - pdb path: .;C:\Program Files\Eclipse Adoptium\jdk-17.0.6.10-hotspot\bin;C:\WINDOWS\SYSTEM32;C:\WINDOWS\WinSxS\amd64_microsoft.windows.common-controls_6595b64144ccf1df_6.0.19041.1110_none_60b5254171f9507e;C:\Program Files\Eclipse Adoptium\jdk-17.0.6.10-hotspot\bin\server;C:\Users\songe\.gradle\native\68d5fa5c4cc2d200863cafc0d521ce42e7d3e7ee720ec0a83991735586a16f82\windows-amd64;C:\Users\songe\.gradle\native\e376f236ea51e6404a007f0833ffe2c6e607c4080706a723a18a27aeea778392\windows-amd64

VM Arguments:
jvm_args: -XX:MaxMetaspaceSize=512m --add-opens=java.base/java.util=ALL-UNNAMED --add-opens=java.base/java.lang=ALL-UNNAMED --add-opens=java.base/java.lang.invoke=ALL-UNNAMED --add-opens=java.prefs/java.util.prefs=ALL-UNNAMED --add-opens=java.base/java.nio.charset=ALL-UNNAMED --add-opens=java.base/java.net=ALL-UNNAMED --add-opens=java.base/java.util.concurrent.atomic=ALL-UNNAMED -Xmx2048m -Dfile.encoding=windows-1252 -Duser.country=ZA -Duser.language=en -Duser.variant 
java_command: org.gradle.launcher.daemon.bootstrap.GradleDaemon 8.0.1
java_class_path (initial): C:\Users\songe\.gradle\wrapper\dists\gradle-8.0.1-all\aro4hu1c3oeioove7l0i4i14o\gradle-8.0.1\lib\gradle-launcher-8.0.1.jar
Launcher Type: SUN_STANDARD

[Global flags]
     intx CICompilerCount                          = 3                                         {product} {ergonomic}
   size_t CompressedClassSpaceSize                 = 432013312                                 {product} {ergonomic}
     uint ConcGCThreads                            = 1                                         {product} {ergonomic}
     uint G1ConcRefinementThreads                  = 4                                         {product} {ergonomic}
   size_t G1HeapRegionSize                         = 1048576                                   {product} {ergonomic}
    uintx GCDrainStackTargetSize                   = 64                                        {product} {ergonomic}
   size_t InitialHeapSize                          = 134217728                                 {product} {ergonomic}
   size_t MarkStackSize                            = 4194304                                   {product} {ergonomic}
   size_t MaxHeapSize                              = 2147483648                                {product} {command line}
   size_t MaxMetaspaceSize                         = 536870912                                 {product} {command line}
   size_t MaxNewSize                               = 1287651328                                {product} {ergonomic}
   size_t MinHeapDeltaBytes                        = 1048576                                   {product} {ergonomic}
   size_t MinHeapSize                              = 8388608                                   {product} {ergonomic}
    uintx NonNMethodCodeHeapSize                   = 5832780                                {pd product} {ergonomic}
    uintx NonProfiledCodeHeapSize                  = 122912730                              {pd product} {ergonomic}
    uintx ProfiledCodeHeapSize                     = 122912730                              {pd product} {ergonomic}
    uintx ReservedCodeCacheSize                    = 251658240                              {pd product} {ergonomic}
     bool SegmentedCodeCache                       = true                                      {product} {ergonomic}
   size_t SoftMaxHeapSize                          = 2147483648                             {manageable} {ergonomic}
     bool UseCompressedClassPointers               = true                           {product lp64_product} {ergonomic}
     bool UseCompressedOops                        = true                           {product lp64_product} {ergonomic}
     bool UseG1GC                                  = true                                      {product} {ergonomic}
     bool UseLargePagesIndividualAllocation        = false                                  {pd product} {ergonomic}

Logging:
Log output configuration:
 #0: stdout all=warning uptime,level,tags
 #1: stderr all=off uptime,level,tags

Environment Variables:
JAVA_HOME=C:\Program Files\Eclipse Adoptium\jdk-17.0.6.10-hotspot
CLASSPATH=C:\Users\songe\Development\react-native\proficient\android\\gradle\wrapper\gradle-wrapper.jar
PATH=C:\Users\songe\Development\react-native\proficient\node_modules\.bin;C:\Users\songe\Development\react-native\proficient\node_modules\.bin;C:\Users\songe\Development\react-native\node_modules\.bin;C:\Users\songe\Development\node_modules\.bin;C:\Users\songe\node_modules\.bin;C:\Users\node_modules\.bin;C:\node_modules\.bin;C:\Program Files\nodejs\node_modules\npm\node_modules\@npmcli\run-script\lib\node-gyp-bin;C:\Users\songe\Development\react-native\proficient\node_modules\.bin;C:\Users\songe\Development\react-native\node_modules\.bin;C:\Users\songe\Development\node_modules\.bin;C:\Users\songe\node_modules\.bin;C:\Users\node_modules\.bin;C:\node_modules\.bin;C:\Program Files\nodejs\node_modules\npm\node_modules\@npmcli\run-script\lib\node-gyp-bin;C:\Users\songe\Development\react-native\proficient\node_modules\.bin;C:\Users\songe\Development\react-native\node_modules\.bin;C:\Users\songe\Development\node_modules\.bin;C:\Users\songe\node_modules\.bin;C:\Users\node_modules\.bin;C:\node_modules\.bin;C:\Program Files\nodejs\node_modules\npm\node_modules\@npmcli\run-script\lib\node-gyp-bin;C:\Users\songe\bin;C:\Program Files\Git\mingw64\bin;C:\Program Files\Git\usr\local\bin;C:\Program Files\Git\usr\bin;C:\Program Files\Git\usr\bin;C:\Program Files\Git\mingw64\bin;C:\Program Files\Git\usr\bin;C:\Users\songe\bin;C:\Program Files\Eclipse Adoptium\jdk-17.0.6.10-hotspot\bin;C:\Program Files (x86)\Intel\Intel(R) Management Engine Components\iCLS;C:\Program Files\Intel\Intel(R) Management Engine Components\iCLS;C:\Windows\system32;C:\Windows;C:\Windows\System32\Wbem;C:\Windows\System32\WindowsPowerShell\v1.0;C:\Program Files (x86)\NVIDIA Corporation\PhysX\Common;C:\Program Files (x86)\Intel\Intel(R) Management Engine Components\DAL;C:\Program Files\Intel\Intel(R) Management Engine Components\DAL;C:\Program Files (x86)\Intel\Intel(R) Management Engine Components\IPT;C:\Program Files\Intel\Intel(R) Management Engine Components\IPT;C:\Program Files\Intel\WiFi\bin;C:\Program Files\C
USERNAME=songe
SHELL=C:\Program Files\Git\usr\bin\bash.exe
DISPLAY=needs-to-be-defined
LANG=en_US.UTF-8
TERM=xterm-256color
TMPDIR=C:\Users\songe\AppData\Local\Temp
OS=Windows_NT
PROCESSOR_IDENTIFIER=Intel64 Family 6 Model 142 Stepping 9, GenuineIntel
TMP=C:\Users\songe\AppData\Local\Temp
TEMP=C:\Users\songe\AppData\Local\Temp



---------------  S Y S T E M  ---------------

OS:
 Windows 10 , 64 bit Build 19041 (10.0.19041.3155)
OS uptime: 0 days 0:18 hours

CPU: total 4 (initial active 4) (2 cores per cpu, 2 threads per core) family 6 model 142 stepping 9 microcode 0xf0, cx8, cmov, fxsr, ht, mmx, 3dnowpref, sse, sse2, sse3, ssse3, sse4.1, sse4.2, popcnt, lzcnt, tsc, tscinvbit, avx, avx2, aes, erms, clmul, bmi1, bmi2, adx, fma, vzeroupper, clflush, clflushopt

Memory: 4k page, system-wide physical 8089M (468M free)
TotalPageFile size 11089M (AvailPageFile size 5M)
current process WorkingSet (physical memory assigned to process): 163M, peak: 202M
current process commit charge ("private bytes"): 225M, peak: 276M

vm_info: OpenJDK 64-Bit Server VM (17.0.6+10) for windows-amd64 JRE (17.0.6+10), built on Jan 18 2023 10:08:59 by "temurin" with MS VC++ 16.7 (VS2019)

END.
