#
# There is insufficient memory for the Java Runtime Environment to continue.
# Native memory allocation (mmap) failed to map 134217728 bytes for G1 virtual space
# Possible reasons:
#   The system is out of physical RAM or swap space
#   The process is running with CompressedOops enabled, and the Java Heap may be blocking the growth of the native heap
# Possible solutions:
#   Reduce memory load on the system
#   Increase physical memory or swap space
#   Check if swap backing store is full
#   Decrease Java heap size (-Xmx/-Xms)
#   Decrease number of Java threads
#   Decrease Java thread stack sizes (-Xss)
#   Set larger code cache with -XX:ReservedCodeCacheSize=
#   JVM is running with Unscaled Compressed Oops mode in which the Java heap is
#     placed in the first 4GB address space. The Java Heap base address is the
#     maximum limit for the native heap growth. Please use -XX:HeapBaseMinAddress
#     to set the Java Heap base and to place the Java Heap above 4GB virtual address.
# This output file may be truncated or incomplete.
#
#  Out of Memory Error (os_windows.cpp:3557), pid=14572, tid=5852
#
# JRE version:  (17.0.6+10) (build )
# Java VM: OpenJDK 64-Bit Server VM (17.0.6+10, mixed mode, sharing, tiered, compressed oops, compressed class ptrs, g1 gc, windows-amd64)
# No core dump will be written. Minidumps are not enabled by default on client versions of Windows
#

---------------  S U M M A R Y ------------

Command Line: org.jetbrains.kotlin.cli.jvm.K2JVMCompiler @C:\Users\songe\Development\react-native\proficient\node_modules\react-native-pager-view\android\build\20230707_11047788333849715715.compiler.options

Host: Intel(R) Core(TM) i7-7500U CPU @ 2.70GHz, 4 cores, 7G,  Windows 10 , 64 bit Build 19041 (10.0.19041.3155)
Time: Fri Jul  7 21:09:26 2023 South Africa Standard Time elapsed time: 0.014401 seconds (0d 0h 0m 0s)

---------------  T H R E A D  ---------------

Current thread (0x0000021ccf2c6de0):  JavaThread "Unknown thread" [_thread_in_vm, id=5852, stack(0x000000f82b100000,0x000000f82b200000)]

Stack: [0x000000f82b100000,0x000000f82b200000]
Native frames: (J=compiled Java code, j=interpreted, Vv=VM code, C=native code)
V  [jvm.dll+0x67741a]
V  [jvm.dll+0x834434]
V  [jvm.dll+0x835bde]
V  [jvm.dll+0x836243]
V  [jvm.dll+0x2457b5]
V  [jvm.dll+0x674329]
V  [jvm.dll+0x6689da]
V  [jvm.dll+0x30489b]
V  [jvm.dll+0x30bd96]
V  [jvm.dll+0x35b57e]
V  [jvm.dll+0x35b7af]
V  [jvm.dll+0x2db778]
V  [jvm.dll+0x2dc6e4]
V  [jvm.dll+0x806131]
V  [jvm.dll+0x369331]
V  [jvm.dll+0x7e56ac]
V  [jvm.dll+0x3eb35f]
V  [jvm.dll+0x3ecea1]
C  [jli.dll+0x5267]
C  [ucrtbase.dll+0x21bb2]
C  [KERNEL32.DLL+0x17614]
C  [ntdll.dll+0x526b1]


---------------  P R O C E S S  ---------------

Threads class SMR info:
_java_thread_list=0x00007ffb781f5fd8, length=0, elements={
}

Java Threads: ( => current thread )

Other Threads:
  0x0000021ccf3224e0 GCTaskThread "GC Thread#0" [stack: 0x000000f82b200000,0x000000f82b300000] [id=8416]
  0x0000021ccf333120 ConcurrentGCThread "G1 Main Marker" [stack: 0x000000f82b300000,0x000000f82b400000] [id=15556]
  0x0000021ccf333b30 ConcurrentGCThread "G1 Conc#0" [stack: 0x000000f82b400000,0x000000f82b500000] [id=14028]

[error occurred during error reporting (printing all threads), id 0xc0000005, EXCEPTION_ACCESS_VIOLATION (0xc0000005) at pc=0x00007ffb779cc1e7]

VM state: not at safepoint (not fully initialized)

VM Mutex/Monitor currently owned by a thread:  ([mutex/lock_event])
[0x0000021ccf2c2640] Heap_lock - owner thread: 0x0000021ccf2c6de0

Heap address: 0x0000000081800000, size: 2024 MB, Compressed Oops mode: 32-bit

CDS archive(s) mapped at: [0x0000000000000000-0x0000000000000000-0x0000000000000000), size 0, SharedBaseAddress: 0x0000000800000000, ArchiveRelocationMode: 0.
Narrow klass base: 0x0000000000000000, Narrow klass shift: 0, Narrow klass range: 0x0

GC Precious Log:
<Empty>

Heap:
 garbage-first heap   total 0K, used 0K [0x0000000081800000, 0x0000000100000000)
  region size 1024K, 0 young (0K), 0 survivors (0K)

[error occurred during error reporting (printing heap information), id 0xc0000005, EXCEPTION_ACCESS_VIOLATION (0xc0000005) at pc=0x00007ffb77db06f9]

GC Heap History (0 events):
No events

Dll operation events (1 events):
Event: 0.009 Loaded shared library C:\Program Files\Eclipse Adoptium\jdk-17.0.6.10-hotspot\bin\java.dll

Deoptimization events (0 events):
No events

Classes unloaded (0 events):
No events

Classes redefined (0 events):
No events

Internal exceptions (0 events):
No events

VM Operations (0 events):
No events

Events (0 events):
No events


Dynamic libraries:
0x00007ff673990000 - 0x00007ff67399e000 	C:\Program Files\Eclipse Adoptium\jdk-17.0.6.10-hotspot\bin\java.exe
0x00007ffc021f0000 - 0x00007ffc023e8000 	C:\WINDOWS\SYSTEM32\ntdll.dll
0x00007ffc01b20000 - 0x00007ffc01bdf000 	C:\WINDOWS\System32\KERNEL32.DLL
0x00007ffbff970000 - 0x00007ffbffc66000 	C:\WINDOWS\System32\KERNELBASE.dll
0x00007ffbffc70000 - 0x00007ffbffd70000 	C:\WINDOWS\System32\ucrtbase.dll
0x00007ffbf9350000 - 0x00007ffbf9367000 	C:\Program Files\Eclipse Adoptium\jdk-17.0.6.10-hotspot\bin\jli.dll
0x00007ffc00540000 - 0x00007ffc006dd000 	C:\WINDOWS\System32\USER32.dll
0x00007ffbfffe0000 - 0x00007ffc00002000 	C:\WINDOWS\System32\win32u.dll
0x00007ffc004b0000 - 0x00007ffc004dc000 	C:\WINDOWS\System32\GDI32.dll
0x00007ffc00130000 - 0x00007ffc00245000 	C:\WINDOWS\System32\gdi32full.dll
0x00007ffbff8d0000 - 0x00007ffbff96d000 	C:\WINDOWS\System32\msvcp_win.dll
0x00007ffbeefe0000 - 0x00007ffbeeff9000 	C:\Program Files\Eclipse Adoptium\jdk-17.0.6.10-hotspot\bin\VCRUNTIME140.dll
0x00007ffbec3b0000 - 0x00007ffbec64a000 	C:\WINDOWS\WinSxS\amd64_microsoft.windows.common-controls_6595b64144ccf1df_6.0.19041.1110_none_60b5254171f9507e\COMCTL32.dll
0x00007ffc019c0000 - 0x00007ffc01a5e000 	C:\WINDOWS\System32\msvcrt.dll
0x00007ffc006e0000 - 0x00007ffc00710000 	C:\WINDOWS\System32\IMM32.DLL
0x00007ffbf9340000 - 0x00007ffbf934c000 	C:\Program Files\Eclipse Adoptium\jdk-17.0.6.10-hotspot\bin\vcruntime140_1.dll
0x00007ffbc79b0000 - 0x00007ffbc7a41000 	C:\Program Files\Eclipse Adoptium\jdk-17.0.6.10-hotspot\bin\msvcp140.dll
0x00007ffb776e0000 - 0x00007ffb78327000 	C:\Program Files\Eclipse Adoptium\jdk-17.0.6.10-hotspot\bin\server\jvm.dll
0x00007ffc007c0000 - 0x00007ffc0086f000 	C:\WINDOWS\System32\ADVAPI32.dll
0x00007ffc01be0000 - 0x00007ffc01c7c000 	C:\WINDOWS\System32\sechost.dll
0x00007ffc02080000 - 0x00007ffc021a6000 	C:\WINDOWS\System32\RPCRT4.dll
0x00007ffbe8480000 - 0x00007ffbe8489000 	C:\WINDOWS\SYSTEM32\WSOCK32.dll
0x00007ffc00950000 - 0x00007ffc009bb000 	C:\WINDOWS\System32\WS2_32.dll
0x00007ffbed810000 - 0x00007ffbed837000 	C:\WINDOWS\SYSTEM32\WINMM.dll
0x00007ffbf8a60000 - 0x00007ffbf8a6a000 	C:\WINDOWS\SYSTEM32\VERSION.dll
0x00007ffbfe130000 - 0x00007ffbfe142000 	C:\WINDOWS\SYSTEM32\kernel.appcore.dll
0x00007ffbf7fd0000 - 0x00007ffbf7fda000 	C:\Program Files\Eclipse Adoptium\jdk-17.0.6.10-hotspot\bin\jimage.dll
0x00007ffbfd640000 - 0x00007ffbfd824000 	C:\WINDOWS\SYSTEM32\DBGHELP.DLL
0x00007ffbe8490000 - 0x00007ffbe84c4000 	C:\WINDOWS\SYSTEM32\dbgcore.DLL
0x00007ffbffd70000 - 0x00007ffbffdf2000 	C:\WINDOWS\System32\bcryptPrimitives.dll
0x00007ffbe0260000 - 0x00007ffbe0285000 	C:\Program Files\Eclipse Adoptium\jdk-17.0.6.10-hotspot\bin\java.dll

dbghelp: loaded successfully - version: 4.0.5 - missing functions: none
symbol engine: initialized successfully - sym options: 0x614 - pdb path: .;C:\Program Files\Eclipse Adoptium\jdk-17.0.6.10-hotspot\bin;C:\WINDOWS\SYSTEM32;C:\WINDOWS\WinSxS\amd64_microsoft.windows.common-controls_6595b64144ccf1df_6.0.19041.1110_none_60b5254171f9507e;C:\Program Files\Eclipse Adoptium\jdk-17.0.6.10-hotspot\bin\server

VM Arguments:
java_command: org.jetbrains.kotlin.cli.jvm.K2JVMCompiler @C:\Users\songe\Development\react-native\proficient\node_modules\react-native-pager-view\android\build\20230707_11047788333849715715.compiler.options
java_class_path (initial): C:\Users\songe\.gradle\caches\modules-2\files-2.1\org.jetbrains.kotlin\kotlin-compiler-embeddable\1.7.0\4d09852239f61842072b40b524882fa3caaed371\kotlin-compiler-embeddable-1.7.0.jar;C:\Users\songe\.gradle\caches\modules-2\files-2.1\org.jetbrains.kotlin\kotlin-reflect\1.7.0\e660b0079fdaf744dc9cc7f6f3aa3c761ec839b0\kotlin-reflect-1.7.0.jar;C:\Users\songe\.gradle\caches\modules-2\files-2.1\org.jetbrains.kotlin\kotlin-stdlib\1.7.0\a5f42c684ad9003160ef0d0f693ecf0ba7b13549\kotlin-stdlib-1.7.0.jar;C:\Users\songe\.gradle\caches\modules-2\files-2.1\org.jetbrains.kotlin\kotlin-script-runtime\1.7.0\3acea1d447587e61bc3e1b3ed6227d9e9ed4ddf1\kotlin-script-runtime-1.7.0.jar;C:\Users\songe\.gradle\caches\modules-2\files-2.1\org.jetbrains.kotlin\kotlin-daemon-embeddable\1.7.0\fd56798de80825c673ac93808284c5198ffa2b50\kotlin-daemon-embeddable-1.7.0.jar;C:\Users\songe\.gradle\caches\modules-2\files-2.1\org.jetbrains.intellij.deps\trove4j\1.0.20200330\3afb14d5f9ceb459d724e907a21145e8ff394f02\trove4j-1.0.20200330.jar;C:\Users\songe\.gradle\caches\modules-2\files-2.1\net.java.dev.jna\jna\5.6.0\330f2244e9030119ab3030fc3fededc86713d9cc\jna-5.6.0.jar;C:\Users\songe\.gradle\caches\modules-2\files-2.1\org.jetbrains.kotlin\kotlin-stdlib-common\1.7.0\51736992f422993a1e741051bdf3c12801bc1ca1\kotlin-stdlib-common-1.7.0.jar;C:\Users\songe\.gradle\caches\modules-2\files-2.1\org.jetbrains\annotations\13.0\919f0dfe192fb4e063e7dacadee7f8bb9a2672a9\annotations-13.0.jar
Launcher Type: SUN_STANDARD

[Global flags]
     intx CICompilerCount                          = 3                                         {product} {ergonomic}
     uint ConcGCThreads                            = 1                                         {product} {ergonomic}
     uint G1ConcRefinementThreads                  = 4                                         {product} {ergonomic}
   size_t G1HeapRegionSize                         = 1048576                                   {product} {ergonomic}
    uintx GCDrainStackTargetSize                   = 64                                        {product} {ergonomic}
   size_t InitialHeapSize                          = 134217728                                 {product} {ergonomic}
   size_t MarkStackSize                            = 4194304                                   {product} {ergonomic}
   size_t MaxHeapSize                              = 2122317824                                {product} {ergonomic}
   size_t MinHeapDeltaBytes                        = 1048576                                   {product} {ergonomic}
   size_t MinHeapSize                              = 8388608                                   {product} {ergonomic}
    uintx NonNMethodCodeHeapSize                   = 5832780                                {pd product} {ergonomic}
    uintx NonProfiledCodeHeapSize                  = 122912730                              {pd product} {ergonomic}
    uintx ProfiledCodeHeapSize                     = 122912730                              {pd product} {ergonomic}
    uintx ReservedCodeCacheSize                    = 251658240                              {pd product} {ergonomic}
     bool SegmentedCodeCache                       = true                                      {product} {ergonomic}
   size_t SoftMaxHeapSize                          = 2122317824                             {manageable} {ergonomic}
     bool UseCompressedClassPointers               = true                           {product lp64_product} {ergonomic}
     bool UseCompressedOops                        = true                           {product lp64_product} {ergonomic}
     bool UseG1GC                                  = true                                      {product} {ergonomic}
     bool UseLargePagesIndividualAllocation        = false                                  {pd product} {ergonomic}

Logging:
Log output configuration:
 #0: stdout all=warning uptime,level,tags
 #1: stderr all=off uptime,level,tags

Environment Variables:
JAVA_HOME=C:\Program Files\Eclipse Adoptium\jdk-17.0.6.10-hotspot
CLASSPATH=C:\Users\songe\Development\react-native\proficient\android\\gradle\wrapper\gradle-wrapper.jar
PATH=C:\Users\songe\Development\react-native\proficient\node_modules\.bin;C:\Users\songe\Development\react-native\proficient\node_modules\.bin;C:\Users\songe\Development\react-native\node_modules\.bin;C:\Users\songe\Development\node_modules\.bin;C:\Users\songe\node_modules\.bin;C:\Users\node_modules\.bin;C:\node_modules\.bin;C:\Program Files\nodejs\node_modules\npm\node_modules\@npmcli\run-script\lib\node-gyp-bin;C:\Users\songe\Development\react-native\proficient\node_modules\.bin;C:\Users\songe\Development\react-native\node_modules\.bin;C:\Users\songe\Development\node_modules\.bin;C:\Users\songe\node_modules\.bin;C:\Users\node_modules\.bin;C:\node_modules\.bin;C:\Program Files\nodejs\node_modules\npm\node_modules\@npmcli\run-script\lib\node-gyp-bin;C:\Users\songe\Development\react-native\proficient\node_modules\.bin;C:\Users\songe\Development\react-native\node_modules\.bin;C:\Users\songe\Development\node_modules\.bin;C:\Users\songe\node_modules\.bin;C:\Users\node_modules\.bin;C:\node_modules\.bin;C:\Program Files\nodejs\node_modules\npm\node_modules\@npmcli\run-script\lib\node-gyp-bin;C:\Users\songe\bin;C:\Program Files\Git\mingw64\bin;C:\Program Files\Git\usr\local\bin;C:\Program Files\Git\usr\bin;C:\Program Files\Git\usr\bin;C:\Program Files\Git\mingw64\bin;C:\Program Files\Git\usr\bin;C:\Users\songe\bin;C:\Program Files\Eclipse Adoptium\jdk-17.0.6.10-hotspot\bin;C:\Program Files (x86)\Intel\Intel(R) Management Engine Components\iCLS;C:\Program Files\Intel\Intel(R) Management Engine Components\iCLS;C:\Windows\system32;C:\Windows;C:\Windows\System32\Wbem;C:\Windows\System32\WindowsPowerShell\v1.0;C:\Program Files (x86)\NVIDIA Corporation\PhysX\Common;C:\Program Files (x86)\Intel\Intel(R) Management Engine Components\DAL;C:\Program Files\Intel\Intel(R) Management Engine Components\DAL;C:\Program Files (x86)\Intel\Intel(R) Management Engine Components\IPT;C:\Program Files\Intel\Intel(R) Management Engine Components\IPT;C:\Program Files\Intel\WiFi\bin;C:\Program Files\C
USERNAME=songe
SHELL=C:\Program Files\Git\usr\bin\bash.exe
DISPLAY=needs-to-be-defined
LANG=en_US.UTF-8
TERM=xterm-256color
TMPDIR=C:\Users\songe\AppData\Local\Temp
OS=Windows_NT
PROCESSOR_IDENTIFIER=Intel64 Family 6 Model 142 Stepping 9, GenuineIntel
TMP=C:\Users\songe\AppData\Local\Temp
TEMP=C:\Users\songe\AppData\Local\Temp



---------------  S Y S T E M  ---------------

OS:
 Windows 10 , 64 bit Build 19041 (10.0.19041.3155)
OS uptime: 0 days 2:57 hours

CPU: total 4 (initial active 4) (2 cores per cpu, 2 threads per core) family 6 model 142 stepping 9 microcode 0xf0, cx8, cmov, fxsr, ht, mmx, 3dnowpref, sse, sse2, sse3, ssse3, sse4.1, sse4.2, popcnt, lzcnt, tsc, tscinvbit, avx, avx2, aes, erms, clmul, bmi1, bmi2, adx, fma, vzeroupper, clflush, clflushopt

Memory: 4k page, system-wide physical 8089M (1002M free)
TotalPageFile size 11089M (AvailPageFile size 470M)
current process WorkingSet (physical memory assigned to process): 10M, peak: 10M
current process commit charge ("private bytes"): 51M, peak: 179M

vm_info: OpenJDK 64-Bit Server VM (17.0.6+10) for windows-amd64 JRE (17.0.6+10), built on Jan 18 2023 10:08:59 by "temurin" with MS VC++ 16.7 (VS2019)

END.
