#
# There is insufficient memory for the Java Runtime Environment to continue.
# Native memory allocation (mmap) failed to map 67108864 bytes for G1 virtual space
# Possible reasons:
#   The system is out of physical RAM or swap space
#   The process is running with CompressedOops enabled, and the Java Heap may be blocking the growth of the native heap
# Possible solutions:
#   Reduce memory load on the system
#   Increase physical memory or swap space
#   Check if swap backing store is full
#   Decrease Java heap size (-Xmx/-Xms)
#   Decrease number of Java threads
#   Decrease Java thread stack sizes (-Xss)
#   Set larger code cache with -XX:ReservedCodeCacheSize=
#   JVM is running with Unscaled Compressed Oops mode in which the Java heap is
#     placed in the first 4GB address space. The Java Heap base address is the
#     maximum limit for the native heap growth. Please use -XX:HeapBaseMinAddress
#     to set the Java Heap base and to place the Java Heap above 4GB virtual address.
# This output file may be truncated or incomplete.
#
#  Out of Memory Error (os_windows.cpp:3557), pid=18568, tid=10172
#
# JRE version:  (17.0.6+10) (build )
# Java VM: OpenJDK 64-Bit Server VM (17.0.6+10, mixed mode, sharing, tiered, compressed oops, compressed class ptrs, g1 gc, windows-amd64)
# No core dump will be written. Minidumps are not enabled by default on client versions of Windows
#

---------------  S U M M A R Y ------------

Command Line: -Xmx64m -Xms64m -Dorg.gradle.appname=gradlew org.gradle.wrapper.GradleWrapperMain tasks

Host: Intel(R) Core(TM) i7-7500U CPU @ 2.70GHz, 4 cores, 7G,  Windows 10 , 64 bit Build 19041 (10.0.19041.3155)
Time: Wed Jul 19 14:46:59 2023 South Africa Standard Time elapsed time: 0.020623 seconds (0d 0h 0m 0s)

---------------  T H R E A D  ---------------

Current thread (0x000001e724ec6c80):  JavaThread "Unknown thread" [_thread_in_vm, id=10172, stack(0x000000835b400000,0x000000835b500000)]

Stack: [0x000000835b400000,0x000000835b500000]
Native frames: (J=compiled Java code, j=interpreted, Vv=VM code, C=native code)
V  [jvm.dll+0x67741a]
V  [jvm.dll+0x834434]
V  [jvm.dll+0x835bde]
V  [jvm.dll+0x836243]
V  [jvm.dll+0x2457b5]
V  [jvm.dll+0x674329]
V  [jvm.dll+0x6689da]
V  [jvm.dll+0x30489b]
V  [jvm.dll+0x30bd96]
V  [jvm.dll+0x35b57e]
V  [jvm.dll+0x35b7af]
V  [jvm.dll+0x2db778]
V  [jvm.dll+0x2dc6e4]
V  [jvm.dll+0x806131]
V  [jvm.dll+0x369331]
V  [jvm.dll+0x7e56ac]
V  [jvm.dll+0x3eb35f]
V  [jvm.dll+0x3ecea1]
C  [jli.dll+0x5267]
C  [ucrtbase.dll+0x21bb2]
C  [KERNEL32.DLL+0x17614]
C  [ntdll.dll+0x526b1]


---------------  P R O C E S S  ---------------

Threads class SMR info:
_java_thread_list=0x00007ffcedf85fd8, length=0, elements={
}

Java Threads: ( => current thread )

Other Threads:
  0x000001e724ee6230 GCTaskThread "GC Thread#0" [stack: 0x000000835b500000,0x000000835b600000] [id=10460]
  0x000001e724ee7970 ConcurrentGCThread "G1 Main Marker" [stack: 0x000000835b600000,0x000000835b700000] [id=8608]
  0x000001e724ee8380 ConcurrentGCThread "G1 Conc#0" [stack: 0x000000835b700000,0x000000835b800000] [id=17032]

[error occurred during error reporting (printing all threads), id 0xc0000005, EXCEPTION_ACCESS_VIOLATION (0xc0000005) at pc=0x00007ffced75c1e7]

VM state: not at safepoint (not fully initialized)

VM Mutex/Monitor currently owned by a thread:  ([mutex/lock_event])
[0x000001e724ec3cd0] Heap_lock - owner thread: 0x000001e724ec6c80

Heap address: 0x00000000fc000000, size: 64 MB, Compressed Oops mode: 32-bit

CDS archive(s) mapped at: [0x0000000000000000-0x0000000000000000-0x0000000000000000), size 0, SharedBaseAddress: 0x0000000800000000, ArchiveRelocationMode: 0.
Narrow klass base: 0x0000000000000000, Narrow klass shift: 0, Narrow klass range: 0x0

GC Precious Log:
<Empty>

Heap:
 garbage-first heap   total 0K, used 0K [0x00000000fc000000, 0x0000000100000000)
  region size 1024K, 0 young (0K), 0 survivors (0K)

[error occurred during error reporting (printing heap information), id 0xc0000005, EXCEPTION_ACCESS_VIOLATION (0xc0000005) at pc=0x00007ffcedb406f9]

GC Heap History (0 events):
No events

Dll operation events (1 events):
Event: 0.013 Loaded shared library C:\Program Files\Eclipse Adoptium\jdk-17.0.6.10-hotspot\bin\java.dll

Deoptimization events (0 events):
No events

Classes unloaded (0 events):
No events

Classes redefined (0 events):
No events

Internal exceptions (0 events):
No events

VM Operations (0 events):
No events

Events (0 events):
No events


Dynamic libraries:
0x00007ff7911f0000 - 0x00007ff7911fe000 	C:\Program Files\Eclipse Adoptium\jdk-17.0.6.10-hotspot\bin\java.exe
0x00007ffd7e9f0000 - 0x00007ffd7ebe8000 	C:\WINDOWS\SYSTEM32\ntdll.dll
0x00007ffd7d240000 - 0x00007ffd7d2ff000 	C:\WINDOWS\System32\KERNEL32.DLL
0x00007ffd7c380000 - 0x00007ffd7c676000 	C:\WINDOWS\System32\KERNELBASE.dll
0x00007ffd7c840000 - 0x00007ffd7c940000 	C:\WINDOWS\System32\ucrtbase.dll
0x00007ffd4fc90000 - 0x00007ffd4fca7000 	C:\Program Files\Eclipse Adoptium\jdk-17.0.6.10-hotspot\bin\jli.dll
0x00007ffd7d9c0000 - 0x00007ffd7db5d000 	C:\WINDOWS\System32\USER32.dll
0x00007ffd7c940000 - 0x00007ffd7c962000 	C:\WINDOWS\System32\win32u.dll
0x00007ffd7db60000 - 0x00007ffd7db8c000 	C:\WINDOWS\System32\GDI32.dll
0x00007ffd7c720000 - 0x00007ffd7c835000 	C:\WINDOWS\System32\gdi32full.dll
0x00007ffd7c680000 - 0x00007ffd7c71d000 	C:\WINDOWS\System32\msvcp_win.dll
0x00007ffd4f630000 - 0x00007ffd4f649000 	C:\Program Files\Eclipse Adoptium\jdk-17.0.6.10-hotspot\bin\VCRUNTIME140.dll
0x00007ffd687c0000 - 0x00007ffd68a5a000 	C:\WINDOWS\WinSxS\amd64_microsoft.windows.common-controls_6595b64144ccf1df_6.0.19041.1110_none_60b5254171f9507e\COMCTL32.dll
0x00007ffd7cde0000 - 0x00007ffd7ce7e000 	C:\WINDOWS\System32\msvcrt.dll
0x00007ffd7cdb0000 - 0x00007ffd7cde0000 	C:\WINDOWS\System32\IMM32.DLL
0x00007ffd74390000 - 0x00007ffd7439c000 	C:\Program Files\Eclipse Adoptium\jdk-17.0.6.10-hotspot\bin\vcruntime140_1.dll
0x00007ffd3ad50000 - 0x00007ffd3ade1000 	C:\Program Files\Eclipse Adoptium\jdk-17.0.6.10-hotspot\bin\msvcp140.dll
0x00007ffced470000 - 0x00007ffcee0b7000 	C:\Program Files\Eclipse Adoptium\jdk-17.0.6.10-hotspot\bin\server\jvm.dll
0x00007ffd7dcc0000 - 0x00007ffd7dd6f000 	C:\WINDOWS\System32\ADVAPI32.dll
0x00007ffd7d7f0000 - 0x00007ffd7d88c000 	C:\WINDOWS\System32\sechost.dll
0x00007ffd7d890000 - 0x00007ffd7d9b6000 	C:\WINDOWS\System32\RPCRT4.dll
0x00007ffd641c0000 - 0x00007ffd641c9000 	C:\WINDOWS\SYSTEM32\WSOCK32.dll
0x00007ffd6a330000 - 0x00007ffd6a357000 	C:\WINDOWS\SYSTEM32\WINMM.dll
0x00007ffd7d0d0000 - 0x00007ffd7d13b000 	C:\WINDOWS\System32\WS2_32.dll
0x00007ffd73130000 - 0x00007ffd7313a000 	C:\WINDOWS\SYSTEM32\VERSION.dll
0x00007ffd7a940000 - 0x00007ffd7a952000 	C:\WINDOWS\SYSTEM32\kernel.appcore.dll
0x00007ffd741e0000 - 0x00007ffd741ea000 	C:\Program Files\Eclipse Adoptium\jdk-17.0.6.10-hotspot\bin\jimage.dll
0x00007ffd7a600000 - 0x00007ffd7a7e4000 	C:\WINDOWS\SYSTEM32\DBGHELP.DLL
0x00007ffd5d230000 - 0x00007ffd5d264000 	C:\WINDOWS\SYSTEM32\dbgcore.DLL
0x00007ffd7c970000 - 0x00007ffd7c9f2000 	C:\WINDOWS\System32\bcryptPrimitives.dll
0x00007ffd3d250000 - 0x00007ffd3d275000 	C:\Program Files\Eclipse Adoptium\jdk-17.0.6.10-hotspot\bin\java.dll

dbghelp: loaded successfully - version: 4.0.5 - missing functions: none
symbol engine: initialized successfully - sym options: 0x614 - pdb path: .;C:\Program Files\Eclipse Adoptium\jdk-17.0.6.10-hotspot\bin;C:\WINDOWS\SYSTEM32;C:\WINDOWS\WinSxS\amd64_microsoft.windows.common-controls_6595b64144ccf1df_6.0.19041.1110_none_60b5254171f9507e;C:\Program Files\Eclipse Adoptium\jdk-17.0.6.10-hotspot\bin\server

VM Arguments:
jvm_args: -Xmx64m -Xms64m -Dorg.gradle.appname=gradlew 
java_command: org.gradle.wrapper.GradleWrapperMain tasks
java_class_path (initial): C:\Users\songe\source\repos\proficient-master\proficient-master\android\\gradle\wrapper\gradle-wrapper.jar
Launcher Type: SUN_STANDARD

[Global flags]
     intx CICompilerCount                          = 3                                         {product} {ergonomic}
     uint ConcGCThreads                            = 1                                         {product} {ergonomic}
     uint G1ConcRefinementThreads                  = 4                                         {product} {ergonomic}
   size_t G1HeapRegionSize                         = 1048576                                   {product} {ergonomic}
    uintx GCDrainStackTargetSize                   = 64                                        {product} {ergonomic}
   size_t InitialHeapSize                          = 67108864                                  {product} {command line}
   size_t MarkStackSize                            = 4194304                                   {product} {ergonomic}
   size_t MaxHeapSize                              = 67108864                                  {product} {command line}
   size_t MinHeapDeltaBytes                        = 1048576                                   {product} {ergonomic}
   size_t MinHeapSize                              = 67108864                                  {product} {command line}
    uintx NonNMethodCodeHeapSize                   = 5832780                                {pd product} {ergonomic}
    uintx NonProfiledCodeHeapSize                  = 122912730                              {pd product} {ergonomic}
    uintx ProfiledCodeHeapSize                     = 122912730                              {pd product} {ergonomic}
    uintx ReservedCodeCacheSize                    = 251658240                              {pd product} {ergonomic}
     bool SegmentedCodeCache                       = true                                      {product} {ergonomic}
   size_t SoftMaxHeapSize                          = 67108864                               {manageable} {ergonomic}
     bool UseCompressedClassPointers               = true                           {product lp64_product} {ergonomic}
     bool UseCompressedOops                        = true                           {product lp64_product} {ergonomic}
     bool UseG1GC                                  = true                                      {product} {ergonomic}
     bool UseLargePagesIndividualAllocation        = false                                  {pd product} {ergonomic}

Logging:
Log output configuration:
 #0: stdout all=warning uptime,level,tags
 #1: stderr all=off uptime,level,tags

Environment Variables:
JAVA_HOME=C:\Program Files\Eclipse Adoptium\jdk-17.0.6.10-hotspot
CLASSPATH=C:\Users\songe\source\repos\proficient-master\proficient-master\android\\gradle\wrapper\gradle-wrapper.jar
PATH=C:\Users\songe\source\repos\proficient-master\proficient-master\node_modules\.bin;C:\Users\songe\source\repos\proficient-master\proficient-master\node_modules\.bin;C:\Users\songe\source\repos\proficient-master\node_modules\.bin;C:\Users\songe\source\repos\node_modules\.bin;C:\Users\songe\source\node_modules\.bin;C:\Users\songe\node_modules\.bin;C:\Users\node_modules\.bin;C:\node_modules\.bin;C:\Program Files\nodejs\node_modules\npm\node_modules\@npmcli\run-script\lib\node-gyp-bin;C:\Users\songe\source\repos\proficient-master\proficient-master\node_modules\.bin;C:\Users\songe\source\repos\proficient-master\node_modules\.bin;C:\Users\songe\source\repos\node_modules\.bin;C:\Users\songe\source\node_modules\.bin;C:\Users\songe\node_modules\.bin;C:\Users\node_modules\.bin;C:\node_modules\.bin;C:\Program Files\nodejs\node_modules\npm\node_modules\@npmcli\run-script\lib\node-gyp-bin;C:\Users\songe\source\repos\proficient-master\proficient-master\node_modules\.bin;C:\Users\songe\source\repos\proficient-master\node_modules\.bin;C:\Users\songe\source\repos\node_modules\.bin;C:\Users\songe\source\node_modules\.bin;C:\Users\songe\node_modules\.bin;C:\Users\node_modules\.bin;C:\node_modules\.bin;C:\Program Files\nodejs\node_modules\npm\node_modules\@npmcli\run-script\lib\node-gyp-bin;C:\Users\songe\bin;C:\Program Files\Git\mingw64\bin;C:\Program Files\Git\usr\local\bin;C:\Program Files\Git\usr\bin;C:\Program Files\Git\usr\bin;C:\Program Files\Git\mingw64\bin;C:\Program Files\Git\usr\bin;C:\Users\songe\bin;C:\Program Files\Eclipse Adoptium\jdk-17.0.6.10-hotspot\bin;C:\Program Files (x86)\Intel\Intel(R) Management Engine Components\iCLS;C:\Program Files\Intel\Intel(R) Management Engine Components\iCLS;C:\Windows\system32;C:\Windows;C:\Windows\System32\Wbem;C:\Windows\System32\WindowsPowerShell\v1.0;C:\Program Files (x86)\NVIDIA Corporation\PhysX\Common;C:\Program Files (x86)\Intel\Intel(R) Management Engine Components\DAL;C:\Program Files\Intel\Intel(R) Management Engine Componen
USERNAME=songe
SHELL=C:\Program Files\Git\usr\bin\bash.exe
DISPLAY=needs-to-be-defined
LANG=en_US.UTF-8
TERM=xterm-256color
TMPDIR=C:\Users\songe\AppData\Local\Temp
OS=Windows_NT
PROCESSOR_IDENTIFIER=Intel64 Family 6 Model 142 Stepping 9, GenuineIntel
TMP=C:\Users\songe\AppData\Local\Temp
TEMP=C:\Users\songe\AppData\Local\Temp



---------------  S Y S T E M  ---------------

OS:
 Windows 10 , 64 bit Build 19041 (10.0.19041.3155)
OS uptime: 0 days 12:18 hours

CPU: total 4 (initial active 4) (2 cores per cpu, 2 threads per core) family 6 model 142 stepping 9 microcode 0xf0, cx8, cmov, fxsr, ht, mmx, 3dnowpref, sse, sse2, sse3, ssse3, sse4.1, sse4.2, popcnt, lzcnt, tsc, tscinvbit, avx, avx2, aes, erms, clmul, bmi1, bmi2, adx, fma, vzeroupper, clflush, clflushopt

Memory: 4k page, system-wide physical 8089M (1386M free)
TotalPageFile size 11089M (AvailPageFile size 39M)
current process WorkingSet (physical memory assigned to process): 10M, peak: 10M
current process commit charge ("private bytes"): 51M, peak: 115M

vm_info: OpenJDK 64-Bit Server VM (17.0.6+10) for windows-amd64 JRE (17.0.6+10), built on Jan 18 2023 10:08:59 by "temurin" with MS VC++ 16.7 (VS2019)

END.
