#
# There is insufficient memory for the Java Runtime Environment to continue.
# Native memory allocation (malloc) failed to allocate 1698416 bytes for Chunk::new
# Possible reasons:
#   The system is out of physical RAM or swap space
#   The process is running with CompressedOops enabled, and the Java Heap may be blocking the growth of the native heap
# Possible solutions:
#   Reduce memory load on the system
#   Increase physical memory or swap space
#   Check if swap backing store is full
#   Decrease Java heap size (-Xmx/-Xms)
#   Decrease number of Java threads
#   Decrease Java thread stack sizes (-Xss)
#   Set larger code cache with -XX:ReservedCodeCacheSize=
#   JVM is running with Unscaled Compressed Oops mode in which the Java heap is
#     placed in the first 4GB address space. The Java Heap base address is the
#     maximum limit for the native heap growth. Please use -XX:HeapBaseMinAddress
#     to set the Java Heap base and to place the Java Heap above 4GB virtual address.
# This output file may be truncated or incomplete.
#
#  Out of Memory Error (arena.cpp:189), pid=368, tid=16064
#
# JRE version: OpenJDK Runtime Environment Temurin-17.0.6+10 (17.0.6+10) (build 17.0.6+10)
# Java VM: OpenJDK 64-Bit Server VM Temurin-17.0.6+10 (17.0.6+10, mixed mode, sharing, tiered, compressed oops, compressed class ptrs, g1 gc, windows-amd64)
# No core dump will be written. Minidumps are not enabled by default on client versions of Windows
#

---------------  S U M M A R Y ------------

Command Line: org.jetbrains.kotlin.cli.jvm.K2JVMCompiler @C:\Users\songe\source\repos\InventoTrack\node_modules\expo-device\android\build\20230903_3236321864325527448.compiler.options

Host: Intel(R) Core(TM) i7-7500U CPU @ 2.70GHz, 4 cores, 7G,  Windows 10 , 64 bit Build 19041 (10.0.19041.3155)
Time: Sun Sep  3 18:59:49 2023 South Africa Standard Time elapsed time: 4.619934 seconds (0d 0h 0m 4s)

---------------  T H R E A D  ---------------

Current thread (0x00000219747408b0):  JavaThread "C2 CompilerThread0" daemon [_thread_in_native, id=16064, stack(0x0000002b37f00000,0x0000002b38000000)]


Current CompileTask:
C2:   4620 2006   !   4       jdk.internal.loader.BuiltinClassLoader::loadClassOrNull (143 bytes)

Stack: [0x0000002b37f00000,0x0000002b38000000]
Native frames: (J=compiled Java code, j=interpreted, Vv=VM code, C=native code)
V  [jvm.dll+0x67741a]
V  [jvm.dll+0x834434]
V  [jvm.dll+0x835bde]
V  [jvm.dll+0x836243]
V  [jvm.dll+0x2457b5]
V  [jvm.dll+0xabafc]
V  [jvm.dll+0xac0cc]
V  [jvm.dll+0x363492]
V  [jvm.dll+0x32dda1]
V  [jvm.dll+0x32d24a]
V  [jvm.dll+0x2185f1]
V  [jvm.dll+0x217a11]
V  [jvm.dll+0x1a3d0d]
V  [jvm.dll+0x22742a]
V  [jvm.dll+0x225565]
V  [jvm.dll+0x7ea2cb]
V  [jvm.dll+0x7e483a]
V  [jvm.dll+0x6762c5]
C  [ucrtbase.dll+0x21bb2]
C  [KERNEL32.DLL+0x17614]
C  [ntdll.dll+0x526b1]


---------------  P R O C E S S  ---------------

Threads class SMR info:
_java_thread_list=0x00000219754cdad0, length=12, elements={
0x0000021956c66540, 0x0000021974723e90, 0x0000021974724d00, 0x000002197473bb00,
0x000002197473c6b0, 0x000002197473f170, 0x000002197473fb20, 0x00000219747408b0,
0x00000219747aeda0, 0x00000219747b2360, 0x00000219751b6250, 0x00000219751baf80
}

Java Threads: ( => current thread )
  0x0000021956c66540 JavaThread "main" [_thread_in_Java, id=16032, stack(0x0000002b37200000,0x0000002b37300000)]
  0x0000021974723e90 JavaThread "Reference Handler" daemon [_thread_blocked, id=5052, stack(0x0000002b37900000,0x0000002b37a00000)]
  0x0000021974724d00 JavaThread "Finalizer" daemon [_thread_blocked, id=3384, stack(0x0000002b37a00000,0x0000002b37b00000)]
  0x000002197473bb00 JavaThread "Signal Dispatcher" daemon [_thread_blocked, id=14812, stack(0x0000002b37b00000,0x0000002b37c00000)]
  0x000002197473c6b0 JavaThread "Attach Listener" daemon [_thread_blocked, id=17416, stack(0x0000002b37c00000,0x0000002b37d00000)]
  0x000002197473f170 JavaThread "Service Thread" daemon [_thread_blocked, id=14652, stack(0x0000002b37d00000,0x0000002b37e00000)]
  0x000002197473fb20 JavaThread "Monitor Deflation Thread" daemon [_thread_blocked, id=17840, stack(0x0000002b37e00000,0x0000002b37f00000)]
=>0x00000219747408b0 JavaThread "C2 CompilerThread0" daemon [_thread_in_native, id=16064, stack(0x0000002b37f00000,0x0000002b38000000)]
  0x00000219747aeda0 JavaThread "C1 CompilerThread0" daemon [_thread_in_native, id=15076, stack(0x0000002b38000000,0x0000002b38100000)]
  0x00000219747b2360 JavaThread "Sweeper thread" daemon [_thread_blocked, id=11116, stack(0x0000002b38100000,0x0000002b38200000)]
  0x00000219751b6250 JavaThread "Notification Thread" daemon [_thread_blocked, id=15412, stack(0x0000002b38200000,0x0000002b38300000)]
  0x00000219751baf80 JavaThread "Common-Cleaner" daemon [_thread_blocked, id=5456, stack(0x0000002b38400000,0x0000002b38500000)]

Other Threads:
  0x000002197471de30 VMThread "VM Thread" [stack: 0x0000002b37800000,0x0000002b37900000] [id=18348]
  0x00000219751b6b30 WatcherThread [stack: 0x0000002b38300000,0x0000002b38400000] [id=4916]
  0x0000021956cbdc70 GCTaskThread "GC Thread#0" [stack: 0x0000002b37300000,0x0000002b37400000] [id=17196]
  0x0000021975535870 GCTaskThread "GC Thread#1" [stack: 0x0000002b38500000,0x0000002b38600000] [id=11588]
  0x0000021975535b20 GCTaskThread "GC Thread#2" [stack: 0x0000002b38600000,0x0000002b38700000] [id=2852]
  0x000002197558c240 GCTaskThread "GC Thread#3" [stack: 0x0000002b38700000,0x0000002b38800000] [id=5380]
  0x0000021956cce8b0 ConcurrentGCThread "G1 Main Marker" [stack: 0x0000002b37400000,0x0000002b37500000] [id=4656]
  0x0000021956ccf2c0 ConcurrentGCThread "G1 Conc#0" [stack: 0x0000002b37500000,0x0000002b37600000] [id=3464]
  0x0000021956d25a50 ConcurrentGCThread "G1 Refine#0" [stack: 0x0000002b37600000,0x0000002b37700000] [id=16900]
  0x00000219745e05f0 ConcurrentGCThread "G1 Service" [stack: 0x0000002b37700000,0x0000002b37800000] [id=4356]

Threads with active compile tasks:
C2 CompilerThread0     4651 2006   !   4       jdk.internal.loader.BuiltinClassLoader::loadClassOrNull (143 bytes)
C1 CompilerThread0     4651 2015       3       java.lang.invoke.MethodHandles$Lookup::checkSecurityManager (97 bytes)

VM state: not at safepoint (normal execution)

VM Mutex/Monitor currently owned by a thread: None

Heap address: 0x0000000081800000, size: 2024 MB, Compressed Oops mode: 32-bit

CDS archive(s) mapped at: [0x0000000800000000-0x0000000800bc0000-0x0000000800bc0000), size 12320768, SharedBaseAddress: 0x0000000800000000, ArchiveRelocationMode: 0.
Compressed class space mapped at: 0x0000000800c00000-0x0000000840c00000, reserved size: 1073741824
Narrow klass base: 0x0000000800000000, Narrow klass shift: 0, Narrow klass range: 0x100000000

GC Precious Log:
 CPUs: 4 total, 4 available
 Memory: 8089M
 Large Page Support: Disabled
 NUMA Support: Disabled
 Compressed Oops: Enabled (32-bit)
 Heap Region Size: 1M
 Heap Min Capacity: 8M
 Heap Initial Capacity: 128M
 Heap Max Capacity: 2024M
 Pre-touch: Disabled
 Parallel Workers: 4
 Concurrent Workers: 1
 Concurrent Refinement Workers: 4
 Periodic GC: Disabled

Heap:
 garbage-first heap   total 131072K, used 56068K [0x0000000081800000, 0x0000000100000000)
  region size 1024K, 46 young (47104K), 2 survivors (2048K)
 Metaspace       used 18461K, committed 18752K, reserved 1073152K
  class space    used 2094K, committed 2240K, reserved 1048576K

Heap Regions: E=young(eden), S=young(survivor), O=old, HS=humongous(starts), HC=humongous(continues), CS=collection set, F=free, OA=open archive, CA=closed archive, TAMS=top-at-mark-start (previous, next)
|   0|0x0000000081800000, 0x0000000081900000, 0x0000000081900000|100%|HS|  |TAMS 0x0000000081800000, 0x0000000081800000| Complete 
|   1|0x0000000081900000, 0x0000000081a00000, 0x0000000081a00000|100%|HC|  |TAMS 0x0000000081900000, 0x0000000081900000| Complete 
|   2|0x0000000081a00000, 0x0000000081b00000, 0x0000000081b00000|100%|HC|  |TAMS 0x0000000081a00000, 0x0000000081a00000| Complete 
|   3|0x0000000081b00000, 0x0000000081c00000, 0x0000000081c00000|100%|HC|  |TAMS 0x0000000081b00000, 0x0000000081b00000| Complete 
|   4|0x0000000081c00000, 0x0000000081d00000, 0x0000000081d00000|100%| O|  |TAMS 0x0000000081c00000, 0x0000000081c00000| Untracked 
|   5|0x0000000081d00000, 0x0000000081e00000, 0x0000000081e00000|100%| O|  |TAMS 0x0000000081d00000, 0x0000000081d00000| Untracked 
|   6|0x0000000081e00000, 0x0000000081e2e600, 0x0000000081f00000| 18%| O|  |TAMS 0x0000000081e00000, 0x0000000081e00000| Untracked 
|   7|0x0000000081f00000, 0x0000000082000000, 0x0000000082000000|100%|HS|  |TAMS 0x0000000081f00000, 0x0000000081f00000| Complete 
|   8|0x0000000082000000, 0x0000000082100000, 0x0000000082100000|100%|HC|  |TAMS 0x0000000082000000, 0x0000000082000000| Complete 
|   9|0x0000000082100000, 0x0000000082200000, 0x0000000082200000|100%|HC|  |TAMS 0x0000000082100000, 0x0000000082100000| Complete 
|  10|0x0000000082200000, 0x0000000082300000, 0x0000000082300000|100%|HC|  |TAMS 0x0000000082200000, 0x0000000082200000| Complete 
|  11|0x0000000082300000, 0x0000000082300000, 0x0000000082400000|  0%| F|  |TAMS 0x0000000082300000, 0x0000000082300000| Untracked 
|  12|0x0000000082400000, 0x0000000082400000, 0x0000000082500000|  0%| F|  |TAMS 0x0000000082400000, 0x0000000082400000| Untracked 
|  13|0x0000000082500000, 0x0000000082500000, 0x0000000082600000|  0%| F|  |TAMS 0x0000000082500000, 0x0000000082500000| Untracked 
|  14|0x0000000082600000, 0x0000000082600000, 0x0000000082700000|  0%| F|  |TAMS 0x0000000082600000, 0x0000000082600000| Untracked 
|  15|0x0000000082700000, 0x0000000082700000, 0x0000000082800000|  0%| F|  |TAMS 0x0000000082700000, 0x0000000082700000| Untracked 
|  16|0x0000000082800000, 0x0000000082800000, 0x0000000082900000|  0%| F|  |TAMS 0x0000000082800000, 0x0000000082800000| Untracked 
|  17|0x0000000082900000, 0x0000000082900000, 0x0000000082a00000|  0%| F|  |TAMS 0x0000000082900000, 0x0000000082900000| Untracked 
|  18|0x0000000082a00000, 0x0000000082a00000, 0x0000000082b00000|  0%| F|  |TAMS 0x0000000082a00000, 0x0000000082a00000| Untracked 
|  19|0x0000000082b00000, 0x0000000082b00000, 0x0000000082c00000|  0%| F|  |TAMS 0x0000000082b00000, 0x0000000082b00000| Untracked 
|  20|0x0000000082c00000, 0x0000000082c00000, 0x0000000082d00000|  0%| F|  |TAMS 0x0000000082c00000, 0x0000000082c00000| Untracked 
|  21|0x0000000082d00000, 0x0000000082d00000, 0x0000000082e00000|  0%| F|  |TAMS 0x0000000082d00000, 0x0000000082d00000| Untracked 
|  22|0x0000000082e00000, 0x0000000082e00000, 0x0000000082f00000|  0%| F|  |TAMS 0x0000000082e00000, 0x0000000082e00000| Untracked 
|  23|0x0000000082f00000, 0x0000000082f00000, 0x0000000083000000|  0%| F|  |TAMS 0x0000000082f00000, 0x0000000082f00000| Untracked 
|  24|0x0000000083000000, 0x0000000083000000, 0x0000000083100000|  0%| F|  |TAMS 0x0000000083000000, 0x0000000083000000| Untracked 
|  25|0x0000000083100000, 0x0000000083100000, 0x0000000083200000|  0%| F|  |TAMS 0x0000000083100000, 0x0000000083100000| Untracked 
|  26|0x0000000083200000, 0x0000000083200000, 0x0000000083300000|  0%| F|  |TAMS 0x0000000083200000, 0x0000000083200000| Untracked 
|  27|0x0000000083300000, 0x0000000083300000, 0x0000000083400000|  0%| F|  |TAMS 0x0000000083300000, 0x0000000083300000| Untracked 
|  28|0x0000000083400000, 0x0000000083400000, 0x0000000083500000|  0%| F|  |TAMS 0x0000000083400000, 0x0000000083400000| Untracked 
|  29|0x0000000083500000, 0x0000000083500000, 0x0000000083600000|  0%| F|  |TAMS 0x0000000083500000, 0x0000000083500000| Untracked 
|  30|0x0000000083600000, 0x0000000083600000, 0x0000000083700000|  0%| F|  |TAMS 0x0000000083600000, 0x0000000083600000| Untracked 
|  31|0x0000000083700000, 0x0000000083700000, 0x0000000083800000|  0%| F|  |TAMS 0x0000000083700000, 0x0000000083700000| Untracked 
|  32|0x0000000083800000, 0x0000000083800000, 0x0000000083900000|  0%| F|  |TAMS 0x0000000083800000, 0x0000000083800000| Untracked 
|  33|0x0000000083900000, 0x0000000083900000, 0x0000000083a00000|  0%| F|  |TAMS 0x0000000083900000, 0x0000000083900000| Untracked 
|  34|0x0000000083a00000, 0x0000000083a00000, 0x0000000083b00000|  0%| F|  |TAMS 0x0000000083a00000, 0x0000000083a00000| Untracked 
|  35|0x0000000083b00000, 0x0000000083b00000, 0x0000000083c00000|  0%| F|  |TAMS 0x0000000083b00000, 0x0000000083b00000| Untracked 
|  36|0x0000000083c00000, 0x0000000083c00000, 0x0000000083d00000|  0%| F|  |TAMS 0x0000000083c00000, 0x0000000083c00000| Untracked 
|  37|0x0000000083d00000, 0x0000000083d00000, 0x0000000083e00000|  0%| F|  |TAMS 0x0000000083d00000, 0x0000000083d00000| Untracked 
|  38|0x0000000083e00000, 0x0000000083e00000, 0x0000000083f00000|  0%| F|  |TAMS 0x0000000083e00000, 0x0000000083e00000| Untracked 
|  39|0x0000000083f00000, 0x0000000083f00000, 0x0000000084000000|  0%| F|  |TAMS 0x0000000083f00000, 0x0000000083f00000| Untracked 
|  40|0x0000000084000000, 0x0000000084000000, 0x0000000084100000|  0%| F|  |TAMS 0x0000000084000000, 0x0000000084000000| Untracked 
|  41|0x0000000084100000, 0x0000000084100000, 0x0000000084200000|  0%| F|  |TAMS 0x0000000084100000, 0x0000000084100000| Untracked 
|  42|0x0000000084200000, 0x0000000084200000, 0x0000000084300000|  0%| F|  |TAMS 0x0000000084200000, 0x0000000084200000| Untracked 
|  43|0x0000000084300000, 0x0000000084300000, 0x0000000084400000|  0%| F|  |TAMS 0x0000000084300000, 0x0000000084300000| Untracked 
|  44|0x0000000084400000, 0x0000000084400000, 0x0000000084500000|  0%| F|  |TAMS 0x0000000084400000, 0x0000000084400000| Untracked 
|  45|0x0000000084500000, 0x0000000084500000, 0x0000000084600000|  0%| F|  |TAMS 0x0000000084500000, 0x0000000084500000| Untracked 
|  46|0x0000000084600000, 0x0000000084600000, 0x0000000084700000|  0%| F|  |TAMS 0x0000000084600000, 0x0000000084600000| Untracked 
|  47|0x0000000084700000, 0x0000000084700000, 0x0000000084800000|  0%| F|  |TAMS 0x0000000084700000, 0x0000000084700000| Untracked 
|  48|0x0000000084800000, 0x0000000084800000, 0x0000000084900000|  0%| F|  |TAMS 0x0000000084800000, 0x0000000084800000| Untracked 
|  49|0x0000000084900000, 0x0000000084900000, 0x0000000084a00000|  0%| F|  |TAMS 0x0000000084900000, 0x0000000084900000| Untracked 
|  50|0x0000000084a00000, 0x0000000084a00000, 0x0000000084b00000|  0%| F|  |TAMS 0x0000000084a00000, 0x0000000084a00000| Untracked 
|  51|0x0000000084b00000, 0x0000000084b00000, 0x0000000084c00000|  0%| F|  |TAMS 0x0000000084b00000, 0x0000000084b00000| Untracked 
|  52|0x0000000084c00000, 0x0000000084c00000, 0x0000000084d00000|  0%| F|  |TAMS 0x0000000084c00000, 0x0000000084c00000| Untracked 
|  53|0x0000000084d00000, 0x0000000084d00000, 0x0000000084e00000|  0%| F|  |TAMS 0x0000000084d00000, 0x0000000084d00000| Untracked 
|  54|0x0000000084e00000, 0x0000000084e00000, 0x0000000084f00000|  0%| F|  |TAMS 0x0000000084e00000, 0x0000000084e00000| Untracked 
|  55|0x0000000084f00000, 0x0000000084f00000, 0x0000000085000000|  0%| F|  |TAMS 0x0000000084f00000, 0x0000000084f00000| Untracked 
|  56|0x0000000085000000, 0x0000000085000000, 0x0000000085100000|  0%| F|  |TAMS 0x0000000085000000, 0x0000000085000000| Untracked 
|  57|0x0000000085100000, 0x0000000085100000, 0x0000000085200000|  0%| F|  |TAMS 0x0000000085100000, 0x0000000085100000| Untracked 
|  58|0x0000000085200000, 0x0000000085200000, 0x0000000085300000|  0%| F|  |TAMS 0x0000000085200000, 0x0000000085200000| Untracked 
|  59|0x0000000085300000, 0x0000000085300000, 0x0000000085400000|  0%| F|  |TAMS 0x0000000085300000, 0x0000000085300000| Untracked 
|  60|0x0000000085400000, 0x0000000085400000, 0x0000000085500000|  0%| F|  |TAMS 0x0000000085400000, 0x0000000085400000| Untracked 
|  61|0x0000000085500000, 0x0000000085500000, 0x0000000085600000|  0%| F|  |TAMS 0x0000000085500000, 0x0000000085500000| Untracked 
|  62|0x0000000085600000, 0x0000000085600000, 0x0000000085700000|  0%| F|  |TAMS 0x0000000085600000, 0x0000000085600000| Untracked 
|  63|0x0000000085700000, 0x0000000085700000, 0x0000000085800000|  0%| F|  |TAMS 0x0000000085700000, 0x0000000085700000| Untracked 
|  64|0x0000000085800000, 0x0000000085800000, 0x0000000085900000|  0%| F|  |TAMS 0x0000000085800000, 0x0000000085800000| Untracked 
|  65|0x0000000085900000, 0x0000000085900000, 0x0000000085a00000|  0%| F|  |TAMS 0x0000000085900000, 0x0000000085900000| Untracked 
|  66|0x0000000085a00000, 0x0000000085a00000, 0x0000000085b00000|  0%| F|  |TAMS 0x0000000085a00000, 0x0000000085a00000| Untracked 
|  67|0x0000000085b00000, 0x0000000085b00000, 0x0000000085c00000|  0%| F|  |TAMS 0x0000000085b00000, 0x0000000085b00000| Untracked 
|  68|0x0000000085c00000, 0x0000000085c00000, 0x0000000085d00000|  0%| F|  |TAMS 0x0000000085c00000, 0x0000000085c00000| Untracked 
|  69|0x0000000085d00000, 0x0000000085d00000, 0x0000000085e00000|  0%| F|  |TAMS 0x0000000085d00000, 0x0000000085d00000| Untracked 
|  70|0x0000000085e00000, 0x0000000085e00000, 0x0000000085f00000|  0%| F|  |TAMS 0x0000000085e00000, 0x0000000085e00000| Untracked 
|  71|0x0000000085f00000, 0x0000000085f00000, 0x0000000086000000|  0%| F|  |TAMS 0x0000000085f00000, 0x0000000085f00000| Untracked 
|  72|0x0000000086000000, 0x0000000086000000, 0x0000000086100000|  0%| F|  |TAMS 0x0000000086000000, 0x0000000086000000| Untracked 
|  73|0x0000000086100000, 0x0000000086100000, 0x0000000086200000|  0%| F|  |TAMS 0x0000000086100000, 0x0000000086100000| Untracked 
|  74|0x0000000086200000, 0x0000000086200000, 0x0000000086300000|  0%| F|  |TAMS 0x0000000086200000, 0x0000000086200000| Untracked 
|  75|0x0000000086300000, 0x0000000086300000, 0x0000000086400000|  0%| F|  |TAMS 0x0000000086300000, 0x0000000086300000| Untracked 
|  76|0x0000000086400000, 0x0000000086400000, 0x0000000086500000|  0%| F|  |TAMS 0x0000000086400000, 0x0000000086400000| Untracked 
|  77|0x0000000086500000, 0x0000000086500000, 0x0000000086600000|  0%| F|  |TAMS 0x0000000086500000, 0x0000000086500000| Untracked 
|  78|0x0000000086600000, 0x0000000086600000, 0x0000000086700000|  0%| F|  |TAMS 0x0000000086600000, 0x0000000086600000| Untracked 
|  79|0x0000000086700000, 0x0000000086700000, 0x0000000086800000|  0%| F|  |TAMS 0x0000000086700000, 0x0000000086700000| Untracked 
|  80|0x0000000086800000, 0x0000000086800000, 0x0000000086900000|  0%| F|  |TAMS 0x0000000086800000, 0x0000000086800000| Untracked 
|  81|0x0000000086900000, 0x0000000086900000, 0x0000000086a00000|  0%| F|  |TAMS 0x0000000086900000, 0x0000000086900000| Untracked 
|  82|0x0000000086a00000, 0x0000000086a80800, 0x0000000086b00000| 50%| E|  |TAMS 0x0000000086a00000, 0x0000000086a00000| Complete 
|  83|0x0000000086b00000, 0x0000000086c00000, 0x0000000086c00000|100%| E|CS|TAMS 0x0000000086b00000, 0x0000000086b00000| Complete 
|  84|0x0000000086c00000, 0x0000000086d00000, 0x0000000086d00000|100%| E|CS|TAMS 0x0000000086c00000, 0x0000000086c00000| Complete 
|  85|0x0000000086d00000, 0x0000000086e00000, 0x0000000086e00000|100%| E|CS|TAMS 0x0000000086d00000, 0x0000000086d00000| Complete 
|  86|0x0000000086e00000, 0x0000000086f00000, 0x0000000086f00000|100%| E|CS|TAMS 0x0000000086e00000, 0x0000000086e00000| Complete 
|  87|0x0000000086f00000, 0x0000000087000000, 0x0000000087000000|100%| E|CS|TAMS 0x0000000086f00000, 0x0000000086f00000| Complete 
|  88|0x0000000087000000, 0x0000000087100000, 0x0000000087100000|100%| E|CS|TAMS 0x0000000087000000, 0x0000000087000000| Complete 
|  89|0x0000000087100000, 0x0000000087200000, 0x0000000087200000|100%| E|CS|TAMS 0x0000000087100000, 0x0000000087100000| Complete 
|  90|0x0000000087200000, 0x0000000087300000, 0x0000000087300000|100%| E|CS|TAMS 0x0000000087200000, 0x0000000087200000| Complete 
|  91|0x0000000087300000, 0x0000000087400000, 0x0000000087400000|100%| E|CS|TAMS 0x0000000087300000, 0x0000000087300000| Complete 
|  92|0x0000000087400000, 0x0000000087500000, 0x0000000087500000|100%| E|CS|TAMS 0x0000000087400000, 0x0000000087400000| Complete 
|  93|0x0000000087500000, 0x0000000087600000, 0x0000000087600000|100%| E|CS|TAMS 0x0000000087500000, 0x0000000087500000| Complete 
|  94|0x0000000087600000, 0x0000000087700000, 0x0000000087700000|100%| E|CS|TAMS 0x0000000087600000, 0x0000000087600000| Complete 
|  95|0x0000000087700000, 0x0000000087800000, 0x0000000087800000|100%| E|CS|TAMS 0x0000000087700000, 0x0000000087700000| Complete 
|  96|0x0000000087800000, 0x0000000087900000, 0x0000000087900000|100%| E|CS|TAMS 0x0000000087800000, 0x0000000087800000| Complete 
|  97|0x0000000087900000, 0x0000000087a00000, 0x0000000087a00000|100%| E|CS|TAMS 0x0000000087900000, 0x0000000087900000| Complete 
|  98|0x0000000087a00000, 0x0000000087b00000, 0x0000000087b00000|100%| E|CS|TAMS 0x0000000087a00000, 0x0000000087a00000| Complete 
|  99|0x0000000087b00000, 0x0000000087c00000, 0x0000000087c00000|100%| E|CS|TAMS 0x0000000087b00000, 0x0000000087b00000| Complete 
| 100|0x0000000087c00000, 0x0000000087d00000, 0x0000000087d00000|100%| E|CS|TAMS 0x0000000087c00000, 0x0000000087c00000| Complete 
| 101|0x0000000087d00000, 0x0000000087e00000, 0x0000000087e00000|100%| E|CS|TAMS 0x0000000087d00000, 0x0000000087d00000| Complete 
| 102|0x0000000087e00000, 0x0000000087f00000, 0x0000000087f00000|100%| E|CS|TAMS 0x0000000087e00000, 0x0000000087e00000| Complete 
| 103|0x0000000087f00000, 0x0000000088000000, 0x0000000088000000|100%| E|CS|TAMS 0x0000000087f00000, 0x0000000087f00000| Complete 
| 104|0x0000000088000000, 0x0000000088100000, 0x0000000088100000|100%| E|CS|TAMS 0x0000000088000000, 0x0000000088000000| Complete 
| 105|0x0000000088100000, 0x0000000088200000, 0x0000000088200000|100%| E|CS|TAMS 0x0000000088100000, 0x0000000088100000| Complete 
| 106|0x0000000088200000, 0x0000000088300000, 0x0000000088300000|100%| E|CS|TAMS 0x0000000088200000, 0x0000000088200000| Complete 
| 107|0x0000000088300000, 0x0000000088400000, 0x0000000088400000|100%| E|CS|TAMS 0x0000000088300000, 0x0000000088300000| Complete 
| 108|0x0000000088400000, 0x0000000088492bc0, 0x0000000088500000| 57%| S|CS|TAMS 0x0000000088400000, 0x0000000088400000| Complete 
| 109|0x0000000088500000, 0x0000000088600000, 0x0000000088600000|100%| S|CS|TAMS 0x0000000088500000, 0x0000000088500000| Complete 
| 110|0x0000000088600000, 0x0000000088700000, 0x0000000088700000|100%| E|CS|TAMS 0x0000000088600000, 0x0000000088600000| Complete 
| 111|0x0000000088700000, 0x0000000088800000, 0x0000000088800000|100%| E|CS|TAMS 0x0000000088700000, 0x0000000088700000| Complete 
| 112|0x0000000088800000, 0x0000000088900000, 0x0000000088900000|100%| E|CS|TAMS 0x0000000088800000, 0x0000000088800000| Complete 
| 113|0x0000000088900000, 0x0000000088a00000, 0x0000000088a00000|100%| E|CS|TAMS 0x0000000088900000, 0x0000000088900000| Complete 
| 114|0x0000000088a00000, 0x0000000088b00000, 0x0000000088b00000|100%| E|CS|TAMS 0x0000000088a00000, 0x0000000088a00000| Complete 
| 115|0x0000000088b00000, 0x0000000088c00000, 0x0000000088c00000|100%| E|CS|TAMS 0x0000000088b00000, 0x0000000088b00000| Complete 
| 116|0x0000000088c00000, 0x0000000088d00000, 0x0000000088d00000|100%| E|CS|TAMS 0x0000000088c00000, 0x0000000088c00000| Complete 
| 117|0x0000000088d00000, 0x0000000088e00000, 0x0000000088e00000|100%| E|CS|TAMS 0x0000000088d00000, 0x0000000088d00000| Complete 
| 118|0x0000000088e00000, 0x0000000088f00000, 0x0000000088f00000|100%| E|CS|TAMS 0x0000000088e00000, 0x0000000088e00000| Complete 
| 119|0x0000000088f00000, 0x0000000089000000, 0x0000000089000000|100%| E|CS|TAMS 0x0000000088f00000, 0x0000000088f00000| Complete 
| 120|0x0000000089000000, 0x0000000089100000, 0x0000000089100000|100%| E|CS|TAMS 0x0000000089000000, 0x0000000089000000| Complete 
| 121|0x0000000089100000, 0x0000000089200000, 0x0000000089200000|100%| E|CS|TAMS 0x0000000089100000, 0x0000000089100000| Complete 
| 122|0x0000000089200000, 0x0000000089300000, 0x0000000089300000|100%| E|CS|TAMS 0x0000000089200000, 0x0000000089200000| Complete 
| 123|0x0000000089300000, 0x0000000089400000, 0x0000000089400000|100%| E|CS|TAMS 0x0000000089300000, 0x0000000089300000| Complete 
| 124|0x0000000089400000, 0x0000000089500000, 0x0000000089500000|100%| E|CS|TAMS 0x0000000089400000, 0x0000000089400000| Complete 
| 125|0x0000000089500000, 0x0000000089600000, 0x0000000089600000|100%| E|CS|TAMS 0x0000000089500000, 0x0000000089500000| Complete 
| 126|0x0000000089600000, 0x0000000089700000, 0x0000000089700000|100%| E|CS|TAMS 0x0000000089600000, 0x0000000089600000| Complete 
| 127|0x0000000089700000, 0x0000000089800000, 0x0000000089800000|100%| E|CS|TAMS 0x0000000089700000, 0x0000000089700000| Complete 

Card table byte_map: [0x000002196db50000,0x000002196df50000] _byte_map_base: 0x000002196d744000

Marking Bits (Prev, Next): (CMBitMap*) 0x0000021956cbe280, (CMBitMap*) 0x0000021956cbe2c0
 Prev Bits: [0x000002196e350000, 0x00000219702f0000)
 Next Bits: [0x00000219702f0000, 0x0000021972290000)

Polling page: 0x0000021954c60000

Metaspace:

Usage:
  Non-class:     16.01 MB used.
      Class:      2.05 MB used.
       Both:     18.06 MB used.

Virtual space:
  Non-class space:       24.00 MB reserved,      16.12 MB ( 67%) committed,  3 nodes.
      Class space:        1.00 GB reserved,       2.19 MB ( <1%) committed,  1 nodes.
             Both:        1.02 GB reserved,      18.31 MB (  2%) committed. 

Chunk freelists:
   Non-Class:  2.75 MB
       Class:  1.86 MB
        Both:  4.61 MB

MaxMetaspaceSize: unlimited
CompressedClassSpaceSize: 1.00 GB
Initial GC threshold: 21.00 MB
Current GC threshold: 21.00 MB
CDS: on
MetaspaceReclaimPolicy: balanced
 - commit_granule_bytes: 65536.
 - commit_granule_words: 8192.
 - virtual_space_node_default_size: 1048576.
 - enlarge_chunks_in_place: 1.
 - new_chunks_are_fully_committed: 0.
 - uncommit_free_chunks: 1.
 - use_allocation_guard: 0.
 - handle_deallocations: 1.


Internal statistics:

num_allocs_failed_limit: 0.
num_arena_births: 166.
num_arena_deaths: 0.
num_vsnodes_births: 4.
num_vsnodes_deaths: 0.
num_space_committed: 293.
num_space_uncommitted: 0.
num_chunks_returned_to_freelist: 0.
num_chunks_taken_from_freelist: 751.
num_chunk_merges: 0.
num_chunk_splits: 591.
num_chunks_enlarged: 510.
num_purges: 0.
num_inconsistent_stats: 0.

CodeHeap 'non-profiled nmethods': size=120000Kb used=702Kb max_used=702Kb free=119297Kb
 bounds [0x0000021966220000, 0x0000021966490000, 0x000002196d750000]
CodeHeap 'profiled nmethods': size=120000Kb used=3786Kb max_used=3786Kb free=116213Kb
 bounds [0x000002195e750000, 0x000002195eb10000, 0x0000021965c80000]
CodeHeap 'non-nmethods': size=5760Kb used=1226Kb max_used=1253Kb free=4533Kb
 bounds [0x0000021965c80000, 0x0000021965ef0000, 0x0000021966220000]
 total_blobs=2548 nmethods=2014 adapters=446
 compilation: enabled
              stopped_count=0, restarted_count=0
 full_count=0

Compilation events (20 events):
Event: 4.383 Thread 0x00000219747aeda0 nmethod 1999 0x000002195eaefd10 code [0x000002195eaeff20, 0x000002195eaf0718]
Event: 4.383 Thread 0x00000219747aeda0 2000       3       jdk.internal.org.objectweb.asm.Type::getArgumentTypes (154 bytes)
Event: 4.383 Thread 0x00000219747408b0 2005       4       java.lang.ClassLoader::getClassLoadingLock (35 bytes)
Event: 4.385 Thread 0x00000219747408b0 nmethod 2005 0x00000219662cec90 code [0x00000219662cee20, 0x00000219662cef68]
Event: 4.387 Thread 0x00000219747408b0 2006   !   4       jdk.internal.loader.BuiltinClassLoader::loadClassOrNull (143 bytes)
Event: 4.387 Thread 0x00000219747aeda0 nmethod 2000 0x000002195eaf0b10 code [0x000002195eaf0fe0, 0x000002195eaf3888]
Event: 4.387 Thread 0x00000219747aeda0 2004       3       jdk.internal.org.objectweb.asm.MethodWriter::putMethodInfo (1274 bytes)
Event: 4.391 Thread 0x00000219747aeda0 nmethod 2004 0x000002195eaf4790 code [0x000002195eaf4e60, 0x000002195eaf7628]
Event: 4.391 Thread 0x00000219747aeda0 2001       3       jdk.internal.org.objectweb.asm.MethodWriter::visitEnd (1 bytes)
Event: 4.391 Thread 0x00000219747aeda0 nmethod 2001 0x000002195eaf8910 code [0x000002195eaf8aa0, 0x000002195eaf8bb8]
Event: 4.391 Thread 0x00000219747aeda0 2002       3       jdk.internal.org.objectweb.asm.MethodWriter::computeMethodInfoSize (571 bytes)
Event: 4.392 Thread 0x00000219747aeda0 nmethod 2002 0x000002195eaf8c90 code [0x000002195eaf8fc0, 0x000002195eaf9f08]
Event: 4.392 Thread 0x00000219747aeda0 2003       3       jdk.internal.org.objectweb.asm.MethodWriter::hasFrames (13 bytes)
Event: 4.392 Thread 0x00000219747aeda0 nmethod 2003 0x000002195eafa590 code [0x000002195eafa720, 0x000002195eafa898]
Event: 4.503 Thread 0x00000219747aeda0 2008       3       java.lang.invoke.MethodHandleNatives::refKindIsMethod (19 bytes)
Event: 4.503 Thread 0x00000219747aeda0 nmethod 2008 0x000002195eafa910 code [0x000002195eafaac0, 0x000002195eafad18]
Event: 4.513 Thread 0x00000219747aeda0 2009       3       java.lang.invoke.MethodHandles$Lookup::in (283 bytes)
Event: 4.515 Thread 0x00000219747aeda0 nmethod 2009 0x000002195eafae10 code [0x000002195eafb240, 0x000002195eafcd28]
Event: 4.516 Thread 0x00000219747aeda0 2010       3       java.lang.invoke.MethodHandleNatives::isCallerSensitive (29 bytes)
Event: 4.516 Thread 0x00000219747aeda0 nmethod 2010 0x000002195eafd610 code [0x000002195eafd800, 0x000002195eafdd88]

GC Heap History (4 events):
Event: 0.949 GC heap before
{Heap before GC invocations=0 (full 0):
 garbage-first heap   total 131072K, used 17408K [0x0000000081800000, 0x0000000100000000)
  region size 1024K, 13 young (13312K), 0 survivors (0K)
 Metaspace       used 3903K, committed 4032K, reserved 1056768K
  class space    used 320K, committed 384K, reserved 1048576K
}
Event: 1.055 GC heap after
{Heap after GC invocations=1 (full 0):
 garbage-first heap   total 131072K, used 6289K [0x0000000081800000, 0x0000000100000000)
  region size 1024K, 2 young (2048K), 2 survivors (2048K)
 Metaspace       used 3903K, committed 4032K, reserved 1056768K
  class space    used 320K, committed 384K, reserved 1048576K
}
Event: 1.876 GC heap before
{Heap before GC invocations=1 (full 0):
 garbage-first heap   total 131072K, used 21649K [0x0000000081800000, 0x0000000100000000)
  region size 1024K, 18 young (18432K), 2 survivors (2048K)
 Metaspace       used 7735K, committed 7872K, reserved 1064960K
  class space    used 813K, committed 896K, reserved 1048576K
}
Event: 1.881 GC heap after
{Heap after GC invocations=2 (full 0):
 garbage-first heap   total 131072K, used 7940K [0x0000000081800000, 0x0000000100000000)
  region size 1024K, 2 young (2048K), 2 survivors (2048K)
 Metaspace       used 7735K, committed 7872K, reserved 1064960K
  class space    used 813K, committed 896K, reserved 1048576K
}

Dll operation events (7 events):
Event: 0.019 Loaded shared library C:\Program Files\Eclipse Adoptium\jdk-17.0.6.10-hotspot\bin\java.dll
Event: 0.035 Loaded shared library C:\Program Files\Eclipse Adoptium\jdk-17.0.6.10-hotspot\bin\jsvml.dll
Event: 0.194 Loaded shared library C:\Program Files\Eclipse Adoptium\jdk-17.0.6.10-hotspot\bin\net.dll
Event: 0.201 Loaded shared library C:\Program Files\Eclipse Adoptium\jdk-17.0.6.10-hotspot\bin\nio.dll
Event: 0.252 Loaded shared library C:\Program Files\Eclipse Adoptium\jdk-17.0.6.10-hotspot\bin\zip.dll
Event: 0.297 Loaded shared library C:\Program Files\Eclipse Adoptium\jdk-17.0.6.10-hotspot\bin\jimage.dll
Event: 2.738 Loaded shared library C:\Program Files\Eclipse Adoptium\jdk-17.0.6.10-hotspot\bin\verify.dll

Deoptimization events (20 events):
Event: 3.931 Thread 0x0000021956c66540 DEOPT PACKING pc=0x000002195eac2591 sp=0x0000002b372fe1c0
Event: 3.931 Thread 0x0000021956c66540 DEOPT UNPACKING pc=0x0000021965cd7143 sp=0x0000002b372fd650 mode 0
Event: 3.931 Thread 0x0000021956c66540 DEOPT PACKING pc=0x000002195eac25ce sp=0x0000002b372fe1c0
Event: 3.931 Thread 0x0000021956c66540 DEOPT UNPACKING pc=0x0000021965cd7143 sp=0x0000002b372fd650 mode 0
Event: 3.931 Thread 0x0000021956c66540 DEOPT PACKING pc=0x000002195eac25ce sp=0x0000002b372fe1c0
Event: 3.931 Thread 0x0000021956c66540 DEOPT UNPACKING pc=0x0000021965cd7143 sp=0x0000002b372fd650 mode 0
Event: 3.932 Thread 0x0000021956c66540 DEOPT PACKING pc=0x000002195eac2591 sp=0x0000002b372fe1c0
Event: 3.932 Thread 0x0000021956c66540 DEOPT UNPACKING pc=0x0000021965cd7143 sp=0x0000002b372fd650 mode 0
Event: 3.932 Thread 0x0000021956c66540 DEOPT PACKING pc=0x000002195eac2591 sp=0x0000002b372fe1c0
Event: 3.932 Thread 0x0000021956c66540 DEOPT UNPACKING pc=0x0000021965cd7143 sp=0x0000002b372fd650 mode 0
Event: 3.932 Thread 0x0000021956c66540 DEOPT PACKING pc=0x000002195eac2591 sp=0x0000002b372fe1c0
Event: 3.932 Thread 0x0000021956c66540 DEOPT UNPACKING pc=0x0000021965cd7143 sp=0x0000002b372fd650 mode 0
Event: 3.932 Thread 0x0000021956c66540 DEOPT PACKING pc=0x000002195eac2591 sp=0x0000002b372fe1c0
Event: 3.932 Thread 0x0000021956c66540 DEOPT UNPACKING pc=0x0000021965cd7143 sp=0x0000002b372fd650 mode 0
Event: 4.062 Thread 0x0000021956c66540 Uncommon trap: trap_request=0xffffffde fr.pc=0x00000219662a7884 relative=0x0000000000001664
Event: 4.062 Thread 0x0000021956c66540 Uncommon trap: reason=class_check action=maybe_recompile pc=0x00000219662a7884 method=java.util.zip.InflaterInputStream.read([BII)I @ 100 c2
Event: 4.062 Thread 0x0000021956c66540 DEOPT PACKING pc=0x00000219662a7884 sp=0x0000002b372fe2d0
Event: 4.062 Thread 0x0000021956c66540 DEOPT UNPACKING pc=0x0000021965cd69a3 sp=0x0000002b372fe320 mode 2
Event: 4.223 Thread 0x0000021956c66540 DEOPT PACKING pc=0x000002195eae4bc6 sp=0x0000002b372fd690
Event: 4.223 Thread 0x0000021956c66540 DEOPT UNPACKING pc=0x0000021965cd7143 sp=0x0000002b372fcb40 mode 0

Classes unloaded (0 events):
No events

Classes redefined (0 events):
No events

Internal exceptions (20 events):
Event: 2.289 Thread 0x0000021956c66540 Exception <a 'java/lang/NoSuchMethodError'{0x00000000890aa3e8}: 'java.lang.Object java.lang.invoke.DirectMethodHandle$Holder.newInvokeSpecial(java.lang.Object, java.lang.Object, java.lang.Object, java.lang.Object, java.lang.Object)'> (0x00000000890aa3e8) 
thrown [s\src\hotspot\share\interpreter\linkResolver.cpp, line 759]
Event: 2.530 Thread 0x0000021956c66540 Exception <a 'java/lang/NoSuchMethodError'{0x0000000088c24d40}: 'int java.lang.invoke.DelegatingMethodHandle$Holder.reinvoke_L(java.lang.Object, java.lang.Object, java.lang.Object, long, int, int)'> (0x0000000088c24d40) 
thrown [s\src\hotspot\share\interpreter\linkResolver.cpp, line 759]
Event: 2.532 Thread 0x0000021956c66540 Exception <a 'java/lang/NoSuchMethodError'{0x0000000088c34148}: 'int java.lang.invoke.DelegatingMethodHandle$Holder.reinvoke_L(java.lang.Object, java.lang.Object, java.lang.Object, long, long, long)'> (0x0000000088c34148) 
thrown [s\src\hotspot\share\interpreter\linkResolver.cpp, line 759]
Event: 2.534 Thread 0x0000021956c66540 Exception <a 'java/lang/NoSuchMethodError'{0x0000000088c42d88}: 'int java.lang.invoke.DelegatingMethodHandle$Holder.reinvoke_L(java.lang.Object, java.lang.Object, java.lang.Object, long, java.lang.Object, java.lang.Object)'> (0x0000000088c42d88) 
thrown [s\src\hotspot\share\interpreter\linkResolver.cpp, line 759]
Event: 2.536 Thread 0x0000021956c66540 Exception <a 'java/lang/NoSuchMethodError'{0x0000000088c51908}: 'void java.lang.invoke.DelegatingMethodHandle$Holder.reinvoke_L(java.lang.Object, java.lang.Object, java.lang.Object, long, java.lang.Object)'> (0x0000000088c51908) 
thrown [s\src\hotspot\share\interpreter\linkResolver.cpp, line 759]
Event: 2.538 Thread 0x0000021956c66540 Exception <a 'java/lang/NoSuchMethodError'{0x0000000088c59540}: 'java.lang.Object java.lang.invoke.DirectMethodHandle$Holder.invokeSpecial(java.lang.Object, java.lang.Object, java.lang.Object, java.lang.Object, long)'> (0x0000000088c59540) 
thrown [s\src\hotspot\share\interpreter\linkResolver.cpp, line 759]
Event: 2.541 Thread 0x0000021956c66540 Exception <a 'java/lang/NoSuchMethodError'{0x0000000088c71ca0}: 'long java.lang.invoke.Invokers$Holder.invoke_MT(java.lang.Object, java.lang.Object, java.lang.Object, java.lang.Object)'> (0x0000000088c71ca0) 
thrown [s\src\hotspot\share\interpreter\linkResolver.cpp, line 759]
Event: 2.543 Thread 0x0000021956c66540 Exception <a 'java/lang/NoSuchMethodError'{0x0000000088c7d4c0}: 'int java.lang.invoke.DirectMethodHandle$Holder.invokeSpecial(java.lang.Object, java.lang.Object, java.lang.Object)'> (0x0000000088c7d4c0) 
thrown [s\src\hotspot\share\interpreter\linkResolver.cpp, line 759]
Event: 2.543 Thread 0x0000021956c66540 Exception <a 'java/lang/NoSuchMethodError'{0x0000000088c81760}: 'int java.lang.invoke.DirectMethodHandle$Holder.invokeSpecial(java.lang.Object, java.lang.Object, java.lang.Object, java.lang.Object)'> (0x0000000088c81760) 
thrown [s\src\hotspot\share\interpreter\linkResolver.cpp, line 759]
Event: 2.544 Thread 0x0000021956c66540 Exception <a 'java/lang/NoSuchMethodError'{0x0000000088c84dc8}: 'int java.lang.invoke.Invokers$Holder.invoke_MT(java.lang.Object, java.lang.Object, java.lang.Object, java.lang.Object)'> (0x0000000088c84dc8) 
thrown [s\src\hotspot\share\interpreter\linkResolver.cpp, line 759]
Event: 2.556 Thread 0x0000021956c66540 Exception <a 'java/lang/NoSuchMethodError'{0x0000000088c949e8}: 'int java.lang.invoke.DelegatingMethodHandle$Holder.reinvoke_L(java.lang.Object, java.lang.Object, java.lang.Object, long, int)'> (0x0000000088c949e8) 
thrown [s\src\hotspot\share\interpreter\linkResolver.cpp, line 759]
Event: 2.749 Thread 0x0000021956c66540 Exception <a 'java/lang/NoSuchMethodError'{0x00000000889f2208}: 'java.lang.Object java.lang.invoke.DirectMethodHandle$Holder.invokeStaticInit(java.lang.Object)'> (0x00000000889f2208) 
thrown [s\src\hotspot\share\interpreter\linkResolver.cpp, line 759]
Event: 3.021 Thread 0x0000021956c66540 Exception <a 'java/lang/NoSuchMethodError'{0x00000000880ba6f8}: 'java.lang.Object java.lang.invoke.DirectMethodHandle$Holder.invokeStaticInit(java.lang.Object, int)'> (0x00000000880ba6f8) 
thrown [s\src\hotspot\share\interpreter\linkResolver.cpp, line 759]
Event: 3.078 Thread 0x0000021956c66540 Exception <a 'java/lang/NoSuchMethodError'{0x0000000087f45340}: 'void java.lang.invoke.DirectMethodHandle$Holder.invokeStatic(java.lang.Object, java.lang.Object)'> (0x0000000087f45340) 
thrown [s\src\hotspot\share\interpreter\linkResolver.cpp, line 759]
Event: 3.206 Thread 0x0000021956c66540 Exception <a 'java/lang/NoSuchMethodError'{0x0000000087e7d5b0}: 'long java.lang.invoke.DirectMethodHandle$Holder.invokeStatic(java.lang.Object)'> (0x0000000087e7d5b0) 
thrown [s\src\hotspot\share\interpreter\linkResolver.cpp, line 759]
Event: 3.207 Thread 0x0000021956c66540 Exception <a 'java/lang/NoSuchMethodError'{0x0000000087e80d08}: 'long java.lang.invoke.DirectMethodHandle$Holder.invokeStaticInit(java.lang.Object)'> (0x0000000087e80d08) 
thrown [s\src\hotspot\share\interpreter\linkResolver.cpp, line 759]
Event: 3.349 Thread 0x0000021956c66540 Exception <a 'java/lang/NoSuchMethodError'{0x0000000087a78060}: 'int java.lang.invoke.DirectMethodHandle$Holder.invokeStaticInit(java.lang.Object, java.lang.Object, java.lang.Object)'> (0x0000000087a78060) 
thrown [s\src\hotspot\share\interpreter\linkResolver.cpp, line 759]
Event: 3.356 Thread 0x0000021956c66540 Exception <a 'java/lang/NoSuchMethodError'{0x0000000087aa07f8}: 'int java.lang.invoke.DirectMethodHandle$Holder.invokeStaticInit(java.lang.Object, java.lang.Object)'> (0x0000000087aa07f8) 
thrown [s\src\hotspot\share\interpreter\linkResolver.cpp, line 759]
Event: 3.379 Thread 0x0000021956c66540 Exception <a 'java/lang/NoSuchMethodError'{0x000000008797b608}: 'void java.lang.invoke.DirectMethodHandle$Holder.invokeSpecial(java.lang.Object, java.lang.Object, java.lang.Object)'> (0x000000008797b608) 
thrown [s\src\hotspot\share\interpreter\linkResolver.cpp, line 759]
Event: 4.322 Thread 0x0000021956c66540 Exception <a 'java/lang/NoSuchMethodError'{0x0000000086e54370}: 'void java.lang.invoke.DirectMethodHandle$Holder.invokeStatic(java.lang.Object, java.lang.Object, java.lang.Object, java.lang.Object)'> (0x0000000086e54370) 
thrown [s\src\hotspot\share\interpreter\linkResolver.cpp, line 759]

VM Operations (20 events):
Event: 3.607 Executing VM operation: HandshakeAllThreads
Event: 3.607 Executing VM operation: HandshakeAllThreads done
Event: 3.607 Executing VM operation: Cleanup
Event: 3.607 Executing VM operation: Cleanup done
Event: 3.725 Executing VM operation: HandshakeAllThreads
Event: 3.725 Executing VM operation: HandshakeAllThreads done
Event: 3.729 Executing VM operation: HandshakeAllThreads
Event: 3.729 Executing VM operation: HandshakeAllThreads done
Event: 3.759 Executing VM operation: HandshakeAllThreads
Event: 3.759 Executing VM operation: HandshakeAllThreads done
Event: 3.768 Executing VM operation: HandshakeAllThreads
Event: 3.768 Executing VM operation: HandshakeAllThreads done
Event: 3.777 Executing VM operation: HandshakeAllThreads
Event: 3.777 Executing VM operation: HandshakeAllThreads done
Event: 3.777 Executing VM operation: HandshakeAllThreads
Event: 3.777 Executing VM operation: HandshakeAllThreads done
Event: 3.777 Executing VM operation: HandshakeAllThreads
Event: 3.777 Executing VM operation: HandshakeAllThreads done
Event: 4.512 Executing VM operation: HandshakeAllThreads
Event: 4.512 Executing VM operation: HandshakeAllThreads done

Events (20 events):
Event: 4.198 loading class com/sun/xml/internal/stream/Entity$ScannedEntity done
Event: 4.198 loading class com/sun/xml/internal/stream/util/ThreadLocalBufferAllocator
Event: 4.198 loading class com/sun/xml/internal/stream/util/ThreadLocalBufferAllocator done
Event: 4.198 loading class com/sun/xml/internal/stream/util/BufferAllocator
Event: 4.198 loading class com/sun/xml/internal/stream/util/BufferAllocator done
Event: 4.211 loading class com/sun/org/apache/xerces/internal/util/XMLChar
Event: 4.211 loading class com/sun/org/apache/xerces/internal/util/XMLChar done
Event: 4.223 loading class com/sun/org/apache/xerces/internal/impl/XMLScanner$NameType
Event: 4.223 loading class com/sun/org/apache/xerces/internal/impl/XMLScanner$NameType done
Event: 4.242 loading class com/sun/org/apache/xerces/internal/impl/io/MalformedByteSequenceException
Event: 4.242 loading class java/io/CharConversionException
Event: 4.242 loading class java/io/CharConversionException done
Event: 4.242 loading class com/sun/org/apache/xerces/internal/impl/io/MalformedByteSequenceException done
Event: 4.244 loading class java/text/ParseException
Event: 4.244 loading class java/text/ParseException done
Event: 4.249 loading class java/util/ConcurrentModificationException
Event: 4.249 loading class java/util/ConcurrentModificationException done
Event: 4.326 Thread 0x0000021975c25900 Thread exited: 0x0000021975c25900
Event: 4.500 loading class java/util/concurrent/atomic/AtomicReferenceArray
Event: 4.500 loading class java/util/concurrent/atomic/AtomicReferenceArray done


Dynamic libraries:
0x00007ff690710000 - 0x00007ff69071e000 	C:\Program Files\Eclipse Adoptium\jdk-17.0.6.10-hotspot\bin\java.exe
0x00007ffb013b0000 - 0x00007ffb015a8000 	C:\WINDOWS\SYSTEM32\ntdll.dll
0x00007ffaff760000 - 0x00007ffaff81f000 	C:\WINDOWS\System32\KERNEL32.DLL
0x00007ffaff110000 - 0x00007ffaff406000 	C:\WINDOWS\System32\KERNELBASE.dll
0x00007ffafee50000 - 0x00007ffafef50000 	C:\WINDOWS\System32\ucrtbase.dll
0x00007ffaf8120000 - 0x00007ffaf8137000 	C:\Program Files\Eclipse Adoptium\jdk-17.0.6.10-hotspot\bin\jli.dll
0x00007ffb00c90000 - 0x00007ffb00e2d000 	C:\WINDOWS\System32\USER32.dll
0x00007ffafeb20000 - 0x00007ffafeb42000 	C:\WINDOWS\System32\win32u.dll
0x00007ffb012d0000 - 0x00007ffb012fc000 	C:\WINDOWS\System32\GDI32.dll
0x00007ffafeff0000 - 0x00007ffaff105000 	C:\WINDOWS\System32\gdi32full.dll
0x00007ffafeb50000 - 0x00007ffafebed000 	C:\WINDOWS\System32\msvcp_win.dll
0x00007ffaf8100000 - 0x00007ffaf8119000 	C:\Program Files\Eclipse Adoptium\jdk-17.0.6.10-hotspot\bin\VCRUNTIME140.dll
0x00007ffaead30000 - 0x00007ffaeafca000 	C:\WINDOWS\WinSxS\amd64_microsoft.windows.common-controls_6595b64144ccf1df_6.0.19041.1110_none_60b5254171f9507e\COMCTL32.dll
0x00007ffb00a30000 - 0x00007ffb00ace000 	C:\WINDOWS\System32\msvcrt.dll
0x00007ffb012a0000 - 0x00007ffb012d0000 	C:\WINDOWS\System32\IMM32.DLL
0x00007ffaf80f0000 - 0x00007ffaf80fc000 	C:\Program Files\Eclipse Adoptium\jdk-17.0.6.10-hotspot\bin\vcruntime140_1.dll
0x00007ffaf7da0000 - 0x00007ffaf7e31000 	C:\Program Files\Eclipse Adoptium\jdk-17.0.6.10-hotspot\bin\msvcp140.dll
0x00007ffab8220000 - 0x00007ffab8e67000 	C:\Program Files\Eclipse Adoptium\jdk-17.0.6.10-hotspot\bin\server\jvm.dll
0x00007ffb00630000 - 0x00007ffb006df000 	C:\WINDOWS\System32\ADVAPI32.dll
0x00007ffb00700000 - 0x00007ffb0079c000 	C:\WINDOWS\System32\sechost.dll
0x00007ffb00ad0000 - 0x00007ffb00bf6000 	C:\WINDOWS\System32\RPCRT4.dll
0x00007ffae6c50000 - 0x00007ffae6c59000 	C:\WINDOWS\SYSTEM32\WSOCK32.dll
0x00007ffb01300000 - 0x00007ffb0136b000 	C:\WINDOWS\System32\WS2_32.dll
0x00007ffaec040000 - 0x00007ffaec067000 	C:\WINDOWS\SYSTEM32\WINMM.dll
0x00007ffaf5750000 - 0x00007ffaf575a000 	C:\WINDOWS\SYSTEM32\VERSION.dll
0x00007ffafd2a0000 - 0x00007ffafd2b2000 	C:\WINDOWS\SYSTEM32\kernel.appcore.dll
0x00007ffaf80e0000 - 0x00007ffaf80ea000 	C:\Program Files\Eclipse Adoptium\jdk-17.0.6.10-hotspot\bin\jimage.dll
0x00007ffafcfa0000 - 0x00007ffafd184000 	C:\WINDOWS\SYSTEM32\DBGHELP.DLL
0x00007ffadf960000 - 0x00007ffadf994000 	C:\WINDOWS\SYSTEM32\dbgcore.DLL
0x00007ffafea90000 - 0x00007ffafeb12000 	C:\WINDOWS\System32\bcryptPrimitives.dll
0x00007ffaf80b0000 - 0x00007ffaf80d5000 	C:\Program Files\Eclipse Adoptium\jdk-17.0.6.10-hotspot\bin\java.dll
0x00007ffaf7cc0000 - 0x00007ffaf7d96000 	C:\Program Files\Eclipse Adoptium\jdk-17.0.6.10-hotspot\bin\jsvml.dll
0x00007ffaff820000 - 0x00007ffafff64000 	C:\WINDOWS\System32\SHELL32.dll
0x00007ffafc800000 - 0x00007ffafcf93000 	C:\WINDOWS\SYSTEM32\windows.storage.dll
0x00007ffb001a0000 - 0x00007ffb004f4000 	C:\WINDOWS\System32\combase.dll
0x00007ffafe4d0000 - 0x00007ffafe4fe000 	C:\WINDOWS\SYSTEM32\Wldp.dll
0x00007ffafff70000 - 0x00007ffb0001d000 	C:\WINDOWS\System32\SHCORE.dll
0x00007ffb00140000 - 0x00007ffb00195000 	C:\WINDOWS\System32\shlwapi.dll
0x00007ffafe9c0000 - 0x00007ffafe9e5000 	C:\WINDOWS\SYSTEM32\profapi.dll
0x00007ffaf8090000 - 0x00007ffaf80a9000 	C:\Program Files\Eclipse Adoptium\jdk-17.0.6.10-hotspot\bin\net.dll
0x00007ffaef100000 - 0x00007ffaef20a000 	C:\WINDOWS\SYSTEM32\WINHTTP.dll
0x00007ffafe230000 - 0x00007ffafe29a000 	C:\WINDOWS\system32\mswsock.dll
0x00007ffaf7f40000 - 0x00007ffaf7f55000 	C:\Program Files\Eclipse Adoptium\jdk-17.0.6.10-hotspot\bin\nio.dll
0x00007ffaf7f20000 - 0x00007ffaf7f38000 	C:\Program Files\Eclipse Adoptium\jdk-17.0.6.10-hotspot\bin\zip.dll
0x00007ffaf7f10000 - 0x00007ffaf7f20000 	C:\Program Files\Eclipse Adoptium\jdk-17.0.6.10-hotspot\bin\verify.dll

dbghelp: loaded successfully - version: 4.0.5 - missing functions: none
symbol engine: initialized successfully - sym options: 0x614 - pdb path: .;C:\Program Files\Eclipse Adoptium\jdk-17.0.6.10-hotspot\bin;C:\WINDOWS\SYSTEM32;C:\WINDOWS\WinSxS\amd64_microsoft.windows.common-controls_6595b64144ccf1df_6.0.19041.1110_none_60b5254171f9507e;C:\Program Files\Eclipse Adoptium\jdk-17.0.6.10-hotspot\bin\server

VM Arguments:
java_command: org.jetbrains.kotlin.cli.jvm.K2JVMCompiler @C:\Users\songe\source\repos\InventoTrack\node_modules\expo-device\android\build\20230903_3236321864325527448.compiler.options
java_class_path (initial): C:\Users\songe\.gradle\caches\modules-2\files-2.1\org.jetbrains.kotlin\kotlin-compiler-embeddable\1.8.10\b0757fd774344d54ce93f5ad6c30ba1c1731c8ff\kotlin-compiler-embeddable-1.8.10.jar;C:\Users\songe\.gradle\caches\modules-2\files-2.1\org.jetbrains.kotlin\kotlin-stdlib\1.8.10\6d5560a229477df9406943d5feda5618e98eb64c\kotlin-stdlib-1.8.10.jar;C:\Users\songe\.gradle\caches\modules-2\files-2.1\org.jetbrains.kotlin\kotlin-script-runtime\1.8.10\b13ea9c7e46d589139e56086a878763290e20bd5\kotlin-script-runtime-1.8.10.jar;C:\Users\songe\.gradle\caches\modules-2\files-2.1\org.jetbrains.kotlin\kotlin-reflect\1.6.10\1cbe9c92c12a94eea200d23c2bbaedaf3daf5132\kotlin-reflect-1.6.10.jar;C:\Users\songe\.gradle\caches\modules-2\files-2.1\org.jetbrains.kotlin\kotlin-daemon-embeddable\1.8.10\ad8541d9bc1cf9e52c3204161247910c2cf601d4\kotlin-daemon-embeddable-1.8.10.jar;C:\Users\songe\.gradle\caches\modules-2\files-2.1\org.jetbrains.intellij.deps\trove4j\1.0.20200330\3afb14d5f9ceb459d724e907a21145e8ff394f02\trove4j-1.0.20200330.jar;C:\Users\songe\.gradle\caches\modules-2\files-2.1\net.java.dev.jna\jna\5.6.0\330f2244e9030119ab3030fc3fededc86713d9cc\jna-5.6.0.jar;C:\Users\songe\.gradle\caches\modules-2\files-2.1\org.jetbrains.kotlin\kotlin-stdlib-common\1.8.10\a61b182458550492c12aee66157d7b524a63a5ec\kotlin-stdlib-common-1.8.10.jar;C:\Users\songe\.gradle\caches\modules-2\files-2.1\org.jetbrains\annotations\13.0\919f0dfe192fb4e063e7dacadee7f8bb9a2672a9\annotations-13.0.jar
Launcher Type: SUN_STANDARD

[Global flags]
     intx CICompilerCount                          = 3                                         {product} {ergonomic}
     uint ConcGCThreads                            = 1                                         {product} {ergonomic}
     uint G1ConcRefinementThreads                  = 4                                         {product} {ergonomic}
   size_t G1HeapRegionSize                         = 1048576                                   {product} {ergonomic}
    uintx GCDrainStackTargetSize                   = 64                                        {product} {ergonomic}
   size_t InitialHeapSize                          = 134217728                                 {product} {ergonomic}
   size_t MarkStackSize                            = 4194304                                   {product} {ergonomic}
   size_t MaxHeapSize                              = 2122317824                                {product} {ergonomic}
   size_t MaxNewSize                               = 1272971264                                {product} {ergonomic}
   size_t MinHeapDeltaBytes                        = 1048576                                   {product} {ergonomic}
   size_t MinHeapSize                              = 8388608                                   {product} {ergonomic}
    uintx NonNMethodCodeHeapSize                   = 5832780                                {pd product} {ergonomic}
    uintx NonProfiledCodeHeapSize                  = 122912730                              {pd product} {ergonomic}
    uintx ProfiledCodeHeapSize                     = 122912730                              {pd product} {ergonomic}
    uintx ReservedCodeCacheSize                    = 251658240                              {pd product} {ergonomic}
     bool SegmentedCodeCache                       = true                                      {product} {ergonomic}
   size_t SoftMaxHeapSize                          = 2122317824                             {manageable} {ergonomic}
     bool UseCompressedClassPointers               = true                           {product lp64_product} {ergonomic}
     bool UseCompressedOops                        = true                           {product lp64_product} {ergonomic}
     bool UseG1GC                                  = true                                      {product} {ergonomic}
     bool UseLargePagesIndividualAllocation        = false                                  {pd product} {ergonomic}

Logging:
Log output configuration:
 #0: stdout all=warning uptime,level,tags
 #1: stderr all=off uptime,level,tags

Environment Variables:
JAVA_HOME=C:\Program Files\Eclipse Adoptium\jdk-17.0.6.10-hotspot
CLASSPATH=C:\Users\songe\source\repos\InventoTrack\android\\gradle\wrapper\gradle-wrapper.jar
PATH=C:\Users\songe\source\repos\InventoTrack\node_modules\.bin;C:\Users\songe\source\repos\InventoTrack\node_modules\.bin;C:\Users\songe\source\repos\node_modules\.bin;C:\Users\songe\source\node_modules\.bin;C:\Users\songe\node_modules\.bin;C:\Users\node_modules\.bin;C:\node_modules\.bin;C:\Program Files\nodejs\node_modules\npm\node_modules\@npmcli\run-script\lib\node-gyp-bin;C:\Users\songe\source\repos\InventoTrack\node_modules\.bin;C:\Users\songe\source\repos\node_modules\.bin;C:\Users\songe\source\node_modules\.bin;C:\Users\songe\node_modules\.bin;C:\Users\node_modules\.bin;C:\node_modules\.bin;C:\Program Files\nodejs\node_modules\npm\node_modules\@npmcli\run-script\lib\node-gyp-bin;C:\Users\songe\source\repos\InventoTrack\node_modules\.bin;C:\Users\songe\source\repos\node_modules\.bin;C:\Users\songe\source\node_modules\.bin;C:\Users\songe\node_modules\.bin;C:\Users\node_modules\.bin;C:\node_modules\.bin;C:\Program Files\nodejs\node_modules\npm\node_modules\@npmcli\run-script\lib\node-gyp-bin;C:\Program Files\Eclipse Adoptium\jdk-17.0.6.10-hotspot\bin;C:\Program Files (x86)\Intel\Intel(R) Management Engine Components\iCLS\;C:\Program Files\Intel\Intel(R) Management Engine Components\iCLS\;C:\Windows\system32;C:\Windows;C:\Windows\System32\Wbem;C:\Windows\System32\WindowsPowerShell\v1.0\;C:\Program Files (x86)\NVIDIA Corporation\PhysX\Common;C:\Program Files (x86)\Intel\Intel(R) Management Engine Components\DAL;C:\Program Files\Intel\Intel(R) Management Engine Components\DAL;C:\Program Files (x86)\Intel\Intel(R) Management Engine Components\IPT;C:\Program Files\Intel\Intel(R) Management Engine Components\IPT;C:\Program Files\Intel\WiFi\bin\;C:\Program Files\Common Files\Intel\WirelessCommon\;C:\WINDOWS\system32;C:\WINDOWS;C:\WINDOWS\System32\Wbem;C:\WINDOWS\System32\WindowsPowerShell\v1.0\;C:\WINDOWS\System32\OpenSSH\;C:\Program Files\Microsoft SQL Server\150\Tools\Binn\;C:\Program Files\Microsoft SQL Server\Client SDK\ODBC\170\Tools\Binn\;C:\Program Files\dotnet\;C
USERNAME=songe
LANG=en_US.UTF-8
OS=Windows_NT
PROCESSOR_IDENTIFIER=Intel64 Family 6 Model 142 Stepping 9, GenuineIntel
TMP=C:\Users\songe\AppData\Local\Temp
TEMP=C:\Users\songe\AppData\Local\Temp



---------------  S Y S T E M  ---------------

OS:
 Windows 10 , 64 bit Build 19041 (10.0.19041.3155)
OS uptime: 0 days 0:13 hours

CPU: total 4 (initial active 4) (2 cores per cpu, 2 threads per core) family 6 model 142 stepping 9 microcode 0xf0, cx8, cmov, fxsr, ht, mmx, 3dnowpref, sse, sse2, sse3, ssse3, sse4.1, sse4.2, popcnt, lzcnt, tsc, tscinvbit, avx, avx2, aes, erms, clmul, bmi1, bmi2, adx, fma, vzeroupper, clflush, clflushopt

Memory: 4k page, system-wide physical 8089M (415M free)
TotalPageFile size 11089M (AvailPageFile size 2M)
current process WorkingSet (physical memory assigned to process): 134M, peak: 134M
current process commit charge ("private bytes"): 247M, peak: 248M

vm_info: OpenJDK 64-Bit Server VM (17.0.6+10) for windows-amd64 JRE (17.0.6+10), built on Jan 18 2023 10:08:59 by "temurin" with MS VC++ 16.7 (VS2019)

END.
