#
# There is insufficient memory for the Java Runtime Environment to continue.
# Native memory allocation (mmap) failed to map 260046848 bytes for G1 virtual space
# Possible reasons:
#   The system is out of physical RAM or swap space
#   The process is running with CompressedOops enabled, and the Java Heap may be blocking the growth of the native heap
# Possible solutions:
#   Reduce memory load on the system
#   Increase physical memory or swap space
#   Check if swap backing store is full
#   Decrease Java heap size (-Xmx/-Xms)
#   Decrease number of Java threads
#   Decrease Java thread stack sizes (-Xss)
#   Set larger code cache with -XX:ReservedCodeCacheSize=
#   JVM is running with Unscaled Compressed Oops mode in which the Java heap is
#     placed in the first 4GB address space. The Java Heap base address is the
#     maximum limit for the native heap growth. Please use -XX:HeapBaseMinAddress
#     to set the Java Heap base and to place the Java Heap above 4GB virtual address.
# This output file may be truncated or incomplete.
#
#  Out of Memory Error (os_windows.cpp:3557), pid=8960, tid=17720
#
# JRE version: OpenJDK Runtime Environment Temurin-17.0.6+10 (17.0.6+10) (build 17.0.6+10)
# Java VM: OpenJDK 64-Bit Server VM Temurin-17.0.6+10 (17.0.6+10, mixed mode, sharing, tiered, compressed oops, compressed class ptrs, g1 gc, windows-amd64)
# No core dump will be written. Minidumps are not enabled by default on client versions of Windows
#

---------------  S U M M A R Y ------------

Command Line: -XX:MaxMetaspaceSize=512m --add-opens=java.base/java.util=ALL-UNNAMED --add-opens=java.base/java.lang=ALL-UNNAMED --add-opens=java.base/java.lang.invoke=ALL-UNNAMED --add-opens=java.prefs/java.util.prefs=ALL-UNNAMED --add-opens=java.base/java.nio.charset=ALL-UNNAMED --add-opens=java.base/java.net=ALL-UNNAMED --add-opens=java.base/java.util.concurrent.atomic=ALL-UNNAMED -Xmx2048m -Dfile.encoding=windows-1252 -Duser.country=ZA -Duser.language=en -Duser.variant org.gradle.launcher.daemon.bootstrap.GradleDaemon 8.0.1

Host: Intel(R) Core(TM) i7-7500U CPU @ 2.70GHz, 4 cores, 7G,  Windows 10 , 64 bit Build 19041 (10.0.19041.3155)
Time: Sat Sep  2 22:23:56 2023 South Africa Standard Time elapsed time: 38.245302 seconds (0d 0h 0m 38s)

---------------  T H R E A D  ---------------

Current thread (0x0000014a432ae290):  VMThread "VM Thread" [stack: 0x00000020e2700000,0x00000020e2800000] [id=17720]

Stack: [0x00000020e2700000,0x00000020e2800000]
Native frames: (J=compiled Java code, j=interpreted, Vv=VM code, C=native code)
V  [jvm.dll+0x67741a]
V  [jvm.dll+0x834434]
V  [jvm.dll+0x835bde]
V  [jvm.dll+0x836243]
V  [jvm.dll+0x2457b5]
V  [jvm.dll+0x674329]
V  [jvm.dll+0x6689da]
V  [jvm.dll+0x30489b]
V  [jvm.dll+0x30bd96]
V  [jvm.dll+0x35b57e]
V  [jvm.dll+0x35b7af]
V  [jvm.dll+0x2db778]
V  [jvm.dll+0x2d9a2c]
V  [jvm.dll+0x2d8ffc]
V  [jvm.dll+0x31cdcb]
V  [jvm.dll+0x83a6eb]
V  [jvm.dll+0x83b424]
V  [jvm.dll+0x83b93c]
V  [jvm.dll+0x83bd14]
V  [jvm.dll+0x83bde0]
V  [jvm.dll+0x7e483a]
V  [jvm.dll+0x6762c5]
C  [ucrtbase.dll+0x21bb2]
C  [KERNEL32.DLL+0x17614]
C  [ntdll.dll+0x526b1]

VM_Operation (0x00000020e44fe600): G1CollectForAllocation, mode: safepoint, requested by thread 0x0000014a4634e640


---------------  P R O C E S S  ---------------

Threads class SMR info:
_java_thread_list=0x0000014a4d8baea0, length=88, elements={
0x0000014a237b2bb0, 0x0000014a432b3e10, 0x0000014a432b5330, 0x0000014a432cbdc0,
0x0000014a432cc880, 0x0000014a432d1930, 0x0000014a432d7210, 0x0000014a432db590,
0x0000014a432fc2a0, 0x0000014a43305370, 0x0000014a43e04210, 0x0000014a43e05b40,
0x0000014a45c812e0, 0x0000014a46499d80, 0x0000014a45237550, 0x0000014a45663bb0,
0x0000014a457be830, 0x0000014a45313fe0, 0x0000014a45423fc0, 0x0000014a4634f4b0,
0x0000014a4634efe0, 0x0000014a4634dca0, 0x0000014a4634baf0, 0x0000014a4634bfc0,
0x0000014a4634e640, 0x0000014a4634c490, 0x0000014a4634c960, 0x0000014a4634e170,
0x0000014a4634ce30, 0x0000014a4634d300, 0x0000014a4634d7d0, 0x0000014a4634eb10,
0x0000014a4878f540, 0x0000014a487916f0, 0x0000014a4878b6b0, 0x0000014a4878f070,
0x0000014a4878e200, 0x0000014a4878d860, 0x0000014a4878c050, 0x0000014a4878fa10,
0x0000014a4878bb80, 0x0000014a487903b0, 0x0000014a4878e6d0, 0x0000014a4878a370,
0x0000014a4878cec0, 0x0000014a48790d50, 0x0000014a48791220, 0x0000014a4878a840,
0x0000014a4878b1e0, 0x0000014a4878c520, 0x0000014a4878c9f0, 0x0000014a4878d390,
0x0000014a4878dd30, 0x0000014a45d992b0, 0x0000014a45d9b460, 0x0000014a45d9a5f0,
0x0000014a45d9ee20, 0x0000014a45d9b930, 0x0000014a45d99780, 0x0000014a45d9f2f0,
0x0000014a45d9a120, 0x0000014a45d9aac0, 0x0000014a45d9d610, 0x0000014a45d9af90,
0x0000014a45d98de0, 0x0000014a45d99c50, 0x0000014a45d98910, 0x0000014a45d9c2d0,
0x0000014a45d9dfb0, 0x0000014a45d9d140, 0x0000014a45d98440, 0x0000014a45d9cc70,
0x0000014a45d9dae0, 0x0000014a45d9e480, 0x0000014a45d97f70, 0x0000014a48305e30,
0x0000014a483032e0, 0x0000014a48303c80, 0x0000014a48307fe0, 0x0000014a48306300,
0x0000014a483084b0, 0x0000014a48301fa0, 0x0000014a483097f0, 0x0000014a48307170,
0x0000014a48302470, 0x0000014a48304fc0, 0x0000014a483067d0, 0x0000014a497c8e20
}

Java Threads: ( => current thread )
  0x0000014a237b2bb0 JavaThread "main" [_thread_blocked, id=11560, stack(0x00000020e2100000,0x00000020e2200000)]
  0x0000014a432b3e10 JavaThread "Reference Handler" daemon [_thread_blocked, id=13136, stack(0x00000020e2800000,0x00000020e2900000)]
  0x0000014a432b5330 JavaThread "Finalizer" daemon [_thread_blocked, id=14476, stack(0x00000020e2900000,0x00000020e2a00000)]
  0x0000014a432cbdc0 JavaThread "Signal Dispatcher" daemon [_thread_blocked, id=15648, stack(0x00000020e2a00000,0x00000020e2b00000)]
  0x0000014a432cc880 JavaThread "Attach Listener" daemon [_thread_blocked, id=7776, stack(0x00000020e2b00000,0x00000020e2c00000)]
  0x0000014a432d1930 JavaThread "Service Thread" daemon [_thread_blocked, id=9024, stack(0x00000020e2c00000,0x00000020e2d00000)]
  0x0000014a432d7210 JavaThread "Monitor Deflation Thread" daemon [_thread_blocked, id=12660, stack(0x00000020e2d00000,0x00000020e2e00000)]
  0x0000014a432db590 JavaThread "C2 CompilerThread0" daemon [_thread_blocked, id=12208, stack(0x00000020e2e00000,0x00000020e2f00000)]
  0x0000014a432fc2a0 JavaThread "C1 CompilerThread0" daemon [_thread_blocked, id=17400, stack(0x00000020e2f00000,0x00000020e3000000)]
  0x0000014a43305370 JavaThread "Sweeper thread" daemon [_thread_blocked, id=6364, stack(0x00000020e3000000,0x00000020e3100000)]
  0x0000014a43e04210 JavaThread "Common-Cleaner" daemon [_thread_blocked, id=11016, stack(0x00000020e3100000,0x00000020e3200000)]
  0x0000014a43e05b40 JavaThread "Notification Thread" daemon [_thread_blocked, id=13188, stack(0x00000020e3200000,0x00000020e3300000)]
  0x0000014a45c812e0 JavaThread "Daemon health stats" [_thread_blocked, id=16116, stack(0x00000020e3800000,0x00000020e3900000)]
  0x0000014a46499d80 JavaThread "Incoming local TCP Connector on port 62988" [_thread_in_native, id=6552, stack(0x00000020e3900000,0x00000020e3a00000)]
  0x0000014a45237550 JavaThread "Daemon periodic checks" [_thread_blocked, id=4796, stack(0x00000020e3a00000,0x00000020e3b00000)]
  0x0000014a45663bb0 JavaThread "Daemon" [_thread_blocked, id=15804, stack(0x00000020e3b00000,0x00000020e3c00000)]
  0x0000014a457be830 JavaThread "Handler for socket connection from /127.0.0.1:62988 to /127.0.0.1:62989" [_thread_in_native, id=18216, stack(0x00000020e3c00000,0x00000020e3d00000)]
  0x0000014a45313fe0 JavaThread "Cancel handler" [_thread_blocked, id=18136, stack(0x00000020e3d00000,0x00000020e3e00000)]
  0x0000014a45423fc0 JavaThread "Daemon worker" [_thread_blocked, id=1756, stack(0x00000020e3e00000,0x00000020e3f00000)]
  0x0000014a4634f4b0 JavaThread "Asynchronous log dispatcher for DefaultDaemonConnection: socket connection from /127.0.0.1:62988 to /127.0.0.1:62989" [_thread_blocked, id=16656, stack(0x00000020e3f00000,0x00000020e4000000)]
  0x0000014a4634efe0 JavaThread "Stdin handler" [_thread_blocked, id=12064, stack(0x00000020e4000000,0x00000020e4100000)]
  0x0000014a4634dca0 JavaThread "Daemon client event forwarder" [_thread_blocked, id=3288, stack(0x00000020e4100000,0x00000020e4200000)]
  0x0000014a4634baf0 JavaThread "Cache worker for journal cache (C:\Users\songe\.gradle\caches\journal-1)" [_thread_blocked, id=8436, stack(0x00000020e4200000,0x00000020e4300000)]
  0x0000014a4634bfc0 JavaThread "File lock request listener" [_thread_in_native, id=15488, stack(0x00000020e4300000,0x00000020e4400000)]
  0x0000014a4634e640 JavaThread "Cache worker for file hash cache (C:\Users\songe\.gradle\caches\8.0.1\fileHashes)" [_thread_blocked, id=2748, stack(0x00000020e4400000,0x00000020e4500000)]
  0x0000014a4634c490 JavaThread "File watcher server" daemon [_thread_in_native, id=12068, stack(0x00000020e4500000,0x00000020e4600000)]
  0x0000014a4634c960 JavaThread "File watcher consumer" daemon [_thread_blocked, id=1524, stack(0x00000020e4600000,0x00000020e4700000)]
  0x0000014a4634e170 JavaThread "Cache worker for checksums cache (C:\Users\songe\source\repos\InventoTrack\android\.gradle\8.0.1\checksums)" [_thread_blocked, id=7968, stack(0x00000020e4700000,0x00000020e4800000)]
  0x0000014a4634ce30 JavaThread "Cache worker for cache directory md-rule (C:\Users\songe\.gradle\caches\8.0.1\md-rule)" [_thread_blocked, id=14980, stack(0x00000020e4800000,0x00000020e4900000)]
  0x0000014a4634d300 JavaThread "Cache worker for file content cache (C:\Users\songe\.gradle\caches\8.0.1\fileContent)" [_thread_blocked, id=18280, stack(0x00000020e4900000,0x00000020e4a00000)]
  0x0000014a4634d7d0 JavaThread "Cache worker for file hash cache (C:\Users\songe\source\repos\InventoTrack\android\.gradle\8.0.1\fileHashes)" [_thread_blocked, id=17100, stack(0x00000020e4a00000,0x00000020e4b00000)]
  0x0000014a4634eb10 JavaThread "Cache worker for cache directory md-supplier (C:\Users\songe\.gradle\caches\8.0.1\md-supplier)" [_thread_blocked, id=17992, stack(0x00000020e4b00000,0x00000020e4c00000)]
  0x0000014a4878f540 JavaThread "Cache worker for execution history cache (C:\Users\songe\.gradle\caches\8.0.1\executionHistory)" [_thread_blocked, id=9780, stack(0x00000020e4d00000,0x00000020e4e00000)]
  0x0000014a487916f0 JavaThread "jar transforms" [_thread_blocked, id=17764, stack(0x00000020e4e00000,0x00000020e4f00000)]
  0x0000014a4878b6b0 JavaThread "jar transforms Thread 2" [_thread_blocked, id=7408, stack(0x00000020e4f00000,0x00000020e5000000)]
  0x0000014a4878f070 JavaThread "jar transforms Thread 3" [_thread_blocked, id=4080, stack(0x00000020e5000000,0x00000020e5100000)]
  0x0000014a4878e200 JavaThread "jar transforms Thread 4" [_thread_blocked, id=16164, stack(0x00000020e5100000,0x00000020e5200000)]
  0x0000014a4878d860 JavaThread "Cache worker for kotlin-dsl (C:\Users\songe\.gradle\caches\8.0.1\kotlin-dsl)" [_thread_blocked, id=15688, stack(0x00000020e5200000,0x00000020e5300000)]
  0x0000014a4878c050 JavaThread "Cache worker for dependencies-accessors (C:\Users\songe\source\repos\InventoTrack\android\.gradle\8.0.1\dependencies-accessors)" [_thread_blocked, id=14600, stack(0x00000020e5300000,0x00000020e5400000)]
  0x0000014a4878fa10 JavaThread "Cache worker for Build Output Cleanup Cache (C:\Users\songe\source\repos\InventoTrack\node_modules\@react-native\gradle-plugin\.gradle\buildOutputCleanup)" [_thread_blocked, id=1528, stack(0x00000020e5400000,0x00000020e5500000)]
  0x0000014a4878bb80 JavaThread "Unconstrained build operations" [_thread_blocked, id=7852, stack(0x00000020e5500000,0x00000020e5600000)]
  0x0000014a487903b0 JavaThread "Unconstrained build operations Thread 2" [_thread_blocked, id=17076, stack(0x00000020e5600000,0x00000020e5700000)]
  0x0000014a4878e6d0 JavaThread "Unconstrained build operations Thread 3" [_thread_blocked, id=15432, stack(0x00000020e5700000,0x00000020e5800000)]
  0x0000014a4878a370 JavaThread "Unconstrained build operations Thread 4" [_thread_blocked, id=11116, stack(0x00000020e5800000,0x00000020e5900000)]
  0x0000014a4878cec0 JavaThread "Unconstrained build operations Thread 5" [_thread_blocked, id=16620, stack(0x00000020e5900000,0x00000020e5a00000)]
  0x0000014a48790d50 JavaThread "Unconstrained build operations Thread 6" [_thread_blocked, id=18408, stack(0x00000020e5a00000,0x00000020e5b00000)]
  0x0000014a48791220 JavaThread "Unconstrained build operations Thread 7" [_thread_blocked, id=16444, stack(0x00000020e5b00000,0x00000020e5c00000)]
  0x0000014a4878a840 JavaThread "Unconstrained build operations Thread 8" [_thread_blocked, id=9468, stack(0x00000020e5c00000,0x00000020e5d00000)]
  0x0000014a4878b1e0 JavaThread "Unconstrained build operations Thread 9" [_thread_blocked, id=6668, stack(0x00000020e5d00000,0x00000020e5e00000)]
  0x0000014a4878c520 JavaThread "Unconstrained build operations Thread 10" [_thread_blocked, id=17896, stack(0x00000020e5e00000,0x00000020e5f00000)]
  0x0000014a4878c9f0 JavaThread "Unconstrained build operations Thread 11" [_thread_blocked, id=18244, stack(0x00000020e5f00000,0x00000020e6000000)]
  0x0000014a4878d390 JavaThread "Unconstrained build operations Thread 12" [_thread_blocked, id=2904, stack(0x00000020e6000000,0x00000020e6100000)]
  0x0000014a4878dd30 JavaThread "Unconstrained build operations Thread 13" [_thread_blocked, id=15032, stack(0x00000020e6100000,0x00000020e6200000)]
  0x0000014a45d992b0 JavaThread "Unconstrained build operations Thread 14" [_thread_blocked, id=16812, stack(0x00000020e6200000,0x00000020e6300000)]
  0x0000014a45d9b460 JavaThread "Unconstrained build operations Thread 15" [_thread_blocked, id=17512, stack(0x00000020e6300000,0x00000020e6400000)]
  0x0000014a45d9a5f0 JavaThread "Unconstrained build operations Thread 16" [_thread_blocked, id=11728, stack(0x00000020e6400000,0x00000020e6500000)]
  0x0000014a45d9ee20 JavaThread "Unconstrained build operations Thread 17" [_thread_blocked, id=2444, stack(0x00000020e6500000,0x00000020e6600000)]
  0x0000014a45d9b930 JavaThread "Unconstrained build operations Thread 18" [_thread_blocked, id=2812, stack(0x00000020e6600000,0x00000020e6700000)]
  0x0000014a45d99780 JavaThread "Unconstrained build operations Thread 19" [_thread_blocked, id=17116, stack(0x00000020e6700000,0x00000020e6800000)]
  0x0000014a45d9f2f0 JavaThread "Unconstrained build operations Thread 20" [_thread_blocked, id=13660, stack(0x00000020e6800000,0x00000020e6900000)]
  0x0000014a45d9a120 JavaThread "Unconstrained build operations Thread 21" [_thread_blocked, id=13032, stack(0x00000020e6900000,0x00000020e6a00000)]
  0x0000014a45d9aac0 JavaThread "Unconstrained build operations Thread 22" [_thread_blocked, id=2596, stack(0x00000020e6a00000,0x00000020e6b00000)]
  0x0000014a45d9d610 JavaThread "Unconstrained build operations Thread 23" [_thread_blocked, id=16488, stack(0x00000020e6b00000,0x00000020e6c00000)]
  0x0000014a45d9af90 JavaThread "Unconstrained build operations Thread 24" [_thread_blocked, id=11228, stack(0x00000020e6c00000,0x00000020e6d00000)]
  0x0000014a45d98de0 JavaThread "Unconstrained build operations Thread 25" [_thread_blocked, id=15772, stack(0x00000020e6d00000,0x00000020e6e00000)]
  0x0000014a45d99c50 JavaThread "Unconstrained build operations Thread 26" [_thread_blocked, id=14612, stack(0x00000020e6e00000,0x00000020e6f00000)]
  0x0000014a45d98910 JavaThread "Memory manager" [_thread_blocked, id=7440, stack(0x00000020e6f00000,0x00000020e7000000)]
  0x0000014a45d9c2d0 JavaThread "Cache worker for Build Output Cleanup Cache (C:\Users\songe\source\repos\InventoTrack\android\.gradle\buildOutputCleanup)" [_thread_blocked, id=11568, stack(0x00000020e7000000,0x00000020e7100000)]
  0x0000014a45d9dfb0 JavaThread "included builds" [_thread_blocked, id=2492, stack(0x00000020e7100000,0x00000020e7200000)]
  0x0000014a45d9d140 JavaThread "Execution worker" [_thread_blocked, id=6336, stack(0x00000020e7200000,0x00000020e7300000)]
  0x0000014a45d98440 JavaThread "Execution worker Thread 2" [_thread_blocked, id=6744, stack(0x00000020e7300000,0x00000020e7400000)]
  0x0000014a45d9cc70 JavaThread "Execution worker Thread 3" [_thread_blocked, id=6308, stack(0x00000020e7400000,0x00000020e7500000)]
  0x0000014a45d9dae0 JavaThread "Cache worker for execution history cache (C:\Users\songe\source\repos\InventoTrack\node_modules\@react-native\gradle-plugin\.gradle\8.0.1\executionHistory)" [_thread_blocked, id=15104, stack(0x00000020e7500000,0x00000020e7600000)]
  0x0000014a45d9e480 JavaThread "Unconstrained build operations Thread 27" [_thread_blocked, id=17708, stack(0x00000020e7600000,0x00000020e7700000)]
  0x0000014a45d97f70 JavaThread "Unconstrained build operations Thread 28" [_thread_blocked, id=7648, stack(0x00000020e7700000,0x00000020e7800000)]
  0x0000014a48305e30 JavaThread "Unconstrained build operations Thread 29" [_thread_blocked, id=6196, stack(0x00000020e7800000,0x00000020e7900000)]
  0x0000014a483032e0 JavaThread "Unconstrained build operations Thread 30" [_thread_blocked, id=15672, stack(0x00000020e7900000,0x00000020e7a00000)]
  0x0000014a48303c80 JavaThread "Unconstrained build operations Thread 31" [_thread_blocked, id=17804, stack(0x00000020e7a00000,0x00000020e7b00000)]
  0x0000014a48307fe0 JavaThread "Unconstrained build operations Thread 32" [_thread_blocked, id=17072, stack(0x00000020e7b00000,0x00000020e7c00000)]
  0x0000014a48306300 JavaThread "Unconstrained build operations Thread 33" [_thread_blocked, id=15596, stack(0x00000020e7c00000,0x00000020e7d00000)]
  0x0000014a483084b0 JavaThread "Unconstrained build operations Thread 34" [_thread_blocked, id=16612, stack(0x00000020e7d00000,0x00000020e7e00000)]
  0x0000014a48301fa0 JavaThread "Unconstrained build operations Thread 35" [_thread_blocked, id=16032, stack(0x00000020e7e00000,0x00000020e7f00000)]
  0x0000014a483097f0 JavaThread "Unconstrained build operations Thread 36" [_thread_blocked, id=744, stack(0x00000020e7f00000,0x00000020e8000000)]
  0x0000014a48307170 JavaThread "Unconstrained build operations Thread 37" [_thread_blocked, id=7096, stack(0x00000020e8000000,0x00000020e8100000)]
  0x0000014a48302470 JavaThread "Unconstrained build operations Thread 38" [_thread_blocked, id=15956, stack(0x00000020e8100000,0x00000020e8200000)]
  0x0000014a48304fc0 JavaThread "Unconstrained build operations Thread 39" [_thread_blocked, id=4028, stack(0x00000020e8200000,0x00000020e8300000)]
  0x0000014a483067d0 JavaThread "Unconstrained build operations Thread 40" [_thread_blocked, id=17008, stack(0x00000020e8300000,0x00000020e8400000)]
  0x0000014a497c8e20 JavaThread "C2 CompilerThread1" daemon [_thread_blocked, id=11180, stack(0x00000020e3400000,0x00000020e3500000)]

Other Threads:
=>0x0000014a432ae290 VMThread "VM Thread" [stack: 0x00000020e2700000,0x00000020e2800000] [id=17720]
  0x0000014a43e06010 WatcherThread [stack: 0x00000020e3300000,0x00000020e3400000] [id=5132]
  0x0000014a2380eb90 GCTaskThread "GC Thread#0" [stack: 0x00000020e2200000,0x00000020e2300000] [id=13248]
  0x0000014a44377c80 GCTaskThread "GC Thread#1" [stack: 0x00000020e3500000,0x00000020e3600000] [id=17028]
  0x0000014a4417dba0 GCTaskThread "GC Thread#2" [stack: 0x00000020e3600000,0x00000020e3700000] [id=9072]
  0x0000014a44caf910 GCTaskThread "GC Thread#3" [stack: 0x00000020e3700000,0x00000020e3800000] [id=12104]
  0x0000014a2381f9e0 ConcurrentGCThread "G1 Main Marker" [stack: 0x00000020e2300000,0x00000020e2400000] [id=9488]
  0x0000014a23821ab0 ConcurrentGCThread "G1 Conc#0" [stack: 0x00000020e2400000,0x00000020e2500000] [id=6876]
  0x0000014a431500a0 ConcurrentGCThread "G1 Refine#0" [stack: 0x00000020e2500000,0x00000020e2600000] [id=15304]
  0x0000014a481eb370 ConcurrentGCThread "G1 Refine#1" [stack: 0x00000020e4c00000,0x00000020e4d00000] [id=12792]
  0x0000014a431509d0 ConcurrentGCThread "G1 Service" [stack: 0x00000020e2600000,0x00000020e2700000] [id=16280]

Threads with active compile tasks:
C2 CompilerThread0    38290 14220   !   4       org.gradle.internal.classloader.CachingClassLoader::loadClass (85 bytes)
C2 CompilerThread1    38290 14270       4       org.gradle.api.internal.attributes.DefaultImmutableAttributes::coerce (38 bytes)

VM state: at safepoint (normal execution)

VM Mutex/Monitor currently owned by a thread:  ([mutex/lock_event])
[0x0000014a237af8a0] Threads_lock - owner thread: 0x0000014a432ae290
[0x0000014a237ae4f0] Heap_lock - owner thread: 0x0000014a4634e640

Heap address: 0x0000000080000000, size: 2048 MB, Compressed Oops mode: 32-bit

CDS archive(s) mapped at: [0x0000000800000000-0x0000000800bc0000-0x0000000800bc0000), size 12320768, SharedBaseAddress: 0x0000000800000000, ArchiveRelocationMode: 0.
Compressed class space mapped at: 0x0000000800c00000-0x000000081a800000, reserved size: 432013312
Narrow klass base: 0x0000000800000000, Narrow klass shift: 0, Narrow klass range: 0x100000000

GC Precious Log:
 CPUs: 4 total, 4 available
 Memory: 8089M
 Large Page Support: Disabled
 NUMA Support: Disabled
 Compressed Oops: Enabled (32-bit)
 Heap Region Size: 1M
 Heap Min Capacity: 8M
 Heap Initial Capacity: 128M
 Heap Max Capacity: 2G
 Pre-touch: Disabled
 Parallel Workers: 4
 Concurrent Workers: 1
 Concurrent Refinement Workers: 4
 Periodic GC: Disabled

Heap:
 garbage-first heap   total 304128K, used 210432K [0x0000000080000000, 0x0000000100000000)
  region size 1024K, 7 young (7168K), 7 survivors (7168K)
 Metaspace       used 103654K, committed 105344K, reserved 512000K
  class space    used 14402K, committed 15232K, reserved 421888K

Heap Regions: E=young(eden), S=young(survivor), O=old, HS=humongous(starts), HC=humongous(continues), CS=collection set, F=free, OA=open archive, CA=closed archive, TAMS=top-at-mark-start (previous, next)
|   0|0x0000000080000000, 0x0000000080100000, 0x0000000080100000|100%| O|  |TAMS 0x0000000080100000, 0x0000000080000000| Untracked 
|   1|0x0000000080100000, 0x0000000080200000, 0x0000000080200000|100%| O|  |TAMS 0x0000000080200000, 0x0000000080100000| Untracked 
|   2|0x0000000080200000, 0x0000000080300000, 0x0000000080300000|100%|HS|  |TAMS 0x0000000080300000, 0x0000000080200000| Complete 
|   3|0x0000000080300000, 0x0000000080400000, 0x0000000080400000|100%|HC|  |TAMS 0x0000000080400000, 0x0000000080300000| Complete 
|   4|0x0000000080400000, 0x0000000080500000, 0x0000000080500000|100%|HC|  |TAMS 0x0000000080500000, 0x0000000080400000| Complete 
|   5|0x0000000080500000, 0x0000000080600000, 0x0000000080600000|100%|HC|  |TAMS 0x0000000080600000, 0x0000000080500000| Complete 
|   6|0x0000000080600000, 0x0000000080700000, 0x0000000080700000|100%| O|  |TAMS 0x0000000080700000, 0x0000000080600000| Untracked 
|   7|0x0000000080700000, 0x0000000080800000, 0x0000000080800000|100%| O|  |TAMS 0x0000000080800000, 0x0000000080700000| Untracked 
|   8|0x0000000080800000, 0x0000000080900000, 0x0000000080900000|100%| O|  |TAMS 0x0000000080900000, 0x0000000080800000| Untracked 
|   9|0x0000000080900000, 0x0000000080a00000, 0x0000000080a00000|100%| O|  |TAMS 0x0000000080a00000, 0x0000000080900000| Untracked 
|  10|0x0000000080a00000, 0x0000000080b00000, 0x0000000080b00000|100%| O|  |TAMS 0x0000000080b00000, 0x0000000080a00000| Untracked 
|  11|0x0000000080b00000, 0x0000000080c00000, 0x0000000080c00000|100%| O|  |TAMS 0x0000000080c00000, 0x0000000080b00000| Untracked 
|  12|0x0000000080c00000, 0x0000000080d00000, 0x0000000080d00000|100%| O|  |TAMS 0x0000000080d00000, 0x0000000080c00000| Untracked 
|  13|0x0000000080d00000, 0x0000000080e00000, 0x0000000080e00000|100%| O|  |TAMS 0x0000000080e00000, 0x0000000080d00000| Untracked 
|  14|0x0000000080e00000, 0x0000000080f00000, 0x0000000080f00000|100%| O|  |TAMS 0x0000000080f00000, 0x0000000080e00000| Untracked 
|  15|0x0000000080f00000, 0x0000000081000000, 0x0000000081000000|100%| O|  |TAMS 0x0000000081000000, 0x0000000080f00000| Untracked 
|  16|0x0000000081000000, 0x0000000081100000, 0x0000000081100000|100%| O|  |TAMS 0x0000000081100000, 0x0000000081000000| Untracked 
|  17|0x0000000081100000, 0x0000000081200000, 0x0000000081200000|100%| O|  |TAMS 0x0000000081200000, 0x0000000081100000| Untracked 
|  18|0x0000000081200000, 0x0000000081300000, 0x0000000081300000|100%| O|  |TAMS 0x0000000081300000, 0x0000000081200000| Untracked 
|  19|0x0000000081300000, 0x0000000081400000, 0x0000000081400000|100%| O|  |TAMS 0x0000000081400000, 0x0000000081300000| Untracked 
|  20|0x0000000081400000, 0x0000000081500000, 0x0000000081500000|100%| O|  |TAMS 0x0000000081500000, 0x0000000081400000| Untracked 
|  21|0x0000000081500000, 0x0000000081600000, 0x0000000081600000|100%| O|  |TAMS 0x0000000081600000, 0x0000000081500000| Untracked 
|  22|0x0000000081600000, 0x0000000081700000, 0x0000000081700000|100%| O|  |TAMS 0x0000000081700000, 0x0000000081600000| Untracked 
|  23|0x0000000081700000, 0x0000000081800000, 0x0000000081800000|100%| O|  |TAMS 0x0000000081800000, 0x0000000081700000| Untracked 
|  24|0x0000000081800000, 0x0000000081900000, 0x0000000081900000|100%| O|  |TAMS 0x0000000081900000, 0x0000000081800000| Untracked 
|  25|0x0000000081900000, 0x0000000081a00000, 0x0000000081a00000|100%| O|  |TAMS 0x0000000081a00000, 0x0000000081900000| Untracked 
|  26|0x0000000081a00000, 0x0000000081b00000, 0x0000000081b00000|100%| O|  |TAMS 0x0000000081b00000, 0x0000000081a00000| Untracked 
|  27|0x0000000081b00000, 0x0000000081c00000, 0x0000000081c00000|100%| O|  |TAMS 0x0000000081c00000, 0x0000000081b00000| Untracked 
|  28|0x0000000081c00000, 0x0000000081d00000, 0x0000000081d00000|100%| O|  |TAMS 0x0000000081d00000, 0x0000000081c00000| Untracked 
|  29|0x0000000081d00000, 0x0000000081e00000, 0x0000000081e00000|100%| O|  |TAMS 0x0000000081d00000, 0x0000000081d00000| Untracked 
|  30|0x0000000081e00000, 0x0000000081f00000, 0x0000000081f00000|100%| O|  |TAMS 0x0000000081f00000, 0x0000000081e00000| Untracked 
|  31|0x0000000081f00000, 0x0000000082000000, 0x0000000082000000|100%| O|  |TAMS 0x0000000082000000, 0x0000000081f00000| Untracked 
|  32|0x0000000082000000, 0x0000000082100000, 0x0000000082100000|100%|HS|  |TAMS 0x0000000082100000, 0x0000000082000000| Complete 
|  33|0x0000000082100000, 0x0000000082200000, 0x0000000082200000|100%| O|  |TAMS 0x0000000082200000, 0x0000000082100000| Untracked 
|  34|0x0000000082200000, 0x0000000082300000, 0x0000000082300000|100%| O|  |TAMS 0x0000000082300000, 0x0000000082200000| Untracked 
|  35|0x0000000082300000, 0x0000000082400000, 0x0000000082400000|100%|HS|  |TAMS 0x0000000082400000, 0x0000000082300000| Complete 
|  36|0x0000000082400000, 0x0000000082500000, 0x0000000082500000|100%|HC|  |TAMS 0x0000000082500000, 0x0000000082400000| Complete 
|  37|0x0000000082500000, 0x0000000082600000, 0x0000000082600000|100%| O|  |TAMS 0x0000000082600000, 0x0000000082500000| Untracked 
|  38|0x0000000082600000, 0x0000000082700000, 0x0000000082700000|100%| O|  |TAMS 0x0000000082700000, 0x0000000082600000| Untracked 
|  39|0x0000000082700000, 0x0000000082800000, 0x0000000082800000|100%|HS|  |TAMS 0x0000000082800000, 0x0000000082700000| Complete 
|  40|0x0000000082800000, 0x0000000082900000, 0x0000000082900000|100%|HC|  |TAMS 0x0000000082900000, 0x0000000082800000| Complete 
|  41|0x0000000082900000, 0x0000000082a00000, 0x0000000082a00000|100%|HC|  |TAMS 0x0000000082a00000, 0x0000000082900000| Complete 
|  42|0x0000000082a00000, 0x0000000082b00000, 0x0000000082b00000|100%|HC|  |TAMS 0x0000000082b00000, 0x0000000082a00000| Complete 
|  43|0x0000000082b00000, 0x0000000082c00000, 0x0000000082c00000|100%| O|  |TAMS 0x0000000082c00000, 0x0000000082b00000| Untracked 
|  44|0x0000000082c00000, 0x0000000082d00000, 0x0000000082d00000|100%| O|  |TAMS 0x0000000082d00000, 0x0000000082c00000| Untracked 
|  45|0x0000000082d00000, 0x0000000082e00000, 0x0000000082e00000|100%| O|  |TAMS 0x0000000082e00000, 0x0000000082d00000| Untracked 
|  46|0x0000000082e00000, 0x0000000082f00000, 0x0000000082f00000|100%| O|  |TAMS 0x0000000082f00000, 0x0000000082e00000| Untracked 
|  47|0x0000000082f00000, 0x0000000083000000, 0x0000000083000000|100%| O|  |TAMS 0x0000000082f00000, 0x0000000082f00000| Untracked 
|  48|0x0000000083000000, 0x0000000083100000, 0x0000000083100000|100%| O|  |TAMS 0x0000000083100000, 0x0000000083000000| Untracked 
|  49|0x0000000083100000, 0x0000000083200000, 0x0000000083200000|100%| O|  |TAMS 0x0000000083200000, 0x0000000083100000| Untracked 
|  50|0x0000000083200000, 0x0000000083300000, 0x0000000083300000|100%| O|  |TAMS 0x0000000083300000, 0x0000000083200000| Untracked 
|  51|0x0000000083300000, 0x0000000083400000, 0x0000000083400000|100%| O|  |TAMS 0x0000000083400000, 0x0000000083300000| Untracked 
|  52|0x0000000083400000, 0x0000000083500000, 0x0000000083500000|100%| O|  |TAMS 0x0000000083500000, 0x0000000083400000| Untracked 
|  53|0x0000000083500000, 0x0000000083600000, 0x0000000083600000|100%| O|  |TAMS 0x0000000083500000, 0x0000000083500000| Untracked 
|  54|0x0000000083600000, 0x0000000083700000, 0x0000000083700000|100%| O|  |TAMS 0x0000000083700000, 0x0000000083600000| Untracked 
|  55|0x0000000083700000, 0x0000000083800000, 0x0000000083800000|100%| O|  |TAMS 0x0000000083800000, 0x0000000083700000| Untracked 
|  56|0x0000000083800000, 0x0000000083900000, 0x0000000083900000|100%| O|  |TAMS 0x0000000083900000, 0x0000000083800000| Untracked 
|  57|0x0000000083900000, 0x0000000083a00000, 0x0000000083a00000|100%| O|  |TAMS 0x0000000083a00000, 0x0000000083900000| Untracked 
|  58|0x0000000083a00000, 0x0000000083b00000, 0x0000000083b00000|100%| O|  |TAMS 0x0000000083b00000, 0x0000000083a00000| Untracked 
|  59|0x0000000083b00000, 0x0000000083c00000, 0x0000000083c00000|100%| O|  |TAMS 0x0000000083c00000, 0x0000000083b00000| Untracked 
|  60|0x0000000083c00000, 0x0000000083d00000, 0x0000000083d00000|100%|HS|  |TAMS 0x0000000083d00000, 0x0000000083c00000| Complete 
|  61|0x0000000083d00000, 0x0000000083e00000, 0x0000000083e00000|100%| O|  |TAMS 0x0000000083e00000, 0x0000000083d00000| Untracked 
|  62|0x0000000083e00000, 0x0000000083f00000, 0x0000000083f00000|100%| O|  |TAMS 0x0000000083f00000, 0x0000000083e00000| Untracked 
|  63|0x0000000083f00000, 0x0000000084000000, 0x0000000084000000|100%| O|  |TAMS 0x0000000084000000, 0x0000000083f00000| Untracked 
|  64|0x0000000084000000, 0x0000000084100000, 0x0000000084100000|100%| O|  |TAMS 0x0000000084100000, 0x0000000084000000| Untracked 
|  65|0x0000000084100000, 0x0000000084200000, 0x0000000084200000|100%| O|  |TAMS 0x0000000084200000, 0x0000000084100000| Untracked 
|  66|0x0000000084200000, 0x0000000084300000, 0x0000000084300000|100%| O|  |TAMS 0x0000000084300000, 0x0000000084200000| Untracked 
|  67|0x0000000084300000, 0x0000000084400000, 0x0000000084400000|100%| O|  |TAMS 0x0000000084400000, 0x0000000084300000| Untracked 
|  68|0x0000000084400000, 0x0000000084500000, 0x0000000084500000|100%| O|  |TAMS 0x0000000084500000, 0x0000000084400000| Untracked 
|  69|0x0000000084500000, 0x0000000084600000, 0x0000000084600000|100%| O|  |TAMS 0x0000000084600000, 0x0000000084500000| Untracked 
|  70|0x0000000084600000, 0x0000000084700000, 0x0000000084700000|100%| O|  |TAMS 0x0000000084700000, 0x0000000084600000| Untracked 
|  71|0x0000000084700000, 0x0000000084800000, 0x0000000084800000|100%| O|  |TAMS 0x0000000084800000, 0x0000000084700000| Untracked 
|  72|0x0000000084800000, 0x0000000084900000, 0x0000000084900000|100%| O|  |TAMS 0x0000000084900000, 0x0000000084800000| Untracked 
|  73|0x0000000084900000, 0x0000000084a00000, 0x0000000084a00000|100%| O|  |TAMS 0x0000000084a00000, 0x0000000084900000| Untracked 
|  74|0x0000000084a00000, 0x0000000084b00000, 0x0000000084b00000|100%| O|  |TAMS 0x0000000084ad8a00, 0x0000000084a00000| Untracked 
|  75|0x0000000084b00000, 0x0000000084c00000, 0x0000000084c00000|100%| O|  |TAMS 0x0000000084b00000, 0x0000000084b00000| Untracked 
|  76|0x0000000084c00000, 0x0000000084d00000, 0x0000000084d00000|100%| O|  |TAMS 0x0000000084c00000, 0x0000000084c00000| Untracked 
|  77|0x0000000084d00000, 0x0000000084e00000, 0x0000000084e00000|100%| O|  |TAMS 0x0000000084d00000, 0x0000000084d00000| Untracked 
|  78|0x0000000084e00000, 0x0000000084f00000, 0x0000000084f00000|100%| O|  |TAMS 0x0000000084e00000, 0x0000000084e00000| Untracked 
|  79|0x0000000084f00000, 0x0000000085000000, 0x0000000085000000|100%| O|  |TAMS 0x0000000084f00000, 0x0000000084f00000| Untracked 
|  80|0x0000000085000000, 0x0000000085100000, 0x0000000085100000|100%| O|  |TAMS 0x0000000085000000, 0x0000000085000000| Untracked 
|  81|0x0000000085100000, 0x0000000085200000, 0x0000000085200000|100%|HS|  |TAMS 0x0000000085100000, 0x0000000085100000| Complete 
|  82|0x0000000085200000, 0x0000000085300000, 0x0000000085300000|100%|HC|  |TAMS 0x0000000085200000, 0x0000000085200000| Complete 
|  83|0x0000000085300000, 0x0000000085400000, 0x0000000085400000|100%|HS|  |TAMS 0x0000000085300000, 0x0000000085300000| Complete 
|  84|0x0000000085400000, 0x0000000085500000, 0x0000000085500000|100%|HC|  |TAMS 0x0000000085400000, 0x0000000085400000| Complete 
|  85|0x0000000085500000, 0x0000000085600000, 0x0000000085600000|100%|HC|  |TAMS 0x0000000085500000, 0x0000000085500000| Complete 
|  86|0x0000000085600000, 0x0000000085700000, 0x0000000085700000|100%|HC|  |TAMS 0x0000000085600000, 0x0000000085600000| Complete 
|  87|0x0000000085700000, 0x0000000085800000, 0x0000000085800000|100%| O|  |TAMS 0x0000000085700000, 0x0000000085700000| Untracked 
|  88|0x0000000085800000, 0x0000000085900000, 0x0000000085900000|100%| O|  |TAMS 0x0000000085800000, 0x0000000085800000| Untracked 
|  89|0x0000000085900000, 0x0000000085a00000, 0x0000000085a00000|100%| O|  |TAMS 0x0000000085900000, 0x0000000085900000| Untracked 
|  90|0x0000000085a00000, 0x0000000085b00000, 0x0000000085b00000|100%| O|  |TAMS 0x0000000085a00000, 0x0000000085a00000| Untracked 
|  91|0x0000000085b00000, 0x0000000085c00000, 0x0000000085c00000|100%| O|  |TAMS 0x0000000085b00000, 0x0000000085b00000| Untracked 
|  92|0x0000000085c00000, 0x0000000085d00000, 0x0000000085d00000|100%| O|  |TAMS 0x0000000085c00000, 0x0000000085c00000| Untracked 
|  93|0x0000000085d00000, 0x0000000085e00000, 0x0000000085e00000|100%| O|  |TAMS 0x0000000085d00000, 0x0000000085d00000| Untracked 
|  94|0x0000000085e00000, 0x0000000085f00000, 0x0000000085f00000|100%| O|  |TAMS 0x0000000085e00000, 0x0000000085e00000| Untracked 
|  95|0x0000000085f00000, 0x0000000086000000, 0x0000000086000000|100%| O|  |TAMS 0x0000000085f00000, 0x0000000085f00000| Untracked 
|  96|0x0000000086000000, 0x0000000086100000, 0x0000000086100000|100%| O|  |TAMS 0x0000000086000000, 0x0000000086000000| Untracked 
|  97|0x0000000086100000, 0x0000000086200000, 0x0000000086200000|100%| O|  |TAMS 0x0000000086100000, 0x0000000086100000| Untracked 
|  98|0x0000000086200000, 0x0000000086300000, 0x0000000086300000|100%| O|  |TAMS 0x0000000086200000, 0x0000000086200000| Untracked 
|  99|0x0000000086300000, 0x0000000086400000, 0x0000000086400000|100%| O|  |TAMS 0x0000000086300000, 0x0000000086300000| Untracked 
| 100|0x0000000086400000, 0x0000000086500000, 0x0000000086500000|100%| O|  |TAMS 0x0000000086400000, 0x0000000086400000| Untracked 
| 101|0x0000000086500000, 0x0000000086600000, 0x0000000086600000|100%| O|  |TAMS 0x0000000086500000, 0x0000000086500000| Untracked 
| 102|0x0000000086600000, 0x0000000086700000, 0x0000000086700000|100%| O|  |TAMS 0x0000000086600000, 0x0000000086600000| Untracked 
| 103|0x0000000086700000, 0x0000000086800000, 0x0000000086800000|100%| O|  |TAMS 0x0000000086700000, 0x0000000086700000| Untracked 
| 104|0x0000000086800000, 0x0000000086900000, 0x0000000086900000|100%| O|  |TAMS 0x0000000086800000, 0x0000000086800000| Untracked 
| 105|0x0000000086900000, 0x0000000086a00000, 0x0000000086a00000|100%| O|  |TAMS 0x0000000086900000, 0x0000000086900000| Untracked 
| 106|0x0000000086a00000, 0x0000000086b00000, 0x0000000086b00000|100%| O|  |TAMS 0x0000000086a00000, 0x0000000086a00000| Untracked 
| 107|0x0000000086b00000, 0x0000000086c00000, 0x0000000086c00000|100%| O|  |TAMS 0x0000000086b00000, 0x0000000086b00000| Untracked 
| 108|0x0000000086c00000, 0x0000000086d00000, 0x0000000086d00000|100%| O|  |TAMS 0x0000000086c00000, 0x0000000086c00000| Untracked 
| 109|0x0000000086d00000, 0x0000000086e00000, 0x0000000086e00000|100%| O|  |TAMS 0x0000000086d00000, 0x0000000086d00000| Untracked 
| 110|0x0000000086e00000, 0x0000000086f00000, 0x0000000086f00000|100%| O|  |TAMS 0x0000000086e00000, 0x0000000086e00000| Untracked 
| 111|0x0000000086f00000, 0x0000000087000000, 0x0000000087000000|100%| O|  |TAMS 0x0000000086f00000, 0x0000000086f00000| Untracked 
| 112|0x0000000087000000, 0x0000000087100000, 0x0000000087100000|100%| O|  |TAMS 0x0000000087000000, 0x0000000087000000| Untracked 
| 113|0x0000000087100000, 0x0000000087200000, 0x0000000087200000|100%| O|  |TAMS 0x0000000087100000, 0x0000000087100000| Untracked 
| 114|0x0000000087200000, 0x0000000087300000, 0x0000000087300000|100%| O|  |TAMS 0x0000000087200000, 0x0000000087200000| Untracked 
| 115|0x0000000087300000, 0x0000000087400000, 0x0000000087400000|100%| O|  |TAMS 0x0000000087300000, 0x0000000087300000| Untracked 
| 116|0x0000000087400000, 0x0000000087500000, 0x0000000087500000|100%| O|  |TAMS 0x0000000087400000, 0x0000000087400000| Untracked 
| 117|0x0000000087500000, 0x0000000087600000, 0x0000000087600000|100%| O|  |TAMS 0x0000000087500000, 0x0000000087500000| Untracked 
| 118|0x0000000087600000, 0x0000000087700000, 0x0000000087700000|100%| O|  |TAMS 0x0000000087600000, 0x0000000087600000| Untracked 
| 119|0x0000000087700000, 0x0000000087800000, 0x0000000087800000|100%| O|  |TAMS 0x0000000087700000, 0x0000000087700000| Untracked 
| 120|0x0000000087800000, 0x0000000087900000, 0x0000000087900000|100%| O|  |TAMS 0x0000000087800000, 0x0000000087800000| Untracked 
| 121|0x0000000087900000, 0x0000000087a00000, 0x0000000087a00000|100%| O|  |TAMS 0x0000000087900000, 0x0000000087900000| Untracked 
| 122|0x0000000087a00000, 0x0000000087b00000, 0x0000000087b00000|100%| O|  |TAMS 0x0000000087a00000, 0x0000000087a00000| Untracked 
| 123|0x0000000087b00000, 0x0000000087c00000, 0x0000000087c00000|100%| O|  |TAMS 0x0000000087b00000, 0x0000000087b00000| Untracked 
| 124|0x0000000087c00000, 0x0000000087d00000, 0x0000000087d00000|100%| O|  |TAMS 0x0000000087c00000, 0x0000000087c00000| Untracked 
| 125|0x0000000087d00000, 0x0000000087e00000, 0x0000000087e00000|100%| O|  |TAMS 0x0000000087d00000, 0x0000000087d00000| Untracked 
| 126|0x0000000087e00000, 0x0000000087f00000, 0x0000000087f00000|100%| O|  |TAMS 0x0000000087e00000, 0x0000000087e00000| Untracked 
| 127|0x0000000087f00000, 0x0000000088000000, 0x0000000088000000|100%| O|  |TAMS 0x0000000087f00000, 0x0000000087f00000| Untracked 
| 128|0x0000000088000000, 0x0000000088100000, 0x0000000088100000|100%| O|  |TAMS 0x0000000088000000, 0x0000000088000000| Untracked 
| 129|0x0000000088100000, 0x0000000088200000, 0x0000000088200000|100%| O|  |TAMS 0x0000000088100000, 0x0000000088100000| Untracked 
| 130|0x0000000088200000, 0x0000000088300000, 0x0000000088300000|100%| O|  |TAMS 0x0000000088200000, 0x0000000088200000| Untracked 
| 131|0x0000000088300000, 0x0000000088400000, 0x0000000088400000|100%| O|  |TAMS 0x0000000088300000, 0x0000000088300000| Untracked 
| 132|0x0000000088400000, 0x0000000088500000, 0x0000000088500000|100%| O|  |TAMS 0x0000000088400000, 0x0000000088400000| Untracked 
| 133|0x0000000088500000, 0x0000000088600000, 0x0000000088600000|100%|HS|  |TAMS 0x0000000088500000, 0x0000000088500000| Complete 
| 134|0x0000000088600000, 0x0000000088700000, 0x0000000088700000|100%|HS|  |TAMS 0x0000000088600000, 0x0000000088600000| Complete 
| 135|0x0000000088700000, 0x0000000088800000, 0x0000000088800000|100%|HS|  |TAMS 0x0000000088700000, 0x0000000088700000| Complete 
| 136|0x0000000088800000, 0x0000000088900000, 0x0000000088900000|100%|HS|  |TAMS 0x0000000088800000, 0x0000000088800000| Complete 
| 137|0x0000000088900000, 0x0000000088a00000, 0x0000000088a00000|100%|HC|  |TAMS 0x0000000088900000, 0x0000000088900000| Complete 
| 138|0x0000000088a00000, 0x0000000088b00000, 0x0000000088b00000|100%|HC|  |TAMS 0x0000000088a00000, 0x0000000088a00000| Complete 
| 139|0x0000000088b00000, 0x0000000088c00000, 0x0000000088c00000|100%|HS|  |TAMS 0x0000000088b00000, 0x0000000088b00000| Complete 
| 140|0x0000000088c00000, 0x0000000088d00000, 0x0000000088d00000|100%|HC|  |TAMS 0x0000000088c00000, 0x0000000088c00000| Complete 
| 141|0x0000000088d00000, 0x0000000088e00000, 0x0000000088e00000|100%|HS|  |TAMS 0x0000000088d00000, 0x0000000088d00000| Complete 
| 142|0x0000000088e00000, 0x0000000088f00000, 0x0000000088f00000|100%|HS|  |TAMS 0x0000000088e00000, 0x0000000088e00000| Complete 
| 143|0x0000000088f00000, 0x0000000089000000, 0x0000000089000000|100%|HS|  |TAMS 0x0000000088f00000, 0x0000000088f00000| Complete 
| 144|0x0000000089000000, 0x0000000089100000, 0x0000000089100000|100%|HC|  |TAMS 0x0000000089000000, 0x0000000089000000| Complete 
| 145|0x0000000089100000, 0x0000000089200000, 0x0000000089200000|100%|HC|  |TAMS 0x0000000089100000, 0x0000000089100000| Complete 
| 146|0x0000000089200000, 0x0000000089300000, 0x0000000089300000|100%| O|  |TAMS 0x0000000089200000, 0x0000000089200000| Untracked 
| 147|0x0000000089300000, 0x0000000089400000, 0x0000000089400000|100%| O|  |TAMS 0x0000000089300000, 0x0000000089300000| Untracked 
| 148|0x0000000089400000, 0x0000000089500000, 0x0000000089500000|100%| O|  |TAMS 0x0000000089400000, 0x0000000089400000| Untracked 
| 149|0x0000000089500000, 0x0000000089600000, 0x0000000089600000|100%| O|  |TAMS 0x0000000089500000, 0x0000000089500000| Untracked 
| 150|0x0000000089600000, 0x0000000089700000, 0x0000000089700000|100%| O|  |TAMS 0x0000000089600000, 0x0000000089600000| Untracked 
| 151|0x0000000089700000, 0x0000000089800000, 0x0000000089800000|100%| O|  |TAMS 0x0000000089700000, 0x0000000089700000| Untracked 
| 152|0x0000000089800000, 0x0000000089900000, 0x0000000089900000|100%| O|  |TAMS 0x0000000089800000, 0x0000000089800000| Untracked 
| 153|0x0000000089900000, 0x0000000089a00000, 0x0000000089a00000|100%| O|  |TAMS 0x0000000089900000, 0x0000000089900000| Untracked 
| 154|0x0000000089a00000, 0x0000000089b00000, 0x0000000089b00000|100%| O|  |TAMS 0x0000000089a00000, 0x0000000089a00000| Untracked 
| 155|0x0000000089b00000, 0x0000000089c00000, 0x0000000089c00000|100%| O|  |TAMS 0x0000000089b00000, 0x0000000089b00000| Untracked 
| 156|0x0000000089c00000, 0x0000000089d00000, 0x0000000089d00000|100%| O|  |TAMS 0x0000000089c00000, 0x0000000089c00000| Untracked 
| 157|0x0000000089d00000, 0x0000000089e00000, 0x0000000089e00000|100%| O|  |TAMS 0x0000000089d00000, 0x0000000089d00000| Untracked 
| 158|0x0000000089e00000, 0x0000000089f00000, 0x0000000089f00000|100%| O|  |TAMS 0x0000000089e00000, 0x0000000089e00000| Untracked 
| 159|0x0000000089f00000, 0x000000008a000000, 0x000000008a000000|100%| O|  |TAMS 0x0000000089f00000, 0x0000000089f00000| Untracked 
| 160|0x000000008a000000, 0x000000008a100000, 0x000000008a100000|100%| O|  |TAMS 0x000000008a000000, 0x000000008a000000| Untracked 
| 161|0x000000008a100000, 0x000000008a200000, 0x000000008a200000|100%| O|  |TAMS 0x000000008a100000, 0x000000008a100000| Untracked 
| 162|0x000000008a200000, 0x000000008a300000, 0x000000008a300000|100%| O|  |TAMS 0x000000008a200000, 0x000000008a200000| Untracked 
| 163|0x000000008a300000, 0x000000008a400000, 0x000000008a400000|100%| O|  |TAMS 0x000000008a300000, 0x000000008a300000| Untracked 
| 164|0x000000008a400000, 0x000000008a500000, 0x000000008a500000|100%| O|  |TAMS 0x000000008a400000, 0x000000008a400000| Untracked 
| 165|0x000000008a500000, 0x000000008a600000, 0x000000008a600000|100%| O|  |TAMS 0x000000008a500000, 0x000000008a500000| Untracked 
| 166|0x000000008a600000, 0x000000008a700000, 0x000000008a700000|100%| O|  |TAMS 0x000000008a600000, 0x000000008a600000| Untracked 
| 167|0x000000008a700000, 0x000000008a800000, 0x000000008a800000|100%| O|  |TAMS 0x000000008a700000, 0x000000008a700000| Untracked 
| 168|0x000000008a800000, 0x000000008a900000, 0x000000008a900000|100%|HS|  |TAMS 0x000000008a800000, 0x000000008a800000| Complete 
| 169|0x000000008a900000, 0x000000008aa00000, 0x000000008aa00000|100%|HS|  |TAMS 0x000000008a900000, 0x000000008a900000| Complete 
| 170|0x000000008aa00000, 0x000000008ab00000, 0x000000008ab00000|100%|HS|  |TAMS 0x000000008aa00000, 0x000000008aa00000| Complete 
| 171|0x000000008ab00000, 0x000000008ac00000, 0x000000008ac00000|100%| O|  |TAMS 0x000000008ab00000, 0x000000008ab00000| Untracked 
| 172|0x000000008ac00000, 0x000000008ad00000, 0x000000008ad00000|100%| O|  |TAMS 0x000000008ac00000, 0x000000008ac00000| Untracked 
| 173|0x000000008ad00000, 0x000000008ae00000, 0x000000008ae00000|100%| O|  |TAMS 0x000000008ad00000, 0x000000008ad00000| Untracked 
| 174|0x000000008ae00000, 0x000000008af00000, 0x000000008af00000|100%| O|  |TAMS 0x000000008ae00000, 0x000000008ae00000| Untracked 
| 175|0x000000008af00000, 0x000000008b000000, 0x000000008b000000|100%| O|  |TAMS 0x000000008af00000, 0x000000008af00000| Untracked 
| 176|0x000000008b000000, 0x000000008b100000, 0x000000008b100000|100%| O|  |TAMS 0x000000008b000000, 0x000000008b000000| Untracked 
| 177|0x000000008b100000, 0x000000008b200000, 0x000000008b200000|100%| O|  |TAMS 0x000000008b100000, 0x000000008b100000| Untracked 
| 178|0x000000008b200000, 0x000000008b300000, 0x000000008b300000|100%| O|  |TAMS 0x000000008b200000, 0x000000008b200000| Untracked 
| 179|0x000000008b300000, 0x000000008b400000, 0x000000008b400000|100%| O|  |TAMS 0x000000008b300000, 0x000000008b300000| Untracked 
| 180|0x000000008b400000, 0x000000008b500000, 0x000000008b500000|100%| O|  |TAMS 0x000000008b400000, 0x000000008b400000| Untracked 
| 181|0x000000008b500000, 0x000000008b600000, 0x000000008b600000|100%| O|  |TAMS 0x000000008b500000, 0x000000008b500000| Untracked 
| 182|0x000000008b600000, 0x000000008b700000, 0x000000008b700000|100%| O|  |TAMS 0x000000008b600000, 0x000000008b600000| Untracked 
| 183|0x000000008b700000, 0x000000008b800000, 0x000000008b800000|100%| O|  |TAMS 0x000000008b700000, 0x000000008b700000| Untracked 
| 184|0x000000008b800000, 0x000000008b900000, 0x000000008b900000|100%| O|  |TAMS 0x000000008b800000, 0x000000008b800000| Untracked 
| 185|0x000000008b900000, 0x000000008ba00000, 0x000000008ba00000|100%| O|  |TAMS 0x000000008b900000, 0x000000008b900000| Untracked 
| 186|0x000000008ba00000, 0x000000008bb00000, 0x000000008bb00000|100%|HS|  |TAMS 0x000000008ba00000, 0x000000008ba00000| Complete 
| 187|0x000000008bb00000, 0x000000008bc00000, 0x000000008bc00000|100%|HC|  |TAMS 0x000000008bb00000, 0x000000008bb00000| Complete 
| 188|0x000000008bc00000, 0x000000008bd00000, 0x000000008bd00000|100%|HC|  |TAMS 0x000000008bc00000, 0x000000008bc00000| Complete 
| 189|0x000000008bd00000, 0x000000008bd00000, 0x000000008be00000|  0%| F|  |TAMS 0x000000008bd00000, 0x000000008bd00000| Untracked 
| 190|0x000000008be00000, 0x000000008bf00000, 0x000000008bf00000|100%| O|  |TAMS 0x000000008be00000, 0x000000008be00000| Untracked 
| 191|0x000000008bf00000, 0x000000008c000000, 0x000000008c000000|100%| O|  |TAMS 0x000000008bf00000, 0x000000008bf00000| Untracked 
| 192|0x000000008c000000, 0x000000008c100000, 0x000000008c100000|100%| O|  |TAMS 0x000000008c000000, 0x000000008c000000| Untracked 
| 193|0x000000008c100000, 0x000000008c200000, 0x000000008c200000|100%| O|  |TAMS 0x000000008c100000, 0x000000008c100000| Untracked 
| 194|0x000000008c200000, 0x000000008c300000, 0x000000008c300000|100%| O|  |TAMS 0x000000008c200000, 0x000000008c200000| Untracked 
| 195|0x000000008c300000, 0x000000008c400000, 0x000000008c400000|100%| O|  |TAMS 0x000000008c300000, 0x000000008c300000| Untracked 
| 196|0x000000008c400000, 0x000000008c500000, 0x000000008c500000|100%| O|  |TAMS 0x000000008c400000, 0x000000008c400000| Untracked 
| 197|0x000000008c500000, 0x000000008c600000, 0x000000008c600000|100%| O|  |TAMS 0x000000008c500000, 0x000000008c500000| Untracked 
| 198|0x000000008c600000, 0x000000008c700000, 0x000000008c700000|100%| O|  |TAMS 0x000000008c600000, 0x000000008c600000| Untracked 
| 199|0x000000008c700000, 0x000000008c780000, 0x000000008c800000| 50%| O|  |TAMS 0x000000008c700000, 0x000000008c700000| Untracked 
| 200|0x000000008c800000, 0x000000008c800000, 0x000000008c900000|  0%| F|  |TAMS 0x000000008c800000, 0x000000008c800000| Untracked 
| 201|0x000000008c900000, 0x000000008c900000, 0x000000008ca00000|  0%| F|  |TAMS 0x000000008c900000, 0x000000008c900000| Untracked 
| 202|0x000000008ca00000, 0x000000008ca00000, 0x000000008cb00000|  0%| F|  |TAMS 0x000000008ca00000, 0x000000008ca00000| Untracked 
| 203|0x000000008cb00000, 0x000000008cb00000, 0x000000008cc00000|  0%| F|  |TAMS 0x000000008cb00000, 0x000000008cb00000| Untracked 
| 204|0x000000008cc00000, 0x000000008cc00000, 0x000000008cd00000|  0%| F|  |TAMS 0x000000008cc00000, 0x000000008cc00000| Untracked 
| 205|0x000000008cd00000, 0x000000008cd00000, 0x000000008ce00000|  0%| F|  |TAMS 0x000000008cd00000, 0x000000008cd00000| Untracked 
| 206|0x000000008ce00000, 0x000000008ce00000, 0x000000008cf00000|  0%| F|  |TAMS 0x000000008ce00000, 0x000000008ce00000| Untracked 
| 207|0x000000008cf00000, 0x000000008cf00000, 0x000000008d000000|  0%| F|  |TAMS 0x000000008cf00000, 0x000000008cf00000| Untracked 
| 208|0x000000008d000000, 0x000000008d000000, 0x000000008d100000|  0%| F|  |TAMS 0x000000008d000000, 0x000000008d000000| Untracked 
| 209|0x000000008d100000, 0x000000008d100000, 0x000000008d200000|  0%| F|  |TAMS 0x000000008d100000, 0x000000008d100000| Untracked 
| 210|0x000000008d200000, 0x000000008d200000, 0x000000008d300000|  0%| F|  |TAMS 0x000000008d200000, 0x000000008d200000| Untracked 
| 211|0x000000008d300000, 0x000000008d300000, 0x000000008d400000|  0%| F|  |TAMS 0x000000008d300000, 0x000000008d300000| Untracked 
| 212|0x000000008d400000, 0x000000008d400000, 0x000000008d500000|  0%| F|  |TAMS 0x000000008d400000, 0x000000008d400000| Untracked 
| 213|0x000000008d500000, 0x000000008d500000, 0x000000008d600000|  0%| F|  |TAMS 0x000000008d500000, 0x000000008d500000| Untracked 
| 214|0x000000008d600000, 0x000000008d600000, 0x000000008d700000|  0%| F|  |TAMS 0x000000008d600000, 0x000000008d600000| Untracked 
| 215|0x000000008d700000, 0x000000008d700000, 0x000000008d800000|  0%| F|  |TAMS 0x000000008d700000, 0x000000008d700000| Untracked 
| 216|0x000000008d800000, 0x000000008d800000, 0x000000008d900000|  0%| F|  |TAMS 0x000000008d800000, 0x000000008d800000| Untracked 
| 217|0x000000008d900000, 0x000000008d900000, 0x000000008da00000|  0%| F|  |TAMS 0x000000008d900000, 0x000000008d900000| Untracked 
| 218|0x000000008da00000, 0x000000008da00000, 0x000000008db00000|  0%| F|  |TAMS 0x000000008da00000, 0x000000008da00000| Untracked 
| 219|0x000000008db00000, 0x000000008db00000, 0x000000008dc00000|  0%| F|  |TAMS 0x000000008db00000, 0x000000008db00000| Untracked 
| 220|0x000000008dc00000, 0x000000008dc00000, 0x000000008dd00000|  0%| F|  |TAMS 0x000000008dc00000, 0x000000008dc00000| Untracked 
| 221|0x000000008dd00000, 0x000000008dd00000, 0x000000008de00000|  0%| F|  |TAMS 0x000000008dd00000, 0x000000008dd00000| Untracked 
| 222|0x000000008de00000, 0x000000008de00000, 0x000000008df00000|  0%| F|  |TAMS 0x000000008de00000, 0x000000008de00000| Untracked 
| 223|0x000000008df00000, 0x000000008df00000, 0x000000008e000000|  0%| F|  |TAMS 0x000000008df00000, 0x000000008df00000| Untracked 
| 224|0x000000008e000000, 0x000000008e000000, 0x000000008e100000|  0%| F|  |TAMS 0x000000008e000000, 0x000000008e000000| Untracked 
| 225|0x000000008e100000, 0x000000008e100000, 0x000000008e200000|  0%| F|  |TAMS 0x000000008e100000, 0x000000008e100000| Untracked 
| 226|0x000000008e200000, 0x000000008e200000, 0x000000008e300000|  0%| F|  |TAMS 0x000000008e200000, 0x000000008e200000| Untracked 
| 227|0x000000008e300000, 0x000000008e300000, 0x000000008e400000|  0%| F|  |TAMS 0x000000008e300000, 0x000000008e300000| Untracked 
| 228|0x000000008e400000, 0x000000008e400000, 0x000000008e500000|  0%| F|  |TAMS 0x000000008e400000, 0x000000008e400000| Untracked 
| 229|0x000000008e500000, 0x000000008e500000, 0x000000008e600000|  0%| F|  |TAMS 0x000000008e500000, 0x000000008e500000| Untracked 
| 230|0x000000008e600000, 0x000000008e600000, 0x000000008e700000|  0%| F|  |TAMS 0x000000008e600000, 0x000000008e600000| Untracked 
| 231|0x000000008e700000, 0x000000008e700000, 0x000000008e800000|  0%| F|  |TAMS 0x000000008e700000, 0x000000008e700000| Untracked 
| 232|0x000000008e800000, 0x000000008e800000, 0x000000008e900000|  0%| F|  |TAMS 0x000000008e800000, 0x000000008e800000| Untracked 
| 233|0x000000008e900000, 0x000000008e900000, 0x000000008ea00000|  0%| F|  |TAMS 0x000000008e900000, 0x000000008e900000| Untracked 
| 234|0x000000008ea00000, 0x000000008ea00000, 0x000000008eb00000|  0%| F|  |TAMS 0x000000008ea00000, 0x000000008ea00000| Untracked 
| 235|0x000000008eb00000, 0x000000008eb00000, 0x000000008ec00000|  0%| F|  |TAMS 0x000000008eb00000, 0x000000008eb00000| Untracked 
| 236|0x000000008ec00000, 0x000000008ec00000, 0x000000008ed00000|  0%| F|  |TAMS 0x000000008ec00000, 0x000000008ec00000| Untracked 
| 237|0x000000008ed00000, 0x000000008ed00000, 0x000000008ee00000|  0%| F|  |TAMS 0x000000008ed00000, 0x000000008ed00000| Untracked 
| 238|0x000000008ee00000, 0x000000008ee00000, 0x000000008ef00000|  0%| F|  |TAMS 0x000000008ee00000, 0x000000008ee00000| Untracked 
| 239|0x000000008ef00000, 0x000000008ef00000, 0x000000008f000000|  0%| F|  |TAMS 0x000000008ef00000, 0x000000008ef00000| Untracked 
| 240|0x000000008f000000, 0x000000008f000000, 0x000000008f100000|  0%| F|  |TAMS 0x000000008f000000, 0x000000008f000000| Untracked 
| 241|0x000000008f100000, 0x000000008f100000, 0x000000008f200000|  0%| F|  |TAMS 0x000000008f100000, 0x000000008f100000| Untracked 
| 242|0x000000008f200000, 0x000000008f200000, 0x000000008f300000|  0%| F|  |TAMS 0x000000008f200000, 0x000000008f200000| Untracked 
| 243|0x000000008f300000, 0x000000008f400000, 0x000000008f400000|100%| S|CS|TAMS 0x000000008f300000, 0x000000008f300000| Complete 
| 244|0x000000008f400000, 0x000000008f500000, 0x000000008f500000|100%| S|CS|TAMS 0x000000008f400000, 0x000000008f400000| Complete 
| 245|0x000000008f500000, 0x000000008f600000, 0x000000008f600000|100%| S|CS|TAMS 0x000000008f500000, 0x000000008f500000| Complete 
| 246|0x000000008f600000, 0x000000008f700000, 0x000000008f700000|100%| S|CS|TAMS 0x000000008f600000, 0x000000008f600000| Complete 
| 247|0x000000008f700000, 0x000000008f800000, 0x000000008f800000|100%| S|CS|TAMS 0x000000008f700000, 0x000000008f700000| Complete 
| 248|0x000000008f800000, 0x000000008f900000, 0x000000008f900000|100%| S|CS|TAMS 0x000000008f800000, 0x000000008f800000| Complete 
| 249|0x000000008f900000, 0x000000008fa00000, 0x000000008fa00000|100%| S|CS|TAMS 0x000000008f900000, 0x000000008f900000| Complete 
| 250|0x000000008fa00000, 0x000000008fa00000, 0x000000008fb00000|  0%| F|  |TAMS 0x000000008fa00000, 0x000000008fa00000| Untracked 
| 251|0x000000008fb00000, 0x000000008fb00000, 0x000000008fc00000|  0%| F|  |TAMS 0x000000008fb00000, 0x000000008fb00000| Untracked 
| 252|0x000000008fc00000, 0x000000008fc00000, 0x000000008fd00000|  0%| F|  |TAMS 0x000000008fc00000, 0x000000008fc00000| Untracked 
| 253|0x000000008fd00000, 0x000000008fd00000, 0x000000008fe00000|  0%| F|  |TAMS 0x000000008fd00000, 0x000000008fd00000| Untracked 
| 254|0x000000008fe00000, 0x000000008fe00000, 0x000000008ff00000|  0%| F|  |TAMS 0x000000008fe00000, 0x000000008fe00000| Untracked 
| 255|0x000000008ff00000, 0x000000008ff00000, 0x0000000090000000|  0%| F|  |TAMS 0x000000008ff00000, 0x000000008ff00000| Untracked 
| 256|0x0000000090000000, 0x0000000090000000, 0x0000000090100000|  0%| F|  |TAMS 0x0000000090000000, 0x0000000090000000| Untracked 
| 257|0x0000000090100000, 0x0000000090100000, 0x0000000090200000|  0%| F|  |TAMS 0x0000000090100000, 0x0000000090100000| Untracked 
| 258|0x0000000090200000, 0x0000000090200000, 0x0000000090300000|  0%| F|  |TAMS 0x0000000090200000, 0x0000000090200000| Untracked 
| 259|0x0000000090300000, 0x0000000090300000, 0x0000000090400000|  0%| F|  |TAMS 0x0000000090300000, 0x0000000090300000| Untracked 
| 260|0x0000000090400000, 0x0000000090400000, 0x0000000090500000|  0%| F|  |TAMS 0x0000000090400000, 0x0000000090400000| Untracked 
| 261|0x0000000090500000, 0x0000000090500000, 0x0000000090600000|  0%| F|  |TAMS 0x0000000090500000, 0x0000000090500000| Untracked 
| 262|0x0000000090600000, 0x0000000090600000, 0x0000000090700000|  0%| F|  |TAMS 0x0000000090600000, 0x0000000090600000| Untracked 
| 263|0x0000000090700000, 0x0000000090700000, 0x0000000090800000|  0%| F|  |TAMS 0x0000000090700000, 0x0000000090700000| Untracked 
| 264|0x0000000090800000, 0x0000000090800000, 0x0000000090900000|  0%| F|  |TAMS 0x0000000090800000, 0x0000000090800000| Untracked 
| 265|0x0000000090900000, 0x0000000090900000, 0x0000000090a00000|  0%| F|  |TAMS 0x0000000090900000, 0x0000000090900000| Untracked 
| 266|0x0000000090a00000, 0x0000000090a00000, 0x0000000090b00000|  0%| F|  |TAMS 0x0000000090a00000, 0x0000000090a00000| Untracked 
| 267|0x0000000090b00000, 0x0000000090b00000, 0x0000000090c00000|  0%| F|  |TAMS 0x0000000090b00000, 0x0000000090b00000| Untracked 
| 268|0x0000000090c00000, 0x0000000090c00000, 0x0000000090d00000|  0%| F|  |TAMS 0x0000000090c00000, 0x0000000090c00000| Untracked 
| 269|0x0000000090d00000, 0x0000000090d00000, 0x0000000090e00000|  0%| F|  |TAMS 0x0000000090d00000, 0x0000000090d00000| Untracked 
| 270|0x0000000090e00000, 0x0000000090e00000, 0x0000000090f00000|  0%| F|  |TAMS 0x0000000090e00000, 0x0000000090e00000| Untracked 
| 271|0x0000000090f00000, 0x0000000090f00000, 0x0000000091000000|  0%| F|  |TAMS 0x0000000090f00000, 0x0000000090f00000| Untracked 
| 272|0x0000000091000000, 0x0000000091000000, 0x0000000091100000|  0%| F|  |TAMS 0x0000000091000000, 0x0000000091000000| Untracked 
| 273|0x0000000091100000, 0x0000000091100000, 0x0000000091200000|  0%| F|  |TAMS 0x0000000091100000, 0x0000000091100000| Untracked 
| 274|0x0000000091200000, 0x0000000091200000, 0x0000000091300000|  0%| F|  |TAMS 0x0000000091200000, 0x0000000091200000| Untracked 
| 275|0x0000000091300000, 0x0000000091300000, 0x0000000091400000|  0%| F|  |TAMS 0x0000000091300000, 0x0000000091300000| Untracked 
| 276|0x0000000091400000, 0x0000000091400000, 0x0000000091500000|  0%| F|  |TAMS 0x0000000091400000, 0x0000000091400000| Untracked 
| 277|0x0000000091500000, 0x0000000091500000, 0x0000000091600000|  0%| F|  |TAMS 0x0000000091500000, 0x0000000091500000| Untracked 
| 278|0x0000000091600000, 0x0000000091600000, 0x0000000091700000|  0%| F|  |TAMS 0x0000000091600000, 0x0000000091600000| Untracked 
| 279|0x0000000091700000, 0x0000000091700000, 0x0000000091800000|  0%| F|  |TAMS 0x0000000091700000, 0x0000000091700000| Untracked 
| 280|0x0000000091800000, 0x0000000091800000, 0x0000000091900000|  0%| F|  |TAMS 0x0000000091800000, 0x0000000091800000| Untracked 
| 281|0x0000000091900000, 0x0000000091900000, 0x0000000091a00000|  0%| F|  |TAMS 0x0000000091900000, 0x0000000091900000| Untracked 
| 282|0x0000000091a00000, 0x0000000091a00000, 0x0000000091b00000|  0%| F|  |TAMS 0x0000000091a00000, 0x0000000091a00000| Untracked 
| 283|0x0000000091b00000, 0x0000000091b00000, 0x0000000091c00000|  0%| F|  |TAMS 0x0000000091b00000, 0x0000000091b00000| Untracked 
| 284|0x0000000091c00000, 0x0000000091c00000, 0x0000000091d00000|  0%| F|  |TAMS 0x0000000091c00000, 0x0000000091c00000| Untracked 
| 285|0x0000000091d00000, 0x0000000091d00000, 0x0000000091e00000|  0%| F|  |TAMS 0x0000000091d00000, 0x0000000091d00000| Untracked 
| 286|0x0000000091e00000, 0x0000000091e00000, 0x0000000091f00000|  0%| F|  |TAMS 0x0000000091e00000, 0x0000000091e00000| Untracked 
| 287|0x0000000091f00000, 0x0000000091f00000, 0x0000000092000000|  0%| F|  |TAMS 0x0000000091f00000, 0x0000000091f00000| Untracked 
| 288|0x0000000092000000, 0x0000000092000000, 0x0000000092100000|  0%| F|  |TAMS 0x0000000092000000, 0x0000000092000000| Untracked 
| 289|0x0000000092100000, 0x0000000092100000, 0x0000000092200000|  0%| F|  |TAMS 0x0000000092100000, 0x0000000092100000| Untracked 
| 290|0x0000000092200000, 0x0000000092200000, 0x0000000092300000|  0%| F|  |TAMS 0x0000000092200000, 0x0000000092200000| Untracked 
| 291|0x0000000092300000, 0x0000000092300000, 0x0000000092400000|  0%| F|  |TAMS 0x0000000092300000, 0x0000000092300000| Untracked 
| 292|0x0000000092400000, 0x0000000092400000, 0x0000000092500000|  0%| F|  |TAMS 0x0000000092400000, 0x0000000092400000| Untracked 
| 293|0x0000000092500000, 0x0000000092500000, 0x0000000092600000|  0%| F|  |TAMS 0x0000000092500000, 0x0000000092500000| Untracked 
| 294|0x0000000092600000, 0x0000000092600000, 0x0000000092700000|  0%| F|  |TAMS 0x0000000092600000, 0x0000000092600000| Untracked 
| 295|0x0000000092700000, 0x0000000092700000, 0x0000000092800000|  0%| F|  |TAMS 0x0000000092700000, 0x0000000092700000| Untracked 
| 296|0x0000000092800000, 0x0000000092800000, 0x0000000092900000|  0%| F|  |TAMS 0x0000000092800000, 0x0000000092800000| Untracked 

Card table byte_map: [0x0000014a3c4f0000,0x0000014a3c8f0000] _byte_map_base: 0x0000014a3c0f0000

Marking Bits (Prev, Next): (CMBitMap*) 0x0000014a2380f0b0, (CMBitMap*) 0x0000014a2380f0f0
 Prev Bits: [0x0000014a3ccf0000, 0x0000014a3ecf0000)
 Next Bits: [0x0000014a3ecf0000, 0x0000014a40cf0000)

Polling page: 0x0000014a23670000

Metaspace:

Usage:
  Non-class:     87.16 MB used.
      Class:     14.07 MB used.
       Both:    101.22 MB used.

Virtual space:
  Non-class space:       88.00 MB reserved,      88.00 MB (100%) committed,  11 nodes.
      Class space:      412.00 MB reserved,      14.88 MB (  4%) committed,  1 nodes.
             Both:      500.00 MB reserved,     102.88 MB ( 21%) committed. 

Chunk freelists:
   Non-Class:  0 bytes
       Class:  1.18 MB
        Both:  1.18 MB

MaxMetaspaceSize: 512.00 MB
CompressedClassSpaceSize: 412.00 MB
Initial GC threshold: 21.00 MB
Current GC threshold: 112.12 MB
CDS: on
MetaspaceReclaimPolicy: balanced
 - commit_granule_bytes: 65536.
 - commit_granule_words: 8192.
 - virtual_space_node_default_size: 1048576.
 - enlarge_chunks_in_place: 1.
 - new_chunks_are_fully_committed: 0.
 - uncommit_free_chunks: 1.
 - use_allocation_guard: 0.
 - handle_deallocations: 1.


Internal statistics:

num_allocs_failed_limit: 6.
num_arena_births: 1838.
num_arena_deaths: 0.
num_vsnodes_births: 12.
num_vsnodes_deaths: 0.
num_space_committed: 1646.
num_space_uncommitted: 0.
num_chunks_returned_to_freelist: 6.
num_chunks_taken_from_freelist: 6587.
num_chunk_merges: 6.
num_chunk_splits: 4230.
num_chunks_enlarged: 2631.
num_purges: 0.
num_inconsistent_stats: 0.

CodeHeap 'non-profiled nmethods': size=120000Kb used=8107Kb max_used=8107Kb free=111892Kb
 bounds [0x0000014a345a0000, 0x0000014a34d90000, 0x0000014a3bad0000]
CodeHeap 'profiled nmethods': size=120000Kb used=26112Kb max_used=26112Kb free=93887Kb
 bounds [0x0000014a2cad0000, 0x0000014a2e460000, 0x0000014a34000000]
CodeHeap 'non-nmethods': size=5760Kb used=2412Kb max_used=2511Kb free=3347Kb
 bounds [0x0000014a34000000, 0x0000014a34290000, 0x0000014a345a0000]
 total_blobs=13755 nmethods=12806 adapters=861
 compilation: enabled
              stopped_count=0, restarted_count=0
 full_count=0

Compilation events (20 events):
Event: 38.173 Thread 0x0000014a432fc2a0 14283       3       org.gradle.internal.resources.DefaultLease::<init> (14 bytes)
Event: 38.173 Thread 0x0000014a432fc2a0 nmethod 14283 0x0000014a2e44ba90 code [0x0000014a2e44bc40, 0x0000014a2e44bf78]
Event: 38.174 Thread 0x0000014a432fc2a0 14284       3       org.gradle.internal.work.DefaultWorkerLeaseService$3::run (48 bytes)
Event: 38.174 Thread 0x0000014a432fc2a0 nmethod 14284 0x0000014a2e44c090 code [0x0000014a2e44c2e0, 0x0000014a2e44ccc8]
Event: 38.174 Thread 0x0000014a432fc2a0 14285       3       org.gradle.internal.work.DefaultWorkerLeaseService::locksNotHeld (36 bytes)
Event: 38.175 Thread 0x0000014a432fc2a0 nmethod 14285 0x0000014a2e44cf90 code [0x0000014a2e44d180, 0x0000014a2e44d668]
Event: 38.178 Thread 0x0000014a432fc2a0 14286       3       org.gradle.api.internal.artifacts.DefaultModuleVersionIdentifier::<init> (98 bytes)
Event: 38.179 Thread 0x0000014a432fc2a0 nmethod 14286 0x0000014a2e44d890 code [0x0000014a2e44da60, 0x0000014a2e44de18]
Event: 38.181 Thread 0x0000014a432fc2a0 14287       3       org.gradle.internal.operations.DefaultBuildOperationQueue$WorkerRunnable$$Lambda$746/0x0000000801215398::create (12 bytes)
Event: 38.181 Thread 0x0000014a432fc2a0 nmethod 14287 0x0000014a2e44df90 code [0x0000014a2e44e140, 0x0000014a2e44e288]
Event: 38.181 Thread 0x0000014a432fc2a0 14288       3       org.gradle.internal.operations.DefaultBuildOperationQueue$WorkerRunnable::lambda$runBatch$1 (42 bytes)
Event: 38.182 Thread 0x0000014a432fc2a0 nmethod 14288 0x0000014a2e44e390 code [0x0000014a2e44e660, 0x0000014a2e44f6a8]
Event: 38.183 Thread 0x0000014a432fc2a0 14289       3       org.gradle.internal.operations.DefaultBuildOperationQueue$WorkerRunnable$$Lambda$747/0x00000008012155b8::<init> (15 bytes)
Event: 38.183 Thread 0x0000014a432fc2a0 nmethod 14289 0x0000014a2e44fd90 code [0x0000014a2e44ff40, 0x0000014a2e450158]
Event: 38.222 Thread 0x0000014a497c8e20 nmethod 14257 0x0000014a34d86c10 code [0x0000014a34d86ea0, 0x0000014a34d896e8]
Event: 38.222 Thread 0x0000014a497c8e20 14272       4       org.gradle.api.internal.attributes.DefaultImmutableAttributes::isPresent (13 bytes)
Event: 38.223 Thread 0x0000014a497c8e20 nmethod 14272 0x0000014a34d8a810 code [0x0000014a34d8a980, 0x0000014a34d8aa18]
Event: 38.223 Thread 0x0000014a497c8e20 14266       4       org.gradle.api.internal.artifacts.ivyservice.resolveengine.graph.builder.NodeState::isSelected (18 bytes)
Event: 38.224 Thread 0x0000014a497c8e20 nmethod 14266 0x0000014a34d8ab10 code [0x0000014a34d8ac80, 0x0000014a34d8ad38]
Event: 38.224 Thread 0x0000014a497c8e20 14270       4       org.gradle.api.internal.attributes.DefaultImmutableAttributes::coerce (38 bytes)

GC Heap History (20 events):
Event: 19.736 GC heap after
{Heap after GC invocations=31 (full 0):
 garbage-first heap   total 132096K, used 76387K [0x0000000080000000, 0x0000000100000000)
  region size 1024K, 1 young (1024K), 1 survivors (1024K)
 Metaspace       used 63373K, committed 64064K, reserved 479232K
  class space    used 8855K, committed 9152K, reserved 421888K
}
Event: 20.149 GC heap before
{Heap before GC invocations=31 (full 0):
 garbage-first heap   total 132096K, used 104035K [0x0000000080000000, 0x0000000100000000)
  region size 1024K, 28 young (28672K), 1 survivors (1024K)
 Metaspace       used 67547K, committed 68288K, reserved 487424K
  class space    used 9290K, committed 9664K, reserved 421888K
}
Event: 20.152 GC heap after
{Heap after GC invocations=32 (full 0):
 garbage-first heap   total 132096K, used 77033K [0x0000000080000000, 0x0000000100000000)
  region size 1024K, 2 young (2048K), 2 survivors (2048K)
 Metaspace       used 67547K, committed 68288K, reserved 487424K
  class space    used 9290K, committed 9664K, reserved 421888K
}
Event: 20.657 GC heap before
{Heap before GC invocations=33 (full 0):
 garbage-first heap   total 138240K, used 111849K [0x0000000080000000, 0x0000000100000000)
  region size 1024K, 30 young (30720K), 2 survivors (2048K)
 Metaspace       used 70379K, committed 71168K, reserved 487424K
  class space    used 9638K, committed 10048K, reserved 421888K
}
Event: 20.663 GC heap after
{Heap after GC invocations=34 (full 0):
 garbage-first heap   total 138240K, used 80481K [0x0000000080000000, 0x0000000100000000)
  region size 1024K, 4 young (4096K), 4 survivors (4096K)
 Metaspace       used 70379K, committed 71168K, reserved 487424K
  class space    used 9638K, committed 10048K, reserved 421888K
}
Event: 20.682 GC heap before
{Heap before GC invocations=34 (full 0):
 garbage-first heap   total 138240K, used 82529K [0x0000000080000000, 0x0000000100000000)
  region size 1024K, 6 young (6144K), 4 survivors (4096K)
 Metaspace       used 70536K, committed 71296K, reserved 487424K
  class space    used 9661K, committed 10048K, reserved 421888K
}
Event: 20.689 GC heap after
{Heap after GC invocations=35 (full 0):
 garbage-first heap   total 304128K, used 80178K [0x0000000080000000, 0x0000000100000000)
  region size 1024K, 1 young (1024K), 1 survivors (1024K)
 Metaspace       used 70536K, committed 71296K, reserved 487424K
  class space    used 9661K, committed 10048K, reserved 421888K
}
Event: 29.762 GC heap before
{Heap before GC invocations=35 (full 0):
 garbage-first heap   total 304128K, used 231730K [0x0000000080000000, 0x0000000100000000)
  region size 1024K, 148 young (151552K), 1 survivors (1024K)
 Metaspace       used 81472K, committed 82368K, reserved 495616K
  class space    used 11337K, committed 11776K, reserved 421888K
}
Event: 29.778 GC heap after
{Heap after GC invocations=36 (full 0):
 garbage-first heap   total 304128K, used 91773K [0x0000000080000000, 0x0000000100000000)
  region size 1024K, 12 young (12288K), 12 survivors (12288K)
 Metaspace       used 81472K, committed 82368K, reserved 495616K
  class space    used 11337K, committed 11776K, reserved 421888K
}
Event: 31.932 GC heap before
{Heap before GC invocations=36 (full 0):
 garbage-first heap   total 304128K, used 235133K [0x0000000080000000, 0x0000000100000000)
  region size 1024K, 146 young (149504K), 12 survivors (12288K)
 Metaspace       used 87477K, committed 88512K, reserved 503808K
  class space    used 12194K, committed 12736K, reserved 421888K
}
Event: 31.965 GC heap after
{Heap after GC invocations=37 (full 0):
 garbage-first heap   total 304128K, used 118928K [0x0000000080000000, 0x0000000100000000)
  region size 1024K, 19 young (19456K), 19 survivors (19456K)
 Metaspace       used 87477K, committed 88512K, reserved 503808K
  class space    used 12194K, committed 12736K, reserved 421888K
}
Event: 33.878 GC heap before
{Heap before GC invocations=37 (full 0):
 garbage-first heap   total 304128K, used 229520K [0x0000000080000000, 0x0000000100000000)
  region size 1024K, 127 young (130048K), 19 survivors (19456K)
 Metaspace       used 93426K, committed 94528K, reserved 503808K
  class space    used 12961K, committed 13504K, reserved 421888K
}
Event: 33.910 GC heap after
{Heap after GC invocations=38 (full 0):
 garbage-first heap   total 304128K, used 134144K [0x0000000080000000, 0x0000000100000000)
  region size 1024K, 15 young (15360K), 15 survivors (15360K)
 Metaspace       used 93426K, committed 94528K, reserved 503808K
  class space    used 12961K, committed 13504K, reserved 421888K
}
Event: 35.531 GC heap before
{Heap before GC invocations=38 (full 0):
 garbage-first heap   total 304128K, used 235520K [0x0000000080000000, 0x0000000100000000)
  region size 1024K, 114 young (116736K), 15 survivors (15360K)
 Metaspace       used 96517K, committed 97920K, reserved 512000K
  class space    used 13424K, committed 14080K, reserved 421888K
}
Event: 35.572 GC heap after
{Heap after GC invocations=39 (full 0):
 garbage-first heap   total 304128K, used 151552K [0x0000000080000000, 0x0000000100000000)
  region size 1024K, 15 young (15360K), 15 survivors (15360K)
 Metaspace       used 96517K, committed 97920K, reserved 512000K
  class space    used 13424K, committed 14080K, reserved 421888K
}
Event: 36.615 GC heap before
{Heap before GC invocations=39 (full 0):
 garbage-first heap   total 304128K, used 250880K [0x0000000080000000, 0x0000000100000000)
  region size 1024K, 100 young (102400K), 15 survivors (15360K)
 Metaspace       used 99036K, committed 100480K, reserved 512000K
  class space    used 13768K, committed 14464K, reserved 421888K
}
Event: 36.646 GC heap after
{Heap after GC invocations=40 (full 0):
 garbage-first heap   total 304128K, used 185856K [0x0000000080000000, 0x0000000100000000)
  region size 1024K, 13 young (13312K), 13 survivors (13312K)
 Metaspace       used 99036K, committed 100480K, reserved 512000K
  class space    used 13768K, committed 14464K, reserved 421888K
}
Event: 37.453 GC heap before
{Heap before GC invocations=40 (full 0):
 garbage-first heap   total 304128K, used 246272K [0x0000000080000000, 0x0000000100000000)
  region size 1024K, 70 young (71680K), 13 survivors (13312K)
 Metaspace       used 101484K, committed 102976K, reserved 512000K
  class space    used 14100K, committed 14848K, reserved 421888K
}
Event: 37.478 GC heap after
{Heap after GC invocations=41 (full 0):
 garbage-first heap   total 304128K, used 198656K [0x0000000080000000, 0x0000000100000000)
  region size 1024K, 9 young (9216K), 9 survivors (9216K)
 Metaspace       used 101484K, committed 102976K, reserved 512000K
  class space    used 14100K, committed 14848K, reserved 421888K
}
Event: 38.228 GC heap before
{Heap before GC invocations=41 (full 0):
 garbage-first heap   total 304128K, used 251904K [0x0000000080000000, 0x0000000100000000)
  region size 1024K, 56 young (57344K), 9 survivors (9216K)
 Metaspace       used 103654K, committed 105344K, reserved 512000K
  class space    used 14402K, committed 15232K, reserved 421888K
}

Dll operation events (12 events):
Event: 0.006 Loaded shared library C:\Program Files\Eclipse Adoptium\jdk-17.0.6.10-hotspot\bin\java.dll
Event: 0.014 Loaded shared library C:\Program Files\Eclipse Adoptium\jdk-17.0.6.10-hotspot\bin\jsvml.dll
Event: 0.053 Loaded shared library C:\Program Files\Eclipse Adoptium\jdk-17.0.6.10-hotspot\bin\net.dll
Event: 0.054 Loaded shared library C:\Program Files\Eclipse Adoptium\jdk-17.0.6.10-hotspot\bin\nio.dll
Event: 0.058 Loaded shared library C:\Program Files\Eclipse Adoptium\jdk-17.0.6.10-hotspot\bin\zip.dll
Event: 0.218 Loaded shared library C:\Program Files\Eclipse Adoptium\jdk-17.0.6.10-hotspot\bin\jimage.dll
Event: 0.290 Loaded shared library C:\Program Files\Eclipse Adoptium\jdk-17.0.6.10-hotspot\bin\verify.dll
Event: 0.464 Loaded shared library C:\Users\songe\.gradle\native\68d5fa5c4cc2d200863cafc0d521ce42e7d3e7ee720ec0a83991735586a16f82\windows-amd64\native-platform.dll
Event: 0.469 Loaded shared library C:\Users\songe\.gradle\native\e376f236ea51e6404a007f0833ffe2c6e607c4080706a723a18a27aeea778392\windows-amd64\native-platform-file-events.dll
Event: 1.191 Loaded shared library C:\Program Files\Eclipse Adoptium\jdk-17.0.6.10-hotspot\bin\management.dll
Event: 1.194 Loaded shared library C:\Program Files\Eclipse Adoptium\jdk-17.0.6.10-hotspot\bin\management_ext.dll
Event: 1.638 Loaded shared library C:\Program Files\Eclipse Adoptium\jdk-17.0.6.10-hotspot\bin\sunmscapi.dll

Deoptimization events (20 events):
Event: 37.144 Thread 0x0000014a45423fc0 DEOPT PACKING pc=0x0000014a34d3030c sp=0x00000020e3ef83e0
Event: 37.145 Thread 0x0000014a45423fc0 DEOPT UNPACKING pc=0x0000014a340569a3 sp=0x00000020e3ef8360 mode 2
Event: 37.200 Thread 0x0000014a4878b6b0 Uncommon trap: trap_request=0xffffff45 fr.pc=0x0000014a34969ba8 relative=0x0000000000000388
Event: 37.200 Thread 0x0000014a4878b6b0 Uncommon trap: reason=unstable_if action=reinterpret pc=0x0000014a34969ba8 method=java.util.concurrent.ConcurrentLinkedQueue.offer(Ljava/lang/Object;)Z @ 42 c2
Event: 37.201 Thread 0x0000014a4878b6b0 DEOPT PACKING pc=0x0000014a34969ba8 sp=0x00000020e4ffe720
Event: 37.201 Thread 0x0000014a4878b6b0 DEOPT UNPACKING pc=0x0000014a340569a3 sp=0x00000020e4ffe6c0 mode 2
Event: 37.376 Thread 0x0000014a45423fc0 Uncommon trap: trap_request=0xffffff45 fr.pc=0x0000014a34c469cc relative=0x000000000000056c
Event: 37.376 Thread 0x0000014a45423fc0 Uncommon trap: reason=unstable_if action=reinterpret pc=0x0000014a34c469cc method=org.gradle.internal.logging.text.AbstractLineChoppingStyledTextOutput$2.execute(Lorg/gradle/internal/logging/text/AbstractLineChoppingStyledTextOutput$StateContext;)V @ 34 c
Event: 37.376 Thread 0x0000014a45423fc0 DEOPT PACKING pc=0x0000014a34c469cc sp=0x00000020e3ef76d0
Event: 37.376 Thread 0x0000014a45423fc0 DEOPT UNPACKING pc=0x0000014a340569a3 sp=0x00000020e3ef7558 mode 2
Event: 37.376 Thread 0x0000014a45423fc0 Uncommon trap: trap_request=0xffffff45 fr.pc=0x0000014a34c47844 relative=0x0000000000000564
Event: 37.376 Thread 0x0000014a45423fc0 Uncommon trap: reason=unstable_if action=reinterpret pc=0x0000014a34c47844 method=org.gradle.internal.logging.text.AbstractLineChoppingStyledTextOutput$2.execute(Lorg/gradle/internal/logging/text/AbstractLineChoppingStyledTextOutput$StateContext;)V @ 34 c
Event: 37.376 Thread 0x0000014a45423fc0 DEOPT PACKING pc=0x0000014a34c47844 sp=0x00000020e3ef7640
Event: 37.376 Thread 0x0000014a45423fc0 DEOPT UNPACKING pc=0x0000014a340569a3 sp=0x00000020e3ef7540 mode 2
Event: 37.515 Thread 0x0000014a4878b6b0 Uncommon trap: trap_request=0xffffff45 fr.pc=0x0000014a34687400 relative=0x00000000000004e0
Event: 37.515 Thread 0x0000014a4878b6b0 Uncommon trap: reason=unstable_if action=reinterpret pc=0x0000014a34687400 method=java.util.concurrent.ConcurrentLinkedQueue.poll()Ljava/lang/Object; @ 24 c2
Event: 37.515 Thread 0x0000014a4878b6b0 DEOPT PACKING pc=0x0000014a34687400 sp=0x00000020e4ffe740
Event: 37.515 Thread 0x0000014a4878b6b0 DEOPT UNPACKING pc=0x0000014a340569a3 sp=0x00000020e4ffe6e8 mode 2
Event: 38.050 Thread 0x0000014a45423fc0 DEOPT PACKING pc=0x0000014a2dd1ea17 sp=0x00000020e3ef8b20
Event: 38.050 Thread 0x0000014a45423fc0 DEOPT UNPACKING pc=0x0000014a34057143 sp=0x00000020e3ef7fa8 mode 0

Classes unloaded (0 events):
No events

Classes redefined (0 events):
No events

Internal exceptions (20 events):
Event: 37.841 Thread 0x0000014a45423fc0 Exception <a 'java/lang/ClassNotFoundException'{0x0000000091076a28}: org/jetbrains/kotlin/gradle/targets/js/npm/NpmDependencyExtensionKt$defaultNpmDependencyDelegate$1Customizer> (0x0000000091076a28) 
thrown [s\src\hotspot\share\classfile\systemDictionary.cpp, line 256]
Event: 37.843 Thread 0x0000014a45423fc0 Exception <a 'java/lang/ClassNotFoundException'{0x00000000910ab1a8}: org/jetbrains/kotlin/gradle/targets/js/npm/DefaultDevNpmDependencyExtensionBeanInfo> (0x00000000910ab1a8) 
thrown [s\src\hotspot\share\classfile\systemDictionary.cpp, line 256]
Event: 37.844 Thread 0x0000014a45423fc0 Exception <a 'java/lang/ClassNotFoundException'{0x00000000910b6cd8}: org/jetbrains/kotlin/gradle/targets/js/npm/DefaultDevNpmDependencyExtensionCustomizer> (0x00000000910b6cd8) 
thrown [s\src\hotspot\share\classfile\systemDictionary.cpp, line 256]
Event: 37.846 Thread 0x0000014a45423fc0 Exception <a 'java/lang/ClassNotFoundException'{0x00000000910f0220}: org/jetbrains/kotlin/gradle/targets/js/npm/DefaultPeerNpmDependencyExtensionBeanInfo> (0x00000000910f0220) 
thrown [s\src\hotspot\share\classfile\systemDictionary.cpp, line 256]
Event: 37.847 Thread 0x0000014a45423fc0 Exception <a 'java/lang/ClassNotFoundException'{0x00000000910fbd98}: org/jetbrains/kotlin/gradle/targets/js/npm/DefaultPeerNpmDependencyExtensionCustomizer> (0x00000000910fbd98) 
thrown [s\src\hotspot\share\classfile\systemDictionary.cpp, line 256]
Event: 37.849 Thread 0x0000014a45423fc0 Exception <a 'java/lang/ClassNotFoundException'{0x0000000090f3c6d8}: org/jetbrains/kotlin/gradle/targets/js/npm/DefaultPeerNpmDependencyExtension$delegate$1BeanInfo> (0x0000000090f3c6d8) 
thrown [s\src\hotspot\share\classfile\systemDictionary.cpp, line 256]
Event: 37.849 Thread 0x0000014a45423fc0 Exception <a 'java/lang/ClassNotFoundException'{0x0000000090f48a68}: org/jetbrains/kotlin/gradle/targets/js/npm/DefaultPeerNpmDependencyExtension$delegate$1Customizer> (0x0000000090f48a68) 
thrown [s\src\hotspot\share\classfile\systemDictionary.cpp, line 256]
Event: 37.860 Thread 0x0000014a45423fc0 Exception <a 'java/lang/ClassNotFoundException'{0x0000000090fce908}: build_2ileyqlgb6iidfr8e67f8rxle$_run_closure1BeanInfo> (0x0000000090fce908) 
thrown [s\src\hotspot\share\classfile\systemDictionary.cpp, line 256]
Event: 37.861 Thread 0x0000014a45423fc0 Exception <a 'java/lang/ClassNotFoundException'{0x0000000090fda058}: build_2ileyqlgb6iidfr8e67f8rxle$_run_closure1Customizer> (0x0000000090fda058) 
thrown [s\src\hotspot\share\classfile\systemDictionary.cpp, line 256]
Event: 37.865 Thread 0x0000014a45423fc0 Exception <a 'java/lang/ClassNotFoundException'{0x0000000090e27578}: com/android/build/gradle/internal/dsl/NdkOptions_DecoratedBeanInfo> (0x0000000090e27578) 
thrown [s\src\hotspot\share\classfile\systemDictionary.cpp, line 256]
Event: 37.866 Thread 0x0000014a45423fc0 Exception <a 'java/lang/ClassNotFoundException'{0x0000000090e37328}: com/android/build/gradle/internal/dsl/NdkOptionsBeanInfo> (0x0000000090e37328) 
thrown [s\src\hotspot\share\classfile\systemDictionary.cpp, line 256]
Event: 37.866 Thread 0x0000014a45423fc0 Exception <a 'java/lang/ClassNotFoundException'{0x0000000090e470f0}: com/android/build/gradle/internal/dsl/NdkOptionsCustomizer> (0x0000000090e470f0) 
thrown [s\src\hotspot\share\classfile\systemDictionary.cpp, line 256]
Event: 37.868 Thread 0x0000014a45423fc0 Exception <a 'java/lang/ClassNotFoundException'{0x0000000090e6ab70}: com/android/build/gradle/internal/dsl/NdkOptions_DecoratedCustomizer> (0x0000000090e6ab70) 
thrown [s\src\hotspot\share\classfile\systemDictionary.cpp, line 256]
Event: 37.880 Thread 0x0000014a45423fc0 Exception <a 'java/lang/ClassNotFoundException'{0x0000000090d0cd50}: org/jetbrains/kotlin/gradle/plugin/sources/DefaultKotlinSourceSetBeanInfo> (0x0000000090d0cd50) 
thrown [s\src\hotspot\share\classfile\systemDictionary.cpp, line 256]
Event: 37.880 Thread 0x0000014a45423fc0 Exception <a 'java/lang/ClassNotFoundException'{0x0000000090d1beb0}: org/jetbrains/kotlin/gradle/plugin/sources/DefaultKotlinSourceSetCustomizer> (0x0000000090d1beb0) 
thrown [s\src\hotspot\share\classfile\systemDictionary.cpp, line 256]
Event: 37.969 Thread 0x0000014a45423fc0 Exception <a 'java/lang/NoClassDefFoundError'{0x0000000090734f78}: org/jetbrains/kotlin/gradle/plugin/KotlinBasePluginWrapper> (0x0000000090734f78) 
thrown [s\src\hotspot\share\oops\constantPool.cpp, line 835]
Event: 38.051 Thread 0x0000014a45423fc0 Exception <a 'java/lang/ClassNotFoundException'{0x00000000905ef528}: build_cb3guvfhqiizn7yvq9m47jegmBeanInfo> (0x00000000905ef528) 
thrown [s\src\hotspot\share\classfile\systemDictionary.cpp, line 256]
Event: 38.051 Thread 0x0000014a45423fc0 Exception <a 'java/lang/ClassNotFoundException'{0x00000000905f5da8}: build_cb3guvfhqiizn7yvq9m47jegmCustomizer> (0x00000000905f5da8) 
thrown [s\src\hotspot\share\classfile\systemDictionary.cpp, line 256]
Event: 38.061 Thread 0x0000014a45423fc0 Exception <a 'java/lang/ClassNotFoundException'{0x0000000090486d98}: build_cb3guvfhqiizn7yvq9m47jegm$_run_closure1BeanInfo> (0x0000000090486d98) 
thrown [s\src\hotspot\share\classfile\systemDictionary.cpp, line 256]
Event: 38.061 Thread 0x0000014a45423fc0 Exception <a 'java/lang/ClassNotFoundException'{0x000000009048dcf0}: build_cb3guvfhqiizn7yvq9m47jegm$_run_closure1Customizer> (0x000000009048dcf0) 
thrown [s\src\hotspot\share\classfile\systemDictionary.cpp, line 256]

VM Operations (20 events):
Event: 34.193 Executing VM operation: ICBufferFull done
Event: 34.196 Executing VM operation: HandshakeAllThreads
Event: 34.197 Executing VM operation: HandshakeAllThreads done
Event: 34.519 Executing VM operation: ICBufferFull
Event: 34.520 Executing VM operation: ICBufferFull done
Event: 35.043 Executing VM operation: ICBufferFull
Event: 35.043 Executing VM operation: ICBufferFull done
Event: 35.492 Executing VM operation: ICBufferFull
Event: 35.493 Executing VM operation: ICBufferFull done
Event: 35.530 Executing VM operation: G1CollectForAllocation
Event: 35.573 Executing VM operation: G1CollectForAllocation done
Event: 36.086 Executing VM operation: ICBufferFull
Event: 36.087 Executing VM operation: ICBufferFull done
Event: 36.445 Executing VM operation: ICBufferFull
Event: 36.445 Executing VM operation: ICBufferFull done
Event: 36.615 Executing VM operation: G1CollectForAllocation
Event: 36.646 Executing VM operation: G1CollectForAllocation done
Event: 37.453 Executing VM operation: G1CollectForAllocation
Event: 37.480 Executing VM operation: G1CollectForAllocation done
Event: 38.228 Executing VM operation: G1CollectForAllocation

Events (20 events):
Event: 36.064 loading class java/util/TreeSetBeanInfo
Event: 36.064 loading class java/util/TreeSetBeanInfo done
Event: 36.064 loading class java/util/TreeSetCustomizer
Event: 36.064 loading class java/util/TreeSetCustomizer done
Event: 36.064 loading class java/util/TreeSetCustomizer
Event: 36.064 loading class java/util/TreeSetCustomizer done
Event: 37.136 loading class java/util/Collections$ReverseComparator
Event: 37.136 loading class java/util/Collections$ReverseComparator done
Event: 37.136 loading class java/util/Comparators$NaturalOrderComparator
Event: 37.136 loading class java/util/Comparators$NaturalOrderComparator done
Event: 37.136 loading class java/util/Collections$ReverseComparator2
Event: 37.136 loading class java/util/Collections$ReverseComparator2 done
Event: 37.372 loading class java/nio/file/PathsBeanInfo
Event: 37.372 loading class java/nio/file/PathsBeanInfo done
Event: 37.372 loading class java/nio/file/PathsBeanInfo
Event: 37.372 loading class java/nio/file/PathsBeanInfo done
Event: 37.372 loading class java/nio/file/PathsCustomizer
Event: 37.372 loading class java/nio/file/PathsCustomizer done
Event: 37.372 loading class java/nio/file/PathsCustomizer
Event: 37.372 loading class java/nio/file/PathsCustomizer done


Dynamic libraries:
0x00007ff7e0370000 - 0x00007ff7e037e000 	C:\Program Files\Eclipse Adoptium\jdk-17.0.6.10-hotspot\bin\java.exe
0x00007ffd5a750000 - 0x00007ffd5a948000 	C:\WINDOWS\SYSTEM32\ntdll.dll
0x00007ffd5a4b0000 - 0x00007ffd5a56f000 	C:\WINDOWS\System32\KERNEL32.DLL
0x00007ffd584b0000 - 0x00007ffd587a6000 	C:\WINDOWS\System32\KERNELBASE.dll
0x00007ffd58360000 - 0x00007ffd58460000 	C:\WINDOWS\System32\ucrtbase.dll
0x00007ffd47d40000 - 0x00007ffd47d59000 	C:\Program Files\Eclipse Adoptium\jdk-17.0.6.10-hotspot\bin\VCRUNTIME140.dll
0x00007ffd47d60000 - 0x00007ffd47d77000 	C:\Program Files\Eclipse Adoptium\jdk-17.0.6.10-hotspot\bin\jli.dll
0x00007ffd5a570000 - 0x00007ffd5a70d000 	C:\WINDOWS\System32\USER32.dll
0x00007ffd57ef0000 - 0x00007ffd57f12000 	C:\WINDOWS\System32\win32u.dll
0x00007ffd44bc0000 - 0x00007ffd44e5a000 	C:\WINDOWS\WinSxS\amd64_microsoft.windows.common-controls_6595b64144ccf1df_6.0.19041.1110_none_60b5254171f9507e\COMCTL32.dll
0x00007ffd5a120000 - 0x00007ffd5a14c000 	C:\WINDOWS\System32\GDI32.dll
0x00007ffd5a160000 - 0x00007ffd5a1fe000 	C:\WINDOWS\System32\msvcrt.dll
0x00007ffd57f20000 - 0x00007ffd58035000 	C:\WINDOWS\System32\gdi32full.dll
0x00007ffd58040000 - 0x00007ffd580dd000 	C:\WINDOWS\System32\msvcp_win.dll
0x00007ffd5a350000 - 0x00007ffd5a380000 	C:\WINDOWS\System32\IMM32.DLL
0x00007ffd47d30000 - 0x00007ffd47d3c000 	C:\Program Files\Eclipse Adoptium\jdk-17.0.6.10-hotspot\bin\vcruntime140_1.dll
0x00007ffd3a8a0000 - 0x00007ffd3a931000 	C:\Program Files\Eclipse Adoptium\jdk-17.0.6.10-hotspot\bin\msvcp140.dll
0x00007ffcda050000 - 0x00007ffcdac97000 	C:\Program Files\Eclipse Adoptium\jdk-17.0.6.10-hotspot\bin\server\jvm.dll
0x00007ffd58810000 - 0x00007ffd588bf000 	C:\WINDOWS\System32\ADVAPI32.dll
0x00007ffd591d0000 - 0x00007ffd5926c000 	C:\WINDOWS\System32\sechost.dll
0x00007ffd59270000 - 0x00007ffd59396000 	C:\WINDOWS\System32\RPCRT4.dll
0x00007ffd40b90000 - 0x00007ffd40b99000 	C:\WINDOWS\SYSTEM32\WSOCK32.dll
0x00007ffd45a70000 - 0x00007ffd45a97000 	C:\WINDOWS\SYSTEM32\WINMM.dll
0x00007ffd58bc0000 - 0x00007ffd58c2b000 	C:\WINDOWS\System32\WS2_32.dll
0x00007ffd4e9e0000 - 0x00007ffd4e9ea000 	C:\WINDOWS\SYSTEM32\VERSION.dll
0x00007ffd56670000 - 0x00007ffd56682000 	C:\WINDOWS\SYSTEM32\kernel.appcore.dll
0x00007ffd47d20000 - 0x00007ffd47d2a000 	C:\Program Files\Eclipse Adoptium\jdk-17.0.6.10-hotspot\bin\jimage.dll
0x00007ffd55ba0000 - 0x00007ffd55d84000 	C:\WINDOWS\SYSTEM32\DBGHELP.DLL
0x00007ffd3bb60000 - 0x00007ffd3bb94000 	C:\WINDOWS\SYSTEM32\dbgcore.DLL
0x00007ffd57e60000 - 0x00007ffd57ee2000 	C:\WINDOWS\System32\bcryptPrimitives.dll
0x00007ffd47c50000 - 0x00007ffd47c75000 	C:\Program Files\Eclipse Adoptium\jdk-17.0.6.10-hotspot\bin\java.dll
0x00007ffd3a7c0000 - 0x00007ffd3a896000 	C:\Program Files\Eclipse Adoptium\jdk-17.0.6.10-hotspot\bin\jsvml.dll
0x00007ffd599c0000 - 0x00007ffd5a104000 	C:\WINDOWS\System32\SHELL32.dll
0x00007ffd55db0000 - 0x00007ffd56543000 	C:\WINDOWS\SYSTEM32\windows.storage.dll
0x00007ffd59450000 - 0x00007ffd597a4000 	C:\WINDOWS\System32\combase.dll
0x00007ffd57870000 - 0x00007ffd5789e000 	C:\WINDOWS\SYSTEM32\Wldp.dll
0x00007ffd5a280000 - 0x00007ffd5a32d000 	C:\WINDOWS\System32\SHCORE.dll
0x00007ffd588c0000 - 0x00007ffd58915000 	C:\WINDOWS\System32\shlwapi.dll
0x00007ffd57d60000 - 0x00007ffd57d85000 	C:\WINDOWS\SYSTEM32\profapi.dll
0x00007ffd47c00000 - 0x00007ffd47c19000 	C:\Program Files\Eclipse Adoptium\jdk-17.0.6.10-hotspot\bin\net.dll
0x00007ffd4c530000 - 0x00007ffd4c63a000 	C:\WINDOWS\SYSTEM32\WINHTTP.dll
0x00007ffd575d0000 - 0x00007ffd5763a000 	C:\WINDOWS\system32\mswsock.dll
0x00007ffd47be0000 - 0x00007ffd47bf5000 	C:\Program Files\Eclipse Adoptium\jdk-17.0.6.10-hotspot\bin\nio.dll
0x00007ffd47bc0000 - 0x00007ffd47bd8000 	C:\Program Files\Eclipse Adoptium\jdk-17.0.6.10-hotspot\bin\zip.dll
0x00007ffd47bb0000 - 0x00007ffd47bc0000 	C:\Program Files\Eclipse Adoptium\jdk-17.0.6.10-hotspot\bin\verify.dll
0x00007ffd407f0000 - 0x00007ffd40817000 	C:\Users\songe\.gradle\native\68d5fa5c4cc2d200863cafc0d521ce42e7d3e7ee720ec0a83991735586a16f82\windows-amd64\native-platform.dll
0x00007ffd15280000 - 0x00007ffd153c4000 	C:\Users\songe\.gradle\native\e376f236ea51e6404a007f0833ffe2c6e607c4080706a723a18a27aeea778392\windows-amd64\native-platform-file-events.dll
0x00007ffd47a40000 - 0x00007ffd47a49000 	C:\Program Files\Eclipse Adoptium\jdk-17.0.6.10-hotspot\bin\management.dll
0x00007ffd3ca50000 - 0x00007ffd3ca5b000 	C:\Program Files\Eclipse Adoptium\jdk-17.0.6.10-hotspot\bin\management_ext.dll
0x00007ffd5a110000 - 0x00007ffd5a118000 	C:\WINDOWS\System32\PSAPI.DLL
0x00007ffd577d0000 - 0x00007ffd577e8000 	C:\WINDOWS\SYSTEM32\CRYPTSP.dll
0x00007ffd56e70000 - 0x00007ffd56ea4000 	C:\WINDOWS\system32\rsaenh.dll
0x00007ffd57e30000 - 0x00007ffd57e57000 	C:\WINDOWS\System32\bcrypt.dll
0x00007ffd57d20000 - 0x00007ffd57d4e000 	C:\WINDOWS\SYSTEM32\USERENV.dll
0x00007ffd577c0000 - 0x00007ffd577cc000 	C:\WINDOWS\SYSTEM32\CRYPTBASE.dll
0x00007ffd57270000 - 0x00007ffd572ab000 	C:\WINDOWS\SYSTEM32\IPHLPAPI.DLL
0x00007ffd5a150000 - 0x00007ffd5a158000 	C:\WINDOWS\System32\NSI.dll
0x00007ffd4e510000 - 0x00007ffd4e527000 	C:\WINDOWS\SYSTEM32\dhcpcsvc6.DLL
0x00007ffd4ea80000 - 0x00007ffd4ea9d000 	C:\WINDOWS\SYSTEM32\dhcpcsvc.DLL
0x00007ffd572b0000 - 0x00007ffd5737a000 	C:\WINDOWS\SYSTEM32\DNSAPI.dll
0x00007ffd52dc0000 - 0x00007ffd52dce000 	C:\Program Files\Eclipse Adoptium\jdk-17.0.6.10-hotspot\bin\sunmscapi.dll
0x00007ffd580e0000 - 0x00007ffd5823e000 	C:\WINDOWS\System32\CRYPT32.dll
0x00007ffd578e0000 - 0x00007ffd57908000 	C:\WINDOWS\SYSTEM32\ncrypt.dll
0x00007ffd578a0000 - 0x00007ffd578db000 	C:\WINDOWS\SYSTEM32\NTASN1.dll
0x00007ffd52080000 - 0x00007ffd52087000 	C:\WINDOWS\system32\wshunix.dll
0x00007ffd31290000 - 0x00007ffd312a7000 	C:\WINDOWS\system32\napinsp.dll
0x00007ffd30c70000 - 0x00007ffd30c8b000 	C:\WINDOWS\system32\pnrpnsp.dll
0x00007ffd52d70000 - 0x00007ffd52d8d000 	C:\WINDOWS\system32\NLAapi.dll
0x00007ffd30c50000 - 0x00007ffd30c65000 	C:\WINDOWS\system32\wshbth.dll
0x00007ffd30c30000 - 0x00007ffd30c42000 	C:\WINDOWS\System32\winrnr.dll
0x00007ffd43df0000 - 0x00007ffd43dfa000 	C:\Windows\System32\rasadhlp.dll
0x00007ffd43e00000 - 0x00007ffd43e82000 	C:\WINDOWS\System32\fwpuclnt.dll

dbghelp: loaded successfully - version: 4.0.5 - missing functions: none
symbol engine: initialized successfully - sym options: 0x614 - pdb path: .;C:\Program Files\Eclipse Adoptium\jdk-17.0.6.10-hotspot\bin;C:\WINDOWS\SYSTEM32;C:\WINDOWS\WinSxS\amd64_microsoft.windows.common-controls_6595b64144ccf1df_6.0.19041.1110_none_60b5254171f9507e;C:\Program Files\Eclipse Adoptium\jdk-17.0.6.10-hotspot\bin\server;C:\Users\songe\.gradle\native\68d5fa5c4cc2d200863cafc0d521ce42e7d3e7ee720ec0a83991735586a16f82\windows-amd64;C:\Users\songe\.gradle\native\e376f236ea51e6404a007f0833ffe2c6e607c4080706a723a18a27aeea778392\windows-amd64

VM Arguments:
jvm_args: -XX:MaxMetaspaceSize=512m --add-opens=java.base/java.util=ALL-UNNAMED --add-opens=java.base/java.lang=ALL-UNNAMED --add-opens=java.base/java.lang.invoke=ALL-UNNAMED --add-opens=java.prefs/java.util.prefs=ALL-UNNAMED --add-opens=java.base/java.nio.charset=ALL-UNNAMED --add-opens=java.base/java.net=ALL-UNNAMED --add-opens=java.base/java.util.concurrent.atomic=ALL-UNNAMED -Xmx2048m -Dfile.encoding=windows-1252 -Duser.country=ZA -Duser.language=en -Duser.variant 
java_command: org.gradle.launcher.daemon.bootstrap.GradleDaemon 8.0.1
java_class_path (initial): C:\Users\songe\.gradle\wrapper\dists\gradle-8.0.1-all\aro4hu1c3oeioove7l0i4i14o\gradle-8.0.1\lib\gradle-launcher-8.0.1.jar
Launcher Type: SUN_STANDARD

[Global flags]
     intx CICompilerCount                          = 3                                         {product} {ergonomic}
   size_t CompressedClassSpaceSize                 = 432013312                                 {product} {ergonomic}
     uint ConcGCThreads                            = 1                                         {product} {ergonomic}
     uint G1ConcRefinementThreads                  = 4                                         {product} {ergonomic}
   size_t G1HeapRegionSize                         = 1048576                                   {product} {ergonomic}
    uintx GCDrainStackTargetSize                   = 64                                        {product} {ergonomic}
   size_t InitialHeapSize                          = 134217728                                 {product} {ergonomic}
   size_t MarkStackSize                            = 4194304                                   {product} {ergonomic}
   size_t MaxHeapSize                              = 2147483648                                {product} {command line}
   size_t MaxMetaspaceSize                         = 536870912                                 {product} {command line}
   size_t MaxNewSize                               = 1287651328                                {product} {ergonomic}
   size_t MinHeapDeltaBytes                        = 1048576                                   {product} {ergonomic}
   size_t MinHeapSize                              = 8388608                                   {product} {ergonomic}
    uintx NonNMethodCodeHeapSize                   = 5832780                                {pd product} {ergonomic}
    uintx NonProfiledCodeHeapSize                  = 122912730                              {pd product} {ergonomic}
    uintx ProfiledCodeHeapSize                     = 122912730                              {pd product} {ergonomic}
    uintx ReservedCodeCacheSize                    = 251658240                              {pd product} {ergonomic}
     bool SegmentedCodeCache                       = true                                      {product} {ergonomic}
   size_t SoftMaxHeapSize                          = 2147483648                             {manageable} {ergonomic}
     bool UseCompressedClassPointers               = true                           {product lp64_product} {ergonomic}
     bool UseCompressedOops                        = true                           {product lp64_product} {ergonomic}
     bool UseG1GC                                  = true                                      {product} {ergonomic}
     bool UseLargePagesIndividualAllocation        = false                                  {pd product} {ergonomic}

Logging:
Log output configuration:
 #0: stdout all=warning uptime,level,tags
 #1: stderr all=off uptime,level,tags

Environment Variables:
JAVA_HOME=C:\Program Files\Eclipse Adoptium\jdk-17.0.6.10-hotspot
CLASSPATH=C:\Users\songe\source\repos\InventoTrack\android\\gradle\wrapper\gradle-wrapper.jar
PATH=C:\Users\songe\source\repos\InventoTrack\node_modules\.bin;C:\Users\songe\source\repos\InventoTrack\node_modules\.bin;C:\Users\songe\source\repos\node_modules\.bin;C:\Users\songe\source\node_modules\.bin;C:\Users\songe\node_modules\.bin;C:\Users\node_modules\.bin;C:\node_modules\.bin;C:\Program Files\nodejs\node_modules\npm\node_modules\@npmcli\run-script\lib\node-gyp-bin;C:\Users\songe\source\repos\InventoTrack\node_modules\.bin;C:\Users\songe\source\repos\node_modules\.bin;C:\Users\songe\source\node_modules\.bin;C:\Users\songe\node_modules\.bin;C:\Users\node_modules\.bin;C:\node_modules\.bin;C:\Program Files\nodejs\node_modules\npm\node_modules\@npmcli\run-script\lib\node-gyp-bin;C:\Users\songe\source\repos\InventoTrack\node_modules\.bin;C:\Users\songe\source\repos\node_modules\.bin;C:\Users\songe\source\node_modules\.bin;C:\Users\songe\node_modules\.bin;C:\Users\node_modules\.bin;C:\node_modules\.bin;C:\Program Files\nodejs\node_modules\npm\node_modules\@npmcli\run-script\lib\node-gyp-bin;C:\Program Files\Eclipse Adoptium\jdk-17.0.6.10-hotspot\bin;C:\Program Files (x86)\Intel\Intel(R) Management Engine Components\iCLS\;C:\Program Files\Intel\Intel(R) Management Engine Components\iCLS\;C:\Windows\system32;C:\Windows;C:\Windows\System32\Wbem;C:\Windows\System32\WindowsPowerShell\v1.0\;C:\Program Files (x86)\NVIDIA Corporation\PhysX\Common;C:\Program Files (x86)\Intel\Intel(R) Management Engine Components\DAL;C:\Program Files\Intel\Intel(R) Management Engine Components\DAL;C:\Program Files (x86)\Intel\Intel(R) Management Engine Components\IPT;C:\Program Files\Intel\Intel(R) Management Engine Components\IPT;C:\Program Files\Intel\WiFi\bin\;C:\Program Files\Common Files\Intel\WirelessCommon\;C:\WINDOWS\system32;C:\WINDOWS;C:\WINDOWS\System32\Wbem;C:\WINDOWS\System32\WindowsPowerShell\v1.0\;C:\WINDOWS\System32\OpenSSH\;C:\Program Files\Microsoft SQL Server\150\Tools\Binn\;C:\Program Files\Microsoft SQL Server\Client SDK\ODBC\170\Tools\Binn\;C:\Program Files\dotnet\;C
USERNAME=songe
LANG=en_US.UTF-8
OS=Windows_NT
PROCESSOR_IDENTIFIER=Intel64 Family 6 Model 142 Stepping 9, GenuineIntel
TMP=C:\Users\songe\AppData\Local\Temp
TEMP=C:\Users\songe\AppData\Local\Temp



---------------  S Y S T E M  ---------------

OS:
 Windows 10 , 64 bit Build 19041 (10.0.19041.3155)
OS uptime: 0 days 0:14 hours

CPU: total 4 (initial active 4) (2 cores per cpu, 2 threads per core) family 6 model 142 stepping 9 microcode 0xf0, cx8, cmov, fxsr, ht, mmx, 3dnowpref, sse, sse2, sse3, ssse3, sse4.1, sse4.2, popcnt, lzcnt, tsc, tscinvbit, avx, avx2, aes, erms, clmul, bmi1, bmi2, adx, fma, vzeroupper, clflush, clflushopt

Memory: 4k page, system-wide physical 8089M (506M free)
TotalPageFile size 11089M (AvailPageFile size 250M)
current process WorkingSet (physical memory assigned to process): 595M, peak: 599M
current process commit charge ("private bytes"): 637M, peak: 888M

vm_info: OpenJDK 64-Bit Server VM (17.0.6+10) for windows-amd64 JRE (17.0.6+10), built on Jan 18 2023 10:08:59 by "temurin" with MS VC++ 16.7 (VS2019)

END.
