#
# There is insufficient memory for the Java Runtime Environment to continue.
# Native memory allocation (malloc) failed to allocate 1241776 bytes for Chunk::new
# Possible reasons:
#   The system is out of physical RAM or swap space
#   The process is running with CompressedOops enabled, and the Java Heap may be blocking the growth of the native heap
# Possible solutions:
#   Reduce memory load on the system
#   Increase physical memory or swap space
#   Check if swap backing store is full
#   Decrease Java heap size (-Xmx/-Xms)
#   Decrease number of Java threads
#   Decrease Java thread stack sizes (-Xss)
#   Set larger code cache with -XX:ReservedCodeCacheSize=
#   JVM is running with Unscaled Compressed Oops mode in which the Java heap is
#     placed in the first 4GB address space. The Java Heap base address is the
#     maximum limit for the native heap growth. Please use -XX:HeapBaseMinAddress
#     to set the Java Heap base and to place the Java Heap above 4GB virtual address.
# This output file may be truncated or incomplete.
#
#  Out of Memory Error (arena.cpp:189), pid=17776, tid=3960
#
# JRE version: OpenJDK Runtime Environment Temurin-17.0.6+10 (17.0.6+10) (build 17.0.6+10)
# Java VM: OpenJDK 64-Bit Server VM Temurin-17.0.6+10 (17.0.6+10, mixed mode, sharing, tiered, compressed oops, compressed class ptrs, g1 gc, windows-amd64)
# No core dump will be written. Minidumps are not enabled by default on client versions of Windows
#

---------------  S U M M A R Y ------------

Command Line: -XX:MaxMetaspaceSize=512m --add-opens=java.base/java.util=ALL-UNNAMED --add-opens=java.base/java.lang=ALL-UNNAMED --add-opens=java.base/java.lang.invoke=ALL-UNNAMED --add-opens=java.prefs/java.util.prefs=ALL-UNNAMED --add-opens=java.base/java.nio.charset=ALL-UNNAMED --add-opens=java.base/java.net=ALL-UNNAMED --add-opens=java.base/java.util.concurrent.atomic=ALL-UNNAMED -Xmx2048m -Dfile.encoding=windows-1252 -Duser.country=ZA -Duser.language=en -Duser.variant org.gradle.launcher.daemon.bootstrap.GradleDaemon 8.0.1

Host: Intel(R) Core(TM) i7-7500U CPU @ 2.70GHz, 4 cores, 7G,  Windows 10 , 64 bit Build 19041 (10.0.19041.3155)
Time: Mon Jul 10 11:39:47 2023 South Africa Standard Time elapsed time: 57.431286 seconds (0d 0h 0m 57s)

---------------  T H R E A D  ---------------

Current thread (0x000001de07447f60):  JavaThread "C2 CompilerThread1" daemon [_thread_in_native, id=3960, stack(0x000000b7ec800000,0x000000b7ec900000)]


Current CompileTask:
C2:  57431 11885       4       groovy.lang.MetaClassImpl::inheritInterfaceNewMetaMethods (195 bytes)

Stack: [0x000000b7ec800000,0x000000b7ec900000]
Native frames: (J=compiled Java code, j=interpreted, Vv=VM code, C=native code)
V  [jvm.dll+0x67741a]
V  [jvm.dll+0x834434]
V  [jvm.dll+0x835bde]
V  [jvm.dll+0x836243]
V  [jvm.dll+0x2457b5]
V  [jvm.dll+0xabafc]
V  [jvm.dll+0xac0cc]
V  [jvm.dll+0x2ac94f]
V  [jvm.dll+0x57de47]
V  [jvm.dll+0x220812]
V  [jvm.dll+0x219fd9]
V  [jvm.dll+0x21790b]
V  [jvm.dll+0x1a3d0d]
V  [jvm.dll+0x22742a]
V  [jvm.dll+0x225565]
V  [jvm.dll+0x7ea2cb]
V  [jvm.dll+0x7e483a]
V  [jvm.dll+0x6762c5]
C  [ucrtbase.dll+0x21bb2]
C  [KERNEL32.DLL+0x17614]
C  [ntdll.dll+0x526b1]


---------------  P R O C E S S  ---------------

Threads class SMR info:
_java_thread_list=0x000001de0763c7f0, length=89, elements={
0x000001de627a84a0, 0x000001de0038b000, 0x000001de0038bd80, 0x000001de003a2da0,
0x000001de003a5770, 0x000001de003a6030, 0x000001de003a8900, 0x000001de003a94f0,
0x000001de003abe00, 0x000001de0041b110, 0x000001de010c8240, 0x000001de010d0940,
0x000001de032330c0, 0x000001de021094a0, 0x000001de02b9b010, 0x000001de02bce7c0,
0x000001de03382f70, 0x000001de0256f6e0, 0x000001de0256fbb0, 0x000001de02c5bbd0,
0x000001de02c59550, 0x000001de02c5b230, 0x000001de02c59a20, 0x000001de02c5c570,
0x000001de02c59080, 0x000001de02c5a3c0, 0x000001de02c5c0a0, 0x000001de02c5a890,
0x000001de02c5ca40, 0x000001de02c5ad60, 0x000001de02c59ef0, 0x000001de02c5b700,
0x000001de0393d150, 0x000001de0393dfc0, 0x000001de0393f300, 0x000001de03940b10,
0x000001de0393c7b0, 0x000001de0393f7d0, 0x000001de039414b0, 0x000001de03940170,
0x000001de03940640, 0x000001de0393afa0, 0x000001de0393ee30, 0x000001de0393b470,
0x000001de0393b940, 0x000001de0393be10, 0x000001de0393c2e0, 0x000001de0393cc80,
0x000001de036e6060, 0x000001de036e4850, 0x000001de036e5b90, 0x000001de036e7870,
0x000001de036e4d20, 0x000001de036e6530, 0x000001de036e6a00, 0x000001de036e51f0,
0x000001de036e6ed0, 0x000001de036e56c0, 0x000001de036e73a0, 0x000001de036e7d40,
0x000001de036e4380, 0x000001de051efea0, 0x000001de051ec010, 0x000001de051ef500,
0x000001de051f16b0, 0x000001de051f2ec0, 0x000001de051edcf0, 0x000001de051f11e0,
0x000001de051ec9b0, 0x000001de051ed820, 0x000001de051f2050, 0x000001de051f2520,
0x000001de051ee690, 0x000001de051f3390, 0x000001de051f0d10, 0x000001de051f29f0,
0x000001de051ef030, 0x000001de051f0370, 0x000001de051f0840, 0x000001de06efbd90,
0x000001de06efb8c0, 0x000001de06ef88a0, 0x000001de06efc260, 0x000001de06ef8d70,
0x000001de06ef9240, 0x000001de06ef9710, 0x000001de06ef9be0, 0x000001de06efa0b0,
0x000001de07447f60
}

Java Threads: ( => current thread )
  0x000001de627a84a0 JavaThread "main" [_thread_blocked, id=12680, stack(0x000000b7e9700000,0x000000b7e9800000)]
  0x000001de0038b000 JavaThread "Reference Handler" daemon [_thread_blocked, id=16324, stack(0x000000b7e9e00000,0x000000b7e9f00000)]
  0x000001de0038bd80 JavaThread "Finalizer" daemon [_thread_blocked, id=13364, stack(0x000000b7e9f00000,0x000000b7ea000000)]
  0x000001de003a2da0 JavaThread "Signal Dispatcher" daemon [_thread_blocked, id=18068, stack(0x000000b7ea000000,0x000000b7ea100000)]
  0x000001de003a5770 JavaThread "Attach Listener" daemon [_thread_blocked, id=412, stack(0x000000b7ea100000,0x000000b7ea200000)]
  0x000001de003a6030 JavaThread "Service Thread" daemon [_thread_blocked, id=5596, stack(0x000000b7ea200000,0x000000b7ea300000)]
  0x000001de003a8900 JavaThread "Monitor Deflation Thread" daemon [_thread_blocked, id=19800, stack(0x000000b7ea300000,0x000000b7ea400000)]
  0x000001de003a94f0 JavaThread "C2 CompilerThread0" daemon [_thread_blocked, id=7048, stack(0x000000b7ea400000,0x000000b7ea500000)]
  0x000001de003abe00 JavaThread "C1 CompilerThread0" daemon [_thread_blocked, id=11208, stack(0x000000b7ea500000,0x000000b7ea600000)]
  0x000001de0041b110 JavaThread "Sweeper thread" daemon [_thread_blocked, id=19100, stack(0x000000b7ea600000,0x000000b7ea700000)]
  0x000001de010c8240 JavaThread "Common-Cleaner" daemon [_thread_blocked, id=8716, stack(0x000000b7ea700000,0x000000b7ea800000)]
  0x000001de010d0940 JavaThread "Notification Thread" daemon [_thread_blocked, id=19896, stack(0x000000b7ea800000,0x000000b7ea900000)]
  0x000001de032330c0 JavaThread "Daemon health stats" [_thread_blocked, id=20164, stack(0x000000b7eac00000,0x000000b7ead00000)]
  0x000001de021094a0 JavaThread "Incoming local TCP Connector on port 50222" [_thread_in_native, id=20272, stack(0x000000b7eae00000,0x000000b7eaf00000)]
  0x000001de02b9b010 JavaThread "Daemon periodic checks" [_thread_blocked, id=3684, stack(0x000000b7eaf00000,0x000000b7eb000000)]
  0x000001de02bce7c0 JavaThread "Daemon" [_thread_blocked, id=9028, stack(0x000000b7eb000000,0x000000b7eb100000)]
  0x000001de03382f70 JavaThread "Handler for socket connection from /127.0.0.1:50222 to /127.0.0.1:50223" [_thread_in_native, id=17180, stack(0x000000b7eb100000,0x000000b7eb200000)]
  0x000001de0256f6e0 JavaThread "Cancel handler" [_thread_blocked, id=17980, stack(0x000000b7eb200000,0x000000b7eb300000)]
  0x000001de0256fbb0 JavaThread "Daemon worker" [_thread_blocked, id=17388, stack(0x000000b7eb300000,0x000000b7eb400000)]
  0x000001de02c5bbd0 JavaThread "Asynchronous log dispatcher for DefaultDaemonConnection: socket connection from /127.0.0.1:50222 to /127.0.0.1:50223" [_thread_blocked, id=6044, stack(0x000000b7eb400000,0x000000b7eb500000)]
  0x000001de02c59550 JavaThread "Stdin handler" [_thread_blocked, id=15076, stack(0x000000b7eb500000,0x000000b7eb600000)]
  0x000001de02c5b230 JavaThread "Daemon client event forwarder" [_thread_blocked, id=19356, stack(0x000000b7eb600000,0x000000b7eb700000)]
  0x000001de02c59a20 JavaThread "Cache worker for journal cache (C:\Users\songe\.gradle\caches\journal-1)" [_thread_blocked, id=20136, stack(0x000000b7eb700000,0x000000b7eb800000)]
  0x000001de02c5c570 JavaThread "File lock request listener" [_thread_in_native, id=12820, stack(0x000000b7eb800000,0x000000b7eb900000)]
  0x000001de02c59080 JavaThread "Cache worker for file hash cache (C:\Users\songe\.gradle\caches\8.0.1\fileHashes)" [_thread_blocked, id=15484, stack(0x000000b7eb900000,0x000000b7eba00000)]
  0x000001de02c5a3c0 JavaThread "File watcher server" daemon [_thread_in_native, id=9292, stack(0x000000b7eba00000,0x000000b7ebb00000)]
  0x000001de02c5c0a0 JavaThread "File watcher consumer" daemon [_thread_blocked, id=8172, stack(0x000000b7ebb00000,0x000000b7ebc00000)]
  0x000001de02c5a890 JavaThread "File lock release action executor" [_thread_blocked, id=8536, stack(0x000000b7ebc00000,0x000000b7ebd00000)]
  0x000001de02c5ca40 JavaThread "Cache worker for checksums cache (C:\Users\songe\Development\react-native\proficient\android\.gradle\8.0.1\checksums)" [_thread_blocked, id=19164, stack(0x000000b7ebd00000,0x000000b7ebe00000)]
  0x000001de02c5ad60 JavaThread "Cache worker for cache directory md-rule (C:\Users\songe\.gradle\caches\8.0.1\md-rule)" [_thread_blocked, id=17424, stack(0x000000b7ebe00000,0x000000b7ebf00000)]
  0x000001de02c59ef0 JavaThread "Cache worker for file content cache (C:\Users\songe\.gradle\caches\8.0.1\fileContent)" [_thread_blocked, id=19352, stack(0x000000b7ebf00000,0x000000b7ec000000)]
  0x000001de02c5b700 JavaThread "Cache worker for file hash cache (C:\Users\songe\Development\react-native\proficient\android\.gradle\8.0.1\fileHashes)" [_thread_blocked, id=8352, stack(0x000000b7ec000000,0x000000b7ec100000)]
  0x000001de0393d150 JavaThread "Cache worker for cache directory md-supplier (C:\Users\songe\.gradle\caches\8.0.1\md-supplier)" [_thread_blocked, id=9672, stack(0x000000b7ec100000,0x000000b7ec200000)]
  0x000001de0393dfc0 JavaThread "Cache worker for execution history cache (C:\Users\songe\.gradle\caches\8.0.1\executionHistory)" [_thread_blocked, id=17892, stack(0x000000b7ec300000,0x000000b7ec400000)]
  0x000001de0393f300 JavaThread "jar transforms" [_thread_blocked, id=7252, stack(0x000000b7ec400000,0x000000b7ec500000)]
  0x000001de03940b10 JavaThread "jar transforms Thread 2" [_thread_blocked, id=14596, stack(0x000000b7ec500000,0x000000b7ec600000)]
  0x000001de0393c7b0 JavaThread "jar transforms Thread 3" [_thread_blocked, id=8, stack(0x000000b7ec600000,0x000000b7ec700000)]
  0x000001de0393f7d0 JavaThread "jar transforms Thread 4" [_thread_blocked, id=15016, stack(0x000000b7ec700000,0x000000b7ec800000)]
  0x000001de039414b0 JavaThread "Cache worker for kotlin-dsl (C:\Users\songe\.gradle\caches\8.0.1\kotlin-dsl)" [_thread_blocked, id=17596, stack(0x000000b7ec900000,0x000000b7eca00000)]
  0x000001de03940170 JavaThread "Cache worker for dependencies-accessors (C:\Users\songe\Development\react-native\proficient\android\.gradle\8.0.1\dependencies-accessors)" [_thread_blocked, id=2884, stack(0x000000b7eca00000,0x000000b7ecb00000)]
  0x000001de03940640 JavaThread "Cache worker for Build Output Cleanup Cache (C:\Users\songe\Development\react-native\proficient\node_modules\@react-native\gradle-plugin\.gradle\buildOutputCleanup)" [_thread_blocked, id=11916, stack(0x000000b7ecb00000,0x000000b7ecc00000)]
  0x000001de0393afa0 JavaThread "Unconstrained build operations" [_thread_blocked, id=19844, stack(0x000000b7ecc00000,0x000000b7ecd00000)]
  0x000001de0393ee30 JavaThread "Unconstrained build operations Thread 2" [_thread_blocked, id=12964, stack(0x000000b7ecd00000,0x000000b7ece00000)]
  0x000001de0393b470 JavaThread "Unconstrained build operations Thread 3" [_thread_blocked, id=18712, stack(0x000000b7ece00000,0x000000b7ecf00000)]
  0x000001de0393b940 JavaThread "Unconstrained build operations Thread 4" [_thread_blocked, id=18036, stack(0x000000b7ecf00000,0x000000b7ed000000)]
  0x000001de0393be10 JavaThread "Unconstrained build operations Thread 5" [_thread_blocked, id=7128, stack(0x000000b7ed000000,0x000000b7ed100000)]
  0x000001de0393c2e0 JavaThread "Unconstrained build operations Thread 6" [_thread_blocked, id=20160, stack(0x000000b7ed100000,0x000000b7ed200000)]
  0x000001de0393cc80 JavaThread "Unconstrained build operations Thread 7" [_thread_blocked, id=8040, stack(0x000000b7ed200000,0x000000b7ed300000)]
  0x000001de036e6060 JavaThread "Unconstrained build operations Thread 8" [_thread_blocked, id=16476, stack(0x000000b7ed300000,0x000000b7ed400000)]
  0x000001de036e4850 JavaThread "Unconstrained build operations Thread 9" [_thread_blocked, id=856, stack(0x000000b7ed400000,0x000000b7ed500000)]
  0x000001de036e5b90 JavaThread "Unconstrained build operations Thread 10" [_thread_blocked, id=12164, stack(0x000000b7ed500000,0x000000b7ed600000)]
  0x000001de036e7870 JavaThread "Unconstrained build operations Thread 11" [_thread_blocked, id=10800, stack(0x000000b7ed600000,0x000000b7ed700000)]
  0x000001de036e4d20 JavaThread "Unconstrained build operations Thread 12" [_thread_blocked, id=16400, stack(0x000000b7ed700000,0x000000b7ed800000)]
  0x000001de036e6530 JavaThread "Unconstrained build operations Thread 13" [_thread_blocked, id=19784, stack(0x000000b7ed800000,0x000000b7ed900000)]
  0x000001de036e6a00 JavaThread "Unconstrained build operations Thread 14" [_thread_blocked, id=12932, stack(0x000000b7ed900000,0x000000b7eda00000)]
  0x000001de036e51f0 JavaThread "Unconstrained build operations Thread 15" [_thread_blocked, id=2808, stack(0x000000b7eda00000,0x000000b7edb00000)]
  0x000001de036e6ed0 JavaThread "Unconstrained build operations Thread 16" [_thread_blocked, id=10636, stack(0x000000b7edb00000,0x000000b7edc00000)]
  0x000001de036e56c0 JavaThread "Unconstrained build operations Thread 17" [_thread_blocked, id=5768, stack(0x000000b7edc00000,0x000000b7edd00000)]
  0x000001de036e73a0 JavaThread "Unconstrained build operations Thread 18" [_thread_blocked, id=10416, stack(0x000000b7edd00000,0x000000b7ede00000)]
  0x000001de036e7d40 JavaThread "Unconstrained build operations Thread 19" [_thread_blocked, id=7760, stack(0x000000b7ede00000,0x000000b7edf00000)]
  0x000001de036e4380 JavaThread "Unconstrained build operations Thread 20" [_thread_blocked, id=17740, stack(0x000000b7edf00000,0x000000b7ee000000)]
  0x000001de051efea0 JavaThread "Unconstrained build operations Thread 21" [_thread_blocked, id=5584, stack(0x000000b7ee000000,0x000000b7ee100000)]
  0x000001de051ec010 JavaThread "Unconstrained build operations Thread 22" [_thread_blocked, id=17292, stack(0x000000b7ee100000,0x000000b7ee200000)]
  0x000001de051ef500 JavaThread "Unconstrained build operations Thread 23" [_thread_blocked, id=1392, stack(0x000000b7ee200000,0x000000b7ee300000)]
  0x000001de051f16b0 JavaThread "Unconstrained build operations Thread 24" [_thread_blocked, id=3012, stack(0x000000b7ee300000,0x000000b7ee400000)]
  0x000001de051f2ec0 JavaThread "Unconstrained build operations Thread 25" [_thread_blocked, id=19040, stack(0x000000b7ee400000,0x000000b7ee500000)]
  0x000001de051edcf0 JavaThread "Unconstrained build operations Thread 26" [_thread_blocked, id=16380, stack(0x000000b7ee500000,0x000000b7ee600000)]
  0x000001de051f11e0 JavaThread "Memory manager" [_thread_blocked, id=12632, stack(0x000000b7ee600000,0x000000b7ee700000)]
  0x000001de051ec9b0 JavaThread "Cache worker for Build Output Cleanup Cache (C:\Users\songe\Development\react-native\proficient\android\.gradle\buildOutputCleanup)" [_thread_blocked, id=11028, stack(0x000000b7ee900000,0x000000b7eea00000)]
  0x000001de051ed820 JavaThread "included builds" [_thread_blocked, id=17032, stack(0x000000b7eea00000,0x000000b7eeb00000)]
  0x000001de051f2050 JavaThread "Execution worker" [_thread_blocked, id=15532, stack(0x000000b7eeb00000,0x000000b7eec00000)]
  0x000001de051f2520 JavaThread "Execution worker Thread 2" [_thread_blocked, id=18496, stack(0x000000b7eec00000,0x000000b7eed00000)]
  0x000001de051ee690 JavaThread "Execution worker Thread 3" [_thread_blocked, id=3624, stack(0x000000b7eed00000,0x000000b7eee00000)]
  0x000001de051f3390 JavaThread "Cache worker for execution history cache (C:\Users\songe\Development\react-native\proficient\node_modules\@react-native\gradle-plugin\.gradle\8.0.1\executionHistory)" [_thread_blocked, id=6496, stack(0x000000b7eee00000,0x000000b7eef00000)]
  0x000001de051f0d10 JavaThread "Unconstrained build operations Thread 27" [_thread_blocked, id=5916, stack(0x000000b7eef00000,0x000000b7ef000000)]
  0x000001de051f29f0 JavaThread "Unconstrained build operations Thread 28" [_thread_blocked, id=20108, stack(0x000000b7ef000000,0x000000b7ef100000)]
  0x000001de051ef030 JavaThread "Unconstrained build operations Thread 29" [_thread_blocked, id=10560, stack(0x000000b7ef100000,0x000000b7ef200000)]
  0x000001de051f0370 JavaThread "Unconstrained build operations Thread 30" [_thread_blocked, id=4516, stack(0x000000b7ef200000,0x000000b7ef300000)]
  0x000001de051f0840 JavaThread "Unconstrained build operations Thread 31" [_thread_blocked, id=9696, stack(0x000000b7ef300000,0x000000b7ef400000)]
  0x000001de06efbd90 JavaThread "Unconstrained build operations Thread 32" [_thread_blocked, id=13808, stack(0x000000b7ef400000,0x000000b7ef500000)]
  0x000001de06efb8c0 JavaThread "Unconstrained build operations Thread 33" [_thread_blocked, id=7116, stack(0x000000b7ef500000,0x000000b7ef600000)]
  0x000001de06ef88a0 JavaThread "Unconstrained build operations Thread 34" [_thread_blocked, id=18376, stack(0x000000b7ef600000,0x000000b7ef700000)]
  0x000001de06efc260 JavaThread "Unconstrained build operations Thread 35" [_thread_blocked, id=15572, stack(0x000000b7ef700000,0x000000b7ef800000)]
  0x000001de06ef8d70 JavaThread "Unconstrained build operations Thread 36" [_thread_blocked, id=7012, stack(0x000000b7ef800000,0x000000b7ef900000)]
  0x000001de06ef9240 JavaThread "Unconstrained build operations Thread 37" [_thread_blocked, id=11924, stack(0x000000b7ef900000,0x000000b7efa00000)]
  0x000001de06ef9710 JavaThread "Unconstrained build operations Thread 38" [_thread_blocked, id=11440, stack(0x000000b7efa00000,0x000000b7efb00000)]
  0x000001de06ef9be0 JavaThread "Unconstrained build operations Thread 39" [_thread_blocked, id=12912, stack(0x000000b7efb00000,0x000000b7efc00000)]
  0x000001de06efa0b0 JavaThread "Unconstrained build operations Thread 40" [_thread_blocked, id=17000, stack(0x000000b7efc00000,0x000000b7efd00000)]
=>0x000001de07447f60 JavaThread "C2 CompilerThread1" daemon [_thread_in_native, id=3960, stack(0x000000b7ec800000,0x000000b7ec900000)]

Other Threads:
  0x000001de00386660 VMThread "VM Thread" [stack: 0x000000b7e9d00000,0x000000b7e9e00000] [id=16524]
  0x000001de010d0e10 WatcherThread [stack: 0x000000b7ea900000,0x000000b7eaa00000] [id=7204]
  0x000001de628035a0 GCTaskThread "GC Thread#0" [stack: 0x000000b7e9800000,0x000000b7e9900000] [id=11316]
  0x000001de0184f4a0 GCTaskThread "GC Thread#1" [stack: 0x000000b7eaa00000,0x000000b7eab00000] [id=11348]
  0x000001de01897250 GCTaskThread "GC Thread#2" [stack: 0x000000b7eab00000,0x000000b7eac00000] [id=11848]
  0x000001de01cc3fa0 GCTaskThread "GC Thread#3" [stack: 0x000000b7ead00000,0x000000b7eae00000] [id=1640]
  0x000001de628143f0 ConcurrentGCThread "G1 Main Marker" [stack: 0x000000b7e9900000,0x000000b7e9a00000] [id=12208]
  0x000001de62814d10 ConcurrentGCThread "G1 Conc#0" [stack: 0x000000b7e9a00000,0x000000b7e9b00000] [id=404]
  0x000001de628699e0 ConcurrentGCThread "G1 Refine#0" [stack: 0x000000b7e9b00000,0x000000b7e9c00000] [id=2320]
  0x000001de04d3a730 ConcurrentGCThread "G1 Refine#1" [stack: 0x000000b7ec200000,0x000000b7ec300000] [id=9420]
  0x000001de00240490 ConcurrentGCThread "G1 Service" [stack: 0x000000b7e9c00000,0x000000b7e9d00000] [id=10408]

Threads with active compile tasks:
C2 CompilerThread0    57507 11903  s!   4       java.beans.PropertyDescriptor::getWriteMethod (152 bytes)
C2 CompilerThread1    57507 11885       4       groovy.lang.MetaClassImpl::inheritInterfaceNewMetaMethods (195 bytes)

VM state: not at safepoint (normal execution)

VM Mutex/Monitor currently owned by a thread:  ([mutex/lock_event])
[0x000001de627a45a0] Heap_lock - owner thread: 0x000001de0256fbb0

Heap address: 0x0000000080000000, size: 2048 MB, Compressed Oops mode: 32-bit

CDS archive(s) mapped at: [0x0000000800000000-0x0000000800bc0000-0x0000000800bc0000), size 12320768, SharedBaseAddress: 0x0000000800000000, ArchiveRelocationMode: 0.
Compressed class space mapped at: 0x0000000800c00000-0x000000081a800000, reserved size: 432013312
Narrow klass base: 0x0000000800000000, Narrow klass shift: 0, Narrow klass range: 0x100000000

GC Precious Log:
 CPUs: 4 total, 4 available
 Memory: 8089M
 Large Page Support: Disabled
 NUMA Support: Disabled
 Compressed Oops: Enabled (32-bit)
 Heap Region Size: 1M
 Heap Min Capacity: 8M
 Heap Initial Capacity: 128M
 Heap Max Capacity: 2G
 Pre-touch: Disabled
 Parallel Workers: 4
 Concurrent Workers: 1
 Concurrent Refinement Workers: 4
 Periodic GC: Disabled

Heap:
 garbage-first heap   total 299008K, used 113344K [0x0000000080000000, 0x0000000100000000)
  region size 1024K, 18 young (18432K), 17 survivors (17408K)
 Metaspace       used 86392K, committed 87360K, reserved 503808K
  class space    used 11981K, committed 12416K, reserved 421888K

Heap Regions: E=young(eden), S=young(survivor), O=old, HS=humongous(starts), HC=humongous(continues), CS=collection set, F=free, OA=open archive, CA=closed archive, TAMS=top-at-mark-start (previous, next)
|   0|0x0000000080000000, 0x0000000080100000, 0x0000000080100000|100%| O|  |TAMS 0x0000000080100000, 0x0000000080000000| Untracked 
|   1|0x0000000080100000, 0x0000000080200000, 0x0000000080200000|100%| O|  |TAMS 0x0000000080200000, 0x0000000080100000| Untracked 
|   2|0x0000000080200000, 0x0000000080300000, 0x0000000080300000|100%|HS|  |TAMS 0x0000000080300000, 0x0000000080200000| Complete 
|   3|0x0000000080300000, 0x0000000080400000, 0x0000000080400000|100%|HC|  |TAMS 0x0000000080400000, 0x0000000080300000| Complete 
|   4|0x0000000080400000, 0x0000000080500000, 0x0000000080500000|100%|HC|  |TAMS 0x0000000080500000, 0x0000000080400000| Complete 
|   5|0x0000000080500000, 0x0000000080600000, 0x0000000080600000|100%|HC|  |TAMS 0x0000000080600000, 0x0000000080500000| Complete 
|   6|0x0000000080600000, 0x0000000080700000, 0x0000000080700000|100%| O|  |TAMS 0x0000000080700000, 0x0000000080600000| Untracked 
|   7|0x0000000080700000, 0x0000000080800000, 0x0000000080800000|100%| O|  |TAMS 0x0000000080800000, 0x0000000080700000| Untracked 
|   8|0x0000000080800000, 0x0000000080900000, 0x0000000080900000|100%| O|  |TAMS 0x0000000080900000, 0x0000000080800000| Untracked 
|   9|0x0000000080900000, 0x0000000080a00000, 0x0000000080a00000|100%| O|  |TAMS 0x0000000080a00000, 0x0000000080900000| Untracked 
|  10|0x0000000080a00000, 0x0000000080b00000, 0x0000000080b00000|100%| O|  |TAMS 0x0000000080b00000, 0x0000000080a00000| Untracked 
|  11|0x0000000080b00000, 0x0000000080c00000, 0x0000000080c00000|100%| O|  |TAMS 0x0000000080c00000, 0x0000000080b00000| Untracked 
|  12|0x0000000080c00000, 0x0000000080d00000, 0x0000000080d00000|100%| O|  |TAMS 0x0000000080d00000, 0x0000000080c00000| Untracked 
|  13|0x0000000080d00000, 0x0000000080e00000, 0x0000000080e00000|100%| O|  |TAMS 0x0000000080e00000, 0x0000000080d00000| Untracked 
|  14|0x0000000080e00000, 0x0000000080f00000, 0x0000000080f00000|100%| O|  |TAMS 0x0000000080f00000, 0x0000000080e00000| Untracked 
|  15|0x0000000080f00000, 0x0000000081000000, 0x0000000081000000|100%| O|  |TAMS 0x0000000081000000, 0x0000000080f00000| Untracked 
|  16|0x0000000081000000, 0x0000000081100000, 0x0000000081100000|100%| O|  |TAMS 0x0000000081100000, 0x0000000081000000| Untracked 
|  17|0x0000000081100000, 0x0000000081200000, 0x0000000081200000|100%| O|  |TAMS 0x0000000081200000, 0x0000000081100000| Untracked 
|  18|0x0000000081200000, 0x0000000081300000, 0x0000000081300000|100%| O|  |TAMS 0x0000000081300000, 0x0000000081200000| Untracked 
|  19|0x0000000081300000, 0x0000000081400000, 0x0000000081400000|100%| O|  |TAMS 0x0000000081400000, 0x0000000081300000| Untracked 
|  20|0x0000000081400000, 0x0000000081500000, 0x0000000081500000|100%| O|  |TAMS 0x0000000081500000, 0x0000000081400000| Untracked 
|  21|0x0000000081500000, 0x0000000081600000, 0x0000000081600000|100%| O|  |TAMS 0x0000000081500000, 0x0000000081500000| Untracked 
|  22|0x0000000081600000, 0x0000000081700000, 0x0000000081700000|100%| O|  |TAMS 0x0000000081700000, 0x0000000081600000| Untracked 
|  23|0x0000000081700000, 0x0000000081800000, 0x0000000081800000|100%| O|  |TAMS 0x0000000081800000, 0x0000000081700000| Untracked 
|  24|0x0000000081800000, 0x0000000081900000, 0x0000000081900000|100%| O|  |TAMS 0x0000000081900000, 0x0000000081800000| Untracked 
|  25|0x0000000081900000, 0x0000000081a00000, 0x0000000081a00000|100%| O|  |TAMS 0x0000000081a00000, 0x0000000081900000| Untracked 
|  26|0x0000000081a00000, 0x0000000081b00000, 0x0000000081b00000|100%| O|  |TAMS 0x0000000081b00000, 0x0000000081a00000| Untracked 
|  27|0x0000000081b00000, 0x0000000081c00000, 0x0000000081c00000|100%| O|  |TAMS 0x0000000081c00000, 0x0000000081b00000| Untracked 
|  28|0x0000000081c00000, 0x0000000081d00000, 0x0000000081d00000|100%| O|  |TAMS 0x0000000081d00000, 0x0000000081c00000| Untracked 
|  29|0x0000000081d00000, 0x0000000081e00000, 0x0000000081e00000|100%| O|  |TAMS 0x0000000081e00000, 0x0000000081d00000| Untracked 
|  30|0x0000000081e00000, 0x0000000081f00000, 0x0000000081f00000|100%| O|  |TAMS 0x0000000081f00000, 0x0000000081e00000| Untracked 
|  31|0x0000000081f00000, 0x0000000082000000, 0x0000000082000000|100%| O|  |TAMS 0x0000000082000000, 0x0000000081f00000| Untracked 
|  32|0x0000000082000000, 0x0000000082100000, 0x0000000082100000|100%| O|  |TAMS 0x0000000082100000, 0x0000000082000000| Untracked 
|  33|0x0000000082100000, 0x0000000082200000, 0x0000000082200000|100%| O|  |TAMS 0x0000000082200000, 0x0000000082100000| Untracked 
|  34|0x0000000082200000, 0x0000000082300000, 0x0000000082300000|100%| O|  |TAMS 0x0000000082300000, 0x0000000082200000| Untracked 
|  35|0x0000000082300000, 0x0000000082400000, 0x0000000082400000|100%| O|  |TAMS 0x0000000082400000, 0x0000000082300000| Untracked 
|  36|0x0000000082400000, 0x0000000082500000, 0x0000000082500000|100%| O|  |TAMS 0x0000000082500000, 0x0000000082400000| Untracked 
|  37|0x0000000082500000, 0x0000000082600000, 0x0000000082600000|100%|HS|  |TAMS 0x0000000082600000, 0x0000000082500000| Complete 
|  38|0x0000000082600000, 0x0000000082700000, 0x0000000082700000|100%|HC|  |TAMS 0x0000000082700000, 0x0000000082600000| Complete 
|  39|0x0000000082700000, 0x0000000082800000, 0x0000000082800000|100%|HS|  |TAMS 0x0000000082800000, 0x0000000082700000| Complete 
|  40|0x0000000082800000, 0x0000000082900000, 0x0000000082900000|100%|HC|  |TAMS 0x0000000082900000, 0x0000000082800000| Complete 
|  41|0x0000000082900000, 0x0000000082a00000, 0x0000000082a00000|100%|HC|  |TAMS 0x0000000082a00000, 0x0000000082900000| Complete 
|  42|0x0000000082a00000, 0x0000000082b00000, 0x0000000082b00000|100%|HC|  |TAMS 0x0000000082b00000, 0x0000000082a00000| Complete 
|  43|0x0000000082b00000, 0x0000000082c00000, 0x0000000082c00000|100%| O|  |TAMS 0x0000000082c00000, 0x0000000082b00000| Untracked 
|  44|0x0000000082c00000, 0x0000000082d00000, 0x0000000082d00000|100%| O|  |TAMS 0x0000000082d00000, 0x0000000082c00000| Untracked 
|  45|0x0000000082d00000, 0x0000000082e00000, 0x0000000082e00000|100%| O|  |TAMS 0x0000000082e00000, 0x0000000082d00000| Untracked 
|  46|0x0000000082e00000, 0x0000000082f00000, 0x0000000082f00000|100%| O|  |TAMS 0x0000000082f00000, 0x0000000082e00000| Untracked 
|  47|0x0000000082f00000, 0x0000000083000000, 0x0000000083000000|100%| O|  |TAMS 0x0000000083000000, 0x0000000082f00000| Untracked 
|  48|0x0000000083000000, 0x0000000083100000, 0x0000000083100000|100%| O|  |TAMS 0x0000000083100000, 0x0000000083000000| Untracked 
|  49|0x0000000083100000, 0x0000000083200000, 0x0000000083200000|100%| O|  |TAMS 0x0000000083200000, 0x0000000083100000| Untracked 
|  50|0x0000000083200000, 0x0000000083300000, 0x0000000083300000|100%| O|  |TAMS 0x0000000083300000, 0x0000000083200000| Untracked 
|  51|0x0000000083300000, 0x0000000083400000, 0x0000000083400000|100%| O|  |TAMS 0x0000000083400000, 0x0000000083300000| Untracked 
|  52|0x0000000083400000, 0x0000000083500000, 0x0000000083500000|100%| O|  |TAMS 0x0000000083500000, 0x0000000083400000| Untracked 
|  53|0x0000000083500000, 0x0000000083600000, 0x0000000083600000|100%| O|  |TAMS 0x0000000083600000, 0x0000000083500000| Untracked 
|  54|0x0000000083600000, 0x0000000083700000, 0x0000000083700000|100%| O|  |TAMS 0x0000000083700000, 0x0000000083600000| Untracked 
|  55|0x0000000083700000, 0x0000000083800000, 0x0000000083800000|100%| O|  |TAMS 0x0000000083800000, 0x0000000083700000| Untracked 
|  56|0x0000000083800000, 0x0000000083900000, 0x0000000083900000|100%| O|  |TAMS 0x0000000083900000, 0x0000000083800000| Untracked 
|  57|0x0000000083900000, 0x0000000083a00000, 0x0000000083a00000|100%| O|  |TAMS 0x0000000083a00000, 0x0000000083900000| Untracked 
|  58|0x0000000083a00000, 0x0000000083b00000, 0x0000000083b00000|100%| O|  |TAMS 0x0000000083b00000, 0x0000000083a00000| Untracked 
|  59|0x0000000083b00000, 0x0000000083c00000, 0x0000000083c00000|100%| O|  |TAMS 0x0000000083c00000, 0x0000000083b00000| Untracked 
|  60|0x0000000083c00000, 0x0000000083d00000, 0x0000000083d00000|100%| O|  |TAMS 0x0000000083d00000, 0x0000000083c00000| Untracked 
|  61|0x0000000083d00000, 0x0000000083e00000, 0x0000000083e00000|100%| O|  |TAMS 0x0000000083e00000, 0x0000000083d00000| Untracked 
|  62|0x0000000083e00000, 0x0000000083f00000, 0x0000000083f00000|100%|HS|  |TAMS 0x0000000083f00000, 0x0000000083e00000| Complete 
|  63|0x0000000083f00000, 0x0000000084000000, 0x0000000084000000|100%|HS|  |TAMS 0x0000000084000000, 0x0000000083f00000| Complete 
|  64|0x0000000084000000, 0x0000000084100000, 0x0000000084100000|100%| O|  |TAMS 0x0000000084100000, 0x0000000084000000| Untracked 
|  65|0x0000000084100000, 0x0000000084200000, 0x0000000084200000|100%|HS|  |TAMS 0x0000000084100000, 0x0000000084100000| Complete 
|  66|0x0000000084200000, 0x0000000084300000, 0x0000000084300000|100%| O|  |TAMS 0x0000000084300000, 0x0000000084200000| Untracked 
|  67|0x0000000084300000, 0x0000000084400000, 0x0000000084400000|100%| O|  |TAMS 0x0000000084400000, 0x0000000084300000| Untracked 
|  68|0x0000000084400000, 0x0000000084500000, 0x0000000084500000|100%| O|  |TAMS 0x0000000084500000, 0x0000000084400000| Untracked 
|  69|0x0000000084500000, 0x0000000084600000, 0x0000000084600000|100%| O|  |TAMS 0x0000000084600000, 0x0000000084500000| Untracked 
|  70|0x0000000084600000, 0x0000000084700000, 0x0000000084700000|100%| O|  |TAMS 0x0000000084700000, 0x0000000084600000| Untracked 
|  71|0x0000000084700000, 0x0000000084800000, 0x0000000084800000|100%| O|  |TAMS 0x0000000084800000, 0x0000000084700000| Untracked 
|  72|0x0000000084800000, 0x0000000084900000, 0x0000000084900000|100%| O|  |TAMS 0x00000000848ac600, 0x0000000084800000| Untracked 
|  73|0x0000000084900000, 0x0000000084a00000, 0x0000000084a00000|100%| O|  |TAMS 0x0000000084a00000, 0x0000000084900000| Untracked 
|  74|0x0000000084a00000, 0x0000000084b00000, 0x0000000084b00000|100%| O|  |TAMS 0x0000000084b00000, 0x0000000084a00000| Untracked 
|  75|0x0000000084b00000, 0x0000000084c00000, 0x0000000084c00000|100%| O|  |TAMS 0x0000000084c00000, 0x0000000084b00000| Untracked 
|  76|0x0000000084c00000, 0x0000000084d00000, 0x0000000084d00000|100%| O|  |TAMS 0x0000000084d00000, 0x0000000084c00000| Untracked 
|  77|0x0000000084d00000, 0x0000000084e00000, 0x0000000084e00000|100%| O|  |TAMS 0x0000000084e00000, 0x0000000084d00000| Untracked 
|  78|0x0000000084e00000, 0x0000000084f00000, 0x0000000084f00000|100%| O|  |TAMS 0x0000000084e00000, 0x0000000084e00000| Untracked 
|  79|0x0000000084f00000, 0x0000000085000000, 0x0000000085000000|100%| O|  |TAMS 0x0000000084f00000, 0x0000000084f00000| Untracked 
|  80|0x0000000085000000, 0x0000000085100000, 0x0000000085100000|100%| O|  |TAMS 0x0000000085000000, 0x0000000085000000| Untracked 
|  81|0x0000000085100000, 0x0000000085200000, 0x0000000085200000|100%| O|  |TAMS 0x0000000085100000, 0x0000000085100000| Untracked 
|  82|0x0000000085200000, 0x0000000085300000, 0x0000000085300000|100%|HS|  |TAMS 0x0000000085200000, 0x0000000085200000| Complete 
|  83|0x0000000085300000, 0x0000000085400000, 0x0000000085400000|100%|HS|  |TAMS 0x0000000085300000, 0x0000000085300000| Complete 
|  84|0x0000000085400000, 0x0000000085500000, 0x0000000085500000|100%|HS|  |TAMS 0x0000000085400000, 0x0000000085400000| Complete 
|  85|0x0000000085500000, 0x0000000085600000, 0x0000000085600000|100%|HC|  |TAMS 0x0000000085500000, 0x0000000085500000| Complete 
|  86|0x0000000085600000, 0x0000000085700000, 0x0000000085700000|100%|HC|  |TAMS 0x0000000085600000, 0x0000000085600000| Complete 
|  87|0x0000000085700000, 0x0000000085800000, 0x0000000085800000|100%|HS|  |TAMS 0x0000000085700000, 0x0000000085700000| Complete 
|  88|0x0000000085800000, 0x0000000085900000, 0x0000000085900000|100%|HC|  |TAMS 0x0000000085800000, 0x0000000085800000| Complete 
|  89|0x0000000085900000, 0x0000000085a00000, 0x0000000085a00000|100%| O|  |TAMS 0x0000000085900000, 0x0000000085900000| Untracked 
|  90|0x0000000085a00000, 0x0000000085b00000, 0x0000000085b00000|100%| O|  |TAMS 0x0000000085a00000, 0x0000000085a00000| Untracked 
|  91|0x0000000085b00000, 0x0000000085c00000, 0x0000000085c00000|100%| O|  |TAMS 0x0000000085b00000, 0x0000000085b00000| Untracked 
|  92|0x0000000085c00000, 0x0000000085d00000, 0x0000000085d00000|100%| O|  |TAMS 0x0000000085c00000, 0x0000000085c00000| Untracked 
|  93|0x0000000085d00000, 0x0000000085db0200, 0x0000000085e00000| 68%| O|  |TAMS 0x0000000085d00000, 0x0000000085d00000| Untracked 
|  94|0x0000000085e00000, 0x0000000085e00000, 0x0000000085f00000|  0%| F|  |TAMS 0x0000000085e00000, 0x0000000085e00000| Untracked 
|  95|0x0000000085f00000, 0x0000000085f00000, 0x0000000086000000|  0%| F|  |TAMS 0x0000000085f00000, 0x0000000085f00000| Untracked 
|  96|0x0000000086000000, 0x0000000086000000, 0x0000000086100000|  0%| F|  |TAMS 0x0000000086000000, 0x0000000086000000| Untracked 
|  97|0x0000000086100000, 0x0000000086100000, 0x0000000086200000|  0%| F|  |TAMS 0x0000000086100000, 0x0000000086100000| Untracked 
|  98|0x0000000086200000, 0x0000000086200000, 0x0000000086300000|  0%| F|  |TAMS 0x0000000086200000, 0x0000000086200000| Untracked 
|  99|0x0000000086300000, 0x0000000086300000, 0x0000000086400000|  0%| F|  |TAMS 0x0000000086300000, 0x0000000086300000| Untracked 
| 100|0x0000000086400000, 0x0000000086400000, 0x0000000086500000|  0%| F|  |TAMS 0x0000000086400000, 0x0000000086400000| Untracked 
| 101|0x0000000086500000, 0x0000000086500000, 0x0000000086600000|  0%| F|  |TAMS 0x0000000086500000, 0x0000000086500000| Untracked 
| 102|0x0000000086600000, 0x0000000086600000, 0x0000000086700000|  0%| F|  |TAMS 0x0000000086600000, 0x0000000086600000| Untracked 
| 103|0x0000000086700000, 0x0000000086700000, 0x0000000086800000|  0%| F|  |TAMS 0x0000000086700000, 0x0000000086700000| Untracked 
| 104|0x0000000086800000, 0x0000000086800000, 0x0000000086900000|  0%| F|  |TAMS 0x0000000086800000, 0x0000000086800000| Untracked 
| 105|0x0000000086900000, 0x0000000086900000, 0x0000000086a00000|  0%| F|  |TAMS 0x0000000086900000, 0x0000000086900000| Untracked 
| 106|0x0000000086a00000, 0x0000000086a00000, 0x0000000086b00000|  0%| F|  |TAMS 0x0000000086a00000, 0x0000000086a00000| Untracked 
| 107|0x0000000086b00000, 0x0000000086b00000, 0x0000000086c00000|  0%| F|  |TAMS 0x0000000086b00000, 0x0000000086b00000| Untracked 
| 108|0x0000000086c00000, 0x0000000086c00000, 0x0000000086d00000|  0%| F|  |TAMS 0x0000000086c00000, 0x0000000086c00000| Untracked 
| 109|0x0000000086d00000, 0x0000000086d00000, 0x0000000086e00000|  0%| F|  |TAMS 0x0000000086d00000, 0x0000000086d00000| Untracked 
| 110|0x0000000086e00000, 0x0000000086e00000, 0x0000000086f00000|  0%| F|  |TAMS 0x0000000086e00000, 0x0000000086e00000| Untracked 
| 111|0x0000000086f00000, 0x0000000086f00000, 0x0000000087000000|  0%| F|  |TAMS 0x0000000086f00000, 0x0000000086f00000| Untracked 
| 112|0x0000000087000000, 0x0000000087000000, 0x0000000087100000|  0%| F|  |TAMS 0x0000000087000000, 0x0000000087000000| Untracked 
| 113|0x0000000087100000, 0x0000000087100000, 0x0000000087200000|  0%| F|  |TAMS 0x0000000087100000, 0x0000000087100000| Untracked 
| 114|0x0000000087200000, 0x0000000087200000, 0x0000000087300000|  0%| F|  |TAMS 0x0000000087200000, 0x0000000087200000| Untracked 
| 115|0x0000000087300000, 0x0000000087300000, 0x0000000087400000|  0%| F|  |TAMS 0x0000000087300000, 0x0000000087300000| Untracked 
| 116|0x0000000087400000, 0x0000000087400000, 0x0000000087500000|  0%| F|  |TAMS 0x0000000087400000, 0x0000000087400000| Untracked 
| 117|0x0000000087500000, 0x0000000087500000, 0x0000000087600000|  0%| F|  |TAMS 0x0000000087500000, 0x0000000087500000| Untracked 
| 118|0x0000000087600000, 0x0000000087600000, 0x0000000087700000|  0%| F|  |TAMS 0x0000000087600000, 0x0000000087600000| Untracked 
| 119|0x0000000087700000, 0x0000000087700000, 0x0000000087800000|  0%| F|  |TAMS 0x0000000087700000, 0x0000000087700000| Untracked 
| 120|0x0000000087800000, 0x0000000087800000, 0x0000000087900000|  0%| F|  |TAMS 0x0000000087800000, 0x0000000087800000| Untracked 
| 121|0x0000000087900000, 0x0000000087900000, 0x0000000087a00000|  0%| F|  |TAMS 0x0000000087900000, 0x0000000087900000| Untracked 
| 122|0x0000000087a00000, 0x0000000087a00000, 0x0000000087b00000|  0%| F|  |TAMS 0x0000000087a00000, 0x0000000087a00000| Untracked 
| 123|0x0000000087b00000, 0x0000000087b00000, 0x0000000087c00000|  0%| F|  |TAMS 0x0000000087b00000, 0x0000000087b00000| Untracked 
| 124|0x0000000087c00000, 0x0000000087c00000, 0x0000000087d00000|  0%| F|  |TAMS 0x0000000087c00000, 0x0000000087c00000| Untracked 
| 125|0x0000000087d00000, 0x0000000087d00000, 0x0000000087e00000|  0%| F|  |TAMS 0x0000000087d00000, 0x0000000087d00000| Untracked 
| 126|0x0000000087e00000, 0x0000000087e00000, 0x0000000087f00000|  0%| F|  |TAMS 0x0000000087e00000, 0x0000000087e00000| Untracked 
| 127|0x0000000087f00000, 0x0000000087f00000, 0x0000000088000000|  0%| F|  |TAMS 0x0000000087f00000, 0x0000000087f00000| Untracked 
| 128|0x0000000088000000, 0x0000000088000000, 0x0000000088100000|  0%| F|  |TAMS 0x0000000088000000, 0x0000000088000000| Untracked 
| 129|0x0000000088100000, 0x0000000088100000, 0x0000000088200000|  0%| F|  |TAMS 0x0000000088100000, 0x0000000088100000| Untracked 
| 130|0x0000000088200000, 0x0000000088200000, 0x0000000088300000|  0%| F|  |TAMS 0x0000000088200000, 0x0000000088200000| Untracked 
| 131|0x0000000088300000, 0x0000000088300000, 0x0000000088400000|  0%| F|  |TAMS 0x0000000088300000, 0x0000000088300000| Untracked 
| 132|0x0000000088400000, 0x0000000088400000, 0x0000000088500000|  0%| F|  |TAMS 0x0000000088400000, 0x0000000088400000| Untracked 
| 133|0x0000000088500000, 0x0000000088500000, 0x0000000088600000|  0%| F|  |TAMS 0x0000000088500000, 0x0000000088500000| Untracked 
| 134|0x0000000088600000, 0x0000000088600000, 0x0000000088700000|  0%| F|  |TAMS 0x0000000088600000, 0x0000000088600000| Untracked 
| 135|0x0000000088700000, 0x0000000088700000, 0x0000000088800000|  0%| F|  |TAMS 0x0000000088700000, 0x0000000088700000| Untracked 
| 136|0x0000000088800000, 0x0000000088800000, 0x0000000088900000|  0%| F|  |TAMS 0x0000000088800000, 0x0000000088800000| Untracked 
| 137|0x0000000088900000, 0x0000000088900000, 0x0000000088a00000|  0%| F|  |TAMS 0x0000000088900000, 0x0000000088900000| Untracked 
| 138|0x0000000088a00000, 0x0000000088a00000, 0x0000000088b00000|  0%| F|  |TAMS 0x0000000088a00000, 0x0000000088a00000| Untracked 
| 139|0x0000000088b00000, 0x0000000088b00000, 0x0000000088c00000|  0%| F|  |TAMS 0x0000000088b00000, 0x0000000088b00000| Untracked 
| 140|0x0000000088c00000, 0x0000000088c00000, 0x0000000088d00000|  0%| F|  |TAMS 0x0000000088c00000, 0x0000000088c00000| Untracked 
| 141|0x0000000088d00000, 0x0000000088d00000, 0x0000000088e00000|  0%| F|  |TAMS 0x0000000088d00000, 0x0000000088d00000| Untracked 
| 142|0x0000000088e00000, 0x0000000088e00000, 0x0000000088f00000|  0%| F|  |TAMS 0x0000000088e00000, 0x0000000088e00000| Untracked 
| 143|0x0000000088f00000, 0x0000000089000000, 0x0000000089000000|100%| S|CS|TAMS 0x0000000088f00000, 0x0000000088f00000| Complete 
| 144|0x0000000089000000, 0x0000000089100000, 0x0000000089100000|100%| S|CS|TAMS 0x0000000089000000, 0x0000000089000000| Complete 
| 145|0x0000000089100000, 0x0000000089200000, 0x0000000089200000|100%| S|CS|TAMS 0x0000000089100000, 0x0000000089100000| Complete 
| 146|0x0000000089200000, 0x0000000089300000, 0x0000000089300000|100%| S|CS|TAMS 0x0000000089200000, 0x0000000089200000| Complete 
| 147|0x0000000089300000, 0x0000000089400000, 0x0000000089400000|100%| S|CS|TAMS 0x0000000089300000, 0x0000000089300000| Complete 
| 148|0x0000000089400000, 0x0000000089500000, 0x0000000089500000|100%| S|CS|TAMS 0x0000000089400000, 0x0000000089400000| Complete 
| 149|0x0000000089500000, 0x0000000089600000, 0x0000000089600000|100%| S|CS|TAMS 0x0000000089500000, 0x0000000089500000| Complete 
| 150|0x0000000089600000, 0x0000000089700000, 0x0000000089700000|100%| S|CS|TAMS 0x0000000089600000, 0x0000000089600000| Complete 
| 151|0x0000000089700000, 0x0000000089800000, 0x0000000089800000|100%| S|CS|TAMS 0x0000000089700000, 0x0000000089700000| Complete 
| 152|0x0000000089800000, 0x0000000089900000, 0x0000000089900000|100%| S|CS|TAMS 0x0000000089800000, 0x0000000089800000| Complete 
| 153|0x0000000089900000, 0x0000000089a00000, 0x0000000089a00000|100%| S|CS|TAMS 0x0000000089900000, 0x0000000089900000| Complete 
| 154|0x0000000089a00000, 0x0000000089b00000, 0x0000000089b00000|100%| S|CS|TAMS 0x0000000089a00000, 0x0000000089a00000| Complete 
| 155|0x0000000089b00000, 0x0000000089c00000, 0x0000000089c00000|100%| S|CS|TAMS 0x0000000089b00000, 0x0000000089b00000| Complete 
| 156|0x0000000089c00000, 0x0000000089d00000, 0x0000000089d00000|100%| S|CS|TAMS 0x0000000089c00000, 0x0000000089c00000| Complete 
| 157|0x0000000089d00000, 0x0000000089e00000, 0x0000000089e00000|100%| S|CS|TAMS 0x0000000089d00000, 0x0000000089d00000| Complete 
| 158|0x0000000089e00000, 0x0000000089f00000, 0x0000000089f00000|100%| S|CS|TAMS 0x0000000089e00000, 0x0000000089e00000| Complete 
| 159|0x0000000089f00000, 0x000000008a000000, 0x000000008a000000|100%| S|CS|TAMS 0x0000000089f00000, 0x0000000089f00000| Complete 
| 160|0x000000008a000000, 0x000000008a000000, 0x000000008a100000|  0%| F|  |TAMS 0x000000008a000000, 0x000000008a000000| Untracked 
| 161|0x000000008a100000, 0x000000008a100000, 0x000000008a200000|  0%| F|  |TAMS 0x000000008a100000, 0x000000008a100000| Untracked 
| 162|0x000000008a200000, 0x000000008a200000, 0x000000008a300000|  0%| F|  |TAMS 0x000000008a200000, 0x000000008a200000| Untracked 
| 163|0x000000008a300000, 0x000000008a300000, 0x000000008a400000|  0%| F|  |TAMS 0x000000008a300000, 0x000000008a300000| Untracked 
| 164|0x000000008a400000, 0x000000008a400000, 0x000000008a500000|  0%| F|  |TAMS 0x000000008a400000, 0x000000008a400000| Untracked 
| 165|0x000000008a500000, 0x000000008a500000, 0x000000008a600000|  0%| F|  |TAMS 0x000000008a500000, 0x000000008a500000| Untracked 
| 166|0x000000008a600000, 0x000000008a600000, 0x000000008a700000|  0%| F|  |TAMS 0x000000008a600000, 0x000000008a600000| Untracked 
| 167|0x000000008a700000, 0x000000008a700000, 0x000000008a800000|  0%| F|  |TAMS 0x000000008a700000, 0x000000008a700000| Untracked 
| 168|0x000000008a800000, 0x000000008a800000, 0x000000008a900000|  0%| F|  |TAMS 0x000000008a800000, 0x000000008a800000| Untracked 
| 169|0x000000008a900000, 0x000000008a900000, 0x000000008aa00000|  0%| F|  |TAMS 0x000000008a900000, 0x000000008a900000| Untracked 
| 170|0x000000008aa00000, 0x000000008aa00000, 0x000000008ab00000|  0%| F|  |TAMS 0x000000008aa00000, 0x000000008aa00000| Untracked 
| 171|0x000000008ab00000, 0x000000008ab00000, 0x000000008ac00000|  0%| F|  |TAMS 0x000000008ab00000, 0x000000008ab00000| Untracked 
| 172|0x000000008ac00000, 0x000000008ac00000, 0x000000008ad00000|  0%| F|  |TAMS 0x000000008ac00000, 0x000000008ac00000| Untracked 
| 173|0x000000008ad00000, 0x000000008ad00000, 0x000000008ae00000|  0%| F|  |TAMS 0x000000008ad00000, 0x000000008ad00000| Untracked 
| 174|0x000000008ae00000, 0x000000008ae00000, 0x000000008af00000|  0%| F|  |TAMS 0x000000008ae00000, 0x000000008ae00000| Untracked 
| 175|0x000000008af00000, 0x000000008af00000, 0x000000008b000000|  0%| F|  |TAMS 0x000000008af00000, 0x000000008af00000| Untracked 
| 176|0x000000008b000000, 0x000000008b000000, 0x000000008b100000|  0%| F|  |TAMS 0x000000008b000000, 0x000000008b000000| Untracked 
| 177|0x000000008b100000, 0x000000008b100000, 0x000000008b200000|  0%| F|  |TAMS 0x000000008b100000, 0x000000008b100000| Untracked 
| 178|0x000000008b200000, 0x000000008b200000, 0x000000008b300000|  0%| F|  |TAMS 0x000000008b200000, 0x000000008b200000| Untracked 
| 179|0x000000008b300000, 0x000000008b300000, 0x000000008b400000|  0%| F|  |TAMS 0x000000008b300000, 0x000000008b300000| Untracked 
| 180|0x000000008b400000, 0x000000008b400000, 0x000000008b500000|  0%| F|  |TAMS 0x000000008b400000, 0x000000008b400000| Untracked 
| 181|0x000000008b500000, 0x000000008b500000, 0x000000008b600000|  0%| F|  |TAMS 0x000000008b500000, 0x000000008b500000| Untracked 
| 182|0x000000008b600000, 0x000000008b600000, 0x000000008b700000|  0%| F|  |TAMS 0x000000008b600000, 0x000000008b600000| Untracked 
| 183|0x000000008b700000, 0x000000008b700000, 0x000000008b800000|  0%| F|  |TAMS 0x000000008b700000, 0x000000008b700000| Untracked 
| 184|0x000000008b800000, 0x000000008b800000, 0x000000008b900000|  0%| F|  |TAMS 0x000000008b800000, 0x000000008b800000| Untracked 
| 185|0x000000008b900000, 0x000000008b900000, 0x000000008ba00000|  0%| F|  |TAMS 0x000000008b900000, 0x000000008b900000| Untracked 
| 186|0x000000008ba00000, 0x000000008ba00000, 0x000000008bb00000|  0%| F|  |TAMS 0x000000008ba00000, 0x000000008ba00000| Untracked 
| 187|0x000000008bb00000, 0x000000008bb00000, 0x000000008bc00000|  0%| F|  |TAMS 0x000000008bb00000, 0x000000008bb00000| Untracked 
| 188|0x000000008bc00000, 0x000000008bc00000, 0x000000008bd00000|  0%| F|  |TAMS 0x000000008bc00000, 0x000000008bc00000| Untracked 
| 189|0x000000008bd00000, 0x000000008bd00000, 0x000000008be00000|  0%| F|  |TAMS 0x000000008bd00000, 0x000000008bd00000| Untracked 
| 190|0x000000008be00000, 0x000000008be00000, 0x000000008bf00000|  0%| F|  |TAMS 0x000000008be00000, 0x000000008be00000| Untracked 
| 191|0x000000008bf00000, 0x000000008bf00000, 0x000000008c000000|  0%| F|  |TAMS 0x000000008bf00000, 0x000000008bf00000| Untracked 
| 192|0x000000008c000000, 0x000000008c000000, 0x000000008c100000|  0%| F|  |TAMS 0x000000008c000000, 0x000000008c000000| Untracked 
| 193|0x000000008c100000, 0x000000008c100000, 0x000000008c200000|  0%| F|  |TAMS 0x000000008c100000, 0x000000008c100000| Untracked 
| 194|0x000000008c200000, 0x000000008c200000, 0x000000008c300000|  0%| F|  |TAMS 0x000000008c200000, 0x000000008c200000| Untracked 
| 195|0x000000008c300000, 0x000000008c300000, 0x000000008c400000|  0%| F|  |TAMS 0x000000008c300000, 0x000000008c300000| Untracked 
| 196|0x000000008c400000, 0x000000008c400000, 0x000000008c500000|  0%| F|  |TAMS 0x000000008c400000, 0x000000008c400000| Untracked 
| 197|0x000000008c500000, 0x000000008c500000, 0x000000008c600000|  0%| F|  |TAMS 0x000000008c500000, 0x000000008c500000| Untracked 
| 198|0x000000008c600000, 0x000000008c600000, 0x000000008c700000|  0%| F|  |TAMS 0x000000008c600000, 0x000000008c600000| Untracked 
| 199|0x000000008c700000, 0x000000008c700000, 0x000000008c800000|  0%| F|  |TAMS 0x000000008c700000, 0x000000008c700000| Untracked 
| 200|0x000000008c800000, 0x000000008c800000, 0x000000008c900000|  0%| F|  |TAMS 0x000000008c800000, 0x000000008c800000| Untracked 
| 201|0x000000008c900000, 0x000000008c900000, 0x000000008ca00000|  0%| F|  |TAMS 0x000000008c900000, 0x000000008c900000| Untracked 
| 202|0x000000008ca00000, 0x000000008ca00000, 0x000000008cb00000|  0%| F|  |TAMS 0x000000008ca00000, 0x000000008ca00000| Untracked 
| 203|0x000000008cb00000, 0x000000008cb00000, 0x000000008cc00000|  0%| F|  |TAMS 0x000000008cb00000, 0x000000008cb00000| Untracked 
| 204|0x000000008cc00000, 0x000000008cc00000, 0x000000008cd00000|  0%| F|  |TAMS 0x000000008cc00000, 0x000000008cc00000| Untracked 
| 205|0x000000008cd00000, 0x000000008cd00000, 0x000000008ce00000|  0%| F|  |TAMS 0x000000008cd00000, 0x000000008cd00000| Untracked 
| 206|0x000000008ce00000, 0x000000008ce00000, 0x000000008cf00000|  0%| F|  |TAMS 0x000000008ce00000, 0x000000008ce00000| Untracked 
| 207|0x000000008cf00000, 0x000000008cf00000, 0x000000008d000000|  0%| F|  |TAMS 0x000000008cf00000, 0x000000008cf00000| Untracked 
| 208|0x000000008d000000, 0x000000008d000000, 0x000000008d100000|  0%| F|  |TAMS 0x000000008d000000, 0x000000008d000000| Untracked 
| 209|0x000000008d100000, 0x000000008d100000, 0x000000008d200000|  0%| F|  |TAMS 0x000000008d100000, 0x000000008d100000| Untracked 
| 210|0x000000008d200000, 0x000000008d200000, 0x000000008d300000|  0%| F|  |TAMS 0x000000008d200000, 0x000000008d200000| Untracked 
| 211|0x000000008d300000, 0x000000008d300000, 0x000000008d400000|  0%| F|  |TAMS 0x000000008d300000, 0x000000008d300000| Untracked 
| 212|0x000000008d400000, 0x000000008d400000, 0x000000008d500000|  0%| F|  |TAMS 0x000000008d400000, 0x000000008d400000| Untracked 
| 213|0x000000008d500000, 0x000000008d500000, 0x000000008d600000|  0%| F|  |TAMS 0x000000008d500000, 0x000000008d500000| Untracked 
| 214|0x000000008d600000, 0x000000008d600000, 0x000000008d700000|  0%| F|  |TAMS 0x000000008d600000, 0x000000008d600000| Untracked 
| 215|0x000000008d700000, 0x000000008d700000, 0x000000008d800000|  0%| F|  |TAMS 0x000000008d700000, 0x000000008d700000| Untracked 
| 216|0x000000008d800000, 0x000000008d800000, 0x000000008d900000|  0%| F|  |TAMS 0x000000008d800000, 0x000000008d800000| Untracked 
| 217|0x000000008d900000, 0x000000008d900000, 0x000000008da00000|  0%| F|  |TAMS 0x000000008d900000, 0x000000008d900000| Untracked 
| 218|0x000000008da00000, 0x000000008da00000, 0x000000008db00000|  0%| F|  |TAMS 0x000000008da00000, 0x000000008da00000| Untracked 
| 219|0x000000008db00000, 0x000000008db00000, 0x000000008dc00000|  0%| F|  |TAMS 0x000000008db00000, 0x000000008db00000| Untracked 
| 220|0x000000008dc00000, 0x000000008dc00000, 0x000000008dd00000|  0%| F|  |TAMS 0x000000008dc00000, 0x000000008dc00000| Untracked 
| 221|0x000000008dd00000, 0x000000008dd00000, 0x000000008de00000|  0%| F|  |TAMS 0x000000008dd00000, 0x000000008dd00000| Untracked 
| 222|0x000000008de00000, 0x000000008de00000, 0x000000008df00000|  0%| F|  |TAMS 0x000000008de00000, 0x000000008de00000| Untracked 
| 223|0x000000008df00000, 0x000000008df00000, 0x000000008e000000|  0%| F|  |TAMS 0x000000008df00000, 0x000000008df00000| Untracked 
| 224|0x000000008e000000, 0x000000008e000000, 0x000000008e100000|  0%| F|  |TAMS 0x000000008e000000, 0x000000008e000000| Untracked 
| 225|0x000000008e100000, 0x000000008e100000, 0x000000008e200000|  0%| F|  |TAMS 0x000000008e100000, 0x000000008e100000| Untracked 
| 226|0x000000008e200000, 0x000000008e200000, 0x000000008e300000|  0%| F|  |TAMS 0x000000008e200000, 0x000000008e200000| Untracked 
| 227|0x000000008e300000, 0x000000008e300000, 0x000000008e400000|  0%| F|  |TAMS 0x000000008e300000, 0x000000008e300000| Untracked 
| 228|0x000000008e400000, 0x000000008e400000, 0x000000008e500000|  0%| F|  |TAMS 0x000000008e400000, 0x000000008e400000| Untracked 
| 229|0x000000008e500000, 0x000000008e500000, 0x000000008e600000|  0%| F|  |TAMS 0x000000008e500000, 0x000000008e500000| Untracked 
| 230|0x000000008e600000, 0x000000008e600000, 0x000000008e700000|  0%| F|  |TAMS 0x000000008e600000, 0x000000008e600000| Untracked 
| 231|0x000000008e700000, 0x000000008e700000, 0x000000008e800000|  0%| F|  |TAMS 0x000000008e700000, 0x000000008e700000| Untracked 
| 232|0x000000008e800000, 0x000000008e800000, 0x000000008e900000|  0%| F|  |TAMS 0x000000008e800000, 0x000000008e800000| Untracked 
| 233|0x000000008e900000, 0x000000008e900000, 0x000000008ea00000|  0%| F|  |TAMS 0x000000008e900000, 0x000000008e900000| Untracked 
| 234|0x000000008ea00000, 0x000000008ea00000, 0x000000008eb00000|  0%| F|  |TAMS 0x000000008ea00000, 0x000000008ea00000| Untracked 
| 235|0x000000008eb00000, 0x000000008eb00000, 0x000000008ec00000|  0%| F|  |TAMS 0x000000008eb00000, 0x000000008eb00000| Untracked 
| 236|0x000000008ec00000, 0x000000008ec00000, 0x000000008ed00000|  0%| F|  |TAMS 0x000000008ec00000, 0x000000008ec00000| Untracked 
| 237|0x000000008ed00000, 0x000000008ed00000, 0x000000008ee00000|  0%| F|  |TAMS 0x000000008ed00000, 0x000000008ed00000| Untracked 
| 238|0x000000008ee00000, 0x000000008ee00000, 0x000000008ef00000|  0%| F|  |TAMS 0x000000008ee00000, 0x000000008ee00000| Untracked 
| 239|0x000000008ef00000, 0x000000008ef00000, 0x000000008f000000|  0%| F|  |TAMS 0x000000008ef00000, 0x000000008ef00000| Untracked 
| 240|0x000000008f000000, 0x000000008f000000, 0x000000008f100000|  0%| F|  |TAMS 0x000000008f000000, 0x000000008f000000| Untracked 
| 241|0x000000008f100000, 0x000000008f100000, 0x000000008f200000|  0%| F|  |TAMS 0x000000008f100000, 0x000000008f100000| Untracked 
| 242|0x000000008f200000, 0x000000008f200000, 0x000000008f300000|  0%| F|  |TAMS 0x000000008f200000, 0x000000008f200000| Untracked 
| 243|0x000000008f300000, 0x000000008f300000, 0x000000008f400000|  0%| F|  |TAMS 0x000000008f300000, 0x000000008f300000| Untracked 
| 244|0x000000008f400000, 0x000000008f400000, 0x000000008f500000|  0%| F|  |TAMS 0x000000008f400000, 0x000000008f400000| Untracked 
| 245|0x000000008f500000, 0x000000008f500000, 0x000000008f600000|  0%| F|  |TAMS 0x000000008f500000, 0x000000008f500000| Untracked 
| 246|0x000000008f600000, 0x000000008f600000, 0x000000008f700000|  0%| F|  |TAMS 0x000000008f600000, 0x000000008f600000| Untracked 
| 247|0x000000008f700000, 0x000000008f700000, 0x000000008f800000|  0%| F|  |TAMS 0x000000008f700000, 0x000000008f700000| Untracked 
| 248|0x000000008f800000, 0x000000008f800000, 0x000000008f900000|  0%| F|  |TAMS 0x000000008f800000, 0x000000008f800000| Untracked 
| 249|0x000000008f900000, 0x000000008f900000, 0x000000008fa00000|  0%| F|  |TAMS 0x000000008f900000, 0x000000008f900000| Untracked 
| 250|0x000000008fa00000, 0x000000008fa00000, 0x000000008fb00000|  0%| F|  |TAMS 0x000000008fa00000, 0x000000008fa00000| Untracked 
| 251|0x000000008fb00000, 0x000000008fb00000, 0x000000008fc00000|  0%| F|  |TAMS 0x000000008fb00000, 0x000000008fb00000| Untracked 
| 252|0x000000008fc00000, 0x000000008fc00000, 0x000000008fd00000|  0%| F|  |TAMS 0x000000008fc00000, 0x000000008fc00000| Untracked 
| 253|0x000000008fd00000, 0x000000008fd00000, 0x000000008fe00000|  0%| F|  |TAMS 0x000000008fd00000, 0x000000008fd00000| Untracked 
| 254|0x000000008fe00000, 0x000000008fe00000, 0x000000008ff00000|  0%| F|  |TAMS 0x000000008fe00000, 0x000000008fe00000| Untracked 
| 255|0x000000008ff00000, 0x000000008ff00000, 0x0000000090000000|  0%| F|  |TAMS 0x000000008ff00000, 0x000000008ff00000| Untracked 
| 256|0x0000000090000000, 0x0000000090000000, 0x0000000090100000|  0%| F|  |TAMS 0x0000000090000000, 0x0000000090000000| Untracked 
| 257|0x0000000090100000, 0x0000000090100000, 0x0000000090200000|  0%| F|  |TAMS 0x0000000090100000, 0x0000000090100000| Untracked 
| 258|0x0000000090200000, 0x0000000090200000, 0x0000000090300000|  0%| F|  |TAMS 0x0000000090200000, 0x0000000090200000| Untracked 
| 259|0x0000000090300000, 0x0000000090300000, 0x0000000090400000|  0%| F|  |TAMS 0x0000000090300000, 0x0000000090300000| Untracked 
| 260|0x0000000090400000, 0x0000000090400000, 0x0000000090500000|  0%| F|  |TAMS 0x0000000090400000, 0x0000000090400000| Untracked 
| 261|0x0000000090500000, 0x0000000090500000, 0x0000000090600000|  0%| F|  |TAMS 0x0000000090500000, 0x0000000090500000| Untracked 
| 262|0x0000000090600000, 0x0000000090600000, 0x0000000090700000|  0%| F|  |TAMS 0x0000000090600000, 0x0000000090600000| Untracked 
| 263|0x0000000090700000, 0x0000000090700000, 0x0000000090800000|  0%| F|  |TAMS 0x0000000090700000, 0x0000000090700000| Untracked 
| 264|0x0000000090800000, 0x0000000090800000, 0x0000000090900000|  0%| F|  |TAMS 0x0000000090800000, 0x0000000090800000| Untracked 
| 265|0x0000000090900000, 0x0000000090900000, 0x0000000090a00000|  0%| F|  |TAMS 0x0000000090900000, 0x0000000090900000| Untracked 
| 266|0x0000000090a00000, 0x0000000090a00000, 0x0000000090b00000|  0%| F|  |TAMS 0x0000000090a00000, 0x0000000090a00000| Untracked 
| 267|0x0000000090b00000, 0x0000000090b00000, 0x0000000090c00000|  0%| F|  |TAMS 0x0000000090b00000, 0x0000000090b00000| Untracked 
| 268|0x0000000090c00000, 0x0000000090c00000, 0x0000000090d00000|  0%| F|  |TAMS 0x0000000090c00000, 0x0000000090c00000| Untracked 
| 269|0x0000000090d00000, 0x0000000090d00000, 0x0000000090e00000|  0%| F|  |TAMS 0x0000000090d00000, 0x0000000090d00000| Untracked 
| 270|0x0000000090e00000, 0x0000000090e00000, 0x0000000090f00000|  0%| F|  |TAMS 0x0000000090e00000, 0x0000000090e00000| Untracked 
| 271|0x0000000090f00000, 0x0000000090f00000, 0x0000000091000000|  0%| F|  |TAMS 0x0000000090f00000, 0x0000000090f00000| Untracked 
| 272|0x0000000091000000, 0x0000000091000000, 0x0000000091100000|  0%| F|  |TAMS 0x0000000091000000, 0x0000000091000000| Untracked 
| 273|0x0000000091100000, 0x0000000091100000, 0x0000000091200000|  0%| F|  |TAMS 0x0000000091100000, 0x0000000091100000| Untracked 
| 274|0x0000000091200000, 0x0000000091200000, 0x0000000091300000|  0%| F|  |TAMS 0x0000000091200000, 0x0000000091200000| Untracked 
| 275|0x0000000091300000, 0x0000000091300000, 0x0000000091400000|  0%| F|  |TAMS 0x0000000091300000, 0x0000000091300000| Untracked 
| 276|0x0000000091400000, 0x0000000091400000, 0x0000000091500000|  0%| F|  |TAMS 0x0000000091400000, 0x0000000091400000| Untracked 
| 277|0x0000000091500000, 0x0000000091500000, 0x0000000091600000|  0%| F|  |TAMS 0x0000000091500000, 0x0000000091500000| Untracked 
| 278|0x0000000091600000, 0x0000000091600000, 0x0000000091700000|  0%| F|  |TAMS 0x0000000091600000, 0x0000000091600000| Untracked 
| 279|0x0000000091700000, 0x0000000091700000, 0x0000000091800000|  0%| F|  |TAMS 0x0000000091700000, 0x0000000091700000| Untracked 
| 280|0x0000000091800000, 0x0000000091800000, 0x0000000091900000|  0%| F|  |TAMS 0x0000000091800000, 0x0000000091800000| Untracked 
| 281|0x0000000091900000, 0x0000000091900000, 0x0000000091a00000|  0%| F|  |TAMS 0x0000000091900000, 0x0000000091900000| Untracked 
| 282|0x0000000091a00000, 0x0000000091a00000, 0x0000000091b00000|  0%| F|  |TAMS 0x0000000091a00000, 0x0000000091a00000| Untracked 
| 283|0x0000000091b00000, 0x0000000091b00000, 0x0000000091c00000|  0%| F|  |TAMS 0x0000000091b00000, 0x0000000091b00000| Untracked 
| 284|0x0000000091c00000, 0x0000000091c00000, 0x0000000091d00000|  0%| F|  |TAMS 0x0000000091c00000, 0x0000000091c00000| Untracked 
| 285|0x0000000091d00000, 0x0000000091d00000, 0x0000000091e00000|  0%| F|  |TAMS 0x0000000091d00000, 0x0000000091d00000| Untracked 
| 286|0x0000000091e00000, 0x0000000091e00000, 0x0000000091f00000|  0%| F|  |TAMS 0x0000000091e00000, 0x0000000091e00000| Untracked 
| 287|0x0000000091f00000, 0x0000000091f00000, 0x0000000092000000|  0%| F|  |TAMS 0x0000000091f00000, 0x0000000091f00000| Untracked 
| 288|0x0000000092000000, 0x0000000092000000, 0x0000000092100000|  0%| F|  |TAMS 0x0000000092000000, 0x0000000092000000| Untracked 
| 289|0x0000000092100000, 0x0000000092100000, 0x0000000092200000|  0%| F|  |TAMS 0x0000000092100000, 0x0000000092100000| Untracked 
| 290|0x0000000092200000, 0x0000000092200000, 0x0000000092300000|  0%| F|  |TAMS 0x0000000092200000, 0x0000000092200000| Untracked 
| 291|0x0000000092300000, 0x0000000092381260, 0x0000000092400000| 50%| E|  |TAMS 0x0000000092300000, 0x0000000092300000| Complete 

Card table byte_map: [0x000001de79690000,0x000001de79a90000] _byte_map_base: 0x000001de79290000

Marking Bits (Prev, Next): (CMBitMap*) 0x000001de62803b00, (CMBitMap*) 0x000001de62803ac0
 Prev Bits: [0x000001de7be90000, 0x000001de7de90000)
 Next Bits: [0x000001de79e90000, 0x000001de7be90000)

Polling page: 0x000001de60940000

Metaspace:

Usage:
  Non-class:     72.67 MB used.
      Class:     11.70 MB used.
       Both:     84.37 MB used.

Virtual space:
  Non-class space:       80.00 MB reserved,      73.19 MB ( 91%) committed,  10 nodes.
      Class space:      412.00 MB reserved,      12.12 MB (  3%) committed,  1 nodes.
             Both:      492.00 MB reserved,      85.31 MB ( 17%) committed. 

Chunk freelists:
   Non-Class:  2.67 MB
       Class:  3.91 MB
        Both:  6.58 MB

MaxMetaspaceSize: 512.00 MB
CompressedClassSpaceSize: 412.00 MB
Initial GC threshold: 21.00 MB
Current GC threshold: 126.25 MB
CDS: on
MetaspaceReclaimPolicy: balanced
 - commit_granule_bytes: 65536.
 - commit_granule_words: 8192.
 - virtual_space_node_default_size: 1048576.
 - enlarge_chunks_in_place: 1.
 - new_chunks_are_fully_committed: 0.
 - uncommit_free_chunks: 1.
 - use_allocation_guard: 0.
 - handle_deallocations: 1.


Internal statistics:

num_allocs_failed_limit: 6.
num_arena_births: 1016.
num_arena_deaths: 0.
num_vsnodes_births: 11.
num_vsnodes_deaths: 0.
num_space_committed: 1365.
num_space_uncommitted: 0.
num_chunks_returned_to_freelist: 6.
num_chunks_taken_from_freelist: 4600.
num_chunk_merges: 6.
num_chunk_splits: 3086.
num_chunks_enlarged: 2086.
num_purges: 0.
num_inconsistent_stats: 0.

CodeHeap 'non-profiled nmethods': size=120000Kb used=6035Kb max_used=6035Kb free=113964Kb
 bounds [0x000001de71d60000, 0x000001de72350000, 0x000001de79290000]
CodeHeap 'profiled nmethods': size=120000Kb used=20674Kb max_used=20674Kb free=99326Kb
 bounds [0x000001de6a290000, 0x000001de6b6d0000, 0x000001de717c0000]
CodeHeap 'non-nmethods': size=5760Kb used=2401Kb max_used=2491Kb free=3358Kb
 bounds [0x000001de717c0000, 0x000001de71a40000, 0x000001de71d60000]
 total_blobs=11244 nmethods=10305 adapters=850
 compilation: enabled
              stopped_count=0, restarted_count=0
 full_count=0

Compilation events (20 events):
Event: 57.255 Thread 0x000001de003abe00 11895       3       groovyjarjarasm.asm.Attribute::putAttributes (78 bytes)
Event: 57.256 Thread 0x000001de003abe00 nmethod 11895 0x000001de6b6b7690 code [0x000001de6b6b78e0, 0x000001de6b6b7e18]
Event: 57.261 Thread 0x000001de003abe00 11896       3       org.gradle.internal.instantiation.generator.AsmBackedClassGenerator$ClassBuilderImpl$$Lambda$132/0x0000000800db1440::emit (13 bytes)
Event: 57.261 Thread 0x000001de003abe00 nmethod 11896 0x000001de6b6b8110 code [0x000001de6b6b82c0, 0x000001de6b6b8408]
Event: 57.261 Thread 0x000001de003abe00 11897       3       org.gradle.internal.instantiation.generator.AsmBackedClassGenerator$ClassBuilderImpl$12::<init> (80 bytes)
Event: 57.262 Thread 0x000001de003abe00 nmethod 11897 0x000001de6b6b8510 code [0x000001de6b6b8800, 0x000001de6b6b9b48]
Event: 57.262 Thread 0x000001de003abe00 11898       3       org.gradle.internal.instantiation.generator.AbstractClassGenerator::access$1600 (6 bytes)
Event: 57.263 Thread 0x000001de003abe00 nmethod 11898 0x000001de6b6ba210 code [0x000001de6b6ba3a0, 0x000001de6b6ba4c8]
Event: 57.265 Thread 0x000001de07447f60 nmethod 11846 0x000001de72338e10 code [0x000001de72339180, 0x000001de7233b678]
Event: 57.266 Thread 0x000001de07447f60 11886       4       groovy.lang.MetaMethod::isStatic (16 bytes)
Event: 57.266 Thread 0x000001de07447f60 nmethod 11886 0x000001de7233c990 code [0x000001de7233cb20, 0x000001de7233cbd8]
Event: 57.266 Thread 0x000001de07447f60 11885       4       groovy.lang.MetaClassImpl::inheritInterfaceNewMetaMethods (195 bytes)
Event: 57.316 Thread 0x000001de003abe00 11899       3       java.beans.Introspector::addPropertyDescriptors (37 bytes)
Event: 57.317 Thread 0x000001de003abe00 nmethod 11899 0x000001de6b6ba590 code [0x000001de6b6ba740, 0x000001de6b6ba9a8]
Event: 57.318 Thread 0x000001de003abe00 11900       3       groovy.lang.MetaClassImpl::makeStaticPropertyIndex (143 bytes)
Event: 57.320 Thread 0x000001de003abe00 nmethod 11900 0x000001de6b6bab10 code [0x000001de6b6bae20, 0x000001de6b6bc838]
Event: 57.324 Thread 0x000001de003abe00 11901       3       org.gradle.internal.metaobject.CompositeDynamicObject::tryGetProperty (54 bytes)
Event: 57.324 Thread 0x000001de003abe00 nmethod 11901 0x000001de6b6bcf10 code [0x000001de6b6bd0e0, 0x000001de6b6bd548]
Event: 57.361 Thread 0x000001de003abe00 11904   !   3       org.codehaus.groovy.runtime.callsite.PogoGetPropertySite::getProperty (20 bytes)
Event: 57.361 Thread 0x000001de003abe00 nmethod 11904 0x000001de6b6bd710 code [0x000001de6b6bd8c0, 0x000001de6b6bdbf8]

GC Heap History (20 events):
Event: 39.382 GC heap before
{Heap before GC invocations=29 (full 0):
 garbage-first heap   total 121856K, used 72646K [0x0000000080000000, 0x0000000100000000)
  region size 1024K, 15 young (15360K), 4 survivors (4096K)
 Metaspace       used 63356K, committed 64064K, reserved 479232K
  class space    used 8811K, committed 9152K, reserved 421888K
}
Event: 39.388 GC heap after
{Heap after GC invocations=30 (full 0):
 garbage-first heap   total 121856K, used 63075K [0x0000000080000000, 0x0000000100000000)
  region size 1024K, 1 young (1024K), 1 survivors (1024K)
 Metaspace       used 63356K, committed 64064K, reserved 479232K
  class space    used 8811K, committed 9152K, reserved 421888K
}
Event: 40.685 GC heap before
{Heap before GC invocations=31 (full 0):
 garbage-first heap   total 121856K, used 97891K [0x0000000080000000, 0x0000000100000000)
  region size 1024K, 35 young (35840K), 1 survivors (1024K)
 Metaspace       used 67720K, committed 68416K, reserved 487424K
  class space    used 9288K, committed 9664K, reserved 421888K
}
Event: 40.690 GC heap after
{Heap after GC invocations=32 (full 0):
 garbage-first heap   total 121856K, used 71390K [0x0000000080000000, 0x0000000100000000)
  region size 1024K, 5 young (5120K), 5 survivors (5120K)
 Metaspace       used 67720K, committed 68416K, reserved 487424K
  class space    used 9288K, committed 9664K, reserved 421888K
}
Event: 41.605 GC heap before
{Heap before GC invocations=33 (full 0):
 garbage-first heap   total 132096K, used 106206K [0x0000000080000000, 0x0000000100000000)
  region size 1024K, 32 young (32768K), 5 survivors (5120K)
 Metaspace       used 70244K, committed 70976K, reserved 487424K
  class space    used 9571K, committed 9920K, reserved 421888K
}
Event: 41.611 GC heap after
{Heap after GC invocations=34 (full 0):
 garbage-first heap   total 132096K, used 75219K [0x0000000080000000, 0x0000000100000000)
  region size 1024K, 4 young (4096K), 4 survivors (4096K)
 Metaspace       used 70244K, committed 70976K, reserved 487424K
  class space    used 9571K, committed 9920K, reserved 421888K
}
Event: 41.669 GC heap before
{Heap before GC invocations=34 (full 0):
 garbage-first heap   total 132096K, used 77267K [0x0000000080000000, 0x0000000100000000)
  region size 1024K, 6 young (6144K), 4 survivors (4096K)
 Metaspace       used 70475K, committed 71232K, reserved 487424K
  class space    used 9613K, committed 9984K, reserved 421888K
}
Event: 41.676 GC heap after
{Heap after GC invocations=35 (full 0):
 garbage-first heap   total 132096K, used 75545K [0x0000000080000000, 0x0000000100000000)
  region size 1024K, 1 young (1024K), 1 survivors (1024K)
 Metaspace       used 70475K, committed 71232K, reserved 487424K
  class space    used 9613K, committed 9984K, reserved 421888K
}
Event: 42.667 GC heap before
{Heap before GC invocations=35 (full 0):
 garbage-first heap   total 132096K, used 105241K [0x0000000080000000, 0x0000000100000000)
  region size 1024K, 30 young (30720K), 1 survivors (1024K)
 Metaspace       used 73206K, committed 73984K, reserved 487424K
  class space    used 9945K, committed 10304K, reserved 421888K
}
Event: 42.670 GC heap after
{Heap after GC invocations=36 (full 0):
 garbage-first heap   total 132096K, used 77445K [0x0000000080000000, 0x0000000100000000)
  region size 1024K, 3 young (3072K), 3 survivors (3072K)
 Metaspace       used 73206K, committed 73984K, reserved 487424K
  class space    used 9945K, committed 10304K, reserved 421888K
}
Event: 43.556 GC heap before
{Heap before GC invocations=37 (full 0):
 garbage-first heap   total 137216K, used 107141K [0x0000000080000000, 0x0000000100000000)
  region size 1024K, 32 young (32768K), 3 survivors (3072K)
 Metaspace       used 75051K, committed 75776K, reserved 487424K
  class space    used 10218K, committed 10560K, reserved 421888K
}
Event: 43.564 GC heap after
{Heap after GC invocations=38 (full 0):
 garbage-first heap   total 137216K, used 79381K [0x0000000080000000, 0x0000000100000000)
  region size 1024K, 4 young (4096K), 4 survivors (4096K)
 Metaspace       used 75051K, committed 75776K, reserved 487424K
  class space    used 10218K, committed 10560K, reserved 421888K
}
Event: 43.586 GC heap before
{Heap before GC invocations=38 (full 0):
 garbage-first heap   total 137216K, used 81429K [0x0000000080000000, 0x0000000100000000)
  region size 1024K, 6 young (6144K), 4 survivors (4096K)
 Metaspace       used 75051K, committed 75776K, reserved 487424K
  class space    used 10218K, committed 10560K, reserved 421888K
}
Event: 43.592 GC heap after
{Heap after GC invocations=39 (full 0):
 garbage-first heap   total 137216K, used 78833K [0x0000000080000000, 0x0000000100000000)
  region size 1024K, 1 young (1024K), 1 survivors (1024K)
 Metaspace       used 75051K, committed 75776K, reserved 487424K
  class space    used 10218K, committed 10560K, reserved 421888K
}
Event: 53.811 GC heap before
{Heap before GC invocations=39 (full 0):
 garbage-first heap   total 137216K, used 111601K [0x0000000080000000, 0x0000000100000000)
  region size 1024K, 33 young (33792K), 1 survivors (1024K)
 Metaspace       used 76100K, committed 76864K, reserved 495616K
  class space    used 10348K, committed 10688K, reserved 421888K
}
Event: 53.816 GC heap after
{Heap after GC invocations=40 (full 0):
 garbage-first heap   total 137216K, used 82145K [0x0000000080000000, 0x0000000100000000)
  region size 1024K, 4 young (4096K), 4 survivors (4096K)
 Metaspace       used 76100K, committed 76864K, reserved 495616K
  class space    used 10348K, committed 10688K, reserved 421888K
}
Event: 54.435 GC heap before
{Heap before GC invocations=41 (full 0):
 garbage-first heap   total 150528K, used 111841K [0x0000000080000000, 0x0000000100000000)
  region size 1024K, 33 young (33792K), 4 survivors (4096K)
 Metaspace       used 79798K, committed 80576K, reserved 495616K
  class space    used 11020K, committed 11392K, reserved 421888K
}
Event: 54.442 GC heap after
{Heap after GC invocations=42 (full 0):
 garbage-first heap   total 150528K, used 83687K [0x0000000080000000, 0x0000000100000000)
  region size 1024K, 2 young (2048K), 2 survivors (2048K)
 Metaspace       used 79798K, committed 80576K, reserved 495616K
  class space    used 11020K, committed 11392K, reserved 421888K
}
Event: 54.529 GC heap before
{Heap before GC invocations=42 (full 0):
 garbage-first heap   total 150528K, used 88807K [0x0000000080000000, 0x0000000100000000)
  region size 1024K, 7 young (7168K), 2 survivors (2048K)
 Metaspace       used 80436K, committed 81216K, reserved 495616K
  class space    used 11136K, committed 11520K, reserved 421888K
}
Event: 54.536 GC heap after
{Heap after GC invocations=43 (full 0):
 garbage-first heap   total 299008K, used 83593K [0x0000000080000000, 0x0000000100000000)
  region size 1024K, 1 young (1024K), 1 survivors (1024K)
 Metaspace       used 80436K, committed 81216K, reserved 495616K
  class space    used 11136K, committed 11520K, reserved 421888K
}

Dll operation events (12 events):
Event: 0.014 Loaded shared library C:\Program Files\Eclipse Adoptium\jdk-17.0.6.10-hotspot\bin\java.dll
Event: 0.049 Loaded shared library C:\Program Files\Eclipse Adoptium\jdk-17.0.6.10-hotspot\bin\jsvml.dll
Event: 0.642 Loaded shared library C:\Program Files\Eclipse Adoptium\jdk-17.0.6.10-hotspot\bin\net.dll
Event: 0.644 Loaded shared library C:\Program Files\Eclipse Adoptium\jdk-17.0.6.10-hotspot\bin\nio.dll
Event: 0.651 Loaded shared library C:\Program Files\Eclipse Adoptium\jdk-17.0.6.10-hotspot\bin\zip.dll
Event: 1.185 Loaded shared library C:\Program Files\Eclipse Adoptium\jdk-17.0.6.10-hotspot\bin\jimage.dll
Event: 1.441 Loaded shared library C:\Program Files\Eclipse Adoptium\jdk-17.0.6.10-hotspot\bin\verify.dll
Event: 2.224 Loaded shared library C:\Users\songe\.gradle\native\68d5fa5c4cc2d200863cafc0d521ce42e7d3e7ee720ec0a83991735586a16f82\windows-amd64\native-platform.dll
Event: 2.230 Loaded shared library C:\Users\songe\.gradle\native\e376f236ea51e6404a007f0833ffe2c6e607c4080706a723a18a27aeea778392\windows-amd64\native-platform-file-events.dll
Event: 4.976 Loaded shared library C:\Program Files\Eclipse Adoptium\jdk-17.0.6.10-hotspot\bin\management.dll
Event: 4.979 Loaded shared library C:\Program Files\Eclipse Adoptium\jdk-17.0.6.10-hotspot\bin\management_ext.dll
Event: 7.809 Loaded shared library C:\Program Files\Eclipse Adoptium\jdk-17.0.6.10-hotspot\bin\sunmscapi.dll

Deoptimization events (20 events):
Event: 56.590 Thread 0x000001de0256fbb0 DEOPT PACKING pc=0x000001de6acd6fd9 sp=0x000000b7eb3f9420
Event: 56.590 Thread 0x000001de0256fbb0 DEOPT UNPACKING pc=0x000001de71817143 sp=0x000000b7eb3f8918 mode 0
Event: 56.598 Thread 0x000001de0256fbb0 DEOPT PACKING pc=0x000001de6a31d1f3 sp=0x000000b7eb3f9480
Event: 56.598 Thread 0x000001de0256fbb0 DEOPT UNPACKING pc=0x000001de71817143 sp=0x000000b7eb3f89b8 mode 0
Event: 56.599 Thread 0x000001de0256fbb0 DEOPT PACKING pc=0x000001de6acd6fd9 sp=0x000000b7eb3f9400
Event: 56.599 Thread 0x000001de0256fbb0 DEOPT UNPACKING pc=0x000001de71817143 sp=0x000000b7eb3f88f8 mode 0
Event: 56.619 Thread 0x000001de0256fbb0 Uncommon trap: trap_request=0xffffff45 fr.pc=0x000001de72276e60 relative=0x0000000000000520
Event: 56.619 Thread 0x000001de0256fbb0 Uncommon trap: reason=unstable_if action=reinterpret pc=0x000001de72276e60 method=groovy.lang.MetaClassImpl.filterPropertyMethod(Ljava/lang/Object;ZZ)Ljava/lang/Object; @ 80 c2
Event: 56.619 Thread 0x000001de0256fbb0 DEOPT PACKING pc=0x000001de72276e60 sp=0x000000b7eb3f8db0
Event: 56.619 Thread 0x000001de0256fbb0 DEOPT UNPACKING pc=0x000001de718169a3 sp=0x000000b7eb3f8d20 mode 2
Event: 56.990 Thread 0x000001de0256fbb0 Uncommon trap: trap_request=0xffffff45 fr.pc=0x000001de71e1bebc relative=0x000000000000137c
Event: 56.990 Thread 0x000001de0256fbb0 Uncommon trap: reason=unstable_if action=reinterpret pc=0x000001de71e1bebc method=sun.net.www.protocol.jar.Handler.parseURL(Ljava/net/URL;Ljava/lang/String;II)V @ 116 c2
Event: 56.990 Thread 0x000001de0256fbb0 DEOPT PACKING pc=0x000001de71e1bebc sp=0x000000b7eb3f7eb0
Event: 56.990 Thread 0x000001de0256fbb0 DEOPT UNPACKING pc=0x000001de718169a3 sp=0x000000b7eb3f7e40 mode 2
Event: 57.202 Thread 0x000001de0256fbb0 DEOPT PACKING pc=0x000001de6a8dd9b1 sp=0x000000b7eb3f8a10
Event: 57.202 Thread 0x000001de0256fbb0 DEOPT UNPACKING pc=0x000001de71817143 sp=0x000000b7eb3f7f00 mode 0
Event: 57.232 Thread 0x000001de0256fbb0 DEOPT PACKING pc=0x000001de6a38b3ee sp=0x000000b7eb3f9950
Event: 57.232 Thread 0x000001de0256fbb0 DEOPT UNPACKING pc=0x000001de71817143 sp=0x000000b7eb3f8e00 mode 0
Event: 57.337 Thread 0x000001de0256fbb0 DEOPT PACKING pc=0x000001de6ad132f1 sp=0x000000b7eb3f58d0
Event: 57.337 Thread 0x000001de0256fbb0 DEOPT UNPACKING pc=0x000001de71817143 sp=0x000000b7eb3f4d30 mode 0

Classes unloaded (0 events):
No events

Classes redefined (0 events):
No events

Internal exceptions (20 events):
Event: 57.238 Thread 0x000001de0256fbb0 Exception <a 'java/lang/ClassNotFoundException'{0x000000008a50d1c8}: org/gradle/api/internal/tasks/DefaultTaskContainer_DecoratedBeanInfo> (0x000000008a50d1c8) 
thrown [s\src\hotspot\share\classfile\systemDictionary.cpp, line 256]
Event: 57.239 Thread 0x000001de0256fbb0 Exception <a 'java/lang/ClassNotFoundException'{0x000000008a520b30}: org/gradle/api/internal/tasks/DefaultTaskContainerBeanInfo> (0x000000008a520b30) 
thrown [s\src\hotspot\share\classfile\systemDictionary.cpp, line 256]
Event: 57.240 Thread 0x000001de0256fbb0 Exception <a 'java/lang/ClassNotFoundException'{0x000000008a534770}: org/gradle/api/internal/tasks/DefaultTaskCollectionBeanInfo> (0x000000008a534770) 
thrown [s\src\hotspot\share\classfile\systemDictionary.cpp, line 256]
Event: 57.241 Thread 0x000001de0256fbb0 Exception <a 'java/lang/ClassNotFoundException'{0x000000008a548380}: org/gradle/api/internal/tasks/DefaultTaskCollectionCustomizer> (0x000000008a548380) 
thrown [s\src\hotspot\share\classfile\systemDictionary.cpp, line 256]
Event: 57.245 Thread 0x000001de0256fbb0 Exception <a 'java/lang/ClassNotFoundException'{0x000000008a589990}: org/gradle/api/internal/tasks/DefaultTaskContainerCustomizer> (0x000000008a589990) 
thrown [s\src\hotspot\share\classfile\systemDictionary.cpp, line 256]
Event: 57.249 Thread 0x000001de0256fbb0 Exception <a 'java/lang/ClassNotFoundException'{0x000000008a5ee060}: org/gradle/api/internal/tasks/DefaultTaskContainer_DecoratedCustomizer> (0x000000008a5ee060) 
thrown [s\src\hotspot\share\classfile\systemDictionary.cpp, line 256]
Event: 57.269 Thread 0x000001de0256fbb0 Exception <a 'java/lang/ClassNotFoundException'{0x000000008a32c410}: NoMultipleInstancesAssertionTask_DecoratedBeanInfo> (0x000000008a32c410) 
thrown [s\src\hotspot\share\classfile\systemDictionary.cpp, line 256]
Event: 57.270 Thread 0x000001de0256fbb0 Exception <a 'java/lang/ClassNotFoundException'{0x000000008a33d1a8}: NoMultipleInstancesAssertionTaskBeanInfo> (0x000000008a33d1a8) 
thrown [s\src\hotspot\share\classfile\systemDictionary.cpp, line 256]
Event: 57.313 Thread 0x000001de0256fbb0 Exception <a 'java/lang/ClassNotFoundException'{0x000000008a34df38}: NoMultipleInstancesAssertionTaskCustomizer> (0x000000008a34df38) 
thrown [s\src\hotspot\share\classfile\systemDictionary.cpp, line 256]
Event: 57.316 Thread 0x000001de0256fbb0 Exception <a 'java/lang/ClassNotFoundException'{0x000000008a375e40}: NoMultipleInstancesAssertionTask_DecoratedCustomizer> (0x000000008a375e40) 
thrown [s\src\hotspot\share\classfile\systemDictionary.cpp, line 256]
Event: 57.326 Thread 0x000001de0256fbb0 Exception <a 'java/lang/ClassNotFoundException'{0x000000008a3ddf80}: com/android/VersionBeanInfo> (0x000000008a3ddf80) 
thrown [s\src\hotspot\share\classfile\systemDictionary.cpp, line 256]
Event: 57.326 Thread 0x000001de0256fbb0 Exception <a 'java/lang/ClassNotFoundException'{0x000000008a3e9340}: com/android/VersionCustomizer> (0x000000008a3e9340) 
thrown [s\src\hotspot\share\classfile\systemDictionary.cpp, line 256]
Event: 57.339 Thread 0x000001de0256fbb0 Exception <a 'java/lang/ClassNotFoundException'{0x000000008a2481b0}: com/android/build/gradle/internal/dsl/LibraryBuildFeaturesImpl_DecoratedBeanInfo> (0x000000008a2481b0) 
thrown [s\src\hotspot\share\classfile\systemDictionary.cpp, line 256]
Event: 57.341 Thread 0x000001de0256fbb0 Exception <a 'java/lang/ClassNotFoundException'{0x000000008a256970}: com/android/build/gradle/internal/dsl/LibraryBuildFeaturesImplBeanInfo> (0x000000008a256970) 
thrown [s\src\hotspot\share\classfile\systemDictionary.cpp, line 256]
Event: 57.342 Thread 0x000001de0256fbb0 Exception <a 'java/lang/ClassNotFoundException'{0x000000008a265080}: com/android/build/gradle/internal/dsl/BuildFeaturesImplBeanInfo> (0x000000008a265080) 
thrown [s\src\hotspot\share\classfile\systemDictionary.cpp, line 256]
Event: 57.343 Thread 0x000001de0256fbb0 Exception <a 'java/lang/ClassNotFoundException'{0x000000008a2737b8}: com/android/build/gradle/internal/dsl/BuildFeaturesImplCustomizer> (0x000000008a2737b8) 
thrown [s\src\hotspot\share\classfile\systemDictionary.cpp, line 256]
Event: 57.344 Thread 0x000001de0256fbb0 Exception <a 'java/lang/ClassNotFoundException'{0x000000008a28dd50}: com/android/build/gradle/internal/dsl/LibraryBuildFeaturesImplCustomizer> (0x000000008a28dd50) 
thrown [s\src\hotspot\share\classfile\systemDictionary.cpp, line 256]
Event: 57.345 Thread 0x000001de0256fbb0 Exception <a 'java/lang/ClassNotFoundException'{0x000000008a2a63c8}: com/android/build/gradle/internal/dsl/LibraryBuildFeaturesImpl_DecoratedCustomizer> (0x000000008a2a63c8) 
thrown [s\src\hotspot\share\classfile\systemDictionary.cpp, line 256]
Event: 57.359 Thread 0x000001de0256fbb0 Exception <a 'java/lang/ClassNotFoundException'{0x000000008a115720}: build_dfxgaoxr9jpq0pdoyq5c4q5jr$_run_closure5BeanInfo> (0x000000008a115720) 
thrown [s\src\hotspot\share\classfile\systemDictionary.cpp, line 256]
Event: 57.360 Thread 0x000001de0256fbb0 Exception <a 'java/lang/ClassNotFoundException'{0x000000008a121180}: build_dfxgaoxr9jpq0pdoyq5c4q5jr$_run_closure5Customizer> (0x000000008a121180) 
thrown [s\src\hotspot\share\classfile\systemDictionary.cpp, line 256]

VM Operations (20 events):
Event: 54.435 Executing VM operation: G1CollectForAllocation
Event: 54.442 Executing VM operation: G1CollectForAllocation done
Event: 54.529 Executing VM operation: G1CollectForAllocation
Event: 54.536 Executing VM operation: G1CollectForAllocation done
Event: 55.238 Executing VM operation: ICBufferFull
Event: 55.238 Executing VM operation: ICBufferFull done
Event: 55.401 Executing VM operation: HandshakeAllThreads
Event: 55.401 Executing VM operation: HandshakeAllThreads done
Event: 55.404 Executing VM operation: HandshakeAllThreads
Event: 55.414 Executing VM operation: HandshakeAllThreads done
Event: 55.420 Executing VM operation: HandshakeAllThreads
Event: 55.420 Executing VM operation: HandshakeAllThreads done
Event: 55.728 Executing VM operation: ICBufferFull
Event: 55.728 Executing VM operation: ICBufferFull done
Event: 56.075 Executing VM operation: ICBufferFull
Event: 56.075 Executing VM operation: ICBufferFull done
Event: 56.480 Executing VM operation: ICBufferFull
Event: 56.480 Executing VM operation: ICBufferFull done
Event: 56.636 Executing VM operation: HandshakeAllThreads
Event: 56.637 Executing VM operation: HandshakeAllThreads done

Events (20 events):
Event: 57.190 loading class java/util/HashtableBeanInfo
Event: 57.190 loading class java/util/HashtableBeanInfo done
Event: 57.191 loading class java/util/HashtableBeanInfo
Event: 57.191 loading class java/util/HashtableBeanInfo done
Event: 57.191 loading class java/util/DictionaryBeanInfo
Event: 57.191 loading class java/util/DictionaryBeanInfo done
Event: 57.191 loading class java/util/DictionaryBeanInfo
Event: 57.191 loading class java/util/DictionaryBeanInfo done
Event: 57.192 loading class java/util/DictionaryCustomizer
Event: 57.192 loading class java/util/DictionaryCustomizer done
Event: 57.192 loading class java/util/DictionaryCustomizer
Event: 57.192 loading class java/util/DictionaryCustomizer done
Event: 57.192 loading class java/util/HashtableCustomizer
Event: 57.192 loading class java/util/HashtableCustomizer done
Event: 57.193 loading class java/util/HashtableCustomizer
Event: 57.193 loading class java/util/HashtableCustomizer done
Event: 57.194 loading class java/util/PropertiesCustomizer
Event: 57.194 loading class java/util/PropertiesCustomizer done
Event: 57.194 loading class java/util/PropertiesCustomizer
Event: 57.194 loading class java/util/PropertiesCustomizer done


Dynamic libraries:
0x00007ff72e5b0000 - 0x00007ff72e5be000 	C:\Program Files\Eclipse Adoptium\jdk-17.0.6.10-hotspot\bin\java.exe
0x00007ffed33d0000 - 0x00007ffed35c8000 	C:\WINDOWS\SYSTEM32\ntdll.dll
0x00007ffed25e0000 - 0x00007ffed269f000 	C:\WINDOWS\System32\KERNEL32.DLL
0x00007ffed0e80000 - 0x00007ffed1176000 	C:\WINDOWS\System32\KERNELBASE.dll
0x00007ffed0b60000 - 0x00007ffed0c60000 	C:\WINDOWS\System32\ucrtbase.dll
0x00007ffec68e0000 - 0x00007ffec68f7000 	C:\Program Files\Eclipse Adoptium\jdk-17.0.6.10-hotspot\bin\jli.dll
0x00007ffed2440000 - 0x00007ffed25dd000 	C:\WINDOWS\System32\USER32.dll
0x00007ffed0c60000 - 0x00007ffed0c82000 	C:\WINDOWS\System32\win32u.dll
0x00007ffed1dc0000 - 0x00007ffed1dec000 	C:\WINDOWS\System32\GDI32.dll
0x00007ffed0d60000 - 0x00007ffed0e75000 	C:\WINDOWS\System32\gdi32full.dll
0x00007ffed0c90000 - 0x00007ffed0d2d000 	C:\WINDOWS\System32\msvcp_win.dll
0x00007ffebb0a0000 - 0x00007ffebb0b9000 	C:\Program Files\Eclipse Adoptium\jdk-17.0.6.10-hotspot\bin\VCRUNTIME140.dll
0x00007ffebc920000 - 0x00007ffebcbba000 	C:\WINDOWS\WinSxS\amd64_microsoft.windows.common-controls_6595b64144ccf1df_6.0.19041.1110_none_60b5254171f9507e\COMCTL32.dll
0x00007ffed1740000 - 0x00007ffed17de000 	C:\WINDOWS\System32\msvcrt.dll
0x00007ffed2770000 - 0x00007ffed27a0000 	C:\WINDOWS\System32\IMM32.DLL
0x00007ffecc5b0000 - 0x00007ffecc5bc000 	C:\Program Files\Eclipse Adoptium\jdk-17.0.6.10-hotspot\bin\vcruntime140_1.dll
0x00007ffe8f2a0000 - 0x00007ffe8f331000 	C:\Program Files\Eclipse Adoptium\jdk-17.0.6.10-hotspot\bin\msvcp140.dll
0x00007ffe528b0000 - 0x00007ffe534f7000 	C:\Program Files\Eclipse Adoptium\jdk-17.0.6.10-hotspot\bin\server\jvm.dll
0x00007ffed1430000 - 0x00007ffed14df000 	C:\WINDOWS\System32\ADVAPI32.dll
0x00007ffed1cb0000 - 0x00007ffed1d4c000 	C:\WINDOWS\System32\sechost.dll
0x00007ffed31d0000 - 0x00007ffed32f6000 	C:\WINDOWS\System32\RPCRT4.dll
0x00007ffeb8580000 - 0x00007ffeb8589000 	C:\WINDOWS\SYSTEM32\WSOCK32.dll
0x00007ffed1d50000 - 0x00007ffed1dbb000 	C:\WINDOWS\System32\WS2_32.dll
0x00007ffebdc40000 - 0x00007ffebdc67000 	C:\WINDOWS\SYSTEM32\WINMM.dll
0x00007ffec6570000 - 0x00007ffec657a000 	C:\WINDOWS\SYSTEM32\VERSION.dll
0x00007ffecf2f0000 - 0x00007ffecf302000 	C:\WINDOWS\SYSTEM32\kernel.appcore.dll
0x00007ffec9b40000 - 0x00007ffec9b4a000 	C:\Program Files\Eclipse Adoptium\jdk-17.0.6.10-hotspot\bin\jimage.dll
0x00007ffece820000 - 0x00007ffecea04000 	C:\WINDOWS\SYSTEM32\DBGHELP.DLL
0x00007ffeb5bd0000 - 0x00007ffeb5c04000 	C:\WINDOWS\SYSTEM32\dbgcore.DLL
0x00007ffed1350000 - 0x00007ffed13d2000 	C:\WINDOWS\System32\bcryptPrimitives.dll
0x00007ffe962d0000 - 0x00007ffe962f5000 	C:\Program Files\Eclipse Adoptium\jdk-17.0.6.10-hotspot\bin\java.dll
0x00007ffe80ce0000 - 0x00007ffe80db6000 	C:\Program Files\Eclipse Adoptium\jdk-17.0.6.10-hotspot\bin\jsvml.dll
0x00007ffed2950000 - 0x00007ffed3094000 	C:\WINDOWS\System32\SHELL32.dll
0x00007ffecea10000 - 0x00007ffecf1a4000 	C:\WINDOWS\SYSTEM32\windows.storage.dll
0x00007ffed20e0000 - 0x00007ffed2434000 	C:\WINDOWS\System32\combase.dll
0x00007ffed04e0000 - 0x00007ffed050e000 	C:\WINDOWS\SYSTEM32\Wldp.dll
0x00007ffed1df0000 - 0x00007ffed1e9d000 	C:\WINDOWS\System32\SHCORE.dll
0x00007ffed30b0000 - 0x00007ffed3105000 	C:\WINDOWS\System32\shlwapi.dll
0x00007ffed09e0000 - 0x00007ffed0a05000 	C:\WINDOWS\SYSTEM32\profapi.dll
0x00007ffeb8ce0000 - 0x00007ffeb8cf9000 	C:\Program Files\Eclipse Adoptium\jdk-17.0.6.10-hotspot\bin\net.dll
0x00007ffec3de0000 - 0x00007ffec3eea000 	C:\WINDOWS\SYSTEM32\WINHTTP.dll
0x00007ffed0240000 - 0x00007ffed02aa000 	C:\WINDOWS\system32\mswsock.dll
0x00007ffeb7d90000 - 0x00007ffeb7da5000 	C:\Program Files\Eclipse Adoptium\jdk-17.0.6.10-hotspot\bin\nio.dll
0x00007ffeb7b70000 - 0x00007ffeb7b88000 	C:\Program Files\Eclipse Adoptium\jdk-17.0.6.10-hotspot\bin\zip.dll
0x00007ffebf980000 - 0x00007ffebf990000 	C:\Program Files\Eclipse Adoptium\jdk-17.0.6.10-hotspot\bin\verify.dll
0x00007ffeb23d0000 - 0x00007ffeb23f7000 	C:\Users\songe\.gradle\native\68d5fa5c4cc2d200863cafc0d521ce42e7d3e7ee720ec0a83991735586a16f82\windows-amd64\native-platform.dll
0x00007ffe8f5f0000 - 0x00007ffe8f734000 	C:\Users\songe\.gradle\native\e376f236ea51e6404a007f0833ffe2c6e607c4080706a723a18a27aeea778392\windows-amd64\native-platform-file-events.dll
0x00007ffeae7a0000 - 0x00007ffeae7a9000 	C:\Program Files\Eclipse Adoptium\jdk-17.0.6.10-hotspot\bin\management.dll
0x00007ffea8a80000 - 0x00007ffea8a8b000 	C:\Program Files\Eclipse Adoptium\jdk-17.0.6.10-hotspot\bin\management_ext.dll
0x00007ffed1ea0000 - 0x00007ffed1ea8000 	C:\WINDOWS\System32\PSAPI.DLL
0x00007ffed0430000 - 0x00007ffed0448000 	C:\WINDOWS\SYSTEM32\CRYPTSP.dll
0x00007ffecfaf0000 - 0x00007ffecfb24000 	C:\WINDOWS\system32\rsaenh.dll
0x00007ffed0d30000 - 0x00007ffed0d57000 	C:\WINDOWS\System32\bcrypt.dll
0x00007ffed0960000 - 0x00007ffed098e000 	C:\WINDOWS\SYSTEM32\USERENV.dll
0x00007ffed0450000 - 0x00007ffed045c000 	C:\WINDOWS\SYSTEM32\CRYPTBASE.dll
0x00007ffecfee0000 - 0x00007ffecff1c000 	C:\WINDOWS\SYSTEM32\IPHLPAPI.DLL
0x00007ffed3110000 - 0x00007ffed3118000 	C:\WINDOWS\System32\NSI.dll
0x00007ffec6120000 - 0x00007ffec6137000 	C:\WINDOWS\SYSTEM32\dhcpcsvc6.DLL
0x00007ffec7dd0000 - 0x00007ffec7ded000 	C:\WINDOWS\SYSTEM32\dhcpcsvc.DLL
0x00007ffecff20000 - 0x00007ffecffea000 	C:\WINDOWS\SYSTEM32\DNSAPI.dll
0x00007ffec9350000 - 0x00007ffec935e000 	C:\Program Files\Eclipse Adoptium\jdk-17.0.6.10-hotspot\bin\sunmscapi.dll
0x00007ffed11f0000 - 0x00007ffed134e000 	C:\WINDOWS\System32\CRYPT32.dll
0x00007ffed0550000 - 0x00007ffed0578000 	C:\WINDOWS\SYSTEM32\ncrypt.dll
0x00007ffed0510000 - 0x00007ffed054b000 	C:\WINDOWS\SYSTEM32\NTASN1.dll
0x00007ffec8be0000 - 0x00007ffec8be7000 	C:\WINDOWS\system32\wshunix.dll

dbghelp: loaded successfully - version: 4.0.5 - missing functions: none
symbol engine: initialized successfully - sym options: 0x614 - pdb path: .;C:\Program Files\Eclipse Adoptium\jdk-17.0.6.10-hotspot\bin;C:\WINDOWS\SYSTEM32;C:\WINDOWS\WinSxS\amd64_microsoft.windows.common-controls_6595b64144ccf1df_6.0.19041.1110_none_60b5254171f9507e;C:\Program Files\Eclipse Adoptium\jdk-17.0.6.10-hotspot\bin\server;C:\Users\songe\.gradle\native\68d5fa5c4cc2d200863cafc0d521ce42e7d3e7ee720ec0a83991735586a16f82\windows-amd64;C:\Users\songe\.gradle\native\e376f236ea51e6404a007f0833ffe2c6e607c4080706a723a18a27aeea778392\windows-amd64

VM Arguments:
jvm_args: -XX:MaxMetaspaceSize=512m --add-opens=java.base/java.util=ALL-UNNAMED --add-opens=java.base/java.lang=ALL-UNNAMED --add-opens=java.base/java.lang.invoke=ALL-UNNAMED --add-opens=java.prefs/java.util.prefs=ALL-UNNAMED --add-opens=java.base/java.nio.charset=ALL-UNNAMED --add-opens=java.base/java.net=ALL-UNNAMED --add-opens=java.base/java.util.concurrent.atomic=ALL-UNNAMED -Xmx2048m -Dfile.encoding=windows-1252 -Duser.country=ZA -Duser.language=en -Duser.variant 
java_command: org.gradle.launcher.daemon.bootstrap.GradleDaemon 8.0.1
java_class_path (initial): C:\Users\songe\.gradle\wrapper\dists\gradle-8.0.1-all\aro4hu1c3oeioove7l0i4i14o\gradle-8.0.1\lib\gradle-launcher-8.0.1.jar
Launcher Type: SUN_STANDARD

[Global flags]
     intx CICompilerCount                          = 3                                         {product} {ergonomic}
   size_t CompressedClassSpaceSize                 = 432013312                                 {product} {ergonomic}
     uint ConcGCThreads                            = 1                                         {product} {ergonomic}
     uint G1ConcRefinementThreads                  = 4                                         {product} {ergonomic}
   size_t G1HeapRegionSize                         = 1048576                                   {product} {ergonomic}
    uintx GCDrainStackTargetSize                   = 64                                        {product} {ergonomic}
   size_t InitialHeapSize                          = 134217728                                 {product} {ergonomic}
   size_t MarkStackSize                            = 4194304                                   {product} {ergonomic}
   size_t MaxHeapSize                              = 2147483648                                {product} {command line}
   size_t MaxMetaspaceSize                         = 536870912                                 {product} {command line}
   size_t MaxNewSize                               = 1287651328                                {product} {ergonomic}
   size_t MinHeapDeltaBytes                        = 1048576                                   {product} {ergonomic}
   size_t MinHeapSize                              = 8388608                                   {product} {ergonomic}
    uintx NonNMethodCodeHeapSize                   = 5832780                                {pd product} {ergonomic}
    uintx NonProfiledCodeHeapSize                  = 122912730                              {pd product} {ergonomic}
    uintx ProfiledCodeHeapSize                     = 122912730                              {pd product} {ergonomic}
    uintx ReservedCodeCacheSize                    = 251658240                              {pd product} {ergonomic}
     bool SegmentedCodeCache                       = true                                      {product} {ergonomic}
   size_t SoftMaxHeapSize                          = 2147483648                             {manageable} {ergonomic}
     bool UseCompressedClassPointers               = true                           {product lp64_product} {ergonomic}
     bool UseCompressedOops                        = true                           {product lp64_product} {ergonomic}
     bool UseG1GC                                  = true                                      {product} {ergonomic}
     bool UseLargePagesIndividualAllocation        = false                                  {pd product} {ergonomic}

Logging:
Log output configuration:
 #0: stdout all=warning uptime,level,tags
 #1: stderr all=off uptime,level,tags

Environment Variables:
JAVA_HOME=C:\Program Files\Eclipse Adoptium\jdk-17.0.6.10-hotspot
CLASSPATH=C:\Users\songe\Development\react-native\proficient\android\\gradle\wrapper\gradle-wrapper.jar
PATH=C:\Users\songe\Development\react-native\proficient\node_modules\.bin;C:\Users\songe\Development\react-native\proficient\node_modules\.bin;C:\Users\songe\Development\react-native\node_modules\.bin;C:\Users\songe\Development\node_modules\.bin;C:\Users\songe\node_modules\.bin;C:\Users\node_modules\.bin;C:\node_modules\.bin;C:\Program Files\nodejs\node_modules\npm\node_modules\@npmcli\run-script\lib\node-gyp-bin;C:\Users\songe\Development\react-native\proficient\node_modules\.bin;C:\Users\songe\Development\react-native\node_modules\.bin;C:\Users\songe\Development\node_modules\.bin;C:\Users\songe\node_modules\.bin;C:\Users\node_modules\.bin;C:\node_modules\.bin;C:\Program Files\nodejs\node_modules\npm\node_modules\@npmcli\run-script\lib\node-gyp-bin;C:\Users\songe\Development\react-native\proficient\node_modules\.bin;C:\Users\songe\Development\react-native\node_modules\.bin;C:\Users\songe\Development\node_modules\.bin;C:\Users\songe\node_modules\.bin;C:\Users\node_modules\.bin;C:\node_modules\.bin;C:\Program Files\nodejs\node_modules\npm\node_modules\@npmcli\run-script\lib\node-gyp-bin;C:\Users\songe\Downloads\cmder\vendor\git-for-windows\cmd;C:\Users\songe\Downloads\cmder\vendor\conemu-maximus5\ConEmu\Scripts;C:\Users\songe\Downloads\cmder\vendor\conemu-maximus5;C:\Users\songe\Downloads\cmder\vendor\conemu-maximus5\ConEmu;C:\Program Files\Eclipse Adoptium\jdk-17.0.6.10-hotspot\bin;C:\Program Files (x86)\Intel\Intel(R) Management Engine Components\iCLS\;C:\Program Files\Intel\Intel(R) Management Engine Components\iCLS\;C:\Windows\system32;C:\Windows;C:\Windows\System32\Wbem;C:\Windows\System32\WindowsPowerShell\v1.0\;C:\Program Files (x86)\NVIDIA Corporation\PhysX\Common;C:\Program Files (x86)\Intel\Intel(R) Management Engine Components\DAL;C:\Program Files\Intel\Intel(R) Management Engine Components\DAL;C:\Program Files (x86)\Intel\Intel(R) Management Engine Components\IPT;C:\Program Files\Intel\Intel(R) Management Engine Components\IPT;C:\Program Files\Intel\WiFi\bin
USERNAME=songe
LANG=en_US.UTF-8
OS=Windows_NT
PROCESSOR_IDENTIFIER=Intel64 Family 6 Model 142 Stepping 9, GenuineIntel
TMP=C:\Users\songe\AppData\Local\Temp
TEMP=C:\Users\songe\AppData\Local\Temp



---------------  S Y S T E M  ---------------

OS:
 Windows 10 , 64 bit Build 19041 (10.0.19041.3155)
OS uptime: 0 days 18:52 hours

CPU: total 4 (initial active 4) (2 cores per cpu, 2 threads per core) family 6 model 142 stepping 9 microcode 0xf0, cx8, cmov, fxsr, ht, mmx, 3dnowpref, sse, sse2, sse3, ssse3, sse4.1, sse4.2, popcnt, lzcnt, tsc, tscinvbit, avx, avx2, aes, erms, clmul, bmi1, bmi2, adx, fma, vzeroupper, clflush, clflushopt

Memory: 4k page, system-wide physical 8089M (460M free)
TotalPageFile size 11089M (AvailPageFile size 5M)
current process WorkingSet (physical memory assigned to process): 528M, peak: 528M
current process commit charge ("private bytes"): 576M, peak: 577M

vm_info: OpenJDK 64-Bit Server VM (17.0.6+10) for windows-amd64 JRE (17.0.6+10), built on Jan 18 2023 10:08:59 by "temurin" with MS VC++ 16.7 (VS2019)

END.
