#
# There is insufficient memory for the Java Runtime Environment to continue.
# Native memory allocation (malloc) failed to allocate 670976 bytes for Chunk::new
# Possible reasons:
#   The system is out of physical RAM or swap space
#   The process is running with CompressedOops enabled, and the Java Heap may be blocking the growth of the native heap
# Possible solutions:
#   Reduce memory load on the system
#   Increase physical memory or swap space
#   Check if swap backing store is full
#   Decrease Java heap size (-Xmx/-Xms)
#   Decrease number of Java threads
#   Decrease Java thread stack sizes (-Xss)
#   Set larger code cache with -XX:ReservedCodeCacheSize=
#   JVM is running with Unscaled Compressed Oops mode in which the Java heap is
#     placed in the first 4GB address space. The Java Heap base address is the
#     maximum limit for the native heap growth. Please use -XX:HeapBaseMinAddress
#     to set the Java Heap base and to place the Java Heap above 4GB virtual address.
# This output file may be truncated or incomplete.
#
#  Out of Memory Error (arena.cpp:189), pid=8600, tid=7292
#
# JRE version: OpenJDK Runtime Environment Temurin-17.0.6+10 (17.0.6+10) (build 17.0.6+10)
# Java VM: OpenJDK 64-Bit Server VM Temurin-17.0.6+10 (17.0.6+10, mixed mode, sharing, tiered, compressed oops, compressed class ptrs, g1 gc, windows-amd64)
# No core dump will be written. Minidumps are not enabled by default on client versions of Windows
#

---------------  S U M M A R Y ------------

Command Line: -XX:MaxMetaspaceSize=512m --add-opens=java.base/java.util=ALL-UNNAMED --add-opens=java.base/java.lang=ALL-UNNAMED --add-opens=java.base/java.lang.invoke=ALL-UNNAMED --add-opens=java.prefs/java.util.prefs=ALL-UNNAMED --add-opens=java.base/java.nio.charset=ALL-UNNAMED --add-opens=java.base/java.net=ALL-UNNAMED --add-opens=java.base/java.util.concurrent.atomic=ALL-UNNAMED -Xmx2048m -Dfile.encoding=windows-1252 -Duser.country=ZA -Duser.language=en -Duser.variant org.gradle.launcher.daemon.bootstrap.GradleDaemon 8.0.1

Host: Intel(R) Core(TM) i7-7500U CPU @ 2.70GHz, 4 cores, 7G,  Windows 10 , 64 bit Build 19041 (10.0.19041.3155)
Time: Wed Jul 12 02:28:36 2023 South Africa Standard Time elapsed time: 11.663476 seconds (0d 0h 0m 11s)

---------------  T H R E A D  ---------------

Current thread (0x000002083ee86230):  JavaThread "C2 CompilerThread1" daemon [_thread_in_native, id=7292, stack(0x0000009ff5300000,0x0000009ff5400000)]


Current CompileTask:
C2:  11663 3399   !   4       java.net.URLClassLoader$1::run (81 bytes)

Stack: [0x0000009ff5300000,0x0000009ff5400000]
Native frames: (J=compiled Java code, j=interpreted, Vv=VM code, C=native code)
V  [jvm.dll+0x67741a]
V  [jvm.dll+0x834434]
V  [jvm.dll+0x835bde]
V  [jvm.dll+0x836243]
V  [jvm.dll+0x2457b5]
V  [jvm.dll+0xabafc]
V  [jvm.dll+0xac0cc]
V  [jvm.dll+0x2ac94f]
V  [jvm.dll+0x57de47]
V  [jvm.dll+0x220812]
V  [jvm.dll+0x219caf]
V  [jvm.dll+0x21790b]
V  [jvm.dll+0x1a3d0d]
V  [jvm.dll+0x22742a]
V  [jvm.dll+0x225565]
V  [jvm.dll+0x7ea2cb]
V  [jvm.dll+0x7e483a]
V  [jvm.dll+0x6762c5]
C  [ucrtbase.dll+0x21bb2]
C  [KERNEL32.DLL+0x17614]
C  [ntdll.dll+0x526b1]


---------------  P R O C E S S  ---------------

Threads class SMR info:
_java_thread_list=0x000002083b7ea910, length=35, elements={
0x000002081b094070, 0x0000020838c17230, 0x0000020838c180a0, 0x0000020838c312d0,
0x0000020838c31e80, 0x0000020838c34840, 0x0000020838c351f0, 0x0000020838c35f80,
0x0000020838c8c4f0, 0x0000020838ca1290, 0x0000020839851ff0, 0x00000208398588f0,
0x000002083ac14ca0, 0x000002083abf81f0, 0x000002083b1c2350, 0x000002083b1bed90,
0x0000020838c7dec0, 0x0000020838c81570, 0x0000020838c80770, 0x0000020838c6beb0,
0x0000020838c6c380, 0x0000020838c6c850, 0x0000020838c6b040, 0x0000020838c6d6c0,
0x0000020838c6cd20, 0x0000020838c6d1f0, 0x0000020838c6b510, 0x0000020838c6b9e0,
0x0000020838c6a1d0, 0x0000020838c69d00, 0x0000020838c6a6a0, 0x0000020838c6ab70,
0x000002083e0f4070, 0x000002083e0f4ee0, 0x000002083ee86230
}

Java Threads: ( => current thread )
  0x000002081b094070 JavaThread "main" [_thread_blocked, id=17880, stack(0x0000009ff2600000,0x0000009ff2700000)]
  0x0000020838c17230 JavaThread "Reference Handler" daemon [_thread_blocked, id=20784, stack(0x0000009ff2d00000,0x0000009ff2e00000)]
  0x0000020838c180a0 JavaThread "Finalizer" daemon [_thread_blocked, id=19940, stack(0x0000009ff2e00000,0x0000009ff2f00000)]
  0x0000020838c312d0 JavaThread "Signal Dispatcher" daemon [_thread_blocked, id=20472, stack(0x0000009ff2f00000,0x0000009ff3000000)]
  0x0000020838c31e80 JavaThread "Attach Listener" daemon [_thread_blocked, id=19040, stack(0x0000009ff3000000,0x0000009ff3100000)]
  0x0000020838c34840 JavaThread "Service Thread" daemon [_thread_blocked, id=7244, stack(0x0000009ff3100000,0x0000009ff3200000)]
  0x0000020838c351f0 JavaThread "Monitor Deflation Thread" daemon [_thread_blocked, id=18612, stack(0x0000009ff3200000,0x0000009ff3300000)]
  0x0000020838c35f80 JavaThread "C2 CompilerThread0" daemon [_thread_blocked, id=10148, stack(0x0000009ff3300000,0x0000009ff3400000)]
  0x0000020838c8c4f0 JavaThread "C1 CompilerThread0" daemon [_thread_blocked, id=21464, stack(0x0000009ff3400000,0x0000009ff3500000)]
  0x0000020838ca1290 JavaThread "Sweeper thread" daemon [_thread_blocked, id=21484, stack(0x0000009ff3500000,0x0000009ff3600000)]
  0x0000020839851ff0 JavaThread "Common-Cleaner" daemon [_thread_blocked, id=21488, stack(0x0000009ff3600000,0x0000009ff3700000)]
  0x00000208398588f0 JavaThread "Notification Thread" daemon [_thread_blocked, id=21492, stack(0x0000009ff3700000,0x0000009ff3800000)]
  0x000002083ac14ca0 JavaThread "Daemon health stats" [_thread_blocked, id=20552, stack(0x0000009ff3b00000,0x0000009ff3c00000)]
  0x000002083abf81f0 JavaThread "Incoming local TCP Connector on port 50287" [_thread_in_native, id=20680, stack(0x0000009ff3d00000,0x0000009ff3e00000)]
  0x000002083b1c2350 JavaThread "Daemon periodic checks" [_thread_blocked, id=8564, stack(0x0000009ff3e00000,0x0000009ff3f00000)]
  0x000002083b1bed90 JavaThread "Daemon" [_thread_blocked, id=21336, stack(0x0000009ff3f00000,0x0000009ff4000000)]
  0x0000020838c7dec0 JavaThread "Handler for socket connection from /127.0.0.1:50287 to /127.0.0.1:50288" [_thread_in_native, id=19720, stack(0x0000009ff4000000,0x0000009ff4100000)]
  0x0000020838c81570 JavaThread "Cancel handler" [_thread_blocked, id=19800, stack(0x0000009ff4100000,0x0000009ff4200000)]
  0x0000020838c80770 JavaThread "Daemon worker" [_thread_in_vm, id=3304, stack(0x0000009ff4200000,0x0000009ff4300000)]
  0x0000020838c6beb0 JavaThread "Asynchronous log dispatcher for DefaultDaemonConnection: socket connection from /127.0.0.1:50287 to /127.0.0.1:50288" [_thread_blocked, id=6032, stack(0x0000009ff4300000,0x0000009ff4400000)]
  0x0000020838c6c380 JavaThread "Stdin handler" [_thread_blocked, id=19492, stack(0x0000009ff4400000,0x0000009ff4500000)]
  0x0000020838c6c850 JavaThread "Daemon client event forwarder" [_thread_blocked, id=6772, stack(0x0000009ff4500000,0x0000009ff4600000)]
  0x0000020838c6b040 JavaThread "Cache worker for journal cache (C:\Users\songe\.gradle\caches\journal-1)" [_thread_blocked, id=19932, stack(0x0000009ff4600000,0x0000009ff4700000)]
  0x0000020838c6d6c0 JavaThread "File lock request listener" [_thread_in_native, id=7300, stack(0x0000009ff4700000,0x0000009ff4800000)]
  0x0000020838c6cd20 JavaThread "Cache worker for file hash cache (C:\Users\songe\.gradle\caches\8.0.1\fileHashes)" [_thread_blocked, id=7732, stack(0x0000009ff4800000,0x0000009ff4900000)]
  0x0000020838c6d1f0 JavaThread "File lock release action executor" [_thread_blocked, id=20428, stack(0x0000009ff4900000,0x0000009ff4a00000)]
  0x0000020838c6b510 JavaThread "File watcher server" daemon [_thread_in_native, id=7084, stack(0x0000009ff4a00000,0x0000009ff4b00000)]
  0x0000020838c6b9e0 JavaThread "File watcher consumer" daemon [_thread_blocked, id=2584, stack(0x0000009ff4b00000,0x0000009ff4c00000)]
  0x0000020838c6a1d0 JavaThread "Cache worker for checksums cache (C:\Users\songe\Development\react-native\proficient\android\.gradle\8.0.1\checksums)" [_thread_blocked, id=6836, stack(0x0000009ff4c00000,0x0000009ff4d00000)]
  0x0000020838c69d00 JavaThread "Cache worker for cache directory md-rule (C:\Users\songe\.gradle\caches\8.0.1\md-rule)" [_thread_blocked, id=20332, stack(0x0000009ff4d00000,0x0000009ff4e00000)]
  0x0000020838c6a6a0 JavaThread "Cache worker for file content cache (C:\Users\songe\.gradle\caches\8.0.1\fileContent)" [_thread_blocked, id=4272, stack(0x0000009ff4e00000,0x0000009ff4f00000)]
  0x0000020838c6ab70 JavaThread "Cache worker for file hash cache (C:\Users\songe\Development\react-native\proficient\android\.gradle\8.0.1\fileHashes)" [_thread_blocked, id=19976, stack(0x0000009ff4f00000,0x0000009ff5000000)]
  0x000002083e0f4070 JavaThread "Cache worker for cache directory md-supplier (C:\Users\songe\.gradle\caches\8.0.1\md-supplier)" [_thread_blocked, id=13552, stack(0x0000009ff5100000,0x0000009ff5200000)]
  0x000002083e0f4ee0 JavaThread "Cache worker for execution history cache (C:\Users\songe\.gradle\caches\8.0.1\executionHistory)" [_thread_blocked, id=20436, stack(0x0000009ff5200000,0x0000009ff5300000)]
=>0x000002083ee86230 JavaThread "C2 CompilerThread1" daemon [_thread_in_native, id=7292, stack(0x0000009ff5300000,0x0000009ff5400000)]

Other Threads:
  0x0000020838c111c0 VMThread "VM Thread" [stack: 0x0000009ff2c00000,0x0000009ff2d00000] [id=20780]
  0x0000020838caed00 WatcherThread [stack: 0x0000009ff3800000,0x0000009ff3900000] [id=21476]
  0x000002081b0f11c0 GCTaskThread "GC Thread#0" [stack: 0x0000009ff2700000,0x0000009ff2800000] [id=18328]
  0x0000020839a8b560 GCTaskThread "GC Thread#1" [stack: 0x0000009ff3900000,0x0000009ff3a00000] [id=17716]
  0x0000020839bfe670 GCTaskThread "GC Thread#2" [stack: 0x0000009ff3a00000,0x0000009ff3b00000] [id=16852]
  0x000002083a2b4530 GCTaskThread "GC Thread#3" [stack: 0x0000009ff3c00000,0x0000009ff3d00000] [id=20072]
  0x000002081b102100 ConcurrentGCThread "G1 Main Marker" [stack: 0x0000009ff2800000,0x0000009ff2900000] [id=20216]
  0x000002081b102b10 ConcurrentGCThread "G1 Conc#0" [stack: 0x0000009ff2900000,0x0000009ff2a00000] [id=1884]
  0x0000020838ad0980 ConcurrentGCThread "G1 Refine#0" [stack: 0x0000009ff2a00000,0x0000009ff2b00000] [id=6296]
  0x000002083a8ad040 ConcurrentGCThread "G1 Refine#1" [stack: 0x0000009ff5000000,0x0000009ff5100000] [id=20152]
  0x0000020838ad13a0 ConcurrentGCThread "G1 Service" [stack: 0x0000009ff2b00000,0x0000009ff2c00000] [id=21328]

Threads with active compile tasks:
C2 CompilerThread1    11696 3399   !   4       java.net.URLClassLoader$1::run (81 bytes)

VM state: not at safepoint (normal execution)

VM Mutex/Monitor currently owned by a thread: None

Heap address: 0x0000000080000000, size: 2048 MB, Compressed Oops mode: 32-bit

CDS archive(s) mapped at: [0x0000000800000000-0x0000000800bc0000-0x0000000800bc0000), size 12320768, SharedBaseAddress: 0x0000000800000000, ArchiveRelocationMode: 0.
Compressed class space mapped at: 0x0000000800c00000-0x000000081a800000, reserved size: 432013312
Narrow klass base: 0x0000000800000000, Narrow klass shift: 0, Narrow klass range: 0x100000000

GC Precious Log:
 CPUs: 4 total, 4 available
 Memory: 8089M
 Large Page Support: Disabled
 NUMA Support: Disabled
 Compressed Oops: Enabled (32-bit)
 Heap Region Size: 1M
 Heap Min Capacity: 8M
 Heap Initial Capacity: 128M
 Heap Max Capacity: 2G
 Pre-touch: Disabled
 Parallel Workers: 4
 Concurrent Workers: 1
 Concurrent Refinement Workers: 4
 Periodic GC: Disabled

Heap:
 garbage-first heap   total 86016K, used 58464K [0x0000000080000000, 0x0000000100000000)
  region size 1024K, 38 young (38912K), 2 survivors (2048K)
 Metaspace       used 28711K, committed 29120K, reserved 454656K
  class space    used 4020K, committed 4224K, reserved 421888K

Heap Regions: E=young(eden), S=young(survivor), O=old, HS=humongous(starts), HC=humongous(continues), CS=collection set, F=free, OA=open archive, CA=closed archive, TAMS=top-at-mark-start (previous, next)
|   0|0x0000000080000000, 0x0000000080100000, 0x0000000080100000|100%| O|  |TAMS 0x0000000080100000, 0x0000000080000000| Untracked 
|   1|0x0000000080100000, 0x0000000080200000, 0x0000000080200000|100%| O|  |TAMS 0x0000000080200000, 0x0000000080100000| Untracked 
|   2|0x0000000080200000, 0x0000000080300000, 0x0000000080300000|100%|HS|  |TAMS 0x0000000080300000, 0x0000000080200000| Complete 
|   3|0x0000000080300000, 0x0000000080400000, 0x0000000080400000|100%|HC|  |TAMS 0x0000000080400000, 0x0000000080300000| Complete 
|   4|0x0000000080400000, 0x0000000080500000, 0x0000000080500000|100%|HC|  |TAMS 0x0000000080500000, 0x0000000080400000| Complete 
|   5|0x0000000080500000, 0x0000000080600000, 0x0000000080600000|100%|HC|  |TAMS 0x0000000080600000, 0x0000000080500000| Complete 
|   6|0x0000000080600000, 0x0000000080700000, 0x0000000080700000|100%| O|  |TAMS 0x0000000080700000, 0x0000000080600000| Untracked 
|   7|0x0000000080700000, 0x0000000080800000, 0x0000000080800000|100%| O|  |TAMS 0x0000000080800000, 0x0000000080700000| Untracked 
|   8|0x0000000080800000, 0x0000000080900000, 0x0000000080900000|100%| O|  |TAMS 0x0000000080800000, 0x0000000080800000| Untracked 
|   9|0x0000000080900000, 0x0000000080a00000, 0x0000000080a00000|100%| O|  |TAMS 0x0000000080a00000, 0x0000000080900000| Untracked 
|  10|0x0000000080a00000, 0x0000000080b00000, 0x0000000080b00000|100%| O|  |TAMS 0x0000000080b00000, 0x0000000080a00000| Untracked 
|  11|0x0000000080b00000, 0x0000000080c00000, 0x0000000080c00000|100%| O|  |TAMS 0x0000000080b93600, 0x0000000080b00000| Untracked 
|  12|0x0000000080c00000, 0x0000000080d00000, 0x0000000080d00000|100%| O|  |TAMS 0x0000000080c00000, 0x0000000080c00000| Untracked 
|  13|0x0000000080d00000, 0x0000000080e00000, 0x0000000080e00000|100%| O|  |TAMS 0x0000000080d00000, 0x0000000080d00000| Untracked 
|  14|0x0000000080e00000, 0x0000000080f00000, 0x0000000080f00000|100%| O|  |TAMS 0x0000000080e00000, 0x0000000080e00000| Untracked 
|  15|0x0000000080f00000, 0x0000000081000000, 0x0000000081000000|100%| O|  |TAMS 0x0000000080f00000, 0x0000000080f00000| Untracked 
|  16|0x0000000081000000, 0x0000000081100000, 0x0000000081100000|100%| O|  |TAMS 0x0000000081000000, 0x0000000081000000| Untracked 
|  17|0x0000000081100000, 0x0000000081200000, 0x0000000081200000|100%| O|  |TAMS 0x0000000081100000, 0x0000000081100000| Untracked 
|  18|0x0000000081200000, 0x0000000081300000, 0x0000000081300000|100%| O|  |TAMS 0x0000000081200000, 0x0000000081200000| Untracked 
|  19|0x0000000081300000, 0x0000000081400000, 0x0000000081400000|100%| O|  |TAMS 0x0000000081300000, 0x0000000081300000| Untracked 
|  20|0x0000000081400000, 0x0000000081418200, 0x0000000081500000|  9%| O|  |TAMS 0x0000000081400000, 0x0000000081400000| Untracked 
|  21|0x0000000081500000, 0x0000000081500000, 0x0000000081600000|  0%| F|  |TAMS 0x0000000081500000, 0x0000000081500000| Untracked 
|  22|0x0000000081600000, 0x0000000081600000, 0x0000000081700000|  0%| F|  |TAMS 0x0000000081600000, 0x0000000081600000| Untracked 
|  23|0x0000000081700000, 0x0000000081700000, 0x0000000081800000|  0%| F|  |TAMS 0x0000000081700000, 0x0000000081700000| Untracked 
|  24|0x0000000081800000, 0x0000000081800000, 0x0000000081900000|  0%| F|  |TAMS 0x0000000081800000, 0x0000000081800000| Untracked 
|  25|0x0000000081900000, 0x0000000081900000, 0x0000000081a00000|  0%| F|  |TAMS 0x0000000081900000, 0x0000000081900000| Untracked 
|  26|0x0000000081a00000, 0x0000000081a00000, 0x0000000081b00000|  0%| F|  |TAMS 0x0000000081a00000, 0x0000000081a00000| Untracked 
|  27|0x0000000081b00000, 0x0000000081b00000, 0x0000000081c00000|  0%| F|  |TAMS 0x0000000081b00000, 0x0000000081b00000| Untracked 
|  28|0x0000000081c00000, 0x0000000081c00000, 0x0000000081d00000|  0%| F|  |TAMS 0x0000000081c00000, 0x0000000081c00000| Untracked 
|  29|0x0000000081d00000, 0x0000000081d00000, 0x0000000081e00000|  0%| F|  |TAMS 0x0000000081d00000, 0x0000000081d00000| Untracked 
|  30|0x0000000081e00000, 0x0000000081e00000, 0x0000000081f00000|  0%| F|  |TAMS 0x0000000081e00000, 0x0000000081e00000| Untracked 
|  31|0x0000000081f00000, 0x0000000081f00000, 0x0000000082000000|  0%| F|  |TAMS 0x0000000081f00000, 0x0000000081f00000| Untracked 
|  32|0x0000000082000000, 0x0000000082000000, 0x0000000082100000|  0%| F|  |TAMS 0x0000000082000000, 0x0000000082000000| Untracked 
|  33|0x0000000082100000, 0x0000000082100000, 0x0000000082200000|  0%| F|  |TAMS 0x0000000082100000, 0x0000000082100000| Untracked 
|  34|0x0000000082200000, 0x0000000082200000, 0x0000000082300000|  0%| F|  |TAMS 0x0000000082200000, 0x0000000082200000| Untracked 
|  35|0x0000000082300000, 0x0000000082300000, 0x0000000082400000|  0%| F|  |TAMS 0x0000000082300000, 0x0000000082300000| Untracked 
|  36|0x0000000082400000, 0x0000000082400000, 0x0000000082500000|  0%| F|  |TAMS 0x0000000082400000, 0x0000000082400000| Untracked 
|  37|0x0000000082500000, 0x0000000082500000, 0x0000000082600000|  0%| F|  |TAMS 0x0000000082500000, 0x0000000082500000| Untracked 
|  38|0x0000000082600000, 0x0000000082600000, 0x0000000082700000|  0%| F|  |TAMS 0x0000000082600000, 0x0000000082600000| Untracked 
|  39|0x0000000082700000, 0x0000000082700000, 0x0000000082800000|  0%| F|  |TAMS 0x0000000082700000, 0x0000000082700000| Untracked 
|  40|0x0000000082800000, 0x0000000082800000, 0x0000000082900000|  0%| F|  |TAMS 0x0000000082800000, 0x0000000082800000| Untracked 
|  41|0x0000000082900000, 0x0000000082900000, 0x0000000082a00000|  0%| F|  |TAMS 0x0000000082900000, 0x0000000082900000| Untracked 
|  42|0x0000000082a00000, 0x0000000082a00000, 0x0000000082b00000|  0%| F|  |TAMS 0x0000000082a00000, 0x0000000082a00000| Untracked 
|  43|0x0000000082b00000, 0x0000000082b00000, 0x0000000082c00000|  0%| F|  |TAMS 0x0000000082b00000, 0x0000000082b00000| Untracked 
|  44|0x0000000082c00000, 0x0000000082c00000, 0x0000000082d00000|  0%| F|  |TAMS 0x0000000082c00000, 0x0000000082c00000| Untracked 
|  45|0x0000000082d00000, 0x0000000082d00000, 0x0000000082e00000|  0%| F|  |TAMS 0x0000000082d00000, 0x0000000082d00000| Untracked 
|  46|0x0000000082e00000, 0x0000000082e8b658, 0x0000000082f00000| 54%| E|  |TAMS 0x0000000082e00000, 0x0000000082e00000| Complete 
|  47|0x0000000082f00000, 0x0000000083000000, 0x0000000083000000|100%| E|CS|TAMS 0x0000000082f00000, 0x0000000082f00000| Complete 
|  48|0x0000000083000000, 0x0000000083100000, 0x0000000083100000|100%| E|CS|TAMS 0x0000000083000000, 0x0000000083000000| Complete 
|  49|0x0000000083100000, 0x0000000083200000, 0x0000000083200000|100%| E|CS|TAMS 0x0000000083100000, 0x0000000083100000| Complete 
|  50|0x0000000083200000, 0x0000000083300000, 0x0000000083300000|100%| E|CS|TAMS 0x0000000083200000, 0x0000000083200000| Complete 
|  51|0x0000000083300000, 0x0000000083400000, 0x0000000083400000|100%| E|CS|TAMS 0x0000000083300000, 0x0000000083300000| Complete 
|  52|0x0000000083400000, 0x0000000083500000, 0x0000000083500000|100%| E|CS|TAMS 0x0000000083400000, 0x0000000083400000| Complete 
|  53|0x0000000083500000, 0x0000000083600000, 0x0000000083600000|100%| E|CS|TAMS 0x0000000083500000, 0x0000000083500000| Complete 
|  54|0x0000000083600000, 0x0000000083700000, 0x0000000083700000|100%| E|CS|TAMS 0x0000000083600000, 0x0000000083600000| Complete 
|  55|0x0000000083700000, 0x0000000083800000, 0x0000000083800000|100%| E|CS|TAMS 0x0000000083700000, 0x0000000083700000| Complete 
|  56|0x0000000083800000, 0x0000000083900000, 0x0000000083900000|100%| E|CS|TAMS 0x0000000083800000, 0x0000000083800000| Complete 
|  57|0x0000000083900000, 0x0000000083a00000, 0x0000000083a00000|100%| E|CS|TAMS 0x0000000083900000, 0x0000000083900000| Complete 
|  58|0x0000000083a00000, 0x0000000083b00000, 0x0000000083b00000|100%| E|CS|TAMS 0x0000000083a00000, 0x0000000083a00000| Complete 
|  59|0x0000000083b00000, 0x0000000083c00000, 0x0000000083c00000|100%| E|CS|TAMS 0x0000000083b00000, 0x0000000083b00000| Complete 
|  60|0x0000000083c00000, 0x0000000083d00000, 0x0000000083d00000|100%| E|CS|TAMS 0x0000000083c00000, 0x0000000083c00000| Complete 
|  61|0x0000000083d00000, 0x0000000083e00000, 0x0000000083e00000|100%| E|CS|TAMS 0x0000000083d00000, 0x0000000083d00000| Complete 
|  62|0x0000000083e00000, 0x0000000083f00000, 0x0000000083f00000|100%| E|CS|TAMS 0x0000000083e00000, 0x0000000083e00000| Complete 
|  63|0x0000000083f00000, 0x0000000084000000, 0x0000000084000000|100%| E|CS|TAMS 0x0000000083f00000, 0x0000000083f00000| Complete 
|  64|0x0000000084000000, 0x0000000084100000, 0x0000000084100000|100%| E|CS|TAMS 0x0000000084000000, 0x0000000084000000| Complete 
|  65|0x0000000084100000, 0x0000000084200000, 0x0000000084200000|100%| E|CS|TAMS 0x0000000084100000, 0x0000000084100000| Complete 
|  66|0x0000000084200000, 0x0000000084300000, 0x0000000084300000|100%| E|CS|TAMS 0x0000000084200000, 0x0000000084200000| Complete 
|  67|0x0000000084300000, 0x0000000084400000, 0x0000000084400000|100%| E|CS|TAMS 0x0000000084300000, 0x0000000084300000| Complete 
|  68|0x0000000084400000, 0x0000000084500000, 0x0000000084500000|100%| E|CS|TAMS 0x0000000084400000, 0x0000000084400000| Complete 
|  69|0x0000000084500000, 0x0000000084600000, 0x0000000084600000|100%| E|CS|TAMS 0x0000000084500000, 0x0000000084500000| Complete 
|  70|0x0000000084600000, 0x0000000084700000, 0x0000000084700000|100%| E|CS|TAMS 0x0000000084600000, 0x0000000084600000| Complete 
|  71|0x0000000084700000, 0x0000000084800000, 0x0000000084800000|100%| E|CS|TAMS 0x0000000084700000, 0x0000000084700000| Complete 
|  72|0x0000000084800000, 0x0000000084900000, 0x0000000084900000|100%| E|CS|TAMS 0x0000000084800000, 0x0000000084800000| Complete 
|  73|0x0000000084900000, 0x0000000084a00000, 0x0000000084a00000|100%| E|CS|TAMS 0x0000000084900000, 0x0000000084900000| Complete 
|  74|0x0000000084a00000, 0x0000000084b00000, 0x0000000084b00000|100%| E|CS|TAMS 0x0000000084a00000, 0x0000000084a00000| Complete 
|  75|0x0000000084b00000, 0x0000000084c00000, 0x0000000084c00000|100%| E|CS|TAMS 0x0000000084b00000, 0x0000000084b00000| Complete 
|  76|0x0000000084c00000, 0x0000000084d00000, 0x0000000084d00000|100%| E|CS|TAMS 0x0000000084c00000, 0x0000000084c00000| Complete 
|  77|0x0000000084d00000, 0x0000000084e00000, 0x0000000084e00000|100%| E|CS|TAMS 0x0000000084d00000, 0x0000000084d00000| Complete 
|  78|0x0000000084e00000, 0x0000000084f00000, 0x0000000084f00000|100%| E|CS|TAMS 0x0000000084e00000, 0x0000000084e00000| Complete 
|  79|0x0000000084f00000, 0x0000000085000000, 0x0000000085000000|100%| E|CS|TAMS 0x0000000084f00000, 0x0000000084f00000| Complete 
|  97|0x0000000086100000, 0x0000000086200000, 0x0000000086200000|100%| S|CS|TAMS 0x0000000086100000, 0x0000000086100000| Complete 
|  98|0x0000000086200000, 0x0000000086300000, 0x0000000086300000|100%| S|CS|TAMS 0x0000000086200000, 0x0000000086200000| Complete 
| 126|0x0000000087e00000, 0x0000000087f00000, 0x0000000087f00000|100%| E|CS|TAMS 0x0000000087e00000, 0x0000000087e00000| Complete 
| 127|0x0000000087f00000, 0x0000000088000000, 0x0000000088000000|100%| E|CS|TAMS 0x0000000087f00000, 0x0000000087f00000| Complete 

Card table byte_map: [0x0000020831f80000,0x0000020832380000] _byte_map_base: 0x0000020831b80000

Marking Bits (Prev, Next): (CMBitMap*) 0x000002081b0f1810, (CMBitMap*) 0x000002081b0f17d0
 Prev Bits: [0x0000020834780000, 0x0000020836780000)
 Next Bits: [0x0000020832780000, 0x0000020834780000)

Polling page: 0x0000020819000000

Metaspace:

Usage:
  Non-class:     24.11 MB used.
      Class:      3.93 MB used.
       Both:     28.04 MB used.

Virtual space:
  Non-class space:       32.00 MB reserved,      24.31 MB ( 76%) committed,  4 nodes.
      Class space:      412.00 MB reserved,       4.12 MB (  1%) committed,  1 nodes.
             Both:      444.00 MB reserved,      28.44 MB (  6%) committed. 

Chunk freelists:
   Non-Class:  2.89 MB
       Class:  3.91 MB
        Both:  6.80 MB

MaxMetaspaceSize: 512.00 MB
CompressedClassSpaceSize: 412.00 MB
Initial GC threshold: 21.00 MB
Current GC threshold: 35.25 MB
CDS: on
MetaspaceReclaimPolicy: balanced
 - commit_granule_bytes: 65536.
 - commit_granule_words: 8192.
 - virtual_space_node_default_size: 1048576.
 - enlarge_chunks_in_place: 1.
 - new_chunks_are_fully_committed: 0.
 - uncommit_free_chunks: 1.
 - use_allocation_guard: 0.
 - handle_deallocations: 1.


Internal statistics:

num_allocs_failed_limit: 3.
num_arena_births: 294.
num_arena_deaths: 0.
num_vsnodes_births: 5.
num_vsnodes_deaths: 0.
num_space_committed: 455.
num_space_uncommitted: 0.
num_chunks_returned_to_freelist: 3.
num_chunks_taken_from_freelist: 1266.
num_chunk_merges: 3.
num_chunk_splits: 856.
num_chunks_enlarged: 631.
num_purges: 0.
num_inconsistent_stats: 0.

CodeHeap 'non-profiled nmethods': size=120000Kb used=1838Kb max_used=1838Kb free=118161Kb
 bounds [0x000002082a650000, 0x000002082a8c0000, 0x0000020831b80000]
CodeHeap 'profiled nmethods': size=120000Kb used=7051Kb max_used=7051Kb free=112948Kb
 bounds [0x0000020822b80000, 0x0000020823270000, 0x000002082a0b0000]
CodeHeap 'non-nmethods': size=5760Kb used=1579Kb max_used=1595Kb free=4180Kb
 bounds [0x000002082a0b0000, 0x000002082a320000, 0x000002082a650000]
 total_blobs=4047 nmethods=3404 adapters=555
 compilation: enabled
              stopped_count=0, restarted_count=0
 full_count=0

Compilation events (20 events):
Event: 11.602 Thread 0x0000020838c8c4f0 3389       3       org.codehaus.groovy.vmplugin.v9.Java9$$Lambda$398/0x0000000801010af8::test (12 bytes)
Event: 11.603 Thread 0x0000020838c35f80 nmethod 3390 0x000002082a81b710 code [0x000002082a81b8a0, 0x000002082a81b9f8]
Event: 11.603 Thread 0x0000020838c8c4f0 nmethod 3389 0x000002082325aa90 code [0x000002082325ad20, 0x000002082325bb98]
Event: 11.603 Thread 0x0000020838c8c4f0 3392       3       java.util.HashMap$KeySpliterator::<init> (12 bytes)
Event: 11.603 Thread 0x0000020838c8c4f0 nmethod 3392 0x000002082325c010 code [0x000002082325c1c0, 0x000002082325c3f8]
Event: 11.603 Thread 0x0000020838c8c4f0 3391       3       java.util.RegularEnumSet::contains (57 bytes)
Event: 11.603 Thread 0x0000020838c8c4f0 nmethod 3391 0x000002082325c510 code [0x000002082325c6e0, 0x000002082325cb08]
Event: 11.603 Thread 0x0000020838c8c4f0 3393       3       java.util.stream.ReferencePipeline$2$1::begin (13 bytes)
Event: 11.604 Thread 0x0000020838c8c4f0 nmethod 3393 0x000002082325cc10 code [0x000002082325cdc0, 0x000002082325cfa8]
Event: 11.604 Thread 0x0000020838c8c4f0 3394       3       java.util.stream.ReduceOps$ReduceOp::<init> (10 bytes)
Event: 11.604 Thread 0x0000020838c8c4f0 nmethod 3394 0x000002082325d090 code [0x000002082325d220, 0x000002082325d3d8]
Event: 11.604 Thread 0x0000020838c8c4f0 3395       3       java.util.stream.ReduceOps$ReduceOp::evaluateSequential (18 bytes)
Event: 11.604 Thread 0x0000020838c8c4f0 nmethod 3395 0x000002082325d490 code [0x000002082325d660, 0x000002082325dae8]
Event: 11.604 Thread 0x0000020838c8c4f0 3398       3       org.codehaus.groovy.vmplugin.v9.Java9$$Lambda$404/0x00000008010111c0::test (14 bytes)
Event: 11.604 Thread 0x0000020838c8c4f0 nmethod 3398 0x000002082325dc10 code [0x000002082325ddc0, 0x000002082325e088]
Event: 11.604 Thread 0x0000020838c8c4f0 3396       3       java.util.stream.ReduceOps$Box::<init> (5 bytes)
Event: 11.604 Thread 0x0000020838c8c4f0 nmethod 3396 0x000002082325e190 code [0x000002082325e320, 0x000002082325e478]
Event: 11.604 Thread 0x0000020838c8c4f0 3397       3       java.util.stream.Collectors$CollectorImpl::<init> (32 bytes)
Event: 11.605 Thread 0x0000020838c8c4f0 nmethod 3397 0x000002082325e510 code [0x000002082325e6c0, 0x000002082325e9f8]
Event: 11.609 Thread 0x000002083ee86230 3399   !   4       java.net.URLClassLoader$1::run (81 bytes)

GC Heap History (10 events):
Event: 1.259 GC heap before
{Heap before GC invocations=0 (full 0):
 garbage-first heap   total 131072K, used 13312K [0x0000000080000000, 0x0000000100000000)
  region size 1024K, 13 young (13312K), 0 survivors (0K)
 Metaspace       used 956K, committed 1088K, reserved 430080K
  class space    used 74K, committed 128K, reserved 421888K
}
Event: 1.272 GC heap after
{Heap after GC invocations=1 (full 0):
 garbage-first heap   total 131072K, used 3781K [0x0000000080000000, 0x0000000100000000)
  region size 1024K, 2 young (2048K), 2 survivors (2048K)
 Metaspace       used 956K, committed 1088K, reserved 430080K
  class space    used 74K, committed 128K, reserved 421888K
}
Event: 2.126 GC heap before
{Heap before GC invocations=1 (full 0):
 garbage-first heap   total 131072K, used 23237K [0x0000000080000000, 0x0000000100000000)
  region size 1024K, 17 young (17408K), 2 survivors (2048K)
 Metaspace       used 3841K, committed 4032K, reserved 430080K
  class space    used 474K, committed 576K, reserved 421888K
}
Event: 2.131 GC heap after
{Heap after GC invocations=2 (full 0):
 garbage-first heap   total 131072K, used 10857K [0x0000000080000000, 0x0000000100000000)
  region size 1024K, 3 young (3072K), 3 survivors (3072K)
 Metaspace       used 3841K, committed 4032K, reserved 430080K
  class space    used 474K, committed 576K, reserved 421888K
}
Event: 3.022 GC heap before
{Heap before GC invocations=2 (full 0):
 garbage-first heap   total 131072K, used 32361K [0x0000000080000000, 0x0000000100000000)
  region size 1024K, 24 young (24576K), 3 survivors (3072K)
 Metaspace       used 3926K, committed 4096K, reserved 430080K
  class space    used 475K, committed 576K, reserved 421888K
}
Event: 3.026 GC heap after
{Heap after GC invocations=3 (full 0):
 garbage-first heap   total 131072K, used 13363K [0x0000000080000000, 0x0000000100000000)
  region size 1024K, 3 young (3072K), 3 survivors (3072K)
 Metaspace       used 3926K, committed 4096K, reserved 430080K
  class space    used 475K, committed 576K, reserved 421888K
}
Event: 8.225 GC heap before
{Heap before GC invocations=3 (full 0):
 garbage-first heap   total 131072K, used 87091K [0x0000000080000000, 0x0000000100000000)
  region size 1024K, 76 young (77824K), 3 survivors (3072K)
 Metaspace       used 16997K, committed 17344K, reserved 438272K
  class space    used 2469K, committed 2624K, reserved 421888K
}
Event: 8.239 GC heap after
{Heap after GC invocations=4 (full 0):
 garbage-first heap   total 131072K, used 20505K [0x0000000080000000, 0x0000000100000000)
  region size 1024K, 10 young (10240K), 10 survivors (10240K)
 Metaspace       used 16997K, committed 17344K, reserved 438272K
  class space    used 2469K, committed 2624K, reserved 421888K
}
Event: 9.556 GC heap before
{Heap before GC invocations=4 (full 0):
 garbage-first heap   total 131072K, used 49177K [0x0000000080000000, 0x0000000100000000)
  region size 1024K, 39 young (39936K), 10 survivors (10240K)
 Metaspace       used 21121K, committed 21504K, reserved 446464K
  class space    used 3117K, committed 3328K, reserved 421888K
}
Event: 9.567 GC heap after
{Heap after GC invocations=5 (full 0):
 garbage-first heap   total 131072K, used 22624K [0x0000000080000000, 0x0000000100000000)
  region size 1024K, 2 young (2048K), 2 survivors (2048K)
 Metaspace       used 21121K, committed 21504K, reserved 446464K
  class space    used 3117K, committed 3328K, reserved 421888K
}

Dll operation events (12 events):
Event: 0.020 Loaded shared library C:\Program Files\Eclipse Adoptium\jdk-17.0.6.10-hotspot\bin\java.dll
Event: 0.056 Loaded shared library C:\Program Files\Eclipse Adoptium\jdk-17.0.6.10-hotspot\bin\jsvml.dll
Event: 0.332 Loaded shared library C:\Program Files\Eclipse Adoptium\jdk-17.0.6.10-hotspot\bin\net.dll
Event: 0.339 Loaded shared library C:\Program Files\Eclipse Adoptium\jdk-17.0.6.10-hotspot\bin\nio.dll
Event: 0.347 Loaded shared library C:\Program Files\Eclipse Adoptium\jdk-17.0.6.10-hotspot\bin\zip.dll
Event: 0.843 Loaded shared library C:\Program Files\Eclipse Adoptium\jdk-17.0.6.10-hotspot\bin\jimage.dll
Event: 1.057 Loaded shared library C:\Program Files\Eclipse Adoptium\jdk-17.0.6.10-hotspot\bin\verify.dll
Event: 1.588 Loaded shared library C:\Users\songe\.gradle\native\68d5fa5c4cc2d200863cafc0d521ce42e7d3e7ee720ec0a83991735586a16f82\windows-amd64\native-platform.dll
Event: 1.594 Loaded shared library C:\Users\songe\.gradle\native\e376f236ea51e6404a007f0833ffe2c6e607c4080706a723a18a27aeea778392\windows-amd64\native-platform-file-events.dll
Event: 3.736 Loaded shared library C:\Program Files\Eclipse Adoptium\jdk-17.0.6.10-hotspot\bin\management.dll
Event: 3.743 Loaded shared library C:\Program Files\Eclipse Adoptium\jdk-17.0.6.10-hotspot\bin\management_ext.dll
Event: 5.693 Loaded shared library C:\Program Files\Eclipse Adoptium\jdk-17.0.6.10-hotspot\bin\sunmscapi.dll

Deoptimization events (20 events):
Event: 11.107 Thread 0x0000020838c80770 Uncommon trap: trap_request=0xffffff54 fr.pc=0x000002082a7103a8 relative=0x00000000000013e8
Event: 11.107 Thread 0x0000020838c80770 Uncommon trap: reason=speculate_null_assert action=make_not_entrant pc=0x000002082a7103a8 method=jdk.internal.loader.URLClassPath$JarLoader.getResource(Ljava/lang/String;ZLjava/util/Set;)Ljdk/internal/loader/Resource; @ 17 c2
Event: 11.107 Thread 0x0000020838c80770 DEOPT PACKING pc=0x000002082a7103a8 sp=0x0000009ff42f8050
Event: 11.107 Thread 0x0000020838c80770 DEOPT UNPACKING pc=0x000002082a1069a3 sp=0x0000009ff42f7fe8 mode 2
Event: 11.129 Thread 0x0000020838c80770 Uncommon trap: trap_request=0xffffffbe fr.pc=0x000002082a7f77cc relative=0x0000000000003ecc
Event: 11.129 Thread 0x0000020838c80770 Uncommon trap: reason=profile_predicate action=maybe_recompile pc=0x000002082a7f77cc method=java.util.AbstractCollection.addAll(Ljava/util/Collection;)Z @ 15 c2
Event: 11.129 Thread 0x0000020838c80770 DEOPT PACKING pc=0x000002082a7f77cc sp=0x0000009ff42f91c0
Event: 11.129 Thread 0x0000020838c80770 DEOPT UNPACKING pc=0x000002082a1069a3 sp=0x0000009ff42f91b8 mode 2
Event: 11.353 Thread 0x0000020838c80770 Uncommon trap: trap_request=0xffffff45 fr.pc=0x000002082a779138 relative=0x0000000000006358
Event: 11.353 Thread 0x0000020838c80770 Uncommon trap: reason=unstable_if action=reinterpret pc=0x000002082a779138 method=java.lang.ClassLoader.getClassLoadingLock(Ljava/lang/String;)Ljava/lang/Object; @ 6 c2
Event: 11.353 Thread 0x0000020838c80770 DEOPT PACKING pc=0x000002082a779138 sp=0x0000009ff42f91d0
Event: 11.353 Thread 0x0000020838c80770 DEOPT UNPACKING pc=0x000002082a1069a3 sp=0x0000009ff42f9200 mode 2
Event: 11.388 Thread 0x0000020838c80770 Uncommon trap: trap_request=0xffffffc6 fr.pc=0x000002082a7b695c relative=0x00000000000043bc
Event: 11.388 Thread 0x0000020838c80770 Uncommon trap: reason=bimorphic_or_optimized_type_check action=maybe_recompile pc=0x000002082a7b695c method=java.net.URL.<init>(Ljava/net/URL;Ljava/lang/String;Ljava/net/URLStreamHandler;)V @ 504 c2
Event: 11.388 Thread 0x0000020838c80770 DEOPT PACKING pc=0x000002082a7b695c sp=0x0000009ff42f8950
Event: 11.388 Thread 0x0000020838c80770 DEOPT UNPACKING pc=0x000002082a1069a3 sp=0x0000009ff42f88f0 mode 2
Event: 11.604 Thread 0x0000020838c80770 Uncommon trap: trap_request=0xffffff45 fr.pc=0x000002082a74508c relative=0x00000000000000ec
Event: 11.604 Thread 0x0000020838c80770 Uncommon trap: reason=unstable_if action=reinterpret pc=0x000002082a74508c method=java.lang.ClassLoader.getClassLoadingLock(Ljava/lang/String;)Ljava/lang/Object; @ 6 c2
Event: 11.604 Thread 0x0000020838c80770 DEOPT PACKING pc=0x000002082a74508c sp=0x0000009ff42f9260
Event: 11.604 Thread 0x0000020838c80770 DEOPT UNPACKING pc=0x000002082a1069a3 sp=0x0000009ff42f9200 mode 2

Classes unloaded (0 events):
No events

Classes redefined (0 events):
No events

Internal exceptions (20 events):
Event: 9.519 Thread 0x0000020838c80770 Exception <a 'java/lang/NoSuchMethodError'{0x00000000865e3d00}: 'java.lang.Object java.lang.invoke.DirectMethodHandle$Holder.invokeSpecial(java.lang.Object, java.lang.Object, java.lang.Object, java.lang.Object, java.lang.Object, java.lang.Object, java.lang.Object, java.lang.Object, java.lang.Object, java.lang.Object, java.lang.Object, java.lang.Object, java.lang.Object, java.lang.Object)'> (0x00000000865e3d00) 
thrown [s\src\hotspot\share\interpreter\linkResolver.cpp, line 759]
Event: 9.520 Thread 0x0000020838c80770 Exception <a 'java/lang/NoSuchMethodError'{0x00000000865f6328}: 'java.lang.Object java.lang.invoke.DirectMethodHandle$Holder.newInvokeSpecial(java.lang.Object, java.lang.Object, java.lang.Object, java.lang.Object, java.lang.Object, java.lang.Object, java.lang.Object, java.lang.Object, java.lang.Object, java.lang.Object, java.lang.Object, java.lang.Object)'> (0x00000000865f6328) 
thrown [s\src\hotspot\share\interpreter\linkResolver.cpp, line 759]
Event: 9.521 Thread 0x0000020838c80770 Exception <a 'java/lang/NoSuchMethodError'{0x00000000865fbcc0}: 'java.lang.Object java.lang.invoke.Invokers$Holder.linkToTargetMethod(java.lang.Object, java.lang.Object, java.lang.Object, java.lang.Object, java.lang.Object, java.lang.Object, java.lang.Object, java.lang.Object, java.lang.Object, java.lang.Object, java.lang.Object, java.lang.Object)'> (0x00000000865fbcc0) 
thrown [s\src\hotspot\share\interpreter\linkResolver.cpp, line 759]
Event: 9.543 Thread 0x0000020838c80770 Exception <a 'java/lang/NoSuchMethodError'{0x000000008649a920}: 'java.lang.Object java.lang.invoke.DirectMethodHandle$Holder.invokeStaticInit(java.lang.Object, java.lang.Object, java.lang.Object, java.lang.Object)'> (0x000000008649a920) 
thrown [s\src\hotspot\share\interpreter\linkResolver.cpp, line 759]
Event: 9.987 Thread 0x0000020838c80770 Exception <a 'java/lang/NoSuchMethodError'{0x00000000848a84f8}: 'java.lang.Object java.lang.invoke.DirectMethodHandle$Holder.newInvokeSpecial(java.lang.Object, java.lang.Object, java.lang.Object, java.lang.Object, java.lang.Object, java.lang.Object, java.lang.Object, java.lang.Object)'> (0x00000000848a84f8) 
thrown [s\src\hotspot\share\interpreter\linkResolver.cpp, line 759]
Event: 9.990 Thread 0x0000020838c80770 Exception <a 'java/lang/NoSuchMethodError'{0x00000000848ae2d8}: 'java.lang.Object java.lang.invoke.Invokers$Holder.linkToTargetMethod(java.lang.Object, java.lang.Object, java.lang.Object, java.lang.Object, java.lang.Object, java.lang.Object, java.lang.Object, java.lang.Object)'> (0x00000000848ae2d8) 
thrown [s\src\hotspot\share\interpreter\linkResolver.cpp, line 759]
Event: 10.013 Thread 0x0000020838c80770 Exception <a 'java/lang/IncompatibleClassChangeError'{0x0000000084712400}: Found class java.lang.Object, but interface was expected> (0x0000000084712400) 
thrown [s\src\hotspot\share\interpreter\linkResolver.cpp, line 826]
Event: 10.174 Thread 0x0000020838c80770 Exception <a 'java/lang/NoSuchMethodError'{0x0000000084206108}: 'java.lang.Object java.lang.invoke.DirectMethodHandle$Holder.newInvokeSpecial(java.lang.Object, java.lang.Object, int, int)'> (0x0000000084206108) 
thrown [s\src\hotspot\share\interpreter\linkResolver.cpp, line 759]
Event: 10.521 Thread 0x0000020838c80770 Exception <a 'java/lang/NoSuchMethodError'{0x0000000083d84d70}: 'void java.lang.invoke.DirectMethodHandle$Holder.invokeStaticInit(java.lang.Object, java.lang.Object, java.lang.Object)'> (0x0000000083d84d70) 
thrown [s\src\hotspot\share\interpreter\linkResolver.cpp, line 759]
Event: 10.522 Thread 0x0000020838c80770 Exception <a 'java/lang/NoSuchMethodError'{0x0000000083d8c210}: 'void java.lang.invoke.DirectMethodHandle$Holder.invokeStaticInit(java.lang.Object, java.lang.Object, java.lang.Object, java.lang.Object)'> (0x0000000083d8c210) 
thrown [s\src\hotspot\share\interpreter\linkResolver.cpp, line 759]
Event: 10.526 Thread 0x0000020838c80770 Exception <a 'java/lang/NoSuchMethodError'{0x0000000083db0588}: 'void java.lang.invoke.DirectMethodHandle$Holder.invokeStaticInit(java.lang.Object, java.lang.Object, java.lang.Object, java.lang.Object, java.lang.Object)'> (0x0000000083db0588) 
thrown [s\src\hotspot\share\interpreter\linkResolver.cpp, line 759]
Event: 10.527 Thread 0x0000020838c80770 Exception <a 'java/lang/NoSuchMethodError'{0x0000000083db8350}: 'int java.lang.invoke.DirectMethodHandle$Holder.invokeStaticInit(java.lang.Object, java.lang.Object, java.lang.Object)'> (0x0000000083db8350) 
thrown [s\src\hotspot\share\interpreter\linkResolver.cpp, line 759]
Event: 10.544 Thread 0x0000020838c80770 Exception <a 'java/lang/NoSuchMethodError'{0x0000000083c0fad0}: 'int java.lang.invoke.DirectMethodHandle$Holder.invokeStaticInit(java.lang.Object, java.lang.Object, java.lang.Object, java.lang.Object)'> (0x0000000083c0fad0) 
thrown [s\src\hotspot\share\interpreter\linkResolver.cpp, line 759]
Event: 11.109 Thread 0x0000020838c80770 Exception <a 'java/lang/ClassNotFoundException'{0x0000000083572680}: groovy/lang/ExpandoMetaClassBeanInfo> (0x0000000083572680) 
thrown [s\src\hotspot\share\classfile\systemDictionary.cpp, line 256]
Event: 11.110 Thread 0x0000020838c80770 Exception <a 'java/lang/ClassNotFoundException'{0x0000000083589860}: groovy/lang/MetaClassImplBeanInfo> (0x0000000083589860) 
thrown [s\src\hotspot\share\classfile\systemDictionary.cpp, line 256]
Event: 11.110 Thread 0x0000020838c80770 Exception <a 'java/lang/ClassNotFoundException'{0x000000008358eb38}: java/lang/ObjectBeanInfo> (0x000000008358eb38) 
thrown [s\src\hotspot\share\classfile\systemDictionary.cpp, line 256]
Event: 11.111 Thread 0x0000020838c80770 Exception <a 'java/lang/ClassNotFoundException'{0x00000000835944c8}: java/lang/ObjectCustomizer> (0x00000000835944c8) 
thrown [s\src\hotspot\share\classfile\systemDictionary.cpp, line 256]
Event: 11.115 Thread 0x0000020838c80770 Exception <a 'java/lang/IncompatibleClassChangeError'{0x0000000083598ef0}: Found class java.lang.Object, but interface was expected> (0x0000000083598ef0) 
thrown [s\src\hotspot\share\interpreter\linkResolver.cpp, line 826]
Event: 11.120 Thread 0x0000020838c80770 Exception <a 'java/lang/ClassNotFoundException'{0x00000000835b4e38}: groovy/lang/MetaClassImplCustomizer> (0x00000000835b4e38) 
thrown [s\src\hotspot\share\classfile\systemDictionary.cpp, line 256]
Event: 11.124 Thread 0x0000020838c80770 Exception <a 'java/lang/ClassNotFoundException'{0x00000000835ea888}: groovy/lang/ExpandoMetaClassCustomizer> (0x00000000835ea888) 
thrown [s\src\hotspot\share\classfile\systemDictionary.cpp, line 256]

VM Operations (20 events):
Event: 9.607 Executing VM operation: G1Concurrent
Event: 9.607 Executing VM operation: G1Concurrent done
Event: 9.925 Executing VM operation: HandshakeAllThreads
Event: 9.925 Executing VM operation: HandshakeAllThreads done
Event: 10.344 Executing VM operation: HandshakeAllThreads
Event: 10.345 Executing VM operation: HandshakeAllThreads done
Event: 10.762 Executing VM operation: HandshakeAllThreads
Event: 10.763 Executing VM operation: HandshakeAllThreads done
Event: 10.763 Executing VM operation: Cleanup
Event: 10.763 Executing VM operation: Cleanup done
Event: 10.904 Executing VM operation: HandshakeAllThreads
Event: 10.904 Executing VM operation: HandshakeAllThreads done
Event: 11.388 Executing VM operation: HandshakeAllThreads
Event: 11.388 Executing VM operation: HandshakeAllThreads done
Event: 11.389 Executing VM operation: HandshakeAllThreads
Event: 11.389 Executing VM operation: HandshakeAllThreads done
Event: 11.394 Executing VM operation: HandshakeAllThreads
Event: 11.394 Executing VM operation: HandshakeAllThreads done
Event: 11.400 Executing VM operation: HandshakeAllThreads
Event: 11.400 Executing VM operation: HandshakeAllThreads done

Events (20 events):
Event: 11.494 loading class java/nio/file/DirectoryIteratorException
Event: 11.494 loading class java/nio/file/DirectoryIteratorException done
Event: 11.494 loading class java/nio/file/FileTreeWalker$DirectoryNode
Event: 11.494 loading class java/nio/file/FileTreeWalker$DirectoryNode done
Event: 11.495 loading class java/nio/file/FileTreeWalker$Event
Event: 11.495 loading class java/nio/file/FileTreeWalker$Event done
Event: 11.495 loading class java/nio/file/FileTreeWalker$EventType
Event: 11.495 loading class java/nio/file/FileTreeWalker$EventType done
Event: 11.495 loading class java/nio/file/Files$3
Event: 11.495 loading class java/nio/file/Files$3 done
Event: 11.495 loading class java/nio/file/FileVisitResult
Event: 11.495 loading class java/nio/file/FileVisitResult done
Event: 11.610 loading class jdk/internal/jrtfs/JrtFileSystem
Event: 11.611 loading class jdk/internal/jrtfs/JrtFileSystem done
Event: 11.611 loading class jdk/internal/jrtfs/JrtPath
Event: 11.612 loading class jdk/internal/jrtfs/JrtPath done
Event: 11.612 loading class jdk/internal/jrtfs/SystemImage
Event: 11.613 loading class jdk/internal/jrtfs/SystemImage done
Event: 11.613 loading class java/security/AllPermissionCollection
Event: 11.613 loading class java/security/AllPermissionCollection done


Dynamic libraries:
0x00007ff645cc0000 - 0x00007ff645cce000 	C:\Program Files\Eclipse Adoptium\jdk-17.0.6.10-hotspot\bin\java.exe
0x00007ffb40750000 - 0x00007ffb40948000 	C:\WINDOWS\SYSTEM32\ntdll.dll
0x00007ffb3eca0000 - 0x00007ffb3ed5f000 	C:\WINDOWS\System32\KERNEL32.DLL
0x00007ffb3e070000 - 0x00007ffb3e366000 	C:\WINDOWS\System32\KERNELBASE.dll
0x00007ffb3e630000 - 0x00007ffb3e730000 	C:\WINDOWS\System32\ucrtbase.dll
0x00007ffb37100000 - 0x00007ffb37117000 	C:\Program Files\Eclipse Adoptium\jdk-17.0.6.10-hotspot\bin\jli.dll
0x00007ffb3f730000 - 0x00007ffb3f8cd000 	C:\WINDOWS\System32\USER32.dll
0x00007ffb3e400000 - 0x00007ffb3e422000 	C:\WINDOWS\System32\win32u.dll
0x00007ffb3f350000 - 0x00007ffb3f37c000 	C:\WINDOWS\System32\GDI32.dll
0x00007ffb3dea0000 - 0x00007ffb3dfb5000 	C:\WINDOWS\System32\gdi32full.dll
0x00007ffb3e430000 - 0x00007ffb3e4cd000 	C:\WINDOWS\System32\msvcp_win.dll
0x00007ffb37120000 - 0x00007ffb37139000 	C:\Program Files\Eclipse Adoptium\jdk-17.0.6.10-hotspot\bin\VCRUNTIME140.dll
0x00007ffb2a340000 - 0x00007ffb2a5da000 	C:\WINDOWS\WinSxS\amd64_microsoft.windows.common-controls_6595b64144ccf1df_6.0.19041.1110_none_60b5254171f9507e\COMCTL32.dll
0x00007ffb3edc0000 - 0x00007ffb3ee5e000 	C:\WINDOWS\System32\msvcrt.dll
0x00007ffb3f700000 - 0x00007ffb3f730000 	C:\WINDOWS\System32\IMM32.DLL
0x00007ffb370f0000 - 0x00007ffb370fc000 	C:\Program Files\Eclipse Adoptium\jdk-17.0.6.10-hotspot\bin\vcruntime140_1.dll
0x00007ffb36eb0000 - 0x00007ffb36f41000 	C:\Program Files\Eclipse Adoptium\jdk-17.0.6.10-hotspot\bin\msvcp140.dll
0x00007ffaf2440000 - 0x00007ffaf3087000 	C:\Program Files\Eclipse Adoptium\jdk-17.0.6.10-hotspot\bin\server\jvm.dll
0x00007ffb40660000 - 0x00007ffb4070f000 	C:\WINDOWS\System32\ADVAPI32.dll
0x00007ffb3fe70000 - 0x00007ffb3ff0c000 	C:\WINDOWS\System32\sechost.dll
0x00007ffb3f380000 - 0x00007ffb3f4a6000 	C:\WINDOWS\System32\RPCRT4.dll
0x00007ffb26230000 - 0x00007ffb26239000 	C:\WINDOWS\SYSTEM32\WSOCK32.dll
0x00007ffb3fb60000 - 0x00007ffb3fbcb000 	C:\WINDOWS\System32\WS2_32.dll
0x00007ffb2b640000 - 0x00007ffb2b667000 	C:\WINDOWS\SYSTEM32\WINMM.dll
0x00007ffb332d0000 - 0x00007ffb332da000 	C:\WINDOWS\SYSTEM32\VERSION.dll
0x00007ffb3c640000 - 0x00007ffb3c652000 	C:\WINDOWS\SYSTEM32\kernel.appcore.dll
0x00007ffb370e0000 - 0x00007ffb370ea000 	C:\Program Files\Eclipse Adoptium\jdk-17.0.6.10-hotspot\bin\jimage.dll
0x00007ffb3c350000 - 0x00007ffb3c534000 	C:\WINDOWS\SYSTEM32\DBGHELP.DLL
0x00007ffb21070000 - 0x00007ffb210a4000 	C:\WINDOWS\SYSTEM32\dbgcore.DLL
0x00007ffb3e370000 - 0x00007ffb3e3f2000 	C:\WINDOWS\System32\bcryptPrimitives.dll
0x00007ffb37050000 - 0x00007ffb37075000 	C:\Program Files\Eclipse Adoptium\jdk-17.0.6.10-hotspot\bin\java.dll
0x00007ffb35af0000 - 0x00007ffb35bc6000 	C:\Program Files\Eclipse Adoptium\jdk-17.0.6.10-hotspot\bin\jsvml.dll
0x00007ffb3ff10000 - 0x00007ffb40654000 	C:\WINDOWS\System32\SHELL32.dll
0x00007ffb3bba0000 - 0x00007ffb3c334000 	C:\WINDOWS\SYSTEM32\windows.storage.dll
0x00007ffb3e7b0000 - 0x00007ffb3eb04000 	C:\WINDOWS\System32\combase.dll
0x00007ffb3d860000 - 0x00007ffb3d88e000 	C:\WINDOWS\SYSTEM32\Wldp.dll
0x00007ffb3f4b0000 - 0x00007ffb3f55d000 	C:\WINDOWS\System32\SHCORE.dll
0x00007ffb3eb10000 - 0x00007ffb3eb65000 	C:\WINDOWS\System32\shlwapi.dll
0x00007ffb3dd60000 - 0x00007ffb3dd85000 	C:\WINDOWS\SYSTEM32\profapi.dll
0x00007ffb36e90000 - 0x00007ffb36ea9000 	C:\Program Files\Eclipse Adoptium\jdk-17.0.6.10-hotspot\bin\net.dll
0x00007ffb32d40000 - 0x00007ffb32e4a000 	C:\WINDOWS\SYSTEM32\WINHTTP.dll
0x00007ffb3d5c0000 - 0x00007ffb3d62a000 	C:\WINDOWS\system32\mswsock.dll
0x00007ffb36e70000 - 0x00007ffb36e85000 	C:\Program Files\Eclipse Adoptium\jdk-17.0.6.10-hotspot\bin\nio.dll
0x00007ffb36e50000 - 0x00007ffb36e68000 	C:\Program Files\Eclipse Adoptium\jdk-17.0.6.10-hotspot\bin\zip.dll
0x00007ffb37040000 - 0x00007ffb37050000 	C:\Program Files\Eclipse Adoptium\jdk-17.0.6.10-hotspot\bin\verify.dll
0x00007ffb35ac0000 - 0x00007ffb35ae7000 	C:\Users\songe\.gradle\native\68d5fa5c4cc2d200863cafc0d521ce42e7d3e7ee720ec0a83991735586a16f82\windows-amd64\native-platform.dll
0x00007ffb16240000 - 0x00007ffb16384000 	C:\Users\songe\.gradle\native\e376f236ea51e6404a007f0833ffe2c6e607c4080706a723a18a27aeea778392\windows-amd64\native-platform-file-events.dll
0x00007ffb36e40000 - 0x00007ffb36e49000 	C:\Program Files\Eclipse Adoptium\jdk-17.0.6.10-hotspot\bin\management.dll
0x00007ffb36ce0000 - 0x00007ffb36ceb000 	C:\Program Files\Eclipse Adoptium\jdk-17.0.6.10-hotspot\bin\management_ext.dll
0x00007ffb3fe60000 - 0x00007ffb3fe68000 	C:\WINDOWS\System32\PSAPI.DLL
0x00007ffb3d7b0000 - 0x00007ffb3d7c8000 	C:\WINDOWS\SYSTEM32\CRYPTSP.dll
0x00007ffb3ce70000 - 0x00007ffb3cea4000 	C:\WINDOWS\system32\rsaenh.dll
0x00007ffb3e780000 - 0x00007ffb3e7a7000 	C:\WINDOWS\System32\bcrypt.dll
0x00007ffb3dd20000 - 0x00007ffb3dd4e000 	C:\WINDOWS\SYSTEM32\USERENV.dll
0x00007ffb3d7d0000 - 0x00007ffb3d7dc000 	C:\WINDOWS\SYSTEM32\CRYPTBASE.dll
0x00007ffb3d260000 - 0x00007ffb3d29c000 	C:\WINDOWS\SYSTEM32\IPHLPAPI.DLL
0x00007ffb3f340000 - 0x00007ffb3f348000 	C:\WINDOWS\System32\NSI.dll
0x00007ffb31e80000 - 0x00007ffb31e97000 	C:\WINDOWS\SYSTEM32\dhcpcsvc6.DLL
0x00007ffb33390000 - 0x00007ffb333ad000 	C:\WINDOWS\SYSTEM32\dhcpcsvc.DLL
0x00007ffb3d2b0000 - 0x00007ffb3d37a000 	C:\WINDOWS\SYSTEM32\DNSAPI.dll
0x00007ffb35ab0000 - 0x00007ffb35abe000 	C:\Program Files\Eclipse Adoptium\jdk-17.0.6.10-hotspot\bin\sunmscapi.dll
0x00007ffb3e4d0000 - 0x00007ffb3e62e000 	C:\WINDOWS\System32\CRYPT32.dll
0x00007ffb3d8d0000 - 0x00007ffb3d8f8000 	C:\WINDOWS\SYSTEM32\ncrypt.dll
0x00007ffb3d890000 - 0x00007ffb3d8cb000 	C:\WINDOWS\SYSTEM32\NTASN1.dll
0x00007ffb37140000 - 0x00007ffb37147000 	C:\WINDOWS\system32\wshunix.dll

dbghelp: loaded successfully - version: 4.0.5 - missing functions: none
symbol engine: initialized successfully - sym options: 0x614 - pdb path: .;C:\Program Files\Eclipse Adoptium\jdk-17.0.6.10-hotspot\bin;C:\WINDOWS\SYSTEM32;C:\WINDOWS\WinSxS\amd64_microsoft.windows.common-controls_6595b64144ccf1df_6.0.19041.1110_none_60b5254171f9507e;C:\Program Files\Eclipse Adoptium\jdk-17.0.6.10-hotspot\bin\server;C:\Users\songe\.gradle\native\68d5fa5c4cc2d200863cafc0d521ce42e7d3e7ee720ec0a83991735586a16f82\windows-amd64;C:\Users\songe\.gradle\native\e376f236ea51e6404a007f0833ffe2c6e607c4080706a723a18a27aeea778392\windows-amd64

VM Arguments:
jvm_args: -XX:MaxMetaspaceSize=512m --add-opens=java.base/java.util=ALL-UNNAMED --add-opens=java.base/java.lang=ALL-UNNAMED --add-opens=java.base/java.lang.invoke=ALL-UNNAMED --add-opens=java.prefs/java.util.prefs=ALL-UNNAMED --add-opens=java.base/java.nio.charset=ALL-UNNAMED --add-opens=java.base/java.net=ALL-UNNAMED --add-opens=java.base/java.util.concurrent.atomic=ALL-UNNAMED -Xmx2048m -Dfile.encoding=windows-1252 -Duser.country=ZA -Duser.language=en -Duser.variant 
java_command: org.gradle.launcher.daemon.bootstrap.GradleDaemon 8.0.1
java_class_path (initial): C:\Users\songe\.gradle\wrapper\dists\gradle-8.0.1-all\aro4hu1c3oeioove7l0i4i14o\gradle-8.0.1\lib\gradle-launcher-8.0.1.jar
Launcher Type: SUN_STANDARD

[Global flags]
     intx CICompilerCount                          = 3                                         {product} {ergonomic}
   size_t CompressedClassSpaceSize                 = 432013312                                 {product} {ergonomic}
     uint ConcGCThreads                            = 1                                         {product} {ergonomic}
     uint G1ConcRefinementThreads                  = 4                                         {product} {ergonomic}
   size_t G1HeapRegionSize                         = 1048576                                   {product} {ergonomic}
    uintx GCDrainStackTargetSize                   = 64                                        {product} {ergonomic}
   size_t InitialHeapSize                          = 134217728                                 {product} {ergonomic}
   size_t MarkStackSize                            = 4194304                                   {product} {ergonomic}
   size_t MaxHeapSize                              = 2147483648                                {product} {command line}
   size_t MaxMetaspaceSize                         = 536870912                                 {product} {command line}
   size_t MaxNewSize                               = 1287651328                                {product} {ergonomic}
   size_t MinHeapDeltaBytes                        = 1048576                                   {product} {ergonomic}
   size_t MinHeapSize                              = 8388608                                   {product} {ergonomic}
    uintx NonNMethodCodeHeapSize                   = 5832780                                {pd product} {ergonomic}
    uintx NonProfiledCodeHeapSize                  = 122912730                              {pd product} {ergonomic}
    uintx ProfiledCodeHeapSize                     = 122912730                              {pd product} {ergonomic}
    uintx ReservedCodeCacheSize                    = 251658240                              {pd product} {ergonomic}
     bool SegmentedCodeCache                       = true                                      {product} {ergonomic}
   size_t SoftMaxHeapSize                          = 2147483648                             {manageable} {ergonomic}
     bool UseCompressedClassPointers               = true                           {product lp64_product} {ergonomic}
     bool UseCompressedOops                        = true                           {product lp64_product} {ergonomic}
     bool UseG1GC                                  = true                                      {product} {ergonomic}
     bool UseLargePagesIndividualAllocation        = false                                  {pd product} {ergonomic}

Logging:
Log output configuration:
 #0: stdout all=warning uptime,level,tags
 #1: stderr all=off uptime,level,tags

Environment Variables:
JAVA_HOME=C:\Program Files\Eclipse Adoptium\jdk-17.0.6.10-hotspot
CLASSPATH=C:\Users\songe\Development\react-native\proficient\android\\gradle\wrapper\gradle-wrapper.jar
PATH=C:\Users\songe\Development\react-native\proficient\node_modules\.bin;C:\Users\songe\Development\react-native\proficient\node_modules\.bin;C:\Users\songe\Development\react-native\node_modules\.bin;C:\Users\songe\Development\node_modules\.bin;C:\Users\songe\node_modules\.bin;C:\Users\node_modules\.bin;C:\node_modules\.bin;C:\Program Files\nodejs\node_modules\npm\node_modules\@npmcli\run-script\lib\node-gyp-bin;C:\Users\songe\Development\react-native\proficient\node_modules\.bin;C:\Users\songe\Development\react-native\node_modules\.bin;C:\Users\songe\Development\node_modules\.bin;C:\Users\songe\node_modules\.bin;C:\Users\node_modules\.bin;C:\node_modules\.bin;C:\Program Files\nodejs\node_modules\npm\node_modules\@npmcli\run-script\lib\node-gyp-bin;C:\Users\songe\Development\react-native\proficient\node_modules\.bin;C:\Users\songe\Development\react-native\node_modules\.bin;C:\Users\songe\Development\node_modules\.bin;C:\Users\songe\node_modules\.bin;C:\Users\node_modules\.bin;C:\node_modules\.bin;C:\Program Files\nodejs\node_modules\npm\node_modules\@npmcli\run-script\lib\node-gyp-bin;C:\Users\songe\bin;C:\Program Files\Git\mingw64\bin;C:\Program Files\Git\usr\local\bin;C:\Program Files\Git\usr\bin;C:\Program Files\Git\usr\bin;C:\Program Files\Git\mingw64\bin;C:\Program Files\Git\usr\bin;C:\Users\songe\bin;C:\Program Files\Eclipse Adoptium\jdk-17.0.6.10-hotspot\bin;C:\Program Files (x86)\Intel\Intel(R) Management Engine Components\iCLS;C:\Program Files\Intel\Intel(R) Management Engine Components\iCLS;C:\Windows\system32;C:\Windows;C:\Windows\System32\Wbem;C:\Windows\System32\WindowsPowerShell\v1.0;C:\Program Files (x86)\NVIDIA Corporation\PhysX\Common;C:\Program Files (x86)\Intel\Intel(R) Management Engine Components\DAL;C:\Program Files\Intel\Intel(R) Management Engine Components\DAL;C:\Program Files (x86)\Intel\Intel(R) Management Engine Components\IPT;C:\Program Files\Intel\Intel(R) Management Engine Components\IPT;C:\Program Files\Intel\WiFi\bin;C:\Program Files\C
USERNAME=songe
SHELL=C:\Program Files\Git\usr\bin\bash.exe
DISPLAY=needs-to-be-defined
LANG=en_US.UTF-8
TERM=xterm-256color
TMPDIR=C:\Users\songe\AppData\Local\Temp
OS=Windows_NT
PROCESSOR_IDENTIFIER=Intel64 Family 6 Model 142 Stepping 9, GenuineIntel
TMP=C:\Users\songe\AppData\Local\Temp
TEMP=C:\Users\songe\AppData\Local\Temp



---------------  S Y S T E M  ---------------

OS:
 Windows 10 , 64 bit Build 19041 (10.0.19041.3155)
OS uptime: 0 days 0:18 hours

CPU: total 4 (initial active 4) (2 cores per cpu, 2 threads per core) family 6 model 142 stepping 9 microcode 0xf0, cx8, cmov, fxsr, ht, mmx, 3dnowpref, sse, sse2, sse3, ssse3, sse4.1, sse4.2, popcnt, lzcnt, tsc, tscinvbit, avx, avx2, aes, erms, clmul, bmi1, bmi2, adx, fma, vzeroupper, clflush, clflushopt

Memory: 4k page, system-wide physical 8089M (469M free)
TotalPageFile size 11089M (AvailPageFile size 69M)
current process WorkingSet (physical memory assigned to process): 178M, peak: 226M
current process commit charge ("private bytes"): 236M, peak: 292M

vm_info: OpenJDK 64-Bit Server VM (17.0.6+10) for windows-amd64 JRE (17.0.6+10), built on Jan 18 2023 10:08:59 by "temurin" with MS VC++ 16.7 (VS2019)

END.
