#
# There is insufficient memory for the Java Runtime Environment to continue.
# Native memory allocation (malloc) failed to allocate 32744 bytes for ChunkPool::allocate
# Possible reasons:
#   The system is out of physical RAM or swap space
#   The process is running with CompressedOops enabled, and the Java Heap may be blocking the growth of the native heap
# Possible solutions:
#   Reduce memory load on the system
#   Increase physical memory or swap space
#   Check if swap backing store is full
#   Decrease Java heap size (-Xmx/-Xms)
#   Decrease number of Java threads
#   Decrease Java thread stack sizes (-Xss)
#   Set larger code cache with -XX:ReservedCodeCacheSize=
#   JVM is running with Unscaled Compressed Oops mode in which the Java heap is
#     placed in the first 4GB address space. The Java Heap base address is the
#     maximum limit for the native heap growth. Please use -XX:HeapBaseMinAddress
#     to set the Java Heap base and to place the Java Heap above 4GB virtual address.
# This output file may be truncated or incomplete.
#
#  Out of Memory Error (arena.cpp:78), pid=17108, tid=1756
#
# JRE version: OpenJDK Runtime Environment Temurin-17.0.6+10 (17.0.6+10) (build 17.0.6+10)
# Java VM: OpenJDK 64-Bit Server VM Temurin-17.0.6+10 (17.0.6+10, mixed mode, sharing, tiered, compressed oops, compressed class ptrs, g1 gc, windows-amd64)
# No core dump will be written. Minidumps are not enabled by default on client versions of Windows
#

---------------  S U M M A R Y ------------

Command Line: -Xmx64m -Xms64m -Dorg.gradle.appname=gradlew org.gradle.wrapper.GradleWrapperMain app:installDebug -PreactNativeDevServerPort=8081

Host: Intel(R) Core(TM) i7-7500U CPU @ 2.70GHz, 4 cores, 7G,  Windows 10 , 64 bit Build 19041 (10.0.19041.3155)
Time: Sat Sep  2 22:30:37 2023 South Africa Standard Time elapsed time: 264.523431 seconds (0d 0h 4m 24s)

---------------  T H R E A D  ---------------

Current thread (0x000001fa7795d8e0):  JavaThread "C1 CompilerThread0" daemon [_thread_in_native, id=1756, stack(0x00000066d5200000,0x00000066d5300000)]


Current CompileTask:
C1: 264523 1626   !   3       java.lang.Class::
[error occurred during error reporting (printing current compile task), id 0xe0000001, Out of Memory Error (s\src\hotspot\share\memory\arena.cpp:78)]

Stack: [0x00000066d5200000,0x00000066d5300000]
Native frames: (J=compiled Java code, j=interpreted, Vv=VM code, C=native code)
V  [jvm.dll+0x67741a]
V  [jvm.dll+0x834434]
V  [jvm.dll+0x835bde]
V  [jvm.dll+0x836243]
V  [jvm.dll+0x2457b5]
V  [jvm.dll+0xabd1c]
V  [jvm.dll+0xac0cc]
V  [jvm.dll+0x7a2a2d]
V  [jvm.dll+0x62af05]
V  [jvm.dll+0x22bdf6]
V  [jvm.dll+0x22c377]
V  [jvm.dll+0x8342ca]
V  [jvm.dll+0x835bde]
V  [jvm.dll+0x836243]
V  [jvm.dll+0x2457b5]
V  [jvm.dll+0xabd1c]
V  [jvm.dll+0xac0cc]
V  [jvm.dll+0x179693]
V  [jvm.dll+0x1791fd]
V  [jvm.dll+0x1791fd]
V  [jvm.dll+0x1791fd]
V  [jvm.dll+0x177c04]
V  [jvm.dll+0x177eca]
V  [jvm.dll+0x17a933]
V  [jvm.dll+0x134d93]
V  [jvm.dll+0x13468f]
V  [jvm.dll+0x1348c6]
V  [jvm.dll+0x133d5a]
V  [jvm.dll+0x135a21]
V  [jvm.dll+0x22742a]
V  [jvm.dll+0x225565]
V  [jvm.dll+0x7ea2cb]
V  [jvm.dll+0x7e483a]
V  [jvm.dll+0x6762c5]
C  [ucrtbase.dll+0x21bb2]
C  [KERNEL32.DLL+0x17614]
C  [ntdll.dll+0x526b1]


---------------  P R O C E S S  ---------------

Threads class SMR info:
_java_thread_list=0x000001fa78e071a0, length=15, elements={
0x000001fa6b8c0870, 0x000001fa77935cd0, 0x000001fa77936b40, 0x000001fa7794e420,
0x000001fa7794eee0, 0x000001fa779529b0, 0x000001fa77953360, 0x000001fa7795ce40,
0x000001fa7795d8e0, 0x000001fa77970ea0, 0x000001fa78446930, 0x000001fa7844c230,
0x000001fa78e3e3c0, 0x000001fa78f5e440, 0x000001fa789406e0
}

Java Threads: ( => current thread )
  0x000001fa6b8c0870 JavaThread "main" [_thread_in_native, id=18356, stack(0x00000066d4400000,0x00000066d4500000)]
  0x000001fa77935cd0 JavaThread "Reference Handler" daemon [_thread_blocked, id=12728, stack(0x00000066d4b00000,0x00000066d4c00000)]
  0x000001fa77936b40 JavaThread "Finalizer" daemon [_thread_blocked, id=11180, stack(0x00000066d4c00000,0x00000066d4d00000)]
  0x000001fa7794e420 JavaThread "Signal Dispatcher" daemon [_thread_blocked, id=8180, stack(0x00000066d4d00000,0x00000066d4e00000)]
  0x000001fa7794eee0 JavaThread "Attach Listener" daemon [_thread_blocked, id=18416, stack(0x00000066d4e00000,0x00000066d4f00000)]
  0x000001fa779529b0 JavaThread "Service Thread" daemon [_thread_blocked, id=17328, stack(0x00000066d4f00000,0x00000066d5000000)]
  0x000001fa77953360 JavaThread "Monitor Deflation Thread" daemon [_thread_blocked, id=120, stack(0x00000066d5000000,0x00000066d5100000)]
  0x000001fa7795ce40 JavaThread "C2 CompilerThread0" daemon [_thread_blocked, id=1636, stack(0x00000066d5100000,0x00000066d5200000)]
=>0x000001fa7795d8e0 JavaThread "C1 CompilerThread0" daemon [_thread_in_native, id=1756, stack(0x00000066d5200000,0x00000066d5300000)]
  0x000001fa77970ea0 JavaThread "Sweeper thread" daemon [_thread_blocked, id=12280, stack(0x00000066d5300000,0x00000066d5400000)]
  0x000001fa78446930 JavaThread "Notification Thread" daemon [_thread_blocked, id=11228, stack(0x00000066d5400000,0x00000066d5500000)]
  0x000001fa7844c230 JavaThread "Common-Cleaner" daemon [_thread_blocked, id=2376, stack(0x00000066d5600000,0x00000066d5700000)]
  0x000001fa78e3e3c0 JavaThread "pool-1-thread-1" [_thread_blocked, id=16304, stack(0x00000066d5b00000,0x00000066d5c00000)]
  0x000001fa78f5e440 JavaThread "DisconnectableInputStream source reader" daemon [_thread_in_native, id=3340, stack(0x00000066d5c00000,0x00000066d5d00000)]
  0x000001fa789406e0 JavaThread "Forward input" [_thread_blocked, id=6352, stack(0x00000066d5d00000,0x00000066d5e00000)]

Other Threads:
  0x000001fa779331d0 VMThread "VM Thread" [stack: 0x00000066d4a00000,0x00000066d4b00000] [id=11636]
  0x000001fa6b8ebfc0 WatcherThread [stack: 0x00000066d5500000,0x00000066d5600000] [id=17808]
  0x000001fa6b8e1ec0 GCTaskThread "GC Thread#0" [stack: 0x00000066d4500000,0x00000066d4600000] [id=3960]
  0x000001fa788df7e0 GCTaskThread "GC Thread#1" [stack: 0x00000066d5800000,0x00000066d5900000] [id=10116]
  0x000001fa78606eb0 GCTaskThread "GC Thread#2" [stack: 0x00000066d5900000,0x00000066d5a00000] [id=1476]
  0x000001fa78942320 GCTaskThread "GC Thread#3" [stack: 0x00000066d5a00000,0x00000066d5b00000] [id=13156]
  0x000001fa6b8e3600 ConcurrentGCThread "G1 Main Marker" [stack: 0x00000066d4600000,0x00000066d4700000] [id=17352]
  0x000001fa6b8e4010 ConcurrentGCThread "G1 Conc#0" [stack: 0x00000066d4700000,0x00000066d4800000] [id=17356]
  0x000001fa6b938840 ConcurrentGCThread "G1 Refine#0" [stack: 0x00000066d4800000,0x00000066d4900000] [id=6840]
  0x000001fa6b939260 ConcurrentGCThread "G1 Service" [stack: 0x00000066d4900000,0x00000066d4a00000] [id=17364]

Threads with active compile tasks:
C1 CompilerThread0   264568 1626   !   3       java.lang.Class::getEnumConstantsShared (71 bytes)

VM state: not at safepoint (normal execution)

VM Mutex/Monitor currently owned by a thread: None

Heap address: 0x00000000fc000000, size: 64 MB, Compressed Oops mode: 32-bit

CDS archive(s) mapped at: [0x0000000800000000-0x0000000800bc0000-0x0000000800bc0000), size 12320768, SharedBaseAddress: 0x0000000800000000, ArchiveRelocationMode: 0.
Compressed class space mapped at: 0x0000000800c00000-0x0000000840c00000, reserved size: 1073741824
Narrow klass base: 0x0000000800000000, Narrow klass shift: 0, Narrow klass range: 0x100000000

GC Precious Log:
 CPUs: 4 total, 4 available
 Memory: 8089M
 Large Page Support: Disabled
 NUMA Support: Disabled
 Compressed Oops: Enabled (32-bit)
 Heap Region Size: 1M
 Heap Min Capacity: 64M
 Heap Initial Capacity: 64M
 Heap Max Capacity: 64M
 Pre-touch: Disabled
 Parallel Workers: 4
 Concurrent Workers: 1
 Concurrent Refinement Workers: 4
 Periodic GC: Disabled

Heap:
 garbage-first heap   total 65536K, used 21106K [0x00000000fc000000, 0x0000000100000000)
  region size 1024K, 14 young (14336K), 3 survivors (3072K)
 Metaspace       used 8501K, committed 8704K, reserved 1056768K
  class space    used 1117K, committed 1216K, reserved 1048576K

Heap Regions: E=young(eden), S=young(survivor), O=old, HS=humongous(starts), HC=humongous(continues), CS=collection set, F=free, OA=open archive, CA=closed archive, TAMS=top-at-mark-start (previous, next)
|   0|0x00000000fc000000, 0x00000000fc100000, 0x00000000fc100000|100%| O|  |TAMS 0x00000000fc000000, 0x00000000fc000000| Untracked 
|   1|0x00000000fc100000, 0x00000000fc200000, 0x00000000fc200000|100%| O|  |TAMS 0x00000000fc100000, 0x00000000fc100000| Untracked 
|   2|0x00000000fc200000, 0x00000000fc300000, 0x00000000fc300000|100%|HS|  |TAMS 0x00000000fc200000, 0x00000000fc200000| Complete 
|   3|0x00000000fc300000, 0x00000000fc400000, 0x00000000fc400000|100%|HC|  |TAMS 0x00000000fc300000, 0x00000000fc300000| Complete 
|   4|0x00000000fc400000, 0x00000000fc500000, 0x00000000fc500000|100%|HC|  |TAMS 0x00000000fc400000, 0x00000000fc400000| Complete 
|   5|0x00000000fc500000, 0x00000000fc600000, 0x00000000fc600000|100%|HC|  |TAMS 0x00000000fc500000, 0x00000000fc500000| Complete 
|   6|0x00000000fc600000, 0x00000000fc700000, 0x00000000fc700000|100%| O|  |TAMS 0x00000000fc600000, 0x00000000fc600000| Untracked 
|   7|0x00000000fc700000, 0x00000000fc79ca00, 0x00000000fc800000| 61%| O|  |TAMS 0x00000000fc700000, 0x00000000fc700000| Untracked 
|   8|0x00000000fc800000, 0x00000000fc800000, 0x00000000fc900000|  0%| F|  |TAMS 0x00000000fc800000, 0x00000000fc800000| Untracked 
|   9|0x00000000fc900000, 0x00000000fc900000, 0x00000000fca00000|  0%| F|  |TAMS 0x00000000fc900000, 0x00000000fc900000| Untracked 
|  10|0x00000000fca00000, 0x00000000fca00000, 0x00000000fcb00000|  0%| F|  |TAMS 0x00000000fca00000, 0x00000000fca00000| Untracked 
|  11|0x00000000fcb00000, 0x00000000fcb00000, 0x00000000fcc00000|  0%| F|  |TAMS 0x00000000fcb00000, 0x00000000fcb00000| Untracked 
|  12|0x00000000fcc00000, 0x00000000fcc00000, 0x00000000fcd00000|  0%| F|  |TAMS 0x00000000fcc00000, 0x00000000fcc00000| Untracked 
|  13|0x00000000fcd00000, 0x00000000fcd00000, 0x00000000fce00000|  0%| F|  |TAMS 0x00000000fcd00000, 0x00000000fcd00000| Untracked 
|  14|0x00000000fce00000, 0x00000000fce00000, 0x00000000fcf00000|  0%| F|  |TAMS 0x00000000fce00000, 0x00000000fce00000| Untracked 
|  15|0x00000000fcf00000, 0x00000000fcf00000, 0x00000000fd000000|  0%| F|  |TAMS 0x00000000fcf00000, 0x00000000fcf00000| Untracked 
|  16|0x00000000fd000000, 0x00000000fd000000, 0x00000000fd100000|  0%| F|  |TAMS 0x00000000fd000000, 0x00000000fd000000| Untracked 
|  17|0x00000000fd100000, 0x00000000fd100000, 0x00000000fd200000|  0%| F|  |TAMS 0x00000000fd100000, 0x00000000fd100000| Untracked 
|  18|0x00000000fd200000, 0x00000000fd200000, 0x00000000fd300000|  0%| F|  |TAMS 0x00000000fd200000, 0x00000000fd200000| Untracked 
|  19|0x00000000fd300000, 0x00000000fd300000, 0x00000000fd400000|  0%| F|  |TAMS 0x00000000fd300000, 0x00000000fd300000| Untracked 
|  20|0x00000000fd400000, 0x00000000fd400000, 0x00000000fd500000|  0%| F|  |TAMS 0x00000000fd400000, 0x00000000fd400000| Untracked 
|  21|0x00000000fd500000, 0x00000000fd500000, 0x00000000fd600000|  0%| F|  |TAMS 0x00000000fd500000, 0x00000000fd500000| Untracked 
|  22|0x00000000fd600000, 0x00000000fd600000, 0x00000000fd700000|  0%| F|  |TAMS 0x00000000fd600000, 0x00000000fd600000| Untracked 
|  23|0x00000000fd700000, 0x00000000fd700000, 0x00000000fd800000|  0%| F|  |TAMS 0x00000000fd700000, 0x00000000fd700000| Untracked 
|  24|0x00000000fd800000, 0x00000000fd800000, 0x00000000fd900000|  0%| F|  |TAMS 0x00000000fd800000, 0x00000000fd800000| Untracked 
|  25|0x00000000fd900000, 0x00000000fd900000, 0x00000000fda00000|  0%| F|  |TAMS 0x00000000fd900000, 0x00000000fd900000| Untracked 
|  26|0x00000000fda00000, 0x00000000fda00000, 0x00000000fdb00000|  0%| F|  |TAMS 0x00000000fda00000, 0x00000000fda00000| Untracked 
|  27|0x00000000fdb00000, 0x00000000fdb00000, 0x00000000fdc00000|  0%| F|  |TAMS 0x00000000fdb00000, 0x00000000fdb00000| Untracked 
|  28|0x00000000fdc00000, 0x00000000fdc00000, 0x00000000fdd00000|  0%| F|  |TAMS 0x00000000fdc00000, 0x00000000fdc00000| Untracked 
|  29|0x00000000fdd00000, 0x00000000fdd00000, 0x00000000fde00000|  0%| F|  |TAMS 0x00000000fdd00000, 0x00000000fdd00000| Untracked 
|  30|0x00000000fde00000, 0x00000000fde00000, 0x00000000fdf00000|  0%| F|  |TAMS 0x00000000fde00000, 0x00000000fde00000| Untracked 
|  31|0x00000000fdf00000, 0x00000000fdf00000, 0x00000000fe000000|  0%| F|  |TAMS 0x00000000fdf00000, 0x00000000fdf00000| Untracked 
|  32|0x00000000fe000000, 0x00000000fe000000, 0x00000000fe100000|  0%| F|  |TAMS 0x00000000fe000000, 0x00000000fe000000| Untracked 
|  33|0x00000000fe100000, 0x00000000fe100000, 0x00000000fe200000|  0%| F|  |TAMS 0x00000000fe100000, 0x00000000fe100000| Untracked 
|  34|0x00000000fe200000, 0x00000000fe200000, 0x00000000fe300000|  0%| F|  |TAMS 0x00000000fe200000, 0x00000000fe200000| Untracked 
|  35|0x00000000fe300000, 0x00000000fe300000, 0x00000000fe400000|  0%| F|  |TAMS 0x00000000fe300000, 0x00000000fe300000| Untracked 
|  36|0x00000000fe400000, 0x00000000fe400000, 0x00000000fe500000|  0%| F|  |TAMS 0x00000000fe400000, 0x00000000fe400000| Untracked 
|  37|0x00000000fe500000, 0x00000000fe500000, 0x00000000fe600000|  0%| F|  |TAMS 0x00000000fe500000, 0x00000000fe500000| Untracked 
|  38|0x00000000fe600000, 0x00000000fe600000, 0x00000000fe700000|  0%| F|  |TAMS 0x00000000fe600000, 0x00000000fe600000| Untracked 
|  39|0x00000000fe700000, 0x00000000fe700000, 0x00000000fe800000|  0%| F|  |TAMS 0x00000000fe700000, 0x00000000fe700000| Untracked 
|  40|0x00000000fe800000, 0x00000000fe800000, 0x00000000fe900000|  0%| F|  |TAMS 0x00000000fe800000, 0x00000000fe800000| Untracked 
|  41|0x00000000fe900000, 0x00000000fe900000, 0x00000000fea00000|  0%| F|  |TAMS 0x00000000fe900000, 0x00000000fe900000| Untracked 
|  42|0x00000000fea00000, 0x00000000fea00000, 0x00000000feb00000|  0%| F|  |TAMS 0x00000000fea00000, 0x00000000fea00000| Untracked 
|  43|0x00000000feb00000, 0x00000000feb00000, 0x00000000fec00000|  0%| F|  |TAMS 0x00000000feb00000, 0x00000000feb00000| Untracked 
|  44|0x00000000fec00000, 0x00000000fed00000, 0x00000000fed00000|100%| S|CS|TAMS 0x00000000fec00000, 0x00000000fec00000| Complete 
|  45|0x00000000fed00000, 0x00000000fee00000, 0x00000000fee00000|100%| S|CS|TAMS 0x00000000fed00000, 0x00000000fed00000| Complete 
|  46|0x00000000fee00000, 0x00000000fef00000, 0x00000000fef00000|100%| S|CS|TAMS 0x00000000fee00000, 0x00000000fee00000| Complete 
|  47|0x00000000fef00000, 0x00000000fef00000, 0x00000000ff000000|  0%| F|  |TAMS 0x00000000fef00000, 0x00000000fef00000| Untracked 
|  48|0x00000000ff000000, 0x00000000ff000000, 0x00000000ff100000|  0%| F|  |TAMS 0x00000000ff000000, 0x00000000ff000000| Untracked 
|  49|0x00000000ff100000, 0x00000000ff100000, 0x00000000ff200000|  0%| F|  |TAMS 0x00000000ff100000, 0x00000000ff100000| Untracked 
|  50|0x00000000ff200000, 0x00000000ff200000, 0x00000000ff300000|  0%| F|  |TAMS 0x00000000ff200000, 0x00000000ff200000| Untracked 
|  51|0x00000000ff300000, 0x00000000ff300000, 0x00000000ff400000|  0%| F|  |TAMS 0x00000000ff300000, 0x00000000ff300000| Untracked 
|  52|0x00000000ff400000, 0x00000000ff400000, 0x00000000ff500000|  0%| F|  |TAMS 0x00000000ff400000, 0x00000000ff400000| Untracked 
|  53|0x00000000ff500000, 0x00000000ff5b7350, 0x00000000ff600000| 71%| E|  |TAMS 0x00000000ff500000, 0x00000000ff500000| Complete 
|  54|0x00000000ff600000, 0x00000000ff700000, 0x00000000ff700000|100%| E|CS|TAMS 0x00000000ff600000, 0x00000000ff600000| Complete 
|  55|0x00000000ff700000, 0x00000000ff800000, 0x00000000ff800000|100%| E|CS|TAMS 0x00000000ff700000, 0x00000000ff700000| Complete 
|  56|0x00000000ff800000, 0x00000000ff900000, 0x00000000ff900000|100%| E|CS|TAMS 0x00000000ff800000, 0x00000000ff800000| Complete 
|  57|0x00000000ff900000, 0x00000000ffa00000, 0x00000000ffa00000|100%| E|CS|TAMS 0x00000000ff900000, 0x00000000ff900000| Complete 
|  58|0x00000000ffa00000, 0x00000000ffb00000, 0x00000000ffb00000|100%| E|CS|TAMS 0x00000000ffa00000, 0x00000000ffa00000| Complete 
|  59|0x00000000ffb00000, 0x00000000ffc00000, 0x00000000ffc00000|100%| E|CS|TAMS 0x00000000ffb00000, 0x00000000ffb00000| Complete 
|  60|0x00000000ffc00000, 0x00000000ffd00000, 0x00000000ffd00000|100%| E|CS|TAMS 0x00000000ffc00000, 0x00000000ffc00000| Complete 
|  61|0x00000000ffd00000, 0x00000000ffe00000, 0x00000000ffe00000|100%| E|CS|TAMS 0x00000000ffd00000, 0x00000000ffd00000| Complete 
|  62|0x00000000ffe00000, 0x00000000fff00000, 0x00000000fff00000|100%| E|CS|TAMS 0x00000000ffe00000, 0x00000000ffe00000| Complete 
|  63|0x00000000fff00000, 0x0000000100000000, 0x0000000100000000|100%| E|CS|TAMS 0x00000000fff00000, 0x00000000fff00000| Complete 

Card table byte_map: [0x000001fa6b770000,0x000001fa6b790000] _byte_map_base: 0x000001fa6af90000

Marking Bits (Prev, Next): (CMBitMap*) 0x000001fa6b8e24d0, (CMBitMap*) 0x000001fa6b8e2510
 Prev Bits: [0x000001fa75200000, 0x000001fa75300000)
 Next Bits: [0x000001fa75300000, 0x000001fa75400000)

Polling page: 0x000001fa6b720000

Metaspace:

Usage:
  Non-class:      7.21 MB used.
      Class:      1.09 MB used.
       Both:      8.30 MB used.

Virtual space:
  Non-class space:        8.00 MB reserved,       7.31 MB ( 91%) committed,  1 nodes.
      Class space:        1.00 GB reserved,       1.19 MB ( <1%) committed,  1 nodes.
             Both:        1.01 GB reserved,       8.50 MB ( <1%) committed. 

Chunk freelists:
   Non-Class:  449.00 KB
       Class:  2.70 MB
        Both:  3.14 MB

MaxMetaspaceSize: unlimited
CompressedClassSpaceSize: 1.00 GB
Initial GC threshold: 21.00 MB
Current GC threshold: 21.00 MB
CDS: on
MetaspaceReclaimPolicy: balanced
 - commit_granule_bytes: 65536.
 - commit_granule_words: 8192.
 - virtual_space_node_default_size: 1048576.
 - enlarge_chunks_in_place: 1.
 - new_chunks_are_fully_committed: 0.
 - uncommit_free_chunks: 1.
 - use_allocation_guard: 0.
 - handle_deallocations: 1.


Internal statistics:

num_allocs_failed_limit: 0.
num_arena_births: 78.
num_arena_deaths: 0.
num_vsnodes_births: 2.
num_vsnodes_deaths: 0.
num_space_committed: 136.
num_space_uncommitted: 0.
num_chunks_returned_to_freelist: 0.
num_chunks_taken_from_freelist: 289.
num_chunk_merges: 0.
num_chunk_splits: 195.
num_chunks_enlarged: 166.
num_purges: 0.
num_inconsistent_stats: 0.

CodeHeap 'non-profiled nmethods': size=120000Kb used=721Kb max_used=721Kb free=119278Kb
 bounds [0x000001fa07ad0000, 0x000001fa07d40000, 0x000001fa0f000000]
CodeHeap 'profiled nmethods': size=120000Kb used=3036Kb max_used=3036Kb free=116963Kb
 bounds [0x000001fa00000000, 0x000001fa00300000, 0x000001fa07530000]
CodeHeap 'non-nmethods': size=5760Kb used=1162Kb max_used=1231Kb free=4597Kb
 bounds [0x000001fa07530000, 0x000001fa077a0000, 0x000001fa07ad0000]
 total_blobs=2083 nmethods=1625 adapters=371
 compilation: enabled
              stopped_count=0, restarted_count=0
 full_count=0

Compilation events (20 events):
Event: 191.065 Thread 0x000001fa7795ce40 nmethod 1616 0x000001fa07b6f490 code [0x000001fa07b6f600, 0x000001fa07b6f698]
Event: 196.024 Thread 0x000001fa7795ce40 1617       4       java.util.ArrayList::fastRemove (44 bytes)
Event: 196.026 Thread 0x000001fa7795ce40 nmethod 1617 0x000001fa07b6f790 code [0x000001fa07b6f900, 0x000001fa07b6fad8]
Event: 196.029 Thread 0x000001fa7795ce40 1618       4       java.util.ArrayList::remove (26 bytes)
Event: 196.032 Thread 0x000001fa7795ce40 nmethod 1618 0x000001fa07b6fc10 code [0x000001fa07b6fda0, 0x000001fa07b6ffd8]
Event: 196.750 Thread 0x000001fa7795ce40 1619       4       org.gradle.internal.logging.console.AbstractUserInputRenderer::onOutput (70 bytes)
Event: 197.195 Thread 0x000001fa7795ce40 nmethod 1619 0x000001fa07b70190 code [0x000001fa07b70600, 0x000001fa07b77118]
Event: 197.195 Thread 0x000001fa7795ce40 1620       4       org.gradle.internal.logging.console.BuildLogLevelFilterRenderer::onOutput (53 bytes)
Event: 197.614 Thread 0x000001fa7795ce40 nmethod 1620 0x000001fa07b79810 code [0x000001fa07b79c60, 0x000001fa07b80678]
Event: 203.699 Thread 0x000001fa7795ce40 1621   !   4       org.gradle.internal.logging.console.ThrottlingOutputEventListener::onOutput (92 bytes)
Event: 203.713 Thread 0x000001fa7795ce40 nmethod 1621 0x000001fa07b82c90 code [0x000001fa07b82e80, 0x000001fa07b83938]
Event: 205.297 Thread 0x000001fa7795ce40 1622       4       java.util.concurrent.ThreadPoolExecutor::runStateAtLeast (11 bytes)
Event: 205.298 Thread 0x000001fa7795ce40 nmethod 1622 0x000001fa07b83f90 code [0x000001fa07b84100, 0x000001fa07b84178]
Event: 263.463 Thread 0x000001fa7795d8e0 1623       1       java.util.logging.Level::intValue (5 bytes)
Event: 263.463 Thread 0x000001fa7795d8e0 nmethod 1623 0x000001fa07b84290 code [0x000001fa07b84420, 0x000001fa07b844f8]
Event: 263.478 Thread 0x000001fa7795d8e0 1624       3       java.lang.System::checkKey (34 bytes)
Event: 263.479 Thread 0x000001fa7795d8e0 nmethod 1624 0x000001fa002f6110 code [0x000001fa002f62e0, 0x000001fa002f6698]
Event: 263.479 Thread 0x000001fa7795d8e0 1625       3       java.lang.System::getProperty (25 bytes)
Event: 263.479 Thread 0x000001fa7795d8e0 nmethod 1625 0x000001fa002f6810 code [0x000001fa002f6a20, 0x000001fa002f7138]
Event: 264.520 Thread 0x000001fa7795d8e0 1626   !   3       java.lang.Class::getEnumConstantsShared (71 bytes)

GC Heap History (4 events):
Event: 0.329 GC heap before
{Heap before GC invocations=0 (full 0):
 garbage-first heap   total 65536K, used 12288K [0x00000000fc000000, 0x0000000100000000)
  region size 1024K, 13 young (13312K), 0 survivors (0K)
 Metaspace       used 1778K, committed 1920K, reserved 1056768K
  class space    used 162K, committed 192K, reserved 1048576K
}
Event: 0.333 GC heap after
{Heap after GC invocations=1 (full 0):
 garbage-first heap   total 65536K, used 3544K [0x00000000fc000000, 0x0000000100000000)
  region size 1024K, 2 young (2048K), 2 survivors (2048K)
 Metaspace       used 1778K, committed 1920K, reserved 1056768K
  class space    used 162K, committed 192K, reserved 1048576K
}
Event: 0.728 GC heap before
{Heap before GC invocations=1 (full 0):
 garbage-first heap   total 65536K, used 21976K [0x00000000fc000000, 0x0000000100000000)
  region size 1024K, 17 young (17408K), 2 survivors (2048K)
 Metaspace       used 5417K, committed 5632K, reserved 1056768K
  class space    used 735K, committed 832K, reserved 1048576K
}
Event: 0.731 GC heap after
{Heap after GC invocations=2 (full 0):
 garbage-first heap   total 65536K, used 10866K [0x00000000fc000000, 0x0000000100000000)
  region size 1024K, 3 young (3072K), 3 survivors (3072K)
 Metaspace       used 5417K, committed 5632K, reserved 1056768K
  class space    used 735K, committed 832K, reserved 1048576K
}

Dll operation events (11 events):
Event: 0.008 Loaded shared library C:\Program Files\Eclipse Adoptium\jdk-17.0.6.10-hotspot\bin\java.dll
Event: 0.019 Loaded shared library C:\Program Files\Eclipse Adoptium\jdk-17.0.6.10-hotspot\bin\jsvml.dll
Event: 0.053 Loaded shared library C:\Program Files\Eclipse Adoptium\jdk-17.0.6.10-hotspot\bin\net.dll
Event: 0.054 Loaded shared library C:\Program Files\Eclipse Adoptium\jdk-17.0.6.10-hotspot\bin\nio.dll
Event: 0.057 Loaded shared library C:\Program Files\Eclipse Adoptium\jdk-17.0.6.10-hotspot\bin\zip.dll
Event: 0.264 Loaded shared library C:\Program Files\Eclipse Adoptium\jdk-17.0.6.10-hotspot\bin\jimage.dll
Event: 0.352 Loaded shared library C:\Program Files\Eclipse Adoptium\jdk-17.0.6.10-hotspot\bin\verify.dll
Event: 0.604 Loaded shared library C:\Users\songe\.gradle\native\68d5fa5c4cc2d200863cafc0d521ce42e7d3e7ee720ec0a83991735586a16f82\windows-amd64\native-platform.dll
Event: 0.717 Loaded shared library C:\Program Files\Eclipse Adoptium\jdk-17.0.6.10-hotspot\bin\management.dll
Event: 0.720 Loaded shared library C:\Program Files\Eclipse Adoptium\jdk-17.0.6.10-hotspot\bin\management_ext.dll
Event: 1.002 Loaded shared library C:\Program Files\Eclipse Adoptium\jdk-17.0.6.10-hotspot\bin\sunmscapi.dll

Deoptimization events (20 events):
Event: 0.847 Thread 0x000001fa6b8c0870 DEOPT PACKING pc=0x000001fa07b266a8 sp=0x00000066d44fb4b0
Event: 0.847 Thread 0x000001fa6b8c0870 DEOPT UNPACKING pc=0x000001fa075869a3 sp=0x00000066d44fb498 mode 2
Event: 0.957 Thread 0x000001fa6b8c0870 Uncommon trap: trap_request=0xffffff45 fr.pc=0x000001fa07b3dc88 relative=0x0000000000000088
Event: 0.957 Thread 0x000001fa6b8c0870 Uncommon trap: reason=unstable_if action=reinterpret pc=0x000001fa07b3dc88 method=java.lang.invoke.VarForm.getMemberName(I)Ljava/lang/invoke/MemberName; @ 8 c2
Event: 0.957 Thread 0x000001fa6b8c0870 DEOPT PACKING pc=0x000001fa07b3dc88 sp=0x00000066d44fb430
Event: 0.957 Thread 0x000001fa6b8c0870 DEOPT UNPACKING pc=0x000001fa075869a3 sp=0x00000066d44fb3c8 mode 2
Event: 0.969 Thread 0x000001fa6b8c0870 Uncommon trap: trap_request=0xffffff45 fr.pc=0x000001fa07b055a4 relative=0x0000000000000664
Event: 0.969 Thread 0x000001fa6b8c0870 Uncommon trap: reason=unstable_if action=reinterpret pc=0x000001fa07b055a4 method=java.lang.AbstractStringBuilder.append(Ljava/lang/String;)Ljava/lang/AbstractStringBuilder; @ 1 c2
Event: 0.969 Thread 0x000001fa6b8c0870 DEOPT PACKING pc=0x000001fa07b055a4 sp=0x00000066d44fc230
Event: 0.969 Thread 0x000001fa6b8c0870 DEOPT UNPACKING pc=0x000001fa075869a3 sp=0x00000066d44fc1b0 mode 2
Event: 0.969 Thread 0x000001fa6b8c0870 Uncommon trap: trap_request=0xffffff45 fr.pc=0x000001fa07b13124 relative=0x0000000000000664
Event: 0.969 Thread 0x000001fa6b8c0870 Uncommon trap: reason=unstable_if action=reinterpret pc=0x000001fa07b13124 method=java.lang.AbstractStringBuilder.append(Ljava/lang/String;)Ljava/lang/AbstractStringBuilder; @ 1 c2
Event: 0.969 Thread 0x000001fa6b8c0870 DEOPT PACKING pc=0x000001fa07b13124 sp=0x00000066d44fc1d0
Event: 0.969 Thread 0x000001fa6b8c0870 DEOPT UNPACKING pc=0x000001fa075869a3 sp=0x00000066d44fc1b8 mode 2
Event: 1.015 Thread 0x000001fa6b8c0870 Uncommon trap: trap_request=0xffffff45 fr.pc=0x000001fa07b3e994 relative=0x0000000000000254
Event: 1.015 Thread 0x000001fa6b8c0870 Uncommon trap: reason=unstable_if action=reinterpret pc=0x000001fa07b3e994 method=java.lang.invoke.VarForm.getMemberName(I)Ljava/lang/invoke/MemberName; @ 8 c2
Event: 1.015 Thread 0x000001fa6b8c0870 DEOPT PACKING pc=0x000001fa07b3e994 sp=0x00000066d44fc2a0
Event: 1.015 Thread 0x000001fa6b8c0870 DEOPT UNPACKING pc=0x000001fa075869a3 sp=0x00000066d44fc1f0 mode 2
Event: 39.197 Thread 0x000001fa6b8c0870 DEOPT PACKING pc=0x000001fa002571cd sp=0x00000066d44fbef0
Event: 39.197 Thread 0x000001fa6b8c0870 DEOPT UNPACKING pc=0x000001fa07587143 sp=0x00000066d44fb388 mode 0

Classes unloaded (0 events):
No events

Classes redefined (0 events):
No events

Internal exceptions (18 events):
Event: 0.138 Thread 0x000001fa6b8c0870 Exception <a 'java/lang/NoSuchMethodError'{0x00000000ffc548e8}: 'int java.lang.invoke.DirectMethodHandle$Holder.invokeStaticInit(java.lang.Object, java.lang.Object)'> (0x00000000ffc548e8) 
thrown [s\src\hotspot\share\interpreter\linkResolver.cpp, line 759]
Event: 0.528 Thread 0x000001fa6b8c0870 Exception <a 'java/lang/NoSuchMethodError'{0x00000000ff8a7500}: 'void java.lang.invoke.DirectMethodHandle$Holder.invokeStatic(java.lang.Object, java.lang.Object)'> (0x00000000ff8a7500) 
thrown [s\src\hotspot\share\interpreter\linkResolver.cpp, line 759]
Event: 0.550 Thread 0x000001fa6b8c0870 Exception <a 'java/lang/NoClassDefFoundError'{0x00000000ff72c808}: org/slf4j/impl/StaticMarkerBinder> (0x00000000ff72c808) 
thrown [s\src\hotspot\share\classfile\systemDictionary.cpp, line 245]
Event: 0.580 Thread 0x000001fa6b8c0870 Exception <a 'java/lang/NoSuchMethodError'{0x00000000ff7c8060}: 'java.lang.Object java.lang.invoke.DirectMethodHandle$Holder.invokeVirtual(java.lang.Object, java.lang.Object, java.lang.Object, java.lang.Object, java.lang.Object, java.lang.Object, java.lang.Object)'> (0x00000000ff7c8060) 
thrown [s\src\hotspot\share\interpreter\linkResolver.cpp, line 759]
Event: 0.584 Thread 0x000001fa6b8c0870 Exception <a 'java/lang/NoSuchMethodError'{0x00000000ff7d9c00}: 'java.lang.Object java.lang.invoke.Invokers$Holder.invoker(java.lang.Object, java.lang.Object, java.lang.Object)'> (0x00000000ff7d9c00) 
thrown [s\src\hotspot\share\interpreter\linkResolver.cpp, line 759]
Event: 0.585 Thread 0x000001fa6b8c0870 Exception <a 'java/lang/NoSuchMethodError'{0x00000000ff7e2f18}: 'java.lang.Object java.lang.invoke.DirectMethodHandle$Holder.invokeStatic(java.lang.Object, java.lang.Object, int)'> (0x00000000ff7e2f18) 
thrown [s\src\hotspot\share\interpreter\linkResolver.cpp, line 759]
Event: 0.587 Thread 0x000001fa6b8c0870 Exception <a 'java/lang/NoSuchMethodError'{0x00000000ff7eec08}: 'void java.lang.invoke.DelegatingMethodHandle$Holder.delegate(java.lang.Object, java.lang.Object, int, java.lang.Object)'> (0x00000000ff7eec08) 
thrown [s\src\hotspot\share\interpreter\linkResolver.cpp, line 759]
Event: 0.588 Thread 0x000001fa6b8c0870 Exception <a 'java/lang/NoSuchMethodError'{0x00000000ff7f2d50}: 'int java.lang.invoke.DirectMethodHandle$Holder.invokeSpecial(java.lang.Object, java.lang.Object, java.lang.Object)'> (0x00000000ff7f2d50) 
thrown [s\src\hotspot\share\interpreter\linkResolver.cpp, line 759]
Event: 0.592 Thread 0x000001fa6b8c0870 Exception <a 'java/lang/NoSuchMethodError'{0x00000000ff606330}: 'java.lang.Object java.lang.invoke.Invokers$Holder.invokeExact_MT(java.lang.Object, java.lang.Object, java.lang.Object, java.lang.Object)'> (0x00000000ff606330) 
thrown [s\src\hotspot\share\interpreter\linkResolver.cpp, line 759]
Event: 0.684 Thread 0x000001fa6b8c0870 Exception <a 'java/lang/NoSuchMethodError'{0x00000000ff027de8}: 'void java.lang.invoke.DirectMethodHandle$Holder.invokeSpecial(java.lang.Object, java.lang.Object, java.lang.Object)'> (0x00000000ff027de8) 
thrown [s\src\hotspot\share\interpreter\linkResolver.cpp, line 759]
Event: 0.697 Thread 0x000001fa6b8c0870 Implicit null exception at 0x000001fa07b1a20f to 0x000001fa07b1a77c
Event: 0.697 Thread 0x000001fa6b8c0870 Implicit null exception at 0x000001fa07b0cd8f to 0x000001fa07b0d2f8
Event: 0.715 Thread 0x000001fa6b8c0870 Exception <a 'java/lang/NoSuchMethodError'{0x00000000fefcc8a0}: 'java.lang.Object java.lang.invoke.DirectMethodHandle$Holder.invokeStaticInit(java.lang.Object)'> (0x00000000fefcc8a0) 
thrown [s\src\hotspot\share\interpreter\linkResolver.cpp, line 759]
Event: 0.805 Thread 0x000001fa6b8c0870 Exception <a 'java/lang/NoSuchMethodError'{0x00000000ffb275e0}: 'java.lang.Object java.lang.invoke.DirectMethodHandle$Holder.invokeStaticInit(java.lang.Object, int, int, int, int)'> (0x00000000ffb275e0) 
thrown [s\src\hotspot\share\interpreter\linkResolver.cpp, line 759]
Event: 0.859 Thread 0x000001fa6b8c0870 Exception <a 'java/lang/NoSuchMethodError'{0x00000000ffbc1c48}: 'java.lang.Object java.lang.invoke.DirectMethodHandle$Holder.invokeStaticInit(java.lang.Object, java.lang.Object, int, int, int, int)'> (0x00000000ffbc1c48) 
thrown [s\src\hotspot\share\interpreter\linkResolver.cpp, line 759]
Event: 0.955 Thread 0x000001fa6b8c0870 Exception <a 'java/lang/NoSuchMethodError'{0x00000000ffbeea90}: 'void java.lang.invoke.DirectMethodHandle$Holder.invokeStatic(java.lang.Object, java.lang.Object, java.lang.Object)'> (0x00000000ffbeea90) 
thrown [s\src\hotspot\share\interpreter\linkResolver.cpp, line 759]
Event: 0.969 Thread 0x000001fa6b8c0870 Implicit null exception at 0x000001fa07b04f72 to 0x000001fa07b0558c
Event: 0.969 Thread 0x000001fa6b8c0870 Implicit null exception at 0x000001fa07b12af2 to 0x000001fa07b1310c

VM Operations (20 events):
Event: 118.701 Executing VM operation: Cleanup
Event: 118.701 Executing VM operation: Cleanup done
Event: 132.836 Executing VM operation: Cleanup
Event: 132.836 Executing VM operation: Cleanup done
Event: 135.843 Executing VM operation: Cleanup
Event: 135.843 Executing VM operation: Cleanup done
Event: 141.913 Executing VM operation: Cleanup
Event: 141.913 Executing VM operation: Cleanup done
Event: 142.914 Executing VM operation: Cleanup
Event: 142.914 Executing VM operation: Cleanup done
Event: 185.187 Executing VM operation: Cleanup
Event: 185.187 Executing VM operation: Cleanup done
Event: 196.270 Executing VM operation: Cleanup
Event: 196.270 Executing VM operation: Cleanup done
Event: 198.290 Executing VM operation: Cleanup
Event: 198.290 Executing VM operation: Cleanup done
Event: 199.294 Executing VM operation: Cleanup
Event: 199.294 Executing VM operation: Cleanup done
Event: 204.315 Executing VM operation: Cleanup
Event: 204.315 Executing VM operation: Cleanup done

Events (20 events):
Event: 27.484 loading class jdk/internal/logger/LazyLoggers$1
Event: 27.484 loading class jdk/internal/logger/LazyLoggers$1 done
Event: 27.484 loading class jdk/internal/logger/LazyLoggers$LazyLoggerFactories
Event: 27.484 loading class jdk/internal/logger/LazyLoggers$LazyLoggerFactories done
Event: 27.485 loading class jdk/internal/logger/LoggerFinderLoader
Event: 27.485 loading class jdk/internal/logger/LoggerFinderLoader done
Event: 27.485 loading class sun/util/logging/internal/LoggingProviderImpl$JULWrapper
Event: 27.486 loading class sun/util/logging/PlatformLogger$ConfigurableBridge$LoggerConfiguration
Event: 27.486 loading class sun/util/logging/PlatformLogger$ConfigurableBridge$LoggerConfiguration done
Event: 27.486 loading class sun/util/logging/internal/LoggingProviderImpl$JULWrapper done
Event: 27.486 loading class java/io/ObjectInputFilter
Event: 27.486 loading class java/io/ObjectInputFilter done
Event: 27.487 loading class java/io/ObjectInputFilter$Config$BuiltinFilterFactory
Event: 27.487 loading class java/io/ObjectInputFilter$Config$BuiltinFilterFactory done
Event: 27.487 loading class jdk/internal/access/JavaObjectInputFilterAccess
Event: 27.487 loading class jdk/internal/access/JavaObjectInputFilterAccess done
Event: 27.487 loading class java/lang/System$Logger$Level
Event: 27.488 loading class java/lang/System$Logger$Level done
Event: 27.488 loading class java/io/Bits
Event: 27.488 loading class java/io/Bits done


Dynamic libraries:
0x00007ff7e0370000 - 0x00007ff7e037e000 	C:\Program Files\Eclipse Adoptium\jdk-17.0.6.10-hotspot\bin\java.exe
0x00007ffd5a750000 - 0x00007ffd5a948000 	C:\WINDOWS\SYSTEM32\ntdll.dll
0x00007ffd5a4b0000 - 0x00007ffd5a56f000 	C:\WINDOWS\System32\KERNEL32.DLL
0x00007ffd584b0000 - 0x00007ffd587a6000 	C:\WINDOWS\System32\KERNELBASE.dll
0x00007ffd58360000 - 0x00007ffd58460000 	C:\WINDOWS\System32\ucrtbase.dll
0x00007ffd47d40000 - 0x00007ffd47d57000 	C:\Program Files\Eclipse Adoptium\jdk-17.0.6.10-hotspot\bin\jli.dll
0x00007ffd47d60000 - 0x00007ffd47d79000 	C:\Program Files\Eclipse Adoptium\jdk-17.0.6.10-hotspot\bin\VCRUNTIME140.dll
0x00007ffd5a570000 - 0x00007ffd5a70d000 	C:\WINDOWS\System32\USER32.dll
0x00007ffd57ef0000 - 0x00007ffd57f12000 	C:\WINDOWS\System32\win32u.dll
0x00007ffd5a120000 - 0x00007ffd5a14c000 	C:\WINDOWS\System32\GDI32.dll
0x00007ffd44bc0000 - 0x00007ffd44e5a000 	C:\WINDOWS\WinSxS\amd64_microsoft.windows.common-controls_6595b64144ccf1df_6.0.19041.1110_none_60b5254171f9507e\COMCTL32.dll
0x00007ffd57f20000 - 0x00007ffd58035000 	C:\WINDOWS\System32\gdi32full.dll
0x00007ffd5a160000 - 0x00007ffd5a1fe000 	C:\WINDOWS\System32\msvcrt.dll
0x00007ffd58040000 - 0x00007ffd580dd000 	C:\WINDOWS\System32\msvcp_win.dll
0x00007ffd5a350000 - 0x00007ffd5a380000 	C:\WINDOWS\System32\IMM32.DLL
0x00007ffd51690000 - 0x00007ffd5169c000 	C:\Program Files\Eclipse Adoptium\jdk-17.0.6.10-hotspot\bin\vcruntime140_1.dll
0x00007ffd3a8a0000 - 0x00007ffd3a931000 	C:\Program Files\Eclipse Adoptium\jdk-17.0.6.10-hotspot\bin\msvcp140.dll
0x00007ffd06cf0000 - 0x00007ffd07937000 	C:\Program Files\Eclipse Adoptium\jdk-17.0.6.10-hotspot\bin\server\jvm.dll
0x00007ffd58810000 - 0x00007ffd588bf000 	C:\WINDOWS\System32\ADVAPI32.dll
0x00007ffd591d0000 - 0x00007ffd5926c000 	C:\WINDOWS\System32\sechost.dll
0x00007ffd59270000 - 0x00007ffd59396000 	C:\WINDOWS\System32\RPCRT4.dll
0x00007ffd40b90000 - 0x00007ffd40b99000 	C:\WINDOWS\SYSTEM32\WSOCK32.dll
0x00007ffd58bc0000 - 0x00007ffd58c2b000 	C:\WINDOWS\System32\WS2_32.dll
0x00007ffd45a70000 - 0x00007ffd45a97000 	C:\WINDOWS\SYSTEM32\WINMM.dll
0x00007ffd4e9e0000 - 0x00007ffd4e9ea000 	C:\WINDOWS\SYSTEM32\VERSION.dll
0x00007ffd56670000 - 0x00007ffd56682000 	C:\WINDOWS\SYSTEM32\kernel.appcore.dll
0x00007ffd51670000 - 0x00007ffd5167a000 	C:\Program Files\Eclipse Adoptium\jdk-17.0.6.10-hotspot\bin\jimage.dll
0x00007ffd55ba0000 - 0x00007ffd55d84000 	C:\WINDOWS\SYSTEM32\DBGHELP.DLL
0x00007ffd3bb60000 - 0x00007ffd3bb94000 	C:\WINDOWS\SYSTEM32\dbgcore.DLL
0x00007ffd57e60000 - 0x00007ffd57ee2000 	C:\WINDOWS\System32\bcryptPrimitives.dll
0x00007ffd47c50000 - 0x00007ffd47c75000 	C:\Program Files\Eclipse Adoptium\jdk-17.0.6.10-hotspot\bin\java.dll
0x00007ffd3a7c0000 - 0x00007ffd3a896000 	C:\Program Files\Eclipse Adoptium\jdk-17.0.6.10-hotspot\bin\jsvml.dll
0x00007ffd599c0000 - 0x00007ffd5a104000 	C:\WINDOWS\System32\SHELL32.dll
0x00007ffd55db0000 - 0x00007ffd56543000 	C:\WINDOWS\SYSTEM32\windows.storage.dll
0x00007ffd59450000 - 0x00007ffd597a4000 	C:\WINDOWS\System32\combase.dll
0x00007ffd57870000 - 0x00007ffd5789e000 	C:\WINDOWS\SYSTEM32\Wldp.dll
0x00007ffd5a280000 - 0x00007ffd5a32d000 	C:\WINDOWS\System32\SHCORE.dll
0x00007ffd588c0000 - 0x00007ffd58915000 	C:\WINDOWS\System32\shlwapi.dll
0x00007ffd57d60000 - 0x00007ffd57d85000 	C:\WINDOWS\SYSTEM32\profapi.dll
0x00007ffd47d20000 - 0x00007ffd47d39000 	C:\Program Files\Eclipse Adoptium\jdk-17.0.6.10-hotspot\bin\net.dll
0x00007ffd4c530000 - 0x00007ffd4c63a000 	C:\WINDOWS\SYSTEM32\WINHTTP.dll
0x00007ffd575d0000 - 0x00007ffd5763a000 	C:\WINDOWS\system32\mswsock.dll
0x00007ffd47c00000 - 0x00007ffd47c15000 	C:\Program Files\Eclipse Adoptium\jdk-17.0.6.10-hotspot\bin\nio.dll
0x00007ffd47be0000 - 0x00007ffd47bf8000 	C:\Program Files\Eclipse Adoptium\jdk-17.0.6.10-hotspot\bin\zip.dll
0x00007ffd50cb0000 - 0x00007ffd50cc0000 	C:\Program Files\Eclipse Adoptium\jdk-17.0.6.10-hotspot\bin\verify.dll
0x00007ffd47bb0000 - 0x00007ffd47bd7000 	C:\Users\songe\.gradle\native\68d5fa5c4cc2d200863cafc0d521ce42e7d3e7ee720ec0a83991735586a16f82\windows-amd64\native-platform.dll
0x00007ffd47a40000 - 0x00007ffd47a49000 	C:\Program Files\Eclipse Adoptium\jdk-17.0.6.10-hotspot\bin\management.dll
0x00007ffd44ff0000 - 0x00007ffd44ffb000 	C:\Program Files\Eclipse Adoptium\jdk-17.0.6.10-hotspot\bin\management_ext.dll
0x00007ffd5a110000 - 0x00007ffd5a118000 	C:\WINDOWS\System32\PSAPI.DLL
0x00007ffd577d0000 - 0x00007ffd577e8000 	C:\WINDOWS\SYSTEM32\CRYPTSP.dll
0x00007ffd56e70000 - 0x00007ffd56ea4000 	C:\WINDOWS\system32\rsaenh.dll
0x00007ffd57e30000 - 0x00007ffd57e57000 	C:\WINDOWS\System32\bcrypt.dll
0x00007ffd57d20000 - 0x00007ffd57d4e000 	C:\WINDOWS\SYSTEM32\USERENV.dll
0x00007ffd577c0000 - 0x00007ffd577cc000 	C:\WINDOWS\SYSTEM32\CRYPTBASE.dll
0x00007ffd57270000 - 0x00007ffd572ab000 	C:\WINDOWS\SYSTEM32\IPHLPAPI.DLL
0x00007ffd5a150000 - 0x00007ffd5a158000 	C:\WINDOWS\System32\NSI.dll
0x00007ffd4e510000 - 0x00007ffd4e527000 	C:\WINDOWS\SYSTEM32\dhcpcsvc6.DLL
0x00007ffd4ea80000 - 0x00007ffd4ea9d000 	C:\WINDOWS\SYSTEM32\dhcpcsvc.DLL
0x00007ffd572b0000 - 0x00007ffd5737a000 	C:\WINDOWS\SYSTEM32\DNSAPI.dll
0x00007ffd423c0000 - 0x00007ffd423ce000 	C:\Program Files\Eclipse Adoptium\jdk-17.0.6.10-hotspot\bin\sunmscapi.dll
0x00007ffd580e0000 - 0x00007ffd5823e000 	C:\WINDOWS\System32\CRYPT32.dll
0x00007ffd578e0000 - 0x00007ffd57908000 	C:\WINDOWS\SYSTEM32\ncrypt.dll
0x00007ffd578a0000 - 0x00007ffd578db000 	C:\WINDOWS\SYSTEM32\NTASN1.dll
0x00007ffd52080000 - 0x00007ffd52087000 	C:\WINDOWS\system32\wshunix.dll

dbghelp: loaded successfully - version: 4.0.5 - missing functions: none
symbol engine: initialized successfully - sym options: 0x614 - pdb path: .;C:\Program Files\Eclipse Adoptium\jdk-17.0.6.10-hotspot\bin;C:\WINDOWS\SYSTEM32;C:\WINDOWS\WinSxS\amd64_microsoft.windows.common-controls_6595b64144ccf1df_6.0.19041.1110_none_60b5254171f9507e;C:\Program Files\Eclipse Adoptium\jdk-17.0.6.10-hotspot\bin\server;C:\Users\songe\.gradle\native\68d5fa5c4cc2d200863cafc0d521ce42e7d3e7ee720ec0a83991735586a16f82\windows-amd64

VM Arguments:
jvm_args: -Xmx64m -Xms64m -Dorg.gradle.appname=gradlew 
java_command: org.gradle.wrapper.GradleWrapperMain app:installDebug -PreactNativeDevServerPort=8081
java_class_path (initial): C:\Users\songe\source\repos\InventoTrack\android\\gradle\wrapper\gradle-wrapper.jar
Launcher Type: SUN_STANDARD

[Global flags]
     intx CICompilerCount                          = 3                                         {product} {ergonomic}
     uint ConcGCThreads                            = 1                                         {product} {ergonomic}
     uint G1ConcRefinementThreads                  = 4                                         {product} {ergonomic}
   size_t G1HeapRegionSize                         = 1048576                                   {product} {ergonomic}
    uintx GCDrainStackTargetSize                   = 64                                        {product} {ergonomic}
   size_t InitialHeapSize                          = 67108864                                  {product} {command line}
   size_t MarkStackSize                            = 4194304                                   {product} {ergonomic}
   size_t MaxHeapSize                              = 67108864                                  {product} {command line}
   size_t MaxNewSize                               = 39845888                                  {product} {ergonomic}
   size_t MinHeapDeltaBytes                        = 1048576                                   {product} {ergonomic}
   size_t MinHeapSize                              = 67108864                                  {product} {command line}
    uintx NonNMethodCodeHeapSize                   = 5832780                                {pd product} {ergonomic}
    uintx NonProfiledCodeHeapSize                  = 122912730                              {pd product} {ergonomic}
    uintx ProfiledCodeHeapSize                     = 122912730                              {pd product} {ergonomic}
    uintx ReservedCodeCacheSize                    = 251658240                              {pd product} {ergonomic}
     bool SegmentedCodeCache                       = true                                      {product} {ergonomic}
   size_t SoftMaxHeapSize                          = 67108864                               {manageable} {ergonomic}
     bool UseCompressedClassPointers               = true                           {product lp64_product} {ergonomic}
     bool UseCompressedOops                        = true                           {product lp64_product} {ergonomic}
     bool UseG1GC                                  = true                                      {product} {ergonomic}
     bool UseLargePagesIndividualAllocation        = false                                  {pd product} {ergonomic}

Logging:
Log output configuration:
 #0: stdout all=warning uptime,level,tags
 #1: stderr all=off uptime,level,tags

Environment Variables:
JAVA_HOME=C:\Program Files\Eclipse Adoptium\jdk-17.0.6.10-hotspot
CLASSPATH=C:\Users\songe\source\repos\InventoTrack\android\\gradle\wrapper\gradle-wrapper.jar
PATH=C:\Users\songe\source\repos\InventoTrack\node_modules\.bin;C:\Users\songe\source\repos\InventoTrack\node_modules\.bin;C:\Users\songe\source\repos\node_modules\.bin;C:\Users\songe\source\node_modules\.bin;C:\Users\songe\node_modules\.bin;C:\Users\node_modules\.bin;C:\node_modules\.bin;C:\Program Files\nodejs\node_modules\npm\node_modules\@npmcli\run-script\lib\node-gyp-bin;C:\Users\songe\source\repos\InventoTrack\node_modules\.bin;C:\Users\songe\source\repos\node_modules\.bin;C:\Users\songe\source\node_modules\.bin;C:\Users\songe\node_modules\.bin;C:\Users\node_modules\.bin;C:\node_modules\.bin;C:\Program Files\nodejs\node_modules\npm\node_modules\@npmcli\run-script\lib\node-gyp-bin;C:\Users\songe\source\repos\InventoTrack\node_modules\.bin;C:\Users\songe\source\repos\node_modules\.bin;C:\Users\songe\source\node_modules\.bin;C:\Users\songe\node_modules\.bin;C:\Users\node_modules\.bin;C:\node_modules\.bin;C:\Program Files\nodejs\node_modules\npm\node_modules\@npmcli\run-script\lib\node-gyp-bin;C:\Program Files\Eclipse Adoptium\jdk-17.0.6.10-hotspot\bin;C:\Program Files (x86)\Intel\Intel(R) Management Engine Components\iCLS\;C:\Program Files\Intel\Intel(R) Management Engine Components\iCLS\;C:\Windows\system32;C:\Windows;C:\Windows\System32\Wbem;C:\Windows\System32\WindowsPowerShell\v1.0\;C:\Program Files (x86)\NVIDIA Corporation\PhysX\Common;C:\Program Files (x86)\Intel\Intel(R) Management Engine Components\DAL;C:\Program Files\Intel\Intel(R) Management Engine Components\DAL;C:\Program Files (x86)\Intel\Intel(R) Management Engine Components\IPT;C:\Program Files\Intel\Intel(R) Management Engine Components\IPT;C:\Program Files\Intel\WiFi\bin\;C:\Program Files\Common Files\Intel\WirelessCommon\;C:\WINDOWS\system32;C:\WINDOWS;C:\WINDOWS\System32\Wbem;C:\WINDOWS\System32\WindowsPowerShell\v1.0\;C:\WINDOWS\System32\OpenSSH\;C:\Program Files\Microsoft SQL Server\150\Tools\Binn\;C:\Program Files\Microsoft SQL Server\Client SDK\ODBC\170\Tools\Binn\;C:\Program Files\dotnet\;C
USERNAME=songe
LANG=en_US.UTF-8
OS=Windows_NT
PROCESSOR_IDENTIFIER=Intel64 Family 6 Model 142 Stepping 9, GenuineIntel
TMP=C:\Users\songe\AppData\Local\Temp
TEMP=C:\Users\songe\AppData\Local\Temp



---------------  S Y S T E M  ---------------

OS:
 Windows 10 , 64 bit Build 19041 (10.0.19041.3155)
OS uptime: 0 days 0:21 hours

CPU: total 4 (initial active 4) (2 cores per cpu, 2 threads per core) family 6 model 142 stepping 9 microcode 0xf0, cx8, cmov, fxsr, ht, mmx, 3dnowpref, sse, sse2, sse3, ssse3, sse4.1, sse4.2, popcnt, lzcnt, tsc, tscinvbit, avx, avx2, aes, erms, clmul, bmi1, bmi2, adx, fma, vzeroupper, clflush, clflushopt

Memory: 4k page, system-wide physical 8089M (97M free)
TotalPageFile size 11089M (AvailPageFile size 0M)
current process WorkingSet (physical memory assigned to process): 79M, peak: 99M
current process commit charge ("private bytes"): 152M, peak: 173M

vm_info: OpenJDK 64-Bit Server VM (17.0.6+10) for windows-amd64 JRE (17.0.6+10), built on Jan 18 2023 10:08:59 by "temurin" with MS VC++ 16.7 (VS2019)

END.
