#
# There is insufficient memory for the Java Runtime Environment to continue.
# Native memory allocation (malloc) failed to allocate 32744 bytes for ChunkPool::allocate
# Possible reasons:
#   The system is out of physical RAM or swap space
#   The process is running with CompressedOops enabled, and the Java Heap may be blocking the growth of the native heap
# Possible solutions:
#   Reduce memory load on the system
#   Increase physical memory or swap space
#   Check if swap backing store is full
#   Decrease Java heap size (-Xmx/-Xms)
#   Decrease number of Java threads
#   Decrease Java thread stack sizes (-Xss)
#   Set larger code cache with -XX:ReservedCodeCacheSize=
#   JVM is running with Unscaled Compressed Oops mode in which the Java heap is
#     placed in the first 4GB address space. The Java Heap base address is the
#     maximum limit for the native heap growth. Please use -XX:HeapBaseMinAddress
#     to set the Java Heap base and to place the Java Heap above 4GB virtual address.
# This output file may be truncated or incomplete.
#
#  Out of Memory Error (arena.cpp:78), pid=12268, tid=18800
#
# JRE version: OpenJDK Runtime Environment Temurin-17.0.6+10 (17.0.6+10) (build 17.0.6+10)
# Java VM: OpenJDK 64-Bit Server VM Temurin-17.0.6+10 (17.0.6+10, mixed mode, sharing, tiered, compressed oops, compressed class ptrs, g1 gc, windows-amd64)
# No core dump will be written. Minidumps are not enabled by default on client versions of Windows
#

---------------  S U M M A R Y ------------

Command Line: org.jetbrains.kotlin.cli.jvm.K2JVMCompiler @C:\Users\songe\Development\react-native\proficient\node_modules\react-native-pager-view\android\build\20230712_10390646443954776629.compiler.options

Host: Intel(R) Core(TM) i7-7500U CPU @ 2.70GHz, 4 cores, 7G,  Windows 10 , 64 bit Build 19041 (10.0.19041.3155)
Time: Wed Jul 12 16:50:52 2023 South Africa Standard Time elapsed time: 0.223631 seconds (0d 0h 0m 0s)

---------------  T H R E A D  ---------------

Current thread (0x00000257103b74d0):  JavaThread "main" [_thread_in_vm, id=18800, stack(0x0000007a7f500000,0x0000007a7f600000)]

Stack: [0x0000007a7f500000,0x0000007a7f600000]
Native frames: (J=compiled Java code, j=interpreted, Vv=VM code, C=native code)
V  [jvm.dll+0x67741a]
V  [jvm.dll+0x834434]
V  [jvm.dll+0x835bde]
V  [jvm.dll+0x836243]
V  [jvm.dll+0x2457b5]
V  [jvm.dll+0xabd1c]
V  [jvm.dll+0xac0cc]
V  [jvm.dll+0x63f007]
V  [jvm.dll+0x411f00]
C  [java.dll+0x3d6f]

Java frames: (J=compiled Java code, j=interpreted, Vv=VM code)
j  java.lang.Module.defineModule0(Ljava/lang/Module;ZLjava/lang/String;Ljava/lang/String;[Ljava/lang/Object;)V+0 java.base@17.0.6
j  java.lang.Module.<init>(Ljava/lang/ModuleLayer;Ljava/lang/ClassLoader;Ljava/lang/module/ModuleDescriptor;Ljava/net/URI;)V+97 java.base@17.0.6
j  java.lang.Module.defineModules(Ljava/lang/module/Configuration;Ljava/util/function/Function;Ljava/lang/ModuleLayer;)Ljava/util/Map;+286 java.base@17.0.6
j  java.lang.ModuleLayer.<init>(Ljava/lang/module/Configuration;Ljava/util/List;Ljava/util/function/Function;)V+34 java.base@17.0.6
j  java.lang.ModuleLayer.defineModules(Ljava/lang/module/Configuration;Ljava/util/List;Ljava/util/function/Function;)Ljava/lang/ModuleLayer$Controller;+36 java.base@17.0.6
j  java.lang.ModuleLayer.defineModules(Ljava/lang/module/Configuration;Ljava/util/function/Function;)Ljava/lang/ModuleLayer;+6 java.base@17.0.6
j  jdk.internal.module.ModuleBootstrap.boot2()Ljava/lang/ModuleLayer;+1207 java.base@17.0.6
j  jdk.internal.module.ModuleBootstrap.boot()Ljava/lang/ModuleLayer;+64 java.base@17.0.6
j  java.lang.System.initPhase2(ZZ)I+0 java.base@17.0.6
v  ~StubRoutines::call_stub

---------------  P R O C E S S  ---------------

Threads class SMR info:
_java_thread_list=0x000002572de9be30, length=10, elements={
0x00000257103b74d0, 0x000002572de88860, 0x000002572de896d0, 0x000002572dea13d0,
0x000002572dea1e90, 0x000002572dea4950, 0x000002572dea5300, 0x000002572dea5fe0,
0x000002572dea8de0, 0x000002572df0ee90
}

Java Threads: ( => current thread )
=>0x00000257103b74d0 JavaThread "main" [_thread_in_vm, id=18800, stack(0x0000007a7f500000,0x0000007a7f600000)]
  0x000002572de88860 JavaThread "Reference Handler" daemon [_thread_blocked, id=12984, stack(0x0000007a7fd00000,0x0000007a7fe00000)]
  0x000002572de896d0 JavaThread "Finalizer" daemon [_thread_blocked, id=15700, stack(0x0000007a7fe00000,0x0000007a7ff00000)]
  0x000002572dea13d0 JavaThread "Signal Dispatcher" daemon [_thread_blocked, id=13160, stack(0x0000007a7ff00000,0x0000007a80000000)]
  0x000002572dea1e90 JavaThread "Attach Listener" daemon [_thread_blocked, id=5744, stack(0x0000007a00000000,0x0000007a00100000)]
  0x000002572dea4950 JavaThread "Service Thread" daemon [_thread_blocked, id=6672, stack(0x0000007a00100000,0x0000007a00200000)]
  0x000002572dea5300 JavaThread "Monitor Deflation Thread" daemon [_thread_blocked, id=4976, stack(0x0000007a00200000,0x0000007a00300000)]
  0x000002572dea5fe0 JavaThread "C2 CompilerThread0" daemon [_thread_blocked, id=16636, stack(0x0000007a00300000,0x0000007a00400000)]
  0x000002572dea8de0 JavaThread "C1 CompilerThread0" daemon [_thread_blocked, id=6768, stack(0x0000007a00400000,0x0000007a00500000)]
  0x000002572df0ee90 JavaThread "Sweeper thread" daemon [_thread_blocked, id=4492, stack(0x0000007a00500000,0x0000007a00600000)]

Other Threads:
  0x000002572de817f0 VMThread "VM Thread" [stack: 0x0000007a7fc00000,0x0000007a7fd00000] [id=17332]
  0x0000025710412bd0 GCTaskThread "GC Thread#0" [stack: 0x0000007a7f700000,0x0000007a7f800000] [id=12428]
  0x0000025710423810 ConcurrentGCThread "G1 Main Marker" [stack: 0x0000007a7f800000,0x0000007a7f900000] [id=17932]
  0x0000025710424230 ConcurrentGCThread "G1 Conc#0" [stack: 0x0000007a7f900000,0x0000007a7fa00000] [id=10244]
  0x000002572dd420b0 ConcurrentGCThread "G1 Refine#0" [stack: 0x0000007a7fa00000,0x0000007a7fb00000] [id=19104]
  0x000002572dd42ad0 ConcurrentGCThread "G1 Service" [stack: 0x0000007a7fb00000,0x0000007a7fc00000] [id=16864]

Threads with active compile tasks:

VM state: not at safepoint (normal execution)

VM Mutex/Monitor currently owned by a thread: None

Heap address: 0x0000000081800000, size: 2024 MB, Compressed Oops mode: 32-bit

CDS archive(s) mapped at: [0x0000000800000000-0x0000000800bc0000-0x0000000800bc0000), size 12320768, SharedBaseAddress: 0x0000000800000000, ArchiveRelocationMode: 0.
Compressed class space mapped at: 0x0000000800c00000-0x0000000840c00000, reserved size: 1073741824
Narrow klass base: 0x0000000800000000, Narrow klass shift: 0, Narrow klass range: 0x100000000

GC Precious Log:
 CPUs: 4 total, 4 available
 Memory: 8089M
 Large Page Support: Disabled
 NUMA Support: Disabled
 Compressed Oops: Enabled (32-bit)
 Heap Region Size: 1M
 Heap Min Capacity: 8M
 Heap Initial Capacity: 128M
 Heap Max Capacity: 2024M
 Pre-touch: Disabled
 Parallel Workers: 4
 Concurrent Workers: 1
 Concurrent Refinement Workers: 4
 Periodic GC: Disabled

Heap:
 garbage-first heap   total 131072K, used 0K [0x0000000081800000, 0x0000000100000000)
  region size 1024K, 1 young (1024K), 0 survivors (0K)
 Metaspace       used 86K, committed 192K, reserved 1056768K
  class space    used 1K, committed 64K, reserved 1048576K

Heap Regions: E=young(eden), S=young(survivor), O=old, HS=humongous(starts), HC=humongous(continues), CS=collection set, F=free, OA=open archive, CA=closed archive, TAMS=top-at-mark-start (previous, next)
|   0|0x0000000081800000, 0x0000000081800000, 0x0000000081900000|  0%| F|  |TAMS 0x0000000081800000, 0x0000000081800000| Untracked 
|   1|0x0000000081900000, 0x0000000081900000, 0x0000000081a00000|  0%| F|  |TAMS 0x0000000081900000, 0x0000000081900000| Untracked 
|   2|0x0000000081a00000, 0x0000000081a00000, 0x0000000081b00000|  0%| F|  |TAMS 0x0000000081a00000, 0x0000000081a00000| Untracked 
|   3|0x0000000081b00000, 0x0000000081b00000, 0x0000000081c00000|  0%| F|  |TAMS 0x0000000081b00000, 0x0000000081b00000| Untracked 
|   4|0x0000000081c00000, 0x0000000081c00000, 0x0000000081d00000|  0%| F|  |TAMS 0x0000000081c00000, 0x0000000081c00000| Untracked 
|   5|0x0000000081d00000, 0x0000000081d00000, 0x0000000081e00000|  0%| F|  |TAMS 0x0000000081d00000, 0x0000000081d00000| Untracked 
|   6|0x0000000081e00000, 0x0000000081e00000, 0x0000000081f00000|  0%| F|  |TAMS 0x0000000081e00000, 0x0000000081e00000| Untracked 
|   7|0x0000000081f00000, 0x0000000081f00000, 0x0000000082000000|  0%| F|  |TAMS 0x0000000081f00000, 0x0000000081f00000| Untracked 
|   8|0x0000000082000000, 0x0000000082000000, 0x0000000082100000|  0%| F|  |TAMS 0x0000000082000000, 0x0000000082000000| Untracked 
|   9|0x0000000082100000, 0x0000000082100000, 0x0000000082200000|  0%| F|  |TAMS 0x0000000082100000, 0x0000000082100000| Untracked 
|  10|0x0000000082200000, 0x0000000082200000, 0x0000000082300000|  0%| F|  |TAMS 0x0000000082200000, 0x0000000082200000| Untracked 
|  11|0x0000000082300000, 0x0000000082300000, 0x0000000082400000|  0%| F|  |TAMS 0x0000000082300000, 0x0000000082300000| Untracked 
|  12|0x0000000082400000, 0x0000000082400000, 0x0000000082500000|  0%| F|  |TAMS 0x0000000082400000, 0x0000000082400000| Untracked 
|  13|0x0000000082500000, 0x0000000082500000, 0x0000000082600000|  0%| F|  |TAMS 0x0000000082500000, 0x0000000082500000| Untracked 
|  14|0x0000000082600000, 0x0000000082600000, 0x0000000082700000|  0%| F|  |TAMS 0x0000000082600000, 0x0000000082600000| Untracked 
|  15|0x0000000082700000, 0x0000000082700000, 0x0000000082800000|  0%| F|  |TAMS 0x0000000082700000, 0x0000000082700000| Untracked 
|  16|0x0000000082800000, 0x0000000082800000, 0x0000000082900000|  0%| F|  |TAMS 0x0000000082800000, 0x0000000082800000| Untracked 
|  17|0x0000000082900000, 0x0000000082900000, 0x0000000082a00000|  0%| F|  |TAMS 0x0000000082900000, 0x0000000082900000| Untracked 
|  18|0x0000000082a00000, 0x0000000082a00000, 0x0000000082b00000|  0%| F|  |TAMS 0x0000000082a00000, 0x0000000082a00000| Untracked 
|  19|0x0000000082b00000, 0x0000000082b00000, 0x0000000082c00000|  0%| F|  |TAMS 0x0000000082b00000, 0x0000000082b00000| Untracked 
|  20|0x0000000082c00000, 0x0000000082c00000, 0x0000000082d00000|  0%| F|  |TAMS 0x0000000082c00000, 0x0000000082c00000| Untracked 
|  21|0x0000000082d00000, 0x0000000082d00000, 0x0000000082e00000|  0%| F|  |TAMS 0x0000000082d00000, 0x0000000082d00000| Untracked 
|  22|0x0000000082e00000, 0x0000000082e00000, 0x0000000082f00000|  0%| F|  |TAMS 0x0000000082e00000, 0x0000000082e00000| Untracked 
|  23|0x0000000082f00000, 0x0000000082f00000, 0x0000000083000000|  0%| F|  |TAMS 0x0000000082f00000, 0x0000000082f00000| Untracked 
|  24|0x0000000083000000, 0x0000000083000000, 0x0000000083100000|  0%| F|  |TAMS 0x0000000083000000, 0x0000000083000000| Untracked 
|  25|0x0000000083100000, 0x0000000083100000, 0x0000000083200000|  0%| F|  |TAMS 0x0000000083100000, 0x0000000083100000| Untracked 
|  26|0x0000000083200000, 0x0000000083200000, 0x0000000083300000|  0%| F|  |TAMS 0x0000000083200000, 0x0000000083200000| Untracked 
|  27|0x0000000083300000, 0x0000000083300000, 0x0000000083400000|  0%| F|  |TAMS 0x0000000083300000, 0x0000000083300000| Untracked 
|  28|0x0000000083400000, 0x0000000083400000, 0x0000000083500000|  0%| F|  |TAMS 0x0000000083400000, 0x0000000083400000| Untracked 
|  29|0x0000000083500000, 0x0000000083500000, 0x0000000083600000|  0%| F|  |TAMS 0x0000000083500000, 0x0000000083500000| Untracked 
|  30|0x0000000083600000, 0x0000000083600000, 0x0000000083700000|  0%| F|  |TAMS 0x0000000083600000, 0x0000000083600000| Untracked 
|  31|0x0000000083700000, 0x0000000083700000, 0x0000000083800000|  0%| F|  |TAMS 0x0000000083700000, 0x0000000083700000| Untracked 
|  32|0x0000000083800000, 0x0000000083800000, 0x0000000083900000|  0%| F|  |TAMS 0x0000000083800000, 0x0000000083800000| Untracked 
|  33|0x0000000083900000, 0x0000000083900000, 0x0000000083a00000|  0%| F|  |TAMS 0x0000000083900000, 0x0000000083900000| Untracked 
|  34|0x0000000083a00000, 0x0000000083a00000, 0x0000000083b00000|  0%| F|  |TAMS 0x0000000083a00000, 0x0000000083a00000| Untracked 
|  35|0x0000000083b00000, 0x0000000083b00000, 0x0000000083c00000|  0%| F|  |TAMS 0x0000000083b00000, 0x0000000083b00000| Untracked 
|  36|0x0000000083c00000, 0x0000000083c00000, 0x0000000083d00000|  0%| F|  |TAMS 0x0000000083c00000, 0x0000000083c00000| Untracked 
|  37|0x0000000083d00000, 0x0000000083d00000, 0x0000000083e00000|  0%| F|  |TAMS 0x0000000083d00000, 0x0000000083d00000| Untracked 
|  38|0x0000000083e00000, 0x0000000083e00000, 0x0000000083f00000|  0%| F|  |TAMS 0x0000000083e00000, 0x0000000083e00000| Untracked 
|  39|0x0000000083f00000, 0x0000000083f00000, 0x0000000084000000|  0%| F|  |TAMS 0x0000000083f00000, 0x0000000083f00000| Untracked 
|  40|0x0000000084000000, 0x0000000084000000, 0x0000000084100000|  0%| F|  |TAMS 0x0000000084000000, 0x0000000084000000| Untracked 
|  41|0x0000000084100000, 0x0000000084100000, 0x0000000084200000|  0%| F|  |TAMS 0x0000000084100000, 0x0000000084100000| Untracked 
|  42|0x0000000084200000, 0x0000000084200000, 0x0000000084300000|  0%| F|  |TAMS 0x0000000084200000, 0x0000000084200000| Untracked 
|  43|0x0000000084300000, 0x0000000084300000, 0x0000000084400000|  0%| F|  |TAMS 0x0000000084300000, 0x0000000084300000| Untracked 
|  44|0x0000000084400000, 0x0000000084400000, 0x0000000084500000|  0%| F|  |TAMS 0x0000000084400000, 0x0000000084400000| Untracked 
|  45|0x0000000084500000, 0x0000000084500000, 0x0000000084600000|  0%| F|  |TAMS 0x0000000084500000, 0x0000000084500000| Untracked 
|  46|0x0000000084600000, 0x0000000084600000, 0x0000000084700000|  0%| F|  |TAMS 0x0000000084600000, 0x0000000084600000| Untracked 
|  47|0x0000000084700000, 0x0000000084700000, 0x0000000084800000|  0%| F|  |TAMS 0x0000000084700000, 0x0000000084700000| Untracked 
|  48|0x0000000084800000, 0x0000000084800000, 0x0000000084900000|  0%| F|  |TAMS 0x0000000084800000, 0x0000000084800000| Untracked 
|  49|0x0000000084900000, 0x0000000084900000, 0x0000000084a00000|  0%| F|  |TAMS 0x0000000084900000, 0x0000000084900000| Untracked 
|  50|0x0000000084a00000, 0x0000000084a00000, 0x0000000084b00000|  0%| F|  |TAMS 0x0000000084a00000, 0x0000000084a00000| Untracked 
|  51|0x0000000084b00000, 0x0000000084b00000, 0x0000000084c00000|  0%| F|  |TAMS 0x0000000084b00000, 0x0000000084b00000| Untracked 
|  52|0x0000000084c00000, 0x0000000084c00000, 0x0000000084d00000|  0%| F|  |TAMS 0x0000000084c00000, 0x0000000084c00000| Untracked 
|  53|0x0000000084d00000, 0x0000000084d00000, 0x0000000084e00000|  0%| F|  |TAMS 0x0000000084d00000, 0x0000000084d00000| Untracked 
|  54|0x0000000084e00000, 0x0000000084e00000, 0x0000000084f00000|  0%| F|  |TAMS 0x0000000084e00000, 0x0000000084e00000| Untracked 
|  55|0x0000000084f00000, 0x0000000084f00000, 0x0000000085000000|  0%| F|  |TAMS 0x0000000084f00000, 0x0000000084f00000| Untracked 
|  56|0x0000000085000000, 0x0000000085000000, 0x0000000085100000|  0%| F|  |TAMS 0x0000000085000000, 0x0000000085000000| Untracked 
|  57|0x0000000085100000, 0x0000000085100000, 0x0000000085200000|  0%| F|  |TAMS 0x0000000085100000, 0x0000000085100000| Untracked 
|  58|0x0000000085200000, 0x0000000085200000, 0x0000000085300000|  0%| F|  |TAMS 0x0000000085200000, 0x0000000085200000| Untracked 
|  59|0x0000000085300000, 0x0000000085300000, 0x0000000085400000|  0%| F|  |TAMS 0x0000000085300000, 0x0000000085300000| Untracked 
|  60|0x0000000085400000, 0x0000000085400000, 0x0000000085500000|  0%| F|  |TAMS 0x0000000085400000, 0x0000000085400000| Untracked 
|  61|0x0000000085500000, 0x0000000085500000, 0x0000000085600000|  0%| F|  |TAMS 0x0000000085500000, 0x0000000085500000| Untracked 
|  62|0x0000000085600000, 0x0000000085600000, 0x0000000085700000|  0%| F|  |TAMS 0x0000000085600000, 0x0000000085600000| Untracked 
|  63|0x0000000085700000, 0x0000000085700000, 0x0000000085800000|  0%| F|  |TAMS 0x0000000085700000, 0x0000000085700000| Untracked 
|  64|0x0000000085800000, 0x0000000085800000, 0x0000000085900000|  0%| F|  |TAMS 0x0000000085800000, 0x0000000085800000| Untracked 
|  65|0x0000000085900000, 0x0000000085900000, 0x0000000085a00000|  0%| F|  |TAMS 0x0000000085900000, 0x0000000085900000| Untracked 
|  66|0x0000000085a00000, 0x0000000085a00000, 0x0000000085b00000|  0%| F|  |TAMS 0x0000000085a00000, 0x0000000085a00000| Untracked 
|  67|0x0000000085b00000, 0x0000000085b00000, 0x0000000085c00000|  0%| F|  |TAMS 0x0000000085b00000, 0x0000000085b00000| Untracked 
|  68|0x0000000085c00000, 0x0000000085c00000, 0x0000000085d00000|  0%| F|  |TAMS 0x0000000085c00000, 0x0000000085c00000| Untracked 
|  69|0x0000000085d00000, 0x0000000085d00000, 0x0000000085e00000|  0%| F|  |TAMS 0x0000000085d00000, 0x0000000085d00000| Untracked 
|  70|0x0000000085e00000, 0x0000000085e00000, 0x0000000085f00000|  0%| F|  |TAMS 0x0000000085e00000, 0x0000000085e00000| Untracked 
|  71|0x0000000085f00000, 0x0000000085f00000, 0x0000000086000000|  0%| F|  |TAMS 0x0000000085f00000, 0x0000000085f00000| Untracked 
|  72|0x0000000086000000, 0x0000000086000000, 0x0000000086100000|  0%| F|  |TAMS 0x0000000086000000, 0x0000000086000000| Untracked 
|  73|0x0000000086100000, 0x0000000086100000, 0x0000000086200000|  0%| F|  |TAMS 0x0000000086100000, 0x0000000086100000| Untracked 
|  74|0x0000000086200000, 0x0000000086200000, 0x0000000086300000|  0%| F|  |TAMS 0x0000000086200000, 0x0000000086200000| Untracked 
|  75|0x0000000086300000, 0x0000000086300000, 0x0000000086400000|  0%| F|  |TAMS 0x0000000086300000, 0x0000000086300000| Untracked 
|  76|0x0000000086400000, 0x0000000086400000, 0x0000000086500000|  0%| F|  |TAMS 0x0000000086400000, 0x0000000086400000| Untracked 
|  77|0x0000000086500000, 0x0000000086500000, 0x0000000086600000|  0%| F|  |TAMS 0x0000000086500000, 0x0000000086500000| Untracked 
|  78|0x0000000086600000, 0x0000000086600000, 0x0000000086700000|  0%| F|  |TAMS 0x0000000086600000, 0x0000000086600000| Untracked 
|  79|0x0000000086700000, 0x0000000086700000, 0x0000000086800000|  0%| F|  |TAMS 0x0000000086700000, 0x0000000086700000| Untracked 
|  80|0x0000000086800000, 0x0000000086800000, 0x0000000086900000|  0%| F|  |TAMS 0x0000000086800000, 0x0000000086800000| Untracked 
|  81|0x0000000086900000, 0x0000000086900000, 0x0000000086a00000|  0%| F|  |TAMS 0x0000000086900000, 0x0000000086900000| Untracked 
|  82|0x0000000086a00000, 0x0000000086a00000, 0x0000000086b00000|  0%| F|  |TAMS 0x0000000086a00000, 0x0000000086a00000| Untracked 
|  83|0x0000000086b00000, 0x0000000086b00000, 0x0000000086c00000|  0%| F|  |TAMS 0x0000000086b00000, 0x0000000086b00000| Untracked 
|  84|0x0000000086c00000, 0x0000000086c00000, 0x0000000086d00000|  0%| F|  |TAMS 0x0000000086c00000, 0x0000000086c00000| Untracked 
|  85|0x0000000086d00000, 0x0000000086d00000, 0x0000000086e00000|  0%| F|  |TAMS 0x0000000086d00000, 0x0000000086d00000| Untracked 
|  86|0x0000000086e00000, 0x0000000086e00000, 0x0000000086f00000|  0%| F|  |TAMS 0x0000000086e00000, 0x0000000086e00000| Untracked 
|  87|0x0000000086f00000, 0x0000000086f00000, 0x0000000087000000|  0%| F|  |TAMS 0x0000000086f00000, 0x0000000086f00000| Untracked 
|  88|0x0000000087000000, 0x0000000087000000, 0x0000000087100000|  0%| F|  |TAMS 0x0000000087000000, 0x0000000087000000| Untracked 
|  89|0x0000000087100000, 0x0000000087100000, 0x0000000087200000|  0%| F|  |TAMS 0x0000000087100000, 0x0000000087100000| Untracked 
|  90|0x0000000087200000, 0x0000000087200000, 0x0000000087300000|  0%| F|  |TAMS 0x0000000087200000, 0x0000000087200000| Untracked 
|  91|0x0000000087300000, 0x0000000087300000, 0x0000000087400000|  0%| F|  |TAMS 0x0000000087300000, 0x0000000087300000| Untracked 
|  92|0x0000000087400000, 0x0000000087400000, 0x0000000087500000|  0%| F|  |TAMS 0x0000000087400000, 0x0000000087400000| Untracked 
|  93|0x0000000087500000, 0x0000000087500000, 0x0000000087600000|  0%| F|  |TAMS 0x0000000087500000, 0x0000000087500000| Untracked 
|  94|0x0000000087600000, 0x0000000087600000, 0x0000000087700000|  0%| F|  |TAMS 0x0000000087600000, 0x0000000087600000| Untracked 
|  95|0x0000000087700000, 0x0000000087700000, 0x0000000087800000|  0%| F|  |TAMS 0x0000000087700000, 0x0000000087700000| Untracked 
|  96|0x0000000087800000, 0x0000000087800000, 0x0000000087900000|  0%| F|  |TAMS 0x0000000087800000, 0x0000000087800000| Untracked 
|  97|0x0000000087900000, 0x0000000087900000, 0x0000000087a00000|  0%| F|  |TAMS 0x0000000087900000, 0x0000000087900000| Untracked 
|  98|0x0000000087a00000, 0x0000000087a00000, 0x0000000087b00000|  0%| F|  |TAMS 0x0000000087a00000, 0x0000000087a00000| Untracked 
|  99|0x0000000087b00000, 0x0000000087b00000, 0x0000000087c00000|  0%| F|  |TAMS 0x0000000087b00000, 0x0000000087b00000| Untracked 
| 100|0x0000000087c00000, 0x0000000087c00000, 0x0000000087d00000|  0%| F|  |TAMS 0x0000000087c00000, 0x0000000087c00000| Untracked 
| 101|0x0000000087d00000, 0x0000000087d00000, 0x0000000087e00000|  0%| F|  |TAMS 0x0000000087d00000, 0x0000000087d00000| Untracked 
| 102|0x0000000087e00000, 0x0000000087e00000, 0x0000000087f00000|  0%| F|  |TAMS 0x0000000087e00000, 0x0000000087e00000| Untracked 
| 103|0x0000000087f00000, 0x0000000087f00000, 0x0000000088000000|  0%| F|  |TAMS 0x0000000087f00000, 0x0000000087f00000| Untracked 
| 104|0x0000000088000000, 0x0000000088000000, 0x0000000088100000|  0%| F|  |TAMS 0x0000000088000000, 0x0000000088000000| Untracked 
| 105|0x0000000088100000, 0x0000000088100000, 0x0000000088200000|  0%| F|  |TAMS 0x0000000088100000, 0x0000000088100000| Untracked 
| 106|0x0000000088200000, 0x0000000088200000, 0x0000000088300000|  0%| F|  |TAMS 0x0000000088200000, 0x0000000088200000| Untracked 
| 107|0x0000000088300000, 0x0000000088300000, 0x0000000088400000|  0%| F|  |TAMS 0x0000000088300000, 0x0000000088300000| Untracked 
| 108|0x0000000088400000, 0x0000000088400000, 0x0000000088500000|  0%| F|  |TAMS 0x0000000088400000, 0x0000000088400000| Untracked 
| 109|0x0000000088500000, 0x0000000088500000, 0x0000000088600000|  0%| F|  |TAMS 0x0000000088500000, 0x0000000088500000| Untracked 
| 110|0x0000000088600000, 0x0000000088600000, 0x0000000088700000|  0%| F|  |TAMS 0x0000000088600000, 0x0000000088600000| Untracked 
| 111|0x0000000088700000, 0x0000000088700000, 0x0000000088800000|  0%| F|  |TAMS 0x0000000088700000, 0x0000000088700000| Untracked 
| 112|0x0000000088800000, 0x0000000088800000, 0x0000000088900000|  0%| F|  |TAMS 0x0000000088800000, 0x0000000088800000| Untracked 
| 113|0x0000000088900000, 0x0000000088900000, 0x0000000088a00000|  0%| F|  |TAMS 0x0000000088900000, 0x0000000088900000| Untracked 
| 114|0x0000000088a00000, 0x0000000088a00000, 0x0000000088b00000|  0%| F|  |TAMS 0x0000000088a00000, 0x0000000088a00000| Untracked 
| 115|0x0000000088b00000, 0x0000000088b00000, 0x0000000088c00000|  0%| F|  |TAMS 0x0000000088b00000, 0x0000000088b00000| Untracked 
| 116|0x0000000088c00000, 0x0000000088c00000, 0x0000000088d00000|  0%| F|  |TAMS 0x0000000088c00000, 0x0000000088c00000| Untracked 
| 117|0x0000000088d00000, 0x0000000088d00000, 0x0000000088e00000|  0%| F|  |TAMS 0x0000000088d00000, 0x0000000088d00000| Untracked 
| 118|0x0000000088e00000, 0x0000000088e00000, 0x0000000088f00000|  0%| F|  |TAMS 0x0000000088e00000, 0x0000000088e00000| Untracked 
| 119|0x0000000088f00000, 0x0000000088f00000, 0x0000000089000000|  0%| F|  |TAMS 0x0000000088f00000, 0x0000000088f00000| Untracked 
| 120|0x0000000089000000, 0x0000000089000000, 0x0000000089100000|  0%| F|  |TAMS 0x0000000089000000, 0x0000000089000000| Untracked 
| 121|0x0000000089100000, 0x0000000089100000, 0x0000000089200000|  0%| F|  |TAMS 0x0000000089100000, 0x0000000089100000| Untracked 
| 122|0x0000000089200000, 0x0000000089200000, 0x0000000089300000|  0%| F|  |TAMS 0x0000000089200000, 0x0000000089200000| Untracked 
| 123|0x0000000089300000, 0x0000000089300000, 0x0000000089400000|  0%| F|  |TAMS 0x0000000089300000, 0x0000000089300000| Untracked 
| 124|0x0000000089400000, 0x0000000089400000, 0x0000000089500000|  0%| F|  |TAMS 0x0000000089400000, 0x0000000089400000| Untracked 
| 125|0x0000000089500000, 0x0000000089500000, 0x0000000089600000|  0%| F|  |TAMS 0x0000000089500000, 0x0000000089500000| Untracked 
| 126|0x0000000089600000, 0x0000000089600000, 0x0000000089700000|  0%| F|  |TAMS 0x0000000089600000, 0x0000000089600000| Untracked 
| 127|0x0000000089700000, 0x0000000089800000, 0x0000000089800000|100%| E|  |TAMS 0x0000000089700000, 0x0000000089700000| Complete 

Card table byte_map: [0x00000257272a0000,0x00000257276a0000] _byte_map_base: 0x0000025726e94000

Marking Bits (Prev, Next): (CMBitMap*) 0x00000257104131e0, (CMBitMap*) 0x0000025710413220
 Prev Bits: [0x0000025727aa0000, 0x0000025729a40000)
 Next Bits: [0x0000025729a40000, 0x000002572b9e0000)

Polling page: 0x000002570e2f0000

Metaspace:

Usage:
  Non-class:     84.86 KB used.
      Class:      1.45 KB used.
       Both:     86.31 KB used.

Virtual space:
  Non-class space:        8.00 MB reserved,     128.00 KB (  2%) committed,  1 nodes.
      Class space:        1.00 GB reserved,      64.00 KB ( <1%) committed,  1 nodes.
             Both:        1.01 GB reserved,     192.00 KB ( <1%) committed. 

Chunk freelists:
   Non-Class:  0 bytes
       Class:  3.75 MB
        Both:  3.75 MB

MaxMetaspaceSize: unlimited
CompressedClassSpaceSize: 1.00 GB
Initial GC threshold: 21.00 MB
Current GC threshold: 21.00 MB
CDS: on
MetaspaceReclaimPolicy: balanced
 - commit_granule_bytes: 65536.
 - commit_granule_words: 8192.
 - virtual_space_node_default_size: 1048576.
 - enlarge_chunks_in_place: 1.
 - new_chunks_are_fully_committed: 0.
 - uncommit_free_chunks: 1.
 - use_allocation_guard: 0.
 - handle_deallocations: 1.


Internal statistics:

num_allocs_failed_limit: 0.
num_arena_births: 2.
num_arena_deaths: 0.
num_vsnodes_births: 2.
num_vsnodes_deaths: 0.
num_space_committed: 3.
num_space_uncommitted: 0.
num_chunks_returned_to_freelist: 0.
num_chunks_taken_from_freelist: 3.
num_chunk_merges: 0.
num_chunk_splits: 1.
num_chunks_enlarged: 0.
num_purges: 0.
num_inconsistent_stats: 0.

CodeHeap 'non-profiled nmethods': size=120000Kb used=7Kb max_used=7Kb free=119993Kb
 bounds [0x000002571f970000, 0x000002571fbe0000, 0x0000025726ea0000]
CodeHeap 'profiled nmethods': size=120000Kb used=39Kb max_used=39Kb free=119960Kb
 bounds [0x0000025717ea0000, 0x0000025718110000, 0x000002571f3d0000]
CodeHeap 'non-nmethods': size=5760Kb used=1029Kb max_used=1040Kb free=4730Kb
 bounds [0x000002571f3d0000, 0x000002571f640000, 0x000002571f970000]
 total_blobs=315 nmethods=31 adapters=197
 compilation: enabled
              stopped_count=0, restarted_count=0
 full_count=0

Compilation events (20 events):
Event: 0.217 Thread 0x000002572dea8de0 nmethod 13 0x000002571f970610 code [0x000002571f9707a0, 0x000002571f970878]
Event: 0.217 Thread 0x000002572dea8de0    3       3       java.lang.String::isLatin1 (19 bytes)
Event: 0.218 Thread 0x000002572dea8de0 nmethod 3 0x0000025717ea2c90 code [0x0000025717ea2e20, 0x0000025717ea2f98]
Event: 0.218 Thread 0x000002572dea8de0    4       3       java.lang.Object::<init> (1 bytes)
Event: 0.218 Thread 0x000002572dea8de0 nmethod 4 0x0000025717ea3010 code [0x0000025717ea31a0, 0x0000025717ea32b8]
Event: 0.218 Thread 0x000002572dea8de0    5       3       java.lang.String::hashCode (60 bytes)
Event: 0.218 Thread 0x000002572dea8de0 nmethod 5 0x0000025717ea3390 code [0x0000025717ea3560, 0x0000025717ea38d8]
Event: 0.218 Thread 0x000002572dea8de0    7       3       java.lang.Math::floorMod (20 bytes)
Event: 0.218 Thread 0x000002572dea8de0 nmethod 7 0x0000025717ea3990 code [0x0000025717ea3b20, 0x0000025717ea3cb8]
Event: 0.218 Thread 0x000002572dea8de0   10       3       java.util.Objects::requireNonNull (14 bytes)
Event: 0.218 Thread 0x000002572dea8de0 nmethod 10 0x0000025717ea3d90 code [0x0000025717ea3f40, 0x0000025717ea4128]
Event: 0.218 Thread 0x000002572dea8de0   11       1       java.lang.module.ModuleDescriptor::name (5 bytes)
Event: 0.218 Thread 0x000002572dea8de0 nmethod 11 0x000002571f970910 code [0x000002571f970aa0, 0x000002571f970b78]
Event: 0.219 Thread 0x000002572dea8de0   17       3       java.util.HashMap::hash (20 bytes)
Event: 0.219 Thread 0x000002572dea8de0 nmethod 17 0x0000025717ea4210 code [0x0000025717ea43c0, 0x0000025717ea45c8]
Event: 0.219 Thread 0x000002572dea8de0   18       3       java.util.ImmutableCollections$SetN$SetNIterator::next (90 bytes)
Event: 0.219 Thread 0x000002572dea8de0 nmethod 18 0x0000025717ea4690 code [0x0000025717ea4840, 0x0000025717ea4b68]
Event: 0.219 Thread 0x000002572dea8de0   19   !   3       java.util.concurrent.ConcurrentHashMap::putVal (432 bytes)
Event: 0.220 Thread 0x000002572dea5fe0   31       4       java.lang.Object::<init> (1 bytes)
Event: 0.221 Thread 0x000002572dea5fe0 nmethod 31 0x000002571f971910 code [0x000002571f971a80, 0x000002571f971af8]

GC Heap History (0 events):
No events

Dll operation events (2 events):
Event: 0.008 Loaded shared library C:\Program Files\Eclipse Adoptium\jdk-17.0.6.10-hotspot\bin\java.dll
Event: 0.022 Loaded shared library C:\Program Files\Eclipse Adoptium\jdk-17.0.6.10-hotspot\bin\jsvml.dll

Deoptimization events (0 events):
No events

Classes unloaded (0 events):
No events

Classes redefined (0 events):
No events

Internal exceptions (0 events):
No events

VM Operations (0 events):
No events

Events (10 events):
Event: 0.023 Thread 0x00000257103b74d0 Thread added: 0x00000257103b74d0
Event: 0.045 Thread 0x000002572de88860 Thread added: 0x000002572de88860
Event: 0.045 Thread 0x000002572de896d0 Thread added: 0x000002572de896d0
Event: 0.090 Thread 0x000002572dea13d0 Thread added: 0x000002572dea13d0
Event: 0.090 Thread 0x000002572dea1e90 Thread added: 0x000002572dea1e90
Event: 0.090 Thread 0x000002572dea4950 Thread added: 0x000002572dea4950
Event: 0.091 Thread 0x000002572dea5300 Thread added: 0x000002572dea5300
Event: 0.091 Thread 0x000002572dea5fe0 Thread added: 0x000002572dea5fe0
Event: 0.104 Thread 0x000002572dea8de0 Thread added: 0x000002572dea8de0
Event: 0.129 Thread 0x000002572df0ee90 Thread added: 0x000002572df0ee90


Dynamic libraries:
0x00007ff761840000 - 0x00007ff76184e000 	C:\Program Files\Eclipse Adoptium\jdk-17.0.6.10-hotspot\bin\java.exe
0x00007ffa1c1f0000 - 0x00007ffa1c3e8000 	C:\WINDOWS\SYSTEM32\ntdll.dll
0x00007ffa1b7b0000 - 0x00007ffa1b86f000 	C:\WINDOWS\System32\KERNEL32.DLL
0x00007ffa19cb0000 - 0x00007ffa19fa6000 	C:\WINDOWS\System32\KERNELBASE.dll
0x00007ffa19b20000 - 0x00007ffa19c20000 	C:\WINDOWS\System32\ucrtbase.dll
0x00007ffa0d920000 - 0x00007ffa0d937000 	C:\Program Files\Eclipse Adoptium\jdk-17.0.6.10-hotspot\bin\jli.dll
0x00007ffa1b610000 - 0x00007ffa1b7ad000 	C:\WINDOWS\System32\USER32.dll
0x00007ffa19920000 - 0x00007ffa19942000 	C:\WINDOWS\System32\win32u.dll
0x00007ffa1ba90000 - 0x00007ffa1babc000 	C:\WINDOWS\System32\GDI32.dll
0x00007ffa19950000 - 0x00007ffa19a65000 	C:\WINDOWS\System32\gdi32full.dll
0x00007ffa1a1b0000 - 0x00007ffa1a24d000 	C:\WINDOWS\System32\msvcp_win.dll
0x00007ffa01b90000 - 0x00007ffa01ba9000 	C:\Program Files\Eclipse Adoptium\jdk-17.0.6.10-hotspot\bin\VCRUNTIME140.dll
0x00007ffa03060000 - 0x00007ffa032fa000 	C:\WINDOWS\WinSxS\amd64_microsoft.windows.common-controls_6595b64144ccf1df_6.0.19041.1110_none_60b5254171f9507e\COMCTL32.dll
0x00007ffa1b060000 - 0x00007ffa1b0fe000 	C:\WINDOWS\System32\msvcrt.dll
0x00007ffa1c180000 - 0x00007ffa1c1b0000 	C:\WINDOWS\System32\IMM32.DLL
0x00007ffa12810000 - 0x00007ffa1281c000 	C:\Program Files\Eclipse Adoptium\jdk-17.0.6.10-hotspot\bin\vcruntime140_1.dll
0x00007ff9f0720000 - 0x00007ff9f07b1000 	C:\Program Files\Eclipse Adoptium\jdk-17.0.6.10-hotspot\bin\msvcp140.dll
0x00007ff9df120000 - 0x00007ff9dfd67000 	C:\Program Files\Eclipse Adoptium\jdk-17.0.6.10-hotspot\bin\server\jvm.dll
0x00007ffa1aec0000 - 0x00007ffa1af6f000 	C:\WINDOWS\System32\ADVAPI32.dll
0x00007ffa1a250000 - 0x00007ffa1a2ec000 	C:\WINDOWS\System32\sechost.dll
0x00007ffa1c050000 - 0x00007ffa1c176000 	C:\WINDOWS\System32\RPCRT4.dll
0x00007ffa01b80000 - 0x00007ffa01b89000 	C:\WINDOWS\SYSTEM32\WSOCK32.dll
0x00007ffa1bdd0000 - 0x00007ffa1be3b000 	C:\WINDOWS\System32\WS2_32.dll
0x00007ffa02f10000 - 0x00007ffa02f37000 	C:\WINDOWS\SYSTEM32\WINMM.dll
0x00007ffa15fe0000 - 0x00007ffa15fea000 	C:\WINDOWS\SYSTEM32\VERSION.dll
0x00007ffa18130000 - 0x00007ffa18142000 	C:\WINDOWS\SYSTEM32\kernel.appcore.dll
0x00007ffa0f5e0000 - 0x00007ffa0f5ea000 	C:\Program Files\Eclipse Adoptium\jdk-17.0.6.10-hotspot\bin\jimage.dll
0x00007ffa17640000 - 0x00007ffa17824000 	C:\WINDOWS\SYSTEM32\DBGHELP.DLL
0x00007ffa0e300000 - 0x00007ffa0e334000 	C:\WINDOWS\SYSTEM32\dbgcore.DLL
0x00007ffa19c20000 - 0x00007ffa19ca2000 	C:\WINDOWS\System32\bcryptPrimitives.dll
0x00007ff9f5dc0000 - 0x00007ff9f5de5000 	C:\Program Files\Eclipse Adoptium\jdk-17.0.6.10-hotspot\bin\java.dll
0x00007ff9e01c0000 - 0x00007ff9e0296000 	C:\Program Files\Eclipse Adoptium\jdk-17.0.6.10-hotspot\bin\jsvml.dll
0x00007ffa1a2f0000 - 0x00007ffa1aa34000 	C:\WINDOWS\System32\SHELL32.dll
0x00007ffa17850000 - 0x00007ffa17fe4000 	C:\WINDOWS\SYSTEM32\windows.storage.dll
0x00007ffa1b2b0000 - 0x00007ffa1b604000 	C:\WINDOWS\System32\combase.dll
0x00007ffa19300000 - 0x00007ffa1932e000 	C:\WINDOWS\SYSTEM32\Wldp.dll
0x00007ffa1bfa0000 - 0x00007ffa1c04d000 	C:\WINDOWS\System32\SHCORE.dll
0x00007ffa1af70000 - 0x00007ffa1afc5000 	C:\WINDOWS\System32\shlwapi.dll
0x00007ffa19800000 - 0x00007ffa19825000 	C:\WINDOWS\SYSTEM32\profapi.dll

dbghelp: loaded successfully - version: 4.0.5 - missing functions: none
symbol engine: initialized successfully - sym options: 0x614 - pdb path: .;C:\Program Files\Eclipse Adoptium\jdk-17.0.6.10-hotspot\bin;C:\WINDOWS\SYSTEM32;C:\WINDOWS\WinSxS\amd64_microsoft.windows.common-controls_6595b64144ccf1df_6.0.19041.1110_none_60b5254171f9507e;C:\Program Files\Eclipse Adoptium\jdk-17.0.6.10-hotspot\bin\server

VM Arguments:
java_command: org.jetbrains.kotlin.cli.jvm.K2JVMCompiler @C:\Users\songe\Development\react-native\proficient\node_modules\react-native-pager-view\android\build\20230712_10390646443954776629.compiler.options
java_class_path (initial): C:\Users\songe\.gradle\caches\modules-2\files-2.1\org.jetbrains.kotlin\kotlin-compiler-embeddable\1.7.0\4d09852239f61842072b40b524882fa3caaed371\kotlin-compiler-embeddable-1.7.0.jar;C:\Users\songe\.gradle\caches\modules-2\files-2.1\org.jetbrains.kotlin\kotlin-reflect\1.7.0\e660b0079fdaf744dc9cc7f6f3aa3c761ec839b0\kotlin-reflect-1.7.0.jar;C:\Users\songe\.gradle\caches\modules-2\files-2.1\org.jetbrains.kotlin\kotlin-stdlib\1.7.0\a5f42c684ad9003160ef0d0f693ecf0ba7b13549\kotlin-stdlib-1.7.0.jar;C:\Users\songe\.gradle\caches\modules-2\files-2.1\org.jetbrains.kotlin\kotlin-script-runtime\1.7.0\3acea1d447587e61bc3e1b3ed6227d9e9ed4ddf1\kotlin-script-runtime-1.7.0.jar;C:\Users\songe\.gradle\caches\modules-2\files-2.1\org.jetbrains.kotlin\kotlin-daemon-embeddable\1.7.0\fd56798de80825c673ac93808284c5198ffa2b50\kotlin-daemon-embeddable-1.7.0.jar;C:\Users\songe\.gradle\caches\modules-2\files-2.1\org.jetbrains.intellij.deps\trove4j\1.0.20200330\3afb14d5f9ceb459d724e907a21145e8ff394f02\trove4j-1.0.20200330.jar;C:\Users\songe\.gradle\caches\modules-2\files-2.1\net.java.dev.jna\jna\5.6.0\330f2244e9030119ab3030fc3fededc86713d9cc\jna-5.6.0.jar;C:\Users\songe\.gradle\caches\modules-2\files-2.1\org.jetbrains.kotlin\kotlin-stdlib-common\1.7.0\51736992f422993a1e741051bdf3c12801bc1ca1\kotlin-stdlib-common-1.7.0.jar;C:\Users\songe\.gradle\caches\modules-2\files-2.1\org.jetbrains\annotations\13.0\919f0dfe192fb4e063e7dacadee7f8bb9a2672a9\annotations-13.0.jar
Launcher Type: SUN_STANDARD

[Global flags]
     intx CICompilerCount                          = 3                                         {product} {ergonomic}
     uint ConcGCThreads                            = 1                                         {product} {ergonomic}
     uint G1ConcRefinementThreads                  = 4                                         {product} {ergonomic}
   size_t G1HeapRegionSize                         = 1048576                                   {product} {ergonomic}
    uintx GCDrainStackTargetSize                   = 64                                        {product} {ergonomic}
   size_t InitialHeapSize                          = 134217728                                 {product} {ergonomic}
   size_t MarkStackSize                            = 4194304                                   {product} {ergonomic}
   size_t MaxHeapSize                              = 2122317824                                {product} {ergonomic}
   size_t MaxNewSize                               = 1272971264                                {product} {ergonomic}
   size_t MinHeapDeltaBytes                        = 1048576                                   {product} {ergonomic}
   size_t MinHeapSize                              = 8388608                                   {product} {ergonomic}
    uintx NonNMethodCodeHeapSize                   = 5832780                                {pd product} {ergonomic}
    uintx NonProfiledCodeHeapSize                  = 122912730                              {pd product} {ergonomic}
    uintx ProfiledCodeHeapSize                     = 122912730                              {pd product} {ergonomic}
    uintx ReservedCodeCacheSize                    = 251658240                              {pd product} {ergonomic}
     bool SegmentedCodeCache                       = true                                      {product} {ergonomic}
   size_t SoftMaxHeapSize                          = 2122317824                             {manageable} {ergonomic}
     bool UseCompressedClassPointers               = true                           {product lp64_product} {ergonomic}
     bool UseCompressedOops                        = true                           {product lp64_product} {ergonomic}
     bool UseG1GC                                  = true                                      {product} {ergonomic}
     bool UseLargePagesIndividualAllocation        = false                                  {pd product} {ergonomic}

Logging:
Log output configuration:
 #0: stdout all=warning uptime,level,tags
 #1: stderr all=off uptime,level,tags

Environment Variables:
JAVA_HOME=C:\Program Files\Eclipse Adoptium\jdk-17.0.6.10-hotspot
CLASSPATH=C:\Users\songe\Development\react-native\proficient\android\\gradle\wrapper\gradle-wrapper.jar
PATH=C:\Users\songe\Development\react-native\proficient\node_modules\.bin;C:\Users\songe\Development\react-native\proficient\node_modules\.bin;C:\Users\songe\Development\react-native\node_modules\.bin;C:\Users\songe\Development\node_modules\.bin;C:\Users\songe\node_modules\.bin;C:\Users\node_modules\.bin;C:\node_modules\.bin;C:\Program Files\nodejs\node_modules\npm\node_modules\@npmcli\run-script\lib\node-gyp-bin;C:\Users\songe\Development\react-native\proficient\node_modules\.bin;C:\Users\songe\Development\react-native\node_modules\.bin;C:\Users\songe\Development\node_modules\.bin;C:\Users\songe\node_modules\.bin;C:\Users\node_modules\.bin;C:\node_modules\.bin;C:\Program Files\nodejs\node_modules\npm\node_modules\@npmcli\run-script\lib\node-gyp-bin;C:\Users\songe\Development\react-native\proficient\node_modules\.bin;C:\Users\songe\Development\react-native\node_modules\.bin;C:\Users\songe\Development\node_modules\.bin;C:\Users\songe\node_modules\.bin;C:\Users\node_modules\.bin;C:\node_modules\.bin;C:\Program Files\nodejs\node_modules\npm\node_modules\@npmcli\run-script\lib\node-gyp-bin;C:\Users\songe\bin;C:\Program Files\Git\mingw64\bin;C:\Program Files\Git\usr\local\bin;C:\Program Files\Git\usr\bin;C:\Program Files\Git\usr\bin;C:\Program Files\Git\mingw64\bin;C:\Program Files\Git\usr\bin;C:\Users\songe\bin;C:\Program Files\Eclipse Adoptium\jdk-17.0.6.10-hotspot\bin;C:\Program Files (x86)\Intel\Intel(R) Management Engine Components\iCLS;C:\Program Files\Intel\Intel(R) Management Engine Components\iCLS;C:\Windows\system32;C:\Windows;C:\Windows\System32\Wbem;C:\Windows\System32\WindowsPowerShell\v1.0;C:\Program Files (x86)\NVIDIA Corporation\PhysX\Common;C:\Program Files (x86)\Intel\Intel(R) Management Engine Components\DAL;C:\Program Files\Intel\Intel(R) Management Engine Components\DAL;C:\Program Files (x86)\Intel\Intel(R) Management Engine Components\IPT;C:\Program Files\Intel\Intel(R) Management Engine Components\IPT;C:\Program Files\Intel\WiFi\bin;C:\Program Files\C
USERNAME=songe
SHELL=C:\Program Files\Git\usr\bin\bash.exe
DISPLAY=needs-to-be-defined
LANG=en_US.UTF-8
TERM=xterm-256color
TMPDIR=C:\Users\songe\AppData\Local\Temp
OS=Windows_NT
PROCESSOR_IDENTIFIER=Intel64 Family 6 Model 142 Stepping 9, GenuineIntel
TMP=C:\Users\songe\AppData\Local\Temp
TEMP=C:\Users\songe\AppData\Local\Temp



---------------  S Y S T E M  ---------------

OS:
 Windows 10 , 64 bit Build 19041 (10.0.19041.3155)
OS uptime: 0 days 1:09 hours

CPU: total 4 (initial active 4) (2 cores per cpu, 2 threads per core) family 6 model 142 stepping 9 microcode 0xf0, cx8, cmov, fxsr, ht, mmx, 3dnowpref, sse, sse2, sse3, ssse3, sse4.1, sse4.2, popcnt, lzcnt, tsc, tscinvbit, avx, avx2, aes, erms, clmul, bmi1, bmi2, adx, fma, vzeroupper, clflush, clflushopt

Memory: 4k page, system-wide physical 8089M (457M free)
TotalPageFile size 11089M (AvailPageFile size 1M)
current process WorkingSet (physical memory assigned to process): 24M, peak: 24M
current process commit charge ("private bytes"): 200M, peak: 200M

vm_info: OpenJDK 64-Bit Server VM (17.0.6+10) for windows-amd64 JRE (17.0.6+10), built on Jan 18 2023 10:08:59 by "temurin" with MS VC++ 16.7 (VS2019)

END.
