#
# There is insufficient memory for the Java Runtime Environment to continue.
# Native memory allocation (malloc) failed to allocate 32744 bytes for ChunkPool::allocate
# Possible reasons:
#   The system is out of physical RAM or swap space
#   The process is running with CompressedOops enabled, and the Java Heap may be blocking the growth of the native heap
# Possible solutions:
#   Reduce memory load on the system
#   Increase physical memory or swap space
#   Check if swap backing store is full
#   Decrease Java heap size (-Xmx/-Xms)
#   Decrease number of Java threads
#   Decrease Java thread stack sizes (-Xss)
#   Set larger code cache with -XX:ReservedCodeCacheSize=
#   JVM is running with Unscaled Compressed Oops mode in which the Java heap is
#     placed in the first 4GB address space. The Java Heap base address is the
#     maximum limit for the native heap growth. Please use -XX:HeapBaseMinAddress
#     to set the Java Heap base and to place the Java Heap above 4GB virtual address.
# This output file may be truncated or incomplete.
#
#  Out of Memory Error (arena.cpp:78), pid=18984, tid=18988
#
# JRE version: OpenJDK Runtime Environment Temurin-17.0.6+10 (17.0.6+10) (build 17.0.6+10)
# Java VM: OpenJDK 64-Bit Server VM Temurin-17.0.6+10 (17.0.6+10, mixed mode, sharing, tiered, compressed oops, compressed class ptrs, g1 gc, windows-amd64)
# No core dump will be written. Minidumps are not enabled by default on client versions of Windows
#

---------------  S U M M A R Y ------------

Command Line: -XX:MaxMetaspaceSize=512m --add-opens=java.base/java.util=ALL-UNNAMED --add-opens=java.base/java.lang=ALL-UNNAMED --add-opens=java.base/java.lang.invoke=ALL-UNNAMED --add-opens=java.prefs/java.util.prefs=ALL-UNNAMED --add-opens=java.base/java.nio.charset=ALL-UNNAMED --add-opens=java.base/java.net=ALL-UNNAMED --add-opens=java.base/java.util.concurrent.atomic=ALL-UNNAMED -Xmx2048m -Dfile.encoding=windows-1252 -Duser.country=ZA -Duser.language=en -Duser.variant org.gradle.launcher.daemon.bootstrap.GradleDaemon 8.0.1

Host: Intel(R) Core(TM) i7-7500U CPU @ 2.70GHz, 4 cores, 7G,  Windows 10 , 64 bit Build 19041 (10.0.19041.3155)
Time: Tue Jul 25 23:09:08 2023 South Africa Standard Time elapsed time: 91.534314 seconds (0d 0h 1m 31s)

---------------  T H R E A D  ---------------

Current thread (0x0000021cdf415b90):  JavaThread "C2 CompilerThread0" daemon [_thread_in_native, id=18988, stack(0x000000fdb1c00000,0x000000fdb1d00000)]


Current CompileTask:
C2:  91534 12219       4       java.beans.MethodDescriptor::<init> (48 bytes)

Stack: [0x000000fdb1c00000,0x000000fdb1d00000]
Native frames: (J=compiled Java code, j=interpreted, Vv=VM code, C=native code)
V  [jvm.dll+0x67741a]
V  [jvm.dll+0x834434]
V  [jvm.dll+0x835bde]
V  [jvm.dll+0x836243]
V  [jvm.dll+0x2457b5]
V  [jvm.dll+0xabd1c]
V  [jvm.dll+0xac0cc]
V  [jvm.dll+0x6559bf]
V  [jvm.dll+0x79c9b]
V  [jvm.dll+0x652f3e]
V  [jvm.dll+0x360659]
V  [jvm.dll+0x2d189f]
V  [jvm.dll+0x63c7b1]
V  [jvm.dll+0x111aec]
V  [jvm.dll+0x33dab6]
V  [jvm.dll+0x692db6]
V  [jvm.dll+0x692102]
V  [jvm.dll+0x68d5fd]
V  [jvm.dll+0x6877eb]
V  [jvm.dll+0x686e27]
V  [jvm.dll+0x684d22]
V  [jvm.dll+0x1a6f5c]
V  [jvm.dll+0x1a7b26]
V  [jvm.dll+0x2abbb4]
V  [jvm.dll+0x68f6f7]
V  [jvm.dll+0x6877eb]
V  [jvm.dll+0x686e27]
V  [jvm.dll+0x684d22]
V  [jvm.dll+0x1a6f5c]
V  [jvm.dll+0x1a7b26]
V  [jvm.dll+0x2abbb4]
V  [jvm.dll+0x68f6f7]
V  [jvm.dll+0x6877eb]
V  [jvm.dll+0x686e27]
V  [jvm.dll+0x684d22]
V  [jvm.dll+0x1a6f5c]
V  [jvm.dll+0x2175d8]
V  [jvm.dll+0x1a3d0d]
V  [jvm.dll+0x22742a]
V  [jvm.dll+0x225565]
V  [jvm.dll+0x7ea2cb]
V  [jvm.dll+0x7e483a]
V  [jvm.dll+0x6762c5]
C  [ucrtbase.dll+0x21bb2]
C  [KERNEL32.DLL+0x17614]
C  [ntdll.dll+0x526b1]


---------------  P R O C E S S  ---------------

Threads class SMR info:
_java_thread_list=0x0000021ce2343e40, length=88, elements={
0x0000021cc1873a80, 0x0000021cdf3f6f40, 0x0000021cdf3f7db0, 0x0000021cdf410fe0,
0x0000021cdf413aa0, 0x0000021cdf414450, 0x0000021cdf414e00, 0x0000021cdf415b90,
0x0000021cdf416630, 0x0000021cdf48e210, 0x0000021ce00bdb10, 0x0000021ce00c0210,
0x0000021ce24719f0, 0x0000021ce1545900, 0x0000021ce10d9b80, 0x0000021ce0bbc9e0,
0x0000021ce0bbceb0, 0x0000021ce1da1870, 0x0000021ce1da0530, 0x0000021ce1d9f6c0,
0x0000021ce1da26e0, 0x0000021ce1da13a0, 0x0000021ce1da0ed0, 0x0000021ce1d9fb90,
0x0000021ce1da0060, 0x0000021ce1da1d40, 0x0000021ce1da2bb0, 0x0000021ce1da2210,
0x0000021ce1da3080, 0x0000021ce2b18fb0, 0x0000021ce2b1c970, 0x0000021ce2b1b630,
0x0000021ce2b1bfd0, 0x0000021ce2b1d310, 0x0000021ce2b17c70, 0x0000021ce2b16e00,
0x0000021ce2b16460, 0x0000021ce2b1d7e0, 0x0000021ce2b15f90, 0x0000021ce2b1bb00,
0x0000021ce2b18610, 0x0000021ce2b18140, 0x0000021ce2b1ce40, 0x0000021ce2b19950,
0x0000021ce2b19e20, 0x0000021ce2b1a2f0, 0x0000021ce2b1a7c0, 0x0000021ce2b1ac90,
0x0000021ce2b2b870, 0x0000021ce2b2c6e0, 0x0000021ce2b2aed0, 0x0000021ce2b291f0,
0x0000021ce2b296c0, 0x0000021ce2b2a530, 0x0000021ce2b2cbb0, 0x0000021ce2b2c210,
0x0000021ce2b27040, 0x0000021ce2b2def0, 0x0000021ce2b2bd40, 0x0000021ce2b2d550,
0x0000021ce2b2d080, 0x0000021ce2b2e3c0, 0x0000021ce2b29b90, 0x0000021ce2b2a060,
0x0000021ce2b2aa00, 0x0000021ce2b2da20, 0x0000021ce2b2b3a0, 0x0000021ce2b279e0,
0x0000021ce2b28850, 0x0000021ce2b28d20, 0x0000021ce5faddb0, 0x0000021ce5fa90b0,
0x0000021ce5fafa90, 0x0000021ce5facf40, 0x0000021ce5fb0900, 0x0000021ce5fa9580,
0x0000021ce5fb0430, 0x0000021ce5fab730, 0x0000021ce5fab260, 0x0000021ce5fa9f20,
0x0000021ce5fae280, 0x0000021ce5fabc00, 0x0000021ce5fac0d0, 0x0000021ce5faad90,
0x0000021ce5faf5c0, 0x0000021ce5faca70, 0x0000021ce5faa3f0, 0x0000021ce5faf0f0
}

Java Threads: ( => current thread )
  0x0000021cc1873a80 JavaThread "main" [_thread_blocked, id=8236, stack(0x000000fdb0f00000,0x000000fdb1000000)]
  0x0000021cdf3f6f40 JavaThread "Reference Handler" daemon [_thread_blocked, id=20128, stack(0x000000fdb1600000,0x000000fdb1700000)]
  0x0000021cdf3f7db0 JavaThread "Finalizer" daemon [_thread_blocked, id=21488, stack(0x000000fdb1700000,0x000000fdb1800000)]
  0x0000021cdf410fe0 JavaThread "Signal Dispatcher" daemon [_thread_blocked, id=21440, stack(0x000000fdb1800000,0x000000fdb1900000)]
  0x0000021cdf413aa0 JavaThread "Attach Listener" daemon [_thread_blocked, id=20564, stack(0x000000fdb1900000,0x000000fdb1a00000)]
  0x0000021cdf414450 JavaThread "Service Thread" daemon [_thread_blocked, id=20528, stack(0x000000fdb1a00000,0x000000fdb1b00000)]
  0x0000021cdf414e00 JavaThread "Monitor Deflation Thread" daemon [_thread_blocked, id=21080, stack(0x000000fdb1b00000,0x000000fdb1c00000)]
=>0x0000021cdf415b90 JavaThread "C2 CompilerThread0" daemon [_thread_in_native, id=18988, stack(0x000000fdb1c00000,0x000000fdb1d00000)]
  0x0000021cdf416630 JavaThread "C1 CompilerThread0" daemon [_thread_blocked, id=2572, stack(0x000000fdb1d00000,0x000000fdb1e00000)]
  0x0000021cdf48e210 JavaThread "Sweeper thread" daemon [_thread_blocked, id=4744, stack(0x000000fdb1e00000,0x000000fdb1f00000)]
  0x0000021ce00bdb10 JavaThread "Common-Cleaner" daemon [_thread_blocked, id=18904, stack(0x000000fdb1f00000,0x000000fdb2000000)]
  0x0000021ce00c0210 JavaThread "Notification Thread" daemon [_thread_blocked, id=6676, stack(0x000000fdb2000000,0x000000fdb2100000)]
  0x0000021ce24719f0 JavaThread "Daemon health stats" [_thread_blocked, id=19060, stack(0x000000fdb2600000,0x000000fdb2700000)]
  0x0000021ce1545900 JavaThread "Incoming local TCP Connector on port 51160" [_thread_in_native, id=13676, stack(0x000000fdb2200000,0x000000fdb2300000)]
  0x0000021ce10d9b80 JavaThread "Daemon periodic checks" [_thread_blocked, id=19064, stack(0x000000fdb2800000,0x000000fdb2900000)]
  0x0000021ce0bbc9e0 JavaThread "Daemon" [_thread_blocked, id=15848, stack(0x000000fdb2900000,0x000000fdb2a00000)]
  0x0000021ce0bbceb0 JavaThread "Handler for socket connection from /127.0.0.1:51160 to /127.0.0.1:51162" [_thread_in_native, id=20272, stack(0x000000fdb2a00000,0x000000fdb2b00000)]
  0x0000021ce1da1870 JavaThread "Cancel handler" [_thread_blocked, id=19156, stack(0x000000fdb2700000,0x000000fdb2800000)]
  0x0000021ce1da0530 JavaThread "Daemon worker" [_thread_in_vm, id=16732, stack(0x000000fdb2b00000,0x000000fdb2c00000)]
  0x0000021ce1d9f6c0 JavaThread "Asynchronous log dispatcher for DefaultDaemonConnection: socket connection from /127.0.0.1:51160 to /127.0.0.1:51162" [_thread_blocked, id=9900, stack(0x000000fdb2d00000,0x000000fdb2e00000)]
  0x0000021ce1da26e0 JavaThread "Daemon client event forwarder" [_thread_blocked, id=8088, stack(0x000000fdb2f00000,0x000000fdb3000000)]
  0x0000021ce1da13a0 JavaThread "Cache worker for journal cache (C:\Users\songe\.gradle\caches\journal-1)" [_thread_blocked, id=8368, stack(0x000000fdb2c00000,0x000000fdb2d00000)]
  0x0000021ce1da0ed0 JavaThread "File lock request listener" [_thread_in_native, id=17280, stack(0x000000fdb3000000,0x000000fdb3100000)]
  0x0000021ce1d9fb90 JavaThread "File lock release action executor" [_thread_blocked, id=20932, stack(0x000000fdb3100000,0x000000fdb3200000)]
  0x0000021ce1da0060 JavaThread "Cache worker for file hash cache (C:\Users\songe\.gradle\caches\8.0.1\fileHashes)" [_thread_blocked, id=18196, stack(0x000000fdb3200000,0x000000fdb3300000)]
  0x0000021ce1da1d40 JavaThread "File watcher server" daemon [_thread_in_native, id=12720, stack(0x000000fdb3400000,0x000000fdb3500000)]
  0x0000021ce1da2bb0 JavaThread "File watcher consumer" daemon [_thread_blocked, id=21500, stack(0x000000fdb3500000,0x000000fdb3600000)]
  0x0000021ce1da2210 JavaThread "Cache worker for checksums cache (C:\Users\songe\source\repos\proficient-master\proficient-master\android\.gradle\8.0.1\checksums)" [_thread_blocked, id=21204, stack(0x000000fdb3300000,0x000000fdb3400000)]
  0x0000021ce1da3080 JavaThread "Cache worker for cache directory md-rule (C:\Users\songe\.gradle\caches\8.0.1\md-rule)" [_thread_blocked, id=16588, stack(0x000000fdb3600000,0x000000fdb3700000)]
  0x0000021ce2b18fb0 JavaThread "Cache worker for file content cache (C:\Users\songe\.gradle\caches\8.0.1\fileContent)" [_thread_blocked, id=17016, stack(0x000000fdb3700000,0x000000fdb3800000)]
  0x0000021ce2b1c970 JavaThread "Cache worker for file hash cache (C:\Users\songe\source\repos\proficient-master\proficient-master\android\.gradle\8.0.1\fileHashes)" [_thread_blocked, id=16440, stack(0x000000fdb3900000,0x000000fdb3a00000)]
  0x0000021ce2b1b630 JavaThread "Cache worker for cache directory md-supplier (C:\Users\songe\.gradle\caches\8.0.1\md-supplier)" [_thread_blocked, id=16984, stack(0x000000fdb3b00000,0x000000fdb3c00000)]
  0x0000021ce2b1bfd0 JavaThread "Cache worker for execution history cache (C:\Users\songe\.gradle\caches\8.0.1\executionHistory)" [_thread_blocked, id=20636, stack(0x000000fdb3800000,0x000000fdb3900000)]
  0x0000021ce2b1d310 JavaThread "jar transforms" [_thread_blocked, id=18780, stack(0x000000fdb3d00000,0x000000fdb3e00000)]
  0x0000021ce2b17c70 JavaThread "jar transforms Thread 2" [_thread_blocked, id=12484, stack(0x000000fdb3c00000,0x000000fdb3d00000)]
  0x0000021ce2b16e00 JavaThread "jar transforms Thread 3" [_thread_blocked, id=8816, stack(0x000000fdb3e00000,0x000000fdb3f00000)]
  0x0000021ce2b16460 JavaThread "jar transforms Thread 4" [_thread_blocked, id=19084, stack(0x000000fdb3f00000,0x000000fdb4000000)]
  0x0000021ce2b1d7e0 JavaThread "Cache worker for kotlin-dsl (C:\Users\songe\.gradle\caches\8.0.1\kotlin-dsl)" [_thread_blocked, id=21608, stack(0x000000fdb4300000,0x000000fdb4400000)]
  0x0000021ce2b15f90 JavaThread "Cache worker for dependencies-accessors (C:\Users\songe\source\repos\proficient-master\proficient-master\android\.gradle\8.0.1\dependencies-accessors)" [_thread_blocked, id=21732, stack(0x000000fdb4400000,0x000000fdb4500000)]
  0x0000021ce2b1bb00 JavaThread "Cache worker for Build Output Cleanup Cache (C:\Users\songe\source\repos\proficient-master\proficient-master\node_modules\@react-native\gradle-plugin\.gradle\buildOutputCleanup)" [_thread_blocked, id=21744, stack(0x000000fdb4500000,0x000000fdb4600000)]
  0x0000021ce2b18610 JavaThread "Unconstrained build operations" [_thread_blocked, id=21752, stack(0x000000fdb4600000,0x000000fdb4700000)]
  0x0000021ce2b18140 JavaThread "Unconstrained build operations Thread 2" [_thread_blocked, id=21756, stack(0x000000fdb4700000,0x000000fdb4800000)]
  0x0000021ce2b1ce40 JavaThread "Unconstrained build operations Thread 3" [_thread_blocked, id=21760, stack(0x000000fdb4800000,0x000000fdb4900000)]
  0x0000021ce2b19950 JavaThread "Unconstrained build operations Thread 4" [_thread_blocked, id=21764, stack(0x000000fdb4900000,0x000000fdb4a00000)]
  0x0000021ce2b19e20 JavaThread "Unconstrained build operations Thread 5" [_thread_blocked, id=21768, stack(0x000000fdb4a00000,0x000000fdb4b00000)]
  0x0000021ce2b1a2f0 JavaThread "Unconstrained build operations Thread 6" [_thread_blocked, id=21772, stack(0x000000fdb4b00000,0x000000fdb4c00000)]
  0x0000021ce2b1a7c0 JavaThread "Unconstrained build operations Thread 7" [_thread_blocked, id=21776, stack(0x000000fdb4c00000,0x000000fdb4d00000)]
  0x0000021ce2b1ac90 JavaThread "Unconstrained build operations Thread 8" [_thread_blocked, id=21780, stack(0x000000fdb4d00000,0x000000fdb4e00000)]
  0x0000021ce2b2b870 JavaThread "Unconstrained build operations Thread 9" [_thread_blocked, id=21784, stack(0x000000fdb4e00000,0x000000fdb4f00000)]
  0x0000021ce2b2c6e0 JavaThread "Unconstrained build operations Thread 10" [_thread_blocked, id=21788, stack(0x000000fdb4f00000,0x000000fdb5000000)]
  0x0000021ce2b2aed0 JavaThread "Unconstrained build operations Thread 11" [_thread_blocked, id=21792, stack(0x000000fdb5000000,0x000000fdb5100000)]
  0x0000021ce2b291f0 JavaThread "Unconstrained build operations Thread 12" [_thread_blocked, id=21796, stack(0x000000fdb5100000,0x000000fdb5200000)]
  0x0000021ce2b296c0 JavaThread "Unconstrained build operations Thread 13" [_thread_blocked, id=21800, stack(0x000000fdb5200000,0x000000fdb5300000)]
  0x0000021ce2b2a530 JavaThread "Unconstrained build operations Thread 14" [_thread_blocked, id=21804, stack(0x000000fdb5300000,0x000000fdb5400000)]
  0x0000021ce2b2cbb0 JavaThread "Unconstrained build operations Thread 15" [_thread_blocked, id=21808, stack(0x000000fdb5400000,0x000000fdb5500000)]
  0x0000021ce2b2c210 JavaThread "Unconstrained build operations Thread 16" [_thread_blocked, id=21812, stack(0x000000fdb5500000,0x000000fdb5600000)]
  0x0000021ce2b27040 JavaThread "Unconstrained build operations Thread 17" [_thread_blocked, id=21816, stack(0x000000fdb5600000,0x000000fdb5700000)]
  0x0000021ce2b2def0 JavaThread "Unconstrained build operations Thread 18" [_thread_blocked, id=21820, stack(0x000000fdb5700000,0x000000fdb5800000)]
  0x0000021ce2b2bd40 JavaThread "Unconstrained build operations Thread 19" [_thread_blocked, id=21824, stack(0x000000fdb5800000,0x000000fdb5900000)]
  0x0000021ce2b2d550 JavaThread "Unconstrained build operations Thread 20" [_thread_blocked, id=21828, stack(0x000000fdb5900000,0x000000fdb5a00000)]
  0x0000021ce2b2d080 JavaThread "Unconstrained build operations Thread 21" [_thread_blocked, id=21832, stack(0x000000fdb5a00000,0x000000fdb5b00000)]
  0x0000021ce2b2e3c0 JavaThread "Unconstrained build operations Thread 22" [_thread_blocked, id=21836, stack(0x000000fdb5b00000,0x000000fdb5c00000)]
  0x0000021ce2b29b90 JavaThread "Unconstrained build operations Thread 23" [_thread_blocked, id=21840, stack(0x000000fdb5c00000,0x000000fdb5d00000)]
  0x0000021ce2b2a060 JavaThread "Unconstrained build operations Thread 24" [_thread_blocked, id=21844, stack(0x000000fdb5d00000,0x000000fdb5e00000)]
  0x0000021ce2b2aa00 JavaThread "Unconstrained build operations Thread 25" [_thread_blocked, id=21848, stack(0x000000fdb5e00000,0x000000fdb5f00000)]
  0x0000021ce2b2da20 JavaThread "Unconstrained build operations Thread 26" [_thread_blocked, id=21852, stack(0x000000fdb5f00000,0x000000fdb6000000)]
  0x0000021ce2b2b3a0 JavaThread "Memory manager" [_thread_blocked, id=21860, stack(0x000000fdb6000000,0x000000fdb6100000)]
  0x0000021ce2b279e0 JavaThread "Cache worker for Build Output Cleanup Cache (C:\Users\songe\source\repos\proficient-master\proficient-master\android\.gradle\buildOutputCleanup)" [_thread_blocked, id=21996, stack(0x000000fdb6100000,0x000000fdb6200000)]
  0x0000021ce2b28850 JavaThread "included builds" [_thread_blocked, id=22016, stack(0x000000fdb6200000,0x000000fdb6300000)]
  0x0000021ce2b28d20 JavaThread "Execution worker" [_thread_blocked, id=22020, stack(0x000000fdb6300000,0x000000fdb6400000)]
  0x0000021ce5faddb0 JavaThread "Execution worker Thread 2" [_thread_blocked, id=22024, stack(0x000000fdb6400000,0x000000fdb6500000)]
  0x0000021ce5fa90b0 JavaThread "Execution worker Thread 3" [_thread_blocked, id=22028, stack(0x000000fdb6500000,0x000000fdb6600000)]
  0x0000021ce5fafa90 JavaThread "Cache worker for execution history cache (C:\Users\songe\source\repos\proficient-master\proficient-master\node_modules\@react-native\gradle-plugin\.gradle\8.0.1\executionHistory)" [_thread_blocked, id=22032, stack(0x000000fdb6600000,0x000000fdb6700000)]
  0x0000021ce5facf40 JavaThread "Unconstrained build operations Thread 27" [_thread_blocked, id=22036, stack(0x000000fdb6700000,0x000000fdb6800000)]
  0x0000021ce5fb0900 JavaThread "Unconstrained build operations Thread 28" [_thread_blocked, id=22040, stack(0x000000fdb6800000,0x000000fdb6900000)]
  0x0000021ce5fa9580 JavaThread "Unconstrained build operations Thread 29" [_thread_blocked, id=22044, stack(0x000000fdb6900000,0x000000fdb6a00000)]
  0x0000021ce5fb0430 JavaThread "Unconstrained build operations Thread 30" [_thread_blocked, id=22048, stack(0x000000fdb6a00000,0x000000fdb6b00000)]
  0x0000021ce5fab730 JavaThread "Unconstrained build operations Thread 31" [_thread_blocked, id=22052, stack(0x000000fdb6b00000,0x000000fdb6c00000)]
  0x0000021ce5fab260 JavaThread "Unconstrained build operations Thread 32" [_thread_blocked, id=22056, stack(0x000000fdb6c00000,0x000000fdb6d00000)]
  0x0000021ce5fa9f20 JavaThread "Unconstrained build operations Thread 33" [_thread_blocked, id=22060, stack(0x000000fdb6d00000,0x000000fdb6e00000)]
  0x0000021ce5fae280 JavaThread "Unconstrained build operations Thread 34" [_thread_blocked, id=22064, stack(0x000000fdb6e00000,0x000000fdb6f00000)]
  0x0000021ce5fabc00 JavaThread "Unconstrained build operations Thread 35" [_thread_blocked, id=22068, stack(0x000000fdb6f00000,0x000000fdb7000000)]
  0x0000021ce5fac0d0 JavaThread "Unconstrained build operations Thread 36" [_thread_blocked, id=22072, stack(0x000000fdb7000000,0x000000fdb7100000)]
  0x0000021ce5faad90 JavaThread "Unconstrained build operations Thread 37" [_thread_blocked, id=22076, stack(0x000000fdb7100000,0x000000fdb7200000)]
  0x0000021ce5faf5c0 JavaThread "Unconstrained build operations Thread 38" [_thread_blocked, id=22080, stack(0x000000fdb7200000,0x000000fdb7300000)]
  0x0000021ce5faca70 JavaThread "Unconstrained build operations Thread 39" [_thread_blocked, id=22084, stack(0x000000fdb7300000,0x000000fdb7400000)]
  0x0000021ce5faa3f0 JavaThread "Unconstrained build operations Thread 40" [_thread_blocked, id=22088, stack(0x000000fdb7400000,0x000000fdb7500000)]
  0x0000021ce5faf0f0 JavaThread "File lock release action executor Thread 2" [_thread_blocked, id=22524, stack(0x000000fdb7500000,0x000000fdb7600000)]

Other Threads:
  0x0000021cdf3f1ee0 VMThread "VM Thread" [stack: 0x000000fdb1500000,0x000000fdb1600000] [id=2000]
  0x0000021ce00c06e0 WatcherThread [stack: 0x000000fdb2100000,0x000000fdb2200000] [id=19152]
  0x0000021cc18d0db0 GCTaskThread "GC Thread#0" [stack: 0x000000fdb1000000,0x000000fdb1100000] [id=8156]
  0x0000021ce0a22e50 GCTaskThread "GC Thread#1" [stack: 0x000000fdb2300000,0x000000fdb2400000] [id=21324]
  0x0000021ce0513fa0 GCTaskThread "GC Thread#2" [stack: 0x000000fdb2400000,0x000000fdb2500000] [id=6636]
  0x0000021ce0b9db00 GCTaskThread "GC Thread#3" [stack: 0x000000fdb2500000,0x000000fdb2600000] [id=13060]
  0x0000021cc18e1cf0 ConcurrentGCThread "G1 Main Marker" [stack: 0x000000fdb1100000,0x000000fdb1200000] [id=16144]
  0x0000021cc18e2700 ConcurrentGCThread "G1 Conc#0" [stack: 0x000000fdb1200000,0x000000fdb1300000] [id=5964]
  0x0000021cc1937670 ConcurrentGCThread "G1 Refine#0" [stack: 0x000000fdb1300000,0x000000fdb1400000] [id=20516]
  0x0000021ce0070560 ConcurrentGCThread "G1 Refine#1" [stack: 0x000000fdb3a00000,0x000000fdb3b00000] [id=6012]
  0x0000021cdf2b0200 ConcurrentGCThread "G1 Service" [stack: 0x000000fdb1400000,0x000000fdb1500000] [id=15932]

Threads with active compile tasks:
C2 CompilerThread0    91610 12219       4       java.beans.MethodDescriptor::<init> (48 bytes)

VM state: not at safepoint (normal execution)

VM Mutex/Monitor currently owned by a thread:  ([mutex/lock_event])
[0x0000021cc1870fe0] MethodCompileQueue_lock - owner thread: 0x0000021ce1da0530

OutOfMemory and StackOverflow Exception counts:
OutOfMemoryError java_heap_errors=1
LinkageErrors=123

Heap address: 0x0000000080000000, size: 2048 MB, Compressed Oops mode: 32-bit

CDS archive(s) mapped at: [0x0000000800000000-0x0000000800bc0000-0x0000000800bc0000), size 12320768, SharedBaseAddress: 0x0000000800000000, ArchiveRelocationMode: 0.
Compressed class space mapped at: 0x0000000800c00000-0x000000081a800000, reserved size: 432013312
Narrow klass base: 0x0000000800000000, Narrow klass shift: 0, Narrow klass range: 0x100000000

GC Precious Log:
 CPUs: 4 total, 4 available
 Memory: 8089M
 Large Page Support: Disabled
 NUMA Support: Disabled
 Compressed Oops: Enabled (32-bit)
 Heap Region Size: 1M
 Heap Min Capacity: 8M
 Heap Initial Capacity: 128M
 Heap Max Capacity: 2G
 Pre-touch: Disabled
 Parallel Workers: 4
 Concurrent Workers: 1
 Concurrent Refinement Workers: 4
 Periodic GC: Disabled

Heap:
 garbage-first heap   total 257024K, used 155702K [0x0000000080000000, 0x0000000100000000)
  region size 1024K, 19 young (19456K), 5 survivors (5120K)
 Metaspace       used 89135K, committed 90240K, reserved 503808K
  class space    used 12328K, committed 12864K, reserved 421888K

Heap Regions: E=young(eden), S=young(survivor), O=old, HS=humongous(starts), HC=humongous(continues), CS=collection set, F=free, OA=open archive, CA=closed archive, TAMS=top-at-mark-start (previous, next)
|   0|0x0000000080000000, 0x0000000080100000, 0x0000000080100000|100%| O|  |TAMS 0x0000000080100000, 0x0000000080100000| Untracked 
|   1|0x0000000080100000, 0x0000000080200000, 0x0000000080200000|100%| O|  |TAMS 0x0000000080200000, 0x0000000080200000| Untracked 
|   2|0x0000000080200000, 0x0000000080300000, 0x0000000080300000|100%|HS|  |TAMS 0x0000000080300000, 0x0000000080300000| Complete 
|   3|0x0000000080300000, 0x0000000080400000, 0x0000000080400000|100%|HC|  |TAMS 0x0000000080400000, 0x0000000080400000| Complete 
|   4|0x0000000080400000, 0x0000000080500000, 0x0000000080500000|100%|HC|  |TAMS 0x0000000080500000, 0x0000000080500000| Complete 
|   5|0x0000000080500000, 0x0000000080600000, 0x0000000080600000|100%|HC|  |TAMS 0x0000000080600000, 0x0000000080600000| Complete 
|   6|0x0000000080600000, 0x0000000080700000, 0x0000000080700000|100%| O|  |TAMS 0x0000000080700000, 0x0000000080700000| Untracked 
|   7|0x0000000080700000, 0x0000000080800000, 0x0000000080800000|100%| O|  |TAMS 0x0000000080800000, 0x0000000080800000| Untracked 
|   8|0x0000000080800000, 0x0000000080900000, 0x0000000080900000|100%| O|  |TAMS 0x0000000080900000, 0x0000000080900000| Untracked 
|   9|0x0000000080900000, 0x0000000080a00000, 0x0000000080a00000|100%| O|  |TAMS 0x0000000080a00000, 0x0000000080a00000| Untracked 
|  10|0x0000000080a00000, 0x0000000080b00000, 0x0000000080b00000|100%| O|  |TAMS 0x0000000080b00000, 0x0000000080b00000| Untracked 
|  11|0x0000000080b00000, 0x0000000080c00000, 0x0000000080c00000|100%| O|  |TAMS 0x0000000080c00000, 0x0000000080c00000| Untracked 
|  12|0x0000000080c00000, 0x0000000080d00000, 0x0000000080d00000|100%| O|  |TAMS 0x0000000080d00000, 0x0000000080d00000| Untracked 
|  13|0x0000000080d00000, 0x0000000080e00000, 0x0000000080e00000|100%| O|  |TAMS 0x0000000080e00000, 0x0000000080e00000| Untracked 
|  14|0x0000000080e00000, 0x0000000080f00000, 0x0000000080f00000|100%| O|  |TAMS 0x0000000080f00000, 0x0000000080f00000| Untracked 
|  15|0x0000000080f00000, 0x0000000081000000, 0x0000000081000000|100%| O|  |TAMS 0x0000000081000000, 0x0000000081000000| Untracked 
|  16|0x0000000081000000, 0x0000000081100000, 0x0000000081100000|100%| O|  |TAMS 0x0000000081100000, 0x0000000081100000| Untracked 
|  17|0x0000000081100000, 0x0000000081200000, 0x0000000081200000|100%| O|  |TAMS 0x0000000081200000, 0x0000000081200000| Untracked 
|  18|0x0000000081200000, 0x0000000081300000, 0x0000000081300000|100%| O|  |TAMS 0x0000000081300000, 0x0000000081300000| Untracked 
|  19|0x0000000081300000, 0x0000000081400000, 0x0000000081400000|100%| O|  |TAMS 0x0000000081400000, 0x0000000081400000| Untracked 
|  20|0x0000000081400000, 0x0000000081500000, 0x0000000081500000|100%| O|  |TAMS 0x0000000081500000, 0x0000000081500000| Untracked 
|  21|0x0000000081500000, 0x0000000081600000, 0x0000000081600000|100%| O|  |TAMS 0x0000000081600000, 0x0000000081600000| Untracked 
|  22|0x0000000081600000, 0x0000000081700000, 0x0000000081700000|100%| O|  |TAMS 0x0000000081700000, 0x0000000081700000| Untracked 
|  23|0x0000000081700000, 0x0000000081800000, 0x0000000081800000|100%| O|  |TAMS 0x0000000081800000, 0x0000000081800000| Untracked 
|  24|0x0000000081800000, 0x0000000081900000, 0x0000000081900000|100%| O|  |TAMS 0x0000000081900000, 0x0000000081900000| Untracked 
|  25|0x0000000081900000, 0x0000000081a00000, 0x0000000081a00000|100%| O|  |TAMS 0x0000000081a00000, 0x0000000081a00000| Untracked 
|  26|0x0000000081a00000, 0x0000000081b00000, 0x0000000081b00000|100%| O|  |TAMS 0x0000000081b00000, 0x0000000081b00000| Untracked 
|  27|0x0000000081b00000, 0x0000000081c00000, 0x0000000081c00000|100%| O|  |TAMS 0x0000000081c00000, 0x0000000081c00000| Untracked 
|  28|0x0000000081c00000, 0x0000000081d00000, 0x0000000081d00000|100%| O|  |TAMS 0x0000000081d00000, 0x0000000081d00000| Untracked 
|  29|0x0000000081d00000, 0x0000000081e00000, 0x0000000081e00000|100%| O|  |TAMS 0x0000000081e00000, 0x0000000081e00000| Untracked 
|  30|0x0000000081e00000, 0x0000000081f00000, 0x0000000081f00000|100%| O|  |TAMS 0x0000000081f00000, 0x0000000081f00000| Untracked 
|  31|0x0000000081f00000, 0x0000000082000000, 0x0000000082000000|100%| O|  |TAMS 0x0000000082000000, 0x0000000082000000| Untracked 
|  32|0x0000000082000000, 0x0000000082100000, 0x0000000082100000|100%| O|  |TAMS 0x0000000082100000, 0x0000000082100000| Untracked 
|  33|0x0000000082100000, 0x0000000082200000, 0x0000000082200000|100%| O|  |TAMS 0x0000000082200000, 0x0000000082200000| Untracked 
|  34|0x0000000082200000, 0x0000000082300000, 0x0000000082300000|100%| O|  |TAMS 0x0000000082300000, 0x0000000082300000| Untracked 
|  35|0x0000000082300000, 0x0000000082400000, 0x0000000082400000|100%| O|  |TAMS 0x0000000082400000, 0x0000000082400000| Untracked 
|  36|0x0000000082400000, 0x0000000082500000, 0x0000000082500000|100%| O|  |TAMS 0x0000000082500000, 0x0000000082500000| Untracked 
|  37|0x0000000082500000, 0x0000000082600000, 0x0000000082600000|100%| O|  |TAMS 0x0000000082600000, 0x0000000082600000| Untracked 
|  38|0x0000000082600000, 0x0000000082700000, 0x0000000082700000|100%|HS|  |TAMS 0x0000000082700000, 0x0000000082700000| Complete 
|  39|0x0000000082700000, 0x0000000082800000, 0x0000000082800000|100%|HC|  |TAMS 0x0000000082800000, 0x0000000082800000| Complete 
|  40|0x0000000082800000, 0x0000000082900000, 0x0000000082900000|100%|HS|  |TAMS 0x0000000082900000, 0x0000000082900000| Complete 
|  41|0x0000000082900000, 0x0000000082a00000, 0x0000000082a00000|100%|HC|  |TAMS 0x0000000082a00000, 0x0000000082a00000| Complete 
|  42|0x0000000082a00000, 0x0000000082b00000, 0x0000000082b00000|100%|HC|  |TAMS 0x0000000082b00000, 0x0000000082b00000| Complete 
|  43|0x0000000082b00000, 0x0000000082c00000, 0x0000000082c00000|100%|HC|  |TAMS 0x0000000082c00000, 0x0000000082c00000| Complete 
|  44|0x0000000082c00000, 0x0000000082d00000, 0x0000000082d00000|100%| O|  |TAMS 0x0000000082d00000, 0x0000000082d00000| Untracked 
|  45|0x0000000082d00000, 0x0000000082e00000, 0x0000000082e00000|100%| O|  |TAMS 0x0000000082e00000, 0x0000000082e00000| Untracked 
|  46|0x0000000082e00000, 0x0000000082f00000, 0x0000000082f00000|100%| O|  |TAMS 0x0000000082f00000, 0x0000000082f00000| Untracked 
|  47|0x0000000082f00000, 0x0000000083000000, 0x0000000083000000|100%| O|  |TAMS 0x0000000083000000, 0x0000000083000000| Untracked 
|  48|0x0000000083000000, 0x0000000083100000, 0x0000000083100000|100%| O|  |TAMS 0x0000000083100000, 0x0000000083100000| Untracked 
|  49|0x0000000083100000, 0x0000000083200000, 0x0000000083200000|100%| O|  |TAMS 0x0000000083200000, 0x0000000083200000| Untracked 
|  50|0x0000000083200000, 0x0000000083300000, 0x0000000083300000|100%| O|  |TAMS 0x0000000083300000, 0x0000000083300000| Untracked 
|  51|0x0000000083300000, 0x0000000083400000, 0x0000000083400000|100%| O|  |TAMS 0x0000000083400000, 0x0000000083400000| Untracked 
|  52|0x0000000083400000, 0x0000000083500000, 0x0000000083500000|100%|HS|  |TAMS 0x0000000083400000, 0x0000000083500000| Complete 
|  53|0x0000000083500000, 0x0000000083600000, 0x0000000083600000|100%| O|  |TAMS 0x0000000083600000, 0x0000000083600000| Untracked 
|  54|0x0000000083600000, 0x0000000083700000, 0x0000000083700000|100%| O|  |TAMS 0x0000000083700000, 0x0000000083700000| Untracked 
|  55|0x0000000083700000, 0x0000000083800000, 0x0000000083800000|100%| O|  |TAMS 0x0000000083800000, 0x0000000083800000| Untracked 
|  56|0x0000000083800000, 0x0000000083900000, 0x0000000083900000|100%| O|  |TAMS 0x0000000083900000, 0x0000000083900000| Untracked 
|  57|0x0000000083900000, 0x0000000083a00000, 0x0000000083a00000|100%| O|  |TAMS 0x0000000083a00000, 0x0000000083a00000| Untracked 
|  58|0x0000000083a00000, 0x0000000083b00000, 0x0000000083b00000|100%| O|  |TAMS 0x0000000083b00000, 0x0000000083b00000| Untracked 
|  59|0x0000000083b00000, 0x0000000083c00000, 0x0000000083c00000|100%| O|  |TAMS 0x0000000083c00000, 0x0000000083c00000| Untracked 
|  60|0x0000000083c00000, 0x0000000083d00000, 0x0000000083d00000|100%|HS|  |TAMS 0x0000000083c00000, 0x0000000083d00000| Complete 
|  61|0x0000000083d00000, 0x0000000083e00000, 0x0000000083e00000|100%| O|  |TAMS 0x0000000083e00000, 0x0000000083e00000| Untracked 
|  62|0x0000000083e00000, 0x0000000083f00000, 0x0000000083f00000|100%| O|  |TAMS 0x0000000083f00000, 0x0000000083f00000| Untracked 
|  63|0x0000000083f00000, 0x0000000084000000, 0x0000000084000000|100%|HS|  |TAMS 0x0000000084000000, 0x0000000084000000| Complete 
|  64|0x0000000084000000, 0x0000000084100000, 0x0000000084100000|100%|HS|  |TAMS 0x0000000084100000, 0x0000000084100000| Complete 
|  65|0x0000000084100000, 0x0000000084200000, 0x0000000084200000|100%| O|  |TAMS 0x0000000084200000, 0x0000000084200000| Untracked 
|  66|0x0000000084200000, 0x0000000084300000, 0x0000000084300000|100%| O|  |TAMS 0x0000000084300000, 0x0000000084300000| Untracked 
|  67|0x0000000084300000, 0x0000000084400000, 0x0000000084400000|100%| O|  |TAMS 0x0000000084400000, 0x0000000084400000| Untracked 
|  68|0x0000000084400000, 0x0000000084500000, 0x0000000084500000|100%| O|  |TAMS 0x0000000084500000, 0x0000000084500000| Untracked 
|  69|0x0000000084500000, 0x0000000084600000, 0x0000000084600000|100%| O|  |TAMS 0x0000000084600000, 0x0000000084600000| Untracked 
|  70|0x0000000084600000, 0x0000000084700000, 0x0000000084700000|100%| O|  |TAMS 0x0000000084700000, 0x0000000084700000| Untracked 
|  71|0x0000000084700000, 0x0000000084800000, 0x0000000084800000|100%| O|  |TAMS 0x0000000084800000, 0x0000000084800000| Untracked 
|  72|0x0000000084800000, 0x0000000084900000, 0x0000000084900000|100%| O|  |TAMS 0x0000000084900000, 0x0000000084900000| Untracked 
|  73|0x0000000084900000, 0x0000000084a00000, 0x0000000084a00000|100%| O|  |TAMS 0x0000000084a00000, 0x0000000084a00000| Untracked 
|  74|0x0000000084a00000, 0x0000000084b00000, 0x0000000084b00000|100%| O|  |TAMS 0x0000000084b00000, 0x0000000084b00000| Untracked 
|  75|0x0000000084b00000, 0x0000000084c00000, 0x0000000084c00000|100%| O|  |TAMS 0x0000000084c00000, 0x0000000084c00000| Untracked 
|  76|0x0000000084c00000, 0x0000000084d00000, 0x0000000084d00000|100%| O|  |TAMS 0x0000000084d00000, 0x0000000084d00000| Untracked 
|  77|0x0000000084d00000, 0x0000000084e00000, 0x0000000084e00000|100%| O|  |TAMS 0x0000000084e00000, 0x0000000084e00000| Untracked 
|  78|0x0000000084e00000, 0x0000000084f00000, 0x0000000084f00000|100%| O|  |TAMS 0x0000000084f00000, 0x0000000084f00000| Untracked 
|  79|0x0000000084f00000, 0x0000000085000000, 0x0000000085000000|100%| O|  |TAMS 0x0000000085000000, 0x0000000085000000| Untracked 
|  80|0x0000000085000000, 0x0000000085100000, 0x0000000085100000|100%| O|  |TAMS 0x0000000085100000, 0x0000000085100000| Untracked 
|  81|0x0000000085100000, 0x0000000085200000, 0x0000000085200000|100%| O|  |TAMS 0x0000000085200000, 0x0000000085200000| Untracked 
|  82|0x0000000085200000, 0x0000000085300000, 0x0000000085300000|100%| O|  |TAMS 0x0000000085300000, 0x0000000085300000| Untracked 
|  83|0x0000000085300000, 0x0000000085400000, 0x0000000085400000|100%| O|  |TAMS 0x0000000085400000, 0x0000000085400000| Untracked 
|  84|0x0000000085400000, 0x0000000085500000, 0x0000000085500000|100%| O|  |TAMS 0x0000000085500000, 0x0000000085500000| Untracked 
|  85|0x0000000085500000, 0x0000000085600000, 0x0000000085600000|100%| O|  |TAMS 0x0000000085600000, 0x0000000085600000| Untracked 
|  86|0x0000000085600000, 0x0000000085700000, 0x0000000085700000|100%| O|  |TAMS 0x0000000085700000, 0x0000000085700000| Untracked 
|  87|0x0000000085700000, 0x0000000085800000, 0x0000000085800000|100%| O|  |TAMS 0x0000000085800000, 0x0000000085800000| Untracked 
|  88|0x0000000085800000, 0x0000000085900000, 0x0000000085900000|100%| O|  |TAMS 0x0000000085900000, 0x0000000085900000| Untracked 
|  89|0x0000000085900000, 0x0000000085a00000, 0x0000000085a00000|100%| O|  |TAMS 0x0000000085a00000, 0x0000000085a00000| Untracked 
|  90|0x0000000085a00000, 0x0000000085b00000, 0x0000000085b00000|100%| O|  |TAMS 0x0000000085a00000, 0x0000000085b00000| Untracked 
|  91|0x0000000085b00000, 0x0000000085c00000, 0x0000000085c00000|100%|HS|  |TAMS 0x0000000085c00000, 0x0000000085c00000| Complete 
|  92|0x0000000085c00000, 0x0000000085d00000, 0x0000000085d00000|100%|HS|  |TAMS 0x0000000085d00000, 0x0000000085d00000| Complete 
|  93|0x0000000085d00000, 0x0000000085e00000, 0x0000000085e00000|100%|HS|  |TAMS 0x0000000085e00000, 0x0000000085e00000| Complete 
|  94|0x0000000085e00000, 0x0000000085f00000, 0x0000000085f00000|100%|HS|  |TAMS 0x0000000085f00000, 0x0000000085f00000| Complete 
|  95|0x0000000085f00000, 0x0000000086000000, 0x0000000086000000|100%|HC|  |TAMS 0x0000000086000000, 0x0000000086000000| Complete 
|  96|0x0000000086000000, 0x0000000086100000, 0x0000000086100000|100%|HC|  |TAMS 0x0000000086100000, 0x0000000086100000| Complete 
|  97|0x0000000086100000, 0x0000000086200000, 0x0000000086200000|100%| O|  |TAMS 0x0000000086100000, 0x0000000086200000| Untracked 
|  98|0x0000000086200000, 0x0000000086300000, 0x0000000086300000|100%| O|  |TAMS 0x0000000086200000, 0x0000000086300000| Untracked 
|  99|0x0000000086300000, 0x0000000086400000, 0x0000000086400000|100%| O|  |TAMS 0x0000000086300000, 0x0000000086400000| Untracked 
| 100|0x0000000086400000, 0x0000000086500000, 0x0000000086500000|100%| O|  |TAMS 0x0000000086400000, 0x0000000086500000| Untracked 
| 101|0x0000000086500000, 0x0000000086600000, 0x0000000086600000|100%| O|  |TAMS 0x0000000086500000, 0x0000000086600000| Untracked 
| 102|0x0000000086600000, 0x0000000086700000, 0x0000000086700000|100%| O|  |TAMS 0x0000000086600000, 0x0000000086700000| Untracked 
| 103|0x0000000086700000, 0x0000000086800000, 0x0000000086800000|100%| O|  |TAMS 0x0000000086700000, 0x0000000086800000| Untracked 
| 104|0x0000000086800000, 0x0000000086900000, 0x0000000086900000|100%|HS|  |TAMS 0x0000000086800000, 0x0000000086900000| Complete 
| 105|0x0000000086900000, 0x0000000086a00000, 0x0000000086a00000|100%|HC|  |TAMS 0x0000000086900000, 0x0000000086a00000| Complete 
| 106|0x0000000086a00000, 0x0000000086b00000, 0x0000000086b00000|100%| O|  |TAMS 0x0000000086a00000, 0x0000000086b00000| Untracked 
| 107|0x0000000086b00000, 0x0000000086c00000, 0x0000000086c00000|100%| O|  |TAMS 0x0000000086b00000, 0x0000000086c00000| Untracked 
| 108|0x0000000086c00000, 0x0000000086d00000, 0x0000000086d00000|100%| O|  |TAMS 0x0000000086c00000, 0x0000000086d00000| Untracked 
| 109|0x0000000086d00000, 0x0000000086e00000, 0x0000000086e00000|100%| O|  |TAMS 0x0000000086d00000, 0x0000000086e00000| Untracked 
| 110|0x0000000086e00000, 0x0000000086f00000, 0x0000000086f00000|100%| O|  |TAMS 0x0000000086e00000, 0x0000000086f00000| Untracked 
| 111|0x0000000086f00000, 0x0000000087000000, 0x0000000087000000|100%| O|  |TAMS 0x0000000086f00000, 0x0000000087000000| Untracked 
| 112|0x0000000087000000, 0x0000000087100000, 0x0000000087100000|100%| O|  |TAMS 0x0000000087000000, 0x0000000087100000| Untracked 
| 113|0x0000000087100000, 0x0000000087200000, 0x0000000087200000|100%| O|  |TAMS 0x0000000087100000, 0x0000000087200000| Untracked 
| 114|0x0000000087200000, 0x0000000087300000, 0x0000000087300000|100%| O|  |TAMS 0x0000000087200000, 0x0000000087300000| Untracked 
| 115|0x0000000087300000, 0x0000000087400000, 0x0000000087400000|100%| O|  |TAMS 0x0000000087300000, 0x0000000087400000| Untracked 
| 116|0x0000000087400000, 0x0000000087500000, 0x0000000087500000|100%| O|  |TAMS 0x0000000087400000, 0x0000000087500000| Untracked 
| 117|0x0000000087500000, 0x0000000087600000, 0x0000000087600000|100%| O|  |TAMS 0x0000000087500000, 0x0000000087600000| Untracked 
| 118|0x0000000087600000, 0x0000000087700000, 0x0000000087700000|100%| O|  |TAMS 0x0000000087600000, 0x0000000087700000| Untracked 
| 119|0x0000000087700000, 0x0000000087800000, 0x0000000087800000|100%|HS|  |TAMS 0x0000000087700000, 0x0000000087800000| Complete 
| 120|0x0000000087800000, 0x0000000087900000, 0x0000000087900000|100%|HC|  |TAMS 0x0000000087800000, 0x0000000087900000| Complete 
| 121|0x0000000087900000, 0x0000000087a00000, 0x0000000087a00000|100%|HC|  |TAMS 0x0000000087900000, 0x0000000087a00000| Complete 
| 122|0x0000000087a00000, 0x0000000087b00000, 0x0000000087b00000|100%| O|  |TAMS 0x0000000087a00000, 0x0000000087b00000| Untracked 
| 123|0x0000000087b00000, 0x0000000087c00000, 0x0000000087c00000|100%| O|  |TAMS 0x0000000087b00000, 0x0000000087c00000| Untracked 
| 124|0x0000000087c00000, 0x0000000087d00000, 0x0000000087d00000|100%| O|  |TAMS 0x0000000087c00000, 0x0000000087d00000| Untracked 
| 125|0x0000000087d00000, 0x0000000087e00000, 0x0000000087e00000|100%| O|  |TAMS 0x0000000087d00000, 0x0000000087e00000| Untracked 
| 126|0x0000000087e00000, 0x0000000087f00000, 0x0000000087f00000|100%| O|  |TAMS 0x0000000087e00000, 0x0000000087f00000| Untracked 
| 127|0x0000000087f00000, 0x0000000088000000, 0x0000000088000000|100%| O|  |TAMS 0x0000000087f00000, 0x0000000088000000| Untracked 
| 128|0x0000000088000000, 0x0000000088100000, 0x0000000088100000|100%| O|  |TAMS 0x0000000088000000, 0x0000000088100000| Untracked 
| 129|0x0000000088100000, 0x0000000088200000, 0x0000000088200000|100%| O|  |TAMS 0x0000000088100000, 0x0000000088200000| Untracked 
| 130|0x0000000088200000, 0x0000000088300000, 0x0000000088300000|100%| O|  |TAMS 0x0000000088200000, 0x0000000088300000| Untracked 
| 131|0x0000000088300000, 0x0000000088400000, 0x0000000088400000|100%| O|  |TAMS 0x0000000088300000, 0x0000000088400000| Untracked 
| 132|0x0000000088400000, 0x0000000088442c00, 0x0000000088500000| 26%| O|  |TAMS 0x0000000088400000, 0x0000000088442c00| Untracked 
| 133|0x0000000088500000, 0x0000000088600000, 0x0000000088600000|100%|HS|  |TAMS 0x0000000088500000, 0x0000000088500000| Complete 
| 134|0x0000000088600000, 0x0000000088700000, 0x0000000088700000|100%|HS|  |TAMS 0x0000000088600000, 0x0000000088600000| Complete 
| 135|0x0000000088700000, 0x0000000088800000, 0x0000000088800000|100%|HS|  |TAMS 0x0000000088700000, 0x0000000088700000| Complete 
| 136|0x0000000088800000, 0x0000000088800000, 0x0000000088900000|  0%| F|  |TAMS 0x0000000088800000, 0x0000000088800000| Untracked 
| 137|0x0000000088900000, 0x0000000088900000, 0x0000000088a00000|  0%| F|  |TAMS 0x0000000088900000, 0x0000000088900000| Untracked 
| 138|0x0000000088a00000, 0x0000000088a00000, 0x0000000088b00000|  0%| F|  |TAMS 0x0000000088a00000, 0x0000000088a00000| Untracked 
| 139|0x0000000088b00000, 0x0000000088b00000, 0x0000000088c00000|  0%| F|  |TAMS 0x0000000088b00000, 0x0000000088b00000| Untracked 
| 140|0x0000000088c00000, 0x0000000088c00000, 0x0000000088d00000|  0%| F|  |TAMS 0x0000000088c00000, 0x0000000088c00000| Untracked 
| 141|0x0000000088d00000, 0x0000000088d00000, 0x0000000088e00000|  0%| F|  |TAMS 0x0000000088d00000, 0x0000000088d00000| Untracked 
| 142|0x0000000088e00000, 0x0000000088e00000, 0x0000000088f00000|  0%| F|  |TAMS 0x0000000088e00000, 0x0000000088e00000| Untracked 
| 143|0x0000000088f00000, 0x0000000088f00000, 0x0000000089000000|  0%| F|  |TAMS 0x0000000088f00000, 0x0000000088f00000| Untracked 
| 144|0x0000000089000000, 0x0000000089000000, 0x0000000089100000|  0%| F|  |TAMS 0x0000000089000000, 0x0000000089000000| Untracked 
| 145|0x0000000089100000, 0x0000000089100000, 0x0000000089200000|  0%| F|  |TAMS 0x0000000089100000, 0x0000000089100000| Untracked 
| 146|0x0000000089200000, 0x0000000089200000, 0x0000000089300000|  0%| F|  |TAMS 0x0000000089200000, 0x0000000089200000| Untracked 
| 147|0x0000000089300000, 0x0000000089300000, 0x0000000089400000|  0%| F|  |TAMS 0x0000000089300000, 0x0000000089300000| Untracked 
| 148|0x0000000089400000, 0x0000000089400000, 0x0000000089500000|  0%| F|  |TAMS 0x0000000089400000, 0x0000000089400000| Untracked 
| 149|0x0000000089500000, 0x0000000089500000, 0x0000000089600000|  0%| F|  |TAMS 0x0000000089500000, 0x0000000089500000| Untracked 
| 150|0x0000000089600000, 0x0000000089600000, 0x0000000089700000|  0%| F|  |TAMS 0x0000000089600000, 0x0000000089600000| Untracked 
| 151|0x0000000089700000, 0x0000000089700000, 0x0000000089800000|  0%| F|  |TAMS 0x0000000089700000, 0x0000000089700000| Untracked 
| 152|0x0000000089800000, 0x0000000089800000, 0x0000000089900000|  0%| F|  |TAMS 0x0000000089800000, 0x0000000089800000| Untracked 
| 153|0x0000000089900000, 0x0000000089900000, 0x0000000089a00000|  0%| F|  |TAMS 0x0000000089900000, 0x0000000089900000| Untracked 
| 154|0x0000000089a00000, 0x0000000089a00000, 0x0000000089b00000|  0%| F|  |TAMS 0x0000000089a00000, 0x0000000089a00000| Untracked 
| 155|0x0000000089b00000, 0x0000000089b00000, 0x0000000089c00000|  0%| F|  |TAMS 0x0000000089b00000, 0x0000000089b00000| Untracked 
| 156|0x0000000089c00000, 0x0000000089c00000, 0x0000000089d00000|  0%| F|  |TAMS 0x0000000089c00000, 0x0000000089c00000| Untracked 
| 157|0x0000000089d00000, 0x0000000089d00000, 0x0000000089e00000|  0%| F|  |TAMS 0x0000000089d00000, 0x0000000089d00000| Untracked 
| 158|0x0000000089e00000, 0x0000000089e00000, 0x0000000089f00000|  0%| F|  |TAMS 0x0000000089e00000, 0x0000000089e00000| Untracked 
| 159|0x0000000089f00000, 0x0000000089f00000, 0x000000008a000000|  0%| F|  |TAMS 0x0000000089f00000, 0x0000000089f00000| Untracked 
| 160|0x000000008a000000, 0x000000008a000000, 0x000000008a100000|  0%| F|  |TAMS 0x000000008a000000, 0x000000008a000000| Untracked 
| 161|0x000000008a100000, 0x000000008a100000, 0x000000008a200000|  0%| F|  |TAMS 0x000000008a100000, 0x000000008a100000| Untracked 
| 162|0x000000008a200000, 0x000000008a200000, 0x000000008a300000|  0%| F|  |TAMS 0x000000008a200000, 0x000000008a200000| Untracked 
| 163|0x000000008a300000, 0x000000008a300000, 0x000000008a400000|  0%| F|  |TAMS 0x000000008a300000, 0x000000008a300000| Untracked 
| 164|0x000000008a400000, 0x000000008a400000, 0x000000008a500000|  0%| F|  |TAMS 0x000000008a400000, 0x000000008a400000| Untracked 
| 165|0x000000008a500000, 0x000000008a500000, 0x000000008a600000|  0%| F|  |TAMS 0x000000008a500000, 0x000000008a500000| Untracked 
| 166|0x000000008a600000, 0x000000008a600000, 0x000000008a700000|  0%| F|  |TAMS 0x000000008a600000, 0x000000008a600000| Untracked 
| 167|0x000000008a700000, 0x000000008a700000, 0x000000008a800000|  0%| F|  |TAMS 0x000000008a700000, 0x000000008a700000| Untracked 
| 168|0x000000008a800000, 0x000000008a800000, 0x000000008a900000|  0%| F|  |TAMS 0x000000008a800000, 0x000000008a800000| Untracked 
| 169|0x000000008a900000, 0x000000008a900000, 0x000000008aa00000|  0%| F|  |TAMS 0x000000008a900000, 0x000000008a900000| Untracked 
| 170|0x000000008aa00000, 0x000000008aa00000, 0x000000008ab00000|  0%| F|  |TAMS 0x000000008aa00000, 0x000000008aa00000| Untracked 
| 171|0x000000008ab00000, 0x000000008ab00000, 0x000000008ac00000|  0%| F|  |TAMS 0x000000008ab00000, 0x000000008ab00000| Untracked 
| 172|0x000000008ac00000, 0x000000008ac00000, 0x000000008ad00000|  0%| F|  |TAMS 0x000000008ac00000, 0x000000008ac00000| Untracked 
| 173|0x000000008ad00000, 0x000000008ad00000, 0x000000008ae00000|  0%| F|  |TAMS 0x000000008ad00000, 0x000000008ad00000| Untracked 
| 174|0x000000008ae00000, 0x000000008ae00000, 0x000000008af00000|  0%| F|  |TAMS 0x000000008ae00000, 0x000000008ae00000| Untracked 
| 175|0x000000008af00000, 0x000000008af00000, 0x000000008b000000|  0%| F|  |TAMS 0x000000008af00000, 0x000000008af00000| Untracked 
| 176|0x000000008b000000, 0x000000008b000000, 0x000000008b100000|  0%| F|  |TAMS 0x000000008b000000, 0x000000008b000000| Untracked 
| 177|0x000000008b100000, 0x000000008b100000, 0x000000008b200000|  0%| F|  |TAMS 0x000000008b100000, 0x000000008b100000| Untracked 
| 178|0x000000008b200000, 0x000000008b200000, 0x000000008b300000|  0%| F|  |TAMS 0x000000008b200000, 0x000000008b200000| Untracked 
| 179|0x000000008b300000, 0x000000008b300000, 0x000000008b400000|  0%| F|  |TAMS 0x000000008b300000, 0x000000008b300000| Untracked 
| 180|0x000000008b400000, 0x000000008b400000, 0x000000008b500000|  0%| F|  |TAMS 0x000000008b400000, 0x000000008b400000| Untracked 
| 181|0x000000008b500000, 0x000000008b500000, 0x000000008b600000|  0%| F|  |TAMS 0x000000008b500000, 0x000000008b500000| Untracked 
| 182|0x000000008b600000, 0x000000008b600000, 0x000000008b700000|  0%| F|  |TAMS 0x000000008b600000, 0x000000008b600000| Untracked 
| 183|0x000000008b700000, 0x000000008b700000, 0x000000008b800000|  0%| F|  |TAMS 0x000000008b700000, 0x000000008b700000| Untracked 
| 184|0x000000008b800000, 0x000000008b800000, 0x000000008b900000|  0%| F|  |TAMS 0x000000008b800000, 0x000000008b800000| Untracked 
| 185|0x000000008b900000, 0x000000008b900000, 0x000000008ba00000|  0%| F|  |TAMS 0x000000008b900000, 0x000000008b900000| Untracked 
| 186|0x000000008ba00000, 0x000000008ba00000, 0x000000008bb00000|  0%| F|  |TAMS 0x000000008ba00000, 0x000000008ba00000| Untracked 
| 187|0x000000008bb00000, 0x000000008bb00000, 0x000000008bc00000|  0%| F|  |TAMS 0x000000008bb00000, 0x000000008bb00000| Untracked 
| 188|0x000000008bc00000, 0x000000008bc00000, 0x000000008bd00000|  0%| F|  |TAMS 0x000000008bc00000, 0x000000008bc00000| Untracked 
| 189|0x000000008bd00000, 0x000000008bd00000, 0x000000008be00000|  0%| F|  |TAMS 0x000000008bd00000, 0x000000008bd00000| Untracked 
| 190|0x000000008be00000, 0x000000008be00000, 0x000000008bf00000|  0%| F|  |TAMS 0x000000008be00000, 0x000000008be00000| Untracked 
| 191|0x000000008bf00000, 0x000000008bf00000, 0x000000008c000000|  0%| F|  |TAMS 0x000000008bf00000, 0x000000008bf00000| Untracked 
| 192|0x000000008c000000, 0x000000008c000000, 0x000000008c100000|  0%| F|  |TAMS 0x000000008c000000, 0x000000008c000000| Untracked 
| 193|0x000000008c100000, 0x000000008c100000, 0x000000008c200000|  0%| F|  |TAMS 0x000000008c100000, 0x000000008c100000| Untracked 
| 194|0x000000008c200000, 0x000000008c200000, 0x000000008c300000|  0%| F|  |TAMS 0x000000008c200000, 0x000000008c200000| Untracked 
| 195|0x000000008c300000, 0x000000008c300000, 0x000000008c400000|  0%| F|  |TAMS 0x000000008c300000, 0x000000008c300000| Untracked 
| 196|0x000000008c400000, 0x000000008c400000, 0x000000008c500000|  0%| F|  |TAMS 0x000000008c400000, 0x000000008c400000| Untracked 
| 197|0x000000008c500000, 0x000000008c500000, 0x000000008c600000|  0%| F|  |TAMS 0x000000008c500000, 0x000000008c500000| Untracked 
| 198|0x000000008c600000, 0x000000008c600000, 0x000000008c700000|  0%| F|  |TAMS 0x000000008c600000, 0x000000008c600000| Untracked 
| 199|0x000000008c700000, 0x000000008c700000, 0x000000008c800000|  0%| F|  |TAMS 0x000000008c700000, 0x000000008c700000| Untracked 
| 200|0x000000008c800000, 0x000000008c800000, 0x000000008c900000|  0%| F|  |TAMS 0x000000008c800000, 0x000000008c800000| Untracked 
| 201|0x000000008c900000, 0x000000008c900000, 0x000000008ca00000|  0%| F|  |TAMS 0x000000008c900000, 0x000000008c900000| Untracked 
| 202|0x000000008ca00000, 0x000000008ca00000, 0x000000008cb00000|  0%| F|  |TAMS 0x000000008ca00000, 0x000000008ca00000| Untracked 
| 203|0x000000008cb00000, 0x000000008cb00000, 0x000000008cc00000|  0%| F|  |TAMS 0x000000008cb00000, 0x000000008cb00000| Untracked 
| 204|0x000000008cc00000, 0x000000008cc00000, 0x000000008cd00000|  0%| F|  |TAMS 0x000000008cc00000, 0x000000008cc00000| Untracked 
| 205|0x000000008cd00000, 0x000000008cd00000, 0x000000008ce00000|  0%| F|  |TAMS 0x000000008cd00000, 0x000000008cd00000| Untracked 
| 206|0x000000008ce00000, 0x000000008ce00000, 0x000000008cf00000|  0%| F|  |TAMS 0x000000008ce00000, 0x000000008ce00000| Untracked 
| 207|0x000000008cf00000, 0x000000008cf00000, 0x000000008d000000|  0%| F|  |TAMS 0x000000008cf00000, 0x000000008cf00000| Untracked 
| 208|0x000000008d000000, 0x000000008d000000, 0x000000008d100000|  0%| F|  |TAMS 0x000000008d000000, 0x000000008d000000| Untracked 
| 209|0x000000008d100000, 0x000000008d100000, 0x000000008d200000|  0%| F|  |TAMS 0x000000008d100000, 0x000000008d100000| Untracked 
| 210|0x000000008d200000, 0x000000008d200000, 0x000000008d300000|  0%| F|  |TAMS 0x000000008d200000, 0x000000008d200000| Untracked 
| 211|0x000000008d300000, 0x000000008d300000, 0x000000008d400000|  0%| F|  |TAMS 0x000000008d300000, 0x000000008d300000| Untracked 
| 212|0x000000008d400000, 0x000000008d400000, 0x000000008d500000|  0%| F|  |TAMS 0x000000008d400000, 0x000000008d400000| Untracked 
| 213|0x000000008d500000, 0x000000008d500000, 0x000000008d600000|  0%| F|  |TAMS 0x000000008d500000, 0x000000008d500000| Untracked 
| 214|0x000000008d600000, 0x000000008d600000, 0x000000008d700000|  0%| F|  |TAMS 0x000000008d600000, 0x000000008d600000| Untracked 
| 215|0x000000008d700000, 0x000000008d700000, 0x000000008d800000|  0%| F|  |TAMS 0x000000008d700000, 0x000000008d700000| Untracked 
| 216|0x000000008d800000, 0x000000008d800000, 0x000000008d900000|  0%| F|  |TAMS 0x000000008d800000, 0x000000008d800000| Untracked 
| 217|0x000000008d900000, 0x000000008d900000, 0x000000008da00000|  0%| F|  |TAMS 0x000000008d900000, 0x000000008d900000| Untracked 
| 218|0x000000008da00000, 0x000000008da00000, 0x000000008db00000|  0%| F|  |TAMS 0x000000008da00000, 0x000000008da00000| Untracked 
| 219|0x000000008db00000, 0x000000008db00000, 0x000000008dc00000|  0%| F|  |TAMS 0x000000008db00000, 0x000000008db00000| Untracked 
| 220|0x000000008dc00000, 0x000000008dc00000, 0x000000008dd00000|  0%| F|  |TAMS 0x000000008dc00000, 0x000000008dc00000| Untracked 
| 221|0x000000008dd00000, 0x000000008dd00000, 0x000000008de00000|  0%| F|  |TAMS 0x000000008dd00000, 0x000000008dd00000| Untracked 
| 222|0x000000008de00000, 0x000000008de00000, 0x000000008df00000|  0%| F|  |TAMS 0x000000008de00000, 0x000000008de00000| Untracked 
| 223|0x000000008df00000, 0x000000008df00000, 0x000000008e000000|  0%| F|  |TAMS 0x000000008df00000, 0x000000008df00000| Untracked 
| 224|0x000000008e000000, 0x000000008e000000, 0x000000008e100000|  0%| F|  |TAMS 0x000000008e000000, 0x000000008e000000| Untracked 
| 225|0x000000008e100000, 0x000000008e100000, 0x000000008e200000|  0%| F|  |TAMS 0x000000008e100000, 0x000000008e100000| Untracked 
| 226|0x000000008e200000, 0x000000008e200000, 0x000000008e300000|  0%| F|  |TAMS 0x000000008e200000, 0x000000008e200000| Untracked 
| 227|0x000000008e300000, 0x000000008e300000, 0x000000008e400000|  0%| F|  |TAMS 0x000000008e300000, 0x000000008e300000| Untracked 
| 228|0x000000008e400000, 0x000000008e400000, 0x000000008e500000|  0%| F|  |TAMS 0x000000008e400000, 0x000000008e400000| Untracked 
| 229|0x000000008e500000, 0x000000008e500000, 0x000000008e600000|  0%| F|  |TAMS 0x000000008e500000, 0x000000008e500000| Untracked 
| 230|0x000000008e600000, 0x000000008e600000, 0x000000008e700000|  0%| F|  |TAMS 0x000000008e600000, 0x000000008e600000| Untracked 
| 231|0x000000008e700000, 0x000000008e700000, 0x000000008e800000|  0%| F|  |TAMS 0x000000008e700000, 0x000000008e700000| Untracked 
| 232|0x000000008e800000, 0x000000008e892ef8, 0x000000008e900000| 57%| E|  |TAMS 0x000000008e800000, 0x000000008e800000| Complete 
| 233|0x000000008e900000, 0x000000008ea00000, 0x000000008ea00000|100%| E|CS|TAMS 0x000000008e900000, 0x000000008e900000| Complete 
| 234|0x000000008ea00000, 0x000000008eb00000, 0x000000008eb00000|100%| E|CS|TAMS 0x000000008ea00000, 0x000000008ea00000| Complete 
| 235|0x000000008eb00000, 0x000000008ec00000, 0x000000008ec00000|100%| E|CS|TAMS 0x000000008eb00000, 0x000000008eb00000| Complete 
| 236|0x000000008ec00000, 0x000000008eccaf08, 0x000000008ed00000| 79%| S|CS|TAMS 0x000000008ec00000, 0x000000008ec00000| Complete 
| 237|0x000000008ed00000, 0x000000008ee00000, 0x000000008ee00000|100%| S|CS|TAMS 0x000000008ed00000, 0x000000008ed00000| Complete 
| 238|0x000000008ee00000, 0x000000008ef00000, 0x000000008ef00000|100%| S|CS|TAMS 0x000000008ee00000, 0x000000008ee00000| Complete 
| 239|0x000000008ef00000, 0x000000008f000000, 0x000000008f000000|100%| S|CS|TAMS 0x000000008ef00000, 0x000000008ef00000| Complete 
| 240|0x000000008f000000, 0x000000008f100000, 0x000000008f100000|100%| S|CS|TAMS 0x000000008f000000, 0x000000008f000000| Complete 
| 241|0x000000008f100000, 0x000000008f200000, 0x000000008f200000|100%| E|CS|TAMS 0x000000008f100000, 0x000000008f100000| Complete 
| 242|0x000000008f200000, 0x000000008f300000, 0x000000008f300000|100%| E|CS|TAMS 0x000000008f200000, 0x000000008f200000| Complete 
| 243|0x000000008f300000, 0x000000008f400000, 0x000000008f400000|100%| E|CS|TAMS 0x000000008f300000, 0x000000008f300000| Complete 
| 244|0x000000008f400000, 0x000000008f500000, 0x000000008f500000|100%| E|CS|TAMS 0x000000008f400000, 0x000000008f400000| Complete 
| 245|0x000000008f500000, 0x000000008f600000, 0x000000008f600000|100%| E|  |TAMS 0x000000008f500000, 0x000000008f500000| Complete 
| 246|0x000000008f600000, 0x000000008f700000, 0x000000008f700000|100%| E|CS|TAMS 0x000000008f600000, 0x000000008f600000| Complete 
| 247|0x000000008f700000, 0x000000008f800000, 0x000000008f800000|100%| E|CS|TAMS 0x000000008f700000, 0x000000008f700000| Complete 
| 248|0x000000008f800000, 0x000000008f900000, 0x000000008f900000|100%| E|CS|TAMS 0x000000008f800000, 0x000000008f800000| Complete 
| 249|0x000000008f900000, 0x000000008fa00000, 0x000000008fa00000|100%| E|CS|TAMS 0x000000008f900000, 0x000000008f900000| Complete 
| 250|0x000000008fa00000, 0x000000008fb00000, 0x000000008fb00000|100%| E|CS|TAMS 0x000000008fa00000, 0x000000008fa00000| Complete 

Card table byte_map: [0x0000021cd8760000,0x0000021cd8b60000] _byte_map_base: 0x0000021cd8360000

Marking Bits (Prev, Next): (CMBitMap*) 0x0000021cc18d13c0, (CMBitMap*) 0x0000021cc18d1400
 Prev Bits: [0x0000021cd8f60000, 0x0000021cdaf60000)
 Next Bits: [0x0000021cdaf60000, 0x0000021cdcf60000)

Polling page: 0x0000021cbf750000

Metaspace:

Usage:
  Non-class:     75.02 MB used.
      Class:     12.04 MB used.
       Both:     87.06 MB used.

Virtual space:
  Non-class space:       80.00 MB reserved,      75.56 MB ( 94%) committed,  10 nodes.
      Class space:      412.00 MB reserved,      12.56 MB (  3%) committed,  1 nodes.
             Both:      492.00 MB reserved,      88.12 MB ( 18%) committed. 

Chunk freelists:
   Non-Class:  3.91 MB
       Class:  3.48 MB
        Both:  7.39 MB

MaxMetaspaceSize: 512.00 MB
CompressedClassSpaceSize: 412.00 MB
Initial GC threshold: 21.00 MB
Current GC threshold: 139.81 MB
CDS: on
MetaspaceReclaimPolicy: balanced
 - commit_granule_bytes: 65536.
 - commit_granule_words: 8192.
 - virtual_space_node_default_size: 1048576.
 - enlarge_chunks_in_place: 1.
 - new_chunks_are_fully_committed: 0.
 - uncommit_free_chunks: 1.
 - use_allocation_guard: 0.
 - handle_deallocations: 1.


Internal statistics:

num_allocs_failed_limit: 6.
num_arena_births: 1166.
num_arena_deaths: 0.
num_vsnodes_births: 11.
num_vsnodes_deaths: 0.
num_space_committed: 1410.
num_space_uncommitted: 0.
num_chunks_returned_to_freelist: 6.
num_chunks_taken_from_freelist: 4961.
num_chunk_merges: 6.
num_chunk_splits: 3285.
num_chunks_enlarged: 2159.
num_purges: 0.
num_inconsistent_stats: 0.

CodeHeap 'non-profiled nmethods': size=120000Kb used=6406Kb max_used=6406Kb free=113593Kb
 bounds [0x0000021cd0e30000, 0x0000021cd1480000, 0x0000021cd8360000]
CodeHeap 'profiled nmethods': size=120000Kb used=22163Kb max_used=22163Kb free=97836Kb
 bounds [0x0000021cc9360000, 0x0000021cca910000, 0x0000021cd0890000]
CodeHeap 'non-nmethods': size=5760Kb used=2398Kb max_used=2496Kb free=3361Kb
 bounds [0x0000021cd0890000, 0x0000021cd0b20000, 0x0000021cd0e30000]
 total_blobs=11780 nmethods=10845 adapters=847
 compilation: enabled
              stopped_count=0, restarted_count=0
 full_count=0

Compilation events (20 events):
Event: 91.500 Thread 0x0000021cdf416630 nmethod 12210 0x0000021cca8e7610 code [0x0000021cca8e7b40, 0x0000021cca8ea868]
Event: 91.500 Thread 0x0000021cdf416630 12213       1       org.codehaus.groovy.reflection.CachedMethod::getTransformedMethod (5 bytes)
Event: 91.500 Thread 0x0000021cdf416630 nmethod 12213 0x0000021cd1470590 code [0x0000021cd1470720, 0x0000021cd14707f8]
Event: 91.500 Thread 0x0000021cdf416630 12211       3       org.codehaus.groovy.reflection.CachedClass::getConstructors (11 bytes)
Event: 91.500 Thread 0x0000021cdf416630 nmethod 12211 0x0000021cca8eba90 code [0x0000021cca8ebc40, 0x0000021cca8ebf08]
Event: 91.500 Thread 0x0000021cdf416630 12212       3       org.codehaus.groovy.reflection.CachedClass$2::initValue (5 bytes)
Event: 91.501 Thread 0x0000021cdf416630 nmethod 12212 0x0000021cca8ec010 code [0x0000021cca8ec260, 0x0000021cca8ecc08]
Event: 91.503 Thread 0x0000021cdf415b90 12214       4       groovyjarjarasm.asm.ByteVector::putByte (39 bytes)
Event: 91.503 Thread 0x0000021cdf416630 12215       3       groovyjarjarasm.asm.ClassWriter::visitMethod (57 bytes)
Event: 91.504 Thread 0x0000021cdf416630 nmethod 12215 0x0000021cca8ecf90 code [0x0000021cca8ed140, 0x0000021cca8ed4a8]
Event: 91.504 Thread 0x0000021cdf416630 12216       3       groovyjarjarasm.asm.MethodWriter::<init> (232 bytes)
Event: 91.505 Thread 0x0000021cdf415b90 nmethod 12214 0x0000021cd1470890 code [0x0000021cd1470a20, 0x0000021cd1470b68]
Event: 91.505 Thread 0x0000021cdf415b90 12218       4       groovyjarjarasm.asm.Frame::merge (322 bytes)
Event: 91.505 Thread 0x0000021cdf416630 nmethod 12216 0x0000021cca8ed610 code [0x0000021cca8ed8a0, 0x0000021cca8ee638]
Event: 91.505 Thread 0x0000021cdf416630 12217       3       groovyjarjarasm.asm.MethodWriter::visitCode (1 bytes)
Event: 91.505 Thread 0x0000021cdf416630 nmethod 12217 0x0000021cca8eeb10 code [0x0000021cca8eeca0, 0x0000021cca8eedb8]
Event: 91.506 Thread 0x0000021cdf415b90 nmethod 12218 0x0000021cd1470c90 code [0x0000021cd1470e00, 0x0000021cd1470ef8]
Event: 91.516 Thread 0x0000021cdf415b90 12219       4       java.beans.MethodDescriptor::<init> (48 bytes)
Event: 91.523 Thread 0x0000021cdf416630 12221       1       org.gradle.internal.serialize.Serializers$StatefulSerializerAdapter::access$000 (5 bytes)
Event: 91.524 Thread 0x0000021cdf416630 nmethod 12221 0x0000021cd1471090 code [0x0000021cd1471220, 0x0000021cd14712d8]

GC Heap History (20 events):
Event: 84.534 GC heap before
{Heap before GC invocations=38 (full 0):
 garbage-first heap   total 148480K, used 87327K [0x0000000080000000, 0x0000000100000000)
  region size 1024K, 7 young (7168K), 3 survivors (3072K)
 Metaspace       used 74568K, committed 75328K, reserved 487424K
  class space    used 10141K, committed 10496K, reserved 421888K
}
Event: 84.541 GC heap after
{Heap after GC invocations=39 (full 0):
 garbage-first heap   total 148480K, used 82448K [0x0000000080000000, 0x0000000100000000)
  region size 1024K, 1 young (1024K), 1 survivors (1024K)
 Metaspace       used 74568K, committed 75328K, reserved 487424K
  class space    used 10141K, committed 10496K, reserved 421888K
}
Event: 85.622 GC heap before
{Heap before GC invocations=39 (full 0):
 garbage-first heap   total 148480K, used 117264K [0x0000000080000000, 0x0000000100000000)
  region size 1024K, 35 young (35840K), 1 survivors (1024K)
 Metaspace       used 79005K, committed 79744K, reserved 495616K
  class space    used 10910K, committed 11264K, reserved 421888K
}
Event: 85.626 GC heap after
{Heap after GC invocations=40 (full 0):
 garbage-first heap   total 178176K, used 84009K [0x0000000080000000, 0x0000000100000000)
  region size 1024K, 3 young (3072K), 3 survivors (3072K)
 Metaspace       used 79005K, committed 79744K, reserved 495616K
  class space    used 10910K, committed 11264K, reserved 421888K
}
Event: 86.922 GC heap before
{Heap before GC invocations=40 (full 0):
 garbage-first heap   total 178176K, used 135209K [0x0000000080000000, 0x0000000100000000)
  region size 1024K, 54 young (55296K), 3 survivors (3072K)
 Metaspace       used 82634K, committed 83520K, reserved 495616K
  class space    used 11482K, committed 11904K, reserved 421888K
}
Event: 86.934 GC heap after
{Heap after GC invocations=41 (full 0):
 garbage-first heap   total 178176K, used 91071K [0x0000000080000000, 0x0000000100000000)
  region size 1024K, 7 young (7168K), 7 survivors (7168K)
 Metaspace       used 82634K, committed 83520K, reserved 495616K
  class space    used 11482K, committed 11904K, reserved 421888K
}
Event: 88.049 GC heap before
{Heap before GC invocations=41 (full 0):
 garbage-first heap   total 178176K, used 138175K [0x0000000080000000, 0x0000000100000000)
  region size 1024K, 54 young (55296K), 7 survivors (7168K)
 Metaspace       used 83828K, committed 84736K, reserved 495616K
  class space    used 11626K, committed 12032K, reserved 421888K
}
Event: 88.068 GC heap after
{Heap after GC invocations=42 (full 0):
 garbage-first heap   total 178176K, used 99890K [0x0000000080000000, 0x0000000100000000)
  region size 1024K, 7 young (7168K), 7 survivors (7168K)
 Metaspace       used 83828K, committed 84736K, reserved 495616K
  class space    used 11626K, committed 12032K, reserved 421888K
}
Event: 88.330 GC heap before
{Heap before GC invocations=42 (full 0):
 garbage-first heap   total 178176K, used 120370K [0x0000000080000000, 0x0000000100000000)
  region size 1024K, 23 young (23552K), 7 survivors (7168K)
 Metaspace       used 83889K, committed 84800K, reserved 495616K
  class space    used 11628K, committed 12032K, reserved 421888K
}
Event: 88.341 GC heap after
{Heap after GC invocations=43 (full 0):
 garbage-first heap   total 178176K, used 112640K [0x0000000080000000, 0x0000000100000000)
  region size 1024K, 6 young (6144K), 6 survivors (6144K)
 Metaspace       used 83889K, committed 84800K, reserved 495616K
  class space    used 11628K, committed 12032K, reserved 421888K
}
Event: 89.034 GC heap before
{Heap before GC invocations=44 (full 0):
 garbage-first heap   total 208896K, used 143360K [0x0000000080000000, 0x0000000100000000)
  region size 1024K, 34 young (34816K), 6 survivors (6144K)
 Metaspace       used 85536K, committed 86528K, reserved 503808K
  class space    used 11863K, committed 12352K, reserved 421888K
}
Event: 89.051 GC heap after
{Heap after GC invocations=45 (full 0):
 garbage-first heap   total 208896K, used 119928K [0x0000000080000000, 0x0000000100000000)
  region size 1024K, 5 young (5120K), 5 survivors (5120K)
 Metaspace       used 85536K, committed 86528K, reserved 503808K
  class space    used 11863K, committed 12352K, reserved 421888K
}
Event: 89.257 GC heap before
{Heap before GC invocations=45 (full 0):
 garbage-first heap   total 208896K, used 125048K [0x0000000080000000, 0x0000000100000000)
  region size 1024K, 10 young (10240K), 5 survivors (5120K)
 Metaspace       used 85790K, committed 86784K, reserved 503808K
  class space    used 11889K, committed 12352K, reserved 421888K
}
Event: 89.269 GC heap after
{Heap after GC invocations=46 (full 0):
 garbage-first heap   total 208896K, used 119784K [0x0000000080000000, 0x0000000100000000)
  region size 1024K, 2 young (2048K), 2 survivors (2048K)
 Metaspace       used 85790K, committed 86784K, reserved 503808K
  class space    used 11889K, committed 12352K, reserved 421888K
}
Event: 90.366 GC heap before
{Heap before GC invocations=46 (full 0):
 garbage-first heap   total 208896K, used 164840K [0x0000000080000000, 0x0000000100000000)
  region size 1024K, 41 young (41984K), 2 survivors (2048K)
 Metaspace       used 86634K, committed 87680K, reserved 503808K
  class space    used 11998K, committed 12480K, reserved 421888K
}
Event: 90.384 GC heap after
{Heap after GC invocations=47 (full 0):
 garbage-first heap   total 208896K, used 135411K [0x0000000080000000, 0x0000000100000000)
  region size 1024K, 6 young (6144K), 6 survivors (6144K)
 Metaspace       used 86634K, committed 87680K, reserved 503808K
  class space    used 11998K, committed 12480K, reserved 421888K
}
Event: 91.182 GC heap before
{Heap before GC invocations=47 (full 0):
 garbage-first heap   total 208896K, used 166131K [0x0000000080000000, 0x0000000100000000)
  region size 1024K, 36 young (36864K), 6 survivors (6144K)
 Metaspace       used 88897K, committed 89920K, reserved 503808K
  class space    used 12286K, committed 12800K, reserved 421888K
}
Event: 91.198 GC heap after
{Heap after GC invocations=48 (full 0):
 garbage-first heap   total 257024K, used 139212K [0x0000000080000000, 0x0000000100000000)
  region size 1024K, 4 young (4096K), 4 survivors (4096K)
 Metaspace       used 88897K, committed 89920K, reserved 503808K
  class space    used 12286K, committed 12800K, reserved 421888K
}
Event: 91.322 GC heap before
{Heap before GC invocations=48 (full 0):
 garbage-first heap   total 257024K, used 147404K [0x0000000080000000, 0x0000000100000000)
  region size 1024K, 14 young (14336K), 4 survivors (4096K)
 Metaspace       used 88955K, committed 89984K, reserved 503808K
  class space    used 12292K, committed 12800K, reserved 421888K
}
Event: 91.332 GC heap after
{Heap after GC invocations=49 (full 0):
 garbage-first heap   total 257024K, used 140342K [0x0000000080000000, 0x0000000100000000)
  region size 1024K, 5 young (5120K), 5 survivors (5120K)
 Metaspace       used 88955K, committed 89984K, reserved 503808K
  class space    used 12292K, committed 12800K, reserved 421888K
}

Dll operation events (12 events):
Event: 0.009 Loaded shared library C:\Program Files\Eclipse Adoptium\jdk-17.0.6.10-hotspot\bin\java.dll
Event: 0.022 Loaded shared library C:\Program Files\Eclipse Adoptium\jdk-17.0.6.10-hotspot\bin\jsvml.dll
Event: 0.132 Loaded shared library C:\Program Files\Eclipse Adoptium\jdk-17.0.6.10-hotspot\bin\net.dll
Event: 0.134 Loaded shared library C:\Program Files\Eclipse Adoptium\jdk-17.0.6.10-hotspot\bin\nio.dll
Event: 0.141 Loaded shared library C:\Program Files\Eclipse Adoptium\jdk-17.0.6.10-hotspot\bin\zip.dll
Event: 0.432 Loaded shared library C:\Program Files\Eclipse Adoptium\jdk-17.0.6.10-hotspot\bin\jimage.dll
Event: 0.540 Loaded shared library C:\Program Files\Eclipse Adoptium\jdk-17.0.6.10-hotspot\bin\verify.dll
Event: 0.964 Loaded shared library C:\Users\songe\.gradle\native\68d5fa5c4cc2d200863cafc0d521ce42e7d3e7ee720ec0a83991735586a16f82\windows-amd64\native-platform.dll
Event: 0.970 Loaded shared library C:\Users\songe\.gradle\native\e376f236ea51e6404a007f0833ffe2c6e607c4080706a723a18a27aeea778392\windows-amd64\native-platform-file-events.dll
Event: 2.642 Loaded shared library C:\Program Files\Eclipse Adoptium\jdk-17.0.6.10-hotspot\bin\management.dll
Event: 2.646 Loaded shared library C:\Program Files\Eclipse Adoptium\jdk-17.0.6.10-hotspot\bin\management_ext.dll
Event: 3.453 Loaded shared library C:\Program Files\Eclipse Adoptium\jdk-17.0.6.10-hotspot\bin\sunmscapi.dll

Deoptimization events (20 events):
Event: 91.246 Thread 0x0000021ce1da0530 DEOPT PACKING pc=0x0000021cc96be1d9 sp=0x000000fdb2bf9360
Event: 91.246 Thread 0x0000021ce1da0530 DEOPT UNPACKING pc=0x0000021cd08e7143 sp=0x000000fdb2bf8858 mode 0
Event: 91.256 Thread 0x0000021ce1da0530 DEOPT PACKING pc=0x0000021cc96be1d9 sp=0x000000fdb2bf9360
Event: 91.256 Thread 0x0000021ce1da0530 DEOPT UNPACKING pc=0x0000021cd08e7143 sp=0x000000fdb2bf8858 mode 0
Event: 91.460 Thread 0x0000021ce1da0530 Uncommon trap: trap_request=0xffffff45 fr.pc=0x0000021cd103dd84 relative=0x00000000000008c4
Event: 91.460 Thread 0x0000021ce1da0530 Uncommon trap: reason=unstable_if action=reinterpret pc=0x0000021cd103dd84 method=java.util.WeakHashMap.matchesKey(Ljava/util/WeakHashMap$Entry;Ljava/lang/Object;)Z @ 5 c2
Event: 91.460 Thread 0x0000021ce1da0530 DEOPT PACKING pc=0x0000021cd103dd84 sp=0x000000fdb2bf8af0
Event: 91.460 Thread 0x0000021ce1da0530 DEOPT UNPACKING pc=0x0000021cd08e69a3 sp=0x000000fdb2bf8a58 mode 2
Event: 91.519 Thread 0x0000021ce1da0530 Uncommon trap: trap_request=0xffffff45 fr.pc=0x0000021cd13c0acc relative=0x000000000000056c
Event: 91.519 Thread 0x0000021ce1da0530 Uncommon trap: reason=unstable_if action=reinterpret pc=0x0000021cd13c0acc method=org.gradle.internal.logging.text.AbstractLineChoppingStyledTextOutput$2.execute(Lorg/gradle/internal/logging/text/AbstractLineChoppingStyledTextOutput$StateContext;)V @ 34 c
Event: 91.519 Thread 0x0000021ce1da0530 DEOPT PACKING pc=0x0000021cd13c0acc sp=0x000000fdb2bf7ab0
Event: 91.519 Thread 0x0000021ce1da0530 DEOPT UNPACKING pc=0x0000021cd08e69a3 sp=0x000000fdb2bf7938 mode 2
Event: 91.520 Thread 0x0000021ce1da0530 Uncommon trap: trap_request=0xffffff45 fr.pc=0x0000021cd13ca144 relative=0x0000000000000564
Event: 91.520 Thread 0x0000021ce1da0530 Uncommon trap: reason=unstable_if action=reinterpret pc=0x0000021cd13ca144 method=org.gradle.internal.logging.text.AbstractLineChoppingStyledTextOutput$2.execute(Lorg/gradle/internal/logging/text/AbstractLineChoppingStyledTextOutput$StateContext;)V @ 34 c
Event: 91.520 Thread 0x0000021ce1da0530 DEOPT PACKING pc=0x0000021cd13ca144 sp=0x000000fdb2bf7a20
Event: 91.520 Thread 0x0000021ce1da0530 DEOPT UNPACKING pc=0x0000021cd08e69a3 sp=0x000000fdb2bf7920 mode 2
Event: 91.520 Thread 0x0000021ce1da0530 Uncommon trap: trap_request=0xffffff45 fr.pc=0x0000021cd13cb558 relative=0x0000000000000398
Event: 91.520 Thread 0x0000021ce1da0530 Uncommon trap: reason=unstable_if action=reinterpret pc=0x0000021cd13cb558 method=org.gradle.internal.logging.text.AbstractLineChoppingStyledTextOutput$2.execute(Lorg/gradle/internal/logging/text/AbstractLineChoppingStyledTextOutput$StateContext;)V @ 34 c
Event: 91.520 Thread 0x0000021ce1da0530 DEOPT PACKING pc=0x0000021cd13cb558 sp=0x000000fdb2bf7980
Event: 91.520 Thread 0x0000021ce1da0530 DEOPT UNPACKING pc=0x0000021cd08e69a3 sp=0x000000fdb2bf7940 mode 2

Classes unloaded (0 events):
No events

Classes redefined (0 events):
No events

Internal exceptions (20 events):
Event: 91.444 Thread 0x0000021ce1da0530 Exception <a 'java/lang/ClassNotFoundException'{0x000000008f44bb48}: org/gradle/api/internal/DefaultDomainObjectSetBeanInfo> (0x000000008f44bb48) 
thrown [s\src\hotspot\share\classfile\systemDictionary.cpp, line 256]
Event: 91.445 Thread 0x0000021ce1da0530 Exception <a 'java/lang/ClassNotFoundException'{0x000000008f461938}: org/gradle/api/internal/DefaultDomainObjectSetCustomizer> (0x000000008f461938) 
thrown [s\src\hotspot\share\classfile\systemDictionary.cpp, line 256]
Event: 91.447 Thread 0x0000021ce1da0530 Exception <a 'java/lang/ClassNotFoundException'{0x000000008f485230}: org/gradle/api/internal/plugins/DefaultPluginCollectionCustomizer> (0x000000008f485230) 
thrown [s\src\hotspot\share\classfile\systemDictionary.cpp, line 256]
Event: 91.449 Thread 0x0000021ce1da0530 Exception <a 'java/lang/ClassNotFoundException'{0x000000008f4bfd70}: org/gradle/api/internal/plugins/DefaultPluginContainerCustomizer> (0x000000008f4bfd70) 
thrown [s\src\hotspot\share\classfile\systemDictionary.cpp, line 256]
Event: 91.457 Thread 0x0000021ce1da0530 Exception <a 'java/lang/ClassNotFoundException'{0x000000008f137600}: org/gradle/api/internal/artifacts/configurations/DefaultConfigurationContainer_DecoratedBeanInfo> (0x000000008f137600) 
thrown [s\src\hotspot\share\classfile\systemDictionary.cpp, line 256]
Event: 91.458 Thread 0x0000021ce1da0530 Exception <a 'java/lang/ClassNotFoundException'{0x000000008f14e1d8}: org/gradle/api/internal/artifacts/configurations/DefaultConfigurationContainerBeanInfo> (0x000000008f14e1d8) 
thrown [s\src\hotspot\share\classfile\systemDictionary.cpp, line 256]
Event: 91.459 Thread 0x0000021ce1da0530 Exception <a 'java/lang/ClassNotFoundException'{0x000000008f1621e8}: org/gradle/api/internal/AbstractValidatingNamedDomainObjectContainerBeanInfo> (0x000000008f1621e8) 
thrown [s\src\hotspot\share\classfile\systemDictionary.cpp, line 256]
Event: 91.460 Thread 0x0000021ce1da0530 Exception <a 'java/lang/ClassNotFoundException'{0x000000008f176208}: org/gradle/api/internal/AbstractValidatingNamedDomainObjectContainerCustomizer> (0x000000008f176208) 
thrown [s\src\hotspot\share\classfile\systemDictionary.cpp, line 256]
Event: 91.461 Thread 0x0000021ce1da0530 Exception <a 'java/lang/ClassNotFoundException'{0x000000008f1982e8}: org/gradle/api/internal/artifacts/configurations/DefaultConfigurationContainerCustomizer> (0x000000008f1982e8) 
thrown [s\src\hotspot\share\classfile\systemDictionary.cpp, line 256]
Event: 91.463 Thread 0x0000021ce1da0530 Exception <a 'java/lang/ClassNotFoundException'{0x000000008f1c2a40}: org/gradle/api/internal/artifacts/configurations/DefaultConfigurationContainer_DecoratedCustomizer> (0x000000008f1c2a40) 
thrown [s\src\hotspot\share\classfile\systemDictionary.cpp, line 256]
Event: 91.502 Thread 0x0000021ce1da0530 Exception <a 'java/lang/ClassNotFoundException'{0x000000008ebc4fa0}: java/nio/file/PathsBeanInfo> (0x000000008ebc4fa0) 
thrown [s\src\hotspot\share\classfile\systemDictionary.cpp, line 256]
Event: 91.503 Thread 0x0000021ce1da0530 Exception <a 'java/lang/ClassNotFoundException'{0x000000008ebcd678}: java/nio/file/PathsCustomizer> (0x000000008ebcd678) 
thrown [s\src\hotspot\share\classfile\systemDictionary.cpp, line 256]
Event: 91.513 Thread 0x0000021ce1da0530 Exception <a 'java/lang/ClassNotFoundException'{0x000000008ea417b8}: org/gradle/internal/io/LinePerThreadBufferingOutputStreamBeanInfo> (0x000000008ea417b8) 
thrown [s\src\hotspot\share\classfile\systemDictionary.cpp, line 256]
Event: 91.514 Thread 0x0000021ce1da0530 Exception <a 'java/lang/ClassNotFoundException'{0x000000008ea49e28}: java/io/PrintStreamBeanInfo> (0x000000008ea49e28) 
thrown [s\src\hotspot\share\classfile\systemDictionary.cpp, line 256]
Event: 91.514 Thread 0x0000021ce1da0530 Exception <a 'java/lang/ClassNotFoundException'{0x000000008ea52548}: java/io/FilterOutputStreamBeanInfo> (0x000000008ea52548) 
thrown [s\src\hotspot\share\classfile\systemDictionary.cpp, line 256]
Event: 91.515 Thread 0x0000021ce1da0530 Exception <a 'java/lang/ClassNotFoundException'{0x000000008ea5aeb8}: java/io/OutputStreamBeanInfo> (0x000000008ea5aeb8) 
thrown [s\src\hotspot\share\classfile\systemDictionary.cpp, line 256]
Event: 91.515 Thread 0x0000021ce1da0530 Exception <a 'java/lang/ClassNotFoundException'{0x000000008ea63508}: java/io/OutputStreamCustomizer> (0x000000008ea63508) 
thrown [s\src\hotspot\share\classfile\systemDictionary.cpp, line 256]
Event: 91.516 Thread 0x0000021ce1da0530 Exception <a 'java/lang/ClassNotFoundException'{0x000000008ea6f830}: java/io/FilterOutputStreamCustomizer> (0x000000008ea6f830) 
thrown [s\src\hotspot\share\classfile\systemDictionary.cpp, line 256]
Event: 91.517 Thread 0x0000021ce1da0530 Exception <a 'java/lang/ClassNotFoundException'{0x000000008ea7d318}: java/io/PrintStreamCustomizer> (0x000000008ea7d318) 
thrown [s\src\hotspot\share\classfile\systemDictionary.cpp, line 256]
Event: 91.518 Thread 0x0000021ce1da0530 Exception <a 'java/lang/ClassNotFoundException'{0x000000008eaa26d8}: org/gradle/internal/io/LinePerThreadBufferingOutputStreamCustomizer> (0x000000008eaa26d8) 
thrown [s\src\hotspot\share\classfile\systemDictionary.cpp, line 256]

VM Operations (20 events):
Event: 88.049 Executing VM operation: G1CollectForAllocation
Event: 88.068 Executing VM operation: G1CollectForAllocation done
Event: 88.330 Executing VM operation: G1TryInitiateConcMark
Event: 88.341 Executing VM operation: G1TryInitiateConcMark done
Event: 88.565 Executing VM operation: G1Concurrent
Event: 88.571 Executing VM operation: G1Concurrent done
Event: 88.695 Executing VM operation: G1Concurrent
Event: 88.695 Executing VM operation: G1Concurrent done
Event: 89.033 Executing VM operation: G1CollectForAllocation
Event: 89.052 Executing VM operation: G1CollectForAllocation done
Event: 89.257 Executing VM operation: G1CollectForAllocation
Event: 89.269 Executing VM operation: G1CollectForAllocation done
Event: 90.027 Executing VM operation: ICBufferFull
Event: 90.027 Executing VM operation: ICBufferFull done
Event: 90.366 Executing VM operation: G1CollectForAllocation
Event: 90.385 Executing VM operation: G1CollectForAllocation done
Event: 91.182 Executing VM operation: G1CollectForAllocation
Event: 91.198 Executing VM operation: G1CollectForAllocation done
Event: 91.322 Executing VM operation: G1TryInitiateConcMark
Event: 91.332 Executing VM operation: G1TryInitiateConcMark done

Events (20 events):
Event: 91.514 loading class java/io/FilterOutputStreamBeanInfo
Event: 91.514 loading class java/io/FilterOutputStreamBeanInfo done
Event: 91.514 loading class java/io/OutputStreamBeanInfo
Event: 91.514 loading class java/io/OutputStreamBeanInfo done
Event: 91.514 loading class java/io/OutputStreamBeanInfo
Event: 91.514 loading class java/io/OutputStreamBeanInfo done
Event: 91.515 loading class java/io/OutputStreamCustomizer
Event: 91.515 loading class java/io/OutputStreamCustomizer done
Event: 91.515 loading class java/io/OutputStreamCustomizer
Event: 91.515 loading class java/io/OutputStreamCustomizer done
Event: 91.515 loading class java/io/FilterOutputStreamCustomizer
Event: 91.515 loading class java/io/FilterOutputStreamCustomizer done
Event: 91.516 loading class java/io/FilterOutputStreamCustomizer
Event: 91.516 loading class java/io/FilterOutputStreamCustomizer done
Event: 91.516 loading class java/beans/ParameterDescriptor
Event: 91.516 loading class java/beans/ParameterDescriptor done
Event: 91.516 loading class java/io/PrintStreamCustomizer
Event: 91.516 loading class java/io/PrintStreamCustomizer done
Event: 91.517 loading class java/io/PrintStreamCustomizer
Event: 91.517 loading class java/io/PrintStreamCustomizer done


Dynamic libraries:
0x00007ff640170000 - 0x00007ff64017e000 	C:\Program Files\Eclipse Adoptium\jdk-17.0.6.10-hotspot\bin\java.exe
0x00007fff28fd0000 - 0x00007fff291c8000 	C:\WINDOWS\SYSTEM32\ntdll.dll
0x00007fff27030000 - 0x00007fff270ef000 	C:\WINDOWS\System32\KERNEL32.DLL
0x00007fff26710000 - 0x00007fff26a06000 	C:\WINDOWS\System32\KERNELBASE.dll
0x00007fff26c50000 - 0x00007fff26d50000 	C:\WINDOWS\System32\ucrtbase.dll
0x00007fff12bd0000 - 0x00007fff12be7000 	C:\Program Files\Eclipse Adoptium\jdk-17.0.6.10-hotspot\bin\jli.dll
0x00007fff28290000 - 0x00007fff2842d000 	C:\WINDOWS\System32\USER32.dll
0x00007fff266e0000 - 0x00007fff26702000 	C:\WINDOWS\System32\win32u.dll
0x00007fff28000000 - 0x00007fff2802c000 	C:\WINDOWS\System32\GDI32.dll
0x00007fff26e70000 - 0x00007fff26f85000 	C:\WINDOWS\System32\gdi32full.dll
0x00007fff26f90000 - 0x00007fff2702d000 	C:\WINDOWS\System32\msvcp_win.dll
0x00007fff0c820000 - 0x00007fff0c839000 	C:\Program Files\Eclipse Adoptium\jdk-17.0.6.10-hotspot\bin\VCRUNTIME140.dll
0x00007fff10230000 - 0x00007fff104ca000 	C:\WINDOWS\WinSxS\amd64_microsoft.windows.common-controls_6595b64144ccf1df_6.0.19041.1110_none_60b5254171f9507e\COMCTL32.dll
0x00007fff281f0000 - 0x00007fff2828e000 	C:\WINDOWS\System32\msvcrt.dll
0x00007fff281c0000 - 0x00007fff281f0000 	C:\WINDOWS\System32\IMM32.DLL
0x00007fff20ff0000 - 0x00007fff20ffc000 	C:\Program Files\Eclipse Adoptium\jdk-17.0.6.10-hotspot\bin\vcruntime140_1.dll
0x00007ffec8160000 - 0x00007ffec81f1000 	C:\Program Files\Eclipse Adoptium\jdk-17.0.6.10-hotspot\bin\msvcp140.dll
0x00007ffeae940000 - 0x00007ffeaf587000 	C:\Program Files\Eclipse Adoptium\jdk-17.0.6.10-hotspot\bin\server\jvm.dll
0x00007fff27da0000 - 0x00007fff27e4f000 	C:\WINDOWS\System32\ADVAPI32.dll
0x00007fff275f0000 - 0x00007fff2768c000 	C:\WINDOWS\System32\sechost.dll
0x00007fff28e60000 - 0x00007fff28f86000 	C:\WINDOWS\System32\RPCRT4.dll
0x00007fff0af40000 - 0x00007fff0af49000 	C:\WINDOWS\SYSTEM32\WSOCK32.dll
0x00007fff27e50000 - 0x00007fff27ebb000 	C:\WINDOWS\System32\WS2_32.dll
0x00007fff11200000 - 0x00007fff11227000 	C:\WINDOWS\SYSTEM32\WINMM.dll
0x00007fff1dff0000 - 0x00007fff1dffa000 	C:\WINDOWS\SYSTEM32\VERSION.dll
0x00007fff24720000 - 0x00007fff24732000 	C:\WINDOWS\SYSTEM32\kernel.appcore.dll
0x00007fff1cd00000 - 0x00007fff1cd0a000 	C:\Program Files\Eclipse Adoptium\jdk-17.0.6.10-hotspot\bin\jimage.dll
0x00007fff242e0000 - 0x00007fff244c4000 	C:\WINDOWS\SYSTEM32\DBGHELP.DLL
0x00007fff075d0000 - 0x00007fff07604000 	C:\WINDOWS\SYSTEM32\dbgcore.DLL
0x00007fff26b70000 - 0x00007fff26bf2000 	C:\WINDOWS\System32\bcryptPrimitives.dll
0x00007ffec8420000 - 0x00007ffec8445000 	C:\Program Files\Eclipse Adoptium\jdk-17.0.6.10-hotspot\bin\java.dll
0x00007ffec5b10000 - 0x00007ffec5be6000 	C:\Program Files\Eclipse Adoptium\jdk-17.0.6.10-hotspot\bin\jsvml.dll
0x00007fff285e0000 - 0x00007fff28d24000 	C:\WINDOWS\System32\SHELL32.dll
0x00007fff24740000 - 0x00007fff24ed4000 	C:\WINDOWS\SYSTEM32\windows.storage.dll
0x00007fff278d0000 - 0x00007fff27c24000 	C:\WINDOWS\System32\combase.dll
0x00007fff260f0000 - 0x00007fff2611e000 	C:\WINDOWS\SYSTEM32\Wldp.dll
0x00007fff28110000 - 0x00007fff281bd000 	C:\WINDOWS\System32\SHCORE.dll
0x00007fff27ec0000 - 0x00007fff27f15000 	C:\WINDOWS\System32\shlwapi.dll
0x00007fff265e0000 - 0x00007fff26605000 	C:\WINDOWS\SYSTEM32\profapi.dll
0x00007ffefb650000 - 0x00007ffefb669000 	C:\Program Files\Eclipse Adoptium\jdk-17.0.6.10-hotspot\bin\net.dll
0x00007fff1a2b0000 - 0x00007fff1a3ba000 	C:\WINDOWS\SYSTEM32\WINHTTP.dll
0x00007fff25e50000 - 0x00007fff25eba000 	C:\WINDOWS\system32\mswsock.dll
0x00007ffef57a0000 - 0x00007ffef57b5000 	C:\Program Files\Eclipse Adoptium\jdk-17.0.6.10-hotspot\bin\nio.dll
0x00007ffef4b20000 - 0x00007ffef4b38000 	C:\Program Files\Eclipse Adoptium\jdk-17.0.6.10-hotspot\bin\zip.dll
0x00007fff1f190000 - 0x00007fff1f1a0000 	C:\Program Files\Eclipse Adoptium\jdk-17.0.6.10-hotspot\bin\verify.dll
0x00007fff1fbb0000 - 0x00007fff1fbd7000 	C:\Users\songe\.gradle\native\68d5fa5c4cc2d200863cafc0d521ce42e7d3e7ee720ec0a83991735586a16f82\windows-amd64\native-platform.dll
0x00007ffed6ce0000 - 0x00007ffed6e24000 	C:\Users\songe\.gradle\native\e376f236ea51e6404a007f0833ffe2c6e607c4080706a723a18a27aeea778392\windows-amd64\native-platform-file-events.dll
0x00007fff0b010000 - 0x00007fff0b019000 	C:\Program Files\Eclipse Adoptium\jdk-17.0.6.10-hotspot\bin\management.dll
0x00007fff04d00000 - 0x00007fff04d0b000 	C:\Program Files\Eclipse Adoptium\jdk-17.0.6.10-hotspot\bin\management_ext.dll
0x00007fff28d30000 - 0x00007fff28d38000 	C:\WINDOWS\System32\PSAPI.DLL
0x00007fff26040000 - 0x00007fff26058000 	C:\WINDOWS\SYSTEM32\CRYPTSP.dll
0x00007fff25700000 - 0x00007fff25734000 	C:\WINDOWS\system32\rsaenh.dll
0x00007fff266b0000 - 0x00007fff266d7000 	C:\WINDOWS\System32\bcrypt.dll
0x00007fff265a0000 - 0x00007fff265ce000 	C:\WINDOWS\SYSTEM32\USERENV.dll
0x00007fff26060000 - 0x00007fff2606c000 	C:\WINDOWS\SYSTEM32\CRYPTBASE.dll
0x00007fff25af0000 - 0x00007fff25b2c000 	C:\WINDOWS\SYSTEM32\IPHLPAPI.DLL
0x00007fff275e0000 - 0x00007fff275e8000 	C:\WINDOWS\System32\NSI.dll
0x00007fff1c980000 - 0x00007fff1c997000 	C:\WINDOWS\SYSTEM32\dhcpcsvc6.DLL
0x00007fff1e000000 - 0x00007fff1e01d000 	C:\WINDOWS\SYSTEM32\dhcpcsvc.DLL
0x00007fff25b40000 - 0x00007fff25c0a000 	C:\WINDOWS\SYSTEM32\DNSAPI.dll
0x00007ffefc350000 - 0x00007ffefc35e000 	C:\Program Files\Eclipse Adoptium\jdk-17.0.6.10-hotspot\bin\sunmscapi.dll
0x00007fff26a10000 - 0x00007fff26b6e000 	C:\WINDOWS\System32\CRYPT32.dll
0x00007fff26160000 - 0x00007fff26188000 	C:\WINDOWS\SYSTEM32\ncrypt.dll
0x00007fff26120000 - 0x00007fff2615b000 	C:\WINDOWS\SYSTEM32\NTASN1.dll
0x00007fff0f0b0000 - 0x00007fff0f0b7000 	C:\WINDOWS\system32\wshunix.dll

dbghelp: loaded successfully - version: 4.0.5 - missing functions: none
symbol engine: initialized successfully - sym options: 0x614 - pdb path: .;C:\Program Files\Eclipse Adoptium\jdk-17.0.6.10-hotspot\bin;C:\WINDOWS\SYSTEM32;C:\WINDOWS\WinSxS\amd64_microsoft.windows.common-controls_6595b64144ccf1df_6.0.19041.1110_none_60b5254171f9507e;C:\Program Files\Eclipse Adoptium\jdk-17.0.6.10-hotspot\bin\server;C:\Users\songe\.gradle\native\68d5fa5c4cc2d200863cafc0d521ce42e7d3e7ee720ec0a83991735586a16f82\windows-amd64;C:\Users\songe\.gradle\native\e376f236ea51e6404a007f0833ffe2c6e607c4080706a723a18a27aeea778392\windows-amd64

VM Arguments:
jvm_args: -XX:MaxMetaspaceSize=512m --add-opens=java.base/java.util=ALL-UNNAMED --add-opens=java.base/java.lang=ALL-UNNAMED --add-opens=java.base/java.lang.invoke=ALL-UNNAMED --add-opens=java.prefs/java.util.prefs=ALL-UNNAMED --add-opens=java.base/java.nio.charset=ALL-UNNAMED --add-opens=java.base/java.net=ALL-UNNAMED --add-opens=java.base/java.util.concurrent.atomic=ALL-UNNAMED -Xmx2048m -Dfile.encoding=windows-1252 -Duser.country=ZA -Duser.language=en -Duser.variant 
java_command: org.gradle.launcher.daemon.bootstrap.GradleDaemon 8.0.1
java_class_path (initial): C:\Users\songe\.gradle\wrapper\dists\gradle-8.0.1-all\aro4hu1c3oeioove7l0i4i14o\gradle-8.0.1\lib\gradle-launcher-8.0.1.jar
Launcher Type: SUN_STANDARD

[Global flags]
     intx CICompilerCount                          = 3                                         {product} {ergonomic}
   size_t CompressedClassSpaceSize                 = 432013312                                 {product} {ergonomic}
     uint ConcGCThreads                            = 1                                         {product} {ergonomic}
     uint G1ConcRefinementThreads                  = 4                                         {product} {ergonomic}
   size_t G1HeapRegionSize                         = 1048576                                   {product} {ergonomic}
    uintx GCDrainStackTargetSize                   = 64                                        {product} {ergonomic}
   size_t InitialHeapSize                          = 134217728                                 {product} {ergonomic}
   size_t MarkStackSize                            = 4194304                                   {product} {ergonomic}
   size_t MaxHeapSize                              = 2147483648                                {product} {command line}
   size_t MaxMetaspaceSize                         = 536870912                                 {product} {command line}
   size_t MaxNewSize                               = 1287651328                                {product} {ergonomic}
   size_t MinHeapDeltaBytes                        = 1048576                                   {product} {ergonomic}
   size_t MinHeapSize                              = 8388608                                   {product} {ergonomic}
    uintx NonNMethodCodeHeapSize                   = 5832780                                {pd product} {ergonomic}
    uintx NonProfiledCodeHeapSize                  = 122912730                              {pd product} {ergonomic}
    uintx ProfiledCodeHeapSize                     = 122912730                              {pd product} {ergonomic}
    uintx ReservedCodeCacheSize                    = 251658240                              {pd product} {ergonomic}
     bool SegmentedCodeCache                       = true                                      {product} {ergonomic}
   size_t SoftMaxHeapSize                          = 2147483648                             {manageable} {ergonomic}
     bool UseCompressedClassPointers               = true                           {product lp64_product} {ergonomic}
     bool UseCompressedOops                        = true                           {product lp64_product} {ergonomic}
     bool UseG1GC                                  = true                                      {product} {ergonomic}
     bool UseLargePagesIndividualAllocation        = false                                  {pd product} {ergonomic}

Logging:
Log output configuration:
 #0: stdout all=warning uptime,level,tags
 #1: stderr all=off uptime,level,tags

Environment Variables:
JAVA_HOME=C:\Program Files\Eclipse Adoptium\jdk-17.0.6.10-hotspot
CLASSPATH=C:\Users\songe\source\repos\proficient-master\proficient-master\android\\gradle\wrapper\gradle-wrapper.jar
PATH=C:\Users\songe\source\repos\proficient-master\proficient-master\node_modules\.bin;C:\Users\songe\source\repos\proficient-master\proficient-master\node_modules\.bin;C:\Users\songe\source\repos\proficient-master\node_modules\.bin;C:\Users\songe\source\repos\node_modules\.bin;C:\Users\songe\source\node_modules\.bin;C:\Users\songe\node_modules\.bin;C:\Users\node_modules\.bin;C:\node_modules\.bin;C:\Program Files\nodejs\node_modules\npm\node_modules\@npmcli\run-script\lib\node-gyp-bin;C:\Users\songe\source\repos\proficient-master\proficient-master\node_modules\.bin;C:\Users\songe\source\repos\proficient-master\node_modules\.bin;C:\Users\songe\source\repos\node_modules\.bin;C:\Users\songe\source\node_modules\.bin;C:\Users\songe\node_modules\.bin;C:\Users\node_modules\.bin;C:\node_modules\.bin;C:\Program Files\nodejs\node_modules\npm\node_modules\@npmcli\run-script\lib\node-gyp-bin;C:\Users\songe\bin;C:\Program Files\Git\mingw64\bin;C:\Program Files\Git\usr\local\bin;C:\Program Files\Git\usr\bin;C:\Program Files\Git\usr\bin;C:\Program Files\Git\mingw64\bin;C:\Program Files\Git\usr\bin;C:\Users\songe\bin;C:\Program Files\Eclipse Adoptium\jdk-17.0.6.10-hotspot\bin;C:\Program Files (x86)\Intel\Intel(R) Management Engine Components\iCLS;C:\Program Files\Intel\Intel(R) Management Engine Components\iCLS;C:\Windows\system32;C:\Windows;C:\Windows\System32\Wbem;C:\Windows\System32\WindowsPowerShell\v1.0;C:\Program Files (x86)\NVIDIA Corporation\PhysX\Common;C:\Program Files (x86)\Intel\Intel(R) Management Engine Components\DAL;C:\Program Files\Intel\Intel(R) Management Engine Components\DAL;C:\Program Files (x86)\Intel\Intel(R) Management Engine Components\IPT;C:\Program Files\Intel\Intel(R) Management Engine Components\IPT;C:\Program Files\Intel\WiFi\bin;C:\Program Files\Common Files\Intel\WirelessCommon;C:\WINDOWS\system32;C:\WINDOWS;C:\WINDOWS\System32\Wbem;C:\WINDOWS\System32\WindowsPowerShell\v1.0;C:\WINDOWS\System32\OpenSSH;C:\Program Files\Microsoft SQL Server\150\Tools\Bi
USERNAME=songe
SHELL=C:\Program Files\Git\usr\bin\bash.exe
DISPLAY=needs-to-be-defined
LANG=en_US.UTF-8
TERM=xterm-256color
TMPDIR=C:\Users\songe\AppData\Local\Temp
OS=Windows_NT
PROCESSOR_IDENTIFIER=Intel64 Family 6 Model 142 Stepping 9, GenuineIntel
TMP=C:\Users\songe\AppData\Local\Temp
TEMP=C:\Users\songe\AppData\Local\Temp



---------------  S Y S T E M  ---------------

OS:
 Windows 10 , 64 bit Build 19041 (10.0.19041.3155)
OS uptime: 0 days 4:19 hours

CPU: total 4 (initial active 4) (2 cores per cpu, 2 threads per core) family 6 model 142 stepping 9 microcode 0xf0, cx8, cmov, fxsr, ht, mmx, 3dnowpref, sse, sse2, sse3, ssse3, sse4.1, sse4.2, popcnt, lzcnt, tsc, tscinvbit, avx, avx2, aes, erms, clmul, bmi1, bmi2, adx, fma, vzeroupper, clflush, clflushopt

Memory: 4k page, system-wide physical 8089M (319M free)
TotalPageFile size 11089M (AvailPageFile size 3M)
current process WorkingSet (physical memory assigned to process): 430M, peak: 435M
current process commit charge ("private bytes"): 530M, peak: 542M

vm_info: OpenJDK 64-Bit Server VM (17.0.6+10) for windows-amd64 JRE (17.0.6+10), built on Jan 18 2023 10:08:59 by "temurin" with MS VC++ 16.7 (VS2019)

END.
