#
# There is insufficient memory for the Java Runtime Environment to continue.
# Native memory allocation (malloc) failed to allocate 219664 bytes for Chunk::new
# Possible reasons:
#   The system is out of physical RAM or swap space
#   The process is running with CompressedOops enabled, and the Java Heap may be blocking the growth of the native heap
# Possible solutions:
#   Reduce memory load on the system
#   Increase physical memory or swap space
#   Check if swap backing store is full
#   Decrease Java heap size (-Xmx/-Xms)
#   Decrease number of Java threads
#   Decrease Java thread stack sizes (-Xss)
#   Set larger code cache with -XX:ReservedCodeCacheSize=
#   JVM is running with Unscaled Compressed Oops mode in which the Java heap is
#     placed in the first 4GB address space. The Java Heap base address is the
#     maximum limit for the native heap growth. Please use -XX:HeapBaseMinAddress
#     to set the Java Heap base and to place the Java Heap above 4GB virtual address.
# This output file may be truncated or incomplete.
#
#  Out of Memory Error (arena.cpp:189), pid=11008, tid=21008
#
# JRE version: OpenJDK Runtime Environment Temurin-17.0.6+10 (17.0.6+10) (build 17.0.6+10)
# Java VM: OpenJDK 64-Bit Server VM Temurin-17.0.6+10 (17.0.6+10, mixed mode, sharing, tiered, compressed oops, compressed class ptrs, g1 gc, windows-amd64)
# No core dump will be written. Minidumps are not enabled by default on client versions of Windows
#

---------------  S U M M A R Y ------------

Command Line: -Xmx64m -Xms64m -Dorg.gradle.appname=gradlew org.gradle.wrapper.GradleWrapperMain tasks

Host: Intel(R) Core(TM) i7-7500U CPU @ 2.70GHz, 4 cores, 7G,  Windows 10 , 64 bit Build 19041 (10.0.19041.3155)
Time: Wed Jul 12 02:28:15 2023 South Africa Standard Time elapsed time: 1.529148 seconds (0d 0h 0m 1s)

---------------  T H R E A D  ---------------

Current thread (0x0000025626cf6780):  JavaThread "C2 CompilerThread0" daemon [_thread_in_native, id=21008, stack(0x0000008bd7600000,0x0000008bd7700000)]


Current CompileTask:
C2:   1529  440       4       java.io.File::<init> (78 bytes)

Stack: [0x0000008bd7600000,0x0000008bd7700000]
Native frames: (J=compiled Java code, j=interpreted, Vv=VM code, C=native code)
V  [jvm.dll+0x67741a]
V  [jvm.dll+0x834434]
V  [jvm.dll+0x835bde]
V  [jvm.dll+0x836243]
V  [jvm.dll+0x2457b5]
V  [jvm.dll+0xabafc]
V  [jvm.dll+0xac0cc]
V  [jvm.dll+0x3634e7]
V  [jvm.dll+0x32dda1]
V  [jvm.dll+0x32d24a]
V  [jvm.dll+0x2185f1]
V  [jvm.dll+0x217a11]
V  [jvm.dll+0x1a3d0d]
V  [jvm.dll+0x22742a]
V  [jvm.dll+0x225565]
V  [jvm.dll+0x7ea2cb]
V  [jvm.dll+0x7e483a]
V  [jvm.dll+0x6762c5]
C  [ucrtbase.dll+0x21bb2]
C  [KERNEL32.DLL+0x17614]
C  [ntdll.dll+0x526b1]


---------------  P R O C E S S  ---------------

Threads class SMR info:
_java_thread_list=0x0000025627818490, length=12, elements={
0x000002560bc44380, 0x0000025626cd8510, 0x0000025626cd9380, 0x0000025626cf1b70,
0x0000025626cf2630, 0x0000025626cf50f0, 0x0000025626cf5aa0, 0x0000025626cf6780,
0x0000025626cf9a40, 0x0000025626d71620, 0x000002562783f390, 0x0000025627846240
}

Java Threads: ( => current thread )
  0x000002560bc44380 JavaThread "main" [_thread_in_native, id=20852, stack(0x0000008bd6900000,0x0000008bd6a00000)]
  0x0000025626cd8510 JavaThread "Reference Handler" daemon [_thread_blocked, id=7016, stack(0x0000008bd7000000,0x0000008bd7100000)]
  0x0000025626cd9380 JavaThread "Finalizer" daemon [_thread_blocked, id=14732, stack(0x0000008bd7100000,0x0000008bd7200000)]
  0x0000025626cf1b70 JavaThread "Signal Dispatcher" daemon [_thread_blocked, id=11096, stack(0x0000008bd7200000,0x0000008bd7300000)]
  0x0000025626cf2630 JavaThread "Attach Listener" daemon [_thread_blocked, id=20996, stack(0x0000008bd7300000,0x0000008bd7400000)]
  0x0000025626cf50f0 JavaThread "Service Thread" daemon [_thread_blocked, id=21000, stack(0x0000008bd7400000,0x0000008bd7500000)]
  0x0000025626cf5aa0 JavaThread "Monitor Deflation Thread" daemon [_thread_blocked, id=21004, stack(0x0000008bd7500000,0x0000008bd7600000)]
=>0x0000025626cf6780 JavaThread "C2 CompilerThread0" daemon [_thread_in_native, id=21008, stack(0x0000008bd7600000,0x0000008bd7700000)]
  0x0000025626cf9a40 JavaThread "C1 CompilerThread0" daemon [_thread_blocked, id=10884, stack(0x0000008bd7700000,0x0000008bd7800000)]
  0x0000025626d71620 JavaThread "Sweeper thread" daemon [_thread_blocked, id=10332, stack(0x0000008bd7800000,0x0000008bd7900000)]
  0x000002562783f390 JavaThread "Notification Thread" daemon [_thread_blocked, id=3864, stack(0x0000008bd7900000,0x0000008bd7a00000)]
  0x0000025627846240 JavaThread "Common-Cleaner" daemon [_thread_blocked, id=14740, stack(0x0000008bd7b00000,0x0000008bd7c00000)]

Other Threads:
  0x000002560bd0e810 VMThread "VM Thread" [stack: 0x0000008bd6f00000,0x0000008bd7000000] [id=6396]
  0x0000025626dc2d80 WatcherThread [stack: 0x0000008bd7a00000,0x0000008bd7b00000] [id=4888]
  0x000002560bc63900 GCTaskThread "GC Thread#0" [stack: 0x0000008bd6a00000,0x0000008bd6b00000] [id=20876]
  0x000002560bc65040 ConcurrentGCThread "G1 Main Marker" [stack: 0x0000008bd6b00000,0x0000008bd6c00000] [id=20880]
  0x000002560bc65a50 ConcurrentGCThread "G1 Conc#0" [stack: 0x0000008bd6c00000,0x0000008bd6d00000] [id=20884]
  0x000002560bcb4290 ConcurrentGCThread "G1 Refine#0" [stack: 0x0000008bd6d00000,0x0000008bd6e00000] [id=5712]
  0x000002560bcb4cb0 ConcurrentGCThread "G1 Service" [stack: 0x0000008bd6e00000,0x0000008bd6f00000] [id=20580]

Threads with active compile tasks:
C2 CompilerThread0     1554  440       4       java.io.File::<init> (78 bytes)

VM state: not at safepoint (normal execution)

VM Mutex/Monitor currently owned by a thread: None

Heap address: 0x00000000fc000000, size: 64 MB, Compressed Oops mode: 32-bit

CDS archive(s) mapped at: [0x0000000800000000-0x0000000800bc0000-0x0000000800bc0000), size 12320768, SharedBaseAddress: 0x0000000800000000, ArchiveRelocationMode: 0.
Compressed class space mapped at: 0x0000000800c00000-0x0000000840c00000, reserved size: 1073741824
Narrow klass base: 0x0000000800000000, Narrow klass shift: 0, Narrow klass range: 0x100000000

GC Precious Log:
 CPUs: 4 total, 4 available
 Memory: 8089M
 Large Page Support: Disabled
 NUMA Support: Disabled
 Compressed Oops: Enabled (32-bit)
 Heap Region Size: 1M
 Heap Min Capacity: 64M
 Heap Initial Capacity: 64M
 Heap Max Capacity: 64M
 Pre-touch: Disabled
 Parallel Workers: 4
 Concurrent Workers: 1
 Concurrent Refinement Workers: 4
 Periodic GC: Disabled

Heap:
 garbage-first heap   total 65536K, used 8192K [0x00000000fc000000, 0x0000000100000000)
  region size 1024K, 10 young (10240K), 0 survivors (0K)
 Metaspace       used 1652K, committed 1728K, reserved 1056768K
  class space    used 154K, committed 192K, reserved 1048576K

Heap Regions: E=young(eden), S=young(survivor), O=old, HS=humongous(starts), HC=humongous(continues), CS=collection set, F=free, OA=open archive, CA=closed archive, TAMS=top-at-mark-start (previous, next)
|   0|0x00000000fc000000, 0x00000000fc000000, 0x00000000fc100000|  0%| F|  |TAMS 0x00000000fc000000, 0x00000000fc000000| Untracked 
|   1|0x00000000fc100000, 0x00000000fc100000, 0x00000000fc200000|  0%| F|  |TAMS 0x00000000fc100000, 0x00000000fc100000| Untracked 
|   2|0x00000000fc200000, 0x00000000fc200000, 0x00000000fc300000|  0%| F|  |TAMS 0x00000000fc200000, 0x00000000fc200000| Untracked 
|   3|0x00000000fc300000, 0x00000000fc300000, 0x00000000fc400000|  0%| F|  |TAMS 0x00000000fc300000, 0x00000000fc300000| Untracked 
|   4|0x00000000fc400000, 0x00000000fc400000, 0x00000000fc500000|  0%| F|  |TAMS 0x00000000fc400000, 0x00000000fc400000| Untracked 
|   5|0x00000000fc500000, 0x00000000fc500000, 0x00000000fc600000|  0%| F|  |TAMS 0x00000000fc500000, 0x00000000fc500000| Untracked 
|   6|0x00000000fc600000, 0x00000000fc600000, 0x00000000fc700000|  0%| F|  |TAMS 0x00000000fc600000, 0x00000000fc600000| Untracked 
|   7|0x00000000fc700000, 0x00000000fc700000, 0x00000000fc800000|  0%| F|  |TAMS 0x00000000fc700000, 0x00000000fc700000| Untracked 
|   8|0x00000000fc800000, 0x00000000fc800000, 0x00000000fc900000|  0%| F|  |TAMS 0x00000000fc800000, 0x00000000fc800000| Untracked 
|   9|0x00000000fc900000, 0x00000000fc900000, 0x00000000fca00000|  0%| F|  |TAMS 0x00000000fc900000, 0x00000000fc900000| Untracked 
|  10|0x00000000fca00000, 0x00000000fca00000, 0x00000000fcb00000|  0%| F|  |TAMS 0x00000000fca00000, 0x00000000fca00000| Untracked 
|  11|0x00000000fcb00000, 0x00000000fcb00000, 0x00000000fcc00000|  0%| F|  |TAMS 0x00000000fcb00000, 0x00000000fcb00000| Untracked 
|  12|0x00000000fcc00000, 0x00000000fcc00000, 0x00000000fcd00000|  0%| F|  |TAMS 0x00000000fcc00000, 0x00000000fcc00000| Untracked 
|  13|0x00000000fcd00000, 0x00000000fcd00000, 0x00000000fce00000|  0%| F|  |TAMS 0x00000000fcd00000, 0x00000000fcd00000| Untracked 
|  14|0x00000000fce00000, 0x00000000fce00000, 0x00000000fcf00000|  0%| F|  |TAMS 0x00000000fce00000, 0x00000000fce00000| Untracked 
|  15|0x00000000fcf00000, 0x00000000fcf00000, 0x00000000fd000000|  0%| F|  |TAMS 0x00000000fcf00000, 0x00000000fcf00000| Untracked 
|  16|0x00000000fd000000, 0x00000000fd000000, 0x00000000fd100000|  0%| F|  |TAMS 0x00000000fd000000, 0x00000000fd000000| Untracked 
|  17|0x00000000fd100000, 0x00000000fd100000, 0x00000000fd200000|  0%| F|  |TAMS 0x00000000fd100000, 0x00000000fd100000| Untracked 
|  18|0x00000000fd200000, 0x00000000fd200000, 0x00000000fd300000|  0%| F|  |TAMS 0x00000000fd200000, 0x00000000fd200000| Untracked 
|  19|0x00000000fd300000, 0x00000000fd300000, 0x00000000fd400000|  0%| F|  |TAMS 0x00000000fd300000, 0x00000000fd300000| Untracked 
|  20|0x00000000fd400000, 0x00000000fd400000, 0x00000000fd500000|  0%| F|  |TAMS 0x00000000fd400000, 0x00000000fd400000| Untracked 
|  21|0x00000000fd500000, 0x00000000fd500000, 0x00000000fd600000|  0%| F|  |TAMS 0x00000000fd500000, 0x00000000fd500000| Untracked 
|  22|0x00000000fd600000, 0x00000000fd600000, 0x00000000fd700000|  0%| F|  |TAMS 0x00000000fd600000, 0x00000000fd600000| Untracked 
|  23|0x00000000fd700000, 0x00000000fd700000, 0x00000000fd800000|  0%| F|  |TAMS 0x00000000fd700000, 0x00000000fd700000| Untracked 
|  24|0x00000000fd800000, 0x00000000fd800000, 0x00000000fd900000|  0%| F|  |TAMS 0x00000000fd800000, 0x00000000fd800000| Untracked 
|  25|0x00000000fd900000, 0x00000000fd900000, 0x00000000fda00000|  0%| F|  |TAMS 0x00000000fd900000, 0x00000000fd900000| Untracked 
|  26|0x00000000fda00000, 0x00000000fda00000, 0x00000000fdb00000|  0%| F|  |TAMS 0x00000000fda00000, 0x00000000fda00000| Untracked 
|  27|0x00000000fdb00000, 0x00000000fdb00000, 0x00000000fdc00000|  0%| F|  |TAMS 0x00000000fdb00000, 0x00000000fdb00000| Untracked 
|  28|0x00000000fdc00000, 0x00000000fdc00000, 0x00000000fdd00000|  0%| F|  |TAMS 0x00000000fdc00000, 0x00000000fdc00000| Untracked 
|  29|0x00000000fdd00000, 0x00000000fdd00000, 0x00000000fde00000|  0%| F|  |TAMS 0x00000000fdd00000, 0x00000000fdd00000| Untracked 
|  30|0x00000000fde00000, 0x00000000fde00000, 0x00000000fdf00000|  0%| F|  |TAMS 0x00000000fde00000, 0x00000000fde00000| Untracked 
|  31|0x00000000fdf00000, 0x00000000fdf00000, 0x00000000fe000000|  0%| F|  |TAMS 0x00000000fdf00000, 0x00000000fdf00000| Untracked 
|  32|0x00000000fe000000, 0x00000000fe000000, 0x00000000fe100000|  0%| F|  |TAMS 0x00000000fe000000, 0x00000000fe000000| Untracked 
|  33|0x00000000fe100000, 0x00000000fe100000, 0x00000000fe200000|  0%| F|  |TAMS 0x00000000fe100000, 0x00000000fe100000| Untracked 
|  34|0x00000000fe200000, 0x00000000fe200000, 0x00000000fe300000|  0%| F|  |TAMS 0x00000000fe200000, 0x00000000fe200000| Untracked 
|  35|0x00000000fe300000, 0x00000000fe300000, 0x00000000fe400000|  0%| F|  |TAMS 0x00000000fe300000, 0x00000000fe300000| Untracked 
|  36|0x00000000fe400000, 0x00000000fe400000, 0x00000000fe500000|  0%| F|  |TAMS 0x00000000fe400000, 0x00000000fe400000| Untracked 
|  37|0x00000000fe500000, 0x00000000fe500000, 0x00000000fe600000|  0%| F|  |TAMS 0x00000000fe500000, 0x00000000fe500000| Untracked 
|  38|0x00000000fe600000, 0x00000000fe600000, 0x00000000fe700000|  0%| F|  |TAMS 0x00000000fe600000, 0x00000000fe600000| Untracked 
|  39|0x00000000fe700000, 0x00000000fe700000, 0x00000000fe800000|  0%| F|  |TAMS 0x00000000fe700000, 0x00000000fe700000| Untracked 
|  40|0x00000000fe800000, 0x00000000fe800000, 0x00000000fe900000|  0%| F|  |TAMS 0x00000000fe800000, 0x00000000fe800000| Untracked 
|  41|0x00000000fe900000, 0x00000000fe900000, 0x00000000fea00000|  0%| F|  |TAMS 0x00000000fe900000, 0x00000000fe900000| Untracked 
|  42|0x00000000fea00000, 0x00000000fea00000, 0x00000000feb00000|  0%| F|  |TAMS 0x00000000fea00000, 0x00000000fea00000| Untracked 
|  43|0x00000000feb00000, 0x00000000feb00000, 0x00000000fec00000|  0%| F|  |TAMS 0x00000000feb00000, 0x00000000feb00000| Untracked 
|  44|0x00000000fec00000, 0x00000000fec00000, 0x00000000fed00000|  0%| F|  |TAMS 0x00000000fec00000, 0x00000000fec00000| Untracked 
|  45|0x00000000fed00000, 0x00000000fed00000, 0x00000000fee00000|  0%| F|  |TAMS 0x00000000fed00000, 0x00000000fed00000| Untracked 
|  46|0x00000000fee00000, 0x00000000fee00000, 0x00000000fef00000|  0%| F|  |TAMS 0x00000000fee00000, 0x00000000fee00000| Untracked 
|  47|0x00000000fef00000, 0x00000000fef00000, 0x00000000ff000000|  0%| F|  |TAMS 0x00000000fef00000, 0x00000000fef00000| Untracked 
|  48|0x00000000ff000000, 0x00000000ff000000, 0x00000000ff100000|  0%| F|  |TAMS 0x00000000ff000000, 0x00000000ff000000| Untracked 
|  49|0x00000000ff100000, 0x00000000ff100000, 0x00000000ff200000|  0%| F|  |TAMS 0x00000000ff100000, 0x00000000ff100000| Untracked 
|  50|0x00000000ff200000, 0x00000000ff200000, 0x00000000ff300000|  0%| F|  |TAMS 0x00000000ff200000, 0x00000000ff200000| Untracked 
|  51|0x00000000ff300000, 0x00000000ff300000, 0x00000000ff400000|  0%| F|  |TAMS 0x00000000ff300000, 0x00000000ff300000| Untracked 
|  52|0x00000000ff400000, 0x00000000ff400000, 0x00000000ff500000|  0%| F|  |TAMS 0x00000000ff400000, 0x00000000ff400000| Untracked 
|  53|0x00000000ff500000, 0x00000000ff500000, 0x00000000ff600000|  0%| F|  |TAMS 0x00000000ff500000, 0x00000000ff500000| Untracked 
|  54|0x00000000ff600000, 0x00000000ff685b18, 0x00000000ff700000| 52%| E|  |TAMS 0x00000000ff600000, 0x00000000ff600000| Complete 
|  55|0x00000000ff700000, 0x00000000ff800000, 0x00000000ff800000|100%| E|CS|TAMS 0x00000000ff700000, 0x00000000ff700000| Complete 
|  56|0x00000000ff800000, 0x00000000ff900000, 0x00000000ff900000|100%| E|CS|TAMS 0x00000000ff800000, 0x00000000ff800000| Complete 
|  57|0x00000000ff900000, 0x00000000ffa00000, 0x00000000ffa00000|100%| E|CS|TAMS 0x00000000ff900000, 0x00000000ff900000| Complete 
|  58|0x00000000ffa00000, 0x00000000ffb00000, 0x00000000ffb00000|100%| E|CS|TAMS 0x00000000ffa00000, 0x00000000ffa00000| Complete 
|  59|0x00000000ffb00000, 0x00000000ffc00000, 0x00000000ffc00000|100%| E|CS|TAMS 0x00000000ffb00000, 0x00000000ffb00000| Complete 
|  60|0x00000000ffc00000, 0x00000000ffd00000, 0x00000000ffd00000|100%| E|CS|TAMS 0x00000000ffc00000, 0x00000000ffc00000| Complete 
|  61|0x00000000ffd00000, 0x00000000ffe00000, 0x00000000ffe00000|100%| E|  |TAMS 0x00000000ffd00000, 0x00000000ffd00000| Complete 
|  62|0x00000000ffe00000, 0x00000000fff00000, 0x00000000fff00000|100%| E|CS|TAMS 0x00000000ffe00000, 0x00000000ffe00000| Complete 
|  63|0x00000000fff00000, 0x0000000100000000, 0x0000000100000000|100%| E|CS|TAMS 0x00000000fff00000, 0x00000000fff00000| Complete 

Card table byte_map: [0x0000025624550000,0x0000025624570000] _byte_map_base: 0x0000025623d70000

Marking Bits (Prev, Next): (CMBitMap*) 0x000002560bc63f10, (CMBitMap*) 0x000002560bc63f50
 Prev Bits: [0x0000025624590000, 0x0000025624690000)
 Next Bits: [0x0000025624690000, 0x0000025624790000)

Polling page: 0x000002560bd10000

Metaspace:

Usage:
  Non-class:      1.46 MB used.
      Class:    154.47 KB used.
       Both:      1.61 MB used.

Virtual space:
  Non-class space:        8.00 MB reserved,       1.50 MB ( 19%) committed,  1 nodes.
      Class space:        1.00 GB reserved,     192.00 KB ( <1%) committed,  1 nodes.
             Both:        1.01 GB reserved,       1.69 MB ( <1%) committed. 

Chunk freelists:
   Non-Class:  3.69 MB
       Class:  3.69 MB
        Both:  7.39 MB

MaxMetaspaceSize: unlimited
CompressedClassSpaceSize: 1.00 GB
Initial GC threshold: 21.00 MB
Current GC threshold: 21.00 MB
CDS: on
MetaspaceReclaimPolicy: balanced
 - commit_granule_bytes: 65536.
 - commit_granule_words: 8192.
 - virtual_space_node_default_size: 1048576.
 - enlarge_chunks_in_place: 1.
 - new_chunks_are_fully_committed: 0.
 - uncommit_free_chunks: 1.
 - use_allocation_guard: 0.
 - handle_deallocations: 1.


Internal statistics:

num_allocs_failed_limit: 0.
num_arena_births: 12.
num_arena_deaths: 0.
num_vsnodes_births: 2.
num_vsnodes_deaths: 0.
num_space_committed: 27.
num_space_uncommitted: 0.
num_chunks_returned_to_freelist: 0.
num_chunks_taken_from_freelist: 41.
num_chunk_merges: 0.
num_chunk_splits: 19.
num_chunks_enlarged: 17.
num_purges: 0.
num_inconsistent_stats: 0.

CodeHeap 'non-profiled nmethods': size=120000Kb used=136Kb max_used=136Kb free=119863Kb
 bounds [0x000002561ca00000, 0x000002561cc70000, 0x0000025623f30000]
CodeHeap 'profiled nmethods': size=120000Kb used=704Kb max_used=704Kb free=119295Kb
 bounds [0x0000025614f30000, 0x00000256151a0000, 0x000002561c460000]
CodeHeap 'non-nmethods': size=5760Kb used=1119Kb max_used=1136Kb free=4640Kb
 bounds [0x000002561c460000, 0x000002561c6d0000, 0x000002561ca00000]
 total_blobs=839 nmethods=439 adapters=313
 compilation: enabled
              stopped_count=0, restarted_count=0
 full_count=0

Compilation events (20 events):
Event: 1.514 Thread 0x0000025626cf9a40  431       3       java.lang.ref.Reference::clear (5 bytes)
Event: 1.514 Thread 0x0000025626cf9a40 nmethod 431 0x0000025614fda910 code [0x0000025614fdaaa0, 0x0000025614fdabe8]
Event: 1.514 Thread 0x0000025626cf9a40  433       3       java.io.File::isFile (34 bytes)
Event: 1.514 Thread 0x0000025626cf6780 nmethod 430 0x000002561ca21790 code [0x000002561ca21920, 0x000002561ca21d38]
Event: 1.514 Thread 0x0000025626cf9a40 nmethod 433 0x0000025614fdac90 code [0x0000025614fdae80, 0x0000025614fdb3c8]
Event: 1.515 Thread 0x0000025626cf9a40  434       3       java.io.File::<init> (111 bytes)
Event: 1.516 Thread 0x0000025626cf9a40 nmethod 434 0x0000025614fdb590 code [0x0000025614fdb840, 0x0000025614fdc288]
Event: 1.518 Thread 0x0000025626cf6780  435       4       sun.nio.fs.WindowsPathParser::isInvalidPathChar (22 bytes)
Event: 1.519 Thread 0x0000025626cf6780 nmethod 435 0x000002561ca21e90 code [0x000002561ca22000, 0x000002561ca22178]
Event: 1.519 Thread 0x0000025626cf9a40  436       3       java.io.InputStream::<init> (5 bytes)
Event: 1.519 Thread 0x0000025626cf9a40 nmethod 436 0x0000025614fdc610 code [0x0000025614fdc7a0, 0x0000025614fdc8f8]
Event: 1.519 Thread 0x0000025626cf9a40  438   !   3       jdk.internal.ref.PhantomCleanable::remove (60 bytes)
Event: 1.519 Thread 0x0000025626cf9a40 nmethod 438 0x0000025614fdc990 code [0x0000025614fdcb40, 0x0000025614fdcf58]
Event: 1.519 Thread 0x0000025626cf9a40  437       3       java.lang.ref.Cleaner::register (25 bytes)
Event: 1.520 Thread 0x0000025626cf9a40 nmethod 437 0x0000025614fdd110 code [0x0000025614fdd300, 0x0000025614fdd848]
Event: 1.520 Thread 0x0000025626cf9a40  439       3       org.gradle.api.internal.classpath.DefaultModuleRegistry::findDependencyJar (156 bytes)
Event: 1.520 Thread 0x0000025626cf6780  440       4       java.io.File::<init> (78 bytes)
Event: 1.521 Thread 0x0000025626cf9a40 nmethod 439 0x0000025614fdda90 code [0x0000025614fdde00, 0x0000025614fdf638]
Event: 1.523 Thread 0x0000025626cf9a40  441       3       java.util.HashMap::tableSizeFor (32 bytes)
Event: 1.523 Thread 0x0000025626cf9a40 nmethod 441 0x0000025614fdfc90 code [0x0000025614fdfe40, 0x0000025614fe0068]

GC Heap History (0 events):
No events

Dll operation events (5 events):
Event: 0.081 Loaded shared library C:\Program Files\Eclipse Adoptium\jdk-17.0.6.10-hotspot\bin\java.dll
Event: 0.180 Loaded shared library C:\Program Files\Eclipse Adoptium\jdk-17.0.6.10-hotspot\bin\jsvml.dll
Event: 0.399 Loaded shared library C:\Program Files\Eclipse Adoptium\jdk-17.0.6.10-hotspot\bin\net.dll
Event: 0.401 Loaded shared library C:\Program Files\Eclipse Adoptium\jdk-17.0.6.10-hotspot\bin\nio.dll
Event: 0.407 Loaded shared library C:\Program Files\Eclipse Adoptium\jdk-17.0.6.10-hotspot\bin\zip.dll

Deoptimization events (20 events):
Event: 1.142 Thread 0x000002560bc44380 DEOPT PACKING pc=0x0000025614f600fe sp=0x0000008bd69fd180
Event: 1.142 Thread 0x000002560bc44380 DEOPT UNPACKING pc=0x000002561c4b7143 sp=0x0000008bd69fc5f0 mode 0
Event: 1.142 Thread 0x000002560bc44380 DEOPT PACKING pc=0x0000025614f600fe sp=0x0000008bd69fd180
Event: 1.142 Thread 0x000002560bc44380 DEOPT UNPACKING pc=0x000002561c4b7143 sp=0x0000008bd69fc5f0 mode 0
Event: 1.142 Thread 0x000002560bc44380 DEOPT PACKING pc=0x0000025614f600fe sp=0x0000008bd69fd180
Event: 1.142 Thread 0x000002560bc44380 DEOPT UNPACKING pc=0x000002561c4b7143 sp=0x0000008bd69fc5f0 mode 0
Event: 1.145 Thread 0x000002560bc44380 DEOPT PACKING pc=0x0000025614f600fe sp=0x0000008bd69fd180
Event: 1.145 Thread 0x000002560bc44380 DEOPT UNPACKING pc=0x000002561c4b7143 sp=0x0000008bd69fc5f0 mode 0
Event: 1.145 Thread 0x000002560bc44380 DEOPT PACKING pc=0x0000025614f600fe sp=0x0000008bd69fd180
Event: 1.145 Thread 0x000002560bc44380 DEOPT UNPACKING pc=0x000002561c4b7143 sp=0x0000008bd69fc5f0 mode 0
Event: 1.147 Thread 0x000002560bc44380 DEOPT PACKING pc=0x0000025614f600fe sp=0x0000008bd69fd180
Event: 1.147 Thread 0x000002560bc44380 DEOPT UNPACKING pc=0x000002561c4b7143 sp=0x0000008bd69fc5f0 mode 0
Event: 1.147 Thread 0x000002560bc44380 DEOPT PACKING pc=0x0000025614f600fe sp=0x0000008bd69fd180
Event: 1.147 Thread 0x000002560bc44380 DEOPT UNPACKING pc=0x000002561c4b7143 sp=0x0000008bd69fc5f0 mode 0
Event: 1.197 Thread 0x000002560bc44380 DEOPT PACKING pc=0x0000025614f8a6f2 sp=0x0000008bd69fd240
Event: 1.197 Thread 0x000002560bc44380 DEOPT UNPACKING pc=0x000002561c4b7143 sp=0x0000008bd69fc700 mode 0
Event: 1.198 Thread 0x000002560bc44380 DEOPT PACKING pc=0x0000025614f8a6f2 sp=0x0000008bd69fd170
Event: 1.198 Thread 0x000002560bc44380 DEOPT UNPACKING pc=0x000002561c4b7143 sp=0x0000008bd69fc630 mode 0
Event: 1.201 Thread 0x000002560bc44380 DEOPT PACKING pc=0x0000025614f8a6f2 sp=0x0000008bd69fd400
Event: 1.201 Thread 0x000002560bc44380 DEOPT UNPACKING pc=0x000002561c4b7143 sp=0x0000008bd69fc8c0 mode 0

Classes unloaded (0 events):
No events

Classes redefined (0 events):
No events

Internal exceptions (1 events):
Event: 0.997 Thread 0x000002560bc44380 Exception <a 'java/lang/NoSuchMethodError'{0x00000000ffc57c60}: 'int java.lang.invoke.DirectMethodHandle$Holder.invokeStaticInit(java.lang.Object, java.lang.Object)'> (0x00000000ffc57c60) 
thrown [s\src\hotspot\share\interpreter\linkResolver.cpp, line 759]

VM Operations (4 events):
Event: 0.408 Executing VM operation: HandshakeAllThreads
Event: 0.408 Executing VM operation: HandshakeAllThreads done
Event: 1.422 Executing VM operation: Cleanup
Event: 1.486 Executing VM operation: Cleanup done

Events (20 events):
Event: 0.744 loading class jdk/internal/access/JavaIOFilePermissionAccess done
Event: 0.744 loading class java/io/FilePermission$1 done
Event: 0.745 loading class java/io/FilePermissionCollection
Event: 0.745 loading class java/io/FilePermissionCollection done
Event: 0.745 loading class java/util/Vector
Event: 0.745 loading class java/util/Vector done
Event: 0.745 loading class java/io/FilePermissionCollection$1
Event: 0.745 loading class java/io/FilePermissionCollection$1 done
Event: 0.746 loading class sun/security/util/ManifestEntryVerifier
Event: 0.746 loading class sun/security/util/ManifestEntryVerifier done
Event: 1.002 loading class java/net/MalformedURLException
Event: 1.002 loading class java/net/MalformedURLException done
Event: 1.004 loading class java/io/FileFilter
Event: 1.004 loading class java/io/FileFilter done
Event: 1.037 loading class java/util/AbstractList$Itr
Event: 1.037 loading class java/util/AbstractList$Itr done
Event: 1.039 loading class java/util/zip/ZipException
Event: 1.039 loading class java/util/zip/ZipException done
Event: 1.055 loading class java/lang/invoke/DirectMethodHandle$Special
Event: 1.055 loading class java/lang/invoke/DirectMethodHandle$Special done


Dynamic libraries:
0x00007ff645cc0000 - 0x00007ff645cce000 	C:\Program Files\Eclipse Adoptium\jdk-17.0.6.10-hotspot\bin\java.exe
0x00007ffb40750000 - 0x00007ffb40948000 	C:\WINDOWS\SYSTEM32\ntdll.dll
0x00007ffb3eca0000 - 0x00007ffb3ed5f000 	C:\WINDOWS\System32\KERNEL32.DLL
0x00007ffb3e070000 - 0x00007ffb3e366000 	C:\WINDOWS\System32\KERNELBASE.dll
0x00007ffb3e630000 - 0x00007ffb3e730000 	C:\WINDOWS\System32\ucrtbase.dll
0x00007ffb37100000 - 0x00007ffb37117000 	C:\Program Files\Eclipse Adoptium\jdk-17.0.6.10-hotspot\bin\jli.dll
0x00007ffb3f730000 - 0x00007ffb3f8cd000 	C:\WINDOWS\System32\USER32.dll
0x00007ffb3e400000 - 0x00007ffb3e422000 	C:\WINDOWS\System32\win32u.dll
0x00007ffb3f350000 - 0x00007ffb3f37c000 	C:\WINDOWS\System32\GDI32.dll
0x00007ffb3dea0000 - 0x00007ffb3dfb5000 	C:\WINDOWS\System32\gdi32full.dll
0x00007ffb3e430000 - 0x00007ffb3e4cd000 	C:\WINDOWS\System32\msvcp_win.dll
0x00007ffb37120000 - 0x00007ffb37139000 	C:\Program Files\Eclipse Adoptium\jdk-17.0.6.10-hotspot\bin\VCRUNTIME140.dll
0x00007ffb2a340000 - 0x00007ffb2a5da000 	C:\WINDOWS\WinSxS\amd64_microsoft.windows.common-controls_6595b64144ccf1df_6.0.19041.1110_none_60b5254171f9507e\COMCTL32.dll
0x00007ffb3edc0000 - 0x00007ffb3ee5e000 	C:\WINDOWS\System32\msvcrt.dll
0x00007ffb3f700000 - 0x00007ffb3f730000 	C:\WINDOWS\System32\IMM32.DLL
0x00007ffb370f0000 - 0x00007ffb370fc000 	C:\Program Files\Eclipse Adoptium\jdk-17.0.6.10-hotspot\bin\vcruntime140_1.dll
0x00007ffb36eb0000 - 0x00007ffb36f41000 	C:\Program Files\Eclipse Adoptium\jdk-17.0.6.10-hotspot\bin\msvcp140.dll
0x00007ffaf2440000 - 0x00007ffaf3087000 	C:\Program Files\Eclipse Adoptium\jdk-17.0.6.10-hotspot\bin\server\jvm.dll
0x00007ffb40660000 - 0x00007ffb4070f000 	C:\WINDOWS\System32\ADVAPI32.dll
0x00007ffb3fe70000 - 0x00007ffb3ff0c000 	C:\WINDOWS\System32\sechost.dll
0x00007ffb3f380000 - 0x00007ffb3f4a6000 	C:\WINDOWS\System32\RPCRT4.dll
0x00007ffb26230000 - 0x00007ffb26239000 	C:\WINDOWS\SYSTEM32\WSOCK32.dll
0x00007ffb3fb60000 - 0x00007ffb3fbcb000 	C:\WINDOWS\System32\WS2_32.dll
0x00007ffb2b640000 - 0x00007ffb2b667000 	C:\WINDOWS\SYSTEM32\WINMM.dll
0x00007ffb332d0000 - 0x00007ffb332da000 	C:\WINDOWS\SYSTEM32\VERSION.dll
0x00007ffb3c640000 - 0x00007ffb3c652000 	C:\WINDOWS\SYSTEM32\kernel.appcore.dll
0x00007ffb370e0000 - 0x00007ffb370ea000 	C:\Program Files\Eclipse Adoptium\jdk-17.0.6.10-hotspot\bin\jimage.dll
0x00007ffb3c350000 - 0x00007ffb3c534000 	C:\WINDOWS\SYSTEM32\DBGHELP.DLL
0x00007ffb21070000 - 0x00007ffb210a4000 	C:\WINDOWS\SYSTEM32\dbgcore.DLL
0x00007ffb3e370000 - 0x00007ffb3e3f2000 	C:\WINDOWS\System32\bcryptPrimitives.dll
0x00007ffb37050000 - 0x00007ffb37075000 	C:\Program Files\Eclipse Adoptium\jdk-17.0.6.10-hotspot\bin\java.dll
0x00007ffb35af0000 - 0x00007ffb35bc6000 	C:\Program Files\Eclipse Adoptium\jdk-17.0.6.10-hotspot\bin\jsvml.dll
0x00007ffb3ff10000 - 0x00007ffb40654000 	C:\WINDOWS\System32\SHELL32.dll
0x00007ffb3bba0000 - 0x00007ffb3c334000 	C:\WINDOWS\SYSTEM32\windows.storage.dll
0x00007ffb3e7b0000 - 0x00007ffb3eb04000 	C:\WINDOWS\System32\combase.dll
0x00007ffb3d860000 - 0x00007ffb3d88e000 	C:\WINDOWS\SYSTEM32\Wldp.dll
0x00007ffb3f4b0000 - 0x00007ffb3f55d000 	C:\WINDOWS\System32\SHCORE.dll
0x00007ffb3eb10000 - 0x00007ffb3eb65000 	C:\WINDOWS\System32\shlwapi.dll
0x00007ffb3dd60000 - 0x00007ffb3dd85000 	C:\WINDOWS\SYSTEM32\profapi.dll
0x00007ffb36e90000 - 0x00007ffb36ea9000 	C:\Program Files\Eclipse Adoptium\jdk-17.0.6.10-hotspot\bin\net.dll
0x00007ffb32d40000 - 0x00007ffb32e4a000 	C:\WINDOWS\SYSTEM32\WINHTTP.dll
0x00007ffb3d5c0000 - 0x00007ffb3d62a000 	C:\WINDOWS\system32\mswsock.dll
0x00007ffb36e70000 - 0x00007ffb36e85000 	C:\Program Files\Eclipse Adoptium\jdk-17.0.6.10-hotspot\bin\nio.dll
0x00007ffb36e50000 - 0x00007ffb36e68000 	C:\Program Files\Eclipse Adoptium\jdk-17.0.6.10-hotspot\bin\zip.dll

dbghelp: loaded successfully - version: 4.0.5 - missing functions: none
symbol engine: initialized successfully - sym options: 0x614 - pdb path: .;C:\Program Files\Eclipse Adoptium\jdk-17.0.6.10-hotspot\bin;C:\WINDOWS\SYSTEM32;C:\WINDOWS\WinSxS\amd64_microsoft.windows.common-controls_6595b64144ccf1df_6.0.19041.1110_none_60b5254171f9507e;C:\Program Files\Eclipse Adoptium\jdk-17.0.6.10-hotspot\bin\server

VM Arguments:
jvm_args: -Xmx64m -Xms64m -Dorg.gradle.appname=gradlew 
java_command: org.gradle.wrapper.GradleWrapperMain tasks
java_class_path (initial): C:\Users\songe\Development\react-native\proficient\android\\gradle\wrapper\gradle-wrapper.jar
Launcher Type: SUN_STANDARD

[Global flags]
     intx CICompilerCount                          = 3                                         {product} {ergonomic}
     uint ConcGCThreads                            = 1                                         {product} {ergonomic}
     uint G1ConcRefinementThreads                  = 4                                         {product} {ergonomic}
   size_t G1HeapRegionSize                         = 1048576                                   {product} {ergonomic}
    uintx GCDrainStackTargetSize                   = 64                                        {product} {ergonomic}
   size_t InitialHeapSize                          = 67108864                                  {product} {command line}
   size_t MarkStackSize                            = 4194304                                   {product} {ergonomic}
   size_t MaxHeapSize                              = 67108864                                  {product} {command line}
   size_t MaxNewSize                               = 39845888                                  {product} {ergonomic}
   size_t MinHeapDeltaBytes                        = 1048576                                   {product} {ergonomic}
   size_t MinHeapSize                              = 67108864                                  {product} {command line}
    uintx NonNMethodCodeHeapSize                   = 5832780                                {pd product} {ergonomic}
    uintx NonProfiledCodeHeapSize                  = 122912730                              {pd product} {ergonomic}
    uintx ProfiledCodeHeapSize                     = 122912730                              {pd product} {ergonomic}
    uintx ReservedCodeCacheSize                    = 251658240                              {pd product} {ergonomic}
     bool SegmentedCodeCache                       = true                                      {product} {ergonomic}
   size_t SoftMaxHeapSize                          = 67108864                               {manageable} {ergonomic}
     bool UseCompressedClassPointers               = true                           {product lp64_product} {ergonomic}
     bool UseCompressedOops                        = true                           {product lp64_product} {ergonomic}
     bool UseG1GC                                  = true                                      {product} {ergonomic}
     bool UseLargePagesIndividualAllocation        = false                                  {pd product} {ergonomic}

Logging:
Log output configuration:
 #0: stdout all=warning uptime,level,tags
 #1: stderr all=off uptime,level,tags

Environment Variables:
JAVA_HOME=C:\Program Files\Eclipse Adoptium\jdk-17.0.6.10-hotspot
CLASSPATH=C:\Users\songe\Development\react-native\proficient\android\\gradle\wrapper\gradle-wrapper.jar
PATH=C:\Users\songe\Development\react-native\proficient\node_modules\.bin;C:\Users\songe\Development\react-native\proficient\node_modules\.bin;C:\Users\songe\Development\react-native\node_modules\.bin;C:\Users\songe\Development\node_modules\.bin;C:\Users\songe\node_modules\.bin;C:\Users\node_modules\.bin;C:\node_modules\.bin;C:\Program Files\nodejs\node_modules\npm\node_modules\@npmcli\run-script\lib\node-gyp-bin;C:\Users\songe\Development\react-native\proficient\node_modules\.bin;C:\Users\songe\Development\react-native\node_modules\.bin;C:\Users\songe\Development\node_modules\.bin;C:\Users\songe\node_modules\.bin;C:\Users\node_modules\.bin;C:\node_modules\.bin;C:\Program Files\nodejs\node_modules\npm\node_modules\@npmcli\run-script\lib\node-gyp-bin;C:\Users\songe\Development\react-native\proficient\node_modules\.bin;C:\Users\songe\Development\react-native\node_modules\.bin;C:\Users\songe\Development\node_modules\.bin;C:\Users\songe\node_modules\.bin;C:\Users\node_modules\.bin;C:\node_modules\.bin;C:\Program Files\nodejs\node_modules\npm\node_modules\@npmcli\run-script\lib\node-gyp-bin;C:\Users\songe\bin;C:\Program Files\Git\mingw64\bin;C:\Program Files\Git\usr\local\bin;C:\Program Files\Git\usr\bin;C:\Program Files\Git\usr\bin;C:\Program Files\Git\mingw64\bin;C:\Program Files\Git\usr\bin;C:\Users\songe\bin;C:\Program Files\Eclipse Adoptium\jdk-17.0.6.10-hotspot\bin;C:\Program Files (x86)\Intel\Intel(R) Management Engine Components\iCLS;C:\Program Files\Intel\Intel(R) Management Engine Components\iCLS;C:\Windows\system32;C:\Windows;C:\Windows\System32\Wbem;C:\Windows\System32\WindowsPowerShell\v1.0;C:\Program Files (x86)\NVIDIA Corporation\PhysX\Common;C:\Program Files (x86)\Intel\Intel(R) Management Engine Components\DAL;C:\Program Files\Intel\Intel(R) Management Engine Components\DAL;C:\Program Files (x86)\Intel\Intel(R) Management Engine Components\IPT;C:\Program Files\Intel\Intel(R) Management Engine Components\IPT;C:\Program Files\Intel\WiFi\bin;C:\Program Files\C
USERNAME=songe
SHELL=C:\Program Files\Git\usr\bin\bash.exe
DISPLAY=needs-to-be-defined
LANG=en_US.UTF-8
TERM=xterm-256color
TMPDIR=C:\Users\songe\AppData\Local\Temp
OS=Windows_NT
PROCESSOR_IDENTIFIER=Intel64 Family 6 Model 142 Stepping 9, GenuineIntel
TMP=C:\Users\songe\AppData\Local\Temp
TEMP=C:\Users\songe\AppData\Local\Temp



---------------  S Y S T E M  ---------------

OS:
 Windows 10 , 64 bit Build 19041 (10.0.19041.3155)
OS uptime: 0 days 0:18 hours

CPU: total 4 (initial active 4) (2 cores per cpu, 2 threads per core) family 6 model 142 stepping 9 microcode 0xf0, cx8, cmov, fxsr, ht, mmx, 3dnowpref, sse, sse2, sse3, ssse3, sse4.1, sse4.2, popcnt, lzcnt, tsc, tscinvbit, avx, avx2, aes, erms, clmul, bmi1, bmi2, adx, fma, vzeroupper, clflush, clflushopt

Memory: 4k page, system-wide physical 8089M (244M free)
TotalPageFile size 11089M (AvailPageFile size 4M)
current process WorkingSet (physical memory assigned to process): 44M, peak: 44M
current process commit charge ("private bytes"): 138M, peak: 138M

vm_info: OpenJDK 64-Bit Server VM (17.0.6+10) for windows-amd64 JRE (17.0.6+10), built on Jan 18 2023 10:08:59 by "temurin" with MS VC++ 16.7 (VS2019)

END.
