#
# There is insufficient memory for the Java Runtime Environment to continue.
# Native memory allocation (mmap) failed to map 218103808 bytes for G1 virtual space
# Possible reasons:
#   The system is out of physical RAM or swap space
#   The process is running with CompressedOops enabled, and the Java Heap may be blocking the growth of the native heap
# Possible solutions:
#   Reduce memory load on the system
#   Increase physical memory or swap space
#   Check if swap backing store is full
#   Decrease Java heap size (-Xmx/-Xms)
#   Decrease number of Java threads
#   Decrease Java thread stack sizes (-Xss)
#   Set larger code cache with -XX:ReservedCodeCacheSize=
#   JVM is running with Unscaled Compressed Oops mode in which the Java heap is
#     placed in the first 4GB address space. The Java Heap base address is the
#     maximum limit for the native heap growth. Please use -XX:HeapBaseMinAddress
#     to set the Java Heap base and to place the Java Heap above 4GB virtual address.
# This output file may be truncated or incomplete.
#
#  Out of Memory Error (os_windows.cpp:3557), pid=396, tid=7060
#
# JRE version: OpenJDK Runtime Environment Temurin-17.0.6+10 (17.0.6+10) (build 17.0.6+10)
# Java VM: OpenJDK 64-Bit Server VM Temurin-17.0.6+10 (17.0.6+10, mixed mode, sharing, tiered, compressed oops, compressed class ptrs, g1 gc, windows-amd64)
# No core dump will be written. Minidumps are not enabled by default on client versions of Windows
#

---------------  S U M M A R Y ------------

Command Line: -XX:MaxMetaspaceSize=512m --add-opens=java.base/java.util=ALL-UNNAMED --add-opens=java.base/java.lang=ALL-UNNAMED --add-opens=java.base/java.lang.invoke=ALL-UNNAMED --add-opens=java.prefs/java.util.prefs=ALL-UNNAMED --add-opens=java.base/java.nio.charset=ALL-UNNAMED --add-opens=java.base/java.net=ALL-UNNAMED --add-opens=java.base/java.util.concurrent.atomic=ALL-UNNAMED -Xmx2048m -Dfile.encoding=windows-1252 -Duser.country=ZA -Duser.language=en -Duser.variant org.gradle.launcher.daemon.bootstrap.GradleDaemon 8.0.1

Host: Intel(R) Core(TM) i7-7500U CPU @ 2.70GHz, 4 cores, 7G,  Windows 10 , 64 bit Build 19041 (10.0.19041.3155)
Time: Wed Jul 12 02:29:31 2023 South Africa Standard Time elapsed time: 63.582517 seconds (0d 0h 1m 3s)

---------------  T H R E A D  ---------------

Current thread (0x000002b2702217a0):  VMThread "VM Thread" [stack: 0x000000ca2a700000,0x000000ca2a800000] [id=7060]

Stack: [0x000000ca2a700000,0x000000ca2a800000]
Native frames: (J=compiled Java code, j=interpreted, Vv=VM code, C=native code)
V  [jvm.dll+0x67741a]
V  [jvm.dll+0x834434]
V  [jvm.dll+0x835bde]
V  [jvm.dll+0x836243]
V  [jvm.dll+0x2457b5]
V  [jvm.dll+0x674329]
V  [jvm.dll+0x6689da]
V  [jvm.dll+0x30489b]
V  [jvm.dll+0x30bd96]
V  [jvm.dll+0x35b57e]
V  [jvm.dll+0x35b7af]
V  [jvm.dll+0x2db778]
V  [jvm.dll+0x2d9a2c]
V  [jvm.dll+0x2d8ffc]
V  [jvm.dll+0x31cdcb]
V  [jvm.dll+0x83a6eb]
V  [jvm.dll+0x83b424]
V  [jvm.dll+0x83b93c]
V  [jvm.dll+0x83bd14]
V  [jvm.dll+0x83bde0]
V  [jvm.dll+0x7e483a]
V  [jvm.dll+0x6762c5]
C  [ucrtbase.dll+0x21bb2]
C  [KERNEL32.DLL+0x17614]
C  [ntdll.dll+0x526b1]

VM_Operation (0x000000ca2bdf7ec0): G1CollectForAllocation, mode: safepoint, requested by thread 0x000002b271cd0840


---------------  P R O C E S S  ---------------

Threads class SMR info:
_java_thread_list=0x000002b2799d50f0, length=89, elements={
0x000002b2526a4070, 0x000002b270228350, 0x000002b2702291c0, 0x000002b270241390,
0x000002b270241f40, 0x000002b270244900, 0x000002b2702452b0, 0x000002b270246040,
0x000002b270246ae0, 0x000002b2702bdf30, 0x000002b270cc1b90, 0x000002b270cd2ee0,
0x000002b2722eec30, 0x000002b2722ef100, 0x000002b2722efaa0, 0x000002b2722eff70,
0x000002b2722f0440, 0x000002b271ccc9b0, 0x000002b271cd0840, 0x000002b271cce1c0,
0x000002b271ccbb40, 0x000002b271ccd350, 0x000002b271cce690, 0x000002b271ccc010,
0x000002b271cd11e0, 0x000002b271cca800, 0x000002b271ccacd0, 0x000002b271ccb670,
0x000002b271ccce80, 0x000002b271ccd820, 0x000002b271cceb60, 0x000002b271ccc4e0,
0x000002b271ccdcf0, 0x000002b271cd0370, 0x000002b271ccf500, 0x000002b271cd0d10,
0x000002b271cd16b0, 0x000002b271ccb1a0, 0x000002b271cca330, 0x000002b274d0f570,
0x000002b274d11250, 0x000002b274d11720, 0x000002b274d0a870, 0x000002b274d0bbb0,
0x000002b274d0a3a0, 0x000002b274d10d80, 0x000002b274d0dd60, 0x000002b274d0fa40,
0x000002b274d0ad40, 0x000002b274d0ff10, 0x000002b274d0d3c0, 0x000002b274d0b210,
0x000002b274d0e230, 0x000002b274d0b6e0, 0x000002b274d0c080, 0x000002b274d0e700,
0x000002b274d103e0, 0x000002b274d108b0, 0x000002b274d0c550, 0x000002b274d0ca20,
0x000002b274d0ebd0, 0x000002b274d0cef0, 0x000002b274d0f0a0, 0x000002b272ff8540,
0x000002b272ff5ec0, 0x000002b272ff6860, 0x000002b272ffc8a0, 0x000002b272ff8070,
0x000002b272ff7200, 0x000002b272ffabc0, 0x000002b272ff9d50, 0x000002b272ff76d0,
0x000002b272ff8a10, 0x000002b272ff59f0, 0x000002b272ff5520, 0x000002b272ff7ba0,
0x000002b272ff8ee0, 0x000002b272ffa6f0, 0x000002b272ffb090, 0x000002b272ffb560,
0x000002b272ffba30, 0x000002b272ffbf00, 0x000002b2732c8fe0, 0x000002b2732c9980,
0x000002b2732c94b0, 0x000002b2732ca320, 0x000002b2732c6960, 0x000002b2732c7ca0,
0x000002b2730d9a20
}

Java Threads: ( => current thread )
  0x000002b2526a4070 JavaThread "main" [_thread_blocked, id=16000, stack(0x000000ca2a000000,0x000000ca2a100000)]
  0x000002b270228350 JavaThread "Reference Handler" daemon [_thread_blocked, id=14088, stack(0x000000ca2a800000,0x000000ca2a900000)]
  0x000002b2702291c0 JavaThread "Finalizer" daemon [_thread_blocked, id=18160, stack(0x000000ca2a900000,0x000000ca2aa00000)]
  0x000002b270241390 JavaThread "Signal Dispatcher" daemon [_thread_blocked, id=18536, stack(0x000000ca2aa00000,0x000000ca2ab00000)]
  0x000002b270241f40 JavaThread "Attach Listener" daemon [_thread_blocked, id=19440, stack(0x000000ca2ab00000,0x000000ca2ac00000)]
  0x000002b270244900 JavaThread "Service Thread" daemon [_thread_blocked, id=10748, stack(0x000000ca2ac00000,0x000000ca2ad00000)]
  0x000002b2702452b0 JavaThread "Monitor Deflation Thread" daemon [_thread_blocked, id=19684, stack(0x000000ca2ad00000,0x000000ca2ae00000)]
  0x000002b270246040 JavaThread "C2 CompilerThread0" daemon [_thread_blocked, id=3352, stack(0x000000ca2ae00000,0x000000ca2af00000)]
  0x000002b270246ae0 JavaThread "C1 CompilerThread0" daemon [_thread_blocked, id=20636, stack(0x000000ca2af00000,0x000000ca2b000000)]
  0x000002b2702bdf30 JavaThread "Sweeper thread" daemon [_thread_blocked, id=10072, stack(0x000000ca2b000000,0x000000ca2b100000)]
  0x000002b270cc1b90 JavaThread "Common-Cleaner" daemon [_thread_blocked, id=11664, stack(0x000000ca2b100000,0x000000ca2b200000)]
  0x000002b270cd2ee0 JavaThread "Notification Thread" daemon [_thread_blocked, id=20320, stack(0x000000ca2b200000,0x000000ca2b300000)]
  0x000002b2722eec30 JavaThread "Daemon health stats" [_thread_blocked, id=19652, stack(0x000000ca2b600000,0x000000ca2b700000)]
  0x000002b2722ef100 JavaThread "Incoming local TCP Connector on port 50291" [_thread_in_native, id=5680, stack(0x000000ca2b800000,0x000000ca2b900000)]
  0x000002b2722efaa0 JavaThread "Daemon periodic checks" [_thread_blocked, id=4068, stack(0x000000ca2ba00000,0x000000ca2bb00000)]
  0x000002b2722eff70 JavaThread "Daemon" [_thread_blocked, id=6324, stack(0x000000ca2bb00000,0x000000ca2bc00000)]
  0x000002b2722f0440 JavaThread "Handler for socket connection from /127.0.0.1:50291 to /127.0.0.1:50292" [_thread_in_native, id=14632, stack(0x000000ca2bc00000,0x000000ca2bd00000)]
  0x000002b271ccc9b0 JavaThread "Cancel handler" [_thread_blocked, id=18604, stack(0x000000ca2b900000,0x000000ca2ba00000)]
  0x000002b271cd0840 JavaThread "Daemon worker" [_thread_blocked, id=19592, stack(0x000000ca2bd00000,0x000000ca2be00000)]
  0x000002b271cce1c0 JavaThread "Asynchronous log dispatcher for DefaultDaemonConnection: socket connection from /127.0.0.1:50291 to /127.0.0.1:50292" [_thread_blocked, id=18584, stack(0x000000ca2be00000,0x000000ca2bf00000)]
  0x000002b271ccbb40 JavaThread "Stdin handler" [_thread_blocked, id=7236, stack(0x000000ca2bf00000,0x000000ca2c000000)]
  0x000002b271ccd350 JavaThread "Daemon client event forwarder" [_thread_blocked, id=20288, stack(0x000000ca2c000000,0x000000ca2c100000)]
  0x000002b271cce690 JavaThread "Cache worker for journal cache (C:\Users\songe\.gradle\caches\journal-1)" [_thread_blocked, id=3152, stack(0x000000ca2c100000,0x000000ca2c200000)]
  0x000002b271ccc010 JavaThread "File lock request listener" [_thread_in_native, id=19504, stack(0x000000ca2c200000,0x000000ca2c300000)]
  0x000002b271cd11e0 JavaThread "Cache worker for file hash cache (C:\Users\songe\.gradle\caches\8.0.1\fileHashes)" [_thread_blocked, id=16804, stack(0x000000ca2c300000,0x000000ca2c400000)]
  0x000002b271cca800 JavaThread "File watcher server" daemon [_thread_in_native, id=17264, stack(0x000000ca2c500000,0x000000ca2c600000)]
  0x000002b271ccacd0 JavaThread "File watcher consumer" daemon [_thread_blocked, id=16712, stack(0x000000ca2c600000,0x000000ca2c700000)]
  0x000002b271ccb670 JavaThread "Cache worker for checksums cache (C:\Users\songe\Development\react-native\proficient\android\.gradle\8.0.1\checksums)" [_thread_blocked, id=18144, stack(0x000000ca2c700000,0x000000ca2c800000)]
  0x000002b271ccce80 JavaThread "Cache worker for cache directory md-rule (C:\Users\songe\.gradle\caches\8.0.1\md-rule)" [_thread_blocked, id=18828, stack(0x000000ca2c800000,0x000000ca2c900000)]
  0x000002b271ccd820 JavaThread "Cache worker for file content cache (C:\Users\songe\.gradle\caches\8.0.1\fileContent)" [_thread_blocked, id=1064, stack(0x000000ca2c900000,0x000000ca2ca00000)]
  0x000002b271cceb60 JavaThread "Cache worker for file hash cache (C:\Users\songe\Development\react-native\proficient\android\.gradle\8.0.1\fileHashes)" [_thread_blocked, id=16768, stack(0x000000ca2ca00000,0x000000ca2cb00000)]
  0x000002b271ccc4e0 JavaThread "Cache worker for cache directory md-supplier (C:\Users\songe\.gradle\caches\8.0.1\md-supplier)" [_thread_blocked, id=1640, stack(0x000000ca2cc00000,0x000000ca2cd00000)]
  0x000002b271ccdcf0 JavaThread "Cache worker for execution history cache (C:\Users\songe\.gradle\caches\8.0.1\executionHistory)" [_thread_blocked, id=20068, stack(0x000000ca2cd00000,0x000000ca2ce00000)]
  0x000002b271cd0370 JavaThread "jar transforms" [_thread_blocked, id=10140, stack(0x000000ca2ce00000,0x000000ca2cf00000)]
  0x000002b271ccf500 JavaThread "jar transforms Thread 2" [_thread_blocked, id=7428, stack(0x000000ca2cf00000,0x000000ca2d000000)]
  0x000002b271cd0d10 JavaThread "jar transforms Thread 3" [_thread_blocked, id=20500, stack(0x000000ca2d000000,0x000000ca2d100000)]
  0x000002b271cd16b0 JavaThread "jar transforms Thread 4" [_thread_blocked, id=17400, stack(0x000000ca2d100000,0x000000ca2d200000)]
  0x000002b271ccb1a0 JavaThread "File lock release action executor" [_thread_blocked, id=20524, stack(0x000000ca2c400000,0x000000ca2c500000)]
  0x000002b271cca330 JavaThread "Cache worker for kotlin-dsl (C:\Users\songe\.gradle\caches\8.0.1\kotlin-dsl)" [_thread_blocked, id=4884, stack(0x000000ca2d300000,0x000000ca2d400000)]
  0x000002b274d0f570 JavaThread "Cache worker for dependencies-accessors (C:\Users\songe\Development\react-native\proficient\android\.gradle\8.0.1\dependencies-accessors)" [_thread_blocked, id=16732, stack(0x000000ca2d400000,0x000000ca2d500000)]
  0x000002b274d11250 JavaThread "Cache worker for Build Output Cleanup Cache (C:\Users\songe\Development\react-native\proficient\node_modules\@react-native\gradle-plugin\.gradle\buildOutputCleanup)" [_thread_blocked, id=4956, stack(0x000000ca2d500000,0x000000ca2d600000)]
  0x000002b274d11720 JavaThread "Unconstrained build operations" [_thread_blocked, id=19516, stack(0x000000ca2d200000,0x000000ca2d300000)]
  0x000002b274d0a870 JavaThread "Unconstrained build operations Thread 2" [_thread_blocked, id=20816, stack(0x000000ca2d600000,0x000000ca2d700000)]
  0x000002b274d0bbb0 JavaThread "Unconstrained build operations Thread 3" [_thread_blocked, id=6292, stack(0x000000ca2d700000,0x000000ca2d800000)]
  0x000002b274d0a3a0 JavaThread "Unconstrained build operations Thread 4" [_thread_blocked, id=16960, stack(0x000000ca2d800000,0x000000ca2d900000)]
  0x000002b274d10d80 JavaThread "Unconstrained build operations Thread 5" [_thread_blocked, id=13820, stack(0x000000ca2d900000,0x000000ca2da00000)]
  0x000002b274d0dd60 JavaThread "Unconstrained build operations Thread 6" [_thread_blocked, id=19580, stack(0x000000ca2da00000,0x000000ca2db00000)]
  0x000002b274d0fa40 JavaThread "Unconstrained build operations Thread 7" [_thread_blocked, id=20180, stack(0x000000ca2db00000,0x000000ca2dc00000)]
  0x000002b274d0ad40 JavaThread "Unconstrained build operations Thread 8" [_thread_blocked, id=20688, stack(0x000000ca2dc00000,0x000000ca2dd00000)]
  0x000002b274d0ff10 JavaThread "Unconstrained build operations Thread 9" [_thread_blocked, id=21040, stack(0x000000ca2dd00000,0x000000ca2de00000)]
  0x000002b274d0d3c0 JavaThread "Unconstrained build operations Thread 10" [_thread_blocked, id=11008, stack(0x000000ca2de00000,0x000000ca2df00000)]
  0x000002b274d0b210 JavaThread "Unconstrained build operations Thread 11" [_thread_blocked, id=20628, stack(0x000000ca2df00000,0x000000ca2e000000)]
  0x000002b274d0e230 JavaThread "Unconstrained build operations Thread 12" [_thread_blocked, id=21480, stack(0x000000ca2e000000,0x000000ca2e100000)]
  0x000002b274d0b6e0 JavaThread "Unconstrained build operations Thread 13" [_thread_blocked, id=6680, stack(0x000000ca2e100000,0x000000ca2e200000)]
  0x000002b274d0c080 JavaThread "Unconstrained build operations Thread 14" [_thread_blocked, id=17868, stack(0x000000ca2e200000,0x000000ca2e300000)]
  0x000002b274d0e700 JavaThread "Unconstrained build operations Thread 15" [_thread_blocked, id=1676, stack(0x000000ca2e300000,0x000000ca2e400000)]
  0x000002b274d103e0 JavaThread "Unconstrained build operations Thread 16" [_thread_blocked, id=17368, stack(0x000000ca2e400000,0x000000ca2e500000)]
  0x000002b274d108b0 JavaThread "Unconstrained build operations Thread 17" [_thread_blocked, id=2240, stack(0x000000ca2e500000,0x000000ca2e600000)]
  0x000002b274d0c550 JavaThread "Unconstrained build operations Thread 18" [_thread_blocked, id=17008, stack(0x000000ca2e600000,0x000000ca2e700000)]
  0x000002b274d0ca20 JavaThread "Unconstrained build operations Thread 19" [_thread_blocked, id=14532, stack(0x000000ca2e700000,0x000000ca2e800000)]
  0x000002b274d0ebd0 JavaThread "Unconstrained build operations Thread 20" [_thread_blocked, id=18308, stack(0x000000ca2e800000,0x000000ca2e900000)]
  0x000002b274d0cef0 JavaThread "Unconstrained build operations Thread 21" [_thread_blocked, id=8008, stack(0x000000ca2e900000,0x000000ca2ea00000)]
  0x000002b274d0f0a0 JavaThread "Unconstrained build operations Thread 22" [_thread_blocked, id=788, stack(0x000000ca2ea00000,0x000000ca2eb00000)]
  0x000002b272ff8540 JavaThread "Unconstrained build operations Thread 23" [_thread_blocked, id=17160, stack(0x000000ca2eb00000,0x000000ca2ec00000)]
  0x000002b272ff5ec0 JavaThread "Unconstrained build operations Thread 24" [_thread_blocked, id=4864, stack(0x000000ca2ec00000,0x000000ca2ed00000)]
  0x000002b272ff6860 JavaThread "Unconstrained build operations Thread 25" [_thread_blocked, id=8176, stack(0x000000ca2ed00000,0x000000ca2ee00000)]
  0x000002b272ffc8a0 JavaThread "Unconstrained build operations Thread 26" [_thread_blocked, id=7416, stack(0x000000ca2ee00000,0x000000ca2ef00000)]
  0x000002b272ff8070 JavaThread "Memory manager" [_thread_blocked, id=14516, stack(0x000000ca2ef00000,0x000000ca2f000000)]
  0x000002b272ff7200 JavaThread "Cache worker for Build Output Cleanup Cache (C:\Users\songe\Development\react-native\proficient\android\.gradle\buildOutputCleanup)" [_thread_blocked, id=6088, stack(0x000000ca2f000000,0x000000ca2f100000)]
  0x000002b272ffabc0 JavaThread "included builds" [_thread_blocked, id=21476, stack(0x000000ca2f200000,0x000000ca2f300000)]
  0x000002b272ff9d50 JavaThread "Execution worker" [_thread_blocked, id=11576, stack(0x000000ca2f300000,0x000000ca2f400000)]
  0x000002b272ff76d0 JavaThread "Execution worker Thread 2" [_thread_blocked, id=21032, stack(0x000000ca2f400000,0x000000ca2f500000)]
  0x000002b272ff8a10 JavaThread "Execution worker Thread 3" [_thread_blocked, id=14068, stack(0x000000ca2f500000,0x000000ca2f600000)]
  0x000002b272ff59f0 JavaThread "Cache worker for execution history cache (C:\Users\songe\Development\react-native\proficient\node_modules\@react-native\gradle-plugin\.gradle\8.0.1\executionHistory)" [_thread_blocked, id=20540, stack(0x000000ca2f600000,0x000000ca2f700000)]
  0x000002b272ff5520 JavaThread "Unconstrained build operations Thread 27" [_thread_blocked, id=18132, stack(0x000000ca2f700000,0x000000ca2f800000)]
  0x000002b272ff7ba0 JavaThread "Unconstrained build operations Thread 28" [_thread_blocked, id=19968, stack(0x000000ca2f800000,0x000000ca2f900000)]
  0x000002b272ff8ee0 JavaThread "Unconstrained build operations Thread 29" [_thread_blocked, id=16840, stack(0x000000ca2f900000,0x000000ca2fa00000)]
  0x000002b272ffa6f0 JavaThread "Unconstrained build operations Thread 30" [_thread_blocked, id=21260, stack(0x000000ca2fa00000,0x000000ca2fb00000)]
  0x000002b272ffb090 JavaThread "Unconstrained build operations Thread 31" [_thread_blocked, id=4204, stack(0x000000ca2fb00000,0x000000ca2fc00000)]
  0x000002b272ffb560 JavaThread "Unconstrained build operations Thread 32" [_thread_blocked, id=19872, stack(0x000000ca2fc00000,0x000000ca2fd00000)]
  0x000002b272ffba30 JavaThread "Unconstrained build operations Thread 33" [_thread_blocked, id=4524, stack(0x000000ca2fd00000,0x000000ca2fe00000)]
  0x000002b272ffbf00 JavaThread "Unconstrained build operations Thread 34" [_thread_blocked, id=7304, stack(0x000000ca2fe00000,0x000000ca2ff00000)]
  0x000002b2732c8fe0 JavaThread "Unconstrained build operations Thread 35" [_thread_blocked, id=17036, stack(0x000000ca2ff00000,0x000000ca30000000)]
  0x000002b2732c9980 JavaThread "Unconstrained build operations Thread 36" [_thread_blocked, id=18512, stack(0x000000ca30000000,0x000000ca30100000)]
  0x000002b2732c94b0 JavaThread "Unconstrained build operations Thread 37" [_thread_blocked, id=6016, stack(0x000000ca30100000,0x000000ca30200000)]
  0x000002b2732ca320 JavaThread "Unconstrained build operations Thread 38" [_thread_blocked, id=19536, stack(0x000000ca30200000,0x000000ca30300000)]
  0x000002b2732c6960 JavaThread "Unconstrained build operations Thread 39" [_thread_blocked, id=7296, stack(0x000000ca30300000,0x000000ca30400000)]
  0x000002b2732c7ca0 JavaThread "Unconstrained build operations Thread 40" [_thread_blocked, id=10188, stack(0x000000ca30400000,0x000000ca30500000)]
  0x000002b2730d9a20 JavaThread "C2 CompilerThread1" daemon [_thread_in_native, id=20872, stack(0x000000ca29f00000,0x000000ca2a000000)]

Other Threads:
=>0x000002b2702217a0 VMThread "VM Thread" [stack: 0x000000ca2a700000,0x000000ca2a800000] [id=7060]
  0x000002b270cd37c0 WatcherThread [stack: 0x000000ca2b300000,0x000000ca2b400000] [id=18484]
  0x000002b2527012a0 GCTaskThread "GC Thread#0" [stack: 0x000000ca2a200000,0x000000ca2a300000] [id=20984]
  0x000002b271201fd0 GCTaskThread "GC Thread#1" [stack: 0x000000ca2b400000,0x000000ca2b500000] [id=7192]
  0x000002b2715a4950 GCTaskThread "GC Thread#2" [stack: 0x000000ca2b500000,0x000000ca2b600000] [id=18800]
  0x000002b271900c60 GCTaskThread "GC Thread#3" [stack: 0x000000ca2b700000,0x000000ca2b800000] [id=11528]
  0x000002b2527121e0 ConcurrentGCThread "G1 Main Marker" [stack: 0x000000ca2a300000,0x000000ca2a400000] [id=21020]
  0x000002b252712bf0 ConcurrentGCThread "G1 Conc#0" [stack: 0x000000ca2a400000,0x000000ca2a500000] [id=20952]
  0x000002b252767a80 ConcurrentGCThread "G1 Refine#0" [stack: 0x000000ca2a500000,0x000000ca2a600000] [id=20944]
  0x000002b2754f80b0 ConcurrentGCThread "G1 Refine#1" [stack: 0x000000ca2cb00000,0x000000ca2cc00000] [id=9796]
  0x000002b2700e05f0 ConcurrentGCThread "G1 Service" [stack: 0x000000ca2a600000,0x000000ca2a700000] [id=19964]

Threads with active compile tasks:
C2 CompilerThread0    63625 10836  s!   4       java.beans.PropertyDescriptor::getWriteMethod (152 bytes)
C2 CompilerThread1    63625 10769   !   4       org.gradle.api.internal.attributes.DefaultImmutableAttributesFactory::doConcatIsolatable (128 bytes)

VM state: at safepoint (normal execution)

VM Mutex/Monitor currently owned by a thread:  ([mutex/lock_event])
[0x000002b2526a04f0] Threads_lock - owner thread: 0x000002b2702217a0
[0x000002b25269fe30] Heap_lock - owner thread: 0x000002b271cd0840

Heap address: 0x0000000080000000, size: 2048 MB, Compressed Oops mode: 32-bit

CDS archive(s) mapped at: [0x0000000800000000-0x0000000800bc0000-0x0000000800bc0000), size 12320768, SharedBaseAddress: 0x0000000800000000, ArchiveRelocationMode: 0.
Compressed class space mapped at: 0x0000000800c00000-0x000000081a800000, reserved size: 432013312
Narrow klass base: 0x0000000800000000, Narrow klass shift: 0, Narrow klass range: 0x100000000

GC Precious Log:
 CPUs: 4 total, 4 available
 Memory: 8089M
 Large Page Support: Disabled
 NUMA Support: Disabled
 Compressed Oops: Enabled (32-bit)
 Heap Region Size: 1M
 Heap Min Capacity: 8M
 Heap Initial Capacity: 128M
 Heap Max Capacity: 2G
 Pre-touch: Disabled
 Parallel Workers: 4
 Concurrent Workers: 1
 Concurrent Refinement Workers: 4
 Periodic GC: Disabled

Heap:
 garbage-first heap   total 148480K, used 96174K [0x0000000080000000, 0x0000000100000000)
  region size 1024K, 5 young (5120K), 5 survivors (5120K)
 Metaspace       used 83406K, committed 84288K, reserved 495616K
  class space    used 11612K, committed 12032K, reserved 421888K

Heap Regions: E=young(eden), S=young(survivor), O=old, HS=humongous(starts), HC=humongous(continues), CS=collection set, F=free, OA=open archive, CA=closed archive, TAMS=top-at-mark-start (previous, next)
|   0|0x0000000080000000, 0x0000000080100000, 0x0000000080100000|100%| O|  |TAMS 0x0000000080100000, 0x0000000080000000| Untracked 
|   1|0x0000000080100000, 0x0000000080200000, 0x0000000080200000|100%| O|  |TAMS 0x0000000080200000, 0x0000000080100000| Untracked 
|   2|0x0000000080200000, 0x0000000080300000, 0x0000000080300000|100%|HS|  |TAMS 0x0000000080300000, 0x0000000080200000| Complete 
|   3|0x0000000080300000, 0x0000000080400000, 0x0000000080400000|100%|HC|  |TAMS 0x0000000080400000, 0x0000000080300000| Complete 
|   4|0x0000000080400000, 0x0000000080500000, 0x0000000080500000|100%|HC|  |TAMS 0x0000000080500000, 0x0000000080400000| Complete 
|   5|0x0000000080500000, 0x0000000080600000, 0x0000000080600000|100%|HC|  |TAMS 0x0000000080600000, 0x0000000080500000| Complete 
|   6|0x0000000080600000, 0x0000000080700000, 0x0000000080700000|100%| O|  |TAMS 0x0000000080700000, 0x0000000080600000| Untracked 
|   7|0x0000000080700000, 0x0000000080800000, 0x0000000080800000|100%| O|  |TAMS 0x0000000080800000, 0x0000000080700000| Untracked 
|   8|0x0000000080800000, 0x0000000080900000, 0x0000000080900000|100%| O|  |TAMS 0x0000000080900000, 0x0000000080800000| Untracked 
|   9|0x0000000080900000, 0x0000000080a00000, 0x0000000080a00000|100%| O|  |TAMS 0x0000000080a00000, 0x0000000080900000| Untracked 
|  10|0x0000000080a00000, 0x0000000080b00000, 0x0000000080b00000|100%| O|  |TAMS 0x0000000080b00000, 0x0000000080a00000| Untracked 
|  11|0x0000000080b00000, 0x0000000080c00000, 0x0000000080c00000|100%| O|  |TAMS 0x0000000080c00000, 0x0000000080b00000| Untracked 
|  12|0x0000000080c00000, 0x0000000080d00000, 0x0000000080d00000|100%| O|  |TAMS 0x0000000080d00000, 0x0000000080c00000| Untracked 
|  13|0x0000000080d00000, 0x0000000080e00000, 0x0000000080e00000|100%| O|  |TAMS 0x0000000080e00000, 0x0000000080d00000| Untracked 
|  14|0x0000000080e00000, 0x0000000080f00000, 0x0000000080f00000|100%| O|  |TAMS 0x0000000080f00000, 0x0000000080e00000| Untracked 
|  15|0x0000000080f00000, 0x0000000081000000, 0x0000000081000000|100%| O|  |TAMS 0x0000000081000000, 0x0000000080f00000| Untracked 
|  16|0x0000000081000000, 0x0000000081100000, 0x0000000081100000|100%| O|  |TAMS 0x0000000081100000, 0x0000000081000000| Untracked 
|  17|0x0000000081100000, 0x0000000081200000, 0x0000000081200000|100%| O|  |TAMS 0x0000000081200000, 0x0000000081100000| Untracked 
|  18|0x0000000081200000, 0x0000000081300000, 0x0000000081300000|100%| O|  |TAMS 0x0000000081300000, 0x0000000081200000| Untracked 
|  19|0x0000000081300000, 0x0000000081400000, 0x0000000081400000|100%| O|  |TAMS 0x0000000081400000, 0x0000000081300000| Untracked 
|  20|0x0000000081400000, 0x0000000081500000, 0x0000000081500000|100%| O|  |TAMS 0x0000000081500000, 0x0000000081400000| Untracked 
|  21|0x0000000081500000, 0x0000000081600000, 0x0000000081600000|100%| O|  |TAMS 0x0000000081600000, 0x0000000081500000| Untracked 
|  22|0x0000000081600000, 0x0000000081700000, 0x0000000081700000|100%| O|  |TAMS 0x0000000081700000, 0x0000000081600000| Untracked 
|  23|0x0000000081700000, 0x0000000081800000, 0x0000000081800000|100%| O|  |TAMS 0x0000000081700000, 0x0000000081700000| Untracked 
|  24|0x0000000081800000, 0x0000000081900000, 0x0000000081900000|100%| O|  |TAMS 0x0000000081900000, 0x0000000081800000| Untracked 
|  25|0x0000000081900000, 0x0000000081a00000, 0x0000000081a00000|100%| O|  |TAMS 0x0000000081a00000, 0x0000000081900000| Untracked 
|  26|0x0000000081a00000, 0x0000000081b00000, 0x0000000081b00000|100%| O|  |TAMS 0x0000000081b00000, 0x0000000081a00000| Untracked 
|  27|0x0000000081b00000, 0x0000000081c00000, 0x0000000081c00000|100%| O|  |TAMS 0x0000000081c00000, 0x0000000081b00000| Untracked 
|  28|0x0000000081c00000, 0x0000000081d00000, 0x0000000081d00000|100%| O|  |TAMS 0x0000000081d00000, 0x0000000081c00000| Untracked 
|  29|0x0000000081d00000, 0x0000000081e00000, 0x0000000081e00000|100%|HS|  |TAMS 0x0000000081e00000, 0x0000000081d00000| Complete 
|  30|0x0000000081e00000, 0x0000000081f00000, 0x0000000081f00000|100%|HC|  |TAMS 0x0000000081f00000, 0x0000000081e00000| Complete 
|  31|0x0000000081f00000, 0x0000000082000000, 0x0000000082000000|100%| O|  |TAMS 0x0000000082000000, 0x0000000081f00000| Untracked 
|  32|0x0000000082000000, 0x0000000082100000, 0x0000000082100000|100%| O|  |TAMS 0x0000000082100000, 0x0000000082000000| Untracked 
|  33|0x0000000082100000, 0x0000000082200000, 0x0000000082200000|100%| O|  |TAMS 0x0000000082200000, 0x0000000082100000| Untracked 
|  34|0x0000000082200000, 0x0000000082300000, 0x0000000082300000|100%| O|  |TAMS 0x0000000082300000, 0x0000000082200000| Untracked 
|  35|0x0000000082300000, 0x0000000082400000, 0x0000000082400000|100%| O|  |TAMS 0x0000000082400000, 0x0000000082300000| Untracked 
|  36|0x0000000082400000, 0x0000000082500000, 0x0000000082500000|100%| O|  |TAMS 0x0000000082500000, 0x0000000082400000| Untracked 
|  37|0x0000000082500000, 0x0000000082600000, 0x0000000082600000|100%|HS|  |TAMS 0x0000000082600000, 0x0000000082500000| Complete 
|  38|0x0000000082600000, 0x0000000082700000, 0x0000000082700000|100%|HC|  |TAMS 0x0000000082700000, 0x0000000082600000| Complete 
|  39|0x0000000082700000, 0x0000000082800000, 0x0000000082800000|100%|HC|  |TAMS 0x0000000082800000, 0x0000000082700000| Complete 
|  40|0x0000000082800000, 0x0000000082900000, 0x0000000082900000|100%|HC|  |TAMS 0x0000000082900000, 0x0000000082800000| Complete 
|  41|0x0000000082900000, 0x0000000082a00000, 0x0000000082a00000|100%| O|  |TAMS 0x0000000082a00000, 0x0000000082900000| Untracked 
|  42|0x0000000082a00000, 0x0000000082b00000, 0x0000000082b00000|100%| O|  |TAMS 0x0000000082b00000, 0x0000000082a00000| Untracked 
|  43|0x0000000082b00000, 0x0000000082c00000, 0x0000000082c00000|100%| O|  |TAMS 0x0000000082c00000, 0x0000000082b00000| Untracked 
|  44|0x0000000082c00000, 0x0000000082d00000, 0x0000000082d00000|100%| O|  |TAMS 0x0000000082d00000, 0x0000000082c00000| Untracked 
|  45|0x0000000082d00000, 0x0000000082e00000, 0x0000000082e00000|100%| O|  |TAMS 0x0000000082e00000, 0x0000000082d00000| Untracked 
|  46|0x0000000082e00000, 0x0000000082f00000, 0x0000000082f00000|100%| O|  |TAMS 0x0000000082f00000, 0x0000000082e00000| Untracked 
|  47|0x0000000082f00000, 0x0000000083000000, 0x0000000083000000|100%| O|  |TAMS 0x0000000083000000, 0x0000000082f00000| Untracked 
|  48|0x0000000083000000, 0x0000000083100000, 0x0000000083100000|100%| O|  |TAMS 0x0000000083100000, 0x0000000083000000| Untracked 
|  49|0x0000000083100000, 0x0000000083200000, 0x0000000083200000|100%| O|  |TAMS 0x0000000083200000, 0x0000000083100000| Untracked 
|  50|0x0000000083200000, 0x0000000083300000, 0x0000000083300000|100%| O|  |TAMS 0x0000000083300000, 0x0000000083200000| Untracked 
|  51|0x0000000083300000, 0x0000000083400000, 0x0000000083400000|100%| O|  |TAMS 0x0000000083400000, 0x0000000083300000| Untracked 
|  52|0x0000000083400000, 0x0000000083500000, 0x0000000083500000|100%| O|  |TAMS 0x0000000083500000, 0x0000000083400000| Untracked 
|  53|0x0000000083500000, 0x0000000083600000, 0x0000000083600000|100%| O|  |TAMS 0x0000000083600000, 0x0000000083500000| Untracked 
|  54|0x0000000083600000, 0x0000000083700000, 0x0000000083700000|100%| O|  |TAMS 0x0000000083700000, 0x0000000083600000| Untracked 
|  55|0x0000000083700000, 0x0000000083800000, 0x0000000083800000|100%| O|  |TAMS 0x0000000083800000, 0x0000000083700000| Untracked 
|  56|0x0000000083800000, 0x0000000083900000, 0x0000000083900000|100%|HS|  |TAMS 0x0000000083900000, 0x0000000083800000| Complete 
|  57|0x0000000083900000, 0x0000000083a00000, 0x0000000083a00000|100%|HS|  |TAMS 0x0000000083a00000, 0x0000000083900000| Complete 
|  58|0x0000000083a00000, 0x0000000083b00000, 0x0000000083b00000|100%| O|  |TAMS 0x0000000083b00000, 0x0000000083a00000| Untracked 
|  59|0x0000000083b00000, 0x0000000083c00000, 0x0000000083c00000|100%| O|  |TAMS 0x0000000083c00000, 0x0000000083b00000| Untracked 
|  60|0x0000000083c00000, 0x0000000083d00000, 0x0000000083d00000|100%| O|  |TAMS 0x0000000083d00000, 0x0000000083c00000| Untracked 
|  61|0x0000000083d00000, 0x0000000083e00000, 0x0000000083e00000|100%| O|  |TAMS 0x0000000083e00000, 0x0000000083d00000| Untracked 
|  62|0x0000000083e00000, 0x0000000083f00000, 0x0000000083f00000|100%| O|  |TAMS 0x0000000083f00000, 0x0000000083e00000| Untracked 
|  63|0x0000000083f00000, 0x0000000084000000, 0x0000000084000000|100%| O|  |TAMS 0x0000000084000000, 0x0000000083f00000| Untracked 
|  64|0x0000000084000000, 0x0000000084100000, 0x0000000084100000|100%| O|  |TAMS 0x0000000084100000, 0x0000000084000000| Untracked 
|  65|0x0000000084100000, 0x0000000084200000, 0x0000000084200000|100%| O|  |TAMS 0x0000000084100000, 0x0000000084100000| Untracked 
|  66|0x0000000084200000, 0x0000000084300000, 0x0000000084300000|100%| O|  |TAMS 0x0000000084300000, 0x0000000084200000| Untracked 
|  67|0x0000000084300000, 0x0000000084400000, 0x0000000084400000|100%| O|  |TAMS 0x0000000084400000, 0x0000000084300000| Untracked 
|  68|0x0000000084400000, 0x0000000084500000, 0x0000000084500000|100%| O|  |TAMS 0x0000000084500000, 0x0000000084400000| Untracked 
|  69|0x0000000084500000, 0x0000000084600000, 0x0000000084600000|100%| O|  |TAMS 0x0000000084600000, 0x0000000084500000| Untracked 
|  70|0x0000000084600000, 0x0000000084700000, 0x0000000084700000|100%| O|  |TAMS 0x0000000084700000, 0x0000000084600000| Untracked 
|  71|0x0000000084700000, 0x0000000084800000, 0x0000000084800000|100%| O|  |TAMS 0x0000000084718600, 0x0000000084700000| Untracked 
|  72|0x0000000084800000, 0x0000000084900000, 0x0000000084900000|100%| O|  |TAMS 0x0000000084900000, 0x0000000084800000| Untracked 
|  73|0x0000000084900000, 0x0000000084a00000, 0x0000000084a00000|100%| O|  |TAMS 0x0000000084a00000, 0x0000000084900000| Untracked 
|  74|0x0000000084a00000, 0x0000000084b00000, 0x0000000084b00000|100%| O|  |TAMS 0x0000000084b00000, 0x0000000084a00000| Untracked 
|  75|0x0000000084b00000, 0x0000000084c00000, 0x0000000084c00000|100%| O|  |TAMS 0x0000000084c00000, 0x0000000084b00000| Untracked 
|  76|0x0000000084c00000, 0x0000000084d00000, 0x0000000084d00000|100%| O|  |TAMS 0x0000000084d00000, 0x0000000084c00000| Untracked 
|  77|0x0000000084d00000, 0x0000000084e00000, 0x0000000084e00000|100%| O|  |TAMS 0x0000000084e00000, 0x0000000084d00000| Untracked 
|  78|0x0000000084e00000, 0x0000000084f00000, 0x0000000084f00000|100%| O|  |TAMS 0x0000000084e00000, 0x0000000084e00000| Untracked 
|  79|0x0000000084f00000, 0x0000000085000000, 0x0000000085000000|100%| O|  |TAMS 0x0000000084f00000, 0x0000000084f00000| Untracked 
|  80|0x0000000085000000, 0x0000000085100000, 0x0000000085100000|100%| O|  |TAMS 0x0000000085000000, 0x0000000085000000| Untracked 
|  81|0x0000000085100000, 0x0000000085200000, 0x0000000085200000|100%| O|  |TAMS 0x0000000085100000, 0x0000000085100000| Untracked 
|  82|0x0000000085200000, 0x0000000085300000, 0x0000000085300000|100%| O|  |TAMS 0x0000000085200000, 0x0000000085200000| Untracked 
|  83|0x0000000085300000, 0x0000000085400000, 0x0000000085400000|100%| O|  |TAMS 0x0000000085300000, 0x0000000085300000| Untracked 
|  84|0x0000000085400000, 0x0000000085500000, 0x0000000085500000|100%| O|  |TAMS 0x0000000085400000, 0x0000000085400000| Untracked 
|  85|0x0000000085500000, 0x0000000085600000, 0x0000000085600000|100%| O|  |TAMS 0x0000000085500000, 0x0000000085500000| Untracked 
|  86|0x0000000085600000, 0x0000000085700000, 0x0000000085700000|100%| O|  |TAMS 0x0000000085600000, 0x0000000085600000| Untracked 
|  87|0x0000000085700000, 0x0000000085800000, 0x0000000085800000|100%| O|  |TAMS 0x0000000085700000, 0x0000000085700000| Untracked 
|  88|0x0000000085800000, 0x00000000858eb800, 0x0000000085900000| 91%| O|  |TAMS 0x0000000085800000, 0x0000000085800000| Untracked 
|  89|0x0000000085900000, 0x0000000085900000, 0x0000000085a00000|  0%| F|  |TAMS 0x0000000085900000, 0x0000000085900000| Untracked 
|  90|0x0000000085a00000, 0x0000000085a00000, 0x0000000085b00000|  0%| F|  |TAMS 0x0000000085a00000, 0x0000000085a00000| Untracked 
|  91|0x0000000085b00000, 0x0000000085b00000, 0x0000000085c00000|  0%| F|  |TAMS 0x0000000085b00000, 0x0000000085b00000| Untracked 
|  92|0x0000000085c00000, 0x0000000085c00000, 0x0000000085d00000|  0%| F|  |TAMS 0x0000000085c00000, 0x0000000085c00000| Untracked 
|  93|0x0000000085d00000, 0x0000000085d00000, 0x0000000085e00000|  0%| F|  |TAMS 0x0000000085d00000, 0x0000000085d00000| Untracked 
|  94|0x0000000085e00000, 0x0000000085e00000, 0x0000000085f00000|  0%| F|  |TAMS 0x0000000085e00000, 0x0000000085e00000| Untracked 
|  95|0x0000000085f00000, 0x0000000085f00000, 0x0000000086000000|  0%| F|  |TAMS 0x0000000085f00000, 0x0000000085f00000| Untracked 
|  96|0x0000000086000000, 0x0000000086000000, 0x0000000086100000|  0%| F|  |TAMS 0x0000000086000000, 0x0000000086000000| Untracked 
|  97|0x0000000086100000, 0x0000000086100000, 0x0000000086200000|  0%| F|  |TAMS 0x0000000086100000, 0x0000000086100000| Untracked 
|  98|0x0000000086200000, 0x0000000086200000, 0x0000000086300000|  0%| F|  |TAMS 0x0000000086200000, 0x0000000086200000| Untracked 
|  99|0x0000000086300000, 0x0000000086300000, 0x0000000086400000|  0%| F|  |TAMS 0x0000000086300000, 0x0000000086300000| Untracked 
| 100|0x0000000086400000, 0x0000000086400000, 0x0000000086500000|  0%| F|  |TAMS 0x0000000086400000, 0x0000000086400000| Untracked 
| 101|0x0000000086500000, 0x0000000086500000, 0x0000000086600000|  0%| F|  |TAMS 0x0000000086500000, 0x0000000086500000| Untracked 
| 102|0x0000000086600000, 0x0000000086600000, 0x0000000086700000|  0%| F|  |TAMS 0x0000000086600000, 0x0000000086600000| Untracked 
| 103|0x0000000086700000, 0x0000000086700000, 0x0000000086800000|  0%| F|  |TAMS 0x0000000086700000, 0x0000000086700000| Untracked 
| 104|0x0000000086800000, 0x0000000086800000, 0x0000000086900000|  0%| F|  |TAMS 0x0000000086800000, 0x0000000086800000| Untracked 
| 105|0x0000000086900000, 0x0000000086900000, 0x0000000086a00000|  0%| F|  |TAMS 0x0000000086900000, 0x0000000086900000| Untracked 
| 106|0x0000000086a00000, 0x0000000086a00000, 0x0000000086b00000|  0%| F|  |TAMS 0x0000000086a00000, 0x0000000086a00000| Untracked 
| 107|0x0000000086b00000, 0x0000000086b00000, 0x0000000086c00000|  0%| F|  |TAMS 0x0000000086b00000, 0x0000000086b00000| Untracked 
| 108|0x0000000086c00000, 0x0000000086c00000, 0x0000000086d00000|  0%| F|  |TAMS 0x0000000086c00000, 0x0000000086c00000| Untracked 
| 109|0x0000000086d00000, 0x0000000086e00000, 0x0000000086e00000|100%| S|CS|TAMS 0x0000000086d00000, 0x0000000086d00000| Complete 
| 110|0x0000000086e00000, 0x0000000086e00000, 0x0000000086f00000|  0%| F|  |TAMS 0x0000000086e00000, 0x0000000086e00000| Untracked 
| 111|0x0000000086f00000, 0x0000000087000000, 0x0000000087000000|100%| S|CS|TAMS 0x0000000086f00000, 0x0000000086f00000| Complete 
| 112|0x0000000087000000, 0x0000000087100000, 0x0000000087100000|100%| S|CS|TAMS 0x0000000087000000, 0x0000000087000000| Complete 
| 113|0x0000000087100000, 0x0000000087200000, 0x0000000087200000|100%| S|CS|TAMS 0x0000000087100000, 0x0000000087100000| Complete 
| 114|0x0000000087200000, 0x0000000087300000, 0x0000000087300000|100%| S|CS|TAMS 0x0000000087200000, 0x0000000087200000| Complete 
| 115|0x0000000087300000, 0x0000000087300000, 0x0000000087400000|  0%| F|  |TAMS 0x0000000087300000, 0x0000000087300000| Untracked 
| 116|0x0000000087400000, 0x0000000087400000, 0x0000000087500000|  0%| F|  |TAMS 0x0000000087400000, 0x0000000087400000| Untracked 
| 117|0x0000000087500000, 0x0000000087500000, 0x0000000087600000|  0%| F|  |TAMS 0x0000000087500000, 0x0000000087500000| Untracked 
| 118|0x0000000087600000, 0x0000000087600000, 0x0000000087700000|  0%| F|  |TAMS 0x0000000087600000, 0x0000000087600000| Untracked 
| 119|0x0000000087700000, 0x0000000087700000, 0x0000000087800000|  0%| F|  |TAMS 0x0000000087700000, 0x0000000087700000| Untracked 
| 120|0x0000000087800000, 0x0000000087800000, 0x0000000087900000|  0%| F|  |TAMS 0x0000000087800000, 0x0000000087800000| Untracked 
| 121|0x0000000087900000, 0x0000000087900000, 0x0000000087a00000|  0%| F|  |TAMS 0x0000000087900000, 0x0000000087900000| Untracked 
| 122|0x0000000087a00000, 0x0000000087a00000, 0x0000000087b00000|  0%| F|  |TAMS 0x0000000087a00000, 0x0000000087a00000| Untracked 
| 123|0x0000000087b00000, 0x0000000087b00000, 0x0000000087c00000|  0%| F|  |TAMS 0x0000000087b00000, 0x0000000087b00000| Untracked 
| 124|0x0000000087c00000, 0x0000000087c00000, 0x0000000087d00000|  0%| F|  |TAMS 0x0000000087c00000, 0x0000000087c00000| Untracked 
| 125|0x0000000087d00000, 0x0000000087d00000, 0x0000000087e00000|  0%| F|  |TAMS 0x0000000087d00000, 0x0000000087d00000| Untracked 
| 126|0x0000000087e00000, 0x0000000087e00000, 0x0000000087f00000|  0%| F|  |TAMS 0x0000000087e00000, 0x0000000087e00000| Untracked 
| 127|0x0000000087f00000, 0x0000000087f00000, 0x0000000088000000|  0%| F|  |TAMS 0x0000000087f00000, 0x0000000087f00000| Untracked 
| 128|0x0000000088000000, 0x0000000088000000, 0x0000000088100000|  0%| F|  |TAMS 0x0000000088000000, 0x0000000088000000| Untracked 
| 129|0x0000000088100000, 0x0000000088100000, 0x0000000088200000|  0%| F|  |TAMS 0x0000000088100000, 0x0000000088100000| Untracked 
| 130|0x0000000088200000, 0x0000000088200000, 0x0000000088300000|  0%| F|  |TAMS 0x0000000088200000, 0x0000000088200000| Untracked 
| 131|0x0000000088300000, 0x0000000088300000, 0x0000000088400000|  0%| F|  |TAMS 0x0000000088300000, 0x0000000088300000| Untracked 
| 132|0x0000000088400000, 0x0000000088400000, 0x0000000088500000|  0%| F|  |TAMS 0x0000000088400000, 0x0000000088400000| Untracked 
| 133|0x0000000088500000, 0x0000000088500000, 0x0000000088600000|  0%| F|  |TAMS 0x0000000088500000, 0x0000000088500000| Untracked 
| 134|0x0000000088600000, 0x0000000088600000, 0x0000000088700000|  0%| F|  |TAMS 0x0000000088600000, 0x0000000088600000| Untracked 
| 135|0x0000000088700000, 0x0000000088700000, 0x0000000088800000|  0%| F|  |TAMS 0x0000000088700000, 0x0000000088700000| Untracked 
| 136|0x0000000088800000, 0x0000000088800000, 0x0000000088900000|  0%| F|  |TAMS 0x0000000088800000, 0x0000000088800000| Untracked 
| 137|0x0000000088900000, 0x0000000088900000, 0x0000000088a00000|  0%| F|  |TAMS 0x0000000088900000, 0x0000000088900000| Untracked 
| 138|0x0000000088a00000, 0x0000000088a00000, 0x0000000088b00000|  0%| F|  |TAMS 0x0000000088a00000, 0x0000000088a00000| Untracked 
| 139|0x0000000088b00000, 0x0000000088b00000, 0x0000000088c00000|  0%| F|  |TAMS 0x0000000088b00000, 0x0000000088b00000| Untracked 
| 140|0x0000000088c00000, 0x0000000088c00000, 0x0000000088d00000|  0%| F|  |TAMS 0x0000000088c00000, 0x0000000088c00000| Untracked 
| 141|0x0000000088d00000, 0x0000000088d00000, 0x0000000088e00000|  0%| F|  |TAMS 0x0000000088d00000, 0x0000000088d00000| Untracked 
| 142|0x0000000088e00000, 0x0000000088e00000, 0x0000000088f00000|  0%| F|  |TAMS 0x0000000088e00000, 0x0000000088e00000| Untracked 
| 143|0x0000000088f00000, 0x0000000088f00000, 0x0000000089000000|  0%| F|  |TAMS 0x0000000088f00000, 0x0000000088f00000| Untracked 
| 144|0x0000000089000000, 0x0000000089000000, 0x0000000089100000|  0%| F|  |TAMS 0x0000000089000000, 0x0000000089000000| Untracked 

Card table byte_map: [0x000002b269590000,0x000002b269990000] _byte_map_base: 0x000002b269190000

Marking Bits (Prev, Next): (CMBitMap*) 0x000002b2527018b0, (CMBitMap*) 0x000002b2527018f0
 Prev Bits: [0x000002b269d90000, 0x000002b26bd90000)
 Next Bits: [0x000002b26bd90000, 0x000002b26dd90000)

Polling page: 0x000002b251e70000

Metaspace:

Usage:
  Non-class:     70.11 MB used.
      Class:     11.34 MB used.
       Both:     81.45 MB used.

Virtual space:
  Non-class space:       72.00 MB reserved,      70.56 MB ( 98%) committed,  9 nodes.
      Class space:      412.00 MB reserved,      11.75 MB (  3%) committed,  1 nodes.
             Both:      484.00 MB reserved,      82.31 MB ( 17%) committed. 

Chunk freelists:
   Non-Class:  1.33 MB
       Class:  293.00 KB
        Both:  1.61 MB

MaxMetaspaceSize: 512.00 MB
CompressedClassSpaceSize: 412.00 MB
Initial GC threshold: 21.00 MB
Current GC threshold: 121.88 MB
CDS: on
MetaspaceReclaimPolicy: balanced
 - commit_granule_bytes: 65536.
 - commit_granule_words: 8192.
 - virtual_space_node_default_size: 1048576.
 - enlarge_chunks_in_place: 1.
 - new_chunks_are_fully_committed: 0.
 - uncommit_free_chunks: 1.
 - use_allocation_guard: 0.
 - handle_deallocations: 1.


Internal statistics:

num_allocs_failed_limit: 6.
num_arena_births: 988.
num_arena_deaths: 0.
num_vsnodes_births: 10.
num_vsnodes_deaths: 0.
num_space_committed: 1317.
num_space_uncommitted: 0.
num_chunks_returned_to_freelist: 6.
num_chunks_taken_from_freelist: 4443.
num_chunk_merges: 3.
num_chunk_splits: 2973.
num_chunks_enlarged: 1997.
num_purges: 0.
num_inconsistent_stats: 0.

CodeHeap 'non-profiled nmethods': size=120000Kb used=5813Kb max_used=5813Kb free=114186Kb
 bounds [0x000002b261c60000, 0x000002b262210000, 0x000002b269190000]
CodeHeap 'profiled nmethods': size=120000Kb used=18592Kb max_used=18592Kb free=101407Kb
 bounds [0x000002b25a190000, 0x000002b25b3c0000, 0x000002b2616c0000]
CodeHeap 'non-nmethods': size=5760Kb used=2395Kb max_used=2502Kb free=3364Kb
 bounds [0x000002b2616c0000, 0x000002b261960000, 0x000002b261c60000]
 total_blobs=10378 nmethods=9445 adapters=845
 compilation: enabled
              stopped_count=0, restarted_count=0
 full_count=0

Compilation events (20 events):
Event: 63.560 Thread 0x000002b270246ae0 10868       3       org.gradle.internal.component.external.model.AbstractModuleComponentResolveMetadata::optionalArtifact (35 bytes)
Event: 63.561 Thread 0x000002b270246ae0 nmethod 10868 0x000002b25b3b5010 code [0x000002b25b3b5220, 0x000002b25b3b5a58]
Event: 63.561 Thread 0x000002b270246ae0 10869       3       org.gradle.api.internal.artifacts.ivyservice.resolveengine.graph.builder.DependencyState::<init> (16 bytes)
Event: 63.561 Thread 0x000002b270246ae0 nmethod 10869 0x000002b25b3b5d90 code [0x000002b25b3b5f80, 0x000002b25b3b6628]
Event: 63.562 Thread 0x000002b270246ae0 10870       3       com.google.common.collect.ArrayListMultimap::createCollection (5 bytes)
Event: 63.562 Thread 0x000002b270246ae0 nmethod 10870 0x000002b25b3b6810 code [0x000002b25b3b69c0, 0x000002b25b3b6bc8]
Event: 63.562 Thread 0x000002b270246ae0 10871       3       com.google.common.collect.ArrayListMultimap::createCollection (12 bytes)
Event: 63.562 Thread 0x000002b270246ae0 nmethod 10871 0x000002b25b3b6c90 code [0x000002b25b3b6e40, 0x000002b25b3b6fe8]
Event: 63.562 Thread 0x000002b270246ae0 10874       3       org.gradle.api.internal.artifacts.DefaultComponentSelectorConverter::getModule (32 bytes)
Event: 63.562 Thread 0x000002b270246ae0 nmethod 10874 0x000002b25b3b7090 code [0x000002b25b3b7260, 0x000002b25b3b7758]
Event: 63.562 Thread 0x000002b270246ae0 10873       3       org.gradle.api.internal.artifacts.ivyservice.resolveengine.graph.builder.ResolveState$$Lambda$667/0x00000008011d65d8::apply (20 bytes)
Event: 63.562 Thread 0x000002b270246ae0 nmethod 10873 0x000002b25b3b7890 code [0x000002b25b3b7a40, 0x000002b25b3b7ca8]
Event: 63.562 Thread 0x000002b270246ae0 10876       3       org.gradle.api.internal.artifacts.ivyservice.resolveengine.graph.builder.DependencyState::addMainReason (72 bytes)
Event: 63.563 Thread 0x000002b270246ae0 nmethod 10876 0x000002b25b3b7d90 code [0x000002b25b3b7fe0, 0x000002b25b3b8a48]
Event: 63.563 Thread 0x000002b270246ae0 10878       3       org.gradle.api.internal.artifacts.ivyservice.resolveengine.graph.builder.ModuleSelectors::first (23 bytes)
Event: 63.563 Thread 0x000002b270246ae0 nmethod 10878 0x000002b25b3b8d10 code [0x000002b25b3b8ee0, 0x000002b25b3b9378]
Event: 63.563 Thread 0x000002b270246ae0 10877   !   3       org.gradle.api.internal.artifacts.ivyservice.resolveengine.graph.builder.DependencyGraphBuilder::performSelection (30 bytes)
Event: 63.563 Thread 0x000002b270246ae0 nmethod 10877 0x000002b25b3b9510 code [0x000002b25b3b96e0, 0x000002b25b3b9958]
Event: 63.563 Thread 0x000002b270246ae0 10875       3       org.gradle.api.internal.artifacts.ivyservice.resolveengine.graph.builder.SelectorState::getDependencyMetadata (8 bytes)
Event: 63.563 Thread 0x000002b270246ae0 nmethod 10875 0x000002b25b3b9a90 code [0x000002b25b3b9c20, 0x000002b25b3b9d58]

GC Heap History (20 events):
Event: 37.825 GC heap after
{Heap after GC invocations=32 (full 0):
 garbage-first heap   total 128000K, used 78880K [0x0000000080000000, 0x0000000100000000)
  region size 1024K, 5 young (5120K), 5 survivors (5120K)
 Metaspace       used 69183K, committed 69888K, reserved 487424K
  class space    used 9429K, committed 9728K, reserved 421888K
}
Event: 37.828 GC heap before
{Heap before GC invocations=32 (full 0):
 garbage-first heap   total 128000K, used 79904K [0x0000000080000000, 0x0000000100000000)
  region size 1024K, 6 young (6144K), 5 survivors (5120K)
 Metaspace       used 69183K, committed 69888K, reserved 487424K
  class space    used 9429K, committed 9728K, reserved 421888K
}
Event: 37.834 GC heap after
{Heap after GC invocations=33 (full 0):
 garbage-first heap   total 128000K, used 79707K [0x0000000080000000, 0x0000000100000000)
  region size 1024K, 1 young (1024K), 1 survivors (1024K)
 Metaspace       used 69183K, committed 69888K, reserved 487424K
  class space    used 9429K, committed 9728K, reserved 421888K
}
Event: 39.446 GC heap before
{Heap before GC invocations=33 (full 0):
 garbage-first heap   total 128000K, used 103259K [0x0000000080000000, 0x0000000100000000)
  region size 1024K, 24 young (24576K), 1 survivors (1024K)
 Metaspace       used 71410K, committed 72128K, reserved 487424K
  class space    used 9716K, committed 10048K, reserved 421888K
}
Event: 39.451 GC heap after
{Heap after GC invocations=34 (full 0):
 garbage-first heap   total 128000K, used 81480K [0x0000000080000000, 0x0000000100000000)
  region size 1024K, 3 young (3072K), 3 survivors (3072K)
 Metaspace       used 71410K, committed 72128K, reserved 487424K
  class space    used 9716K, committed 10048K, reserved 421888K
}
Event: 40.795 GC heap before
{Heap before GC invocations=35 (full 0):
 garbage-first heap   total 133120K, used 99912K [0x0000000080000000, 0x0000000100000000)
  region size 1024K, 25 young (25600K), 3 survivors (3072K)
 Metaspace       used 73575K, committed 74304K, reserved 487424K
  class space    used 9990K, committed 10368K, reserved 421888K
}
Event: 40.799 GC heap after
{Heap after GC invocations=36 (full 0):
 garbage-first heap   total 133120K, used 78654K [0x0000000080000000, 0x0000000100000000)
  region size 1024K, 4 young (4096K), 4 survivors (4096K)
 Metaspace       used 73575K, committed 74304K, reserved 487424K
  class space    used 9990K, committed 10368K, reserved 421888K
}
Event: 40.948 GC heap before
{Heap before GC invocations=36 (full 0):
 garbage-first heap   total 133120K, used 80702K [0x0000000080000000, 0x0000000100000000)
  region size 1024K, 6 young (6144K), 4 survivors (4096K)
 Metaspace       used 73788K, committed 74496K, reserved 487424K
  class space    used 10024K, committed 10368K, reserved 421888K
}
Event: 40.958 GC heap after
{Heap after GC invocations=37 (full 0):
 garbage-first heap   total 133120K, used 78466K [0x0000000080000000, 0x0000000100000000)
  region size 1024K, 1 young (1024K), 1 survivors (1024K)
 Metaspace       used 73788K, committed 74496K, reserved 487424K
  class space    used 10024K, committed 10368K, reserved 421888K
}
Event: 41.424 GC heap before
{Heap before GC invocations=37 (full 0):
 garbage-first heap   total 133120K, used 106114K [0x0000000080000000, 0x0000000100000000)
  region size 1024K, 28 young (28672K), 1 survivors (1024K)
 Metaspace       used 74111K, committed 74816K, reserved 487424K
  class space    used 10092K, committed 10432K, reserved 421888K
}
Event: 41.431 GC heap after
{Heap after GC invocations=38 (full 0):
 garbage-first heap   total 133120K, used 80834K [0x0000000080000000, 0x0000000100000000)
  region size 1024K, 3 young (3072K), 3 survivors (3072K)
 Metaspace       used 74111K, committed 74816K, reserved 487424K
  class space    used 10092K, committed 10432K, reserved 421888K
}
Event: 60.811 GC heap before
{Heap before GC invocations=39 (full 0):
 garbage-first heap   total 148480K, used 106434K [0x0000000080000000, 0x0000000100000000)
  region size 1024K, 28 young (28672K), 3 survivors (3072K)
 Metaspace       used 75672K, committed 76352K, reserved 495616K
  class space    used 10292K, committed 10624K, reserved 421888K
}
Event: 60.822 GC heap after
{Heap after GC invocations=40 (full 0):
 garbage-first heap   total 148480K, used 83231K [0x0000000080000000, 0x0000000100000000)
  region size 1024K, 3 young (3072K), 3 survivors (3072K)
 Metaspace       used 75672K, committed 76352K, reserved 495616K
  class space    used 10292K, committed 10624K, reserved 421888K
}
Event: 60.973 GC heap before
{Heap before GC invocations=40 (full 0):
 garbage-first heap   total 148480K, used 87327K [0x0000000080000000, 0x0000000100000000)
  region size 1024K, 7 young (7168K), 3 survivors (3072K)
 Metaspace       used 75970K, committed 76672K, reserved 495616K
  class space    used 10341K, committed 10688K, reserved 421888K
}
Event: 60.978 GC heap after
{Heap after GC invocations=41 (full 0):
 garbage-first heap   total 148480K, used 83283K [0x0000000080000000, 0x0000000100000000)
  region size 1024K, 1 young (1024K), 1 survivors (1024K)
 Metaspace       used 75970K, committed 76672K, reserved 495616K
  class space    used 10341K, committed 10688K, reserved 421888K
}
Event: 61.917 GC heap before
{Heap before GC invocations=41 (full 0):
 garbage-first heap   total 148480K, used 118099K [0x0000000080000000, 0x0000000100000000)
  region size 1024K, 35 young (35840K), 1 survivors (1024K)
 Metaspace       used 80258K, committed 80960K, reserved 495616K
  class space    used 11107K, committed 11456K, reserved 421888K
}
Event: 61.922 GC heap after
{Heap after GC invocations=42 (full 0):
 garbage-first heap   total 148480K, used 84795K [0x0000000080000000, 0x0000000100000000)
  region size 1024K, 3 young (3072K), 3 survivors (3072K)
 Metaspace       used 80258K, committed 80960K, reserved 495616K
  class space    used 11107K, committed 11456K, reserved 421888K
}
Event: 62.683 GC heap before
{Heap before GC invocations=42 (full 0):
 garbage-first heap   total 148480K, used 119611K [0x0000000080000000, 0x0000000100000000)
  region size 1024K, 37 young (37888K), 3 survivors (3072K)
 Metaspace       used 82365K, committed 83200K, reserved 495616K
  class space    used 11459K, committed 11840K, reserved 421888K
}
Event: 62.692 GC heap after
{Heap after GC invocations=43 (full 0):
 garbage-first heap   total 148480K, used 89864K [0x0000000080000000, 0x0000000100000000)
  region size 1024K, 5 young (5120K), 5 survivors (5120K)
 Metaspace       used 82365K, committed 83200K, reserved 495616K
  class space    used 11459K, committed 11840K, reserved 421888K
}
Event: 63.565 GC heap before
{Heap before GC invocations=43 (full 0):
 garbage-first heap   total 148480K, used 120584K [0x0000000080000000, 0x0000000100000000)
  region size 1024K, 35 young (35840K), 5 survivors (5120K)
 Metaspace       used 83406K, committed 84288K, reserved 495616K
  class space    used 11612K, committed 12032K, reserved 421888K
}

Dll operation events (12 events):
Event: 0.103 Loaded shared library C:\Program Files\Eclipse Adoptium\jdk-17.0.6.10-hotspot\bin\java.dll
Event: 0.122 Loaded shared library C:\Program Files\Eclipse Adoptium\jdk-17.0.6.10-hotspot\bin\jsvml.dll
Event: 0.279 Loaded shared library C:\Program Files\Eclipse Adoptium\jdk-17.0.6.10-hotspot\bin\net.dll
Event: 0.281 Loaded shared library C:\Program Files\Eclipse Adoptium\jdk-17.0.6.10-hotspot\bin\nio.dll
Event: 0.291 Loaded shared library C:\Program Files\Eclipse Adoptium\jdk-17.0.6.10-hotspot\bin\zip.dll
Event: 0.881 Loaded shared library C:\Program Files\Eclipse Adoptium\jdk-17.0.6.10-hotspot\bin\jimage.dll
Event: 1.117 Loaded shared library C:\Program Files\Eclipse Adoptium\jdk-17.0.6.10-hotspot\bin\verify.dll
Event: 1.909 Loaded shared library C:\Users\songe\.gradle\native\68d5fa5c4cc2d200863cafc0d521ce42e7d3e7ee720ec0a83991735586a16f82\windows-amd64\native-platform.dll
Event: 1.916 Loaded shared library C:\Users\songe\.gradle\native\e376f236ea51e6404a007f0833ffe2c6e607c4080706a723a18a27aeea778392\windows-amd64\native-platform-file-events.dll
Event: 5.160 Loaded shared library C:\Program Files\Eclipse Adoptium\jdk-17.0.6.10-hotspot\bin\management.dll
Event: 5.163 Loaded shared library C:\Program Files\Eclipse Adoptium\jdk-17.0.6.10-hotspot\bin\management_ext.dll
Event: 6.856 Loaded shared library C:\Program Files\Eclipse Adoptium\jdk-17.0.6.10-hotspot\bin\sunmscapi.dll

Deoptimization events (20 events):
Event: 63.084 Thread 0x000002b271cd0840 Uncommon trap: trap_request=0xffffff45 fr.pc=0x000002b261f05c4c relative=0x0000000000002e4c
Event: 63.084 Thread 0x000002b271cd0840 Uncommon trap: reason=unstable_if action=reinterpret pc=0x000002b261f05c4c method=java.lang.PublicMethods$MethodList.getMostSpecific()Ljava/lang/reflect/Method; @ 35 c2
Event: 63.084 Thread 0x000002b271cd0840 DEOPT PACKING pc=0x000002b261f05c4c sp=0x000000ca2bdf3770
Event: 63.084 Thread 0x000002b271cd0840 DEOPT UNPACKING pc=0x000002b2617169a3 sp=0x000000ca2bdf3650 mode 2
Event: 63.084 Thread 0x000002b271cd0840 Uncommon trap: trap_request=0xffffff45 fr.pc=0x000002b261c97810 relative=0x00000000000001f0
Event: 63.084 Thread 0x000002b271cd0840 Uncommon trap: reason=unstable_if action=reinterpret pc=0x000002b261c97810 method=java.lang.PublicMethods$MethodList.getMostSpecific()Ljava/lang/reflect/Method; @ 35 c2
Event: 63.085 Thread 0x000002b271cd0840 DEOPT PACKING pc=0x000002b261c97810 sp=0x000000ca2bdf3710
Event: 63.085 Thread 0x000002b271cd0840 DEOPT UNPACKING pc=0x000002b2617169a3 sp=0x000000ca2bdf3648 mode 2
Event: 63.110 Thread 0x000002b271cd0840 DEOPT PACKING pc=0x000002b25a302371 sp=0x000000ca2bdf6f50
Event: 63.110 Thread 0x000002b271cd0840 DEOPT UNPACKING pc=0x000002b261717143 sp=0x000000ca2bdf63b0 mode 0
Event: 63.154 Thread 0x000002b271cd0840 DEOPT PACKING pc=0x000002b25a5a8dc4 sp=0x000000ca2bdf8d30
Event: 63.154 Thread 0x000002b271cd0840 DEOPT UNPACKING pc=0x000002b261717143 sp=0x000000ca2bdf8250 mode 0
Event: 63.318 Thread 0x000002b271cd0840 DEOPT PACKING pc=0x000002b25a5a8dc4 sp=0x000000ca2bdf3da0
Event: 63.318 Thread 0x000002b271cd0840 DEOPT UNPACKING pc=0x000002b261717143 sp=0x000000ca2bdf32c0 mode 0
Event: 63.327 Thread 0x000002b271cd0840 DEOPT PACKING pc=0x000002b25a5a8dc4 sp=0x000000ca2bdf3d40
Event: 63.327 Thread 0x000002b271cd0840 DEOPT UNPACKING pc=0x000002b261717143 sp=0x000000ca2bdf3260 mode 0
Event: 63.504 Thread 0x000002b271cd0840 Uncommon trap: trap_request=0xffffffde fr.pc=0x000002b261efa2bc relative=0x000000000000019c
Event: 63.504 Thread 0x000002b271cd0840 Uncommon trap: reason=class_check action=maybe_recompile pc=0x000002b261efa2bc method=java.util.stream.StreamOpFlag.fromCharacteristics(Ljava/util/Spliterator;)I @ 14 c2
Event: 63.504 Thread 0x000002b271cd0840 DEOPT PACKING pc=0x000002b261efa2bc sp=0x000000ca2bdf6ef0
Event: 63.504 Thread 0x000002b271cd0840 DEOPT UNPACKING pc=0x000002b2617169a3 sp=0x000000ca2bdf6dd8 mode 2

Classes unloaded (0 events):
No events

Classes redefined (0 events):
No events

Internal exceptions (20 events):
Event: 63.088 Thread 0x000002b271cd0840 Exception <a 'java/lang/ClassNotFoundException'{0x0000000087fab4c0}: com/android/build/gradle/internal/dsl/PackagingOptions$AgpDecorated_DecoratedBeanInfo> (0x0000000087fab4c0) 
thrown [s\src\hotspot\share\classfile\systemDictionary.cpp, line 256]
Event: 63.089 Thread 0x000002b271cd0840 Exception <a 'java/lang/ClassNotFoundException'{0x0000000087fb9730}: com/android/build/gradle/internal/dsl/PackagingOptions$AgpDecoratedBeanInfo> (0x0000000087fb9730) 
thrown [s\src\hotspot\share\classfile\systemDictionary.cpp, line 256]
Event: 63.089 Thread 0x000002b271cd0840 Exception <a 'java/lang/ClassNotFoundException'{0x0000000087fc84f0}: com/android/build/gradle/internal/dsl/PackagingOptionsBeanInfo> (0x0000000087fc84f0) 
thrown [s\src\hotspot\share\classfile\systemDictionary.cpp, line 256]
Event: 63.090 Thread 0x000002b271cd0840 Exception <a 'java/lang/ClassNotFoundException'{0x0000000087fd65a0}: com/android/build/gradle/internal/dsl/PackagingOptionsCustomizer> (0x0000000087fd65a0) 
thrown [s\src\hotspot\share\classfile\systemDictionary.cpp, line 256]
Event: 63.091 Thread 0x000002b271cd0840 Exception <a 'java/lang/ClassNotFoundException'{0x0000000087fedb18}: com/android/build/gradle/internal/dsl/PackagingOptions$AgpDecoratedCustomizer> (0x0000000087fedb18) 
thrown [s\src\hotspot\share\classfile\systemDictionary.cpp, line 256]
Event: 63.092 Thread 0x000002b271cd0840 Exception <a 'java/lang/ClassNotFoundException'{0x0000000087e12d20}: com/android/build/gradle/internal/dsl/PackagingOptions$AgpDecorated_DecoratedCustomizer> (0x0000000087e12d20) 
thrown [s\src\hotspot\share\classfile\systemDictionary.cpp, line 256]
Event: 63.112 Thread 0x000002b271cd0840 Exception <a 'java/lang/ClassNotFoundException'{0x0000000087e75b08}: io/invertase/gradle/common/UtilitiesBeanInfo> (0x0000000087e75b08) 
thrown [s\src\hotspot\share\classfile\systemDictionary.cpp, line 256]
Event: 63.112 Thread 0x000002b271cd0840 Exception <a 'java/lang/ClassNotFoundException'{0x0000000087e83930}: io/invertase/gradle/common/UtilitiesCustomizer> (0x0000000087e83930) 
thrown [s\src\hotspot\share\classfile\systemDictionary.cpp, line 256]
Event: 63.117 Thread 0x000002b271cd0840 Exception <a 'java/lang/ClassNotFoundException'{0x0000000087eb5c38}: org/gradle/util/GradleVersionBeanInfo> (0x0000000087eb5c38) 
thrown [s\src\hotspot\share\classfile\systemDictionary.cpp, line 256]
Event: 63.119 Thread 0x000002b271cd0840 Exception <a 'java/lang/ClassNotFoundException'{0x0000000087ecaa30}: org/gradle/util/GradleVersionCustomizer> (0x0000000087ecaa30) 
thrown [s\src\hotspot\share\classfile\systemDictionary.cpp, line 256]
Event: 63.123 Thread 0x000002b271cd0840 Exception <a 'java/lang/ClassNotFoundException'{0x0000000087d091e0}: org/gradle/util/internal/DefaultGradleVersionBeanInfo> (0x0000000087d091e0) 
thrown [s\src\hotspot\share\classfile\systemDictionary.cpp, line 256]
Event: 63.124 Thread 0x000002b271cd0840 Exception <a 'java/lang/ClassNotFoundException'{0x0000000087d1e550}: org/gradle/util/internal/DefaultGradleVersionCustomizer> (0x0000000087d1e550) 
thrown [s\src\hotspot\share\classfile\systemDictionary.cpp, line 256]
Event: 63.252 Thread 0x000002b271cd0840 Exception <a 'java/lang/NoClassDefFoundError'{0x0000000087b923d8}: org/jetbrains/kotlin/gradle/plugin/KotlinBasePluginWrapper> (0x0000000087b923d8) 
thrown [s\src\hotspot\share\oops\constantPool.cpp, line 835]
Event: 63.272 Thread 0x000002b271cd0840 Exception <a 'java/lang/ClassNotFoundException'{0x0000000087a69af0}: build_5hd7uzqexioss7h63b5d3hafgBeanInfo> (0x0000000087a69af0) 
thrown [s\src\hotspot\share\classfile\systemDictionary.cpp, line 256]
Event: 63.272 Thread 0x000002b271cd0840 Exception <a 'java/lang/ClassNotFoundException'{0x0000000087a70370}: build_5hd7uzqexioss7h63b5d3hafgCustomizer> (0x0000000087a70370) 
thrown [s\src\hotspot\share\classfile\systemDictionary.cpp, line 256]
Event: 63.360 Thread 0x000002b271cd0840 Exception <a 'java/lang/ClassNotFoundException'{0x000000008786fb40}: build_5hd7uzqexioss7h63b5d3hafgBeanInfo> (0x000000008786fb40) 
thrown [s\src\hotspot\share\classfile\systemDictionary.cpp, line 256]
Event: 63.360 Thread 0x000002b271cd0840 Exception <a 'java/lang/ClassNotFoundException'{0x0000000087876360}: build_5hd7uzqexioss7h63b5d3hafgCustomizer> (0x0000000087876360) 
thrown [s\src\hotspot\share\classfile\systemDictionary.cpp, line 256]
Event: 63.466 Thread 0x000002b271cd0840 Exception <a 'java/lang/NoClassDefFoundError'{0x000000008756a920}: org/jetbrains/kotlin/gradle/plugin/KotlinBasePluginWrapper> (0x000000008756a920) 
thrown [s\src\hotspot\share\oops\constantPool.cpp, line 835]
Event: 63.487 Thread 0x000002b271cd0840 Exception <a 'java/lang/ClassNotFoundException'{0x000000008744fd60}: build_dfxgaoxr9jpq0pdoyq5c4q5jrBeanInfo> (0x000000008744fd60) 
thrown [s\src\hotspot\share\classfile\systemDictionary.cpp, line 256]
Event: 63.488 Thread 0x000002b271cd0840 Exception <a 'java/lang/ClassNotFoundException'{0x00000000874565e0}: build_dfxgaoxr9jpq0pdoyq5c4q5jrCustomizer> (0x00000000874565e0) 
thrown [s\src\hotspot\share\classfile\systemDictionary.cpp, line 256]

VM Operations (20 events):
Event: 60.563 Executing VM operation: Cleanup done
Event: 60.811 Executing VM operation: G1CollectForAllocation
Event: 60.822 Executing VM operation: G1CollectForAllocation done
Event: 60.973 Executing VM operation: G1CollectForAllocation
Event: 60.978 Executing VM operation: G1CollectForAllocation done
Event: 61.916 Executing VM operation: G1CollectForAllocation
Event: 61.922 Executing VM operation: G1CollectForAllocation done
Event: 62.668 Executing VM operation: ICBufferFull
Event: 62.668 Executing VM operation: ICBufferFull done
Event: 62.683 Executing VM operation: G1CollectForAllocation
Event: 62.692 Executing VM operation: G1CollectForAllocation done
Event: 62.945 Executing VM operation: HandshakeAllThreads
Event: 62.945 Executing VM operation: HandshakeAllThreads done
Event: 62.947 Executing VM operation: HandshakeAllThreads
Event: 62.947 Executing VM operation: HandshakeAllThreads done
Event: 62.951 Executing VM operation: HandshakeAllThreads
Event: 62.951 Executing VM operation: HandshakeAllThreads done
Event: 63.363 Executing VM operation: ICBufferFull
Event: 63.363 Executing VM operation: ICBufferFull done
Event: 63.565 Executing VM operation: G1CollectForAllocation

Events (20 events):
Event: 63.066 loading class java/lang/IntegerBeanInfo
Event: 63.066 loading class java/lang/IntegerBeanInfo done
Event: 63.066 loading class java/lang/IntegerBeanInfo
Event: 63.066 loading class java/lang/IntegerBeanInfo done
Event: 63.067 loading class java/lang/NumberBeanInfo
Event: 63.067 loading class java/lang/NumberBeanInfo done
Event: 63.067 loading class java/lang/NumberBeanInfo
Event: 63.067 loading class java/lang/NumberBeanInfo done
Event: 63.067 loading class java/lang/NumberCustomizer
Event: 63.067 loading class java/lang/NumberCustomizer done
Event: 63.067 loading class java/lang/NumberCustomizer
Event: 63.067 loading class java/lang/NumberCustomizer done
Event: 63.068 loading class java/lang/IntegerCustomizer
Event: 63.068 loading class java/lang/IntegerCustomizer done
Event: 63.068 loading class java/lang/IntegerCustomizer
Event: 63.068 loading class java/lang/IntegerCustomizer done
Event: 63.068 loading class jdk/internal/ValueBased
Event: 63.068 loading class jdk/internal/ValueBased done
Event: 63.309 loading class java/util/AbstractList$ListItr
Event: 63.309 loading class java/util/AbstractList$ListItr done


Dynamic libraries:
0x00007ff645cc0000 - 0x00007ff645cce000 	C:\Program Files\Eclipse Adoptium\jdk-17.0.6.10-hotspot\bin\java.exe
0x00007ffb40750000 - 0x00007ffb40948000 	C:\WINDOWS\SYSTEM32\ntdll.dll
0x00007ffb3eca0000 - 0x00007ffb3ed5f000 	C:\WINDOWS\System32\KERNEL32.DLL
0x00007ffb3e070000 - 0x00007ffb3e366000 	C:\WINDOWS\System32\KERNELBASE.dll
0x00007ffb3e630000 - 0x00007ffb3e730000 	C:\WINDOWS\System32\ucrtbase.dll
0x00007ffb37100000 - 0x00007ffb37117000 	C:\Program Files\Eclipse Adoptium\jdk-17.0.6.10-hotspot\bin\jli.dll
0x00007ffb3f730000 - 0x00007ffb3f8cd000 	C:\WINDOWS\System32\USER32.dll
0x00007ffb3e400000 - 0x00007ffb3e422000 	C:\WINDOWS\System32\win32u.dll
0x00007ffb3f350000 - 0x00007ffb3f37c000 	C:\WINDOWS\System32\GDI32.dll
0x00007ffb3dea0000 - 0x00007ffb3dfb5000 	C:\WINDOWS\System32\gdi32full.dll
0x00007ffb3e430000 - 0x00007ffb3e4cd000 	C:\WINDOWS\System32\msvcp_win.dll
0x00007ffb37120000 - 0x00007ffb37139000 	C:\Program Files\Eclipse Adoptium\jdk-17.0.6.10-hotspot\bin\VCRUNTIME140.dll
0x00007ffb2a340000 - 0x00007ffb2a5da000 	C:\WINDOWS\WinSxS\amd64_microsoft.windows.common-controls_6595b64144ccf1df_6.0.19041.1110_none_60b5254171f9507e\COMCTL32.dll
0x00007ffb3edc0000 - 0x00007ffb3ee5e000 	C:\WINDOWS\System32\msvcrt.dll
0x00007ffb3f700000 - 0x00007ffb3f730000 	C:\WINDOWS\System32\IMM32.DLL
0x00007ffb370f0000 - 0x00007ffb370fc000 	C:\Program Files\Eclipse Adoptium\jdk-17.0.6.10-hotspot\bin\vcruntime140_1.dll
0x00007ffb36eb0000 - 0x00007ffb36f41000 	C:\Program Files\Eclipse Adoptium\jdk-17.0.6.10-hotspot\bin\msvcp140.dll
0x00007ffaf2440000 - 0x00007ffaf3087000 	C:\Program Files\Eclipse Adoptium\jdk-17.0.6.10-hotspot\bin\server\jvm.dll
0x00007ffb40660000 - 0x00007ffb4070f000 	C:\WINDOWS\System32\ADVAPI32.dll
0x00007ffb3fe70000 - 0x00007ffb3ff0c000 	C:\WINDOWS\System32\sechost.dll
0x00007ffb3f380000 - 0x00007ffb3f4a6000 	C:\WINDOWS\System32\RPCRT4.dll
0x00007ffb26230000 - 0x00007ffb26239000 	C:\WINDOWS\SYSTEM32\WSOCK32.dll
0x00007ffb3fb60000 - 0x00007ffb3fbcb000 	C:\WINDOWS\System32\WS2_32.dll
0x00007ffb2b640000 - 0x00007ffb2b667000 	C:\WINDOWS\SYSTEM32\WINMM.dll
0x00007ffb332d0000 - 0x00007ffb332da000 	C:\WINDOWS\SYSTEM32\VERSION.dll
0x00007ffb3c640000 - 0x00007ffb3c652000 	C:\WINDOWS\SYSTEM32\kernel.appcore.dll
0x00007ffb370e0000 - 0x00007ffb370ea000 	C:\Program Files\Eclipse Adoptium\jdk-17.0.6.10-hotspot\bin\jimage.dll
0x00007ffb3c350000 - 0x00007ffb3c534000 	C:\WINDOWS\SYSTEM32\DBGHELP.DLL
0x00007ffb21070000 - 0x00007ffb210a4000 	C:\WINDOWS\SYSTEM32\dbgcore.DLL
0x00007ffb3e370000 - 0x00007ffb3e3f2000 	C:\WINDOWS\System32\bcryptPrimitives.dll
0x00007ffb37050000 - 0x00007ffb37075000 	C:\Program Files\Eclipse Adoptium\jdk-17.0.6.10-hotspot\bin\java.dll
0x00007ffb35af0000 - 0x00007ffb35bc6000 	C:\Program Files\Eclipse Adoptium\jdk-17.0.6.10-hotspot\bin\jsvml.dll
0x00007ffb3ff10000 - 0x00007ffb40654000 	C:\WINDOWS\System32\SHELL32.dll
0x00007ffb3bba0000 - 0x00007ffb3c334000 	C:\WINDOWS\SYSTEM32\windows.storage.dll
0x00007ffb3e7b0000 - 0x00007ffb3eb04000 	C:\WINDOWS\System32\combase.dll
0x00007ffb3d860000 - 0x00007ffb3d88e000 	C:\WINDOWS\SYSTEM32\Wldp.dll
0x00007ffb3f4b0000 - 0x00007ffb3f55d000 	C:\WINDOWS\System32\SHCORE.dll
0x00007ffb3eb10000 - 0x00007ffb3eb65000 	C:\WINDOWS\System32\shlwapi.dll
0x00007ffb3dd60000 - 0x00007ffb3dd85000 	C:\WINDOWS\SYSTEM32\profapi.dll
0x00007ffb36e90000 - 0x00007ffb36ea9000 	C:\Program Files\Eclipse Adoptium\jdk-17.0.6.10-hotspot\bin\net.dll
0x00007ffb32d40000 - 0x00007ffb32e4a000 	C:\WINDOWS\SYSTEM32\WINHTTP.dll
0x00007ffb3d5c0000 - 0x00007ffb3d62a000 	C:\WINDOWS\system32\mswsock.dll
0x00007ffb36e70000 - 0x00007ffb36e85000 	C:\Program Files\Eclipse Adoptium\jdk-17.0.6.10-hotspot\bin\nio.dll
0x00007ffb36e50000 - 0x00007ffb36e68000 	C:\Program Files\Eclipse Adoptium\jdk-17.0.6.10-hotspot\bin\zip.dll
0x00007ffb37040000 - 0x00007ffb37050000 	C:\Program Files\Eclipse Adoptium\jdk-17.0.6.10-hotspot\bin\verify.dll
0x00007ffb35ac0000 - 0x00007ffb35ae7000 	C:\Users\songe\.gradle\native\68d5fa5c4cc2d200863cafc0d521ce42e7d3e7ee720ec0a83991735586a16f82\windows-amd64\native-platform.dll
0x00007ffb16240000 - 0x00007ffb16384000 	C:\Users\songe\.gradle\native\e376f236ea51e6404a007f0833ffe2c6e607c4080706a723a18a27aeea778392\windows-amd64\native-platform-file-events.dll
0x00007ffb36e40000 - 0x00007ffb36e49000 	C:\Program Files\Eclipse Adoptium\jdk-17.0.6.10-hotspot\bin\management.dll
0x00007ffb36ce0000 - 0x00007ffb36ceb000 	C:\Program Files\Eclipse Adoptium\jdk-17.0.6.10-hotspot\bin\management_ext.dll
0x00007ffb3fe60000 - 0x00007ffb3fe68000 	C:\WINDOWS\System32\PSAPI.DLL
0x00007ffb3d7b0000 - 0x00007ffb3d7c8000 	C:\WINDOWS\SYSTEM32\CRYPTSP.dll
0x00007ffb3ce70000 - 0x00007ffb3cea4000 	C:\WINDOWS\system32\rsaenh.dll
0x00007ffb3e780000 - 0x00007ffb3e7a7000 	C:\WINDOWS\System32\bcrypt.dll
0x00007ffb3dd20000 - 0x00007ffb3dd4e000 	C:\WINDOWS\SYSTEM32\USERENV.dll
0x00007ffb3d7d0000 - 0x00007ffb3d7dc000 	C:\WINDOWS\SYSTEM32\CRYPTBASE.dll
0x00007ffb3d260000 - 0x00007ffb3d29c000 	C:\WINDOWS\SYSTEM32\IPHLPAPI.DLL
0x00007ffb3f340000 - 0x00007ffb3f348000 	C:\WINDOWS\System32\NSI.dll
0x00007ffb31e80000 - 0x00007ffb31e97000 	C:\WINDOWS\SYSTEM32\dhcpcsvc6.DLL
0x00007ffb33390000 - 0x00007ffb333ad000 	C:\WINDOWS\SYSTEM32\dhcpcsvc.DLL
0x00007ffb3d2b0000 - 0x00007ffb3d37a000 	C:\WINDOWS\SYSTEM32\DNSAPI.dll
0x00007ffb35ab0000 - 0x00007ffb35abe000 	C:\Program Files\Eclipse Adoptium\jdk-17.0.6.10-hotspot\bin\sunmscapi.dll
0x00007ffb3e4d0000 - 0x00007ffb3e62e000 	C:\WINDOWS\System32\CRYPT32.dll
0x00007ffb3d8d0000 - 0x00007ffb3d8f8000 	C:\WINDOWS\SYSTEM32\ncrypt.dll
0x00007ffb3d890000 - 0x00007ffb3d8cb000 	C:\WINDOWS\SYSTEM32\NTASN1.dll
0x00007ffb37140000 - 0x00007ffb37147000 	C:\WINDOWS\system32\wshunix.dll

dbghelp: loaded successfully - version: 4.0.5 - missing functions: none
symbol engine: initialized successfully - sym options: 0x614 - pdb path: .;C:\Program Files\Eclipse Adoptium\jdk-17.0.6.10-hotspot\bin;C:\WINDOWS\SYSTEM32;C:\WINDOWS\WinSxS\amd64_microsoft.windows.common-controls_6595b64144ccf1df_6.0.19041.1110_none_60b5254171f9507e;C:\Program Files\Eclipse Adoptium\jdk-17.0.6.10-hotspot\bin\server;C:\Users\songe\.gradle\native\68d5fa5c4cc2d200863cafc0d521ce42e7d3e7ee720ec0a83991735586a16f82\windows-amd64;C:\Users\songe\.gradle\native\e376f236ea51e6404a007f0833ffe2c6e607c4080706a723a18a27aeea778392\windows-amd64

VM Arguments:
jvm_args: -XX:MaxMetaspaceSize=512m --add-opens=java.base/java.util=ALL-UNNAMED --add-opens=java.base/java.lang=ALL-UNNAMED --add-opens=java.base/java.lang.invoke=ALL-UNNAMED --add-opens=java.prefs/java.util.prefs=ALL-UNNAMED --add-opens=java.base/java.nio.charset=ALL-UNNAMED --add-opens=java.base/java.net=ALL-UNNAMED --add-opens=java.base/java.util.concurrent.atomic=ALL-UNNAMED -Xmx2048m -Dfile.encoding=windows-1252 -Duser.country=ZA -Duser.language=en -Duser.variant 
java_command: org.gradle.launcher.daemon.bootstrap.GradleDaemon 8.0.1
java_class_path (initial): C:\Users\songe\.gradle\wrapper\dists\gradle-8.0.1-all\aro4hu1c3oeioove7l0i4i14o\gradle-8.0.1\lib\gradle-launcher-8.0.1.jar
Launcher Type: SUN_STANDARD

[Global flags]
     intx CICompilerCount                          = 3                                         {product} {ergonomic}
   size_t CompressedClassSpaceSize                 = 432013312                                 {product} {ergonomic}
     uint ConcGCThreads                            = 1                                         {product} {ergonomic}
     uint G1ConcRefinementThreads                  = 4                                         {product} {ergonomic}
   size_t G1HeapRegionSize                         = 1048576                                   {product} {ergonomic}
    uintx GCDrainStackTargetSize                   = 64                                        {product} {ergonomic}
   size_t InitialHeapSize                          = 134217728                                 {product} {ergonomic}
   size_t MarkStackSize                            = 4194304                                   {product} {ergonomic}
   size_t MaxHeapSize                              = 2147483648                                {product} {command line}
   size_t MaxMetaspaceSize                         = 536870912                                 {product} {command line}
   size_t MaxNewSize                               = 1287651328                                {product} {ergonomic}
   size_t MinHeapDeltaBytes                        = 1048576                                   {product} {ergonomic}
   size_t MinHeapSize                              = 8388608                                   {product} {ergonomic}
    uintx NonNMethodCodeHeapSize                   = 5832780                                {pd product} {ergonomic}
    uintx NonProfiledCodeHeapSize                  = 122912730                              {pd product} {ergonomic}
    uintx ProfiledCodeHeapSize                     = 122912730                              {pd product} {ergonomic}
    uintx ReservedCodeCacheSize                    = 251658240                              {pd product} {ergonomic}
     bool SegmentedCodeCache                       = true                                      {product} {ergonomic}
   size_t SoftMaxHeapSize                          = 2147483648                             {manageable} {ergonomic}
     bool UseCompressedClassPointers               = true                           {product lp64_product} {ergonomic}
     bool UseCompressedOops                        = true                           {product lp64_product} {ergonomic}
     bool UseG1GC                                  = true                                      {product} {ergonomic}
     bool UseLargePagesIndividualAllocation        = false                                  {pd product} {ergonomic}

Logging:
Log output configuration:
 #0: stdout all=warning uptime,level,tags
 #1: stderr all=off uptime,level,tags

Environment Variables:
JAVA_HOME=C:\Program Files\Eclipse Adoptium\jdk-17.0.6.10-hotspot
CLASSPATH=C:\Users\songe\Development\react-native\proficient\android\\gradle\wrapper\gradle-wrapper.jar
PATH=C:\Users\songe\Development\react-native\proficient\node_modules\.bin;C:\Users\songe\Development\react-native\proficient\node_modules\.bin;C:\Users\songe\Development\react-native\node_modules\.bin;C:\Users\songe\Development\node_modules\.bin;C:\Users\songe\node_modules\.bin;C:\Users\node_modules\.bin;C:\node_modules\.bin;C:\Program Files\nodejs\node_modules\npm\node_modules\@npmcli\run-script\lib\node-gyp-bin;C:\Users\songe\Development\react-native\proficient\node_modules\.bin;C:\Users\songe\Development\react-native\node_modules\.bin;C:\Users\songe\Development\node_modules\.bin;C:\Users\songe\node_modules\.bin;C:\Users\node_modules\.bin;C:\node_modules\.bin;C:\Program Files\nodejs\node_modules\npm\node_modules\@npmcli\run-script\lib\node-gyp-bin;C:\Users\songe\Development\react-native\proficient\node_modules\.bin;C:\Users\songe\Development\react-native\node_modules\.bin;C:\Users\songe\Development\node_modules\.bin;C:\Users\songe\node_modules\.bin;C:\Users\node_modules\.bin;C:\node_modules\.bin;C:\Program Files\nodejs\node_modules\npm\node_modules\@npmcli\run-script\lib\node-gyp-bin;C:\Users\songe\bin;C:\Program Files\Git\mingw64\bin;C:\Program Files\Git\usr\local\bin;C:\Program Files\Git\usr\bin;C:\Program Files\Git\usr\bin;C:\Program Files\Git\mingw64\bin;C:\Program Files\Git\usr\bin;C:\Users\songe\bin;C:\Program Files\Eclipse Adoptium\jdk-17.0.6.10-hotspot\bin;C:\Program Files (x86)\Intel\Intel(R) Management Engine Components\iCLS;C:\Program Files\Intel\Intel(R) Management Engine Components\iCLS;C:\Windows\system32;C:\Windows;C:\Windows\System32\Wbem;C:\Windows\System32\WindowsPowerShell\v1.0;C:\Program Files (x86)\NVIDIA Corporation\PhysX\Common;C:\Program Files (x86)\Intel\Intel(R) Management Engine Components\DAL;C:\Program Files\Intel\Intel(R) Management Engine Components\DAL;C:\Program Files (x86)\Intel\Intel(R) Management Engine Components\IPT;C:\Program Files\Intel\Intel(R) Management Engine Components\IPT;C:\Program Files\Intel\WiFi\bin;C:\Program Files\C
USERNAME=songe
SHELL=C:\Program Files\Git\usr\bin\bash.exe
DISPLAY=needs-to-be-defined
LANG=en_US.UTF-8
TERM=xterm-256color
TMPDIR=C:\Users\songe\AppData\Local\Temp
OS=Windows_NT
PROCESSOR_IDENTIFIER=Intel64 Family 6 Model 142 Stepping 9, GenuineIntel
TMP=C:\Users\songe\AppData\Local\Temp
TEMP=C:\Users\songe\AppData\Local\Temp



---------------  S Y S T E M  ---------------

OS:
 Windows 10 , 64 bit Build 19041 (10.0.19041.3155)
OS uptime: 0 days 0:19 hours

CPU: total 4 (initial active 4) (2 cores per cpu, 2 threads per core) family 6 model 142 stepping 9 microcode 0xf0, cx8, cmov, fxsr, ht, mmx, 3dnowpref, sse, sse2, sse3, ssse3, sse4.1, sse4.2, popcnt, lzcnt, tsc, tscinvbit, avx, avx2, aes, erms, clmul, bmi1, bmi2, adx, fma, vzeroupper, clflush, clflushopt

Memory: 4k page, system-wide physical 8089M (396M free)
TotalPageFile size 11089M (AvailPageFile size 35M)
current process WorkingSet (physical memory assigned to process): 381M, peak: 384M
current process commit charge ("private bytes"): 418M, peak: 626M

vm_info: OpenJDK 64-Bit Server VM (17.0.6+10) for windows-amd64 JRE (17.0.6+10), built on Jan 18 2023 10:08:59 by "temurin" with MS VC++ 16.7 (VS2019)

END.
