#
# There is insufficient memory for the Java Runtime Environment to continue.
# Native memory allocation (malloc) failed to allocate 32744 bytes for ChunkPool::allocate
# Possible reasons:
#   The system is out of physical RAM or swap space
#   The process is running with CompressedOops enabled, and the Java Heap may be blocking the growth of the native heap
# Possible solutions:
#   Reduce memory load on the system
#   Increase physical memory or swap space
#   Check if swap backing store is full
#   Decrease Java heap size (-Xmx/-Xms)
#   Decrease number of Java threads
#   Decrease Java thread stack sizes (-Xss)
#   Set larger code cache with -XX:ReservedCodeCacheSize=
#   JVM is running with Unscaled Compressed Oops mode in which the Java heap is
#     placed in the first 4GB address space. The Java Heap base address is the
#     maximum limit for the native heap growth. Please use -XX:HeapBaseMinAddress
#     to set the Java Heap base and to place the Java Heap above 4GB virtual address.
# This output file may be truncated or incomplete.
#
#  Out of Memory Error (src/hotspot/share/memory/arena.cpp:81), pid=12196, tid=7400
#
# JRE version: OpenJDK Runtime Environment (11.0.15) (build 11.0.15+0-b2043.56-9505619)
# Java VM: OpenJDK 64-Bit Server VM (11.0.15+0-b2043.56-9505619, mixed mode, tiered, compressed oops, g1 gc, windows-amd64)
# No core dump will be written. Minidumps are not enabled by default on client versions of Windows
#

---------------  S U M M A R Y ------------

Command Line: org.jetbrains.kotlin.cli.jvm.K2JVMCompiler @C:\Users\songe\source\repos\InventoTrack\node_modules\react-native-gesture-handler\android\build\20230830_9392493131756997933.compiler.options

Host: Intel(R) Core(TM) i7-7500U CPU @ 2.70GHz, 4 cores, 7G,  Windows 10 , 64 bit Build 19041 (10.0.19041.3155)
Time: Wed Aug 30 23:03:10 2023 South Africa Standard Time elapsed time: 3.699391 seconds (0d 0h 0m 3s)

---------------  T H R E A D  ---------------

Current thread (0x000001c374d5c800):  JavaThread "C1 CompilerThread0" daemon [_thread_in_native, id=7400, stack(0x0000009b7b500000,0x0000009b7b600000)]


Current CompileTask:
C1:   3699  773   !   3       kotlin.reflect.jvm.internal.impl.metadata.ProtoBuf$Function::<init> (1410 bytes)

Stack: [0x0000009b7b500000,0x0000009b7b600000]
Native frames: (J=compiled Java code, j=interpreted, Vv=VM code, C=native code)
V  [jvm.dll+0x64135a]
V  [jvm.dll+0x7d39f9]
V  [jvm.dll+0x7d51b9]
V  [jvm.dll+0x7d58a3]
V  [jvm.dll+0x2691c5]
V  [jvm.dll+0xc1cbf]
V  [jvm.dll+0xc200c]
V  [jvm.dll+0x124225]
V  [jvm.dll+0x183fd4]
V  [jvm.dll+0x184953]
V  [jvm.dll+0x13bff5]
V  [jvm.dll+0x13b89f]
V  [jvm.dll+0x13bad4]
V  [jvm.dll+0x13ae22]
V  [jvm.dll+0x13ccbc]
V  [jvm.dll+0x230479]
V  [jvm.dll+0x22e5ef]
V  [jvm.dll+0x794de1]
V  [jvm.dll+0x78dc24]
V  [jvm.dll+0x6400f6]
C  [ucrtbase.dll+0x21bb2]
C  [KERNEL32.DLL+0x17614]
C  [ntdll.dll+0x526b1]


---------------  P R O C E S S  ---------------

Threads class SMR info:
_java_thread_list=0x000001c3758b6f20, length=10, elements={
0x000001c35b1c1000, 0x000001c374d1d000, 0x000001c374d1e000, 0x000001c374d39800,
0x000001c374d3b000, 0x000001c374d3d800, 0x000001c374d40800, 0x000001c374d5c800,
0x000001c3756f6800, 0x000001c3757e1000
}

Java Threads: ( => current thread )
  0x000001c35b1c1000 JavaThread "main" [_thread_in_Java, id=15164, stack(0x0000009b7a700000,0x0000009b7a800000)]
  0x000001c374d1d000 JavaThread "Reference Handler" daemon [_thread_blocked, id=10576, stack(0x0000009b7af00000,0x0000009b7b000000)]
  0x000001c374d1e000 JavaThread "Finalizer" daemon [_thread_blocked, id=3608, stack(0x0000009b7b000000,0x0000009b7b100000)]
  0x000001c374d39800 JavaThread "Signal Dispatcher" daemon [_thread_blocked, id=16324, stack(0x0000009b7b100000,0x0000009b7b200000)]
  0x000001c374d3b000 JavaThread "Attach Listener" daemon [_thread_blocked, id=8396, stack(0x0000009b7b200000,0x0000009b7b300000)]
  0x000001c374d3d800 JavaThread "Service Thread" daemon [_thread_blocked, id=1216, stack(0x0000009b7b300000,0x0000009b7b400000)]
  0x000001c374d40800 JavaThread "C2 CompilerThread0" daemon [_thread_blocked, id=15316, stack(0x0000009b7b400000,0x0000009b7b500000)]
=>0x000001c374d5c800 JavaThread "C1 CompilerThread0" daemon [_thread_in_native, id=7400, stack(0x0000009b7b500000,0x0000009b7b600000)]
  0x000001c3756f6800 JavaThread "Sweeper thread" daemon [_thread_blocked, id=16020, stack(0x0000009b7b600000,0x0000009b7b700000)]
  0x000001c3757e1000 JavaThread "Common-Cleaner" daemon [_thread_blocked, id=8848, stack(0x0000009b7b800000,0x0000009b7b900000)]

Other Threads:
  0x000001c374cf5800 VMThread "VM Thread" [stack: 0x0000009b7ae00000,0x0000009b7af00000] [id=7948]
  0x000001c3757da800 WatcherThread [stack: 0x0000009b7b700000,0x0000009b7b800000] [id=12828]
  0x000001c35b1d9800 GCTaskThread "GC Thread#0" [stack: 0x0000009b7a900000,0x0000009b7aa00000] [id=16956]
  0x000001c375bdb000 GCTaskThread "GC Thread#1" [stack: 0x0000009b7b900000,0x0000009b7ba00000] [id=16144]
  0x000001c375bdf800 GCTaskThread "GC Thread#2" [stack: 0x0000009b7ba00000,0x0000009b7bb00000] [id=12260]
  0x000001c35b20c800 ConcurrentGCThread "G1 Main Marker" [stack: 0x0000009b7aa00000,0x0000009b7ab00000] [id=13008]
  0x000001c35b20e000 ConcurrentGCThread "G1 Conc#0" [stack: 0x0000009b7ab00000,0x0000009b7ac00000] [id=1220]
  0x000001c35b29d800 ConcurrentGCThread "G1 Refine#0" [stack: 0x0000009b7ac00000,0x0000009b7ad00000] [id=6184]
  0x000001c374b60800 ConcurrentGCThread "G1 Young RemSet Sampling" [stack: 0x0000009b7ad00000,0x0000009b7ae00000] [id=7276]

Threads with active compile tasks:
C1 CompilerThread0     3727  773   !   3       kotlin.reflect.jvm.internal.impl.metadata.ProtoBuf$Function::<init> (1410 bytes)

VM state:not at safepoint (normal execution)

VM Mutex/Monitor currently owned by a thread: None

Heap address: 0x0000000081800000, size: 2024 MB, Compressed Oops mode: 32-bit
Narrow klass base: 0x0000000000000000, Narrow klass shift: 3
Compressed class space size: 1073741824 Address: 0x0000000100000000

Heap:
 garbage-first heap   total 131072K, used 20816K [0x0000000081800000, 0x0000000100000000)
  region size 1024K, 18 young (18432K), 2 survivors (2048K)
 Metaspace       used 13400K, capacity 13560K, committed 13696K, reserved 1060864K
  class space    used 1269K, capacity 1303K, committed 1408K, reserved 1048576K
Heap Regions: E=young(eden), S=young(survivor), O=old, HS=humongous(starts), HC=humongous(continues), CS=collection set, F=free, A=archive, TAMS=top-at-mark-start (previous, next)
|   0|0x0000000081800000, 0x0000000081900000, 0x0000000081900000|100%|HS|  |TAMS 0x0000000081800000, 0x0000000081800000| Complete 
|   1|0x0000000081900000, 0x0000000081a00000, 0x0000000081a00000|100%|HC|  |TAMS 0x0000000081900000, 0x0000000081900000| Complete 
|   2|0x0000000081a00000, 0x0000000081b00000, 0x0000000081b00000|100%|HC|  |TAMS 0x0000000081a00000, 0x0000000081a00000| Complete 
|   3|0x0000000081b00000, 0x0000000081b00000, 0x0000000081c00000|  0%| F|  |TAMS 0x0000000081b00000, 0x0000000081b00000| Untracked 
|   4|0x0000000081c00000, 0x0000000081c54200, 0x0000000081d00000| 32%| O|  |TAMS 0x0000000081c00000, 0x0000000081c00000| Untracked 
|   5|0x0000000081d00000, 0x0000000081d00000, 0x0000000081e00000|  0%| F|  |TAMS 0x0000000081d00000, 0x0000000081d00000| Untracked 
|   6|0x0000000081e00000, 0x0000000081e00000, 0x0000000081f00000|  0%| F|  |TAMS 0x0000000081e00000, 0x0000000081e00000| Untracked 
|   7|0x0000000081f00000, 0x0000000081f00000, 0x0000000082000000|  0%| F|  |TAMS 0x0000000081f00000, 0x0000000081f00000| Untracked 
|   8|0x0000000082000000, 0x0000000082000000, 0x0000000082100000|  0%| F|  |TAMS 0x0000000082000000, 0x0000000082000000| Untracked 
|   9|0x0000000082100000, 0x0000000082100000, 0x0000000082200000|  0%| F|  |TAMS 0x0000000082100000, 0x0000000082100000| Untracked 
|  10|0x0000000082200000, 0x0000000082200000, 0x0000000082300000|  0%| F|  |TAMS 0x0000000082200000, 0x0000000082200000| Untracked 
|  11|0x0000000082300000, 0x0000000082300000, 0x0000000082400000|  0%| F|  |TAMS 0x0000000082300000, 0x0000000082300000| Untracked 
|  12|0x0000000082400000, 0x0000000082400000, 0x0000000082500000|  0%| F|  |TAMS 0x0000000082400000, 0x0000000082400000| Untracked 
|  13|0x0000000082500000, 0x0000000082500000, 0x0000000082600000|  0%| F|  |TAMS 0x0000000082500000, 0x0000000082500000| Untracked 
|  14|0x0000000082600000, 0x0000000082600000, 0x0000000082700000|  0%| F|  |TAMS 0x0000000082600000, 0x0000000082600000| Untracked 
|  15|0x0000000082700000, 0x0000000082700000, 0x0000000082800000|  0%| F|  |TAMS 0x0000000082700000, 0x0000000082700000| Untracked 
|  16|0x0000000082800000, 0x0000000082800000, 0x0000000082900000|  0%| F|  |TAMS 0x0000000082800000, 0x0000000082800000| Untracked 
|  17|0x0000000082900000, 0x0000000082900000, 0x0000000082a00000|  0%| F|  |TAMS 0x0000000082900000, 0x0000000082900000| Untracked 
|  18|0x0000000082a00000, 0x0000000082a00000, 0x0000000082b00000|  0%| F|  |TAMS 0x0000000082a00000, 0x0000000082a00000| Untracked 
|  19|0x0000000082b00000, 0x0000000082b00000, 0x0000000082c00000|  0%| F|  |TAMS 0x0000000082b00000, 0x0000000082b00000| Untracked 
|  20|0x0000000082c00000, 0x0000000082c00000, 0x0000000082d00000|  0%| F|  |TAMS 0x0000000082c00000, 0x0000000082c00000| Untracked 
|  21|0x0000000082d00000, 0x0000000082d00000, 0x0000000082e00000|  0%| F|  |TAMS 0x0000000082d00000, 0x0000000082d00000| Untracked 
|  22|0x0000000082e00000, 0x0000000082e00000, 0x0000000082f00000|  0%| F|  |TAMS 0x0000000082e00000, 0x0000000082e00000| Untracked 
|  23|0x0000000082f00000, 0x0000000082f00000, 0x0000000083000000|  0%| F|  |TAMS 0x0000000082f00000, 0x0000000082f00000| Untracked 
|  24|0x0000000083000000, 0x0000000083000000, 0x0000000083100000|  0%| F|  |TAMS 0x0000000083000000, 0x0000000083000000| Untracked 
|  25|0x0000000083100000, 0x0000000083100000, 0x0000000083200000|  0%| F|  |TAMS 0x0000000083100000, 0x0000000083100000| Untracked 
|  26|0x0000000083200000, 0x0000000083200000, 0x0000000083300000|  0%| F|  |TAMS 0x0000000083200000, 0x0000000083200000| Untracked 
|  27|0x0000000083300000, 0x0000000083300000, 0x0000000083400000|  0%| F|  |TAMS 0x0000000083300000, 0x0000000083300000| Untracked 
|  28|0x0000000083400000, 0x0000000083400000, 0x0000000083500000|  0%| F|  |TAMS 0x0000000083400000, 0x0000000083400000| Untracked 
|  29|0x0000000083500000, 0x0000000083500000, 0x0000000083600000|  0%| F|  |TAMS 0x0000000083500000, 0x0000000083500000| Untracked 
|  30|0x0000000083600000, 0x0000000083600000, 0x0000000083700000|  0%| F|  |TAMS 0x0000000083600000, 0x0000000083600000| Untracked 
|  31|0x0000000083700000, 0x0000000083700000, 0x0000000083800000|  0%| F|  |TAMS 0x0000000083700000, 0x0000000083700000| Untracked 
|  32|0x0000000083800000, 0x0000000083800000, 0x0000000083900000|  0%| F|  |TAMS 0x0000000083800000, 0x0000000083800000| Untracked 
|  33|0x0000000083900000, 0x0000000083900000, 0x0000000083a00000|  0%| F|  |TAMS 0x0000000083900000, 0x0000000083900000| Untracked 
|  34|0x0000000083a00000, 0x0000000083a00000, 0x0000000083b00000|  0%| F|  |TAMS 0x0000000083a00000, 0x0000000083a00000| Untracked 
|  35|0x0000000083b00000, 0x0000000083b00000, 0x0000000083c00000|  0%| F|  |TAMS 0x0000000083b00000, 0x0000000083b00000| Untracked 
|  36|0x0000000083c00000, 0x0000000083c00000, 0x0000000083d00000|  0%| F|  |TAMS 0x0000000083c00000, 0x0000000083c00000| Untracked 
|  37|0x0000000083d00000, 0x0000000083d00000, 0x0000000083e00000|  0%| F|  |TAMS 0x0000000083d00000, 0x0000000083d00000| Untracked 
|  38|0x0000000083e00000, 0x0000000083e00000, 0x0000000083f00000|  0%| F|  |TAMS 0x0000000083e00000, 0x0000000083e00000| Untracked 
|  39|0x0000000083f00000, 0x0000000083f00000, 0x0000000084000000|  0%| F|  |TAMS 0x0000000083f00000, 0x0000000083f00000| Untracked 
|  40|0x0000000084000000, 0x0000000084000000, 0x0000000084100000|  0%| F|  |TAMS 0x0000000084000000, 0x0000000084000000| Untracked 
|  41|0x0000000084100000, 0x0000000084100000, 0x0000000084200000|  0%| F|  |TAMS 0x0000000084100000, 0x0000000084100000| Untracked 
|  42|0x0000000084200000, 0x0000000084200000, 0x0000000084300000|  0%| F|  |TAMS 0x0000000084200000, 0x0000000084200000| Untracked 
|  43|0x0000000084300000, 0x0000000084300000, 0x0000000084400000|  0%| F|  |TAMS 0x0000000084300000, 0x0000000084300000| Untracked 
|  44|0x0000000084400000, 0x0000000084400000, 0x0000000084500000|  0%| F|  |TAMS 0x0000000084400000, 0x0000000084400000| Untracked 
|  45|0x0000000084500000, 0x0000000084500000, 0x0000000084600000|  0%| F|  |TAMS 0x0000000084500000, 0x0000000084500000| Untracked 
|  46|0x0000000084600000, 0x0000000084600000, 0x0000000084700000|  0%| F|  |TAMS 0x0000000084600000, 0x0000000084600000| Untracked 
|  47|0x0000000084700000, 0x0000000084700000, 0x0000000084800000|  0%| F|  |TAMS 0x0000000084700000, 0x0000000084700000| Untracked 
|  48|0x0000000084800000, 0x0000000084800000, 0x0000000084900000|  0%| F|  |TAMS 0x0000000084800000, 0x0000000084800000| Untracked 
|  49|0x0000000084900000, 0x0000000084900000, 0x0000000084a00000|  0%| F|  |TAMS 0x0000000084900000, 0x0000000084900000| Untracked 
|  50|0x0000000084a00000, 0x0000000084a00000, 0x0000000084b00000|  0%| F|  |TAMS 0x0000000084a00000, 0x0000000084a00000| Untracked 
|  51|0x0000000084b00000, 0x0000000084b00000, 0x0000000084c00000|  0%| F|  |TAMS 0x0000000084b00000, 0x0000000084b00000| Untracked 
|  52|0x0000000084c00000, 0x0000000084c00000, 0x0000000084d00000|  0%| F|  |TAMS 0x0000000084c00000, 0x0000000084c00000| Untracked 
|  53|0x0000000084d00000, 0x0000000084d00000, 0x0000000084e00000|  0%| F|  |TAMS 0x0000000084d00000, 0x0000000084d00000| Untracked 
|  54|0x0000000084e00000, 0x0000000084e00000, 0x0000000084f00000|  0%| F|  |TAMS 0x0000000084e00000, 0x0000000084e00000| Untracked 
|  55|0x0000000084f00000, 0x0000000084f00000, 0x0000000085000000|  0%| F|  |TAMS 0x0000000084f00000, 0x0000000084f00000| Untracked 
|  56|0x0000000085000000, 0x0000000085000000, 0x0000000085100000|  0%| F|  |TAMS 0x0000000085000000, 0x0000000085000000| Untracked 
|  57|0x0000000085100000, 0x0000000085100000, 0x0000000085200000|  0%| F|  |TAMS 0x0000000085100000, 0x0000000085100000| Untracked 
|  58|0x0000000085200000, 0x0000000085200000, 0x0000000085300000|  0%| F|  |TAMS 0x0000000085200000, 0x0000000085200000| Untracked 
|  59|0x0000000085300000, 0x0000000085300000, 0x0000000085400000|  0%| F|  |TAMS 0x0000000085300000, 0x0000000085300000| Untracked 
|  60|0x0000000085400000, 0x0000000085400000, 0x0000000085500000|  0%| F|  |TAMS 0x0000000085400000, 0x0000000085400000| Untracked 
|  61|0x0000000085500000, 0x0000000085500000, 0x0000000085600000|  0%| F|  |TAMS 0x0000000085500000, 0x0000000085500000| Untracked 
|  62|0x0000000085600000, 0x0000000085600000, 0x0000000085700000|  0%| F|  |TAMS 0x0000000085600000, 0x0000000085600000| Untracked 
|  63|0x0000000085700000, 0x0000000085700000, 0x0000000085800000|  0%| F|  |TAMS 0x0000000085700000, 0x0000000085700000| Untracked 
|  64|0x0000000085800000, 0x0000000085800000, 0x0000000085900000|  0%| F|  |TAMS 0x0000000085800000, 0x0000000085800000| Untracked 
|  65|0x0000000085900000, 0x0000000085900000, 0x0000000085a00000|  0%| F|  |TAMS 0x0000000085900000, 0x0000000085900000| Untracked 
|  66|0x0000000085a00000, 0x0000000085a00000, 0x0000000085b00000|  0%| F|  |TAMS 0x0000000085a00000, 0x0000000085a00000| Untracked 
|  67|0x0000000085b00000, 0x0000000085b00000, 0x0000000085c00000|  0%| F|  |TAMS 0x0000000085b00000, 0x0000000085b00000| Untracked 
|  68|0x0000000085c00000, 0x0000000085c00000, 0x0000000085d00000|  0%| F|  |TAMS 0x0000000085c00000, 0x0000000085c00000| Untracked 
|  69|0x0000000085d00000, 0x0000000085d00000, 0x0000000085e00000|  0%| F|  |TAMS 0x0000000085d00000, 0x0000000085d00000| Untracked 
|  70|0x0000000085e00000, 0x0000000085e00000, 0x0000000085f00000|  0%| F|  |TAMS 0x0000000085e00000, 0x0000000085e00000| Untracked 
|  71|0x0000000085f00000, 0x0000000085f00000, 0x0000000086000000|  0%| F|  |TAMS 0x0000000085f00000, 0x0000000085f00000| Untracked 
|  72|0x0000000086000000, 0x0000000086000000, 0x0000000086100000|  0%| F|  |TAMS 0x0000000086000000, 0x0000000086000000| Untracked 
|  73|0x0000000086100000, 0x0000000086100000, 0x0000000086200000|  0%| F|  |TAMS 0x0000000086100000, 0x0000000086100000| Untracked 
|  74|0x0000000086200000, 0x0000000086200000, 0x0000000086300000|  0%| F|  |TAMS 0x0000000086200000, 0x0000000086200000| Untracked 
|  75|0x0000000086300000, 0x0000000086300000, 0x0000000086400000|  0%| F|  |TAMS 0x0000000086300000, 0x0000000086300000| Untracked 
|  76|0x0000000086400000, 0x0000000086400000, 0x0000000086500000|  0%| F|  |TAMS 0x0000000086400000, 0x0000000086400000| Untracked 
|  77|0x0000000086500000, 0x0000000086500000, 0x0000000086600000|  0%| F|  |TAMS 0x0000000086500000, 0x0000000086500000| Untracked 
|  78|0x0000000086600000, 0x0000000086600000, 0x0000000086700000|  0%| F|  |TAMS 0x0000000086600000, 0x0000000086600000| Untracked 
|  79|0x0000000086700000, 0x0000000086700000, 0x0000000086800000|  0%| F|  |TAMS 0x0000000086700000, 0x0000000086700000| Untracked 
|  80|0x0000000086800000, 0x0000000086800000, 0x0000000086900000|  0%| F|  |TAMS 0x0000000086800000, 0x0000000086800000| Untracked 
|  81|0x0000000086900000, 0x0000000086900000, 0x0000000086a00000|  0%| F|  |TAMS 0x0000000086900000, 0x0000000086900000| Untracked 
|  82|0x0000000086a00000, 0x0000000086a00000, 0x0000000086b00000|  0%| F|  |TAMS 0x0000000086a00000, 0x0000000086a00000| Untracked 
|  83|0x0000000086b00000, 0x0000000086b00000, 0x0000000086c00000|  0%| F|  |TAMS 0x0000000086b00000, 0x0000000086b00000| Untracked 
|  84|0x0000000086c00000, 0x0000000086c00000, 0x0000000086d00000|  0%| F|  |TAMS 0x0000000086c00000, 0x0000000086c00000| Untracked 
|  85|0x0000000086d00000, 0x0000000086d00000, 0x0000000086e00000|  0%| F|  |TAMS 0x0000000086d00000, 0x0000000086d00000| Untracked 
|  86|0x0000000086e00000, 0x0000000086e00000, 0x0000000086f00000|  0%| F|  |TAMS 0x0000000086e00000, 0x0000000086e00000| Untracked 
|  87|0x0000000086f00000, 0x0000000086f00000, 0x0000000087000000|  0%| F|  |TAMS 0x0000000086f00000, 0x0000000086f00000| Untracked 
|  88|0x0000000087000000, 0x0000000087000000, 0x0000000087100000|  0%| F|  |TAMS 0x0000000087000000, 0x0000000087000000| Untracked 
|  89|0x0000000087100000, 0x0000000087100000, 0x0000000087200000|  0%| F|  |TAMS 0x0000000087100000, 0x0000000087100000| Untracked 
|  90|0x0000000087200000, 0x0000000087200000, 0x0000000087300000|  0%| F|  |TAMS 0x0000000087200000, 0x0000000087200000| Untracked 
|  91|0x0000000087300000, 0x0000000087300000, 0x0000000087400000|  0%| F|  |TAMS 0x0000000087300000, 0x0000000087300000| Untracked 
|  92|0x0000000087400000, 0x0000000087400000, 0x0000000087500000|  0%| F|  |TAMS 0x0000000087400000, 0x0000000087400000| Untracked 
|  93|0x0000000087500000, 0x0000000087500000, 0x0000000087600000|  0%| F|  |TAMS 0x0000000087500000, 0x0000000087500000| Untracked 
|  94|0x0000000087600000, 0x0000000087600000, 0x0000000087700000|  0%| F|  |TAMS 0x0000000087600000, 0x0000000087600000| Untracked 
|  95|0x0000000087700000, 0x0000000087700000, 0x0000000087800000|  0%| F|  |TAMS 0x0000000087700000, 0x0000000087700000| Untracked 
|  96|0x0000000087800000, 0x0000000087800000, 0x0000000087900000|  0%| F|  |TAMS 0x0000000087800000, 0x0000000087800000| Untracked 
|  97|0x0000000087900000, 0x0000000087900000, 0x0000000087a00000|  0%| F|  |TAMS 0x0000000087900000, 0x0000000087900000| Untracked 
|  98|0x0000000087a00000, 0x0000000087a00000, 0x0000000087b00000|  0%| F|  |TAMS 0x0000000087a00000, 0x0000000087a00000| Untracked 
|  99|0x0000000087b00000, 0x0000000087b00000, 0x0000000087c00000|  0%| F|  |TAMS 0x0000000087b00000, 0x0000000087b00000| Untracked 
| 100|0x0000000087c00000, 0x0000000087c00000, 0x0000000087d00000|  0%| F|  |TAMS 0x0000000087c00000, 0x0000000087c00000| Untracked 
| 101|0x0000000087d00000, 0x0000000087d00000, 0x0000000087e00000|  0%| F|  |TAMS 0x0000000087d00000, 0x0000000087d00000| Untracked 
| 102|0x0000000087e00000, 0x0000000087e00000, 0x0000000087f00000|  0%| F|  |TAMS 0x0000000087e00000, 0x0000000087e00000| Untracked 
| 103|0x0000000087f00000, 0x0000000087f00000, 0x0000000088000000|  0%| F|  |TAMS 0x0000000087f00000, 0x0000000087f00000| Untracked 
| 104|0x0000000088000000, 0x0000000088000000, 0x0000000088100000|  0%| F|  |TAMS 0x0000000088000000, 0x0000000088000000| Untracked 
| 105|0x0000000088100000, 0x0000000088100000, 0x0000000088200000|  0%| F|  |TAMS 0x0000000088100000, 0x0000000088100000| Untracked 
| 106|0x0000000088200000, 0x0000000088200000, 0x0000000088300000|  0%| F|  |TAMS 0x0000000088200000, 0x0000000088200000| Untracked 
| 107|0x0000000088300000, 0x0000000088300000, 0x0000000088400000|  0%| F|  |TAMS 0x0000000088300000, 0x0000000088300000| Untracked 
| 108|0x0000000088400000, 0x0000000088400000, 0x0000000088500000|  0%| F|  |TAMS 0x0000000088400000, 0x0000000088400000| Untracked 
| 109|0x0000000088500000, 0x0000000088500000, 0x0000000088600000|  0%| F|  |TAMS 0x0000000088500000, 0x0000000088500000| Untracked 
| 110|0x0000000088600000, 0x0000000088680800, 0x0000000088700000| 50%| E|  |TAMS 0x0000000088600000, 0x0000000088600000| Complete 
| 111|0x0000000088700000, 0x0000000088800000, 0x0000000088800000|100%| E|CS|TAMS 0x0000000088700000, 0x0000000088700000| Complete 
| 112|0x0000000088800000, 0x0000000088900000, 0x0000000088900000|100%| S|CS|TAMS 0x0000000088800000, 0x0000000088800000| Complete 
| 113|0x0000000088900000, 0x0000000088a00000, 0x0000000088a00000|100%| S|CS|TAMS 0x0000000088900000, 0x0000000088900000| Complete 
| 114|0x0000000088a00000, 0x0000000088b00000, 0x0000000088b00000|100%| E|CS|TAMS 0x0000000088a00000, 0x0000000088a00000| Complete 
| 115|0x0000000088b00000, 0x0000000088c00000, 0x0000000088c00000|100%| E|CS|TAMS 0x0000000088b00000, 0x0000000088b00000| Complete 
| 116|0x0000000088c00000, 0x0000000088d00000, 0x0000000088d00000|100%| E|CS|TAMS 0x0000000088c00000, 0x0000000088c00000| Complete 
| 117|0x0000000088d00000, 0x0000000088e00000, 0x0000000088e00000|100%| E|CS|TAMS 0x0000000088d00000, 0x0000000088d00000| Complete 
| 118|0x0000000088e00000, 0x0000000088f00000, 0x0000000088f00000|100%| E|CS|TAMS 0x0000000088e00000, 0x0000000088e00000| Complete 
| 119|0x0000000088f00000, 0x0000000089000000, 0x0000000089000000|100%| E|CS|TAMS 0x0000000088f00000, 0x0000000088f00000| Complete 
| 120|0x0000000089000000, 0x0000000089100000, 0x0000000089100000|100%| E|CS|TAMS 0x0000000089000000, 0x0000000089000000| Complete 
| 121|0x0000000089100000, 0x0000000089200000, 0x0000000089200000|100%| E|CS|TAMS 0x0000000089100000, 0x0000000089100000| Complete 
| 122|0x0000000089200000, 0x0000000089300000, 0x0000000089300000|100%| E|CS|TAMS 0x0000000089200000, 0x0000000089200000| Complete 
| 123|0x0000000089300000, 0x0000000089400000, 0x0000000089400000|100%| E|CS|TAMS 0x0000000089300000, 0x0000000089300000| Complete 
| 124|0x0000000089400000, 0x0000000089500000, 0x0000000089500000|100%| E|CS|TAMS 0x0000000089400000, 0x0000000089400000| Complete 
| 125|0x0000000089500000, 0x0000000089600000, 0x0000000089600000|100%| E|CS|TAMS 0x0000000089500000, 0x0000000089500000| Complete 
| 126|0x0000000089600000, 0x0000000089700000, 0x0000000089700000|100%| E|CS|TAMS 0x0000000089600000, 0x0000000089600000| Complete 
| 127|0x0000000089700000, 0x0000000089800000, 0x0000000089800000|100%| E|CS|TAMS 0x0000000089700000, 0x0000000089700000| Complete 

Card table byte_map: [0x000001c36e0f0000,0x000001c36e4f0000] _byte_map_base: 0x000001c36dce4000

Marking Bits (Prev, Next): (CMBitMap*) 0x000001c35b203c18, (CMBitMap*) 0x000001c35b203c50
 Prev Bits: [0x000001c36e8f0000, 0x000001c370890000)
 Next Bits: [0x000001c370890000, 0x000001c372830000)

Polling page: 0x000001c3591c0000

Metaspace:

Usage:
  Non-class:     11.97 MB capacity,    11.85 MB ( 99%) used,   117.47 KB ( <1%) free+waste,     9.12 KB ( <1%) overhead. 
      Class:      1.27 MB capacity,     1.24 MB ( 97%) used,    30.48 KB (  2%) free+waste,     2.75 KB ( <1%) overhead. 
       Both:     13.24 MB capacity,    13.09 MB ( 99%) used,   147.95 KB (  1%) free+waste,    11.88 KB ( <1%) overhead. 

Virtual space:
  Non-class space:       12.00 MB reserved,      12.00 MB (100%) committed 
      Class space:        1.00 GB reserved,       1.38 MB ( <1%) committed 
             Both:        1.01 GB reserved,      13.38 MB (  1%) committed 

Chunk freelists:
   Non-Class:  31.00 KB
       Class:  9.00 KB
        Both:  40.00 KB

MaxMetaspaceSize: 17179869184.00 GB
CompressedClassSpaceSize: 1.00 GB
Initial GC threshold: 20.80 MB
Current GC threshold: 20.80 MB
CDS: off

CodeHeap 'non-profiled nmethods': size=120064Kb used=223Kb max_used=223Kb free=119840Kb
 bounds [0x000001c3667b0000, 0x000001c366a20000, 0x000001c36dcf0000]
CodeHeap 'profiled nmethods': size=120000Kb used=1334Kb max_used=1334Kb free=118665Kb
 bounds [0x000001c35f280000, 0x000001c35f4f0000, 0x000001c3667b0000]
CodeHeap 'non-nmethods': size=5696Kb used=1134Kb max_used=1147Kb free=4562Kb
 bounds [0x000001c35ecf0000, 0x000001c35ef60000, 0x000001c35f280000]
 total_blobs=1160 nmethods=775 adapters=298
 compilation: enabled
              stopped_count=0, restarted_count=0
 full_count=0

Compilation events (20 events):
Event: 3.685 Thread 0x000001c374d5c800  767       3       kotlin.reflect.jvm.internal.impl.metadata.ProtoBuf$ValueParameter::initFields (35 bytes)
Event: 3.685 Thread 0x000001c374d5c800 nmethod 767 0x000001c35f3cbe10 code [0x000001c35f3cbfe0, 0x000001c35f3cc298]
Event: 3.685 Thread 0x000001c374d5c800  768       3       kotlin.reflect.jvm.internal.impl.metadata.ProtoBuf$ValueParameter$1::parsePartialFrom (7 bytes)
Event: 3.686 Thread 0x000001c374d5c800 nmethod 768 0x000001c35f3cc390 code [0x000001c35f3cc560, 0x000001c35f3cc7c8]
Event: 3.686 Thread 0x000001c374d5c800  769       3       kotlin.reflect.jvm.internal.impl.metadata.ProtoBuf$ValueParameter$1::parsePartialFrom (11 bytes)
Event: 3.686 Thread 0x000001c374d5c800 nmethod 769 0x000001c35f3cc910 code [0x000001c35f3ccae0, 0x000001c35f3ccce8]
Event: 3.687 Thread 0x000001c374d5c800  770       3       kotlin.reflect.jvm.internal.impl.protobuf.ExtensionRegistryLite$ObjectIntPair::<init> (15 bytes)
Event: 3.687 Thread 0x000001c374d5c800 nmethod 770 0x000001c35f3cce10 code [0x000001c35f3ccfc0, 0x000001c35f3cd178]
Event: 3.687 Thread 0x000001c374d5c800  771       3       kotlin.reflect.jvm.internal.impl.protobuf.ExtensionRegistryLite$ObjectIntPair::hashCode (16 bytes)
Event: 3.687 Thread 0x000001c374d5c800 nmethod 771 0x000001c35f3cd210 code [0x000001c35f3cd3c0, 0x000001c35f3cd508]
Event: 3.687 Thread 0x000001c374d5c800  772       3       kotlin.reflect.jvm.internal.impl.protobuf.FieldSet::getWireFormatForFieldType (11 bytes)
Event: 3.688 Thread 0x000001c374d5c800 nmethod 772 0x000001c35f3cd590 code [0x000001c35f3cd740, 0x000001c35f3cd918]
Event: 3.688 Thread 0x000001c374d5c800  773   !   3       kotlin.reflect.jvm.internal.impl.metadata.ProtoBuf$Function::<init> (1410 bytes)
Event: 3.689 Thread 0x000001c374d40800 nmethod 759 0x000001c3667e6310 code [0x000001c3667e64e0, 0x000001c3667e6a08]
Event: 3.689 Thread 0x000001c374d40800  764       4       java.util.Collections::emptyList (4 bytes)
Event: 3.689 Thread 0x000001c374d40800 nmethod 764 0x000001c3667e6e90 code [0x000001c3667e7020, 0x000001c3667e7078]
Event: 3.689 Thread 0x000001c374d40800  774       4       kotlin.reflect.jvm.internal.impl.protobuf.GeneratedMessageLite::makeExtensionsImmutable (1 bytes)
Event: 3.690 Thread 0x000001c374d40800 nmethod 774 0x000001c3667e7190 code [0x000001c3667e7320, 0x000001c3667e7378]
Event: 3.691 Thread 0x000001c374d40800  782       4       kotlin.reflect.jvm.internal.impl.protobuf.CodedInputStream::recomputeBufferSizeAfterLimit (63 bytes)
Event: 3.692 Thread 0x000001c374d40800 nmethod 782 0x000001c3667e7490 code [0x000001c3667e7620, 0x000001c3667e76b8]

GC Heap History (2 events):
Event: 3.014 GC heap before
{Heap before GC invocations=0 (full 0):
 garbage-first heap   total 131072K, used 17408K [0x0000000081800000, 0x0000000100000000)
  region size 1024K, 14 young (14336K), 0 survivors (0K)
 Metaspace       used 9897K, capacity 10034K, committed 10112K, reserved 1058816K
  class space    used 828K, capacity 853K, committed 896K, reserved 1048576K
}
Event: 3.083 GC heap after
{Heap after GC invocations=1 (full 0):
 garbage-first heap   total 131072K, used 5456K [0x0000000081800000, 0x0000000100000000)
  region size 1024K, 2 young (2048K), 2 survivors (2048K)
 Metaspace       used 9897K, capacity 10034K, committed 10112K, reserved 1058816K
  class space    used 828K, capacity 853K, committed 896K, reserved 1048576K
}

Deoptimization events (20 events):
Event: 1.305 Thread 0x000001c35b1c1000 DEOPT PACKING pc=0x000001c35f2a340e sp=0x0000009b7a7fa7a0
Event: 1.305 Thread 0x000001c35b1c1000 DEOPT UNPACKING pc=0x000001c35ed3a95e sp=0x0000009b7a7f9c40 mode 0
Event: 1.305 Thread 0x000001c35b1c1000 DEOPT PACKING pc=0x000001c35f2a340e sp=0x0000009b7a7fa7a0
Event: 1.305 Thread 0x000001c35b1c1000 DEOPT UNPACKING pc=0x000001c35ed3a95e sp=0x0000009b7a7f9c40 mode 0
Event: 1.305 Thread 0x000001c35b1c1000 DEOPT PACKING pc=0x000001c35f2a340e sp=0x0000009b7a7fa7a0
Event: 1.305 Thread 0x000001c35b1c1000 DEOPT UNPACKING pc=0x000001c35ed3a95e sp=0x0000009b7a7f9c40 mode 0
Event: 1.305 Thread 0x000001c35b1c1000 DEOPT PACKING pc=0x000001c35f2a340e sp=0x0000009b7a7fa7a0
Event: 1.305 Thread 0x000001c35b1c1000 DEOPT UNPACKING pc=0x000001c35ed3a95e sp=0x0000009b7a7f9c40 mode 0
Event: 1.305 Thread 0x000001c35b1c1000 DEOPT PACKING pc=0x000001c35f2a340e sp=0x0000009b7a7fa7a0
Event: 1.305 Thread 0x000001c35b1c1000 DEOPT UNPACKING pc=0x000001c35ed3a95e sp=0x0000009b7a7f9c40 mode 0
Event: 1.305 Thread 0x000001c35b1c1000 DEOPT PACKING pc=0x000001c35f2a340e sp=0x0000009b7a7fa7a0
Event: 1.305 Thread 0x000001c35b1c1000 DEOPT UNPACKING pc=0x000001c35ed3a95e sp=0x0000009b7a7f9c40 mode 0
Event: 1.305 Thread 0x000001c35b1c1000 DEOPT PACKING pc=0x000001c35f2a340e sp=0x0000009b7a7fa7a0
Event: 1.305 Thread 0x000001c35b1c1000 DEOPT UNPACKING pc=0x000001c35ed3a95e sp=0x0000009b7a7f9c40 mode 0
Event: 1.924 Thread 0x000001c35b1c1000 DEOPT PACKING pc=0x000001c35f2c68a2 sp=0x0000009b7a7fb540
Event: 1.924 Thread 0x000001c35b1c1000 DEOPT UNPACKING pc=0x000001c35ed3a95e sp=0x0000009b7a7fa9a8 mode 0
Event: 3.451 Thread 0x000001c35b1c1000 DEOPT PACKING pc=0x000001c35f2d4330 sp=0x0000009b7a7fb4c0
Event: 3.451 Thread 0x000001c35b1c1000 DEOPT UNPACKING pc=0x000001c35ed3a95e sp=0x0000009b7a7fa9d8 mode 0
Event: 3.533 Thread 0x000001c35b1c1000 DEOPT PACKING pc=0x000001c35f2c837f sp=0x0000009b7a7fc2a0
Event: 3.533 Thread 0x000001c35b1c1000 DEOPT UNPACKING pc=0x000001c35ed3a95e sp=0x0000009b7a7fb6f0 mode 0

Classes redefined (0 events):
No events

Internal exceptions (0 events):
No events

Events (20 events):
Event: 3.672 loading class kotlin/reflect/jvm/internal/impl/metadata/ProtoBuf$QualifiedNameTable$QualifiedName
Event: 3.672 loading class kotlin/reflect/jvm/internal/impl/metadata/ProtoBuf$QualifiedNameTable$QualifiedName done
Event: 3.672 loading class kotlin/reflect/jvm/internal/impl/metadata/ProtoBuf$QualifiedNameTable$QualifiedNameOrBuilder
Event: 3.672 loading class kotlin/reflect/jvm/internal/impl/metadata/ProtoBuf$QualifiedNameTable$QualifiedNameOrBuilder done
Event: 3.673 loading class kotlin/reflect/jvm/internal/impl/metadata/ProtoBuf$QualifiedNameTable$QualifiedName$1
Event: 3.673 loading class kotlin/reflect/jvm/internal/impl/metadata/ProtoBuf$QualifiedNameTable$QualifiedName$1 done
Event: 3.674 loading class kotlin/reflect/jvm/internal/impl/metadata/ProtoBuf$QualifiedNameTable$QualifiedName$Kind
Event: 3.674 loading class kotlin/reflect/jvm/internal/impl/metadata/ProtoBuf$QualifiedNameTable$QualifiedName$Kind done
Event: 3.674 loading class kotlin/reflect/jvm/internal/impl/metadata/ProtoBuf$QualifiedNameTable$QualifiedName$Kind$1
Event: 3.674 loading class kotlin/reflect/jvm/internal/impl/metadata/ProtoBuf$QualifiedNameTable$QualifiedName$Kind$1 done
Event: 3.675 loading class kotlin/reflect/jvm/internal/impl/metadata/ProtoBuf$Annotation$Builder
Event: 3.675 loading class kotlin/reflect/jvm/internal/impl/metadata/ProtoBuf$Annotation$Builder done
Event: 3.676 loading class kotlin/reflect/jvm/internal/impl/metadata/ProtoBuf$Annotation$Argument
Event: 3.676 loading class kotlin/reflect/jvm/internal/impl/metadata/ProtoBuf$Annotation$Argument done
Event: 3.677 loading class kotlin/reflect/jvm/internal/impl/metadata/ProtoBuf$Annotation$ArgumentOrBuilder
Event: 3.677 loading class kotlin/reflect/jvm/internal/impl/metadata/ProtoBuf$Annotation$ArgumentOrBuilder done
Event: 3.677 loading class kotlin/reflect/jvm/internal/impl/metadata/ProtoBuf$Annotation$Argument$1
Event: 3.677 loading class kotlin/reflect/jvm/internal/impl/metadata/ProtoBuf$Annotation$Argument$1 done
Event: 3.681 loading class kotlin/reflect/jvm/internal/impl/metadata/ProtoBuf$Annotation$Argument$Value$Builder
Event: 3.681 loading class kotlin/reflect/jvm/internal/impl/metadata/ProtoBuf$Annotation$Argument$Value$Builder done


Dynamic libraries:
0x00007ff6fc790000 - 0x00007ff6fc79a000 	C:\Program Files\Android\Android Studio\jbr\bin\java.exe
0x00007ffb15750000 - 0x00007ffb15948000 	C:\WINDOWS\SYSTEM32\ntdll.dll
0x00007ffb15540000 - 0x00007ffb155ff000 	C:\WINDOWS\System32\KERNEL32.DLL
0x00007ffb12f20000 - 0x00007ffb13216000 	C:\WINDOWS\System32\KERNELBASE.dll
0x00007ffb13220000 - 0x00007ffb13320000 	C:\WINDOWS\System32\ucrtbase.dll
0x00007ffafbe70000 - 0x00007ffafbe87000 	C:\Program Files\Android\Android Studio\jbr\bin\jli.dll
0x00007ffb14eb0000 - 0x00007ffb1504d000 	C:\WINDOWS\System32\USER32.dll
0x00007ffb13560000 - 0x00007ffb13582000 	C:\WINDOWS\System32\win32u.dll
0x00007ffb14820000 - 0x00007ffb1484c000 	C:\WINDOWS\System32\GDI32.dll
0x00007ffb13440000 - 0x00007ffb13555000 	C:\WINDOWS\System32\gdi32full.dll
0x00007ffb12e80000 - 0x00007ffb12f1d000 	C:\WINDOWS\System32\msvcp_win.dll
0x00007ffaf91d0000 - 0x00007ffaf91eb000 	C:\Program Files\Android\Android Studio\jbr\bin\VCRUNTIME140.dll
0x00007ffafcfd0000 - 0x00007ffafd26a000 	C:\WINDOWS\WinSxS\amd64_microsoft.windows.common-controls_6595b64144ccf1df_6.0.19041.1110_none_60b5254171f9507e\COMCTL32.dll
0x00007ffb15660000 - 0x00007ffb156fe000 	C:\WINDOWS\System32\msvcrt.dll
0x00007ffb13b80000 - 0x00007ffb13bb0000 	C:\WINDOWS\System32\IMM32.DLL
0x00007ffb08450000 - 0x00007ffb0845c000 	C:\Program Files\Android\Android Studio\jbr\bin\vcruntime140_1.dll
0x00007ffae8b50000 - 0x00007ffae8bdd000 	C:\Program Files\Android\Android Studio\jbr\bin\msvcp140.dll
0x00007fface730000 - 0x00007ffacf2ec000 	C:\Program Files\Android\Android Studio\jbr\bin\server\jvm.dll
0x00007ffb13860000 - 0x00007ffb1390f000 	C:\WINDOWS\System32\ADVAPI32.dll
0x00007ffb14ce0000 - 0x00007ffb14d7c000 	C:\WINDOWS\System32\sechost.dll
0x00007ffb148b0000 - 0x00007ffb149d6000 	C:\WINDOWS\System32\RPCRT4.dll
0x00007ffb15700000 - 0x00007ffb15708000 	C:\WINDOWS\System32\PSAPI.DLL
0x00007ffaf89e0000 - 0x00007ffaf89e9000 	C:\WINDOWS\SYSTEM32\WSOCK32.dll
0x00007ffb14ac0000 - 0x00007ffb14b2b000 	C:\WINDOWS\System32\WS2_32.dll
0x00007ffafdd80000 - 0x00007ffafdda7000 	C:\WINDOWS\SYSTEM32\WINMM.dll
0x00007ffb0a910000 - 0x00007ffb0a91a000 	C:\WINDOWS\SYSTEM32\VERSION.dll
0x00007ffb11640000 - 0x00007ffb11652000 	C:\WINDOWS\SYSTEM32\kernel.appcore.dll
0x00007ffb0f190000 - 0x00007ffb0f1a0000 	C:\Program Files\Android\Android Studio\jbr\bin\verify.dll
0x00007ffb10a50000 - 0x00007ffb10c34000 	C:\WINDOWS\SYSTEM32\DBGHELP.DLL
0x00007ffafc6b0000 - 0x00007ffafc6e4000 	C:\WINDOWS\SYSTEM32\dbgcore.DLL
0x00007ffb13720000 - 0x00007ffb137a2000 	C:\WINDOWS\System32\bcryptPrimitives.dll
0x00007ffaf4be0000 - 0x00007ffaf4c08000 	C:\Program Files\Android\Android Studio\jbr\bin\java.dll
0x00007ffb0cc00000 - 0x00007ffb0cc0a000 	C:\Program Files\Android\Android Studio\jbr\bin\jimage.dll
0x00007ffafa840000 - 0x00007ffafa858000 	C:\Program Files\Android\Android Studio\jbr\bin\zip.dll
0x00007ffb13d70000 - 0x00007ffb144b4000 	C:\WINDOWS\System32\SHELL32.dll
0x00007ffb10e90000 - 0x00007ffb11623000 	C:\WINDOWS\SYSTEM32\windows.storage.dll
0x00007ffb144c0000 - 0x00007ffb14814000 	C:\WINDOWS\System32\combase.dll
0x00007ffb12870000 - 0x00007ffb1289e000 	C:\WINDOWS\SYSTEM32\Wldp.dll
0x00007ffb137b0000 - 0x00007ffb1385d000 	C:\WINDOWS\System32\SHCORE.dll
0x00007ffb13920000 - 0x00007ffb13975000 	C:\WINDOWS\System32\shlwapi.dll
0x00007ffb12d60000 - 0x00007ffb12d85000 	C:\WINDOWS\SYSTEM32\profapi.dll
0x00007ffaf9a10000 - 0x00007ffaf9a29000 	C:\Program Files\Android\Android Studio\jbr\bin\net.dll
0x00007ffb09a10000 - 0x00007ffb09b1a000 	C:\WINDOWS\SYSTEM32\WINHTTP.dll
0x00007ffb125d0000 - 0x00007ffb1263a000 	C:\WINDOWS\system32\mswsock.dll
0x00007ffaf8e30000 - 0x00007ffaf8e43000 	C:\Program Files\Android\Android Studio\jbr\bin\nio.dll

dbghelp: loaded successfully - version: 4.0.5 - missing functions: none
symbol engine: initialized successfully - sym options: 0x614 - pdb path: .;C:\Program Files\Android\Android Studio\jbr\bin;C:\WINDOWS\SYSTEM32;C:\WINDOWS\WinSxS\amd64_microsoft.windows.common-controls_6595b64144ccf1df_6.0.19041.1110_none_60b5254171f9507e;C:\Program Files\Android\Android Studio\jbr\bin\server

VM Arguments:
java_command: org.jetbrains.kotlin.cli.jvm.K2JVMCompiler @C:\Users\songe\source\repos\InventoTrack\node_modules\react-native-gesture-handler\android\build\20230830_9392493131756997933.compiler.options
java_class_path (initial): C:\Users\songe\.gradle\caches\modules-2\files-2.1\org.jetbrains.kotlin\kotlin-compiler-embeddable\1.6.21\97bdd5a752ce73b58ef16c17bc7f0ea2faff7a2e\kotlin-compiler-embeddable-1.6.21.jar;C:\Users\songe\.gradle\caches\modules-2\files-2.1\org.jetbrains.kotlin\kotlin-reflect\1.6.21\5dc3574d9b7bebfcb4ec6b10ada4aaa9e140bd0b\kotlin-reflect-1.6.21.jar;C:\Users\songe\.gradle\caches\modules-2\files-2.1\org.jetbrains.kotlin\kotlin-stdlib\1.6.21\11ef67f1900634fd951bad28c53ec957fabbe5b8\kotlin-stdlib-1.6.21.jar;C:\Users\songe\.gradle\caches\modules-2\files-2.1\org.jetbrains.kotlin\kotlin-script-runtime\1.6.21\99c6675100da5d6d5b1c5a1032f27f28008d101b\kotlin-script-runtime-1.6.21.jar;C:\Users\songe\.gradle\caches\modules-2\files-2.1\org.jetbrains.kotlin\kotlin-daemon-embeddable\1.6.21\46b78cf392e1c4f10854c3cadba44abb7b82250f\kotlin-daemon-embeddable-1.6.21.jar;C:\Users\songe\.gradle\caches\modules-2\files-2.1\org.jetbrains.intellij.deps\trove4j\1.0.20200330\3afb14d5f9ceb459d724e907a21145e8ff394f02\trove4j-1.0.20200330.jar;C:\Users\songe\.gradle\caches\modules-2\files-2.1\net.java.dev.jna\jna\5.6.0\330f2244e9030119ab3030fc3fededc86713d9cc\jna-5.6.0.jar;C:\Users\songe\.gradle\caches\modules-2\files-2.1\org.jetbrains.kotlin\kotlin-stdlib-common\1.6.21\5e5b55c26dbc80372a920aef60eb774b714559b8\kotlin-stdlib-common-1.6.21.jar;C:\Users\songe\.gradle\caches\modules-2\files-2.1\org.jetbrains\annotations\13.0\919f0dfe192fb4e063e7dacadee7f8bb9a2672a9\annotations-13.0.jar
Launcher Type: SUN_STANDARD

[Global flags]
     intx CICompilerCount                          = 3                                         {product} {ergonomic}
     uint ConcGCThreads                            = 1                                         {product} {ergonomic}
     uint G1ConcRefinementThreads                  = 4                                         {product} {ergonomic}
   size_t G1HeapRegionSize                         = 1048576                                   {product} {ergonomic}
    uintx GCDrainStackTargetSize                   = 64                                        {product} {ergonomic}
   size_t InitialHeapSize                          = 134217728                                 {product} {ergonomic}
   size_t MarkStackSize                            = 4194304                                   {product} {ergonomic}
   size_t MaxHeapSize                              = 2122317824                                {product} {ergonomic}
   size_t MaxNewSize                               = 1272971264                                {product} {ergonomic}
   size_t MinHeapDeltaBytes                        = 1048576                                   {product} {ergonomic}
    uintx NonNMethodCodeHeapSize                   = 5830732                                {pd product} {ergonomic}
    uintx NonProfiledCodeHeapSize                  = 122913754                              {pd product} {ergonomic}
    uintx ProfiledCodeHeapSize                     = 122913754                              {pd product} {ergonomic}
    uintx ReservedCodeCacheSize                    = 251658240                              {pd product} {ergonomic}
     bool SegmentedCodeCache                       = true                                      {product} {ergonomic}
     bool UseCompressedClassPointers               = true                                 {lp64_product} {ergonomic}
     bool UseCompressedOops                        = true                                 {lp64_product} {ergonomic}
     bool UseG1GC                                  = true                                      {product} {ergonomic}
     bool UseLargePagesIndividualAllocation        = false                                  {pd product} {ergonomic}

Logging:
Log output configuration:
 #0: stdout all=warning uptime,level,tags
 #1: stderr all=off uptime,level,tags

Environment Variables:
JAVA_HOME=C:\Program Files\Eclipse Adoptium\jdk-17.0.6.10-hotspot
PATH=C:\Program Files\Eclipse Adoptium\jdk-17.0.6.10-hotspot\bin;C:\Program Files (x86)\Intel\Intel(R) Management Engine Components\iCLS\;C:\Program Files\Intel\Intel(R) Management Engine Components\iCLS\;C:\Windows\system32;C:\Windows;C:\Windows\System32\Wbem;C:\Windows\System32\WindowsPowerShell\v1.0\;C:\Program Files (x86)\NVIDIA Corporation\PhysX\Common;C:\Program Files (x86)\Intel\Intel(R) Management Engine Components\DAL;C:\Program Files\Intel\Intel(R) Management Engine Components\DAL;C:\Program Files (x86)\Intel\Intel(R) Management Engine Components\IPT;C:\Program Files\Intel\Intel(R) Management Engine Components\IPT;C:\Program Files\Intel\WiFi\bin\;C:\Program Files\Common Files\Intel\WirelessCommon\;C:\WINDOWS\system32;C:\WINDOWS;C:\WINDOWS\System32\Wbem;C:\WINDOWS\System32\WindowsPowerShell\v1.0\;C:\WINDOWS\System32\OpenSSH\;C:\Program Files\Microsoft SQL Server\150\Tools\Binn\;C:\Program Files\Microsoft SQL Server\Client SDK\ODBC\170\Tools\Binn\;C:\Program Files\dotnet\;C:\ProgramData\chocolatey\bin;C:\Program Files\nodejs\;C:\Program Files\NVIDIA Corporation\NVIDIA NvDLISR;C:\Users\songe\AppData\Local\Android\Sdk\tools;C:\Users\songe\AppData\Local\Android\Sdk\tools;C:\Users\songe\AppData\Local\Microsoft\WindowsApps;C:\Users\songe\AppData\Local\Programs\Microsoft VS Code\bin;C:\Users\songe\.dotnet\tools;C:\Users\songe\AppData\Local\GitHubDesktop\bin;C:\Users\songe\AppData\Roaming\npm;C:\Users\songe\AppData\Local\Android\Sdk\platform-tools;C:\Users\songe\AppData\Local\Android\Sdk\platform-tools;
USERNAME=songe
OS=Windows_NT
PROCESSOR_IDENTIFIER=Intel64 Family 6 Model 142 Stepping 9, GenuineIntel



---------------  S Y S T E M  ---------------

OS: Windows 10 , 64 bit Build 19041 (10.0.19041.3155)
OS uptime: 0 days 2:30 hours

CPU:total 4 (initial active 4) (2 cores per cpu, 2 threads per core) family 6 model 142 stepping 9 microcode 0xf0, cmov, cx8, fxsr, mmx, sse, sse2, sse3, ssse3, sse4.1, sse4.2, popcnt, avx, avx2, aes, clmul, erms, 3dnowpref, lzcnt, ht, tsc, tscinvbit, bmi1, bmi2, adx, fma

Memory: 4k page, system-wide physical 8089M (697M free)
TotalPageFile size 11089M (AvailPageFile size 8M)
current process WorkingSet (physical memory assigned to process): 73M, peak: 73M
current process commit charge ("private bytes"): 211M, peak: 211M

vm_info: OpenJDK 64-Bit Server VM (11.0.15+0-b2043.56-9505619) for windows-amd64 JRE (11.0.15+0-b2043.56-9505619), built on Jan 19 2023 02:48:00 by "builduser" with unknown MS VC++:1929

END.
