#
# There is insufficient memory for the Java Runtime Environment to continue.
# Native memory allocation (malloc) failed to allocate 32744 bytes for ChunkPool::allocate
# Possible reasons:
#   The system is out of physical RAM or swap space
#   The process is running with CompressedOops enabled, and the Java Heap may be blocking the growth of the native heap
# Possible solutions:
#   Reduce memory load on the system
#   Increase physical memory or swap space
#   Check if swap backing store is full
#   Decrease Java heap size (-Xmx/-Xms)
#   Decrease number of Java threads
#   Decrease Java thread stack sizes (-Xss)
#   Set larger code cache with -XX:ReservedCodeCacheSize=
#   JVM is running with Unscaled Compressed Oops mode in which the Java heap is
#     placed in the first 4GB address space. The Java Heap base address is the
#     maximum limit for the native heap growth. Please use -XX:HeapBaseMinAddress
#     to set the Java Heap base and to place the Java Heap above 4GB virtual address.
# This output file may be truncated or incomplete.
#
#  Out of Memory Error (arena.cpp:78), pid=10848, tid=12644
#
# JRE version: OpenJDK Runtime Environment Temurin-17.0.6+10 (17.0.6+10) (build 17.0.6+10)
# Java VM: OpenJDK 64-Bit Server VM Temurin-17.0.6+10 (17.0.6+10, mixed mode, sharing, tiered, compressed oops, compressed class ptrs, g1 gc, windows-amd64)
# No core dump will be written. Minidumps are not enabled by default on client versions of Windows
#

---------------  S U M M A R Y ------------

Command Line: -Xmx64m -Xms64m -Dorg.gradle.appname=gradlew org.gradle.wrapper.GradleWrapperMain app:installDebug -PreactNativeDevServerPort=8081

Host: Intel(R) Core(TM) i7-7500U CPU @ 2.70GHz, 4 cores, 7G,  Windows 10 , 64 bit Build 19041 (10.0.19041.3155)
Time: Sun Jul  9 13:14:32 2023 South Africa Standard Time elapsed time: 39.949835 seconds (0d 0h 0m 39s)

---------------  T H R E A D  ---------------

Current thread (0x000001dc1e2bbf90):  JavaThread "main" [_thread_in_vm, id=12644, stack(0x0000008af7d00000,0x0000008af7e00000)]

Stack: [0x0000008af7d00000,0x0000008af7e00000]
Native frames: (J=compiled Java code, j=interpreted, Vv=VM code, C=native code)
V  [jvm.dll+0x67741a]
V  [jvm.dll+0x834434]
V  [jvm.dll+0x835bde]
V  [jvm.dll+0x836243]
V  [jvm.dll+0x2457b5]
V  [jvm.dll+0xabd1c]
V  [jvm.dll+0xac0cc]
V  [jvm.dll+0x824d1d]
V  [jvm.dll+0x8285ca]
V  [jvm.dll+0x821bdc]
V  [jvm.dll+0x36fd4c]
V  [jvm.dll+0x36ef52]
V  [jvm.dll+0x36eef8]
V  [jvm.dll+0x55c03f]
V  [jvm.dll+0x55c0e8]
V  [jvm.dll+0x38288b]
V  [jvm.dll+0x382342]
C  0x000001dc2eaf89bf

Java frames: (J=compiled Java code, j=interpreted, Vv=VM code)
j  org.gradle.internal.buildevents.BuildExceptionReporter.getShowStackTraceOption()Lorg/gradle/internal/buildevents/BuildExceptionReporter$ExceptionStyle;+19
j  org.gradle.internal.buildevents.BuildExceptionReporter.constructFailureDetails(Ljava/lang/String;Ljava/lang/Throwable;)Lorg/gradle/internal/buildevents/BuildExceptionReporter$FailureDetails;+6
j  org.gradle.internal.buildevents.BuildExceptionReporter.renderSingleBuildException(Ljava/lang/Throwable;)V+19
j  org.gradle.internal.buildevents.BuildExceptionReporter.execute(Ljava/lang/Throwable;)V+20
j  org.gradle.internal.buildevents.BuildExceptionReporter.execute(Ljava/lang/Object;)V+5
j  org.gradle.launcher.cli.ExceptionReportingAction.execute(Lorg/gradle/launcher/bootstrap/ExecutionListener;)V+89
j  org.gradle.launcher.cli.ExceptionReportingAction.execute(Ljava/lang/Object;)V+5
j  org.gradle.launcher.cli.DefaultCommandLineActionFactory$WithLogging.execute(Lorg/gradle/launcher/bootstrap/ExecutionListener;)V+299
j  org.gradle.launcher.Main.doAction([Ljava/lang/String;Lorg/gradle/launcher/bootstrap/ExecutionListener;)V+14
j  org.gradle.launcher.bootstrap.EntryPoint.run([Ljava/lang/String;)V+12
v  ~StubRoutines::call_stub
j  jdk.internal.reflect.NativeMethodAccessorImpl.invoke0(Ljava/lang/reflect/Method;Ljava/lang/Object;[Ljava/lang/Object;)Ljava/lang/Object;+0 java.base@17.0.6
j  jdk.internal.reflect.NativeMethodAccessorImpl.invoke(Ljava/lang/Object;[Ljava/lang/Object;)Ljava/lang/Object;+133 java.base@17.0.6
j  jdk.internal.reflect.DelegatingMethodAccessorImpl.invoke(Ljava/lang/Object;[Ljava/lang/Object;)Ljava/lang/Object;+6 java.base@17.0.6
j  java.lang.reflect.Method.invoke(Ljava/lang/Object;[Ljava/lang/Object;)Ljava/lang/Object;+59 java.base@17.0.6
j  org.gradle.launcher.bootstrap.ProcessBootstrap.runNoExit(Ljava/lang/String;[Ljava/lang/String;)V+159
j  org.gradle.launcher.bootstrap.ProcessBootstrap.run(Ljava/lang/String;[Ljava/lang/String;)V+2
v  ~StubRoutines::call_stub
j  jdk.internal.reflect.NativeMethodAccessorImpl.invoke0(Ljava/lang/reflect/Method;Ljava/lang/Object;[Ljava/lang/Object;)Ljava/lang/Object;+0 java.base@17.0.6
j  jdk.internal.reflect.NativeMethodAccessorImpl.invoke(Ljava/lang/Object;[Ljava/lang/Object;)Ljava/lang/Object;+133 java.base@17.0.6
j  jdk.internal.reflect.DelegatingMethodAccessorImpl.invoke(Ljava/lang/Object;[Ljava/lang/Object;)Ljava/lang/Object;+6 java.base@17.0.6
j  java.lang.reflect.Method.invoke(Ljava/lang/Object;[Ljava/lang/Object;)Ljava/lang/Object;+59 java.base@17.0.6
j  org.gradle.launcher.GradleMain.main([Ljava/lang/String;)V+100
v  ~StubRoutines::call_stub
j  jdk.internal.reflect.NativeMethodAccessorImpl.invoke0(Ljava/lang/reflect/Method;Ljava/lang/Object;[Ljava/lang/Object;)Ljava/lang/Object;+0 java.base@17.0.6
j  jdk.internal.reflect.NativeMethodAccessorImpl.invoke(Ljava/lang/Object;[Ljava/lang/Object;)Ljava/lang/Object;+133 java.base@17.0.6
j  jdk.internal.reflect.DelegatingMethodAccessorImpl.invoke(Ljava/lang/Object;[Ljava/lang/Object;)Ljava/lang/Object;+6 java.base@17.0.6
j  java.lang.reflect.Method.invoke(Ljava/lang/Object;[Ljava/lang/Object;)Ljava/lang/Object;+59 java.base@17.0.6
j  org.gradle.wrapper.BootstrapMainStarter.start([Ljava/lang/String;Ljava/io/File;)V+105
j  org.gradle.wrapper.WrapperExecutor.execute([Ljava/lang/String;Lorg/gradle/wrapper/Install;Lorg/gradle/wrapper/BootstrapMainStarter;)V+14
j  org.gradle.wrapper.GradleWrapperMain.main([Ljava/lang/String;)V+206
v  ~StubRoutines::call_stub

---------------  P R O C E S S  ---------------

Threads class SMR info:
_java_thread_list=0x000001dc3a005430, length=14, elements={
0x000001dc1e2bbf90, 0x000001dc3935c290, 0x000001dc3935d710, 0x000001dc39375b80,
0x000001dc39376730, 0x000001dc393791f0, 0x000001dc39379ba0, 0x000001dc3937dd80,
0x000001dc39386830, 0x000001dc39393250, 0x000001dc3a051de0, 0x000001dc3a0752b0,
0x000001dc3aa4a2d0, 0x000001dc3ae1a640
}

Java Threads: ( => current thread )
=>0x000001dc1e2bbf90 JavaThread "main" [_thread_in_vm, id=12644, stack(0x0000008af7d00000,0x0000008af7e00000)]
  0x000001dc3935c290 JavaThread "Reference Handler" daemon [_thread_blocked, id=15772, stack(0x0000008af8400000,0x0000008af8500000)]
  0x000001dc3935d710 JavaThread "Finalizer" daemon [_thread_blocked, id=16404, stack(0x0000008af8500000,0x0000008af8600000)]
  0x000001dc39375b80 JavaThread "Signal Dispatcher" daemon [_thread_blocked, id=13920, stack(0x0000008af8600000,0x0000008af8700000)]
  0x000001dc39376730 JavaThread "Attach Listener" daemon [_thread_blocked, id=3740, stack(0x0000008af8700000,0x0000008af8800000)]
  0x000001dc393791f0 JavaThread "Service Thread" daemon [_thread_blocked, id=14664, stack(0x0000008af8800000,0x0000008af8900000)]
  0x000001dc39379ba0 JavaThread "Monitor Deflation Thread" daemon [_thread_blocked, id=15532, stack(0x0000008af8900000,0x0000008af8a00000)]
  0x000001dc3937dd80 JavaThread "C2 CompilerThread0" daemon [_thread_in_native, id=15260, stack(0x0000008af8a00000,0x0000008af8b00000)]
  0x000001dc39386830 JavaThread "C1 CompilerThread0" daemon [_thread_blocked, id=4016, stack(0x0000008af8b00000,0x0000008af8c00000)]
  0x000001dc39393250 JavaThread "Sweeper thread" daemon [_thread_blocked, id=8564, stack(0x0000008af8c00000,0x0000008af8d00000)]
  0x000001dc3a051de0 JavaThread "Notification Thread" daemon [_thread_blocked, id=8572, stack(0x0000008af8d00000,0x0000008af8e00000)]
  0x000001dc3a0752b0 JavaThread "Common-Cleaner" daemon [_thread_blocked, id=4068, stack(0x0000008af8f00000,0x0000008af9000000)]
  0x000001dc3aa4a2d0 JavaThread "pool-1-thread-1" [_thread_blocked, id=16364, stack(0x0000008af9400000,0x0000008af9500000)]
  0x000001dc3ae1a640 JavaThread "DisconnectableInputStream source reader" daemon [_thread_in_native, id=3696, stack(0x0000008af9600000,0x0000008af9700000)]

Other Threads:
  0x000001dc39358690 VMThread "VM Thread" [stack: 0x0000008af8300000,0x0000008af8400000] [id=12140]
  0x000001dc1e32c7f0 WatcherThread [stack: 0x0000008af8e00000,0x0000008af8f00000] [id=3252]
  0x000001dc1e315380 GCTaskThread "GC Thread#0" [stack: 0x0000008af7e00000,0x0000008af7f00000] [id=8064]
  0x000001dc3a4cb0e0 GCTaskThread "GC Thread#1" [stack: 0x0000008af9100000,0x0000008af9200000] [id=12048]
  0x000001dc3a5e9240 GCTaskThread "GC Thread#2" [stack: 0x0000008af9200000,0x0000008af9300000] [id=12832]
  0x000001dc3a398c20 GCTaskThread "GC Thread#3" [stack: 0x0000008af9300000,0x0000008af9400000] [id=15368]
  0x000001dc1e316ac0 ConcurrentGCThread "G1 Main Marker" [stack: 0x0000008af7f00000,0x0000008af8000000] [id=5452]
  0x000001dc1e317c70 ConcurrentGCThread "G1 Conc#0" [stack: 0x0000008af8000000,0x0000008af8100000] [id=13688]
  0x000001dc1e36c1b0 ConcurrentGCThread "G1 Refine#0" [stack: 0x0000008af8100000,0x0000008af8200000] [id=13060]
  0x000001dc1e36cbd0 ConcurrentGCThread "G1 Service" [stack: 0x0000008af8200000,0x0000008af8300000] [id=16600]

Threads with active compile tasks:
C2 CompilerThread0    39979 1591 % !   4       java.io.BufferedReader::readLine @ 139 (327 bytes)

VM state: not at safepoint (normal execution)

VM Mutex/Monitor currently owned by a thread: None

Heap address: 0x00000000fc000000, size: 64 MB, Compressed Oops mode: 32-bit

CDS archive(s) mapped at: [0x0000000800000000-0x0000000800bc0000-0x0000000800bc0000), size 12320768, SharedBaseAddress: 0x0000000800000000, ArchiveRelocationMode: 0.
Compressed class space mapped at: 0x0000000800c00000-0x0000000840c00000, reserved size: 1073741824
Narrow klass base: 0x0000000800000000, Narrow klass shift: 0, Narrow klass range: 0x100000000

GC Precious Log:
 CPUs: 4 total, 4 available
 Memory: 8089M
 Large Page Support: Disabled
 NUMA Support: Disabled
 Compressed Oops: Enabled (32-bit)
 Heap Region Size: 1M
 Heap Min Capacity: 64M
 Heap Initial Capacity: 64M
 Heap Max Capacity: 64M
 Pre-touch: Disabled
 Parallel Workers: 4
 Concurrent Workers: 1
 Concurrent Refinement Workers: 4
 Periodic GC: Disabled

Heap:
 garbage-first heap   total 65536K, used 20042K [0x00000000fc000000, 0x0000000100000000)
  region size 1024K, 13 young (13312K), 3 survivors (3072K)
 Metaspace       used 8383K, committed 8512K, reserved 1056768K
  class space    used 1109K, committed 1152K, reserved 1048576K

Heap Regions: E=young(eden), S=young(survivor), O=old, HS=humongous(starts), HC=humongous(continues), CS=collection set, F=free, OA=open archive, CA=closed archive, TAMS=top-at-mark-start (previous, next)
|   0|0x00000000fc000000, 0x00000000fc100000, 0x00000000fc100000|100%| O|  |TAMS 0x00000000fc000000, 0x00000000fc000000| Untracked 
|   1|0x00000000fc100000, 0x00000000fc200000, 0x00000000fc200000|100%| O|  |TAMS 0x00000000fc100000, 0x00000000fc100000| Untracked 
|   2|0x00000000fc200000, 0x00000000fc300000, 0x00000000fc300000|100%|HS|  |TAMS 0x00000000fc200000, 0x00000000fc200000| Complete 
|   3|0x00000000fc300000, 0x00000000fc400000, 0x00000000fc400000|100%|HC|  |TAMS 0x00000000fc300000, 0x00000000fc300000| Complete 
|   4|0x00000000fc400000, 0x00000000fc500000, 0x00000000fc500000|100%|HC|  |TAMS 0x00000000fc400000, 0x00000000fc400000| Complete 
|   5|0x00000000fc500000, 0x00000000fc600000, 0x00000000fc600000|100%|HC|  |TAMS 0x00000000fc500000, 0x00000000fc500000| Complete 
|   6|0x00000000fc600000, 0x00000000fc700000, 0x00000000fc700000|100%| O|  |TAMS 0x00000000fc600000, 0x00000000fc600000| Untracked 
|   7|0x00000000fc700000, 0x00000000fc792a00, 0x00000000fc800000| 57%| O|  |TAMS 0x00000000fc700000, 0x00000000fc700000| Untracked 
|   8|0x00000000fc800000, 0x00000000fc800000, 0x00000000fc900000|  0%| F|  |TAMS 0x00000000fc800000, 0x00000000fc800000| Untracked 
|   9|0x00000000fc900000, 0x00000000fc900000, 0x00000000fca00000|  0%| F|  |TAMS 0x00000000fc900000, 0x00000000fc900000| Untracked 
|  10|0x00000000fca00000, 0x00000000fca00000, 0x00000000fcb00000|  0%| F|  |TAMS 0x00000000fca00000, 0x00000000fca00000| Untracked 
|  11|0x00000000fcb00000, 0x00000000fcb00000, 0x00000000fcc00000|  0%| F|  |TAMS 0x00000000fcb00000, 0x00000000fcb00000| Untracked 
|  12|0x00000000fcc00000, 0x00000000fcc00000, 0x00000000fcd00000|  0%| F|  |TAMS 0x00000000fcc00000, 0x00000000fcc00000| Untracked 
|  13|0x00000000fcd00000, 0x00000000fcd00000, 0x00000000fce00000|  0%| F|  |TAMS 0x00000000fcd00000, 0x00000000fcd00000| Untracked 
|  14|0x00000000fce00000, 0x00000000fce00000, 0x00000000fcf00000|  0%| F|  |TAMS 0x00000000fce00000, 0x00000000fce00000| Untracked 
|  15|0x00000000fcf00000, 0x00000000fcf00000, 0x00000000fd000000|  0%| F|  |TAMS 0x00000000fcf00000, 0x00000000fcf00000| Untracked 
|  16|0x00000000fd000000, 0x00000000fd000000, 0x00000000fd100000|  0%| F|  |TAMS 0x00000000fd000000, 0x00000000fd000000| Untracked 
|  17|0x00000000fd100000, 0x00000000fd100000, 0x00000000fd200000|  0%| F|  |TAMS 0x00000000fd100000, 0x00000000fd100000| Untracked 
|  18|0x00000000fd200000, 0x00000000fd200000, 0x00000000fd300000|  0%| F|  |TAMS 0x00000000fd200000, 0x00000000fd200000| Untracked 
|  19|0x00000000fd300000, 0x00000000fd300000, 0x00000000fd400000|  0%| F|  |TAMS 0x00000000fd300000, 0x00000000fd300000| Untracked 
|  20|0x00000000fd400000, 0x00000000fd400000, 0x00000000fd500000|  0%| F|  |TAMS 0x00000000fd400000, 0x00000000fd400000| Untracked 
|  21|0x00000000fd500000, 0x00000000fd500000, 0x00000000fd600000|  0%| F|  |TAMS 0x00000000fd500000, 0x00000000fd500000| Untracked 
|  22|0x00000000fd600000, 0x00000000fd600000, 0x00000000fd700000|  0%| F|  |TAMS 0x00000000fd600000, 0x00000000fd600000| Untracked 
|  23|0x00000000fd700000, 0x00000000fd700000, 0x00000000fd800000|  0%| F|  |TAMS 0x00000000fd700000, 0x00000000fd700000| Untracked 
|  24|0x00000000fd800000, 0x00000000fd800000, 0x00000000fd900000|  0%| F|  |TAMS 0x00000000fd800000, 0x00000000fd800000| Untracked 
|  25|0x00000000fd900000, 0x00000000fd900000, 0x00000000fda00000|  0%| F|  |TAMS 0x00000000fd900000, 0x00000000fd900000| Untracked 
|  26|0x00000000fda00000, 0x00000000fda00000, 0x00000000fdb00000|  0%| F|  |TAMS 0x00000000fda00000, 0x00000000fda00000| Untracked 
|  27|0x00000000fdb00000, 0x00000000fdb00000, 0x00000000fdc00000|  0%| F|  |TAMS 0x00000000fdb00000, 0x00000000fdb00000| Untracked 
|  28|0x00000000fdc00000, 0x00000000fdc00000, 0x00000000fdd00000|  0%| F|  |TAMS 0x00000000fdc00000, 0x00000000fdc00000| Untracked 
|  29|0x00000000fdd00000, 0x00000000fdd00000, 0x00000000fde00000|  0%| F|  |TAMS 0x00000000fdd00000, 0x00000000fdd00000| Untracked 
|  30|0x00000000fde00000, 0x00000000fde00000, 0x00000000fdf00000|  0%| F|  |TAMS 0x00000000fde00000, 0x00000000fde00000| Untracked 
|  31|0x00000000fdf00000, 0x00000000fdf00000, 0x00000000fe000000|  0%| F|  |TAMS 0x00000000fdf00000, 0x00000000fdf00000| Untracked 
|  32|0x00000000fe000000, 0x00000000fe000000, 0x00000000fe100000|  0%| F|  |TAMS 0x00000000fe000000, 0x00000000fe000000| Untracked 
|  33|0x00000000fe100000, 0x00000000fe100000, 0x00000000fe200000|  0%| F|  |TAMS 0x00000000fe100000, 0x00000000fe100000| Untracked 
|  34|0x00000000fe200000, 0x00000000fe200000, 0x00000000fe300000|  0%| F|  |TAMS 0x00000000fe200000, 0x00000000fe200000| Untracked 
|  35|0x00000000fe300000, 0x00000000fe300000, 0x00000000fe400000|  0%| F|  |TAMS 0x00000000fe300000, 0x00000000fe300000| Untracked 
|  36|0x00000000fe400000, 0x00000000fe400000, 0x00000000fe500000|  0%| F|  |TAMS 0x00000000fe400000, 0x00000000fe400000| Untracked 
|  37|0x00000000fe500000, 0x00000000fe500000, 0x00000000fe600000|  0%| F|  |TAMS 0x00000000fe500000, 0x00000000fe500000| Untracked 
|  38|0x00000000fe600000, 0x00000000fe600000, 0x00000000fe700000|  0%| F|  |TAMS 0x00000000fe600000, 0x00000000fe600000| Untracked 
|  39|0x00000000fe700000, 0x00000000fe700000, 0x00000000fe800000|  0%| F|  |TAMS 0x00000000fe700000, 0x00000000fe700000| Untracked 
|  40|0x00000000fe800000, 0x00000000fe800000, 0x00000000fe900000|  0%| F|  |TAMS 0x00000000fe800000, 0x00000000fe800000| Untracked 
|  41|0x00000000fe900000, 0x00000000fe900000, 0x00000000fea00000|  0%| F|  |TAMS 0x00000000fe900000, 0x00000000fe900000| Untracked 
|  42|0x00000000fea00000, 0x00000000fea00000, 0x00000000feb00000|  0%| F|  |TAMS 0x00000000fea00000, 0x00000000fea00000| Untracked 
|  43|0x00000000feb00000, 0x00000000feb00000, 0x00000000fec00000|  0%| F|  |TAMS 0x00000000feb00000, 0x00000000feb00000| Untracked 
|  44|0x00000000fec00000, 0x00000000fed00000, 0x00000000fed00000|100%| S|CS|TAMS 0x00000000fec00000, 0x00000000fec00000| Complete 
|  45|0x00000000fed00000, 0x00000000fee00000, 0x00000000fee00000|100%| S|CS|TAMS 0x00000000fed00000, 0x00000000fed00000| Complete 
|  46|0x00000000fee00000, 0x00000000fef00000, 0x00000000fef00000|100%| S|CS|TAMS 0x00000000fee00000, 0x00000000fee00000| Complete 
|  47|0x00000000fef00000, 0x00000000fef00000, 0x00000000ff000000|  0%| F|  |TAMS 0x00000000fef00000, 0x00000000fef00000| Untracked 
|  48|0x00000000ff000000, 0x00000000ff000000, 0x00000000ff100000|  0%| F|  |TAMS 0x00000000ff000000, 0x00000000ff000000| Untracked 
|  49|0x00000000ff100000, 0x00000000ff100000, 0x00000000ff200000|  0%| F|  |TAMS 0x00000000ff100000, 0x00000000ff100000| Untracked 
|  50|0x00000000ff200000, 0x00000000ff200000, 0x00000000ff300000|  0%| F|  |TAMS 0x00000000ff200000, 0x00000000ff200000| Untracked 
|  51|0x00000000ff300000, 0x00000000ff300000, 0x00000000ff400000|  0%| F|  |TAMS 0x00000000ff300000, 0x00000000ff300000| Untracked 
|  52|0x00000000ff400000, 0x00000000ff400000, 0x00000000ff500000|  0%| F|  |TAMS 0x00000000ff400000, 0x00000000ff400000| Untracked 
|  53|0x00000000ff500000, 0x00000000ff500000, 0x00000000ff600000|  0%| F|  |TAMS 0x00000000ff500000, 0x00000000ff500000| Untracked 
|  54|0x00000000ff600000, 0x00000000ff698938, 0x00000000ff700000| 59%| E|  |TAMS 0x00000000ff600000, 0x00000000ff600000| Complete 
|  55|0x00000000ff700000, 0x00000000ff800000, 0x00000000ff800000|100%| E|CS|TAMS 0x00000000ff700000, 0x00000000ff700000| Complete 
|  56|0x00000000ff800000, 0x00000000ff900000, 0x00000000ff900000|100%| E|CS|TAMS 0x00000000ff800000, 0x00000000ff800000| Complete 
|  57|0x00000000ff900000, 0x00000000ffa00000, 0x00000000ffa00000|100%| E|CS|TAMS 0x00000000ff900000, 0x00000000ff900000| Complete 
|  58|0x00000000ffa00000, 0x00000000ffb00000, 0x00000000ffb00000|100%| E|CS|TAMS 0x00000000ffa00000, 0x00000000ffa00000| Complete 
|  59|0x00000000ffb00000, 0x00000000ffc00000, 0x00000000ffc00000|100%| E|CS|TAMS 0x00000000ffb00000, 0x00000000ffb00000| Complete 
|  60|0x00000000ffc00000, 0x00000000ffd00000, 0x00000000ffd00000|100%| E|CS|TAMS 0x00000000ffc00000, 0x00000000ffc00000| Complete 
|  61|0x00000000ffd00000, 0x00000000ffe00000, 0x00000000ffe00000|100%| E|CS|TAMS 0x00000000ffd00000, 0x00000000ffd00000| Complete 
|  62|0x00000000ffe00000, 0x00000000fff00000, 0x00000000fff00000|100%| E|CS|TAMS 0x00000000ffe00000, 0x00000000ffe00000| Complete 
|  63|0x00000000fff00000, 0x0000000100000000, 0x0000000100000000|100%| E|CS|TAMS 0x00000000fff00000, 0x00000000fff00000| Complete 

Card table byte_map: [0x000001dc36be0000,0x000001dc36c00000] _byte_map_base: 0x000001dc36400000

Marking Bits (Prev, Next): (CMBitMap*) 0x000001dc1e315990, (CMBitMap*) 0x000001dc1e3159d0
 Prev Bits: [0x000001dc36c20000, 0x000001dc36d20000)
 Next Bits: [0x000001dc36d20000, 0x000001dc36e20000)

Polling page: 0x000001dc1e190000

Metaspace:

Usage:
  Non-class:      7.10 MB used.
      Class:      1.08 MB used.
       Both:      8.19 MB used.

Virtual space:
  Non-class space:        8.00 MB reserved,       7.19 MB ( 90%) committed,  1 nodes.
      Class space:        1.00 GB reserved,       1.12 MB ( <1%) committed,  1 nodes.
             Both:        1.01 GB reserved,       8.31 MB ( <1%) committed. 

Chunk freelists:
   Non-Class:  398.00 KB
       Class:  2.69 MB
        Both:  3.08 MB

MaxMetaspaceSize: unlimited
CompressedClassSpaceSize: 1.00 GB
Initial GC threshold: 21.00 MB
Current GC threshold: 21.00 MB
CDS: on
MetaspaceReclaimPolicy: balanced
 - commit_granule_bytes: 65536.
 - commit_granule_words: 8192.
 - virtual_space_node_default_size: 1048576.
 - enlarge_chunks_in_place: 1.
 - new_chunks_are_fully_committed: 0.
 - uncommit_free_chunks: 1.
 - use_allocation_guard: 0.
 - handle_deallocations: 1.


Internal statistics:

num_allocs_failed_limit: 0.
num_arena_births: 78.
num_arena_deaths: 0.
num_vsnodes_births: 2.
num_vsnodes_deaths: 0.
num_space_committed: 133.
num_space_uncommitted: 0.
num_chunks_returned_to_freelist: 0.
num_chunks_taken_from_freelist: 295.
num_chunk_merges: 0.
num_chunk_splits: 199.
num_chunks_enlarged: 166.
num_purges: 0.
num_inconsistent_stats: 0.

CodeHeap 'non-profiled nmethods': size=120000Kb used=606Kb max_used=606Kb free=119393Kb
 bounds [0x000001dc2f080000, 0x000001dc2f2f0000, 0x000001dc365b0000]
CodeHeap 'profiled nmethods': size=120000Kb used=3032Kb max_used=3032Kb free=116967Kb
 bounds [0x000001dc275b0000, 0x000001dc278b0000, 0x000001dc2eae0000]
CodeHeap 'non-nmethods': size=5760Kb used=1165Kb max_used=1218Kb free=4594Kb
 bounds [0x000001dc2eae0000, 0x000001dc2ed50000, 0x000001dc2f080000]
 total_blobs=2057 nmethods=1599 adapters=371
 compilation: enabled
              stopped_count=0, restarted_count=0
 full_count=0

Compilation events (20 events):
Event: 39.935 Thread 0x000001dc39386830 nmethod 1588 0x000001dc2f117110 code [0x000001dc2f1172a0, 0x000001dc2f117378]
Event: 39.936 Thread 0x000001dc39386830 1589       3       java.util.LinkedList::checkPositionIndex (22 bytes)
Event: 39.936 Thread 0x000001dc3937dd80 1591 % !   4       java.io.BufferedReader::readLine @ 139 (327 bytes)
Event: 39.936 Thread 0x000001dc39386830 nmethod 1589 0x000001dc278a2110 code [0x000001dc278a2360, 0x000001dc278a2ac8]
Event: 39.936 Thread 0x000001dc39386830 1590       3       java.util.LinkedList::isPositionIndex (18 bytes)
Event: 39.937 Thread 0x000001dc39386830 nmethod 1590 0x000001dc278a2e10 code [0x000001dc278a2fa0, 0x000001dc278a3138]
Event: 39.937 Thread 0x000001dc39386830 1592       3       java.util.LinkedList::node (65 bytes)
Event: 39.937 Thread 0x000001dc39386830 nmethod 1592 0x000001dc278a3210 code [0x000001dc278a33c0, 0x000001dc278a3698]
Event: 39.938 Thread 0x000001dc39386830 1594       3       java.lang.StringBuilder::append (8 bytes)
Event: 39.938 Thread 0x000001dc39386830 nmethod 1594 0x000001dc278a3810 code [0x000001dc278a39a0, 0x000001dc278a3ae8]
Event: 39.938 Thread 0x000001dc39386830 1595       3       java.lang.AbstractStringBuilder::append (55 bytes)
Event: 39.939 Thread 0x000001dc39386830 nmethod 1595 0x000001dc278a3b90 code [0x000001dc278a3d60, 0x000001dc278a4098]
Event: 39.939 Thread 0x000001dc39386830 1596       3       java.lang.invoke.MethodType::basicType (8 bytes)
Event: 39.939 Thread 0x000001dc39386830 nmethod 1596 0x000001dc278a4210 code [0x000001dc278a43a0, 0x000001dc278a44d8]
Event: 39.939 Thread 0x000001dc39386830 1598       3       java.lang.invoke.InvokerBytecodeGenerator::emitPushArgument (150 bytes)
Event: 39.940 Thread 0x000001dc39386830 nmethod 1598 0x000001dc278a4590 code [0x000001dc278a4860, 0x000001dc278a5748]
Event: 39.940 Thread 0x000001dc39386830 1599       3       jdk.internal.reflect.MagicAccessorImpl::<init> (5 bytes)
Event: 39.940 Thread 0x000001dc39386830 nmethod 1599 0x000001dc278a5b10 code [0x000001dc278a5ca0, 0x000001dc278a5df8]
Event: 39.944 Thread 0x000001dc39386830 1600       3       java.lang.invoke.MethodType::erase (8 bytes)
Event: 39.944 Thread 0x000001dc39386830 nmethod 1600 0x000001dc278a5e90 code [0x000001dc278a6020, 0x000001dc278a6158]

GC Heap History (4 events):
Event: 0.401 GC heap before
{Heap before GC invocations=0 (full 0):
 garbage-first heap   total 65536K, used 12288K [0x00000000fc000000, 0x0000000100000000)
  region size 1024K, 13 young (13312K), 0 survivors (0K)
 Metaspace       used 1772K, committed 1920K, reserved 1056768K
  class space    used 161K, committed 192K, reserved 1048576K
}
Event: 0.405 GC heap after
{Heap after GC invocations=1 (full 0):
 garbage-first heap   total 65536K, used 3560K [0x00000000fc000000, 0x0000000100000000)
  region size 1024K, 2 young (2048K), 2 survivors (2048K)
 Metaspace       used 1772K, committed 1920K, reserved 1056768K
  class space    used 161K, committed 192K, reserved 1048576K
}
Event: 0.851 GC heap before
{Heap before GC invocations=1 (full 0):
 garbage-first heap   total 65536K, used 21992K [0x00000000fc000000, 0x0000000100000000)
  region size 1024K, 17 young (17408K), 2 survivors (2048K)
 Metaspace       used 5420K, committed 5632K, reserved 1056768K
  class space    used 736K, committed 832K, reserved 1048576K
}
Event: 0.854 GC heap after
{Heap after GC invocations=2 (full 0):
 garbage-first heap   total 65536K, used 10826K [0x00000000fc000000, 0x0000000100000000)
  region size 1024K, 3 young (3072K), 3 survivors (3072K)
 Metaspace       used 5420K, committed 5632K, reserved 1056768K
  class space    used 736K, committed 832K, reserved 1048576K
}

Dll operation events (11 events):
Event: 0.010 Loaded shared library C:\Program Files\Eclipse Adoptium\jdk-17.0.6.10-hotspot\bin\java.dll
Event: 0.020 Loaded shared library C:\Program Files\Eclipse Adoptium\jdk-17.0.6.10-hotspot\bin\jsvml.dll
Event: 0.058 Loaded shared library C:\Program Files\Eclipse Adoptium\jdk-17.0.6.10-hotspot\bin\net.dll
Event: 0.060 Loaded shared library C:\Program Files\Eclipse Adoptium\jdk-17.0.6.10-hotspot\bin\nio.dll
Event: 0.064 Loaded shared library C:\Program Files\Eclipse Adoptium\jdk-17.0.6.10-hotspot\bin\zip.dll
Event: 0.323 Loaded shared library C:\Program Files\Eclipse Adoptium\jdk-17.0.6.10-hotspot\bin\jimage.dll
Event: 0.427 Loaded shared library C:\Program Files\Eclipse Adoptium\jdk-17.0.6.10-hotspot\bin\verify.dll
Event: 0.710 Loaded shared library C:\Users\songe\.gradle\native\68d5fa5c4cc2d200863cafc0d521ce42e7d3e7ee720ec0a83991735586a16f82\windows-amd64\native-platform.dll
Event: 0.840 Loaded shared library C:\Program Files\Eclipse Adoptium\jdk-17.0.6.10-hotspot\bin\management.dll
Event: 0.842 Loaded shared library C:\Program Files\Eclipse Adoptium\jdk-17.0.6.10-hotspot\bin\management_ext.dll
Event: 1.154 Loaded shared library C:\Program Files\Eclipse Adoptium\jdk-17.0.6.10-hotspot\bin\sunmscapi.dll

Deoptimization events (20 events):
Event: 0.985 Thread 0x000001dc1e2bbf90 Uncommon trap: trap_request=0xffffff45 fr.pc=0x000001dc2f0d4828 relative=0x0000000000001c68
Event: 0.985 Thread 0x000001dc1e2bbf90 Uncommon trap: reason=unstable_if action=reinterpret pc=0x000001dc2f0d4828 method=java.io.WinNTFileSystem.normalize(Ljava/lang/String;)Ljava/lang/String; @ 128 c2
Event: 0.985 Thread 0x000001dc1e2bbf90 DEOPT PACKING pc=0x000001dc2f0d4828 sp=0x0000008af7dfb860
Event: 0.985 Thread 0x000001dc1e2bbf90 DEOPT UNPACKING pc=0x000001dc2eb369a3 sp=0x0000008af7dfb848 mode 2
Event: 1.116 Thread 0x000001dc1e2bbf90 Uncommon trap: trap_request=0xffffff45 fr.pc=0x000001dc2f0b60a4 relative=0x0000000000000664
Event: 1.116 Thread 0x000001dc1e2bbf90 Uncommon trap: reason=unstable_if action=reinterpret pc=0x000001dc2f0b60a4 method=java.lang.AbstractStringBuilder.append(Ljava/lang/String;)Ljava/lang/AbstractStringBuilder; @ 1 c2
Event: 1.116 Thread 0x000001dc1e2bbf90 DEOPT PACKING pc=0x000001dc2f0b60a4 sp=0x0000008af7dfc5e0
Event: 1.116 Thread 0x000001dc1e2bbf90 DEOPT UNPACKING pc=0x000001dc2eb369a3 sp=0x0000008af7dfc560 mode 2
Event: 1.117 Thread 0x000001dc1e2bbf90 Uncommon trap: trap_request=0xffffff45 fr.pc=0x000001dc2f0c4924 relative=0x0000000000000664
Event: 1.117 Thread 0x000001dc1e2bbf90 Uncommon trap: reason=unstable_if action=reinterpret pc=0x000001dc2f0c4924 method=java.lang.AbstractStringBuilder.append(Ljava/lang/String;)Ljava/lang/AbstractStringBuilder; @ 1 c2
Event: 1.117 Thread 0x000001dc1e2bbf90 DEOPT PACKING pc=0x000001dc2f0c4924 sp=0x0000008af7dfc580
Event: 1.117 Thread 0x000001dc1e2bbf90 DEOPT UNPACKING pc=0x000001dc2eb369a3 sp=0x0000008af7dfc568 mode 2
Event: 1.167 Thread 0x000001dc1e2bbf90 Uncommon trap: trap_request=0xffffff45 fr.pc=0x000001dc2f0eef38 relative=0x0000000000000178
Event: 1.167 Thread 0x000001dc1e2bbf90 Uncommon trap: reason=unstable_if action=reinterpret pc=0x000001dc2f0eef38 method=java.lang.invoke.VarHandle.checkExactAccessMode(Ljava/lang/invoke/VarHandle$AccessDescriptor;)V @ 4 c2
Event: 1.167 Thread 0x000001dc1e2bbf90 DEOPT PACKING pc=0x000001dc2f0eef38 sp=0x0000008af7dfc680
Event: 1.167 Thread 0x000001dc1e2bbf90 DEOPT UNPACKING pc=0x000001dc2eb369a3 sp=0x0000008af7dfc5c0 mode 2
Event: 39.931 Thread 0x000001dc1e2bbf90 Uncommon trap: trap_request=0xffffff45 fr.pc=0x000001dc2f10c668 relative=0x00000000000004e8
Event: 39.931 Thread 0x000001dc1e2bbf90 Uncommon trap: reason=unstable_if action=reinterpret pc=0x000001dc2f10c668 method=com.esotericsoftware.kryo.io.Input.require(I)I @ 180 c2
Event: 39.931 Thread 0x000001dc1e2bbf90 DEOPT PACKING pc=0x000001dc2f10c668 sp=0x0000008af7dfc6b0
Event: 39.931 Thread 0x000001dc1e2bbf90 DEOPT UNPACKING pc=0x000001dc2eb369a3 sp=0x0000008af7dfc518 mode 2

Classes unloaded (0 events):
No events

Classes redefined (0 events):
No events

Internal exceptions (20 events):
Event: 0.655 Thread 0x000001dc1e2bbf90 Exception <a 'java/lang/NoSuchMethodError'{0x00000000ff8a9788}: 'void java.lang.invoke.DirectMethodHandle$Holder.invokeStatic(java.lang.Object, java.lang.Object)'> (0x00000000ff8a9788) 
thrown [s\src\hotspot\share\interpreter\linkResolver.cpp, line 759]
Event: 0.676 Thread 0x000001dc1e2bbf90 Exception <a 'java/lang/NoClassDefFoundError'{0x00000000ff72e880}: org/slf4j/impl/StaticMarkerBinder> (0x00000000ff72e880) 
thrown [s\src\hotspot\share\classfile\systemDictionary.cpp, line 245]
Event: 0.690 Thread 0x000001dc1e2bbf90 Exception <a 'java/lang/NoSuchMethodError'{0x00000000ff7ca220}: 'java.lang.Object java.lang.invoke.DirectMethodHandle$Holder.invokeVirtual(java.lang.Object, java.lang.Object, java.lang.Object, java.lang.Object, java.lang.Object, java.lang.Object, java.lang.Object)'> (0x00000000ff7ca220) 
thrown [s\src\hotspot\share\interpreter\linkResolver.cpp, line 759]
Event: 0.693 Thread 0x000001dc1e2bbf90 Exception <a 'java/lang/NoSuchMethodError'{0x00000000ff7dbdc0}: 'java.lang.Object java.lang.invoke.Invokers$Holder.invoker(java.lang.Object, java.lang.Object, java.lang.Object)'> (0x00000000ff7dbdc0) 
thrown [s\src\hotspot\share\interpreter\linkResolver.cpp, line 759]
Event: 0.694 Thread 0x000001dc1e2bbf90 Exception <a 'java/lang/NoSuchMethodError'{0x00000000ff7e5178}: 'java.lang.Object java.lang.invoke.DirectMethodHandle$Holder.invokeStatic(java.lang.Object, java.lang.Object, int)'> (0x00000000ff7e5178) 
thrown [s\src\hotspot\share\interpreter\linkResolver.cpp, line 759]
Event: 0.696 Thread 0x000001dc1e2bbf90 Exception <a 'java/lang/NoSuchMethodError'{0x00000000ff7f0e68}: 'void java.lang.invoke.DelegatingMethodHandle$Holder.delegate(java.lang.Object, java.lang.Object, int, java.lang.Object)'> (0x00000000ff7f0e68) 
thrown [s\src\hotspot\share\interpreter\linkResolver.cpp, line 759]
Event: 0.696 Thread 0x000001dc1e2bbf90 Exception <a 'java/lang/NoSuchMethodError'{0x00000000ff7f4fb0}: 'int java.lang.invoke.DirectMethodHandle$Holder.invokeSpecial(java.lang.Object, java.lang.Object, java.lang.Object)'> (0x00000000ff7f4fb0) 
thrown [s\src\hotspot\share\interpreter\linkResolver.cpp, line 759]
Event: 0.698 Thread 0x000001dc1e2bbf90 Exception <a 'java/lang/NoSuchMethodError'{0x00000000ff6085c8}: 'java.lang.Object java.lang.invoke.Invokers$Holder.invokeExact_MT(java.lang.Object, java.lang.Object, java.lang.Object, java.lang.Object)'> (0x00000000ff6085c8) 
thrown [s\src\hotspot\share\interpreter\linkResolver.cpp, line 759]
Event: 0.804 Thread 0x000001dc1e2bbf90 Exception <a 'java/lang/NoSuchMethodError'{0x00000000ff029928}: 'void java.lang.invoke.DirectMethodHandle$Holder.invokeSpecial(java.lang.Object, java.lang.Object, java.lang.Object)'> (0x00000000ff029928) 
thrown [s\src\hotspot\share\interpreter\linkResolver.cpp, line 759]
Event: 0.818 Thread 0x000001dc1e2bbf90 Implicit null exception at 0x000001dc2f0c928f to 0x000001dc2f0c97fc
Event: 0.819 Thread 0x000001dc1e2bbf90 Implicit null exception at 0x000001dc2f0bdd8f to 0x000001dc2f0be2f8
Event: 0.839 Thread 0x000001dc1e2bbf90 Exception <a 'java/lang/NoSuchMethodError'{0x00000000fefceb98}: 'java.lang.Object java.lang.invoke.DirectMethodHandle$Holder.invokeStaticInit(java.lang.Object)'> (0x00000000fefceb98) 
thrown [s\src\hotspot\share\interpreter\linkResolver.cpp, line 759]
Event: 0.937 Thread 0x000001dc1e2bbf90 Exception <a 'java/lang/NoSuchMethodError'{0x00000000ffb0d4c0}: 'java.lang.Object java.lang.invoke.DirectMethodHandle$Holder.invokeStaticInit(java.lang.Object, int, int, int, int)'> (0x00000000ffb0d4c0) 
thrown [s\src\hotspot\share\interpreter\linkResolver.cpp, line 759]
Event: 0.998 Thread 0x000001dc1e2bbf90 Exception <a 'java/lang/NoSuchMethodError'{0x00000000ffbd8548}: 'java.lang.Object java.lang.invoke.DirectMethodHandle$Holder.invokeStaticInit(java.lang.Object, java.lang.Object, int, int, int, int)'> (0x00000000ffbd8548) 
thrown [s\src\hotspot\share\interpreter\linkResolver.cpp, line 759]
Event: 1.099 Thread 0x000001dc1e2bbf90 Exception <a 'java/lang/NoSuchMethodError'{0x00000000ffa058e0}: 'void java.lang.invoke.DirectMethodHandle$Holder.invokeStatic(java.lang.Object, java.lang.Object, java.lang.Object)'> (0x00000000ffa058e0) 
thrown [s\src\hotspot\share\interpreter\linkResolver.cpp, line 759]
Event: 1.116 Thread 0x000001dc1e2bbf90 Implicit null exception at 0x000001dc2f0b5a72 to 0x000001dc2f0b608c
Event: 1.117 Thread 0x000001dc1e2bbf90 Implicit null exception at 0x000001dc2f0c42f2 to 0x000001dc2f0c490c
Event: 39.931 Thread 0x000001dc1e2bbf90 Exception <a 'sun/net/ConnectionResetException'{0x00000000ff7b4c80}: Connection reset> (0x00000000ff7b4c80) 
thrown [s\src\hotspot\share\prims\jni.cpp, line 535]
Event: 39.939 Thread 0x000001dc1e2bbf90 Exception <a 'java/lang/NoSuchMethodError'{0x00000000ff7ec090}: 'int java.lang.invoke.DirectMethodHandle$Holder.invokeVirtual(java.lang.Object, java.lang.Object)'> (0x00000000ff7ec090) 
thrown [s\src\hotspot\share\interpreter\linkResolver.cpp, line 759]
Event: 39.943 Thread 0x000001dc3ab0d330 Exception <a 'java/io/IOException'{0x00000000ff8f6fe8}: Connection reset by peer> (0x00000000ff8f6fe8) 
thrown [s\src\hotspot\share\prims\jni.cpp, line 535]

VM Operations (20 events):
Event: 19.156 Executing VM operation: Cleanup
Event: 19.156 Executing VM operation: Cleanup done
Event: 25.220 Executing VM operation: Cleanup
Event: 25.220 Executing VM operation: Cleanup done
Event: 26.233 Executing VM operation: Cleanup
Event: 26.234 Executing VM operation: Cleanup done
Event: 27.239 Executing VM operation: Cleanup
Event: 27.239 Executing VM operation: Cleanup done
Event: 28.252 Executing VM operation: Cleanup
Event: 28.284 Executing VM operation: Cleanup done
Event: 30.304 Executing VM operation: Cleanup
Event: 30.304 Executing VM operation: Cleanup done
Event: 31.315 Executing VM operation: Cleanup
Event: 31.315 Executing VM operation: Cleanup done
Event: 39.947 Executing VM operation: HandshakeAllThreads
Event: 39.947 Executing VM operation: HandshakeAllThreads done
Event: 39.947 Executing VM operation: Cleanup
Event: 39.947 Executing VM operation: Cleanup done
Event: 39.947 Executing VM operation: HandshakeAllThreads
Event: 39.947 Executing VM operation: HandshakeAllThreads done

Events (20 events):
Event: 6.937 loading class jdk/internal/reflect/UTF8 done
Event: 6.937 loading class jdk/internal/reflect/Label
Event: 6.937 loading class jdk/internal/reflect/Label done
Event: 6.937 loading class jdk/internal/reflect/Label$PatchInfo
Event: 6.937 loading class jdk/internal/reflect/Label$PatchInfo done
Event: 6.937 loading class jdk/internal/reflect/MethodAccessorGenerator$1
Event: 6.937 loading class jdk/internal/reflect/MethodAccessorGenerator$1 done
Event: 6.937 loading class jdk/internal/reflect/ClassDefiner
Event: 6.938 loading class jdk/internal/reflect/ClassDefiner done
Event: 6.938 loading class jdk/internal/reflect/ClassDefiner$1
Event: 6.938 loading class jdk/internal/reflect/ClassDefiner$1 done
Event: 14.755 loading class jdk/internal/misc/ScopedMemoryAccess$Scope
Event: 14.755 loading class jdk/internal/misc/ScopedMemoryAccess$Scope done
Event: 39.931 loading class sun/net/ConnectionResetException
Event: 39.931 loading class sun/net/ConnectionResetException done
Event: 39.941 loading class java/util/concurrent/locks/AbstractQueuedSynchronizer$ExclusiveNode
Event: 39.941 loading class java/util/concurrent/locks/AbstractQueuedSynchronizer$ExclusiveNode done
Event: 39.944 Thread 0x000001dc3ab0d330 Thread exited: 0x000001dc3ab0d330
Event: 39.945 loading class java/util/concurrent/ConcurrentLinkedQueue$Itr
Event: 39.945 loading class java/util/concurrent/ConcurrentLinkedQueue$Itr done


Dynamic libraries:
0x00007ff79d960000 - 0x00007ff79d96e000 	C:\Program Files\Eclipse Adoptium\jdk-17.0.6.10-hotspot\bin\java.exe
0x00007ffe07dd0000 - 0x00007ffe07fc8000 	C:\WINDOWS\SYSTEM32\ntdll.dll
0x00007ffe073a0000 - 0x00007ffe0745f000 	C:\WINDOWS\System32\KERNEL32.DLL
0x00007ffe05580000 - 0x00007ffe05876000 	C:\WINDOWS\System32\KERNELBASE.dll
0x00007ffe05880000 - 0x00007ffe05980000 	C:\WINDOWS\System32\ucrtbase.dll
0x00007ffdea3c0000 - 0x00007ffdea3d7000 	C:\Program Files\Eclipse Adoptium\jdk-17.0.6.10-hotspot\bin\jli.dll
0x00007ffe062e0000 - 0x00007ffe0647d000 	C:\WINDOWS\System32\USER32.dll
0x00007ffe05550000 - 0x00007ffe05572000 	C:\WINDOWS\System32\win32u.dll
0x00007ffe06f80000 - 0x00007ffe06fac000 	C:\WINDOWS\System32\GDI32.dll
0x00007ffe05b00000 - 0x00007ffe05c15000 	C:\WINDOWS\System32\gdi32full.dll
0x00007ffe054b0000 - 0x00007ffe0554d000 	C:\WINDOWS\System32\msvcp_win.dll
0x00007ffdea3e0000 - 0x00007ffdea3f9000 	C:\Program Files\Eclipse Adoptium\jdk-17.0.6.10-hotspot\bin\VCRUNTIME140.dll
0x00007ffdef0f0000 - 0x00007ffdef38a000 	C:\WINDOWS\WinSxS\amd64_microsoft.windows.common-controls_6595b64144ccf1df_6.0.19041.1110_none_60b5254171f9507e\COMCTL32.dll
0x00007ffe07530000 - 0x00007ffe075ce000 	C:\WINDOWS\System32\msvcrt.dll
0x00007ffe05e30000 - 0x00007ffe05e60000 	C:\WINDOWS\System32\IMM32.DLL
0x00007ffdfdc20000 - 0x00007ffdfdc2c000 	C:\Program Files\Eclipse Adoptium\jdk-17.0.6.10-hotspot\bin\vcruntime140_1.dll
0x00007ffdc9c10000 - 0x00007ffdc9ca1000 	C:\Program Files\Eclipse Adoptium\jdk-17.0.6.10-hotspot\bin\msvcp140.dll
0x00007ffdaad20000 - 0x00007ffdab967000 	C:\Program Files\Eclipse Adoptium\jdk-17.0.6.10-hotspot\bin\server\jvm.dll
0x00007ffe05e60000 - 0x00007ffe05f0f000 	C:\WINDOWS\System32\ADVAPI32.dll
0x00007ffe070a0000 - 0x00007ffe0713c000 	C:\WINDOWS\System32\sechost.dll
0x00007ffe05fc0000 - 0x00007ffe060e6000 	C:\WINDOWS\System32\RPCRT4.dll
0x00007ffde9f20000 - 0x00007ffde9f29000 	C:\WINDOWS\SYSTEM32\WSOCK32.dll
0x00007ffdf00f0000 - 0x00007ffdf0117000 	C:\WINDOWS\SYSTEM32\WINMM.dll
0x00007ffdf94d0000 - 0x00007ffdf94da000 	C:\WINDOWS\SYSTEM32\VERSION.dll
0x00007ffe06f10000 - 0x00007ffe06f7b000 	C:\WINDOWS\System32\WS2_32.dll
0x00007ffe03cc0000 - 0x00007ffe03cd2000 	C:\WINDOWS\SYSTEM32\kernel.appcore.dll
0x00007ffdfbec0000 - 0x00007ffdfbeca000 	C:\Program Files\Eclipse Adoptium\jdk-17.0.6.10-hotspot\bin\jimage.dll
0x00007ffe03220000 - 0x00007ffe03404000 	C:\WINDOWS\SYSTEM32\DBGHELP.DLL
0x00007ffde8250000 - 0x00007ffde8284000 	C:\WINDOWS\SYSTEM32\dbgcore.DLL
0x00007ffe05a00000 - 0x00007ffe05a82000 	C:\WINDOWS\System32\bcryptPrimitives.dll
0x00007ffdd7f20000 - 0x00007ffdd7f45000 	C:\Program Files\Eclipse Adoptium\jdk-17.0.6.10-hotspot\bin\java.dll
0x00007ffdc0100000 - 0x00007ffdc01d6000 	C:\Program Files\Eclipse Adoptium\jdk-17.0.6.10-hotspot\bin\jsvml.dll
0x00007ffe075d0000 - 0x00007ffe07d14000 	C:\WINDOWS\System32\SHELL32.dll
0x00007ffe03410000 - 0x00007ffe03ba4000 	C:\WINDOWS\SYSTEM32\windows.storage.dll
0x00007ffe06480000 - 0x00007ffe067d4000 	C:\WINDOWS\System32\combase.dll
0x00007ffe04e10000 - 0x00007ffe04e3e000 	C:\WINDOWS\SYSTEM32\Wldp.dll
0x00007ffe060f0000 - 0x00007ffe0619d000 	C:\WINDOWS\System32\SHCORE.dll
0x00007ffe06fb0000 - 0x00007ffe07005000 	C:\WINDOWS\System32\shlwapi.dll
0x00007ffe053e0000 - 0x00007ffe05405000 	C:\WINDOWS\SYSTEM32\profapi.dll
0x00007ffdea3a0000 - 0x00007ffdea3b9000 	C:\Program Files\Eclipse Adoptium\jdk-17.0.6.10-hotspot\bin\net.dll
0x00007ffdfa250000 - 0x00007ffdfa35a000 	C:\WINDOWS\SYSTEM32\WINHTTP.dll
0x00007ffe04b70000 - 0x00007ffe04bda000 	C:\WINDOWS\system32\mswsock.dll
0x00007ffddb430000 - 0x00007ffddb445000 	C:\Program Files\Eclipse Adoptium\jdk-17.0.6.10-hotspot\bin\nio.dll
0x00007ffdd9570000 - 0x00007ffdd9588000 	C:\Program Files\Eclipse Adoptium\jdk-17.0.6.10-hotspot\bin\zip.dll
0x00007ffdfbea0000 - 0x00007ffdfbeb0000 	C:\Program Files\Eclipse Adoptium\jdk-17.0.6.10-hotspot\bin\verify.dll
0x00007ffdfbf60000 - 0x00007ffdfbf87000 	C:\Users\songe\.gradle\native\68d5fa5c4cc2d200863cafc0d521ce42e7d3e7ee720ec0a83991735586a16f82\windows-amd64\native-platform.dll
0x00007ffdfa360000 - 0x00007ffdfa369000 	C:\Program Files\Eclipse Adoptium\jdk-17.0.6.10-hotspot\bin\management.dll
0x00007ffdf0e40000 - 0x00007ffdf0e4b000 	C:\Program Files\Eclipse Adoptium\jdk-17.0.6.10-hotspot\bin\management_ext.dll
0x00007ffe07010000 - 0x00007ffe07018000 	C:\WINDOWS\System32\PSAPI.DLL
0x00007ffe04d60000 - 0x00007ffe04d78000 	C:\WINDOWS\SYSTEM32\CRYPTSP.dll
0x00007ffe04490000 - 0x00007ffe044c4000 	C:\WINDOWS\system32\rsaenh.dll
0x00007ffe059d0000 - 0x00007ffe059f7000 	C:\WINDOWS\System32\bcrypt.dll
0x00007ffe05360000 - 0x00007ffe0538e000 	C:\WINDOWS\SYSTEM32\USERENV.dll
0x00007ffe04d80000 - 0x00007ffe04d8c000 	C:\WINDOWS\SYSTEM32\CRYPTBASE.dll
0x00007ffe04860000 - 0x00007ffe0489c000 	C:\WINDOWS\SYSTEM32\IPHLPAPI.DLL
0x00007ffe07d20000 - 0x00007ffe07d28000 	C:\WINDOWS\System32\NSI.dll
0x00007ffdfa9b0000 - 0x00007ffdfa9c7000 	C:\WINDOWS\SYSTEM32\dhcpcsvc6.DLL
0x00007ffdf9800000 - 0x00007ffdf981d000 	C:\WINDOWS\SYSTEM32\dhcpcsvc.DLL
0x00007ffe048a0000 - 0x00007ffe0496a000 	C:\WINDOWS\SYSTEM32\DNSAPI.dll
0x00007ffe023b0000 - 0x00007ffe023be000 	C:\Program Files\Eclipse Adoptium\jdk-17.0.6.10-hotspot\bin\sunmscapi.dll
0x00007ffe05cd0000 - 0x00007ffe05e2e000 	C:\WINDOWS\System32\CRYPT32.dll
0x00007ffe04e80000 - 0x00007ffe04ea8000 	C:\WINDOWS\SYSTEM32\ncrypt.dll
0x00007ffe04e40000 - 0x00007ffe04e7b000 	C:\WINDOWS\SYSTEM32\NTASN1.dll
0x00007ffdfff70000 - 0x00007ffdfff77000 	C:\WINDOWS\system32\wshunix.dll

dbghelp: loaded successfully - version: 4.0.5 - missing functions: none
symbol engine: initialized successfully - sym options: 0x614 - pdb path: .;C:\Program Files\Eclipse Adoptium\jdk-17.0.6.10-hotspot\bin;C:\WINDOWS\SYSTEM32;C:\WINDOWS\WinSxS\amd64_microsoft.windows.common-controls_6595b64144ccf1df_6.0.19041.1110_none_60b5254171f9507e;C:\Program Files\Eclipse Adoptium\jdk-17.0.6.10-hotspot\bin\server;C:\Users\songe\.gradle\native\68d5fa5c4cc2d200863cafc0d521ce42e7d3e7ee720ec0a83991735586a16f82\windows-amd64

VM Arguments:
jvm_args: -Xmx64m -Xms64m -Dorg.gradle.appname=gradlew 
java_command: org.gradle.wrapper.GradleWrapperMain app:installDebug -PreactNativeDevServerPort=8081
java_class_path (initial): C:\Users\songe\Development\react-native\proficient\android\\gradle\wrapper\gradle-wrapper.jar
Launcher Type: SUN_STANDARD

[Global flags]
     intx CICompilerCount                          = 3                                         {product} {ergonomic}
     uint ConcGCThreads                            = 1                                         {product} {ergonomic}
     uint G1ConcRefinementThreads                  = 4                                         {product} {ergonomic}
   size_t G1HeapRegionSize                         = 1048576                                   {product} {ergonomic}
    uintx GCDrainStackTargetSize                   = 64                                        {product} {ergonomic}
   size_t InitialHeapSize                          = 67108864                                  {product} {command line}
   size_t MarkStackSize                            = 4194304                                   {product} {ergonomic}
   size_t MaxHeapSize                              = 67108864                                  {product} {command line}
   size_t MaxNewSize                               = 39845888                                  {product} {ergonomic}
   size_t MinHeapDeltaBytes                        = 1048576                                   {product} {ergonomic}
   size_t MinHeapSize                              = 67108864                                  {product} {command line}
    uintx NonNMethodCodeHeapSize                   = 5832780                                {pd product} {ergonomic}
    uintx NonProfiledCodeHeapSize                  = 122912730                              {pd product} {ergonomic}
    uintx ProfiledCodeHeapSize                     = 122912730                              {pd product} {ergonomic}
    uintx ReservedCodeCacheSize                    = 251658240                              {pd product} {ergonomic}
     bool SegmentedCodeCache                       = true                                      {product} {ergonomic}
   size_t SoftMaxHeapSize                          = 67108864                               {manageable} {ergonomic}
     bool UseCompressedClassPointers               = true                           {product lp64_product} {ergonomic}
     bool UseCompressedOops                        = true                           {product lp64_product} {ergonomic}
     bool UseG1GC                                  = true                                      {product} {ergonomic}
     bool UseLargePagesIndividualAllocation        = false                                  {pd product} {ergonomic}

Logging:
Log output configuration:
 #0: stdout all=warning uptime,level,tags
 #1: stderr all=off uptime,level,tags

Environment Variables:
JAVA_HOME=C:\Program Files\Eclipse Adoptium\jdk-17.0.6.10-hotspot
CLASSPATH=C:\Users\songe\Development\react-native\proficient\android\\gradle\wrapper\gradle-wrapper.jar
PATH=C:\Users\songe\Development\react-native\proficient\node_modules\.bin;C:\Users\songe\Development\react-native\proficient\node_modules\.bin;C:\Users\songe\Development\react-native\node_modules\.bin;C:\Users\songe\Development\node_modules\.bin;C:\Users\songe\node_modules\.bin;C:\Users\node_modules\.bin;C:\node_modules\.bin;C:\Program Files\nodejs\node_modules\npm\node_modules\@npmcli\run-script\lib\node-gyp-bin;C:\Users\songe\Development\react-native\proficient\node_modules\.bin;C:\Users\songe\Development\react-native\node_modules\.bin;C:\Users\songe\Development\node_modules\.bin;C:\Users\songe\node_modules\.bin;C:\Users\node_modules\.bin;C:\node_modules\.bin;C:\Program Files\nodejs\node_modules\npm\node_modules\@npmcli\run-script\lib\node-gyp-bin;C:\Users\songe\Development\react-native\proficient\node_modules\.bin;C:\Users\songe\Development\react-native\node_modules\.bin;C:\Users\songe\Development\node_modules\.bin;C:\Users\songe\node_modules\.bin;C:\Users\node_modules\.bin;C:\node_modules\.bin;C:\Program Files\nodejs\node_modules\npm\node_modules\@npmcli\run-script\lib\node-gyp-bin;C:\Users\songe\bin;C:\Program Files\Git\mingw64\bin;C:\Program Files\Git\usr\local\bin;C:\Program Files\Git\usr\bin;C:\Program Files\Git\usr\bin;C:\Program Files\Git\mingw64\bin;C:\Program Files\Git\usr\bin;C:\Users\songe\bin;C:\Program Files\Eclipse Adoptium\jdk-17.0.6.10-hotspot\bin;C:\Program Files (x86)\Intel\Intel(R) Management Engine Components\iCLS;C:\Program Files\Intel\Intel(R) Management Engine Components\iCLS;C:\Windows\system32;C:\Windows;C:\Windows\System32\Wbem;C:\Windows\System32\WindowsPowerShell\v1.0;C:\Program Files (x86)\NVIDIA Corporation\PhysX\Common;C:\Program Files (x86)\Intel\Intel(R) Management Engine Components\DAL;C:\Program Files\Intel\Intel(R) Management Engine Components\DAL;C:\Program Files (x86)\Intel\Intel(R) Management Engine Components\IPT;C:\Program Files\Intel\Intel(R) Management Engine Components\IPT;C:\Program Files\Intel\WiFi\bin;C:\Program Files\C
USERNAME=songe
SHELL=C:\Program Files\Git\usr\bin\bash.exe
DISPLAY=needs-to-be-defined
LANG=en_US.UTF-8
TERM=xterm-256color
TMPDIR=C:\Users\songe\AppData\Local\Temp
OS=Windows_NT
PROCESSOR_IDENTIFIER=Intel64 Family 6 Model 142 Stepping 9, GenuineIntel
TMP=C:\Users\songe\AppData\Local\Temp
TEMP=C:\Users\songe\AppData\Local\Temp



---------------  S Y S T E M  ---------------

OS:
 Windows 10 , 64 bit Build 19041 (10.0.19041.3155)
OS uptime: 0 days 22:28 hours

CPU: total 4 (initial active 4) (2 cores per cpu, 2 threads per core) family 6 model 142 stepping 9 microcode 0xf0, cx8, cmov, fxsr, ht, mmx, 3dnowpref, sse, sse2, sse3, ssse3, sse4.1, sse4.2, popcnt, lzcnt, tsc, tscinvbit, avx, avx2, aes, erms, clmul, bmi1, bmi2, adx, fma, vzeroupper, clflush, clflushopt

Memory: 4k page, system-wide physical 8089M (579M free)
TotalPageFile size 11089M (AvailPageFile size 0M)
current process WorkingSet (physical memory assigned to process): 80M, peak: 91M
current process commit charge ("private bytes"): 154M, peak: 166M

vm_info: OpenJDK 64-Bit Server VM (17.0.6+10) for windows-amd64 JRE (17.0.6+10), built on Jan 18 2023 10:08:59 by "temurin" with MS VC++ 16.7 (VS2019)

END.
