#
# There is insufficient memory for the Java Runtime Environment to continue.
# Native memory allocation (malloc) failed to allocate 334592 bytes for Chunk::new
# Possible reasons:
#   The system is out of physical RAM or swap space
#   The process is running with CompressedOops enabled, and the Java Heap may be blocking the growth of the native heap
# Possible solutions:
#   Reduce memory load on the system
#   Increase physical memory or swap space
#   Check if swap backing store is full
#   Decrease Java heap size (-Xmx/-Xms)
#   Decrease number of Java threads
#   Decrease Java thread stack sizes (-Xss)
#   Set larger code cache with -XX:ReservedCodeCacheSize=
#   JVM is running with Unscaled Compressed Oops mode in which the Java heap is
#     placed in the first 4GB address space. The Java Heap base address is the
#     maximum limit for the native heap growth. Please use -XX:HeapBaseMinAddress
#     to set the Java Heap base and to place the Java Heap above 4GB virtual address.
# This output file may be truncated or incomplete.
#
#  Out of Memory Error (arena.cpp:189), pid=16496, tid=10856
#
# JRE version: OpenJDK Runtime Environment Temurin-17.0.6+10 (17.0.6+10) (build 17.0.6+10)
# Java VM: OpenJDK 64-Bit Server VM Temurin-17.0.6+10 (17.0.6+10, mixed mode, sharing, tiered, compressed oops, compressed class ptrs, g1 gc, windows-amd64)
# No core dump will be written. Minidumps are not enabled by default on client versions of Windows
#

---------------  S U M M A R Y ------------

Command Line: -Xmx64m -Xms64m -Dorg.gradle.appname=gradlew org.gradle.wrapper.GradleWrapperMain tasks

Host: Intel(R) Core(TM) i7-7500U CPU @ 2.70GHz, 4 cores, 7G,  Windows 10 , 64 bit Build 19041 (10.0.19041.3155)
Time: Wed Jul 12 18:57:04 2023 South Africa Standard Time elapsed time: 0.343222 seconds (0d 0h 0m 0s)

---------------  T H R E A D  ---------------

Current thread (0x00000212794edce0):  JavaThread "C2 CompilerThread0" daemon [_thread_in_native, id=10856, stack(0x000000db1b000000,0x000000db1b100000)]


Current CompileTask:
C2:    343  462       4       java.util.HashMap::putVal (300 bytes)

Stack: [0x000000db1b000000,0x000000db1b100000]
Native frames: (J=compiled Java code, j=interpreted, Vv=VM code, C=native code)
V  [jvm.dll+0x67741a]
V  [jvm.dll+0x834434]
V  [jvm.dll+0x835bde]
V  [jvm.dll+0x836243]
V  [jvm.dll+0x2457b5]
V  [jvm.dll+0xabafc]
V  [jvm.dll+0xac0cc]
V  [jvm.dll+0x3634e7]
V  [jvm.dll+0x32dda1]
V  [jvm.dll+0x32d24a]
V  [jvm.dll+0x2185f1]
V  [jvm.dll+0x217a11]
V  [jvm.dll+0x1a3d0d]
V  [jvm.dll+0x22742a]
V  [jvm.dll+0x225565]
V  [jvm.dll+0x7ea2cb]
V  [jvm.dll+0x7e483a]
V  [jvm.dll+0x6762c5]
C  [ucrtbase.dll+0x21bb2]
C  [KERNEL32.DLL+0x17614]
C  [ntdll.dll+0x526b1]


---------------  P R O C E S S  ---------------

Threads class SMR info:
_java_thread_list=0x000002127a049cf0, length=13, elements={
0x000002126f3a6c20, 0x00000212794ccfb0, 0x00000212794cde20, 0x00000212794e45b0,
0x00000212794e5070, 0x00000212794e7b30, 0x00000212794e84e0, 0x00000212794edce0,
0x00000212794f06e0, 0x00000212794f94f0, 0x000002127a043b20, 0x000002127a04e840,
0x000002127a2216e0
}

Java Threads: ( => current thread )
  0x000002126f3a6c20 JavaThread "main" [_thread_in_vm, id=16312, stack(0x000000db1a300000,0x000000db1a400000)]
  0x00000212794ccfb0 JavaThread "Reference Handler" daemon [_thread_blocked, id=7876, stack(0x000000db1aa00000,0x000000db1ab00000)]
  0x00000212794cde20 JavaThread "Finalizer" daemon [_thread_blocked, id=7256, stack(0x000000db1ab00000,0x000000db1ac00000)]
  0x00000212794e45b0 JavaThread "Signal Dispatcher" daemon [_thread_blocked, id=9424, stack(0x000000db1ac00000,0x000000db1ad00000)]
  0x00000212794e5070 JavaThread "Attach Listener" daemon [_thread_blocked, id=10020, stack(0x000000db1ad00000,0x000000db1ae00000)]
  0x00000212794e7b30 JavaThread "Service Thread" daemon [_thread_blocked, id=1952, stack(0x000000db1ae00000,0x000000db1af00000)]
  0x00000212794e84e0 JavaThread "Monitor Deflation Thread" daemon [_thread_blocked, id=11560, stack(0x000000db1af00000,0x000000db1b000000)]
=>0x00000212794edce0 JavaThread "C2 CompilerThread0" daemon [_thread_in_native, id=10856, stack(0x000000db1b000000,0x000000db1b100000)]
  0x00000212794f06e0 JavaThread "C1 CompilerThread0" daemon [_thread_in_vm, id=13572, stack(0x000000db1b100000,0x000000db1b200000)]
  0x00000212794f94f0 JavaThread "Sweeper thread" daemon [_thread_blocked, id=6960, stack(0x000000db1b200000,0x000000db1b300000)]
  0x000002127a043b20 JavaThread "Notification Thread" daemon [_thread_blocked, id=8604, stack(0x000000db1b300000,0x000000db1b400000)]
  0x000002127a04e840 JavaThread "Common-Cleaner" daemon [_thread_blocked, id=3800, stack(0x000000db1b500000,0x000000db1b600000)]
  0x000002127a2216e0 JavaThread "C2 CompilerThread1" daemon [_thread_in_native, id=14752, stack(0x000000db1b600000,0x000000db1b700000)]

Other Threads:
  0x00000212794c7fa0 VMThread "VM Thread" [stack: 0x000000db1a900000,0x000000db1aa00000] [id=13532]
  0x000002126f3d47b0 WatcherThread [stack: 0x000000db1b400000,0x000000db1b500000] [id=16392]
  0x000002126f3c5eb0 GCTaskThread "GC Thread#0" [stack: 0x000000db1a400000,0x000000db1a500000] [id=17096]
  0x000002126f3c75f0 ConcurrentGCThread "G1 Main Marker" [stack: 0x000000db1a500000,0x000000db1a600000] [id=17004]
  0x000002126f3c87a0 ConcurrentGCThread "G1 Conc#0" [stack: 0x000000db1a600000,0x000000db1a700000] [id=6052]
  0x000002126f418fb0 ConcurrentGCThread "G1 Refine#0" [stack: 0x000000db1a700000,0x000000db1a800000] [id=7696]
  0x000002126f4199d0 ConcurrentGCThread "G1 Service" [stack: 0x000000db1a800000,0x000000db1a900000] [id=14180]

Threads with active compile tasks:
C2 CompilerThread0      372  462       4       java.util.HashMap::putVal (300 bytes)
C1 CompilerThread0      372  495   !   3       java.util.zip.ZipFile$Source::checkAndAddEntry (209 bytes)
C2 CompilerThread1      372  463       4       java.util.HashMap::put (13 bytes)

VM state: not at safepoint (normal execution)

VM Mutex/Monitor currently owned by a thread: None

Heap address: 0x00000000fc000000, size: 64 MB, Compressed Oops mode: 32-bit

CDS archive(s) mapped at: [0x0000000800000000-0x0000000800bc0000-0x0000000800bc0000), size 12320768, SharedBaseAddress: 0x0000000800000000, ArchiveRelocationMode: 0.
Compressed class space mapped at: 0x0000000800c00000-0x0000000840c00000, reserved size: 1073741824
Narrow klass base: 0x0000000800000000, Narrow klass shift: 0, Narrow klass range: 0x100000000

GC Precious Log:
 CPUs: 4 total, 4 available
 Memory: 8089M
 Large Page Support: Disabled
 NUMA Support: Disabled
 Compressed Oops: Enabled (32-bit)
 Heap Region Size: 1M
 Heap Min Capacity: 64M
 Heap Initial Capacity: 64M
 Heap Max Capacity: 64M
 Pre-touch: Disabled
 Parallel Workers: 4
 Concurrent Workers: 1
 Concurrent Refinement Workers: 4
 Periodic GC: Disabled

Heap:
 garbage-first heap   total 65536K, used 10240K [0x00000000fc000000, 0x0000000100000000)
  region size 1024K, 12 young (12288K), 0 survivors (0K)
 Metaspace       used 1682K, committed 1792K, reserved 1056768K
  class space    used 154K, committed 192K, reserved 1048576K

Heap Regions: E=young(eden), S=young(survivor), O=old, HS=humongous(starts), HC=humongous(continues), CS=collection set, F=free, OA=open archive, CA=closed archive, TAMS=top-at-mark-start (previous, next)
|   0|0x00000000fc000000, 0x00000000fc000000, 0x00000000fc100000|  0%| F|  |TAMS 0x00000000fc000000, 0x00000000fc000000| Untracked 
|   1|0x00000000fc100000, 0x00000000fc100000, 0x00000000fc200000|  0%| F|  |TAMS 0x00000000fc100000, 0x00000000fc100000| Untracked 
|   2|0x00000000fc200000, 0x00000000fc200000, 0x00000000fc300000|  0%| F|  |TAMS 0x00000000fc200000, 0x00000000fc200000| Untracked 
|   3|0x00000000fc300000, 0x00000000fc300000, 0x00000000fc400000|  0%| F|  |TAMS 0x00000000fc300000, 0x00000000fc300000| Untracked 
|   4|0x00000000fc400000, 0x00000000fc400000, 0x00000000fc500000|  0%| F|  |TAMS 0x00000000fc400000, 0x00000000fc400000| Untracked 
|   5|0x00000000fc500000, 0x00000000fc500000, 0x00000000fc600000|  0%| F|  |TAMS 0x00000000fc500000, 0x00000000fc500000| Untracked 
|   6|0x00000000fc600000, 0x00000000fc600000, 0x00000000fc700000|  0%| F|  |TAMS 0x00000000fc600000, 0x00000000fc600000| Untracked 
|   7|0x00000000fc700000, 0x00000000fc700000, 0x00000000fc800000|  0%| F|  |TAMS 0x00000000fc700000, 0x00000000fc700000| Untracked 
|   8|0x00000000fc800000, 0x00000000fc800000, 0x00000000fc900000|  0%| F|  |TAMS 0x00000000fc800000, 0x00000000fc800000| Untracked 
|   9|0x00000000fc900000, 0x00000000fc900000, 0x00000000fca00000|  0%| F|  |TAMS 0x00000000fc900000, 0x00000000fc900000| Untracked 
|  10|0x00000000fca00000, 0x00000000fca00000, 0x00000000fcb00000|  0%| F|  |TAMS 0x00000000fca00000, 0x00000000fca00000| Untracked 
|  11|0x00000000fcb00000, 0x00000000fcb00000, 0x00000000fcc00000|  0%| F|  |TAMS 0x00000000fcb00000, 0x00000000fcb00000| Untracked 
|  12|0x00000000fcc00000, 0x00000000fcc00000, 0x00000000fcd00000|  0%| F|  |TAMS 0x00000000fcc00000, 0x00000000fcc00000| Untracked 
|  13|0x00000000fcd00000, 0x00000000fcd00000, 0x00000000fce00000|  0%| F|  |TAMS 0x00000000fcd00000, 0x00000000fcd00000| Untracked 
|  14|0x00000000fce00000, 0x00000000fce00000, 0x00000000fcf00000|  0%| F|  |TAMS 0x00000000fce00000, 0x00000000fce00000| Untracked 
|  15|0x00000000fcf00000, 0x00000000fcf00000, 0x00000000fd000000|  0%| F|  |TAMS 0x00000000fcf00000, 0x00000000fcf00000| Untracked 
|  16|0x00000000fd000000, 0x00000000fd000000, 0x00000000fd100000|  0%| F|  |TAMS 0x00000000fd000000, 0x00000000fd000000| Untracked 
|  17|0x00000000fd100000, 0x00000000fd100000, 0x00000000fd200000|  0%| F|  |TAMS 0x00000000fd100000, 0x00000000fd100000| Untracked 
|  18|0x00000000fd200000, 0x00000000fd200000, 0x00000000fd300000|  0%| F|  |TAMS 0x00000000fd200000, 0x00000000fd200000| Untracked 
|  19|0x00000000fd300000, 0x00000000fd300000, 0x00000000fd400000|  0%| F|  |TAMS 0x00000000fd300000, 0x00000000fd300000| Untracked 
|  20|0x00000000fd400000, 0x00000000fd400000, 0x00000000fd500000|  0%| F|  |TAMS 0x00000000fd400000, 0x00000000fd400000| Untracked 
|  21|0x00000000fd500000, 0x00000000fd500000, 0x00000000fd600000|  0%| F|  |TAMS 0x00000000fd500000, 0x00000000fd500000| Untracked 
|  22|0x00000000fd600000, 0x00000000fd600000, 0x00000000fd700000|  0%| F|  |TAMS 0x00000000fd600000, 0x00000000fd600000| Untracked 
|  23|0x00000000fd700000, 0x00000000fd700000, 0x00000000fd800000|  0%| F|  |TAMS 0x00000000fd700000, 0x00000000fd700000| Untracked 
|  24|0x00000000fd800000, 0x00000000fd800000, 0x00000000fd900000|  0%| F|  |TAMS 0x00000000fd800000, 0x00000000fd800000| Untracked 
|  25|0x00000000fd900000, 0x00000000fd900000, 0x00000000fda00000|  0%| F|  |TAMS 0x00000000fd900000, 0x00000000fd900000| Untracked 
|  26|0x00000000fda00000, 0x00000000fda00000, 0x00000000fdb00000|  0%| F|  |TAMS 0x00000000fda00000, 0x00000000fda00000| Untracked 
|  27|0x00000000fdb00000, 0x00000000fdb00000, 0x00000000fdc00000|  0%| F|  |TAMS 0x00000000fdb00000, 0x00000000fdb00000| Untracked 
|  28|0x00000000fdc00000, 0x00000000fdc00000, 0x00000000fdd00000|  0%| F|  |TAMS 0x00000000fdc00000, 0x00000000fdc00000| Untracked 
|  29|0x00000000fdd00000, 0x00000000fdd00000, 0x00000000fde00000|  0%| F|  |TAMS 0x00000000fdd00000, 0x00000000fdd00000| Untracked 
|  30|0x00000000fde00000, 0x00000000fde00000, 0x00000000fdf00000|  0%| F|  |TAMS 0x00000000fde00000, 0x00000000fde00000| Untracked 
|  31|0x00000000fdf00000, 0x00000000fdf00000, 0x00000000fe000000|  0%| F|  |TAMS 0x00000000fdf00000, 0x00000000fdf00000| Untracked 
|  32|0x00000000fe000000, 0x00000000fe000000, 0x00000000fe100000|  0%| F|  |TAMS 0x00000000fe000000, 0x00000000fe000000| Untracked 
|  33|0x00000000fe100000, 0x00000000fe100000, 0x00000000fe200000|  0%| F|  |TAMS 0x00000000fe100000, 0x00000000fe100000| Untracked 
|  34|0x00000000fe200000, 0x00000000fe200000, 0x00000000fe300000|  0%| F|  |TAMS 0x00000000fe200000, 0x00000000fe200000| Untracked 
|  35|0x00000000fe300000, 0x00000000fe300000, 0x00000000fe400000|  0%| F|  |TAMS 0x00000000fe300000, 0x00000000fe300000| Untracked 
|  36|0x00000000fe400000, 0x00000000fe400000, 0x00000000fe500000|  0%| F|  |TAMS 0x00000000fe400000, 0x00000000fe400000| Untracked 
|  37|0x00000000fe500000, 0x00000000fe500000, 0x00000000fe600000|  0%| F|  |TAMS 0x00000000fe500000, 0x00000000fe500000| Untracked 
|  38|0x00000000fe600000, 0x00000000fe600000, 0x00000000fe700000|  0%| F|  |TAMS 0x00000000fe600000, 0x00000000fe600000| Untracked 
|  39|0x00000000fe700000, 0x00000000fe700000, 0x00000000fe800000|  0%| F|  |TAMS 0x00000000fe700000, 0x00000000fe700000| Untracked 
|  40|0x00000000fe800000, 0x00000000fe800000, 0x00000000fe900000|  0%| F|  |TAMS 0x00000000fe800000, 0x00000000fe800000| Untracked 
|  41|0x00000000fe900000, 0x00000000fe900000, 0x00000000fea00000|  0%| F|  |TAMS 0x00000000fe900000, 0x00000000fe900000| Untracked 
|  42|0x00000000fea00000, 0x00000000fea00000, 0x00000000feb00000|  0%| F|  |TAMS 0x00000000fea00000, 0x00000000fea00000| Untracked 
|  43|0x00000000feb00000, 0x00000000feb00000, 0x00000000fec00000|  0%| F|  |TAMS 0x00000000feb00000, 0x00000000feb00000| Untracked 
|  44|0x00000000fec00000, 0x00000000fec00000, 0x00000000fed00000|  0%| F|  |TAMS 0x00000000fec00000, 0x00000000fec00000| Untracked 
|  45|0x00000000fed00000, 0x00000000fed00000, 0x00000000fee00000|  0%| F|  |TAMS 0x00000000fed00000, 0x00000000fed00000| Untracked 
|  46|0x00000000fee00000, 0x00000000fee00000, 0x00000000fef00000|  0%| F|  |TAMS 0x00000000fee00000, 0x00000000fee00000| Untracked 
|  47|0x00000000fef00000, 0x00000000fef00000, 0x00000000ff000000|  0%| F|  |TAMS 0x00000000fef00000, 0x00000000fef00000| Untracked 
|  48|0x00000000ff000000, 0x00000000ff000000, 0x00000000ff100000|  0%| F|  |TAMS 0x00000000ff000000, 0x00000000ff000000| Untracked 
|  49|0x00000000ff100000, 0x00000000ff100000, 0x00000000ff200000|  0%| F|  |TAMS 0x00000000ff100000, 0x00000000ff100000| Untracked 
|  50|0x00000000ff200000, 0x00000000ff200000, 0x00000000ff300000|  0%| F|  |TAMS 0x00000000ff200000, 0x00000000ff200000| Untracked 
|  51|0x00000000ff300000, 0x00000000ff300000, 0x00000000ff400000|  0%| F|  |TAMS 0x00000000ff300000, 0x00000000ff300000| Untracked 
|  52|0x00000000ff400000, 0x00000000ff41e588, 0x00000000ff500000| 11%| E|  |TAMS 0x00000000ff400000, 0x00000000ff400000| Complete 
|  53|0x00000000ff500000, 0x00000000ff600000, 0x00000000ff600000|100%| E|CS|TAMS 0x00000000ff500000, 0x00000000ff500000| Complete 
|  54|0x00000000ff600000, 0x00000000ff700000, 0x00000000ff700000|100%| E|CS|TAMS 0x00000000ff600000, 0x00000000ff600000| Complete 
|  55|0x00000000ff700000, 0x00000000ff800000, 0x00000000ff800000|100%| E|CS|TAMS 0x00000000ff700000, 0x00000000ff700000| Complete 
|  56|0x00000000ff800000, 0x00000000ff900000, 0x00000000ff900000|100%| E|CS|TAMS 0x00000000ff800000, 0x00000000ff800000| Complete 
|  57|0x00000000ff900000, 0x00000000ffa00000, 0x00000000ffa00000|100%| E|CS|TAMS 0x00000000ff900000, 0x00000000ff900000| Complete 
|  58|0x00000000ffa00000, 0x00000000ffb00000, 0x00000000ffb00000|100%| E|CS|TAMS 0x00000000ffa00000, 0x00000000ffa00000| Complete 
|  59|0x00000000ffb00000, 0x00000000ffc00000, 0x00000000ffc00000|100%| E|CS|TAMS 0x00000000ffb00000, 0x00000000ffb00000| Complete 
|  60|0x00000000ffc00000, 0x00000000ffd00000, 0x00000000ffd00000|100%| E|CS|TAMS 0x00000000ffc00000, 0x00000000ffc00000| Complete 
|  61|0x00000000ffd00000, 0x00000000ffe00000, 0x00000000ffe00000|100%| E|  |TAMS 0x00000000ffd00000, 0x00000000ffd00000| Complete 
|  62|0x00000000ffe00000, 0x00000000fff00000, 0x00000000fff00000|100%| E|CS|TAMS 0x00000000ffe00000, 0x00000000ffe00000| Complete 
|  63|0x00000000fff00000, 0x0000000100000000, 0x0000000100000000|100%| E|CS|TAMS 0x00000000fff00000, 0x00000000fff00000| Complete 

Card table byte_map: [0x000002126d250000,0x000002126d270000] _byte_map_base: 0x000002126ca70000

Marking Bits (Prev, Next): (CMBitMap*) 0x000002126f3c64c0, (CMBitMap*) 0x000002126f3c6500
 Prev Bits: [0x000002126f190000, 0x000002126f290000)
 Next Bits: [0x0000021276e90000, 0x0000021276f90000)

Polling page: 0x000002126d200000

Metaspace:

Usage:
  Non-class:      1.49 MB used.
      Class:    154.99 KB used.
       Both:      1.64 MB used.

Virtual space:
  Non-class space:        8.00 MB reserved,       1.56 MB ( 20%) committed,  1 nodes.
      Class space:        1.00 GB reserved,     192.00 KB ( <1%) committed,  1 nodes.
             Both:        1.01 GB reserved,       1.75 MB ( <1%) committed. 

Chunk freelists:
   Non-Class:  3.69 MB
       Class:  3.69 MB
        Both:  7.38 MB

MaxMetaspaceSize: unlimited
CompressedClassSpaceSize: 1.00 GB
Initial GC threshold: 21.00 MB
Current GC threshold: 21.00 MB
CDS: on
MetaspaceReclaimPolicy: balanced
 - commit_granule_bytes: 65536.
 - commit_granule_words: 8192.
 - virtual_space_node_default_size: 1048576.
 - enlarge_chunks_in_place: 1.
 - new_chunks_are_fully_committed: 0.
 - uncommit_free_chunks: 1.
 - use_allocation_guard: 0.
 - handle_deallocations: 1.


Internal statistics:

num_allocs_failed_limit: 0.
num_arena_births: 12.
num_arena_deaths: 0.
num_vsnodes_births: 2.
num_vsnodes_deaths: 0.
num_space_committed: 28.
num_space_uncommitted: 0.
num_chunks_returned_to_freelist: 0.
num_chunks_taken_from_freelist: 42.
num_chunk_merges: 0.
num_chunk_splits: 19.
num_chunks_enlarged: 17.
num_purges: 0.
num_inconsistent_stats: 0.

CodeHeap 'non-profiled nmethods': size=120000Kb used=154Kb max_used=154Kb free=119845Kb
 bounds [0x0000021207ad0000, 0x0000021207d40000, 0x000002120f000000]
CodeHeap 'profiled nmethods': size=120000Kb used=790Kb max_used=790Kb free=119209Kb
 bounds [0x0000021200000000, 0x0000021200270000, 0x0000021207530000]
CodeHeap 'non-nmethods': size=5760Kb used=1120Kb max_used=1137Kb free=4639Kb
 bounds [0x0000021207530000, 0x00000212077a0000, 0x0000021207ad0000]
 total_blobs=894 nmethods=492 adapters=315
 compilation: enabled
              stopped_count=0, restarted_count=0
 full_count=0

Compilation events (20 events):
Event: 0.330 Thread 0x000002127a2216e0  463       4       java.util.HashMap::put (13 bytes)
Event: 0.332 Thread 0x00000212794f06e0  465       3       java.util.Optional::orElse (16 bytes)
Event: 0.332 Thread 0x00000212794f06e0 nmethod 465 0x00000212000b8210 code [0x00000212000b83a0, 0x00000212000b8518]
Event: 0.333 Thread 0x00000212794f06e0  467       1       java.nio.Buffer::limit (5 bytes)
Event: 0.333 Thread 0x00000212794f06e0 nmethod 467 0x0000021207af4910 code [0x0000021207af4aa0, 0x0000021207af4b78]
Event: 0.333 Thread 0x00000212794f06e0  468   !   3       java.nio.DirectByteBuffer::get (34 bytes)
Event: 0.334 Thread 0x00000212794f06e0 nmethod 468 0x00000212000b8590 code [0x00000212000b87c0, 0x00000212000b9018]
Event: 0.334 Thread 0x00000212794f06e0  470       3       java.nio.DirectByteBuffer::ix (10 bytes)
Event: 0.334 Thread 0x00000212794f06e0 nmethod 470 0x00000212000b9490 code [0x00000212000b9620, 0x00000212000b9738]
Event: 0.335 Thread 0x00000212794f06e0  471       3       jdk.internal.jimage.ImageStringsReader::unmaskedHashCode (166 bytes)
Event: 0.336 Thread 0x00000212794f06e0 nmethod 471 0x00000212000b9810 code [0x00000212000b9a60, 0x00000212000ba658]
Event: 0.336 Thread 0x00000212794f06e0  472       3       java.util.zip.ZipCoder::hash (36 bytes)
Event: 0.337 Thread 0x00000212794f06e0 nmethod 472 0x00000212000bab90 code [0x00000212000bada0, 0x00000212000bb4c8]
Event: 0.337 Thread 0x00000212794f06e0  473       1       java.net.URL::getHost (5 bytes)
Event: 0.338 Thread 0x00000212794f06e0 nmethod 473 0x0000021207af5010 code [0x0000021207af51a0, 0x0000021207af5278]
Event: 0.338 Thread 0x00000212794f06e0  474       3       java.net.URI$Parser::scan (76 bytes)
Event: 0.339 Thread 0x00000212794f06e0 nmethod 474 0x00000212000bb790 code [0x00000212000bb9c0, 0x00000212000bc258]
Event: 0.340 Thread 0x00000212794f06e0  476       1       java.net.URL::getPath (5 bytes)
Event: 0.340 Thread 0x00000212794f06e0 nmethod 476 0x0000021207af5310 code [0x0000021207af54a0, 0x0000021207af5578]
Event: 0.340 Thread 0x00000212794f06e0  477       3       java.net.URI$Parser::at (23 bytes)

GC Heap History (0 events):
No events

Dll operation events (6 events):
Event: 0.008 Loaded shared library C:\Program Files\Eclipse Adoptium\jdk-17.0.6.10-hotspot\bin\java.dll
Event: 0.019 Loaded shared library C:\Program Files\Eclipse Adoptium\jdk-17.0.6.10-hotspot\bin\jsvml.dll
Event: 0.063 Loaded shared library C:\Program Files\Eclipse Adoptium\jdk-17.0.6.10-hotspot\bin\net.dll
Event: 0.065 Loaded shared library C:\Program Files\Eclipse Adoptium\jdk-17.0.6.10-hotspot\bin\nio.dll
Event: 0.069 Loaded shared library C:\Program Files\Eclipse Adoptium\jdk-17.0.6.10-hotspot\bin\zip.dll
Event: 0.331 Loaded shared library C:\Program Files\Eclipse Adoptium\jdk-17.0.6.10-hotspot\bin\jimage.dll

Deoptimization events (20 events):
Event: 0.247 Thread 0x000002126f3a6c20 DEOPT PACKING pc=0x000002120006103e sp=0x000000db1a3fd520
Event: 0.247 Thread 0x000002126f3a6c20 DEOPT UNPACKING pc=0x0000021207587143 sp=0x000000db1a3fc998 mode 0
Event: 0.247 Thread 0x000002126f3a6c20 DEOPT PACKING pc=0x000002120006103e sp=0x000000db1a3fd520
Event: 0.247 Thread 0x000002126f3a6c20 DEOPT UNPACKING pc=0x0000021207587143 sp=0x000000db1a3fc998 mode 0
Event: 0.249 Thread 0x000002126f3a6c20 DEOPT PACKING pc=0x000002120006103e sp=0x000000db1a3fd520
Event: 0.249 Thread 0x000002126f3a6c20 DEOPT UNPACKING pc=0x0000021207587143 sp=0x000000db1a3fc998 mode 0
Event: 0.249 Thread 0x000002126f3a6c20 DEOPT PACKING pc=0x000002120006103e sp=0x000000db1a3fd520
Event: 0.249 Thread 0x000002126f3a6c20 DEOPT UNPACKING pc=0x0000021207587143 sp=0x000000db1a3fc998 mode 0
Event: 0.251 Thread 0x000002126f3a6c20 DEOPT PACKING pc=0x000002120006103e sp=0x000000db1a3fd520
Event: 0.251 Thread 0x000002126f3a6c20 DEOPT UNPACKING pc=0x0000021207587143 sp=0x000000db1a3fc998 mode 0
Event: 0.251 Thread 0x000002126f3a6c20 DEOPT PACKING pc=0x000002120006103e sp=0x000000db1a3fd520
Event: 0.251 Thread 0x000002126f3a6c20 DEOPT UNPACKING pc=0x0000021207587143 sp=0x000000db1a3fc998 mode 0
Event: 0.272 Thread 0x000002126f3a6c20 DEOPT PACKING pc=0x000002120005b862 sp=0x000000db1a3fd4e0
Event: 0.272 Thread 0x000002126f3a6c20 DEOPT UNPACKING pc=0x0000021207587143 sp=0x000000db1a3fc9a0 mode 0
Event: 0.278 Thread 0x000002126f3a6c20 DEOPT PACKING pc=0x000002120005b862 sp=0x000000db1a3fd4e0
Event: 0.278 Thread 0x000002126f3a6c20 DEOPT UNPACKING pc=0x0000021207587143 sp=0x000000db1a3fc9a0 mode 0
Event: 0.278 Thread 0x000002126f3a6c20 DEOPT PACKING pc=0x000002120005b862 sp=0x000000db1a3fd4e0
Event: 0.278 Thread 0x000002126f3a6c20 DEOPT UNPACKING pc=0x0000021207587143 sp=0x000000db1a3fc9a0 mode 0
Event: 0.283 Thread 0x000002126f3a6c20 DEOPT PACKING pc=0x000002120005b862 sp=0x000000db1a3fd3c0
Event: 0.283 Thread 0x000002126f3a6c20 DEOPT UNPACKING pc=0x0000021207587143 sp=0x000000db1a3fc880 mode 0

Classes unloaded (0 events):
No events

Classes redefined (0 events):
No events

Internal exceptions (1 events):
Event: 0.180 Thread 0x000002126f3a6c20 Exception <a 'java/lang/NoSuchMethodError'{0x00000000ffc57c60}: 'int java.lang.invoke.DirectMethodHandle$Holder.invokeStaticInit(java.lang.Object, java.lang.Object)'> (0x00000000ffc57c60) 
thrown [s\src\hotspot\share\interpreter\linkResolver.cpp, line 759]

VM Operations (2 events):
Event: 0.071 Executing VM operation: HandshakeAllThreads
Event: 0.071 Executing VM operation: HandshakeAllThreads done

Events (20 events):
Event: 0.161 loading class java/io/FilePermission$1 done
Event: 0.161 loading class java/io/FilePermissionCollection
Event: 0.161 loading class java/io/FilePermissionCollection done
Event: 0.161 loading class java/util/Vector
Event: 0.161 loading class java/util/Vector done
Event: 0.161 loading class java/io/FilePermissionCollection$1
Event: 0.161 loading class java/io/FilePermissionCollection$1 done
Event: 0.162 loading class sun/security/util/ManifestEntryVerifier
Event: 0.162 loading class sun/security/util/ManifestEntryVerifier done
Event: 0.184 loading class java/net/MalformedURLException
Event: 0.184 loading class java/net/MalformedURLException done
Event: 0.185 loading class java/io/FileFilter
Event: 0.185 loading class java/io/FileFilter done
Event: 0.209 loading class java/util/AbstractList$Itr
Event: 0.209 loading class java/util/AbstractList$Itr done
Event: 0.211 loading class java/util/zip/ZipException
Event: 0.211 loading class java/util/zip/ZipException done
Event: 0.226 loading class java/lang/invoke/DirectMethodHandle$Special
Event: 0.226 loading class java/lang/invoke/DirectMethodHandle$Special done
Event: 0.317 Thread 0x000002127a2216e0 Thread added: 0x000002127a2216e0


Dynamic libraries:
0x00007ff7ce100000 - 0x00007ff7ce10e000 	C:\Program Files\Eclipse Adoptium\jdk-17.0.6.10-hotspot\bin\java.exe
0x00007ff91b930000 - 0x00007ff91bb28000 	C:\WINDOWS\SYSTEM32\ntdll.dll
0x00007ff91a5f0000 - 0x00007ff91a6af000 	C:\WINDOWS\System32\KERNEL32.DLL
0x00007ff9192a0000 - 0x00007ff919596000 	C:\WINDOWS\System32\KERNELBASE.dll
0x00007ff919170000 - 0x00007ff919270000 	C:\WINDOWS\System32\ucrtbase.dll
0x00007ff90dba0000 - 0x00007ff90dbb9000 	C:\Program Files\Eclipse Adoptium\jdk-17.0.6.10-hotspot\bin\VCRUNTIME140.dll
0x00007ff90e490000 - 0x00007ff90e4a7000 	C:\Program Files\Eclipse Adoptium\jdk-17.0.6.10-hotspot\bin\jli.dll
0x00007ff91b100000 - 0x00007ff91b29d000 	C:\WINDOWS\System32\USER32.dll
0x00007ff9196c0000 - 0x00007ff9196e2000 	C:\WINDOWS\System32\win32u.dll
0x00007ff902a30000 - 0x00007ff902cca000 	C:\WINDOWS\WinSxS\amd64_microsoft.windows.common-controls_6595b64144ccf1df_6.0.19041.1110_none_60b5254171f9507e\COMCTL32.dll
0x00007ff919ab0000 - 0x00007ff919adc000 	C:\WINDOWS\System32\GDI32.dll
0x00007ff9195a0000 - 0x00007ff9196b5000 	C:\WINDOWS\System32\gdi32full.dll
0x00007ff91b850000 - 0x00007ff91b8ee000 	C:\WINDOWS\System32\msvcrt.dll
0x00007ff9196f0000 - 0x00007ff91978d000 	C:\WINDOWS\System32\msvcp_win.dll
0x00007ff919af0000 - 0x00007ff919b20000 	C:\WINDOWS\System32\IMM32.DLL
0x00007ff913ad0000 - 0x00007ff913adc000 	C:\Program Files\Eclipse Adoptium\jdk-17.0.6.10-hotspot\bin\vcruntime140_1.dll
0x00007ff8edbe0000 - 0x00007ff8edc71000 	C:\Program Files\Eclipse Adoptium\jdk-17.0.6.10-hotspot\bin\msvcp140.dll
0x00007ff8a00a0000 - 0x00007ff8a0ce7000 	C:\Program Files\Eclipse Adoptium\jdk-17.0.6.10-hotspot\bin\server\jvm.dll
0x00007ff91aef0000 - 0x00007ff91af9f000 	C:\WINDOWS\System32\ADVAPI32.dll
0x00007ff91a1f0000 - 0x00007ff91a28c000 	C:\WINDOWS\System32\sechost.dll
0x00007ff91b5f0000 - 0x00007ff91b716000 	C:\WINDOWS\System32\RPCRT4.dll
0x00007ff915730000 - 0x00007ff91573a000 	C:\WINDOWS\SYSTEM32\VERSION.dll
0x00007ff902950000 - 0x00007ff902977000 	C:\WINDOWS\SYSTEM32\WINMM.dll
0x00007ff901500000 - 0x00007ff901509000 	C:\WINDOWS\SYSTEM32\WSOCK32.dll
0x00007ff91afa0000 - 0x00007ff91b00b000 	C:\WINDOWS\System32\WS2_32.dll
0x00007ff917830000 - 0x00007ff917842000 	C:\WINDOWS\SYSTEM32\kernel.appcore.dll
0x00007ff912cf0000 - 0x00007ff912cfa000 	C:\Program Files\Eclipse Adoptium\jdk-17.0.6.10-hotspot\bin\jimage.dll
0x00007ff917540000 - 0x00007ff917724000 	C:\WINDOWS\SYSTEM32\DBGHELP.DLL
0x00007ff90f220000 - 0x00007ff90f254000 	C:\WINDOWS\SYSTEM32\dbgcore.DLL
0x00007ff919890000 - 0x00007ff919912000 	C:\WINDOWS\System32\bcryptPrimitives.dll
0x00007ff8edbb0000 - 0x00007ff8edbd5000 	C:\Program Files\Eclipse Adoptium\jdk-17.0.6.10-hotspot\bin\java.dll
0x00007ff8edad0000 - 0x00007ff8edba6000 	C:\Program Files\Eclipse Adoptium\jdk-17.0.6.10-hotspot\bin\jsvml.dll
0x00007ff91a6b0000 - 0x00007ff91adf4000 	C:\WINDOWS\System32\SHELL32.dll
0x00007ff916cd0000 - 0x00007ff917464000 	C:\WINDOWS\SYSTEM32\windows.storage.dll
0x00007ff91a290000 - 0x00007ff91a5e4000 	C:\WINDOWS\System32\combase.dll
0x00007ff918a50000 - 0x00007ff918a7e000 	C:\WINDOWS\SYSTEM32\Wldp.dll
0x00007ff91b720000 - 0x00007ff91b7cd000 	C:\WINDOWS\System32\SHCORE.dll
0x00007ff91b7f0000 - 0x00007ff91b845000 	C:\WINDOWS\System32\shlwapi.dll
0x00007ff918f40000 - 0x00007ff918f65000 	C:\WINDOWS\SYSTEM32\profapi.dll
0x00007ff8edab0000 - 0x00007ff8edac9000 	C:\Program Files\Eclipse Adoptium\jdk-17.0.6.10-hotspot\bin\net.dll
0x00007ff90f110000 - 0x00007ff90f21a000 	C:\WINDOWS\SYSTEM32\WINHTTP.dll
0x00007ff9187b0000 - 0x00007ff91881a000 	C:\WINDOWS\system32\mswsock.dll
0x00007ff8eda90000 - 0x00007ff8edaa5000 	C:\Program Files\Eclipse Adoptium\jdk-17.0.6.10-hotspot\bin\nio.dll
0x00007ff8eda70000 - 0x00007ff8eda88000 	C:\Program Files\Eclipse Adoptium\jdk-17.0.6.10-hotspot\bin\zip.dll

dbghelp: loaded successfully - version: 4.0.5 - missing functions: none
symbol engine: initialized successfully - sym options: 0x614 - pdb path: .;C:\Program Files\Eclipse Adoptium\jdk-17.0.6.10-hotspot\bin;C:\WINDOWS\SYSTEM32;C:\WINDOWS\WinSxS\amd64_microsoft.windows.common-controls_6595b64144ccf1df_6.0.19041.1110_none_60b5254171f9507e;C:\Program Files\Eclipse Adoptium\jdk-17.0.6.10-hotspot\bin\server

VM Arguments:
jvm_args: -Xmx64m -Xms64m -Dorg.gradle.appname=gradlew 
java_command: org.gradle.wrapper.GradleWrapperMain tasks
java_class_path (initial): C:\Users\songe\Development\react-native\proficient\android\\gradle\wrapper\gradle-wrapper.jar
Launcher Type: SUN_STANDARD

[Global flags]
     intx CICompilerCount                          = 3                                         {product} {ergonomic}
     uint ConcGCThreads                            = 1                                         {product} {ergonomic}
     uint G1ConcRefinementThreads                  = 4                                         {product} {ergonomic}
   size_t G1HeapRegionSize                         = 1048576                                   {product} {ergonomic}
    uintx GCDrainStackTargetSize                   = 64                                        {product} {ergonomic}
   size_t InitialHeapSize                          = 67108864                                  {product} {command line}
   size_t MarkStackSize                            = 4194304                                   {product} {ergonomic}
   size_t MaxHeapSize                              = 67108864                                  {product} {command line}
   size_t MaxNewSize                               = 39845888                                  {product} {ergonomic}
   size_t MinHeapDeltaBytes                        = 1048576                                   {product} {ergonomic}
   size_t MinHeapSize                              = 67108864                                  {product} {command line}
    uintx NonNMethodCodeHeapSize                   = 5832780                                {pd product} {ergonomic}
    uintx NonProfiledCodeHeapSize                  = 122912730                              {pd product} {ergonomic}
    uintx ProfiledCodeHeapSize                     = 122912730                              {pd product} {ergonomic}
    uintx ReservedCodeCacheSize                    = 251658240                              {pd product} {ergonomic}
     bool SegmentedCodeCache                       = true                                      {product} {ergonomic}
   size_t SoftMaxHeapSize                          = 67108864                               {manageable} {ergonomic}
     bool UseCompressedClassPointers               = true                           {product lp64_product} {ergonomic}
     bool UseCompressedOops                        = true                           {product lp64_product} {ergonomic}
     bool UseG1GC                                  = true                                      {product} {ergonomic}
     bool UseLargePagesIndividualAllocation        = false                                  {pd product} {ergonomic}

Logging:
Log output configuration:
 #0: stdout all=warning uptime,level,tags
 #1: stderr all=off uptime,level,tags

Environment Variables:
JAVA_HOME=C:\Program Files\Eclipse Adoptium\jdk-17.0.6.10-hotspot
CLASSPATH=C:\Users\songe\Development\react-native\proficient\android\\gradle\wrapper\gradle-wrapper.jar
PATH=C:\Users\songe\Development\react-native\proficient\node_modules\.bin;C:\Users\songe\Development\react-native\proficient\node_modules\.bin;C:\Users\songe\Development\react-native\node_modules\.bin;C:\Users\songe\Development\node_modules\.bin;C:\Users\songe\node_modules\.bin;C:\Users\node_modules\.bin;C:\node_modules\.bin;C:\Program Files\nodejs\node_modules\npm\node_modules\@npmcli\run-script\lib\node-gyp-bin;C:\Users\songe\Development\react-native\proficient\node_modules\.bin;C:\Users\songe\Development\react-native\node_modules\.bin;C:\Users\songe\Development\node_modules\.bin;C:\Users\songe\node_modules\.bin;C:\Users\node_modules\.bin;C:\node_modules\.bin;C:\Program Files\nodejs\node_modules\npm\node_modules\@npmcli\run-script\lib\node-gyp-bin;C:\Users\songe\Development\react-native\proficient\node_modules\.bin;C:\Users\songe\Development\react-native\node_modules\.bin;C:\Users\songe\Development\node_modules\.bin;C:\Users\songe\node_modules\.bin;C:\Users\node_modules\.bin;C:\node_modules\.bin;C:\Program Files\nodejs\node_modules\npm\node_modules\@npmcli\run-script\lib\node-gyp-bin;C:\Users\songe\bin;C:\Program Files\Git\mingw64\bin;C:\Program Files\Git\usr\local\bin;C:\Program Files\Git\usr\bin;C:\Program Files\Git\usr\bin;C:\Program Files\Git\mingw64\bin;C:\Program Files\Git\usr\bin;C:\Users\songe\bin;C:\Program Files\Eclipse Adoptium\jdk-17.0.6.10-hotspot\bin;C:\Program Files (x86)\Intel\Intel(R) Management Engine Components\iCLS;C:\Program Files\Intel\Intel(R) Management Engine Components\iCLS;C:\Windows\system32;C:\Windows;C:\Windows\System32\Wbem;C:\Windows\System32\WindowsPowerShell\v1.0;C:\Program Files (x86)\NVIDIA Corporation\PhysX\Common;C:\Program Files (x86)\Intel\Intel(R) Management Engine Components\DAL;C:\Program Files\Intel\Intel(R) Management Engine Components\DAL;C:\Program Files (x86)\Intel\Intel(R) Management Engine Components\IPT;C:\Program Files\Intel\Intel(R) Management Engine Components\IPT;C:\Program Files\Intel\WiFi\bin;C:\Program Files\C
USERNAME=songe
SHELL=C:\Program Files\Git\usr\bin\bash.exe
DISPLAY=needs-to-be-defined
LANG=en_US.UTF-8
TERM=xterm-256color
TMPDIR=C:\Users\songe\AppData\Local\Temp
OS=Windows_NT
PROCESSOR_IDENTIFIER=Intel64 Family 6 Model 142 Stepping 9, GenuineIntel
TMP=C:\Users\songe\AppData\Local\Temp
TEMP=C:\Users\songe\AppData\Local\Temp



---------------  S Y S T E M  ---------------

OS:
 Windows 10 , 64 bit Build 19041 (10.0.19041.3155)
OS uptime: 0 days 1:58 hours

CPU: total 4 (initial active 4) (2 cores per cpu, 2 threads per core) family 6 model 142 stepping 9 microcode 0xf0, cx8, cmov, fxsr, ht, mmx, 3dnowpref, sse, sse2, sse3, ssse3, sse4.1, sse4.2, popcnt, lzcnt, tsc, tscinvbit, avx, avx2, aes, erms, clmul, bmi1, bmi2, adx, fma, vzeroupper, clflush, clflushopt

Memory: 4k page, system-wide physical 8089M (592M free)
TotalPageFile size 11089M (AvailPageFile size 2M)
current process WorkingSet (physical memory assigned to process): 47M, peak: 47M
current process commit charge ("private bytes"): 139M, peak: 140M

vm_info: OpenJDK 64-Bit Server VM (17.0.6+10) for windows-amd64 JRE (17.0.6+10), built on Jan 18 2023 10:08:59 by "temurin" with MS VC++ 16.7 (VS2019)

END.
